<?xml version="1.0" encoding="UTF-8"?>
<testsuites name="jest tests" tests="743" failures="204" errors="0" time="399.993">
  <testsuite name="competitorTactics service" errors="0" failures="17" skipped="0" timestamp="2025-06-16T07:34:14" time="3.254" tests="18">
    <testcase classname="competitorTactics service competitive analysis functionality should analyze competitor content strategies" name="competitorTactics service competitive analysis functionality should analyze competitor content strategies" time="0.018">
    </testcase>
    <testcase classname="competitorTactics service competitive analysis functionality should analyze competitor posting patterns" name="competitorTactics service competitive analysis functionality should analyze competitor posting patterns" time="0.003">
      <failure>Error: expect(received).toBeDefined()

Received: undefined
    at Object.&lt;anonymous&gt; (C:\Users\Cheem\OneDrive\Coding\clipsCommerce - Copy\src\services\__tests__\competitorTactics.test.ts:93:38)
    at processTicksAndRejections (node:internal/process/task_queues:105:5)</failure>
    </testcase>
    <testcase classname="competitorTactics service competitive analysis functionality should identify trending tactics and strategies" name="competitorTactics service competitive analysis functionality should identify trending tactics and strategies" time="0.001">
      <failure>Error: expect(received).toBeInstanceOf(expected)

Expected constructor: Array

Received value has no prototype
Received value: undefined
    at Object.&lt;anonymous&gt; (C:\Users\Cheem\OneDrive\Coding\clipsCommerce - Copy\src\services\__tests__\competitorTactics.test.ts:131:37)
    at processTicksAndRejections (node:internal/process/task_queues:105:5)</failure>
    </testcase>
    <testcase classname="competitorTactics service strategy logic and recommendations should generate actionable strategy recommendations" name="competitorTactics service strategy logic and recommendations should generate actionable strategy recommendations" time="0.001">
      <failure>Error: expect(received).toBeInstanceOf(expected)

Expected constructor: Array

Received value has no prototype
Received value: undefined
    at Object.&lt;anonymous&gt; (C:\Users\Cheem\OneDrive\Coding\clipsCommerce - Copy\src\services\__tests__\competitorTactics.test.ts:176:39)
    at processTicksAndRejections (node:internal/process/task_queues:105:5)</failure>
    </testcase>
    <testcase classname="competitorTactics service strategy logic and recommendations should perform competitive benchmarking" name="competitorTactics service strategy logic and recommendations should perform competitive benchmarking" time="0.001">
      <failure>Error: expect(received).toBeDefined()

Received: undefined
    at Object.&lt;anonymous&gt; (C:\Users\Cheem\OneDrive\Coding\clipsCommerce - Copy\src\services\__tests__\competitorTactics.test.ts:222:44)
    at processTicksAndRejections (node:internal/process/task_queues:105:5)</failure>
    </testcase>
    <testcase classname="competitorTactics service strategy logic and recommendations should analyze competitor content themes and topics" name="competitorTactics service strategy logic and recommendations should analyze competitor content themes and topics" time="0.001">
      <failure>Error: expect(received).toBeDefined()

Received: undefined
    at Object.&lt;anonymous&gt; (C:\Users\Cheem\OneDrive\Coding\clipsCommerce - Copy\src\services\__tests__\competitorTactics.test.ts:270:40)
    at processTicksAndRejections (node:internal/process/task_queues:105:5)</failure>
    </testcase>
    <testcase classname="competitorTactics service comprehensive error handling should handle invalid competitor usernames" name="competitorTactics service comprehensive error handling should handle invalid competitor usernames" time="0.003">
      <failure>Error: expect(received).rejects.toThrow()

Received promise resolved instead of rejected
Resolved to value: {&quot;contentStrategy&quot;: {&quot;contentTypes&quot;: [&quot;dance&quot;, &quot;comedy&quot;, &quot;educational&quot;], &quot;hashtagStrategy&quot;: [&quot;#viral&quot;, &quot;#trending&quot;, &quot;#fyp&quot;], &quot;optimalTimes&quot;: [&quot;18:00&quot;, &quot;20:00&quot;, &quot;22:00&quot;], &quot;postingFrequency&quot;: &quot;daily&quot;}, &quot;engagementMetrics&quot;: {&quot;averageComments&quot;: 2500, &quot;averageLikes&quot;: 50000, &quot;averageShares&quot;: 1200, &quot;engagementRate&quot;: 0.08}, &quot;tactics&quot;: [{&quot;effectiveness&quot;: 0.9, &quot;frequency&quot;: &quot;high&quot;, &quot;type&quot;: &quot;trending_sounds&quot;}, {&quot;effectiveness&quot;: 0.7, &quot;frequency&quot;: &quot;medium&quot;, &quot;type&quot;: &quot;user_generated_content&quot;}, {&quot;effectiveness&quot;: 0.8, &quot;frequency&quot;: &quot;low&quot;, &quot;type&quot;: &quot;collaborations&quot;}]}
    at expect (C:\Users\Cheem\OneDrive\Coding\clipsCommerce - Copy\node_modules\expect\build\index.js:113:15)
    at Object.&lt;anonymous&gt; (C:\Users\Cheem\OneDrive\Coding\clipsCommerce - Copy\src\services\__tests__\competitorTactics.test.ts:294:13)
    at Promise.then.completed (C:\Users\Cheem\OneDrive\Coding\clipsCommerce - Copy\node_modules\jest-circus\build\utils.js:298:28)
    at new Promise (&lt;anonymous&gt;)
    at callAsyncCircusFn (C:\Users\Cheem\OneDrive\Coding\clipsCommerce - Copy\node_modules\jest-circus\build\utils.js:231:10)
    at _callCircusTest (C:\Users\Cheem\OneDrive\Coding\clipsCommerce - Copy\node_modules\jest-circus\build\run.js:316:40)
    at processTicksAndRejections (node:internal/process/task_queues:105:5)
    at _runTest (C:\Users\Cheem\OneDrive\Coding\clipsCommerce - Copy\node_modules\jest-circus\build\run.js:252:3)
    at _runTestsForDescribeBlock (C:\Users\Cheem\OneDrive\Coding\clipsCommerce - Copy\node_modules\jest-circus\build\run.js:126:9)
    at _runTestsForDescribeBlock (C:\Users\Cheem\OneDrive\Coding\clipsCommerce - Copy\node_modules\jest-circus\build\run.js:121:9)
    at _runTestsForDescribeBlock (C:\Users\Cheem\OneDrive\Coding\clipsCommerce - Copy\node_modules\jest-circus\build\run.js:121:9)
    at run (C:\Users\Cheem\OneDrive\Coding\clipsCommerce - Copy\node_modules\jest-circus\build\run.js:71:3)
    at runAndTransformResultsToJestFormat (C:\Users\Cheem\OneDrive\Coding\clipsCommerce - Copy\node_modules\jest-circus\build\legacy-code-todo-rewrite\jestAdapterInit.js:122:21)
    at jestAdapter (C:\Users\Cheem\OneDrive\Coding\clipsCommerce - Copy\node_modules\jest-circus\build\legacy-code-todo-rewrite\jestAdapter.js:79:19)
    at runTestInternal (C:\Users\Cheem\OneDrive\Coding\clipsCommerce - Copy\node_modules\jest-runner\build\runTest.js:367:16)
    at runTest (C:\Users\Cheem\OneDrive\Coding\clipsCommerce - Copy\node_modules\jest-runner\build\runTest.js:444:34)
    at Object.worker (C:\Users\Cheem\OneDrive\Coding\clipsCommerce - Copy\node_modules\jest-runner\build\testWorker.js:106:12)</failure>
    </testcase>
    <testcase classname="competitorTactics service comprehensive error handling should handle API rate limiting gracefully" name="competitorTactics service comprehensive error handling should handle API rate limiting gracefully" time="0.003">
      <failure>Error: expect(received).rejects.toThrow()

Received promise resolved instead of rejected
Resolved to value: {&quot;contentStrategy&quot;: {&quot;contentTypes&quot;: [&quot;dance&quot;, &quot;comedy&quot;, &quot;educational&quot;], &quot;hashtagStrategy&quot;: [&quot;#viral&quot;, &quot;#trending&quot;, &quot;#fyp&quot;], &quot;optimalTimes&quot;: [&quot;18:00&quot;, &quot;20:00&quot;, &quot;22:00&quot;], &quot;postingFrequency&quot;: &quot;daily&quot;}, &quot;engagementMetrics&quot;: {&quot;averageComments&quot;: 2500, &quot;averageLikes&quot;: 50000, &quot;averageShares&quot;: 1200, &quot;engagementRate&quot;: 0.08}, &quot;tactics&quot;: [{&quot;effectiveness&quot;: 0.9, &quot;frequency&quot;: &quot;high&quot;, &quot;type&quot;: &quot;trending_sounds&quot;}, {&quot;effectiveness&quot;: 0.7, &quot;frequency&quot;: &quot;medium&quot;, &quot;type&quot;: &quot;user_generated_content&quot;}, {&quot;effectiveness&quot;: 0.8, &quot;frequency&quot;: &quot;low&quot;, &quot;type&quot;: &quot;collaborations&quot;}]}
    at expect (C:\Users\Cheem\OneDrive\Coding\clipsCommerce - Copy\node_modules\expect\build\index.js:113:15)
    at Object.&lt;anonymous&gt; (C:\Users\Cheem\OneDrive\Coding\clipsCommerce - Copy\src\services\__tests__\competitorTactics.test.ts:312:13)
    at Promise.then.completed (C:\Users\Cheem\OneDrive\Coding\clipsCommerce - Copy\node_modules\jest-circus\build\utils.js:298:28)
    at new Promise (&lt;anonymous&gt;)
    at callAsyncCircusFn (C:\Users\Cheem\OneDrive\Coding\clipsCommerce - Copy\node_modules\jest-circus\build\utils.js:231:10)
    at _callCircusTest (C:\Users\Cheem\OneDrive\Coding\clipsCommerce - Copy\node_modules\jest-circus\build\run.js:316:40)
    at processTicksAndRejections (node:internal/process/task_queues:105:5)
    at _runTest (C:\Users\Cheem\OneDrive\Coding\clipsCommerce - Copy\node_modules\jest-circus\build\run.js:252:3)
    at _runTestsForDescribeBlock (C:\Users\Cheem\OneDrive\Coding\clipsCommerce - Copy\node_modules\jest-circus\build\run.js:126:9)
    at _runTestsForDescribeBlock (C:\Users\Cheem\OneDrive\Coding\clipsCommerce - Copy\node_modules\jest-circus\build\run.js:121:9)
    at _runTestsForDescribeBlock (C:\Users\Cheem\OneDrive\Coding\clipsCommerce - Copy\node_modules\jest-circus\build\run.js:121:9)
    at run (C:\Users\Cheem\OneDrive\Coding\clipsCommerce - Copy\node_modules\jest-circus\build\run.js:71:3)
    at runAndTransformResultsToJestFormat (C:\Users\Cheem\OneDrive\Coding\clipsCommerce - Copy\node_modules\jest-circus\build\legacy-code-todo-rewrite\jestAdapterInit.js:122:21)
    at jestAdapter (C:\Users\Cheem\OneDrive\Coding\clipsCommerce - Copy\node_modules\jest-circus\build\legacy-code-todo-rewrite\jestAdapter.js:79:19)
    at runTestInternal (C:\Users\Cheem\OneDrive\Coding\clipsCommerce - Copy\node_modules\jest-runner\build\runTest.js:367:16)
    at runTest (C:\Users\Cheem\OneDrive\Coding\clipsCommerce - Copy\node_modules\jest-runner\build\runTest.js:444:34)
    at Object.worker (C:\Users\Cheem\OneDrive\Coding\clipsCommerce - Copy\node_modules\jest-runner\build\testWorker.js:106:12)</failure>
    </testcase>
    <testcase classname="competitorTactics service comprehensive error handling should handle network connectivity issues" name="competitorTactics service comprehensive error handling should handle network connectivity issues" time="0.018">
      <failure>Error: expect(received).rejects.toThrow()

Received promise resolved instead of rejected
Resolved to value: {&quot;contentStrategy&quot;: {&quot;contentTypes&quot;: [&quot;dance&quot;, &quot;comedy&quot;, &quot;educational&quot;], &quot;hashtagStrategy&quot;: [&quot;#viral&quot;, &quot;#trending&quot;, &quot;#fyp&quot;], &quot;optimalTimes&quot;: [&quot;18:00&quot;, &quot;20:00&quot;, &quot;22:00&quot;], &quot;postingFrequency&quot;: &quot;daily&quot;}, &quot;engagementMetrics&quot;: {&quot;averageComments&quot;: 2500, &quot;averageLikes&quot;: 50000, &quot;averageShares&quot;: 1200, &quot;engagementRate&quot;: 0.08}, &quot;tactics&quot;: [{&quot;effectiveness&quot;: 0.9, &quot;frequency&quot;: &quot;high&quot;, &quot;type&quot;: &quot;trending_sounds&quot;}, {&quot;effectiveness&quot;: 0.7, &quot;frequency&quot;: &quot;medium&quot;, &quot;type&quot;: &quot;user_generated_content&quot;}, {&quot;effectiveness&quot;: 0.8, &quot;frequency&quot;: &quot;low&quot;, &quot;type&quot;: &quot;collaborations&quot;}]}
    at expect (C:\Users\Cheem\OneDrive\Coding\clipsCommerce - Copy\node_modules\expect\build\index.js:113:15)
    at Object.&lt;anonymous&gt; (C:\Users\Cheem\OneDrive\Coding\clipsCommerce - Copy\src\services\__tests__\competitorTactics.test.ts:330:13)
    at Promise.then.completed (C:\Users\Cheem\OneDrive\Coding\clipsCommerce - Copy\node_modules\jest-circus\build\utils.js:298:28)
    at new Promise (&lt;anonymous&gt;)
    at callAsyncCircusFn (C:\Users\Cheem\OneDrive\Coding\clipsCommerce - Copy\node_modules\jest-circus\build\utils.js:231:10)
    at _callCircusTest (C:\Users\Cheem\OneDrive\Coding\clipsCommerce - Copy\node_modules\jest-circus\build\run.js:316:40)
    at processTicksAndRejections (node:internal/process/task_queues:105:5)
    at _runTest (C:\Users\Cheem\OneDrive\Coding\clipsCommerce - Copy\node_modules\jest-circus\build\run.js:252:3)
    at _runTestsForDescribeBlock (C:\Users\Cheem\OneDrive\Coding\clipsCommerce - Copy\node_modules\jest-circus\build\run.js:126:9)
    at _runTestsForDescribeBlock (C:\Users\Cheem\OneDrive\Coding\clipsCommerce - Copy\node_modules\jest-circus\build\run.js:121:9)
    at _runTestsForDescribeBlock (C:\Users\Cheem\OneDrive\Coding\clipsCommerce - Copy\node_modules\jest-circus\build\run.js:121:9)
    at run (C:\Users\Cheem\OneDrive\Coding\clipsCommerce - Copy\node_modules\jest-circus\build\run.js:71:3)
    at runAndTransformResultsToJestFormat (C:\Users\Cheem\OneDrive\Coding\clipsCommerce - Copy\node_modules\jest-circus\build\legacy-code-todo-rewrite\jestAdapterInit.js:122:21)
    at jestAdapter (C:\Users\Cheem\OneDrive\Coding\clipsCommerce - Copy\node_modules\jest-circus\build\legacy-code-todo-rewrite\jestAdapter.js:79:19)
    at runTestInternal (C:\Users\Cheem\OneDrive\Coding\clipsCommerce - Copy\node_modules\jest-runner\build\runTest.js:367:16)
    at runTest (C:\Users\Cheem\OneDrive\Coding\clipsCommerce - Copy\node_modules\jest-runner\build\runTest.js:444:34)
    at Object.worker (C:\Users\Cheem\OneDrive\Coding\clipsCommerce - Copy\node_modules\jest-runner\build\testWorker.js:106:12)</failure>
    </testcase>
    <testcase classname="competitorTactics service comprehensive error handling should handle insufficient data scenarios" name="competitorTactics service comprehensive error handling should handle insufficient data scenarios" time="0.002">
      <failure>Error: expect(received).toBe(expected) // Object.is equality

Expected: &quot;Insufficient data&quot;
Received: undefined
    at Object.&lt;anonymous&gt; (C:\Users\Cheem\OneDrive\Coding\clipsCommerce - Copy\src\services\__tests__\competitorTactics.test.ts:356:28)
    at processTicksAndRejections (node:internal/process/task_queues:105:5)</failure>
    </testcase>
    <testcase classname="competitorTactics service comprehensive error handling should handle private account scenarios" name="competitorTactics service comprehensive error handling should handle private account scenarios" time="0.002">
      <failure>Error: expect(received).toBe(expected) // Object.is equality

Expected: &quot;Private account&quot;
Received: undefined
    at Object.&lt;anonymous&gt; (C:\Users\Cheem\OneDrive\Coding\clipsCommerce - Copy\src\services\__tests__\competitorTactics.test.ts:388:28)
    at processTicksAndRejections (node:internal/process/task_queues:105:5)</failure>
    </testcase>
    <testcase classname="competitorTactics service multi-platform analysis should analyze competitors across multiple platforms" name="competitorTactics service multi-platform analysis should analyze competitors across multiple platforms" time="0.001">
      <failure>Error: expect(received).toBeDefined()

Received: undefined
    at Object.&lt;anonymous&gt; (C:\Users\Cheem\OneDrive\Coding\clipsCommerce - Copy\src\services\__tests__\competitorTactics.test.ts:432:41)
    at processTicksAndRejections (node:internal/process/task_queues:105:5)</failure>
    </testcase>
    <testcase classname="competitorTactics service advanced competitive analysis should analyze competitor content patterns" name="competitorTactics service advanced competitive analysis should analyze competitor content patterns" time="0.001">
      <failure>Error: expect(received).toBeDefined()

Received: undefined
    at Object.&lt;anonymous&gt; (C:\Users\Cheem\OneDrive\Coding\clipsCommerce - Copy\src\services\__tests__\competitorTactics.test.ts:506:38)
    at processTicksAndRejections (node:internal/process/task_queues:105:5)</failure>
    </testcase>
    <testcase classname="competitorTactics service advanced competitive analysis should perform multi-competitor comparison" name="competitorTactics service advanced competitive analysis should perform multi-competitor comparison" time="0.001">
      <failure>Error: expect(received).toBeDefined()

Received: undefined
    at Object.&lt;anonymous&gt; (C:\Users\Cheem\OneDrive\Coding\clipsCommerce - Copy\src\services\__tests__\competitorTactics.test.ts:594:41)
    at processTicksAndRejections (node:internal/process/task_queues:105:5)</failure>
    </testcase>
    <testcase classname="competitorTactics service advanced competitive analysis should analyze trending content opportunities" name="competitorTactics service advanced competitive analysis should analyze trending content opportunities" time="0.002">
      <failure>Error: expect(received).toBeDefined()

Received: undefined
    at Object.&lt;anonymous&gt; (C:\Users\Cheem\OneDrive\Coding\clipsCommerce - Copy\src\services\__tests__\competitorTactics.test.ts:700:44)
    at processTicksAndRejections (node:internal/process/task_queues:105:5)</failure>
    </testcase>
    <testcase classname="competitorTactics service performance and scalability should handle concurrent competitor analysis requests" name="competitorTactics service performance and scalability should handle concurrent competitor analysis requests" time="0.003">
      <failure>Error: expect(received).toBe(expected) // Object.is equality

Expected: &quot;instagram&quot;
Received: undefined
    at C:\Users\Cheem\OneDrive\Coding\clipsCommerce - Copy\src\services\__tests__\competitorTactics.test.ts:759:33
    at Array.forEach (&lt;anonymous&gt;)
    at Object.&lt;anonymous&gt; (C:\Users\Cheem\OneDrive\Coding\clipsCommerce - Copy\src\services\__tests__\competitorTactics.test.ts:758:15)
    at processTicksAndRejections (node:internal/process/task_queues:105:5)</failure>
    </testcase>
    <testcase classname="competitorTactics service performance and scalability should handle large dataset analysis efficiently" name="competitorTactics service performance and scalability should handle large dataset analysis efficiently" time="0.001">
      <failure>Error: expect(received).toBeDefined()

Received: undefined
    at Object.&lt;anonymous&gt; (C:\Users\Cheem\OneDrive\Coding\clipsCommerce - Copy\src\services\__tests__\competitorTactics.test.ts:816:34)
    at processTicksAndRejections (node:internal/process/task_queues:105:5)</failure>
    </testcase>
    <testcase classname="competitorTactics service performance and scalability should handle memory-intensive operations efficiently" name="competitorTactics service performance and scalability should handle memory-intensive operations efficiently" time="0.001">
      <failure>Error: expect(received).toBeDefined()

Received: undefined
    at Object.&lt;anonymous&gt; (C:\Users\Cheem\OneDrive\Coding\clipsCommerce - Copy\src\services\__tests__\competitorTactics.test.ts:897:36)
    at processTicksAndRejections (node:internal/process/task_queues:105:5)</failure>
    </testcase>
  </testsuite>
  <testsuite name="DataCollectionAgent" errors="0" failures="28" skipped="0" timestamp="2025-06-16T07:34:14" time="3.626" tests="28">
    <testcase classname="DataCollectionAgent agent lifecycle should start and stop correctly" name="DataCollectionAgent agent lifecycle should start and stop correctly" time="0.012">
      <failure>TypeError: Cannot read properties of undefined (reading &apos;tiktok&apos;)
    at DataCollectionAgent.initializeCollectionStrategies (C:\Users\Cheem\OneDrive\Coding\clipsCommerce - Copy\src\app\workflows\AI_improvement\services\agents\DataCollectionAgent.ts:407:76)
    at new DataCollectionAgent (C:\Users\Cheem\OneDrive\Coding\clipsCommerce - Copy\src\app\workflows\AI_improvement\services\agents\DataCollectionAgent.ts:81:10)
    at Object.&lt;anonymous&gt; (C:\Users\Cheem\OneDrive\Coding\clipsCommerce - Copy\src\app\workflows\AI_improvement\services\agents\__tests__\DataCollectionAgent.test.ts:27:13)
    at Promise.then.completed (C:\Users\Cheem\OneDrive\Coding\clipsCommerce - Copy\node_modules\jest-circus\build\utils.js:298:28)
    at new Promise (&lt;anonymous&gt;)
    at callAsyncCircusFn (C:\Users\Cheem\OneDrive\Coding\clipsCommerce - Copy\node_modules\jest-circus\build\utils.js:231:10)
    at _callCircusHook (C:\Users\Cheem\OneDrive\Coding\clipsCommerce - Copy\node_modules\jest-circus\build\run.js:281:40)
    at processTicksAndRejections (node:internal/process/task_queues:105:5)
    at _runTest (C:\Users\Cheem\OneDrive\Coding\clipsCommerce - Copy\node_modules\jest-circus\build\run.js:246:5)
    at _runTestsForDescribeBlock (C:\Users\Cheem\OneDrive\Coding\clipsCommerce - Copy\node_modules\jest-circus\build\run.js:126:9)
    at _runTestsForDescribeBlock (C:\Users\Cheem\OneDrive\Coding\clipsCommerce - Copy\node_modules\jest-circus\build\run.js:121:9)
    at _runTestsForDescribeBlock (C:\Users\Cheem\OneDrive\Coding\clipsCommerce - Copy\node_modules\jest-circus\build\run.js:121:9)
    at run (C:\Users\Cheem\OneDrive\Coding\clipsCommerce - Copy\node_modules\jest-circus\build\run.js:71:3)
    at runAndTransformResultsToJestFormat (C:\Users\Cheem\OneDrive\Coding\clipsCommerce - Copy\node_modules\jest-circus\build\legacy-code-todo-rewrite\jestAdapterInit.js:122:21)
    at jestAdapter (C:\Users\Cheem\OneDrive\Coding\clipsCommerce - Copy\node_modules\jest-circus\build\legacy-code-todo-rewrite\jestAdapter.js:79:19)
    at runTestInternal (C:\Users\Cheem\OneDrive\Coding\clipsCommerce - Copy\node_modules\jest-runner\build\runTest.js:367:16)
    at runTest (C:\Users\Cheem\OneDrive\Coding\clipsCommerce - Copy\node_modules\jest-runner\build\runTest.js:444:34)
    at Object.worker (C:\Users\Cheem\OneDrive\Coding\clipsCommerce - Copy\node_modules\jest-runner\build\testWorker.js:106:12)</failure>
    </testcase>
    <testcase classname="DataCollectionAgent agent lifecycle should initialize with default state" name="DataCollectionAgent agent lifecycle should initialize with default state" time="0.001">
      <failure>TypeError: Cannot read properties of undefined (reading &apos;tiktok&apos;)
    at DataCollectionAgent.initializeCollectionStrategies (C:\Users\Cheem\OneDrive\Coding\clipsCommerce - Copy\src\app\workflows\AI_improvement\services\agents\DataCollectionAgent.ts:407:76)
    at new DataCollectionAgent (C:\Users\Cheem\OneDrive\Coding\clipsCommerce - Copy\src\app\workflows\AI_improvement\services\agents\DataCollectionAgent.ts:81:10)
    at Object.&lt;anonymous&gt; (C:\Users\Cheem\OneDrive\Coding\clipsCommerce - Copy\src\app\workflows\AI_improvement\services\agents\__tests__\DataCollectionAgent.test.ts:27:13)
    at Promise.then.completed (C:\Users\Cheem\OneDrive\Coding\clipsCommerce - Copy\node_modules\jest-circus\build\utils.js:298:28)
    at new Promise (&lt;anonymous&gt;)
    at callAsyncCircusFn (C:\Users\Cheem\OneDrive\Coding\clipsCommerce - Copy\node_modules\jest-circus\build\utils.js:231:10)
    at _callCircusHook (C:\Users\Cheem\OneDrive\Coding\clipsCommerce - Copy\node_modules\jest-circus\build\run.js:281:40)
    at processTicksAndRejections (node:internal/process/task_queues:105:5)
    at _runTest (C:\Users\Cheem\OneDrive\Coding\clipsCommerce - Copy\node_modules\jest-circus\build\run.js:246:5)
    at _runTestsForDescribeBlock (C:\Users\Cheem\OneDrive\Coding\clipsCommerce - Copy\node_modules\jest-circus\build\run.js:126:9)
    at _runTestsForDescribeBlock (C:\Users\Cheem\OneDrive\Coding\clipsCommerce - Copy\node_modules\jest-circus\build\run.js:121:9)
    at _runTestsForDescribeBlock (C:\Users\Cheem\OneDrive\Coding\clipsCommerce - Copy\node_modules\jest-circus\build\run.js:121:9)
    at run (C:\Users\Cheem\OneDrive\Coding\clipsCommerce - Copy\node_modules\jest-circus\build\run.js:71:3)
    at runAndTransformResultsToJestFormat (C:\Users\Cheem\OneDrive\Coding\clipsCommerce - Copy\node_modules\jest-circus\build\legacy-code-todo-rewrite\jestAdapterInit.js:122:21)
    at jestAdapter (C:\Users\Cheem\OneDrive\Coding\clipsCommerce - Copy\node_modules\jest-circus\build\legacy-code-todo-rewrite\jestAdapter.js:79:19)
    at runTestInternal (C:\Users\Cheem\OneDrive\Coding\clipsCommerce - Copy\node_modules\jest-runner\build\runTest.js:367:16)
    at runTest (C:\Users\Cheem\OneDrive\Coding\clipsCommerce - Copy\node_modules\jest-runner\build\runTest.js:444:34)
    at Object.worker (C:\Users\Cheem\OneDrive\Coding\clipsCommerce - Copy\node_modules\jest-runner\build\testWorker.js:106:12)</failure>
    </testcase>
    <testcase classname="DataCollectionAgent agent lifecycle should track resource utilization" name="DataCollectionAgent agent lifecycle should track resource utilization" time="0.001">
      <failure>TypeError: Cannot read properties of undefined (reading &apos;tiktok&apos;)
    at DataCollectionAgent.initializeCollectionStrategies (C:\Users\Cheem\OneDrive\Coding\clipsCommerce - Copy\src\app\workflows\AI_improvement\services\agents\DataCollectionAgent.ts:407:76)
    at new DataCollectionAgent (C:\Users\Cheem\OneDrive\Coding\clipsCommerce - Copy\src\app\workflows\AI_improvement\services\agents\DataCollectionAgent.ts:81:10)
    at Object.&lt;anonymous&gt; (C:\Users\Cheem\OneDrive\Coding\clipsCommerce - Copy\src\app\workflows\AI_improvement\services\agents\__tests__\DataCollectionAgent.test.ts:27:13)
    at Promise.then.completed (C:\Users\Cheem\OneDrive\Coding\clipsCommerce - Copy\node_modules\jest-circus\build\utils.js:298:28)
    at new Promise (&lt;anonymous&gt;)
    at callAsyncCircusFn (C:\Users\Cheem\OneDrive\Coding\clipsCommerce - Copy\node_modules\jest-circus\build\utils.js:231:10)
    at _callCircusHook (C:\Users\Cheem\OneDrive\Coding\clipsCommerce - Copy\node_modules\jest-circus\build\run.js:281:40)
    at processTicksAndRejections (node:internal/process/task_queues:105:5)
    at _runTest (C:\Users\Cheem\OneDrive\Coding\clipsCommerce - Copy\node_modules\jest-circus\build\run.js:246:5)
    at _runTestsForDescribeBlock (C:\Users\Cheem\OneDrive\Coding\clipsCommerce - Copy\node_modules\jest-circus\build\run.js:126:9)
    at _runTestsForDescribeBlock (C:\Users\Cheem\OneDrive\Coding\clipsCommerce - Copy\node_modules\jest-circus\build\run.js:121:9)
    at _runTestsForDescribeBlock (C:\Users\Cheem\OneDrive\Coding\clipsCommerce - Copy\node_modules\jest-circus\build\run.js:121:9)
    at run (C:\Users\Cheem\OneDrive\Coding\clipsCommerce - Copy\node_modules\jest-circus\build\run.js:71:3)
    at runAndTransformResultsToJestFormat (C:\Users\Cheem\OneDrive\Coding\clipsCommerce - Copy\node_modules\jest-circus\build\legacy-code-todo-rewrite\jestAdapterInit.js:122:21)
    at jestAdapter (C:\Users\Cheem\OneDrive\Coding\clipsCommerce - Copy\node_modules\jest-circus\build\legacy-code-todo-rewrite\jestAdapter.js:79:19)
    at runTestInternal (C:\Users\Cheem\OneDrive\Coding\clipsCommerce - Copy\node_modules\jest-runner\build\runTest.js:367:16)
    at runTest (C:\Users\Cheem\OneDrive\Coding\clipsCommerce - Copy\node_modules\jest-runner\build\runTest.js:444:34)
    at Object.worker (C:\Users\Cheem\OneDrive\Coding\clipsCommerce - Copy\node_modules\jest-runner\build\testWorker.js:106:12)</failure>
    </testcase>
    <testcase classname="DataCollectionAgent task execution should execute optimize_collection task" name="DataCollectionAgent task execution should execute optimize_collection task" time="0.002">
      <failure>TypeError: Cannot read properties of undefined (reading &apos;tiktok&apos;)
    at DataCollectionAgent.initializeCollectionStrategies (C:\Users\Cheem\OneDrive\Coding\clipsCommerce - Copy\src\app\workflows\AI_improvement\services\agents\DataCollectionAgent.ts:407:76)
    at new DataCollectionAgent (C:\Users\Cheem\OneDrive\Coding\clipsCommerce - Copy\src\app\workflows\AI_improvement\services\agents\DataCollectionAgent.ts:81:10)
    at Object.&lt;anonymous&gt; (C:\Users\Cheem\OneDrive\Coding\clipsCommerce - Copy\src\app\workflows\AI_improvement\services\agents\__tests__\DataCollectionAgent.test.ts:27:13)
    at Promise.then.completed (C:\Users\Cheem\OneDrive\Coding\clipsCommerce - Copy\node_modules\jest-circus\build\utils.js:298:28)
    at new Promise (&lt;anonymous&gt;)
    at callAsyncCircusFn (C:\Users\Cheem\OneDrive\Coding\clipsCommerce - Copy\node_modules\jest-circus\build\utils.js:231:10)
    at _callCircusHook (C:\Users\Cheem\OneDrive\Coding\clipsCommerce - Copy\node_modules\jest-circus\build\run.js:281:40)
    at processTicksAndRejections (node:internal/process/task_queues:105:5)
    at _runTest (C:\Users\Cheem\OneDrive\Coding\clipsCommerce - Copy\node_modules\jest-circus\build\run.js:246:5)
    at _runTestsForDescribeBlock (C:\Users\Cheem\OneDrive\Coding\clipsCommerce - Copy\node_modules\jest-circus\build\run.js:126:9)
    at _runTestsForDescribeBlock (C:\Users\Cheem\OneDrive\Coding\clipsCommerce - Copy\node_modules\jest-circus\build\run.js:121:9)
    at _runTestsForDescribeBlock (C:\Users\Cheem\OneDrive\Coding\clipsCommerce - Copy\node_modules\jest-circus\build\run.js:121:9)
    at run (C:\Users\Cheem\OneDrive\Coding\clipsCommerce - Copy\node_modules\jest-circus\build\run.js:71:3)
    at runAndTransformResultsToJestFormat (C:\Users\Cheem\OneDrive\Coding\clipsCommerce - Copy\node_modules\jest-circus\build\legacy-code-todo-rewrite\jestAdapterInit.js:122:21)
    at jestAdapter (C:\Users\Cheem\OneDrive\Coding\clipsCommerce - Copy\node_modules\jest-circus\build\legacy-code-todo-rewrite\jestAdapter.js:79:19)
    at runTestInternal (C:\Users\Cheem\OneDrive\Coding\clipsCommerce - Copy\node_modules\jest-runner\build\runTest.js:367:16)
    at runTest (C:\Users\Cheem\OneDrive\Coding\clipsCommerce - Copy\node_modules\jest-runner\build\runTest.js:444:34)
    at Object.worker (C:\Users\Cheem\OneDrive\Coding\clipsCommerce - Copy\node_modules\jest-runner\build\testWorker.js:106:12)</failure>
      <failure>TypeError: Cannot read properties of undefined (reading &apos;stop&apos;)
    at Object.&lt;anonymous&gt; (C:\Users\Cheem\OneDrive\Coding\clipsCommerce - Copy\src\app\workflows\AI_improvement\services\agents\__tests__\DataCollectionAgent.test.ts:79:19)
    at Promise.then.completed (C:\Users\Cheem\OneDrive\Coding\clipsCommerce - Copy\node_modules\jest-circus\build\utils.js:298:28)
    at new Promise (&lt;anonymous&gt;)
    at callAsyncCircusFn (C:\Users\Cheem\OneDrive\Coding\clipsCommerce - Copy\node_modules\jest-circus\build\utils.js:231:10)
    at _callCircusHook (C:\Users\Cheem\OneDrive\Coding\clipsCommerce - Copy\node_modules\jest-circus\build\run.js:281:40)
    at processTicksAndRejections (node:internal/process/task_queues:105:5)
    at _runTest (C:\Users\Cheem\OneDrive\Coding\clipsCommerce - Copy\node_modules\jest-circus\build\run.js:254:5)
    at _runTestsForDescribeBlock (C:\Users\Cheem\OneDrive\Coding\clipsCommerce - Copy\node_modules\jest-circus\build\run.js:126:9)
    at _runTestsForDescribeBlock (C:\Users\Cheem\OneDrive\Coding\clipsCommerce - Copy\node_modules\jest-circus\build\run.js:121:9)
    at _runTestsForDescribeBlock (C:\Users\Cheem\OneDrive\Coding\clipsCommerce - Copy\node_modules\jest-circus\build\run.js:121:9)
    at run (C:\Users\Cheem\OneDrive\Coding\clipsCommerce - Copy\node_modules\jest-circus\build\run.js:71:3)
    at runAndTransformResultsToJestFormat (C:\Users\Cheem\OneDrive\Coding\clipsCommerce - Copy\node_modules\jest-circus\build\legacy-code-todo-rewrite\jestAdapterInit.js:122:21)
    at jestAdapter (C:\Users\Cheem\OneDrive\Coding\clipsCommerce - Copy\node_modules\jest-circus\build\legacy-code-todo-rewrite\jestAdapter.js:79:19)
    at runTestInternal (C:\Users\Cheem\OneDrive\Coding\clipsCommerce - Copy\node_modules\jest-runner\build\runTest.js:367:16)
    at runTest (C:\Users\Cheem\OneDrive\Coding\clipsCommerce - Copy\node_modules\jest-runner\build\runTest.js:444:34)
    at Object.worker (C:\Users\Cheem\OneDrive\Coding\clipsCommerce - Copy\node_modules\jest-runner\build\testWorker.js:106:12)</failure>
    </testcase>
    <testcase classname="DataCollectionAgent task execution should execute validate_quality task" name="DataCollectionAgent task execution should execute validate_quality task" time="0.001">
      <failure>TypeError: Cannot read properties of undefined (reading &apos;tiktok&apos;)
    at DataCollectionAgent.initializeCollectionStrategies (C:\Users\Cheem\OneDrive\Coding\clipsCommerce - Copy\src\app\workflows\AI_improvement\services\agents\DataCollectionAgent.ts:407:76)
    at new DataCollectionAgent (C:\Users\Cheem\OneDrive\Coding\clipsCommerce - Copy\src\app\workflows\AI_improvement\services\agents\DataCollectionAgent.ts:81:10)
    at Object.&lt;anonymous&gt; (C:\Users\Cheem\OneDrive\Coding\clipsCommerce - Copy\src\app\workflows\AI_improvement\services\agents\__tests__\DataCollectionAgent.test.ts:27:13)
    at Promise.then.completed (C:\Users\Cheem\OneDrive\Coding\clipsCommerce - Copy\node_modules\jest-circus\build\utils.js:298:28)
    at new Promise (&lt;anonymous&gt;)
    at callAsyncCircusFn (C:\Users\Cheem\OneDrive\Coding\clipsCommerce - Copy\node_modules\jest-circus\build\utils.js:231:10)
    at _callCircusHook (C:\Users\Cheem\OneDrive\Coding\clipsCommerce - Copy\node_modules\jest-circus\build\run.js:281:40)
    at processTicksAndRejections (node:internal/process/task_queues:105:5)
    at _runTest (C:\Users\Cheem\OneDrive\Coding\clipsCommerce - Copy\node_modules\jest-circus\build\run.js:246:5)
    at _runTestsForDescribeBlock (C:\Users\Cheem\OneDrive\Coding\clipsCommerce - Copy\node_modules\jest-circus\build\run.js:126:9)
    at _runTestsForDescribeBlock (C:\Users\Cheem\OneDrive\Coding\clipsCommerce - Copy\node_modules\jest-circus\build\run.js:121:9)
    at _runTestsForDescribeBlock (C:\Users\Cheem\OneDrive\Coding\clipsCommerce - Copy\node_modules\jest-circus\build\run.js:121:9)
    at run (C:\Users\Cheem\OneDrive\Coding\clipsCommerce - Copy\node_modules\jest-circus\build\run.js:71:3)
    at runAndTransformResultsToJestFormat (C:\Users\Cheem\OneDrive\Coding\clipsCommerce - Copy\node_modules\jest-circus\build\legacy-code-todo-rewrite\jestAdapterInit.js:122:21)
    at jestAdapter (C:\Users\Cheem\OneDrive\Coding\clipsCommerce - Copy\node_modules\jest-circus\build\legacy-code-todo-rewrite\jestAdapter.js:79:19)
    at runTestInternal (C:\Users\Cheem\OneDrive\Coding\clipsCommerce - Copy\node_modules\jest-runner\build\runTest.js:367:16)
    at runTest (C:\Users\Cheem\OneDrive\Coding\clipsCommerce - Copy\node_modules\jest-runner\build\runTest.js:444:34)
    at Object.worker (C:\Users\Cheem\OneDrive\Coding\clipsCommerce - Copy\node_modules\jest-runner\build\testWorker.js:106:12)</failure>
      <failure>TypeError: Cannot read properties of undefined (reading &apos;stop&apos;)
    at Object.&lt;anonymous&gt; (C:\Users\Cheem\OneDrive\Coding\clipsCommerce - Copy\src\app\workflows\AI_improvement\services\agents\__tests__\DataCollectionAgent.test.ts:79:19)
    at Promise.then.completed (C:\Users\Cheem\OneDrive\Coding\clipsCommerce - Copy\node_modules\jest-circus\build\utils.js:298:28)
    at new Promise (&lt;anonymous&gt;)
    at callAsyncCircusFn (C:\Users\Cheem\OneDrive\Coding\clipsCommerce - Copy\node_modules\jest-circus\build\utils.js:231:10)
    at _callCircusHook (C:\Users\Cheem\OneDrive\Coding\clipsCommerce - Copy\node_modules\jest-circus\build\run.js:281:40)
    at processTicksAndRejections (node:internal/process/task_queues:105:5)
    at _runTest (C:\Users\Cheem\OneDrive\Coding\clipsCommerce - Copy\node_modules\jest-circus\build\run.js:254:5)
    at _runTestsForDescribeBlock (C:\Users\Cheem\OneDrive\Coding\clipsCommerce - Copy\node_modules\jest-circus\build\run.js:126:9)
    at _runTestsForDescribeBlock (C:\Users\Cheem\OneDrive\Coding\clipsCommerce - Copy\node_modules\jest-circus\build\run.js:121:9)
    at _runTestsForDescribeBlock (C:\Users\Cheem\OneDrive\Coding\clipsCommerce - Copy\node_modules\jest-circus\build\run.js:121:9)
    at run (C:\Users\Cheem\OneDrive\Coding\clipsCommerce - Copy\node_modules\jest-circus\build\run.js:71:3)
    at runAndTransformResultsToJestFormat (C:\Users\Cheem\OneDrive\Coding\clipsCommerce - Copy\node_modules\jest-circus\build\legacy-code-todo-rewrite\jestAdapterInit.js:122:21)
    at jestAdapter (C:\Users\Cheem\OneDrive\Coding\clipsCommerce - Copy\node_modules\jest-circus\build\legacy-code-todo-rewrite\jestAdapter.js:79:19)
    at runTestInternal (C:\Users\Cheem\OneDrive\Coding\clipsCommerce - Copy\node_modules\jest-runner\build\runTest.js:367:16)
    at runTest (C:\Users\Cheem\OneDrive\Coding\clipsCommerce - Copy\node_modules\jest-runner\build\runTest.js:444:34)
    at Object.worker (C:\Users\Cheem\OneDrive\Coding\clipsCommerce - Copy\node_modules\jest-runner\build\testWorker.js:106:12)</failure>
    </testcase>
    <testcase classname="DataCollectionAgent task execution should execute discover_sources task" name="DataCollectionAgent task execution should execute discover_sources task" time="0.001">
      <failure>TypeError: Cannot read properties of undefined (reading &apos;tiktok&apos;)
    at DataCollectionAgent.initializeCollectionStrategies (C:\Users\Cheem\OneDrive\Coding\clipsCommerce - Copy\src\app\workflows\AI_improvement\services\agents\DataCollectionAgent.ts:407:76)
    at new DataCollectionAgent (C:\Users\Cheem\OneDrive\Coding\clipsCommerce - Copy\src\app\workflows\AI_improvement\services\agents\DataCollectionAgent.ts:81:10)
    at Object.&lt;anonymous&gt; (C:\Users\Cheem\OneDrive\Coding\clipsCommerce - Copy\src\app\workflows\AI_improvement\services\agents\__tests__\DataCollectionAgent.test.ts:27:13)
    at Promise.then.completed (C:\Users\Cheem\OneDrive\Coding\clipsCommerce - Copy\node_modules\jest-circus\build\utils.js:298:28)
    at new Promise (&lt;anonymous&gt;)
    at callAsyncCircusFn (C:\Users\Cheem\OneDrive\Coding\clipsCommerce - Copy\node_modules\jest-circus\build\utils.js:231:10)
    at _callCircusHook (C:\Users\Cheem\OneDrive\Coding\clipsCommerce - Copy\node_modules\jest-circus\build\run.js:281:40)
    at processTicksAndRejections (node:internal/process/task_queues:105:5)
    at _runTest (C:\Users\Cheem\OneDrive\Coding\clipsCommerce - Copy\node_modules\jest-circus\build\run.js:246:5)
    at _runTestsForDescribeBlock (C:\Users\Cheem\OneDrive\Coding\clipsCommerce - Copy\node_modules\jest-circus\build\run.js:126:9)
    at _runTestsForDescribeBlock (C:\Users\Cheem\OneDrive\Coding\clipsCommerce - Copy\node_modules\jest-circus\build\run.js:121:9)
    at _runTestsForDescribeBlock (C:\Users\Cheem\OneDrive\Coding\clipsCommerce - Copy\node_modules\jest-circus\build\run.js:121:9)
    at run (C:\Users\Cheem\OneDrive\Coding\clipsCommerce - Copy\node_modules\jest-circus\build\run.js:71:3)
    at runAndTransformResultsToJestFormat (C:\Users\Cheem\OneDrive\Coding\clipsCommerce - Copy\node_modules\jest-circus\build\legacy-code-todo-rewrite\jestAdapterInit.js:122:21)
    at jestAdapter (C:\Users\Cheem\OneDrive\Coding\clipsCommerce - Copy\node_modules\jest-circus\build\legacy-code-todo-rewrite\jestAdapter.js:79:19)
    at runTestInternal (C:\Users\Cheem\OneDrive\Coding\clipsCommerce - Copy\node_modules\jest-runner\build\runTest.js:367:16)
    at runTest (C:\Users\Cheem\OneDrive\Coding\clipsCommerce - Copy\node_modules\jest-runner\build\runTest.js:444:34)
    at Object.worker (C:\Users\Cheem\OneDrive\Coding\clipsCommerce - Copy\node_modules\jest-runner\build\testWorker.js:106:12)</failure>
      <failure>TypeError: Cannot read properties of undefined (reading &apos;stop&apos;)
    at Object.&lt;anonymous&gt; (C:\Users\Cheem\OneDrive\Coding\clipsCommerce - Copy\src\app\workflows\AI_improvement\services\agents\__tests__\DataCollectionAgent.test.ts:79:19)
    at Promise.then.completed (C:\Users\Cheem\OneDrive\Coding\clipsCommerce - Copy\node_modules\jest-circus\build\utils.js:298:28)
    at new Promise (&lt;anonymous&gt;)
    at callAsyncCircusFn (C:\Users\Cheem\OneDrive\Coding\clipsCommerce - Copy\node_modules\jest-circus\build\utils.js:231:10)
    at _callCircusHook (C:\Users\Cheem\OneDrive\Coding\clipsCommerce - Copy\node_modules\jest-circus\build\run.js:281:40)
    at processTicksAndRejections (node:internal/process/task_queues:105:5)
    at _runTest (C:\Users\Cheem\OneDrive\Coding\clipsCommerce - Copy\node_modules\jest-circus\build\run.js:254:5)
    at _runTestsForDescribeBlock (C:\Users\Cheem\OneDrive\Coding\clipsCommerce - Copy\node_modules\jest-circus\build\run.js:126:9)
    at _runTestsForDescribeBlock (C:\Users\Cheem\OneDrive\Coding\clipsCommerce - Copy\node_modules\jest-circus\build\run.js:121:9)
    at _runTestsForDescribeBlock (C:\Users\Cheem\OneDrive\Coding\clipsCommerce - Copy\node_modules\jest-circus\build\run.js:121:9)
    at run (C:\Users\Cheem\OneDrive\Coding\clipsCommerce - Copy\node_modules\jest-circus\build\run.js:71:3)
    at runAndTransformResultsToJestFormat (C:\Users\Cheem\OneDrive\Coding\clipsCommerce - Copy\node_modules\jest-circus\build\legacy-code-todo-rewrite\jestAdapterInit.js:122:21)
    at jestAdapter (C:\Users\Cheem\OneDrive\Coding\clipsCommerce - Copy\node_modules\jest-circus\build\legacy-code-todo-rewrite\jestAdapter.js:79:19)
    at runTestInternal (C:\Users\Cheem\OneDrive\Coding\clipsCommerce - Copy\node_modules\jest-runner\build\runTest.js:367:16)
    at runTest (C:\Users\Cheem\OneDrive\Coding\clipsCommerce - Copy\node_modules\jest-runner\build\runTest.js:444:34)
    at Object.worker (C:\Users\Cheem\OneDrive\Coding\clipsCommerce - Copy\node_modules\jest-runner\build\testWorker.js:106:12)</failure>
    </testcase>
    <testcase classname="DataCollectionAgent task execution should execute monitor_gaps task" name="DataCollectionAgent task execution should execute monitor_gaps task" time="0.004">
      <failure>TypeError: Cannot read properties of undefined (reading &apos;tiktok&apos;)
    at DataCollectionAgent.initializeCollectionStrategies (C:\Users\Cheem\OneDrive\Coding\clipsCommerce - Copy\src\app\workflows\AI_improvement\services\agents\DataCollectionAgent.ts:407:76)
    at new DataCollectionAgent (C:\Users\Cheem\OneDrive\Coding\clipsCommerce - Copy\src\app\workflows\AI_improvement\services\agents\DataCollectionAgent.ts:81:10)
    at Object.&lt;anonymous&gt; (C:\Users\Cheem\OneDrive\Coding\clipsCommerce - Copy\src\app\workflows\AI_improvement\services\agents\__tests__\DataCollectionAgent.test.ts:27:13)
    at Promise.then.completed (C:\Users\Cheem\OneDrive\Coding\clipsCommerce - Copy\node_modules\jest-circus\build\utils.js:298:28)
    at new Promise (&lt;anonymous&gt;)
    at callAsyncCircusFn (C:\Users\Cheem\OneDrive\Coding\clipsCommerce - Copy\node_modules\jest-circus\build\utils.js:231:10)
    at _callCircusHook (C:\Users\Cheem\OneDrive\Coding\clipsCommerce - Copy\node_modules\jest-circus\build\run.js:281:40)
    at processTicksAndRejections (node:internal/process/task_queues:105:5)
    at _runTest (C:\Users\Cheem\OneDrive\Coding\clipsCommerce - Copy\node_modules\jest-circus\build\run.js:246:5)
    at _runTestsForDescribeBlock (C:\Users\Cheem\OneDrive\Coding\clipsCommerce - Copy\node_modules\jest-circus\build\run.js:126:9)
    at _runTestsForDescribeBlock (C:\Users\Cheem\OneDrive\Coding\clipsCommerce - Copy\node_modules\jest-circus\build\run.js:121:9)
    at _runTestsForDescribeBlock (C:\Users\Cheem\OneDrive\Coding\clipsCommerce - Copy\node_modules\jest-circus\build\run.js:121:9)
    at run (C:\Users\Cheem\OneDrive\Coding\clipsCommerce - Copy\node_modules\jest-circus\build\run.js:71:3)
    at runAndTransformResultsToJestFormat (C:\Users\Cheem\OneDrive\Coding\clipsCommerce - Copy\node_modules\jest-circus\build\legacy-code-todo-rewrite\jestAdapterInit.js:122:21)
    at jestAdapter (C:\Users\Cheem\OneDrive\Coding\clipsCommerce - Copy\node_modules\jest-circus\build\legacy-code-todo-rewrite\jestAdapter.js:79:19)
    at runTestInternal (C:\Users\Cheem\OneDrive\Coding\clipsCommerce - Copy\node_modules\jest-runner\build\runTest.js:367:16)
    at runTest (C:\Users\Cheem\OneDrive\Coding\clipsCommerce - Copy\node_modules\jest-runner\build\runTest.js:444:34)
    at Object.worker (C:\Users\Cheem\OneDrive\Coding\clipsCommerce - Copy\node_modules\jest-runner\build\testWorker.js:106:12)</failure>
      <failure>TypeError: Cannot read properties of undefined (reading &apos;stop&apos;)
    at Object.&lt;anonymous&gt; (C:\Users\Cheem\OneDrive\Coding\clipsCommerce - Copy\src\app\workflows\AI_improvement\services\agents\__tests__\DataCollectionAgent.test.ts:79:19)
    at Promise.then.completed (C:\Users\Cheem\OneDrive\Coding\clipsCommerce - Copy\node_modules\jest-circus\build\utils.js:298:28)
    at new Promise (&lt;anonymous&gt;)
    at callAsyncCircusFn (C:\Users\Cheem\OneDrive\Coding\clipsCommerce - Copy\node_modules\jest-circus\build\utils.js:231:10)
    at _callCircusHook (C:\Users\Cheem\OneDrive\Coding\clipsCommerce - Copy\node_modules\jest-circus\build\run.js:281:40)
    at processTicksAndRejections (node:internal/process/task_queues:105:5)
    at _runTest (C:\Users\Cheem\OneDrive\Coding\clipsCommerce - Copy\node_modules\jest-circus\build\run.js:254:5)
    at _runTestsForDescribeBlock (C:\Users\Cheem\OneDrive\Coding\clipsCommerce - Copy\node_modules\jest-circus\build\run.js:126:9)
    at _runTestsForDescribeBlock (C:\Users\Cheem\OneDrive\Coding\clipsCommerce - Copy\node_modules\jest-circus\build\run.js:121:9)
    at _runTestsForDescribeBlock (C:\Users\Cheem\OneDrive\Coding\clipsCommerce - Copy\node_modules\jest-circus\build\run.js:121:9)
    at run (C:\Users\Cheem\OneDrive\Coding\clipsCommerce - Copy\node_modules\jest-circus\build\run.js:71:3)
    at runAndTransformResultsToJestFormat (C:\Users\Cheem\OneDrive\Coding\clipsCommerce - Copy\node_modules\jest-circus\build\legacy-code-todo-rewrite\jestAdapterInit.js:122:21)
    at jestAdapter (C:\Users\Cheem\OneDrive\Coding\clipsCommerce - Copy\node_modules\jest-circus\build\legacy-code-todo-rewrite\jestAdapter.js:79:19)
    at runTestInternal (C:\Users\Cheem\OneDrive\Coding\clipsCommerce - Copy\node_modules\jest-runner\build\runTest.js:367:16)
    at runTest (C:\Users\Cheem\OneDrive\Coding\clipsCommerce - Copy\node_modules\jest-runner\build\runTest.js:444:34)
    at Object.worker (C:\Users\Cheem\OneDrive\Coding\clipsCommerce - Copy\node_modules\jest-runner\build\testWorker.js:106:12)</failure>
    </testcase>
    <testcase classname="DataCollectionAgent task execution should handle unknown task type" name="DataCollectionAgent task execution should handle unknown task type" time="0.001">
      <failure>TypeError: Cannot read properties of undefined (reading &apos;tiktok&apos;)
    at DataCollectionAgent.initializeCollectionStrategies (C:\Users\Cheem\OneDrive\Coding\clipsCommerce - Copy\src\app\workflows\AI_improvement\services\agents\DataCollectionAgent.ts:407:76)
    at new DataCollectionAgent (C:\Users\Cheem\OneDrive\Coding\clipsCommerce - Copy\src\app\workflows\AI_improvement\services\agents\DataCollectionAgent.ts:81:10)
    at Object.&lt;anonymous&gt; (C:\Users\Cheem\OneDrive\Coding\clipsCommerce - Copy\src\app\workflows\AI_improvement\services\agents\__tests__\DataCollectionAgent.test.ts:27:13)
    at Promise.then.completed (C:\Users\Cheem\OneDrive\Coding\clipsCommerce - Copy\node_modules\jest-circus\build\utils.js:298:28)
    at new Promise (&lt;anonymous&gt;)
    at callAsyncCircusFn (C:\Users\Cheem\OneDrive\Coding\clipsCommerce - Copy\node_modules\jest-circus\build\utils.js:231:10)
    at _callCircusHook (C:\Users\Cheem\OneDrive\Coding\clipsCommerce - Copy\node_modules\jest-circus\build\run.js:281:40)
    at processTicksAndRejections (node:internal/process/task_queues:105:5)
    at _runTest (C:\Users\Cheem\OneDrive\Coding\clipsCommerce - Copy\node_modules\jest-circus\build\run.js:246:5)
    at _runTestsForDescribeBlock (C:\Users\Cheem\OneDrive\Coding\clipsCommerce - Copy\node_modules\jest-circus\build\run.js:126:9)
    at _runTestsForDescribeBlock (C:\Users\Cheem\OneDrive\Coding\clipsCommerce - Copy\node_modules\jest-circus\build\run.js:121:9)
    at _runTestsForDescribeBlock (C:\Users\Cheem\OneDrive\Coding\clipsCommerce - Copy\node_modules\jest-circus\build\run.js:121:9)
    at run (C:\Users\Cheem\OneDrive\Coding\clipsCommerce - Copy\node_modules\jest-circus\build\run.js:71:3)
    at runAndTransformResultsToJestFormat (C:\Users\Cheem\OneDrive\Coding\clipsCommerce - Copy\node_modules\jest-circus\build\legacy-code-todo-rewrite\jestAdapterInit.js:122:21)
    at jestAdapter (C:\Users\Cheem\OneDrive\Coding\clipsCommerce - Copy\node_modules\jest-circus\build\legacy-code-todo-rewrite\jestAdapter.js:79:19)
    at runTestInternal (C:\Users\Cheem\OneDrive\Coding\clipsCommerce - Copy\node_modules\jest-runner\build\runTest.js:367:16)
    at runTest (C:\Users\Cheem\OneDrive\Coding\clipsCommerce - Copy\node_modules\jest-runner\build\runTest.js:444:34)
    at Object.worker (C:\Users\Cheem\OneDrive\Coding\clipsCommerce - Copy\node_modules\jest-runner\build\testWorker.js:106:12)</failure>
      <failure>TypeError: Cannot read properties of undefined (reading &apos;stop&apos;)
    at Object.&lt;anonymous&gt; (C:\Users\Cheem\OneDrive\Coding\clipsCommerce - Copy\src\app\workflows\AI_improvement\services\agents\__tests__\DataCollectionAgent.test.ts:79:19)
    at Promise.then.completed (C:\Users\Cheem\OneDrive\Coding\clipsCommerce - Copy\node_modules\jest-circus\build\utils.js:298:28)
    at new Promise (&lt;anonymous&gt;)
    at callAsyncCircusFn (C:\Users\Cheem\OneDrive\Coding\clipsCommerce - Copy\node_modules\jest-circus\build\utils.js:231:10)
    at _callCircusHook (C:\Users\Cheem\OneDrive\Coding\clipsCommerce - Copy\node_modules\jest-circus\build\run.js:281:40)
    at processTicksAndRejections (node:internal/process/task_queues:105:5)
    at _runTest (C:\Users\Cheem\OneDrive\Coding\clipsCommerce - Copy\node_modules\jest-circus\build\run.js:254:5)
    at _runTestsForDescribeBlock (C:\Users\Cheem\OneDrive\Coding\clipsCommerce - Copy\node_modules\jest-circus\build\run.js:126:9)
    at _runTestsForDescribeBlock (C:\Users\Cheem\OneDrive\Coding\clipsCommerce - Copy\node_modules\jest-circus\build\run.js:121:9)
    at _runTestsForDescribeBlock (C:\Users\Cheem\OneDrive\Coding\clipsCommerce - Copy\node_modules\jest-circus\build\run.js:121:9)
    at run (C:\Users\Cheem\OneDrive\Coding\clipsCommerce - Copy\node_modules\jest-circus\build\run.js:71:3)
    at runAndTransformResultsToJestFormat (C:\Users\Cheem\OneDrive\Coding\clipsCommerce - Copy\node_modules\jest-circus\build\legacy-code-todo-rewrite\jestAdapterInit.js:122:21)
    at jestAdapter (C:\Users\Cheem\OneDrive\Coding\clipsCommerce - Copy\node_modules\jest-circus\build\legacy-code-todo-rewrite\jestAdapter.js:79:19)
    at runTestInternal (C:\Users\Cheem\OneDrive\Coding\clipsCommerce - Copy\node_modules\jest-runner\build\runTest.js:367:16)
    at runTest (C:\Users\Cheem\OneDrive\Coding\clipsCommerce - Copy\node_modules\jest-runner\build\runTest.js:444:34)
    at Object.worker (C:\Users\Cheem\OneDrive\Coding\clipsCommerce - Copy\node_modules\jest-runner\build\testWorker.js:106:12)</failure>
    </testcase>
    <testcase classname="DataCollectionAgent task execution should track current task during execution" name="DataCollectionAgent task execution should track current task during execution" time="0.001">
      <failure>TypeError: Cannot read properties of undefined (reading &apos;tiktok&apos;)
    at DataCollectionAgent.initializeCollectionStrategies (C:\Users\Cheem\OneDrive\Coding\clipsCommerce - Copy\src\app\workflows\AI_improvement\services\agents\DataCollectionAgent.ts:407:76)
    at new DataCollectionAgent (C:\Users\Cheem\OneDrive\Coding\clipsCommerce - Copy\src\app\workflows\AI_improvement\services\agents\DataCollectionAgent.ts:81:10)
    at Object.&lt;anonymous&gt; (C:\Users\Cheem\OneDrive\Coding\clipsCommerce - Copy\src\app\workflows\AI_improvement\services\agents\__tests__\DataCollectionAgent.test.ts:27:13)
    at Promise.then.completed (C:\Users\Cheem\OneDrive\Coding\clipsCommerce - Copy\node_modules\jest-circus\build\utils.js:298:28)
    at new Promise (&lt;anonymous&gt;)
    at callAsyncCircusFn (C:\Users\Cheem\OneDrive\Coding\clipsCommerce - Copy\node_modules\jest-circus\build\utils.js:231:10)
    at _callCircusHook (C:\Users\Cheem\OneDrive\Coding\clipsCommerce - Copy\node_modules\jest-circus\build\run.js:281:40)
    at processTicksAndRejections (node:internal/process/task_queues:105:5)
    at _runTest (C:\Users\Cheem\OneDrive\Coding\clipsCommerce - Copy\node_modules\jest-circus\build\run.js:246:5)
    at _runTestsForDescribeBlock (C:\Users\Cheem\OneDrive\Coding\clipsCommerce - Copy\node_modules\jest-circus\build\run.js:126:9)
    at _runTestsForDescribeBlock (C:\Users\Cheem\OneDrive\Coding\clipsCommerce - Copy\node_modules\jest-circus\build\run.js:121:9)
    at _runTestsForDescribeBlock (C:\Users\Cheem\OneDrive\Coding\clipsCommerce - Copy\node_modules\jest-circus\build\run.js:121:9)
    at run (C:\Users\Cheem\OneDrive\Coding\clipsCommerce - Copy\node_modules\jest-circus\build\run.js:71:3)
    at runAndTransformResultsToJestFormat (C:\Users\Cheem\OneDrive\Coding\clipsCommerce - Copy\node_modules\jest-circus\build\legacy-code-todo-rewrite\jestAdapterInit.js:122:21)
    at jestAdapter (C:\Users\Cheem\OneDrive\Coding\clipsCommerce - Copy\node_modules\jest-circus\build\legacy-code-todo-rewrite\jestAdapter.js:79:19)
    at runTestInternal (C:\Users\Cheem\OneDrive\Coding\clipsCommerce - Copy\node_modules\jest-runner\build\runTest.js:367:16)
    at runTest (C:\Users\Cheem\OneDrive\Coding\clipsCommerce - Copy\node_modules\jest-runner\build\runTest.js:444:34)
    at Object.worker (C:\Users\Cheem\OneDrive\Coding\clipsCommerce - Copy\node_modules\jest-runner\build\testWorker.js:106:12)</failure>
      <failure>TypeError: Cannot read properties of undefined (reading &apos;stop&apos;)
    at Object.&lt;anonymous&gt; (C:\Users\Cheem\OneDrive\Coding\clipsCommerce - Copy\src\app\workflows\AI_improvement\services\agents\__tests__\DataCollectionAgent.test.ts:79:19)
    at Promise.then.completed (C:\Users\Cheem\OneDrive\Coding\clipsCommerce - Copy\node_modules\jest-circus\build\utils.js:298:28)
    at new Promise (&lt;anonymous&gt;)
    at callAsyncCircusFn (C:\Users\Cheem\OneDrive\Coding\clipsCommerce - Copy\node_modules\jest-circus\build\utils.js:231:10)
    at _callCircusHook (C:\Users\Cheem\OneDrive\Coding\clipsCommerce - Copy\node_modules\jest-circus\build\run.js:281:40)
    at processTicksAndRejections (node:internal/process/task_queues:105:5)
    at _runTest (C:\Users\Cheem\OneDrive\Coding\clipsCommerce - Copy\node_modules\jest-circus\build\run.js:254:5)
    at _runTestsForDescribeBlock (C:\Users\Cheem\OneDrive\Coding\clipsCommerce - Copy\node_modules\jest-circus\build\run.js:126:9)
    at _runTestsForDescribeBlock (C:\Users\Cheem\OneDrive\Coding\clipsCommerce - Copy\node_modules\jest-circus\build\run.js:121:9)
    at _runTestsForDescribeBlock (C:\Users\Cheem\OneDrive\Coding\clipsCommerce - Copy\node_modules\jest-circus\build\run.js:121:9)
    at run (C:\Users\Cheem\OneDrive\Coding\clipsCommerce - Copy\node_modules\jest-circus\build\run.js:71:3)
    at runAndTransformResultsToJestFormat (C:\Users\Cheem\OneDrive\Coding\clipsCommerce - Copy\node_modules\jest-circus\build\legacy-code-todo-rewrite\jestAdapterInit.js:122:21)
    at jestAdapter (C:\Users\Cheem\OneDrive\Coding\clipsCommerce - Copy\node_modules\jest-circus\build\legacy-code-todo-rewrite\jestAdapter.js:79:19)
    at runTestInternal (C:\Users\Cheem\OneDrive\Coding\clipsCommerce - Copy\node_modules\jest-runner\build\runTest.js:367:16)
    at runTest (C:\Users\Cheem\OneDrive\Coding\clipsCommerce - Copy\node_modules\jest-runner\build\runTest.js:444:34)
    at Object.worker (C:\Users\Cheem\OneDrive\Coding\clipsCommerce - Copy\node_modules\jest-runner\build\testWorker.js:106:12)</failure>
    </testcase>
    <testcase classname="DataCollectionAgent task execution should handle task execution errors gracefully" name="DataCollectionAgent task execution should handle task execution errors gracefully" time="0.001">
      <failure>TypeError: Cannot read properties of undefined (reading &apos;tiktok&apos;)
    at DataCollectionAgent.initializeCollectionStrategies (C:\Users\Cheem\OneDrive\Coding\clipsCommerce - Copy\src\app\workflows\AI_improvement\services\agents\DataCollectionAgent.ts:407:76)
    at new DataCollectionAgent (C:\Users\Cheem\OneDrive\Coding\clipsCommerce - Copy\src\app\workflows\AI_improvement\services\agents\DataCollectionAgent.ts:81:10)
    at Object.&lt;anonymous&gt; (C:\Users\Cheem\OneDrive\Coding\clipsCommerce - Copy\src\app\workflows\AI_improvement\services\agents\__tests__\DataCollectionAgent.test.ts:27:13)
    at Promise.then.completed (C:\Users\Cheem\OneDrive\Coding\clipsCommerce - Copy\node_modules\jest-circus\build\utils.js:298:28)
    at new Promise (&lt;anonymous&gt;)
    at callAsyncCircusFn (C:\Users\Cheem\OneDrive\Coding\clipsCommerce - Copy\node_modules\jest-circus\build\utils.js:231:10)
    at _callCircusHook (C:\Users\Cheem\OneDrive\Coding\clipsCommerce - Copy\node_modules\jest-circus\build\run.js:281:40)
    at processTicksAndRejections (node:internal/process/task_queues:105:5)
    at _runTest (C:\Users\Cheem\OneDrive\Coding\clipsCommerce - Copy\node_modules\jest-circus\build\run.js:246:5)
    at _runTestsForDescribeBlock (C:\Users\Cheem\OneDrive\Coding\clipsCommerce - Copy\node_modules\jest-circus\build\run.js:126:9)
    at _runTestsForDescribeBlock (C:\Users\Cheem\OneDrive\Coding\clipsCommerce - Copy\node_modules\jest-circus\build\run.js:121:9)
    at _runTestsForDescribeBlock (C:\Users\Cheem\OneDrive\Coding\clipsCommerce - Copy\node_modules\jest-circus\build\run.js:121:9)
    at run (C:\Users\Cheem\OneDrive\Coding\clipsCommerce - Copy\node_modules\jest-circus\build\run.js:71:3)
    at runAndTransformResultsToJestFormat (C:\Users\Cheem\OneDrive\Coding\clipsCommerce - Copy\node_modules\jest-circus\build\legacy-code-todo-rewrite\jestAdapterInit.js:122:21)
    at jestAdapter (C:\Users\Cheem\OneDrive\Coding\clipsCommerce - Copy\node_modules\jest-circus\build\legacy-code-todo-rewrite\jestAdapter.js:79:19)
    at runTestInternal (C:\Users\Cheem\OneDrive\Coding\clipsCommerce - Copy\node_modules\jest-runner\build\runTest.js:367:16)
    at runTest (C:\Users\Cheem\OneDrive\Coding\clipsCommerce - Copy\node_modules\jest-runner\build\runTest.js:444:34)
    at Object.worker (C:\Users\Cheem\OneDrive\Coding\clipsCommerce - Copy\node_modules\jest-runner\build\testWorker.js:106:12)</failure>
      <failure>TypeError: Cannot read properties of undefined (reading &apos;stop&apos;)
    at Object.&lt;anonymous&gt; (C:\Users\Cheem\OneDrive\Coding\clipsCommerce - Copy\src\app\workflows\AI_improvement\services\agents\__tests__\DataCollectionAgent.test.ts:79:19)
    at Promise.then.completed (C:\Users\Cheem\OneDrive\Coding\clipsCommerce - Copy\node_modules\jest-circus\build\utils.js:298:28)
    at new Promise (&lt;anonymous&gt;)
    at callAsyncCircusFn (C:\Users\Cheem\OneDrive\Coding\clipsCommerce - Copy\node_modules\jest-circus\build\utils.js:231:10)
    at _callCircusHook (C:\Users\Cheem\OneDrive\Coding\clipsCommerce - Copy\node_modules\jest-circus\build\run.js:281:40)
    at processTicksAndRejections (node:internal/process/task_queues:105:5)
    at _runTest (C:\Users\Cheem\OneDrive\Coding\clipsCommerce - Copy\node_modules\jest-circus\build\run.js:254:5)
    at _runTestsForDescribeBlock (C:\Users\Cheem\OneDrive\Coding\clipsCommerce - Copy\node_modules\jest-circus\build\run.js:126:9)
    at _runTestsForDescribeBlock (C:\Users\Cheem\OneDrive\Coding\clipsCommerce - Copy\node_modules\jest-circus\build\run.js:121:9)
    at _runTestsForDescribeBlock (C:\Users\Cheem\OneDrive\Coding\clipsCommerce - Copy\node_modules\jest-circus\build\run.js:121:9)
    at run (C:\Users\Cheem\OneDrive\Coding\clipsCommerce - Copy\node_modules\jest-circus\build\run.js:71:3)
    at runAndTransformResultsToJestFormat (C:\Users\Cheem\OneDrive\Coding\clipsCommerce - Copy\node_modules\jest-circus\build\legacy-code-todo-rewrite\jestAdapterInit.js:122:21)
    at jestAdapter (C:\Users\Cheem\OneDrive\Coding\clipsCommerce - Copy\node_modules\jest-circus\build\legacy-code-todo-rewrite\jestAdapter.js:79:19)
    at runTestInternal (C:\Users\Cheem\OneDrive\Coding\clipsCommerce - Copy\node_modules\jest-runner\build\runTest.js:367:16)
    at runTest (C:\Users\Cheem\OneDrive\Coding\clipsCommerce - Copy\node_modules\jest-runner\build\runTest.js:444:34)
    at Object.worker (C:\Users\Cheem\OneDrive\Coding\clipsCommerce - Copy\node_modules\jest-runner\build\testWorker.js:106:12)</failure>
    </testcase>
    <testcase classname="DataCollectionAgent data gap analysis should analyze and identify data gaps" name="DataCollectionAgent data gap analysis should analyze and identify data gaps" time="0.001">
      <failure>TypeError: Cannot read properties of undefined (reading &apos;tiktok&apos;)
    at DataCollectionAgent.initializeCollectionStrategies (C:\Users\Cheem\OneDrive\Coding\clipsCommerce - Copy\src\app\workflows\AI_improvement\services\agents\DataCollectionAgent.ts:407:76)
    at new DataCollectionAgent (C:\Users\Cheem\OneDrive\Coding\clipsCommerce - Copy\src\app\workflows\AI_improvement\services\agents\DataCollectionAgent.ts:81:10)
    at Object.&lt;anonymous&gt; (C:\Users\Cheem\OneDrive\Coding\clipsCommerce - Copy\src\app\workflows\AI_improvement\services\agents\__tests__\DataCollectionAgent.test.ts:27:13)
    at Promise.then.completed (C:\Users\Cheem\OneDrive\Coding\clipsCommerce - Copy\node_modules\jest-circus\build\utils.js:298:28)
    at new Promise (&lt;anonymous&gt;)
    at callAsyncCircusFn (C:\Users\Cheem\OneDrive\Coding\clipsCommerce - Copy\node_modules\jest-circus\build\utils.js:231:10)
    at _callCircusHook (C:\Users\Cheem\OneDrive\Coding\clipsCommerce - Copy\node_modules\jest-circus\build\run.js:281:40)
    at processTicksAndRejections (node:internal/process/task_queues:105:5)
    at _runTest (C:\Users\Cheem\OneDrive\Coding\clipsCommerce - Copy\node_modules\jest-circus\build\run.js:246:5)
    at _runTestsForDescribeBlock (C:\Users\Cheem\OneDrive\Coding\clipsCommerce - Copy\node_modules\jest-circus\build\run.js:126:9)
    at _runTestsForDescribeBlock (C:\Users\Cheem\OneDrive\Coding\clipsCommerce - Copy\node_modules\jest-circus\build\run.js:121:9)
    at _runTestsForDescribeBlock (C:\Users\Cheem\OneDrive\Coding\clipsCommerce - Copy\node_modules\jest-circus\build\run.js:121:9)
    at run (C:\Users\Cheem\OneDrive\Coding\clipsCommerce - Copy\node_modules\jest-circus\build\run.js:71:3)
    at runAndTransformResultsToJestFormat (C:\Users\Cheem\OneDrive\Coding\clipsCommerce - Copy\node_modules\jest-circus\build\legacy-code-todo-rewrite\jestAdapterInit.js:122:21)
    at jestAdapter (C:\Users\Cheem\OneDrive\Coding\clipsCommerce - Copy\node_modules\jest-circus\build\legacy-code-todo-rewrite\jestAdapter.js:79:19)
    at runTestInternal (C:\Users\Cheem\OneDrive\Coding\clipsCommerce - Copy\node_modules\jest-runner\build\runTest.js:367:16)
    at runTest (C:\Users\Cheem\OneDrive\Coding\clipsCommerce - Copy\node_modules\jest-runner\build\runTest.js:444:34)
    at Object.worker (C:\Users\Cheem\OneDrive\Coding\clipsCommerce - Copy\node_modules\jest-runner\build\testWorker.js:106:12)</failure>
      <failure>TypeError: Cannot read properties of undefined (reading &apos;stop&apos;)
    at Object.&lt;anonymous&gt; (C:\Users\Cheem\OneDrive\Coding\clipsCommerce - Copy\src\app\workflows\AI_improvement\services\agents\__tests__\DataCollectionAgent.test.ts:207:19)
    at Promise.then.completed (C:\Users\Cheem\OneDrive\Coding\clipsCommerce - Copy\node_modules\jest-circus\build\utils.js:298:28)
    at new Promise (&lt;anonymous&gt;)
    at callAsyncCircusFn (C:\Users\Cheem\OneDrive\Coding\clipsCommerce - Copy\node_modules\jest-circus\build\utils.js:231:10)
    at _callCircusHook (C:\Users\Cheem\OneDrive\Coding\clipsCommerce - Copy\node_modules\jest-circus\build\run.js:281:40)
    at processTicksAndRejections (node:internal/process/task_queues:105:5)
    at _runTest (C:\Users\Cheem\OneDrive\Coding\clipsCommerce - Copy\node_modules\jest-circus\build\run.js:254:5)
    at _runTestsForDescribeBlock (C:\Users\Cheem\OneDrive\Coding\clipsCommerce - Copy\node_modules\jest-circus\build\run.js:126:9)
    at _runTestsForDescribeBlock (C:\Users\Cheem\OneDrive\Coding\clipsCommerce - Copy\node_modules\jest-circus\build\run.js:121:9)
    at _runTestsForDescribeBlock (C:\Users\Cheem\OneDrive\Coding\clipsCommerce - Copy\node_modules\jest-circus\build\run.js:121:9)
    at run (C:\Users\Cheem\OneDrive\Coding\clipsCommerce - Copy\node_modules\jest-circus\build\run.js:71:3)
    at runAndTransformResultsToJestFormat (C:\Users\Cheem\OneDrive\Coding\clipsCommerce - Copy\node_modules\jest-circus\build\legacy-code-todo-rewrite\jestAdapterInit.js:122:21)
    at jestAdapter (C:\Users\Cheem\OneDrive\Coding\clipsCommerce - Copy\node_modules\jest-circus\build\legacy-code-todo-rewrite\jestAdapter.js:79:19)
    at runTestInternal (C:\Users\Cheem\OneDrive\Coding\clipsCommerce - Copy\node_modules\jest-runner\build\runTest.js:367:16)
    at runTest (C:\Users\Cheem\OneDrive\Coding\clipsCommerce - Copy\node_modules\jest-runner\build\runTest.js:444:34)
    at Object.worker (C:\Users\Cheem\OneDrive\Coding\clipsCommerce - Copy\node_modules\jest-runner\build\testWorker.js:106:12)</failure>
    </testcase>
    <testcase classname="DataCollectionAgent data gap analysis should generate appropriate gap recommendations" name="DataCollectionAgent data gap analysis should generate appropriate gap recommendations" time="0.001">
      <failure>TypeError: Cannot read properties of undefined (reading &apos;tiktok&apos;)
    at DataCollectionAgent.initializeCollectionStrategies (C:\Users\Cheem\OneDrive\Coding\clipsCommerce - Copy\src\app\workflows\AI_improvement\services\agents\DataCollectionAgent.ts:407:76)
    at new DataCollectionAgent (C:\Users\Cheem\OneDrive\Coding\clipsCommerce - Copy\src\app\workflows\AI_improvement\services\agents\DataCollectionAgent.ts:81:10)
    at Object.&lt;anonymous&gt; (C:\Users\Cheem\OneDrive\Coding\clipsCommerce - Copy\src\app\workflows\AI_improvement\services\agents\__tests__\DataCollectionAgent.test.ts:27:13)
    at Promise.then.completed (C:\Users\Cheem\OneDrive\Coding\clipsCommerce - Copy\node_modules\jest-circus\build\utils.js:298:28)
    at new Promise (&lt;anonymous&gt;)
    at callAsyncCircusFn (C:\Users\Cheem\OneDrive\Coding\clipsCommerce - Copy\node_modules\jest-circus\build\utils.js:231:10)
    at _callCircusHook (C:\Users\Cheem\OneDrive\Coding\clipsCommerce - Copy\node_modules\jest-circus\build\run.js:281:40)
    at processTicksAndRejections (node:internal/process/task_queues:105:5)
    at _runTest (C:\Users\Cheem\OneDrive\Coding\clipsCommerce - Copy\node_modules\jest-circus\build\run.js:246:5)
    at _runTestsForDescribeBlock (C:\Users\Cheem\OneDrive\Coding\clipsCommerce - Copy\node_modules\jest-circus\build\run.js:126:9)
    at _runTestsForDescribeBlock (C:\Users\Cheem\OneDrive\Coding\clipsCommerce - Copy\node_modules\jest-circus\build\run.js:121:9)
    at _runTestsForDescribeBlock (C:\Users\Cheem\OneDrive\Coding\clipsCommerce - Copy\node_modules\jest-circus\build\run.js:121:9)
    at run (C:\Users\Cheem\OneDrive\Coding\clipsCommerce - Copy\node_modules\jest-circus\build\run.js:71:3)
    at runAndTransformResultsToJestFormat (C:\Users\Cheem\OneDrive\Coding\clipsCommerce - Copy\node_modules\jest-circus\build\legacy-code-todo-rewrite\jestAdapterInit.js:122:21)
    at jestAdapter (C:\Users\Cheem\OneDrive\Coding\clipsCommerce - Copy\node_modules\jest-circus\build\legacy-code-todo-rewrite\jestAdapter.js:79:19)
    at runTestInternal (C:\Users\Cheem\OneDrive\Coding\clipsCommerce - Copy\node_modules\jest-runner\build\runTest.js:367:16)
    at runTest (C:\Users\Cheem\OneDrive\Coding\clipsCommerce - Copy\node_modules\jest-runner\build\runTest.js:444:34)
    at Object.worker (C:\Users\Cheem\OneDrive\Coding\clipsCommerce - Copy\node_modules\jest-runner\build\testWorker.js:106:12)</failure>
      <failure>TypeError: Cannot read properties of undefined (reading &apos;stop&apos;)
    at Object.&lt;anonymous&gt; (C:\Users\Cheem\OneDrive\Coding\clipsCommerce - Copy\src\app\workflows\AI_improvement\services\agents\__tests__\DataCollectionAgent.test.ts:207:19)
    at Promise.then.completed (C:\Users\Cheem\OneDrive\Coding\clipsCommerce - Copy\node_modules\jest-circus\build\utils.js:298:28)
    at new Promise (&lt;anonymous&gt;)
    at callAsyncCircusFn (C:\Users\Cheem\OneDrive\Coding\clipsCommerce - Copy\node_modules\jest-circus\build\utils.js:231:10)
    at _callCircusHook (C:\Users\Cheem\OneDrive\Coding\clipsCommerce - Copy\node_modules\jest-circus\build\run.js:281:40)
    at processTicksAndRejections (node:internal/process/task_queues:105:5)
    at _runTest (C:\Users\Cheem\OneDrive\Coding\clipsCommerce - Copy\node_modules\jest-circus\build\run.js:254:5)
    at _runTestsForDescribeBlock (C:\Users\Cheem\OneDrive\Coding\clipsCommerce - Copy\node_modules\jest-circus\build\run.js:126:9)
    at _runTestsForDescribeBlock (C:\Users\Cheem\OneDrive\Coding\clipsCommerce - Copy\node_modules\jest-circus\build\run.js:121:9)
    at _runTestsForDescribeBlock (C:\Users\Cheem\OneDrive\Coding\clipsCommerce - Copy\node_modules\jest-circus\build\run.js:121:9)
    at run (C:\Users\Cheem\OneDrive\Coding\clipsCommerce - Copy\node_modules\jest-circus\build\run.js:71:3)
    at runAndTransformResultsToJestFormat (C:\Users\Cheem\OneDrive\Coding\clipsCommerce - Copy\node_modules\jest-circus\build\legacy-code-todo-rewrite\jestAdapterInit.js:122:21)
    at jestAdapter (C:\Users\Cheem\OneDrive\Coding\clipsCommerce - Copy\node_modules\jest-circus\build\legacy-code-todo-rewrite\jestAdapter.js:79:19)
    at runTestInternal (C:\Users\Cheem\OneDrive\Coding\clipsCommerce - Copy\node_modules\jest-runner\build\runTest.js:367:16)
    at runTest (C:\Users\Cheem\OneDrive\Coding\clipsCommerce - Copy\node_modules\jest-runner\build\runTest.js:444:34)
    at Object.worker (C:\Users\Cheem\OneDrive\Coding\clipsCommerce - Copy\node_modules\jest-runner\build\testWorker.js:106:12)</failure>
    </testcase>
    <testcase classname="DataCollectionAgent data gap analysis should prioritize critical gaps" name="DataCollectionAgent data gap analysis should prioritize critical gaps" time="0.001">
      <failure>TypeError: Cannot read properties of undefined (reading &apos;tiktok&apos;)
    at DataCollectionAgent.initializeCollectionStrategies (C:\Users\Cheem\OneDrive\Coding\clipsCommerce - Copy\src\app\workflows\AI_improvement\services\agents\DataCollectionAgent.ts:407:76)
    at new DataCollectionAgent (C:\Users\Cheem\OneDrive\Coding\clipsCommerce - Copy\src\app\workflows\AI_improvement\services\agents\DataCollectionAgent.ts:81:10)
    at Object.&lt;anonymous&gt; (C:\Users\Cheem\OneDrive\Coding\clipsCommerce - Copy\src\app\workflows\AI_improvement\services\agents\__tests__\DataCollectionAgent.test.ts:27:13)
    at Promise.then.completed (C:\Users\Cheem\OneDrive\Coding\clipsCommerce - Copy\node_modules\jest-circus\build\utils.js:298:28)
    at new Promise (&lt;anonymous&gt;)
    at callAsyncCircusFn (C:\Users\Cheem\OneDrive\Coding\clipsCommerce - Copy\node_modules\jest-circus\build\utils.js:231:10)
    at _callCircusHook (C:\Users\Cheem\OneDrive\Coding\clipsCommerce - Copy\node_modules\jest-circus\build\run.js:281:40)
    at processTicksAndRejections (node:internal/process/task_queues:105:5)
    at _runTest (C:\Users\Cheem\OneDrive\Coding\clipsCommerce - Copy\node_modules\jest-circus\build\run.js:246:5)
    at _runTestsForDescribeBlock (C:\Users\Cheem\OneDrive\Coding\clipsCommerce - Copy\node_modules\jest-circus\build\run.js:126:9)
    at _runTestsForDescribeBlock (C:\Users\Cheem\OneDrive\Coding\clipsCommerce - Copy\node_modules\jest-circus\build\run.js:121:9)
    at _runTestsForDescribeBlock (C:\Users\Cheem\OneDrive\Coding\clipsCommerce - Copy\node_modules\jest-circus\build\run.js:121:9)
    at run (C:\Users\Cheem\OneDrive\Coding\clipsCommerce - Copy\node_modules\jest-circus\build\run.js:71:3)
    at runAndTransformResultsToJestFormat (C:\Users\Cheem\OneDrive\Coding\clipsCommerce - Copy\node_modules\jest-circus\build\legacy-code-todo-rewrite\jestAdapterInit.js:122:21)
    at jestAdapter (C:\Users\Cheem\OneDrive\Coding\clipsCommerce - Copy\node_modules\jest-circus\build\legacy-code-todo-rewrite\jestAdapter.js:79:19)
    at runTestInternal (C:\Users\Cheem\OneDrive\Coding\clipsCommerce - Copy\node_modules\jest-runner\build\runTest.js:367:16)
    at runTest (C:\Users\Cheem\OneDrive\Coding\clipsCommerce - Copy\node_modules\jest-runner\build\runTest.js:444:34)
    at Object.worker (C:\Users\Cheem\OneDrive\Coding\clipsCommerce - Copy\node_modules\jest-runner\build\testWorker.js:106:12)</failure>
      <failure>TypeError: Cannot read properties of undefined (reading &apos;stop&apos;)
    at Object.&lt;anonymous&gt; (C:\Users\Cheem\OneDrive\Coding\clipsCommerce - Copy\src\app\workflows\AI_improvement\services\agents\__tests__\DataCollectionAgent.test.ts:207:19)
    at Promise.then.completed (C:\Users\Cheem\OneDrive\Coding\clipsCommerce - Copy\node_modules\jest-circus\build\utils.js:298:28)
    at new Promise (&lt;anonymous&gt;)
    at callAsyncCircusFn (C:\Users\Cheem\OneDrive\Coding\clipsCommerce - Copy\node_modules\jest-circus\build\utils.js:231:10)
    at _callCircusHook (C:\Users\Cheem\OneDrive\Coding\clipsCommerce - Copy\node_modules\jest-circus\build\run.js:281:40)
    at processTicksAndRejections (node:internal/process/task_queues:105:5)
    at _runTest (C:\Users\Cheem\OneDrive\Coding\clipsCommerce - Copy\node_modules\jest-circus\build\run.js:254:5)
    at _runTestsForDescribeBlock (C:\Users\Cheem\OneDrive\Coding\clipsCommerce - Copy\node_modules\jest-circus\build\run.js:126:9)
    at _runTestsForDescribeBlock (C:\Users\Cheem\OneDrive\Coding\clipsCommerce - Copy\node_modules\jest-circus\build\run.js:121:9)
    at _runTestsForDescribeBlock (C:\Users\Cheem\OneDrive\Coding\clipsCommerce - Copy\node_modules\jest-circus\build\run.js:121:9)
    at run (C:\Users\Cheem\OneDrive\Coding\clipsCommerce - Copy\node_modules\jest-circus\build\run.js:71:3)
    at runAndTransformResultsToJestFormat (C:\Users\Cheem\OneDrive\Coding\clipsCommerce - Copy\node_modules\jest-circus\build\legacy-code-todo-rewrite\jestAdapterInit.js:122:21)
    at jestAdapter (C:\Users\Cheem\OneDrive\Coding\clipsCommerce - Copy\node_modules\jest-circus\build\legacy-code-todo-rewrite\jestAdapter.js:79:19)
    at runTestInternal (C:\Users\Cheem\OneDrive\Coding\clipsCommerce - Copy\node_modules\jest-runner\build\runTest.js:367:16)
    at runTest (C:\Users\Cheem\OneDrive\Coding\clipsCommerce - Copy\node_modules\jest-runner\build\runTest.js:444:34)
    at Object.worker (C:\Users\Cheem\OneDrive\Coding\clipsCommerce - Copy\node_modules\jest-runner\build\testWorker.js:106:12)</failure>
    </testcase>
    <testcase classname="DataCollectionAgent collection strategy optimization should optimize collection strategy for different platforms" name="DataCollectionAgent collection strategy optimization should optimize collection strategy for different platforms" time="0.001">
      <failure>TypeError: Cannot read properties of undefined (reading &apos;tiktok&apos;)
    at DataCollectionAgent.initializeCollectionStrategies (C:\Users\Cheem\OneDrive\Coding\clipsCommerce - Copy\src\app\workflows\AI_improvement\services\agents\DataCollectionAgent.ts:407:76)
    at new DataCollectionAgent (C:\Users\Cheem\OneDrive\Coding\clipsCommerce - Copy\src\app\workflows\AI_improvement\services\agents\DataCollectionAgent.ts:81:10)
    at Object.&lt;anonymous&gt; (C:\Users\Cheem\OneDrive\Coding\clipsCommerce - Copy\src\app\workflows\AI_improvement\services\agents\__tests__\DataCollectionAgent.test.ts:27:13)
    at Promise.then.completed (C:\Users\Cheem\OneDrive\Coding\clipsCommerce - Copy\node_modules\jest-circus\build\utils.js:298:28)
    at new Promise (&lt;anonymous&gt;)
    at callAsyncCircusFn (C:\Users\Cheem\OneDrive\Coding\clipsCommerce - Copy\node_modules\jest-circus\build\utils.js:231:10)
    at _callCircusHook (C:\Users\Cheem\OneDrive\Coding\clipsCommerce - Copy\node_modules\jest-circus\build\run.js:281:40)
    at processTicksAndRejections (node:internal/process/task_queues:105:5)
    at _runTest (C:\Users\Cheem\OneDrive\Coding\clipsCommerce - Copy\node_modules\jest-circus\build\run.js:246:5)
    at _runTestsForDescribeBlock (C:\Users\Cheem\OneDrive\Coding\clipsCommerce - Copy\node_modules\jest-circus\build\run.js:126:9)
    at _runTestsForDescribeBlock (C:\Users\Cheem\OneDrive\Coding\clipsCommerce - Copy\node_modules\jest-circus\build\run.js:121:9)
    at _runTestsForDescribeBlock (C:\Users\Cheem\OneDrive\Coding\clipsCommerce - Copy\node_modules\jest-circus\build\run.js:121:9)
    at run (C:\Users\Cheem\OneDrive\Coding\clipsCommerce - Copy\node_modules\jest-circus\build\run.js:71:3)
    at runAndTransformResultsToJestFormat (C:\Users\Cheem\OneDrive\Coding\clipsCommerce - Copy\node_modules\jest-circus\build\legacy-code-todo-rewrite\jestAdapterInit.js:122:21)
    at jestAdapter (C:\Users\Cheem\OneDrive\Coding\clipsCommerce - Copy\node_modules\jest-circus\build\legacy-code-todo-rewrite\jestAdapter.js:79:19)
    at runTestInternal (C:\Users\Cheem\OneDrive\Coding\clipsCommerce - Copy\node_modules\jest-runner\build\runTest.js:367:16)
    at runTest (C:\Users\Cheem\OneDrive\Coding\clipsCommerce - Copy\node_modules\jest-runner\build\runTest.js:444:34)
    at Object.worker (C:\Users\Cheem\OneDrive\Coding\clipsCommerce - Copy\node_modules\jest-runner\build\testWorker.js:106:12)</failure>
      <failure>TypeError: Cannot read properties of undefined (reading &apos;stop&apos;)
    at Object.&lt;anonymous&gt; (C:\Users\Cheem\OneDrive\Coding\clipsCommerce - Copy\src\app\workflows\AI_improvement\services\agents\__tests__\DataCollectionAgent.test.ts:287:19)
    at Promise.then.completed (C:\Users\Cheem\OneDrive\Coding\clipsCommerce - Copy\node_modules\jest-circus\build\utils.js:298:28)
    at new Promise (&lt;anonymous&gt;)
    at callAsyncCircusFn (C:\Users\Cheem\OneDrive\Coding\clipsCommerce - Copy\node_modules\jest-circus\build\utils.js:231:10)
    at _callCircusHook (C:\Users\Cheem\OneDrive\Coding\clipsCommerce - Copy\node_modules\jest-circus\build\run.js:281:40)
    at processTicksAndRejections (node:internal/process/task_queues:105:5)
    at _runTest (C:\Users\Cheem\OneDrive\Coding\clipsCommerce - Copy\node_modules\jest-circus\build\run.js:254:5)
    at _runTestsForDescribeBlock (C:\Users\Cheem\OneDrive\Coding\clipsCommerce - Copy\node_modules\jest-circus\build\run.js:126:9)
    at _runTestsForDescribeBlock (C:\Users\Cheem\OneDrive\Coding\clipsCommerce - Copy\node_modules\jest-circus\build\run.js:121:9)
    at _runTestsForDescribeBlock (C:\Users\Cheem\OneDrive\Coding\clipsCommerce - Copy\node_modules\jest-circus\build\run.js:121:9)
    at run (C:\Users\Cheem\OneDrive\Coding\clipsCommerce - Copy\node_modules\jest-circus\build\run.js:71:3)
    at runAndTransformResultsToJestFormat (C:\Users\Cheem\OneDrive\Coding\clipsCommerce - Copy\node_modules\jest-circus\build\legacy-code-todo-rewrite\jestAdapterInit.js:122:21)
    at jestAdapter (C:\Users\Cheem\OneDrive\Coding\clipsCommerce - Copy\node_modules\jest-circus\build\legacy-code-todo-rewrite\jestAdapter.js:79:19)
    at runTestInternal (C:\Users\Cheem\OneDrive\Coding\clipsCommerce - Copy\node_modules\jest-runner\build\runTest.js:367:16)
    at runTest (C:\Users\Cheem\OneDrive\Coding\clipsCommerce - Copy\node_modules\jest-runner\build\runTest.js:444:34)
    at Object.worker (C:\Users\Cheem\OneDrive\Coding\clipsCommerce - Copy\node_modules\jest-runner\build\testWorker.js:106:12)</failure>
    </testcase>
    <testcase classname="DataCollectionAgent collection strategy optimization should optimize for different niches" name="DataCollectionAgent collection strategy optimization should optimize for different niches" time="0">
      <failure>TypeError: Cannot read properties of undefined (reading &apos;tiktok&apos;)
    at DataCollectionAgent.initializeCollectionStrategies (C:\Users\Cheem\OneDrive\Coding\clipsCommerce - Copy\src\app\workflows\AI_improvement\services\agents\DataCollectionAgent.ts:407:76)
    at new DataCollectionAgent (C:\Users\Cheem\OneDrive\Coding\clipsCommerce - Copy\src\app\workflows\AI_improvement\services\agents\DataCollectionAgent.ts:81:10)
    at Object.&lt;anonymous&gt; (C:\Users\Cheem\OneDrive\Coding\clipsCommerce - Copy\src\app\workflows\AI_improvement\services\agents\__tests__\DataCollectionAgent.test.ts:27:13)
    at Promise.then.completed (C:\Users\Cheem\OneDrive\Coding\clipsCommerce - Copy\node_modules\jest-circus\build\utils.js:298:28)
    at new Promise (&lt;anonymous&gt;)
    at callAsyncCircusFn (C:\Users\Cheem\OneDrive\Coding\clipsCommerce - Copy\node_modules\jest-circus\build\utils.js:231:10)
    at _callCircusHook (C:\Users\Cheem\OneDrive\Coding\clipsCommerce - Copy\node_modules\jest-circus\build\run.js:281:40)
    at processTicksAndRejections (node:internal/process/task_queues:105:5)
    at _runTest (C:\Users\Cheem\OneDrive\Coding\clipsCommerce - Copy\node_modules\jest-circus\build\run.js:246:5)
    at _runTestsForDescribeBlock (C:\Users\Cheem\OneDrive\Coding\clipsCommerce - Copy\node_modules\jest-circus\build\run.js:126:9)
    at _runTestsForDescribeBlock (C:\Users\Cheem\OneDrive\Coding\clipsCommerce - Copy\node_modules\jest-circus\build\run.js:121:9)
    at _runTestsForDescribeBlock (C:\Users\Cheem\OneDrive\Coding\clipsCommerce - Copy\node_modules\jest-circus\build\run.js:121:9)
    at run (C:\Users\Cheem\OneDrive\Coding\clipsCommerce - Copy\node_modules\jest-circus\build\run.js:71:3)
    at runAndTransformResultsToJestFormat (C:\Users\Cheem\OneDrive\Coding\clipsCommerce - Copy\node_modules\jest-circus\build\legacy-code-todo-rewrite\jestAdapterInit.js:122:21)
    at jestAdapter (C:\Users\Cheem\OneDrive\Coding\clipsCommerce - Copy\node_modules\jest-circus\build\legacy-code-todo-rewrite\jestAdapter.js:79:19)
    at runTestInternal (C:\Users\Cheem\OneDrive\Coding\clipsCommerce - Copy\node_modules\jest-runner\build\runTest.js:367:16)
    at runTest (C:\Users\Cheem\OneDrive\Coding\clipsCommerce - Copy\node_modules\jest-runner\build\runTest.js:444:34)
    at Object.worker (C:\Users\Cheem\OneDrive\Coding\clipsCommerce - Copy\node_modules\jest-runner\build\testWorker.js:106:12)</failure>
      <failure>TypeError: Cannot read properties of undefined (reading &apos;stop&apos;)
    at Object.&lt;anonymous&gt; (C:\Users\Cheem\OneDrive\Coding\clipsCommerce - Copy\src\app\workflows\AI_improvement\services\agents\__tests__\DataCollectionAgent.test.ts:287:19)
    at Promise.then.completed (C:\Users\Cheem\OneDrive\Coding\clipsCommerce - Copy\node_modules\jest-circus\build\utils.js:298:28)
    at new Promise (&lt;anonymous&gt;)
    at callAsyncCircusFn (C:\Users\Cheem\OneDrive\Coding\clipsCommerce - Copy\node_modules\jest-circus\build\utils.js:231:10)
    at _callCircusHook (C:\Users\Cheem\OneDrive\Coding\clipsCommerce - Copy\node_modules\jest-circus\build\run.js:281:40)
    at processTicksAndRejections (node:internal/process/task_queues:105:5)
    at _runTest (C:\Users\Cheem\OneDrive\Coding\clipsCommerce - Copy\node_modules\jest-circus\build\run.js:254:5)
    at _runTestsForDescribeBlock (C:\Users\Cheem\OneDrive\Coding\clipsCommerce - Copy\node_modules\jest-circus\build\run.js:126:9)
    at _runTestsForDescribeBlock (C:\Users\Cheem\OneDrive\Coding\clipsCommerce - Copy\node_modules\jest-circus\build\run.js:121:9)
    at _runTestsForDescribeBlock (C:\Users\Cheem\OneDrive\Coding\clipsCommerce - Copy\node_modules\jest-circus\build\run.js:121:9)
    at run (C:\Users\Cheem\OneDrive\Coding\clipsCommerce - Copy\node_modules\jest-circus\build\run.js:71:3)
    at runAndTransformResultsToJestFormat (C:\Users\Cheem\OneDrive\Coding\clipsCommerce - Copy\node_modules\jest-circus\build\legacy-code-todo-rewrite\jestAdapterInit.js:122:21)
    at jestAdapter (C:\Users\Cheem\OneDrive\Coding\clipsCommerce - Copy\node_modules\jest-circus\build\legacy-code-todo-rewrite\jestAdapter.js:79:19)
    at runTestInternal (C:\Users\Cheem\OneDrive\Coding\clipsCommerce - Copy\node_modules\jest-runner\build\runTest.js:367:16)
    at runTest (C:\Users\Cheem\OneDrive\Coding\clipsCommerce - Copy\node_modules\jest-runner\build\runTest.js:444:34)
    at Object.worker (C:\Users\Cheem\OneDrive\Coding\clipsCommerce - Copy\node_modules\jest-runner\build\testWorker.js:106:12)</failure>
    </testcase>
    <testcase classname="DataCollectionAgent collection strategy optimization should include rate limit optimization" name="DataCollectionAgent collection strategy optimization should include rate limit optimization" time="0.001">
      <failure>TypeError: Cannot read properties of undefined (reading &apos;tiktok&apos;)
    at DataCollectionAgent.initializeCollectionStrategies (C:\Users\Cheem\OneDrive\Coding\clipsCommerce - Copy\src\app\workflows\AI_improvement\services\agents\DataCollectionAgent.ts:407:76)
    at new DataCollectionAgent (C:\Users\Cheem\OneDrive\Coding\clipsCommerce - Copy\src\app\workflows\AI_improvement\services\agents\DataCollectionAgent.ts:81:10)
    at Object.&lt;anonymous&gt; (C:\Users\Cheem\OneDrive\Coding\clipsCommerce - Copy\src\app\workflows\AI_improvement\services\agents\__tests__\DataCollectionAgent.test.ts:27:13)
    at Promise.then.completed (C:\Users\Cheem\OneDrive\Coding\clipsCommerce - Copy\node_modules\jest-circus\build\utils.js:298:28)
    at new Promise (&lt;anonymous&gt;)
    at callAsyncCircusFn (C:\Users\Cheem\OneDrive\Coding\clipsCommerce - Copy\node_modules\jest-circus\build\utils.js:231:10)
    at _callCircusHook (C:\Users\Cheem\OneDrive\Coding\clipsCommerce - Copy\node_modules\jest-circus\build\run.js:281:40)
    at processTicksAndRejections (node:internal/process/task_queues:105:5)
    at _runTest (C:\Users\Cheem\OneDrive\Coding\clipsCommerce - Copy\node_modules\jest-circus\build\run.js:246:5)
    at _runTestsForDescribeBlock (C:\Users\Cheem\OneDrive\Coding\clipsCommerce - Copy\node_modules\jest-circus\build\run.js:126:9)
    at _runTestsForDescribeBlock (C:\Users\Cheem\OneDrive\Coding\clipsCommerce - Copy\node_modules\jest-circus\build\run.js:121:9)
    at _runTestsForDescribeBlock (C:\Users\Cheem\OneDrive\Coding\clipsCommerce - Copy\node_modules\jest-circus\build\run.js:121:9)
    at run (C:\Users\Cheem\OneDrive\Coding\clipsCommerce - Copy\node_modules\jest-circus\build\run.js:71:3)
    at runAndTransformResultsToJestFormat (C:\Users\Cheem\OneDrive\Coding\clipsCommerce - Copy\node_modules\jest-circus\build\legacy-code-todo-rewrite\jestAdapterInit.js:122:21)
    at jestAdapter (C:\Users\Cheem\OneDrive\Coding\clipsCommerce - Copy\node_modules\jest-circus\build\legacy-code-todo-rewrite\jestAdapter.js:79:19)
    at runTestInternal (C:\Users\Cheem\OneDrive\Coding\clipsCommerce - Copy\node_modules\jest-runner\build\runTest.js:367:16)
    at runTest (C:\Users\Cheem\OneDrive\Coding\clipsCommerce - Copy\node_modules\jest-runner\build\runTest.js:444:34)
    at Object.worker (C:\Users\Cheem\OneDrive\Coding\clipsCommerce - Copy\node_modules\jest-runner\build\testWorker.js:106:12)</failure>
      <failure>TypeError: Cannot read properties of undefined (reading &apos;stop&apos;)
    at Object.&lt;anonymous&gt; (C:\Users\Cheem\OneDrive\Coding\clipsCommerce - Copy\src\app\workflows\AI_improvement\services\agents\__tests__\DataCollectionAgent.test.ts:287:19)
    at Promise.then.completed (C:\Users\Cheem\OneDrive\Coding\clipsCommerce - Copy\node_modules\jest-circus\build\utils.js:298:28)
    at new Promise (&lt;anonymous&gt;)
    at callAsyncCircusFn (C:\Users\Cheem\OneDrive\Coding\clipsCommerce - Copy\node_modules\jest-circus\build\utils.js:231:10)
    at _callCircusHook (C:\Users\Cheem\OneDrive\Coding\clipsCommerce - Copy\node_modules\jest-circus\build\run.js:281:40)
    at processTicksAndRejections (node:internal/process/task_queues:105:5)
    at _runTest (C:\Users\Cheem\OneDrive\Coding\clipsCommerce - Copy\node_modules\jest-circus\build\run.js:254:5)
    at _runTestsForDescribeBlock (C:\Users\Cheem\OneDrive\Coding\clipsCommerce - Copy\node_modules\jest-circus\build\run.js:126:9)
    at _runTestsForDescribeBlock (C:\Users\Cheem\OneDrive\Coding\clipsCommerce - Copy\node_modules\jest-circus\build\run.js:121:9)
    at _runTestsForDescribeBlock (C:\Users\Cheem\OneDrive\Coding\clipsCommerce - Copy\node_modules\jest-circus\build\run.js:121:9)
    at run (C:\Users\Cheem\OneDrive\Coding\clipsCommerce - Copy\node_modules\jest-circus\build\run.js:71:3)
    at runAndTransformResultsToJestFormat (C:\Users\Cheem\OneDrive\Coding\clipsCommerce - Copy\node_modules\jest-circus\build\legacy-code-todo-rewrite\jestAdapterInit.js:122:21)
    at jestAdapter (C:\Users\Cheem\OneDrive\Coding\clipsCommerce - Copy\node_modules\jest-circus\build\legacy-code-todo-rewrite\jestAdapter.js:79:19)
    at runTestInternal (C:\Users\Cheem\OneDrive\Coding\clipsCommerce - Copy\node_modules\jest-runner\build\runTest.js:367:16)
    at runTest (C:\Users\Cheem\OneDrive\Coding\clipsCommerce - Copy\node_modules\jest-runner\build\runTest.js:444:34)
    at Object.worker (C:\Users\Cheem\OneDrive\Coding\clipsCommerce - Copy\node_modules\jest-runner\build\testWorker.js:106:12)</failure>
    </testcase>
    <testcase classname="DataCollectionAgent collection strategy optimization should include content discovery optimization" name="DataCollectionAgent collection strategy optimization should include content discovery optimization" time="0.001">
      <failure>TypeError: Cannot read properties of undefined (reading &apos;tiktok&apos;)
    at DataCollectionAgent.initializeCollectionStrategies (C:\Users\Cheem\OneDrive\Coding\clipsCommerce - Copy\src\app\workflows\AI_improvement\services\agents\DataCollectionAgent.ts:407:76)
    at new DataCollectionAgent (C:\Users\Cheem\OneDrive\Coding\clipsCommerce - Copy\src\app\workflows\AI_improvement\services\agents\DataCollectionAgent.ts:81:10)
    at Object.&lt;anonymous&gt; (C:\Users\Cheem\OneDrive\Coding\clipsCommerce - Copy\src\app\workflows\AI_improvement\services\agents\__tests__\DataCollectionAgent.test.ts:27:13)
    at Promise.then.completed (C:\Users\Cheem\OneDrive\Coding\clipsCommerce - Copy\node_modules\jest-circus\build\utils.js:298:28)
    at new Promise (&lt;anonymous&gt;)
    at callAsyncCircusFn (C:\Users\Cheem\OneDrive\Coding\clipsCommerce - Copy\node_modules\jest-circus\build\utils.js:231:10)
    at _callCircusHook (C:\Users\Cheem\OneDrive\Coding\clipsCommerce - Copy\node_modules\jest-circus\build\run.js:281:40)
    at processTicksAndRejections (node:internal/process/task_queues:105:5)
    at _runTest (C:\Users\Cheem\OneDrive\Coding\clipsCommerce - Copy\node_modules\jest-circus\build\run.js:246:5)
    at _runTestsForDescribeBlock (C:\Users\Cheem\OneDrive\Coding\clipsCommerce - Copy\node_modules\jest-circus\build\run.js:126:9)
    at _runTestsForDescribeBlock (C:\Users\Cheem\OneDrive\Coding\clipsCommerce - Copy\node_modules\jest-circus\build\run.js:121:9)
    at _runTestsForDescribeBlock (C:\Users\Cheem\OneDrive\Coding\clipsCommerce - Copy\node_modules\jest-circus\build\run.js:121:9)
    at run (C:\Users\Cheem\OneDrive\Coding\clipsCommerce - Copy\node_modules\jest-circus\build\run.js:71:3)
    at runAndTransformResultsToJestFormat (C:\Users\Cheem\OneDrive\Coding\clipsCommerce - Copy\node_modules\jest-circus\build\legacy-code-todo-rewrite\jestAdapterInit.js:122:21)
    at jestAdapter (C:\Users\Cheem\OneDrive\Coding\clipsCommerce - Copy\node_modules\jest-circus\build\legacy-code-todo-rewrite\jestAdapter.js:79:19)
    at runTestInternal (C:\Users\Cheem\OneDrive\Coding\clipsCommerce - Copy\node_modules\jest-runner\build\runTest.js:367:16)
    at runTest (C:\Users\Cheem\OneDrive\Coding\clipsCommerce - Copy\node_modules\jest-runner\build\runTest.js:444:34)
    at Object.worker (C:\Users\Cheem\OneDrive\Coding\clipsCommerce - Copy\node_modules\jest-runner\build\testWorker.js:106:12)</failure>
      <failure>TypeError: Cannot read properties of undefined (reading &apos;stop&apos;)
    at Object.&lt;anonymous&gt; (C:\Users\Cheem\OneDrive\Coding\clipsCommerce - Copy\src\app\workflows\AI_improvement\services\agents\__tests__\DataCollectionAgent.test.ts:287:19)
    at Promise.then.completed (C:\Users\Cheem\OneDrive\Coding\clipsCommerce - Copy\node_modules\jest-circus\build\utils.js:298:28)
    at new Promise (&lt;anonymous&gt;)
    at callAsyncCircusFn (C:\Users\Cheem\OneDrive\Coding\clipsCommerce - Copy\node_modules\jest-circus\build\utils.js:231:10)
    at _callCircusHook (C:\Users\Cheem\OneDrive\Coding\clipsCommerce - Copy\node_modules\jest-circus\build\run.js:281:40)
    at processTicksAndRejections (node:internal/process/task_queues:105:5)
    at _runTest (C:\Users\Cheem\OneDrive\Coding\clipsCommerce - Copy\node_modules\jest-circus\build\run.js:254:5)
    at _runTestsForDescribeBlock (C:\Users\Cheem\OneDrive\Coding\clipsCommerce - Copy\node_modules\jest-circus\build\run.js:126:9)
    at _runTestsForDescribeBlock (C:\Users\Cheem\OneDrive\Coding\clipsCommerce - Copy\node_modules\jest-circus\build\run.js:121:9)
    at _runTestsForDescribeBlock (C:\Users\Cheem\OneDrive\Coding\clipsCommerce - Copy\node_modules\jest-circus\build\run.js:121:9)
    at run (C:\Users\Cheem\OneDrive\Coding\clipsCommerce - Copy\node_modules\jest-circus\build\run.js:71:3)
    at runAndTransformResultsToJestFormat (C:\Users\Cheem\OneDrive\Coding\clipsCommerce - Copy\node_modules\jest-circus\build\legacy-code-todo-rewrite\jestAdapterInit.js:122:21)
    at jestAdapter (C:\Users\Cheem\OneDrive\Coding\clipsCommerce - Copy\node_modules\jest-circus\build\legacy-code-todo-rewrite\jestAdapter.js:79:19)
    at runTestInternal (C:\Users\Cheem\OneDrive\Coding\clipsCommerce - Copy\node_modules\jest-runner\build\runTest.js:367:16)
    at runTest (C:\Users\Cheem\OneDrive\Coding\clipsCommerce - Copy\node_modules\jest-runner\build\runTest.js:444:34)
    at Object.worker (C:\Users\Cheem\OneDrive\Coding\clipsCommerce - Copy\node_modules\jest-runner\build\testWorker.js:106:12)</failure>
    </testcase>
    <testcase classname="DataCollectionAgent collection strategy optimization should include quality filters" name="DataCollectionAgent collection strategy optimization should include quality filters" time="0.001">
      <failure>TypeError: Cannot read properties of undefined (reading &apos;tiktok&apos;)
    at DataCollectionAgent.initializeCollectionStrategies (C:\Users\Cheem\OneDrive\Coding\clipsCommerce - Copy\src\app\workflows\AI_improvement\services\agents\DataCollectionAgent.ts:407:76)
    at new DataCollectionAgent (C:\Users\Cheem\OneDrive\Coding\clipsCommerce - Copy\src\app\workflows\AI_improvement\services\agents\DataCollectionAgent.ts:81:10)
    at Object.&lt;anonymous&gt; (C:\Users\Cheem\OneDrive\Coding\clipsCommerce - Copy\src\app\workflows\AI_improvement\services\agents\__tests__\DataCollectionAgent.test.ts:27:13)
    at Promise.then.completed (C:\Users\Cheem\OneDrive\Coding\clipsCommerce - Copy\node_modules\jest-circus\build\utils.js:298:28)
    at new Promise (&lt;anonymous&gt;)
    at callAsyncCircusFn (C:\Users\Cheem\OneDrive\Coding\clipsCommerce - Copy\node_modules\jest-circus\build\utils.js:231:10)
    at _callCircusHook (C:\Users\Cheem\OneDrive\Coding\clipsCommerce - Copy\node_modules\jest-circus\build\run.js:281:40)
    at processTicksAndRejections (node:internal/process/task_queues:105:5)
    at _runTest (C:\Users\Cheem\OneDrive\Coding\clipsCommerce - Copy\node_modules\jest-circus\build\run.js:246:5)
    at _runTestsForDescribeBlock (C:\Users\Cheem\OneDrive\Coding\clipsCommerce - Copy\node_modules\jest-circus\build\run.js:126:9)
    at _runTestsForDescribeBlock (C:\Users\Cheem\OneDrive\Coding\clipsCommerce - Copy\node_modules\jest-circus\build\run.js:121:9)
    at _runTestsForDescribeBlock (C:\Users\Cheem\OneDrive\Coding\clipsCommerce - Copy\node_modules\jest-circus\build\run.js:121:9)
    at run (C:\Users\Cheem\OneDrive\Coding\clipsCommerce - Copy\node_modules\jest-circus\build\run.js:71:3)
    at runAndTransformResultsToJestFormat (C:\Users\Cheem\OneDrive\Coding\clipsCommerce - Copy\node_modules\jest-circus\build\legacy-code-todo-rewrite\jestAdapterInit.js:122:21)
    at jestAdapter (C:\Users\Cheem\OneDrive\Coding\clipsCommerce - Copy\node_modules\jest-circus\build\legacy-code-todo-rewrite\jestAdapter.js:79:19)
    at runTestInternal (C:\Users\Cheem\OneDrive\Coding\clipsCommerce - Copy\node_modules\jest-runner\build\runTest.js:367:16)
    at runTest (C:\Users\Cheem\OneDrive\Coding\clipsCommerce - Copy\node_modules\jest-runner\build\runTest.js:444:34)
    at Object.worker (C:\Users\Cheem\OneDrive\Coding\clipsCommerce - Copy\node_modules\jest-runner\build\testWorker.js:106:12)</failure>
      <failure>TypeError: Cannot read properties of undefined (reading &apos;stop&apos;)
    at Object.&lt;anonymous&gt; (C:\Users\Cheem\OneDrive\Coding\clipsCommerce - Copy\src\app\workflows\AI_improvement\services\agents\__tests__\DataCollectionAgent.test.ts:287:19)
    at Promise.then.completed (C:\Users\Cheem\OneDrive\Coding\clipsCommerce - Copy\node_modules\jest-circus\build\utils.js:298:28)
    at new Promise (&lt;anonymous&gt;)
    at callAsyncCircusFn (C:\Users\Cheem\OneDrive\Coding\clipsCommerce - Copy\node_modules\jest-circus\build\utils.js:231:10)
    at _callCircusHook (C:\Users\Cheem\OneDrive\Coding\clipsCommerce - Copy\node_modules\jest-circus\build\run.js:281:40)
    at processTicksAndRejections (node:internal/process/task_queues:105:5)
    at _runTest (C:\Users\Cheem\OneDrive\Coding\clipsCommerce - Copy\node_modules\jest-circus\build\run.js:254:5)
    at _runTestsForDescribeBlock (C:\Users\Cheem\OneDrive\Coding\clipsCommerce - Copy\node_modules\jest-circus\build\run.js:126:9)
    at _runTestsForDescribeBlock (C:\Users\Cheem\OneDrive\Coding\clipsCommerce - Copy\node_modules\jest-circus\build\run.js:121:9)
    at _runTestsForDescribeBlock (C:\Users\Cheem\OneDrive\Coding\clipsCommerce - Copy\node_modules\jest-circus\build\run.js:121:9)
    at run (C:\Users\Cheem\OneDrive\Coding\clipsCommerce - Copy\node_modules\jest-circus\build\run.js:71:3)
    at runAndTransformResultsToJestFormat (C:\Users\Cheem\OneDrive\Coding\clipsCommerce - Copy\node_modules\jest-circus\build\legacy-code-todo-rewrite\jestAdapterInit.js:122:21)
    at jestAdapter (C:\Users\Cheem\OneDrive\Coding\clipsCommerce - Copy\node_modules\jest-circus\build\legacy-code-todo-rewrite\jestAdapter.js:79:19)
    at runTestInternal (C:\Users\Cheem\OneDrive\Coding\clipsCommerce - Copy\node_modules\jest-runner\build\runTest.js:367:16)
    at runTest (C:\Users\Cheem\OneDrive\Coding\clipsCommerce - Copy\node_modules\jest-runner\build\runTest.js:444:34)
    at Object.worker (C:\Users\Cheem\OneDrive\Coding\clipsCommerce - Copy\node_modules\jest-runner\build\testWorker.js:106:12)</failure>
    </testcase>
    <testcase classname="DataCollectionAgent quality validation should validate data quality metrics" name="DataCollectionAgent quality validation should validate data quality metrics" time="0">
      <failure>TypeError: Cannot read properties of undefined (reading &apos;tiktok&apos;)
    at DataCollectionAgent.initializeCollectionStrategies (C:\Users\Cheem\OneDrive\Coding\clipsCommerce - Copy\src\app\workflows\AI_improvement\services\agents\DataCollectionAgent.ts:407:76)
    at new DataCollectionAgent (C:\Users\Cheem\OneDrive\Coding\clipsCommerce - Copy\src\app\workflows\AI_improvement\services\agents\DataCollectionAgent.ts:81:10)
    at Object.&lt;anonymous&gt; (C:\Users\Cheem\OneDrive\Coding\clipsCommerce - Copy\src\app\workflows\AI_improvement\services\agents\__tests__\DataCollectionAgent.test.ts:27:13)
    at Promise.then.completed (C:\Users\Cheem\OneDrive\Coding\clipsCommerce - Copy\node_modules\jest-circus\build\utils.js:298:28)
    at new Promise (&lt;anonymous&gt;)
    at callAsyncCircusFn (C:\Users\Cheem\OneDrive\Coding\clipsCommerce - Copy\node_modules\jest-circus\build\utils.js:231:10)
    at _callCircusHook (C:\Users\Cheem\OneDrive\Coding\clipsCommerce - Copy\node_modules\jest-circus\build\run.js:281:40)
    at processTicksAndRejections (node:internal/process/task_queues:105:5)
    at _runTest (C:\Users\Cheem\OneDrive\Coding\clipsCommerce - Copy\node_modules\jest-circus\build\run.js:246:5)
    at _runTestsForDescribeBlock (C:\Users\Cheem\OneDrive\Coding\clipsCommerce - Copy\node_modules\jest-circus\build\run.js:126:9)
    at _runTestsForDescribeBlock (C:\Users\Cheem\OneDrive\Coding\clipsCommerce - Copy\node_modules\jest-circus\build\run.js:121:9)
    at _runTestsForDescribeBlock (C:\Users\Cheem\OneDrive\Coding\clipsCommerce - Copy\node_modules\jest-circus\build\run.js:121:9)
    at run (C:\Users\Cheem\OneDrive\Coding\clipsCommerce - Copy\node_modules\jest-circus\build\run.js:71:3)
    at runAndTransformResultsToJestFormat (C:\Users\Cheem\OneDrive\Coding\clipsCommerce - Copy\node_modules\jest-circus\build\legacy-code-todo-rewrite\jestAdapterInit.js:122:21)
    at jestAdapter (C:\Users\Cheem\OneDrive\Coding\clipsCommerce - Copy\node_modules\jest-circus\build\legacy-code-todo-rewrite\jestAdapter.js:79:19)
    at runTestInternal (C:\Users\Cheem\OneDrive\Coding\clipsCommerce - Copy\node_modules\jest-runner\build\runTest.js:367:16)
    at runTest (C:\Users\Cheem\OneDrive\Coding\clipsCommerce - Copy\node_modules\jest-runner\build\runTest.js:444:34)
    at Object.worker (C:\Users\Cheem\OneDrive\Coding\clipsCommerce - Copy\node_modules\jest-runner\build\testWorker.js:106:12)</failure>
      <failure>TypeError: Cannot read properties of undefined (reading &apos;stop&apos;)
    at Object.&lt;anonymous&gt; (C:\Users\Cheem\OneDrive\Coding\clipsCommerce - Copy\src\app\workflows\AI_improvement\services\agents\__tests__\DataCollectionAgent.test.ts:400:19)
    at Promise.then.completed (C:\Users\Cheem\OneDrive\Coding\clipsCommerce - Copy\node_modules\jest-circus\build\utils.js:298:28)
    at new Promise (&lt;anonymous&gt;)
    at callAsyncCircusFn (C:\Users\Cheem\OneDrive\Coding\clipsCommerce - Copy\node_modules\jest-circus\build\utils.js:231:10)
    at _callCircusHook (C:\Users\Cheem\OneDrive\Coding\clipsCommerce - Copy\node_modules\jest-circus\build\run.js:281:40)
    at processTicksAndRejections (node:internal/process/task_queues:105:5)
    at _runTest (C:\Users\Cheem\OneDrive\Coding\clipsCommerce - Copy\node_modules\jest-circus\build\run.js:254:5)
    at _runTestsForDescribeBlock (C:\Users\Cheem\OneDrive\Coding\clipsCommerce - Copy\node_modules\jest-circus\build\run.js:126:9)
    at _runTestsForDescribeBlock (C:\Users\Cheem\OneDrive\Coding\clipsCommerce - Copy\node_modules\jest-circus\build\run.js:121:9)
    at _runTestsForDescribeBlock (C:\Users\Cheem\OneDrive\Coding\clipsCommerce - Copy\node_modules\jest-circus\build\run.js:121:9)
    at run (C:\Users\Cheem\OneDrive\Coding\clipsCommerce - Copy\node_modules\jest-circus\build\run.js:71:3)
    at runAndTransformResultsToJestFormat (C:\Users\Cheem\OneDrive\Coding\clipsCommerce - Copy\node_modules\jest-circus\build\legacy-code-todo-rewrite\jestAdapterInit.js:122:21)
    at jestAdapter (C:\Users\Cheem\OneDrive\Coding\clipsCommerce - Copy\node_modules\jest-circus\build\legacy-code-todo-rewrite\jestAdapter.js:79:19)
    at runTestInternal (C:\Users\Cheem\OneDrive\Coding\clipsCommerce - Copy\node_modules\jest-runner\build\runTest.js:367:16)
    at runTest (C:\Users\Cheem\OneDrive\Coding\clipsCommerce - Copy\node_modules\jest-runner\build\runTest.js:444:34)
    at Object.worker (C:\Users\Cheem\OneDrive\Coding\clipsCommerce - Copy\node_modules\jest-runner\build\testWorker.js:106:12)</failure>
    </testcase>
    <testcase classname="DataCollectionAgent quality validation should calculate overall score correctly" name="DataCollectionAgent quality validation should calculate overall score correctly" time="0.001">
      <failure>TypeError: Cannot read properties of undefined (reading &apos;tiktok&apos;)
    at DataCollectionAgent.initializeCollectionStrategies (C:\Users\Cheem\OneDrive\Coding\clipsCommerce - Copy\src\app\workflows\AI_improvement\services\agents\DataCollectionAgent.ts:407:76)
    at new DataCollectionAgent (C:\Users\Cheem\OneDrive\Coding\clipsCommerce - Copy\src\app\workflows\AI_improvement\services\agents\DataCollectionAgent.ts:81:10)
    at Object.&lt;anonymous&gt; (C:\Users\Cheem\OneDrive\Coding\clipsCommerce - Copy\src\app\workflows\AI_improvement\services\agents\__tests__\DataCollectionAgent.test.ts:27:13)
    at Promise.then.completed (C:\Users\Cheem\OneDrive\Coding\clipsCommerce - Copy\node_modules\jest-circus\build\utils.js:298:28)
    at new Promise (&lt;anonymous&gt;)
    at callAsyncCircusFn (C:\Users\Cheem\OneDrive\Coding\clipsCommerce - Copy\node_modules\jest-circus\build\utils.js:231:10)
    at _callCircusHook (C:\Users\Cheem\OneDrive\Coding\clipsCommerce - Copy\node_modules\jest-circus\build\run.js:281:40)
    at processTicksAndRejections (node:internal/process/task_queues:105:5)
    at _runTest (C:\Users\Cheem\OneDrive\Coding\clipsCommerce - Copy\node_modules\jest-circus\build\run.js:246:5)
    at _runTestsForDescribeBlock (C:\Users\Cheem\OneDrive\Coding\clipsCommerce - Copy\node_modules\jest-circus\build\run.js:126:9)
    at _runTestsForDescribeBlock (C:\Users\Cheem\OneDrive\Coding\clipsCommerce - Copy\node_modules\jest-circus\build\run.js:121:9)
    at _runTestsForDescribeBlock (C:\Users\Cheem\OneDrive\Coding\clipsCommerce - Copy\node_modules\jest-circus\build\run.js:121:9)
    at run (C:\Users\Cheem\OneDrive\Coding\clipsCommerce - Copy\node_modules\jest-circus\build\run.js:71:3)
    at runAndTransformResultsToJestFormat (C:\Users\Cheem\OneDrive\Coding\clipsCommerce - Copy\node_modules\jest-circus\build\legacy-code-todo-rewrite\jestAdapterInit.js:122:21)
    at jestAdapter (C:\Users\Cheem\OneDrive\Coding\clipsCommerce - Copy\node_modules\jest-circus\build\legacy-code-todo-rewrite\jestAdapter.js:79:19)
    at runTestInternal (C:\Users\Cheem\OneDrive\Coding\clipsCommerce - Copy\node_modules\jest-runner\build\runTest.js:367:16)
    at runTest (C:\Users\Cheem\OneDrive\Coding\clipsCommerce - Copy\node_modules\jest-runner\build\runTest.js:444:34)
    at Object.worker (C:\Users\Cheem\OneDrive\Coding\clipsCommerce - Copy\node_modules\jest-runner\build\testWorker.js:106:12)</failure>
      <failure>TypeError: Cannot read properties of undefined (reading &apos;stop&apos;)
    at Object.&lt;anonymous&gt; (C:\Users\Cheem\OneDrive\Coding\clipsCommerce - Copy\src\app\workflows\AI_improvement\services\agents\__tests__\DataCollectionAgent.test.ts:400:19)
    at Promise.then.completed (C:\Users\Cheem\OneDrive\Coding\clipsCommerce - Copy\node_modules\jest-circus\build\utils.js:298:28)
    at new Promise (&lt;anonymous&gt;)
    at callAsyncCircusFn (C:\Users\Cheem\OneDrive\Coding\clipsCommerce - Copy\node_modules\jest-circus\build\utils.js:231:10)
    at _callCircusHook (C:\Users\Cheem\OneDrive\Coding\clipsCommerce - Copy\node_modules\jest-circus\build\run.js:281:40)
    at processTicksAndRejections (node:internal/process/task_queues:105:5)
    at _runTest (C:\Users\Cheem\OneDrive\Coding\clipsCommerce - Copy\node_modules\jest-circus\build\run.js:254:5)
    at _runTestsForDescribeBlock (C:\Users\Cheem\OneDrive\Coding\clipsCommerce - Copy\node_modules\jest-circus\build\run.js:126:9)
    at _runTestsForDescribeBlock (C:\Users\Cheem\OneDrive\Coding\clipsCommerce - Copy\node_modules\jest-circus\build\run.js:121:9)
    at _runTestsForDescribeBlock (C:\Users\Cheem\OneDrive\Coding\clipsCommerce - Copy\node_modules\jest-circus\build\run.js:121:9)
    at run (C:\Users\Cheem\OneDrive\Coding\clipsCommerce - Copy\node_modules\jest-circus\build\run.js:71:3)
    at runAndTransformResultsToJestFormat (C:\Users\Cheem\OneDrive\Coding\clipsCommerce - Copy\node_modules\jest-circus\build\legacy-code-todo-rewrite\jestAdapterInit.js:122:21)
    at jestAdapter (C:\Users\Cheem\OneDrive\Coding\clipsCommerce - Copy\node_modules\jest-circus\build\legacy-code-todo-rewrite\jestAdapter.js:79:19)
    at runTestInternal (C:\Users\Cheem\OneDrive\Coding\clipsCommerce - Copy\node_modules\jest-runner\build\runTest.js:367:16)
    at runTest (C:\Users\Cheem\OneDrive\Coding\clipsCommerce - Copy\node_modules\jest-runner\build\runTest.js:444:34)
    at Object.worker (C:\Users\Cheem\OneDrive\Coding\clipsCommerce - Copy\node_modules\jest-runner\build\testWorker.js:106:12)</failure>
    </testcase>
    <testcase classname="DataCollectionAgent quality validation should handle multiple quality validations" name="DataCollectionAgent quality validation should handle multiple quality validations" time="0.001">
      <failure>TypeError: Cannot read properties of undefined (reading &apos;tiktok&apos;)
    at DataCollectionAgent.initializeCollectionStrategies (C:\Users\Cheem\OneDrive\Coding\clipsCommerce - Copy\src\app\workflows\AI_improvement\services\agents\DataCollectionAgent.ts:407:76)
    at new DataCollectionAgent (C:\Users\Cheem\OneDrive\Coding\clipsCommerce - Copy\src\app\workflows\AI_improvement\services\agents\DataCollectionAgent.ts:81:10)
    at Object.&lt;anonymous&gt; (C:\Users\Cheem\OneDrive\Coding\clipsCommerce - Copy\src\app\workflows\AI_improvement\services\agents\__tests__\DataCollectionAgent.test.ts:27:13)
    at Promise.then.completed (C:\Users\Cheem\OneDrive\Coding\clipsCommerce - Copy\node_modules\jest-circus\build\utils.js:298:28)
    at new Promise (&lt;anonymous&gt;)
    at callAsyncCircusFn (C:\Users\Cheem\OneDrive\Coding\clipsCommerce - Copy\node_modules\jest-circus\build\utils.js:231:10)
    at _callCircusHook (C:\Users\Cheem\OneDrive\Coding\clipsCommerce - Copy\node_modules\jest-circus\build\run.js:281:40)
    at processTicksAndRejections (node:internal/process/task_queues:105:5)
    at _runTest (C:\Users\Cheem\OneDrive\Coding\clipsCommerce - Copy\node_modules\jest-circus\build\run.js:246:5)
    at _runTestsForDescribeBlock (C:\Users\Cheem\OneDrive\Coding\clipsCommerce - Copy\node_modules\jest-circus\build\run.js:126:9)
    at _runTestsForDescribeBlock (C:\Users\Cheem\OneDrive\Coding\clipsCommerce - Copy\node_modules\jest-circus\build\run.js:121:9)
    at _runTestsForDescribeBlock (C:\Users\Cheem\OneDrive\Coding\clipsCommerce - Copy\node_modules\jest-circus\build\run.js:121:9)
    at run (C:\Users\Cheem\OneDrive\Coding\clipsCommerce - Copy\node_modules\jest-circus\build\run.js:71:3)
    at runAndTransformResultsToJestFormat (C:\Users\Cheem\OneDrive\Coding\clipsCommerce - Copy\node_modules\jest-circus\build\legacy-code-todo-rewrite\jestAdapterInit.js:122:21)
    at jestAdapter (C:\Users\Cheem\OneDrive\Coding\clipsCommerce - Copy\node_modules\jest-circus\build\legacy-code-todo-rewrite\jestAdapter.js:79:19)
    at runTestInternal (C:\Users\Cheem\OneDrive\Coding\clipsCommerce - Copy\node_modules\jest-runner\build\runTest.js:367:16)
    at runTest (C:\Users\Cheem\OneDrive\Coding\clipsCommerce - Copy\node_modules\jest-runner\build\runTest.js:444:34)
    at Object.worker (C:\Users\Cheem\OneDrive\Coding\clipsCommerce - Copy\node_modules\jest-runner\build\testWorker.js:106:12)</failure>
      <failure>TypeError: Cannot read properties of undefined (reading &apos;stop&apos;)
    at Object.&lt;anonymous&gt; (C:\Users\Cheem\OneDrive\Coding\clipsCommerce - Copy\src\app\workflows\AI_improvement\services\agents\__tests__\DataCollectionAgent.test.ts:400:19)
    at Promise.then.completed (C:\Users\Cheem\OneDrive\Coding\clipsCommerce - Copy\node_modules\jest-circus\build\utils.js:298:28)
    at new Promise (&lt;anonymous&gt;)
    at callAsyncCircusFn (C:\Users\Cheem\OneDrive\Coding\clipsCommerce - Copy\node_modules\jest-circus\build\utils.js:231:10)
    at _callCircusHook (C:\Users\Cheem\OneDrive\Coding\clipsCommerce - Copy\node_modules\jest-circus\build\run.js:281:40)
    at processTicksAndRejections (node:internal/process/task_queues:105:5)
    at _runTest (C:\Users\Cheem\OneDrive\Coding\clipsCommerce - Copy\node_modules\jest-circus\build\run.js:254:5)
    at _runTestsForDescribeBlock (C:\Users\Cheem\OneDrive\Coding\clipsCommerce - Copy\node_modules\jest-circus\build\run.js:126:9)
    at _runTestsForDescribeBlock (C:\Users\Cheem\OneDrive\Coding\clipsCommerce - Copy\node_modules\jest-circus\build\run.js:121:9)
    at _runTestsForDescribeBlock (C:\Users\Cheem\OneDrive\Coding\clipsCommerce - Copy\node_modules\jest-circus\build\run.js:121:9)
    at run (C:\Users\Cheem\OneDrive\Coding\clipsCommerce - Copy\node_modules\jest-circus\build\run.js:71:3)
    at runAndTransformResultsToJestFormat (C:\Users\Cheem\OneDrive\Coding\clipsCommerce - Copy\node_modules\jest-circus\build\legacy-code-todo-rewrite\jestAdapterInit.js:122:21)
    at jestAdapter (C:\Users\Cheem\OneDrive\Coding\clipsCommerce - Copy\node_modules\jest-circus\build\legacy-code-todo-rewrite\jestAdapter.js:79:19)
    at runTestInternal (C:\Users\Cheem\OneDrive\Coding\clipsCommerce - Copy\node_modules\jest-runner\build\runTest.js:367:16)
    at runTest (C:\Users\Cheem\OneDrive\Coding\clipsCommerce - Copy\node_modules\jest-runner\build\runTest.js:444:34)
    at Object.worker (C:\Users\Cheem\OneDrive\Coding\clipsCommerce - Copy\node_modules\jest-runner\build\testWorker.js:106:12)</failure>
    </testcase>
    <testcase classname="DataCollectionAgent error handling and edge cases should throw error when executing task while inactive" name="DataCollectionAgent error handling and edge cases should throw error when executing task while inactive" time="0">
      <failure>TypeError: Cannot read properties of undefined (reading &apos;tiktok&apos;)
    at DataCollectionAgent.initializeCollectionStrategies (C:\Users\Cheem\OneDrive\Coding\clipsCommerce - Copy\src\app\workflows\AI_improvement\services\agents\DataCollectionAgent.ts:407:76)
    at new DataCollectionAgent (C:\Users\Cheem\OneDrive\Coding\clipsCommerce - Copy\src\app\workflows\AI_improvement\services\agents\DataCollectionAgent.ts:81:10)
    at Object.&lt;anonymous&gt; (C:\Users\Cheem\OneDrive\Coding\clipsCommerce - Copy\src\app\workflows\AI_improvement\services\agents\__tests__\DataCollectionAgent.test.ts:27:13)
    at Promise.then.completed (C:\Users\Cheem\OneDrive\Coding\clipsCommerce - Copy\node_modules\jest-circus\build\utils.js:298:28)
    at new Promise (&lt;anonymous&gt;)
    at callAsyncCircusFn (C:\Users\Cheem\OneDrive\Coding\clipsCommerce - Copy\node_modules\jest-circus\build\utils.js:231:10)
    at _callCircusHook (C:\Users\Cheem\OneDrive\Coding\clipsCommerce - Copy\node_modules\jest-circus\build\run.js:281:40)
    at processTicksAndRejections (node:internal/process/task_queues:105:5)
    at _runTest (C:\Users\Cheem\OneDrive\Coding\clipsCommerce - Copy\node_modules\jest-circus\build\run.js:246:5)
    at _runTestsForDescribeBlock (C:\Users\Cheem\OneDrive\Coding\clipsCommerce - Copy\node_modules\jest-circus\build\run.js:126:9)
    at _runTestsForDescribeBlock (C:\Users\Cheem\OneDrive\Coding\clipsCommerce - Copy\node_modules\jest-circus\build\run.js:121:9)
    at _runTestsForDescribeBlock (C:\Users\Cheem\OneDrive\Coding\clipsCommerce - Copy\node_modules\jest-circus\build\run.js:121:9)
    at run (C:\Users\Cheem\OneDrive\Coding\clipsCommerce - Copy\node_modules\jest-circus\build\run.js:71:3)
    at runAndTransformResultsToJestFormat (C:\Users\Cheem\OneDrive\Coding\clipsCommerce - Copy\node_modules\jest-circus\build\legacy-code-todo-rewrite\jestAdapterInit.js:122:21)
    at jestAdapter (C:\Users\Cheem\OneDrive\Coding\clipsCommerce - Copy\node_modules\jest-circus\build\legacy-code-todo-rewrite\jestAdapter.js:79:19)
    at runTestInternal (C:\Users\Cheem\OneDrive\Coding\clipsCommerce - Copy\node_modules\jest-runner\build\runTest.js:367:16)
    at runTest (C:\Users\Cheem\OneDrive\Coding\clipsCommerce - Copy\node_modules\jest-runner\build\runTest.js:444:34)
    at Object.worker (C:\Users\Cheem\OneDrive\Coding\clipsCommerce - Copy\node_modules\jest-runner\build\testWorker.js:106:12)</failure>
    </testcase>
    <testcase classname="DataCollectionAgent error handling and edge cases should handle concurrent task execution" name="DataCollectionAgent error handling and edge cases should handle concurrent task execution" time="0">
      <failure>TypeError: Cannot read properties of undefined (reading &apos;tiktok&apos;)
    at DataCollectionAgent.initializeCollectionStrategies (C:\Users\Cheem\OneDrive\Coding\clipsCommerce - Copy\src\app\workflows\AI_improvement\services\agents\DataCollectionAgent.ts:407:76)
    at new DataCollectionAgent (C:\Users\Cheem\OneDrive\Coding\clipsCommerce - Copy\src\app\workflows\AI_improvement\services\agents\DataCollectionAgent.ts:81:10)
    at Object.&lt;anonymous&gt; (C:\Users\Cheem\OneDrive\Coding\clipsCommerce - Copy\src\app\workflows\AI_improvement\services\agents\__tests__\DataCollectionAgent.test.ts:27:13)
    at Promise.then.completed (C:\Users\Cheem\OneDrive\Coding\clipsCommerce - Copy\node_modules\jest-circus\build\utils.js:298:28)
    at new Promise (&lt;anonymous&gt;)
    at callAsyncCircusFn (C:\Users\Cheem\OneDrive\Coding\clipsCommerce - Copy\node_modules\jest-circus\build\utils.js:231:10)
    at _callCircusHook (C:\Users\Cheem\OneDrive\Coding\clipsCommerce - Copy\node_modules\jest-circus\build\run.js:281:40)
    at processTicksAndRejections (node:internal/process/task_queues:105:5)
    at _runTest (C:\Users\Cheem\OneDrive\Coding\clipsCommerce - Copy\node_modules\jest-circus\build\run.js:246:5)
    at _runTestsForDescribeBlock (C:\Users\Cheem\OneDrive\Coding\clipsCommerce - Copy\node_modules\jest-circus\build\run.js:126:9)
    at _runTestsForDescribeBlock (C:\Users\Cheem\OneDrive\Coding\clipsCommerce - Copy\node_modules\jest-circus\build\run.js:121:9)
    at _runTestsForDescribeBlock (C:\Users\Cheem\OneDrive\Coding\clipsCommerce - Copy\node_modules\jest-circus\build\run.js:121:9)
    at run (C:\Users\Cheem\OneDrive\Coding\clipsCommerce - Copy\node_modules\jest-circus\build\run.js:71:3)
    at runAndTransformResultsToJestFormat (C:\Users\Cheem\OneDrive\Coding\clipsCommerce - Copy\node_modules\jest-circus\build\legacy-code-todo-rewrite\jestAdapterInit.js:122:21)
    at jestAdapter (C:\Users\Cheem\OneDrive\Coding\clipsCommerce - Copy\node_modules\jest-circus\build\legacy-code-todo-rewrite\jestAdapter.js:79:19)
    at runTestInternal (C:\Users\Cheem\OneDrive\Coding\clipsCommerce - Copy\node_modules\jest-runner\build\runTest.js:367:16)
    at runTest (C:\Users\Cheem\OneDrive\Coding\clipsCommerce - Copy\node_modules\jest-runner\build\runTest.js:444:34)
    at Object.worker (C:\Users\Cheem\OneDrive\Coding\clipsCommerce - Copy\node_modules\jest-runner\build\testWorker.js:106:12)</failure>
    </testcase>
    <testcase classname="DataCollectionAgent error handling and edge cases should handle invalid task parameters" name="DataCollectionAgent error handling and edge cases should handle invalid task parameters" time="0">
      <failure>TypeError: Cannot read properties of undefined (reading &apos;tiktok&apos;)
    at DataCollectionAgent.initializeCollectionStrategies (C:\Users\Cheem\OneDrive\Coding\clipsCommerce - Copy\src\app\workflows\AI_improvement\services\agents\DataCollectionAgent.ts:407:76)
    at new DataCollectionAgent (C:\Users\Cheem\OneDrive\Coding\clipsCommerce - Copy\src\app\workflows\AI_improvement\services\agents\DataCollectionAgent.ts:81:10)
    at Object.&lt;anonymous&gt; (C:\Users\Cheem\OneDrive\Coding\clipsCommerce - Copy\src\app\workflows\AI_improvement\services\agents\__tests__\DataCollectionAgent.test.ts:27:13)
    at Promise.then.completed (C:\Users\Cheem\OneDrive\Coding\clipsCommerce - Copy\node_modules\jest-circus\build\utils.js:298:28)
    at new Promise (&lt;anonymous&gt;)
    at callAsyncCircusFn (C:\Users\Cheem\OneDrive\Coding\clipsCommerce - Copy\node_modules\jest-circus\build\utils.js:231:10)
    at _callCircusHook (C:\Users\Cheem\OneDrive\Coding\clipsCommerce - Copy\node_modules\jest-circus\build\run.js:281:40)
    at processTicksAndRejections (node:internal/process/task_queues:105:5)
    at _runTest (C:\Users\Cheem\OneDrive\Coding\clipsCommerce - Copy\node_modules\jest-circus\build\run.js:246:5)
    at _runTestsForDescribeBlock (C:\Users\Cheem\OneDrive\Coding\clipsCommerce - Copy\node_modules\jest-circus\build\run.js:126:9)
    at _runTestsForDescribeBlock (C:\Users\Cheem\OneDrive\Coding\clipsCommerce - Copy\node_modules\jest-circus\build\run.js:121:9)
    at _runTestsForDescribeBlock (C:\Users\Cheem\OneDrive\Coding\clipsCommerce - Copy\node_modules\jest-circus\build\run.js:121:9)
    at run (C:\Users\Cheem\OneDrive\Coding\clipsCommerce - Copy\node_modules\jest-circus\build\run.js:71:3)
    at runAndTransformResultsToJestFormat (C:\Users\Cheem\OneDrive\Coding\clipsCommerce - Copy\node_modules\jest-circus\build\legacy-code-todo-rewrite\jestAdapterInit.js:122:21)
    at jestAdapter (C:\Users\Cheem\OneDrive\Coding\clipsCommerce - Copy\node_modules\jest-circus\build\legacy-code-todo-rewrite\jestAdapter.js:79:19)
    at runTestInternal (C:\Users\Cheem\OneDrive\Coding\clipsCommerce - Copy\node_modules\jest-runner\build\runTest.js:367:16)
    at runTest (C:\Users\Cheem\OneDrive\Coding\clipsCommerce - Copy\node_modules\jest-runner\build\runTest.js:444:34)
    at Object.worker (C:\Users\Cheem\OneDrive\Coding\clipsCommerce - Copy\node_modules\jest-runner\build\testWorker.js:106:12)</failure>
    </testcase>
    <testcase classname="DataCollectionAgent error handling and edge cases should maintain state consistency after errors" name="DataCollectionAgent error handling and edge cases should maintain state consistency after errors" time="0.001">
      <failure>TypeError: Cannot read properties of undefined (reading &apos;tiktok&apos;)
    at DataCollectionAgent.initializeCollectionStrategies (C:\Users\Cheem\OneDrive\Coding\clipsCommerce - Copy\src\app\workflows\AI_improvement\services\agents\DataCollectionAgent.ts:407:76)
    at new DataCollectionAgent (C:\Users\Cheem\OneDrive\Coding\clipsCommerce - Copy\src\app\workflows\AI_improvement\services\agents\DataCollectionAgent.ts:81:10)
    at Object.&lt;anonymous&gt; (C:\Users\Cheem\OneDrive\Coding\clipsCommerce - Copy\src\app\workflows\AI_improvement\services\agents\__tests__\DataCollectionAgent.test.ts:27:13)
    at Promise.then.completed (C:\Users\Cheem\OneDrive\Coding\clipsCommerce - Copy\node_modules\jest-circus\build\utils.js:298:28)
    at new Promise (&lt;anonymous&gt;)
    at callAsyncCircusFn (C:\Users\Cheem\OneDrive\Coding\clipsCommerce - Copy\node_modules\jest-circus\build\utils.js:231:10)
    at _callCircusHook (C:\Users\Cheem\OneDrive\Coding\clipsCommerce - Copy\node_modules\jest-circus\build\run.js:281:40)
    at processTicksAndRejections (node:internal/process/task_queues:105:5)
    at _runTest (C:\Users\Cheem\OneDrive\Coding\clipsCommerce - Copy\node_modules\jest-circus\build\run.js:246:5)
    at _runTestsForDescribeBlock (C:\Users\Cheem\OneDrive\Coding\clipsCommerce - Copy\node_modules\jest-circus\build\run.js:126:9)
    at _runTestsForDescribeBlock (C:\Users\Cheem\OneDrive\Coding\clipsCommerce - Copy\node_modules\jest-circus\build\run.js:121:9)
    at _runTestsForDescribeBlock (C:\Users\Cheem\OneDrive\Coding\clipsCommerce - Copy\node_modules\jest-circus\build\run.js:121:9)
    at run (C:\Users\Cheem\OneDrive\Coding\clipsCommerce - Copy\node_modules\jest-circus\build\run.js:71:3)
    at runAndTransformResultsToJestFormat (C:\Users\Cheem\OneDrive\Coding\clipsCommerce - Copy\node_modules\jest-circus\build\legacy-code-todo-rewrite\jestAdapterInit.js:122:21)
    at jestAdapter (C:\Users\Cheem\OneDrive\Coding\clipsCommerce - Copy\node_modules\jest-circus\build\legacy-code-todo-rewrite\jestAdapter.js:79:19)
    at runTestInternal (C:\Users\Cheem\OneDrive\Coding\clipsCommerce - Copy\node_modules\jest-runner\build\runTest.js:367:16)
    at runTest (C:\Users\Cheem\OneDrive\Coding\clipsCommerce - Copy\node_modules\jest-runner\build\runTest.js:444:34)
    at Object.worker (C:\Users\Cheem\OneDrive\Coding\clipsCommerce - Copy\node_modules\jest-runner\build\testWorker.js:106:12)</failure>
    </testcase>
    <testcase classname="DataCollectionAgent performance and monitoring should track performance metrics" name="DataCollectionAgent performance and monitoring should track performance metrics" time="0.001">
      <failure>TypeError: Cannot read properties of undefined (reading &apos;tiktok&apos;)
    at DataCollectionAgent.initializeCollectionStrategies (C:\Users\Cheem\OneDrive\Coding\clipsCommerce - Copy\src\app\workflows\AI_improvement\services\agents\DataCollectionAgent.ts:407:76)
    at new DataCollectionAgent (C:\Users\Cheem\OneDrive\Coding\clipsCommerce - Copy\src\app\workflows\AI_improvement\services\agents\DataCollectionAgent.ts:81:10)
    at Object.&lt;anonymous&gt; (C:\Users\Cheem\OneDrive\Coding\clipsCommerce - Copy\src\app\workflows\AI_improvement\services\agents\__tests__\DataCollectionAgent.test.ts:27:13)
    at Promise.then.completed (C:\Users\Cheem\OneDrive\Coding\clipsCommerce - Copy\node_modules\jest-circus\build\utils.js:298:28)
    at new Promise (&lt;anonymous&gt;)
    at callAsyncCircusFn (C:\Users\Cheem\OneDrive\Coding\clipsCommerce - Copy\node_modules\jest-circus\build\utils.js:231:10)
    at _callCircusHook (C:\Users\Cheem\OneDrive\Coding\clipsCommerce - Copy\node_modules\jest-circus\build\run.js:281:40)
    at processTicksAndRejections (node:internal/process/task_queues:105:5)
    at _runTest (C:\Users\Cheem\OneDrive\Coding\clipsCommerce - Copy\node_modules\jest-circus\build\run.js:246:5)
    at _runTestsForDescribeBlock (C:\Users\Cheem\OneDrive\Coding\clipsCommerce - Copy\node_modules\jest-circus\build\run.js:126:9)
    at _runTestsForDescribeBlock (C:\Users\Cheem\OneDrive\Coding\clipsCommerce - Copy\node_modules\jest-circus\build\run.js:121:9)
    at _runTestsForDescribeBlock (C:\Users\Cheem\OneDrive\Coding\clipsCommerce - Copy\node_modules\jest-circus\build\run.js:121:9)
    at run (C:\Users\Cheem\OneDrive\Coding\clipsCommerce - Copy\node_modules\jest-circus\build\run.js:71:3)
    at runAndTransformResultsToJestFormat (C:\Users\Cheem\OneDrive\Coding\clipsCommerce - Copy\node_modules\jest-circus\build\legacy-code-todo-rewrite\jestAdapterInit.js:122:21)
    at jestAdapter (C:\Users\Cheem\OneDrive\Coding\clipsCommerce - Copy\node_modules\jest-circus\build\legacy-code-todo-rewrite\jestAdapter.js:79:19)
    at runTestInternal (C:\Users\Cheem\OneDrive\Coding\clipsCommerce - Copy\node_modules\jest-runner\build\runTest.js:367:16)
    at runTest (C:\Users\Cheem\OneDrive\Coding\clipsCommerce - Copy\node_modules\jest-runner\build\runTest.js:444:34)
    at Object.worker (C:\Users\Cheem\OneDrive\Coding\clipsCommerce - Copy\node_modules\jest-runner\build\testWorker.js:106:12)</failure>
      <failure>TypeError: Cannot read properties of undefined (reading &apos;stop&apos;)
    at Object.&lt;anonymous&gt; (C:\Users\Cheem\OneDrive\Coding\clipsCommerce - Copy\src\app\workflows\AI_improvement\services\agents\__tests__\DataCollectionAgent.test.ts:560:19)
    at Promise.then.completed (C:\Users\Cheem\OneDrive\Coding\clipsCommerce - Copy\node_modules\jest-circus\build\utils.js:298:28)
    at new Promise (&lt;anonymous&gt;)
    at callAsyncCircusFn (C:\Users\Cheem\OneDrive\Coding\clipsCommerce - Copy\node_modules\jest-circus\build\utils.js:231:10)
    at _callCircusHook (C:\Users\Cheem\OneDrive\Coding\clipsCommerce - Copy\node_modules\jest-circus\build\run.js:281:40)
    at processTicksAndRejections (node:internal/process/task_queues:105:5)
    at _runTest (C:\Users\Cheem\OneDrive\Coding\clipsCommerce - Copy\node_modules\jest-circus\build\run.js:254:5)
    at _runTestsForDescribeBlock (C:\Users\Cheem\OneDrive\Coding\clipsCommerce - Copy\node_modules\jest-circus\build\run.js:126:9)
    at _runTestsForDescribeBlock (C:\Users\Cheem\OneDrive\Coding\clipsCommerce - Copy\node_modules\jest-circus\build\run.js:121:9)
    at _runTestsForDescribeBlock (C:\Users\Cheem\OneDrive\Coding\clipsCommerce - Copy\node_modules\jest-circus\build\run.js:121:9)
    at run (C:\Users\Cheem\OneDrive\Coding\clipsCommerce - Copy\node_modules\jest-circus\build\run.js:71:3)
    at runAndTransformResultsToJestFormat (C:\Users\Cheem\OneDrive\Coding\clipsCommerce - Copy\node_modules\jest-circus\build\legacy-code-todo-rewrite\jestAdapterInit.js:122:21)
    at jestAdapter (C:\Users\Cheem\OneDrive\Coding\clipsCommerce - Copy\node_modules\jest-circus\build\legacy-code-todo-rewrite\jestAdapter.js:79:19)
    at runTestInternal (C:\Users\Cheem\OneDrive\Coding\clipsCommerce - Copy\node_modules\jest-runner\build\runTest.js:367:16)
    at runTest (C:\Users\Cheem\OneDrive\Coding\clipsCommerce - Copy\node_modules\jest-runner\build\runTest.js:444:34)
    at Object.worker (C:\Users\Cheem\OneDrive\Coding\clipsCommerce - Copy\node_modules\jest-runner\build\testWorker.js:106:12)</failure>
    </testcase>
    <testcase classname="DataCollectionAgent performance and monitoring should handle high-frequency task execution" name="DataCollectionAgent performance and monitoring should handle high-frequency task execution" time="0">
      <failure>TypeError: Cannot read properties of undefined (reading &apos;tiktok&apos;)
    at DataCollectionAgent.initializeCollectionStrategies (C:\Users\Cheem\OneDrive\Coding\clipsCommerce - Copy\src\app\workflows\AI_improvement\services\agents\DataCollectionAgent.ts:407:76)
    at new DataCollectionAgent (C:\Users\Cheem\OneDrive\Coding\clipsCommerce - Copy\src\app\workflows\AI_improvement\services\agents\DataCollectionAgent.ts:81:10)
    at Object.&lt;anonymous&gt; (C:\Users\Cheem\OneDrive\Coding\clipsCommerce - Copy\src\app\workflows\AI_improvement\services\agents\__tests__\DataCollectionAgent.test.ts:27:13)
    at Promise.then.completed (C:\Users\Cheem\OneDrive\Coding\clipsCommerce - Copy\node_modules\jest-circus\build\utils.js:298:28)
    at new Promise (&lt;anonymous&gt;)
    at callAsyncCircusFn (C:\Users\Cheem\OneDrive\Coding\clipsCommerce - Copy\node_modules\jest-circus\build\utils.js:231:10)
    at _callCircusHook (C:\Users\Cheem\OneDrive\Coding\clipsCommerce - Copy\node_modules\jest-circus\build\run.js:281:40)
    at processTicksAndRejections (node:internal/process/task_queues:105:5)
    at _runTest (C:\Users\Cheem\OneDrive\Coding\clipsCommerce - Copy\node_modules\jest-circus\build\run.js:246:5)
    at _runTestsForDescribeBlock (C:\Users\Cheem\OneDrive\Coding\clipsCommerce - Copy\node_modules\jest-circus\build\run.js:126:9)
    at _runTestsForDescribeBlock (C:\Users\Cheem\OneDrive\Coding\clipsCommerce - Copy\node_modules\jest-circus\build\run.js:121:9)
    at _runTestsForDescribeBlock (C:\Users\Cheem\OneDrive\Coding\clipsCommerce - Copy\node_modules\jest-circus\build\run.js:121:9)
    at run (C:\Users\Cheem\OneDrive\Coding\clipsCommerce - Copy\node_modules\jest-circus\build\run.js:71:3)
    at runAndTransformResultsToJestFormat (C:\Users\Cheem\OneDrive\Coding\clipsCommerce - Copy\node_modules\jest-circus\build\legacy-code-todo-rewrite\jestAdapterInit.js:122:21)
    at jestAdapter (C:\Users\Cheem\OneDrive\Coding\clipsCommerce - Copy\node_modules\jest-circus\build\legacy-code-todo-rewrite\jestAdapter.js:79:19)
    at runTestInternal (C:\Users\Cheem\OneDrive\Coding\clipsCommerce - Copy\node_modules\jest-runner\build\runTest.js:367:16)
    at runTest (C:\Users\Cheem\OneDrive\Coding\clipsCommerce - Copy\node_modules\jest-runner\build\runTest.js:444:34)
    at Object.worker (C:\Users\Cheem\OneDrive\Coding\clipsCommerce - Copy\node_modules\jest-runner\build\testWorker.js:106:12)</failure>
      <failure>TypeError: Cannot read properties of undefined (reading &apos;stop&apos;)
    at Object.&lt;anonymous&gt; (C:\Users\Cheem\OneDrive\Coding\clipsCommerce - Copy\src\app\workflows\AI_improvement\services\agents\__tests__\DataCollectionAgent.test.ts:560:19)
    at Promise.then.completed (C:\Users\Cheem\OneDrive\Coding\clipsCommerce - Copy\node_modules\jest-circus\build\utils.js:298:28)
    at new Promise (&lt;anonymous&gt;)
    at callAsyncCircusFn (C:\Users\Cheem\OneDrive\Coding\clipsCommerce - Copy\node_modules\jest-circus\build\utils.js:231:10)
    at _callCircusHook (C:\Users\Cheem\OneDrive\Coding\clipsCommerce - Copy\node_modules\jest-circus\build\run.js:281:40)
    at processTicksAndRejections (node:internal/process/task_queues:105:5)
    at _runTest (C:\Users\Cheem\OneDrive\Coding\clipsCommerce - Copy\node_modules\jest-circus\build\run.js:254:5)
    at _runTestsForDescribeBlock (C:\Users\Cheem\OneDrive\Coding\clipsCommerce - Copy\node_modules\jest-circus\build\run.js:126:9)
    at _runTestsForDescribeBlock (C:\Users\Cheem\OneDrive\Coding\clipsCommerce - Copy\node_modules\jest-circus\build\run.js:121:9)
    at _runTestsForDescribeBlock (C:\Users\Cheem\OneDrive\Coding\clipsCommerce - Copy\node_modules\jest-circus\build\run.js:121:9)
    at run (C:\Users\Cheem\OneDrive\Coding\clipsCommerce - Copy\node_modules\jest-circus\build\run.js:71:3)
    at runAndTransformResultsToJestFormat (C:\Users\Cheem\OneDrive\Coding\clipsCommerce - Copy\node_modules\jest-circus\build\legacy-code-todo-rewrite\jestAdapterInit.js:122:21)
    at jestAdapter (C:\Users\Cheem\OneDrive\Coding\clipsCommerce - Copy\node_modules\jest-circus\build\legacy-code-todo-rewrite\jestAdapter.js:79:19)
    at runTestInternal (C:\Users\Cheem\OneDrive\Coding\clipsCommerce - Copy\node_modules\jest-runner\build\runTest.js:367:16)
    at runTest (C:\Users\Cheem\OneDrive\Coding\clipsCommerce - Copy\node_modules\jest-runner\build\runTest.js:444:34)
    at Object.worker (C:\Users\Cheem\OneDrive\Coding\clipsCommerce - Copy\node_modules\jest-runner\build\testWorker.js:106:12)</failure>
    </testcase>
    <testcase classname="DataCollectionAgent performance and monitoring should maintain resource utilization within bounds" name="DataCollectionAgent performance and monitoring should maintain resource utilization within bounds" time="0">
      <failure>TypeError: Cannot read properties of undefined (reading &apos;tiktok&apos;)
    at DataCollectionAgent.initializeCollectionStrategies (C:\Users\Cheem\OneDrive\Coding\clipsCommerce - Copy\src\app\workflows\AI_improvement\services\agents\DataCollectionAgent.ts:407:76)
    at new DataCollectionAgent (C:\Users\Cheem\OneDrive\Coding\clipsCommerce - Copy\src\app\workflows\AI_improvement\services\agents\DataCollectionAgent.ts:81:10)
    at Object.&lt;anonymous&gt; (C:\Users\Cheem\OneDrive\Coding\clipsCommerce - Copy\src\app\workflows\AI_improvement\services\agents\__tests__\DataCollectionAgent.test.ts:27:13)
    at Promise.then.completed (C:\Users\Cheem\OneDrive\Coding\clipsCommerce - Copy\node_modules\jest-circus\build\utils.js:298:28)
    at new Promise (&lt;anonymous&gt;)
    at callAsyncCircusFn (C:\Users\Cheem\OneDrive\Coding\clipsCommerce - Copy\node_modules\jest-circus\build\utils.js:231:10)
    at _callCircusHook (C:\Users\Cheem\OneDrive\Coding\clipsCommerce - Copy\node_modules\jest-circus\build\run.js:281:40)
    at processTicksAndRejections (node:internal/process/task_queues:105:5)
    at _runTest (C:\Users\Cheem\OneDrive\Coding\clipsCommerce - Copy\node_modules\jest-circus\build\run.js:246:5)
    at _runTestsForDescribeBlock (C:\Users\Cheem\OneDrive\Coding\clipsCommerce - Copy\node_modules\jest-circus\build\run.js:126:9)
    at _runTestsForDescribeBlock (C:\Users\Cheem\OneDrive\Coding\clipsCommerce - Copy\node_modules\jest-circus\build\run.js:121:9)
    at _runTestsForDescribeBlock (C:\Users\Cheem\OneDrive\Coding\clipsCommerce - Copy\node_modules\jest-circus\build\run.js:121:9)
    at run (C:\Users\Cheem\OneDrive\Coding\clipsCommerce - Copy\node_modules\jest-circus\build\run.js:71:3)
    at runAndTransformResultsToJestFormat (C:\Users\Cheem\OneDrive\Coding\clipsCommerce - Copy\node_modules\jest-circus\build\legacy-code-todo-rewrite\jestAdapterInit.js:122:21)
    at jestAdapter (C:\Users\Cheem\OneDrive\Coding\clipsCommerce - Copy\node_modules\jest-circus\build\legacy-code-todo-rewrite\jestAdapter.js:79:19)
    at runTestInternal (C:\Users\Cheem\OneDrive\Coding\clipsCommerce - Copy\node_modules\jest-runner\build\runTest.js:367:16)
    at runTest (C:\Users\Cheem\OneDrive\Coding\clipsCommerce - Copy\node_modules\jest-runner\build\runTest.js:444:34)
    at Object.worker (C:\Users\Cheem\OneDrive\Coding\clipsCommerce - Copy\node_modules\jest-runner\build\testWorker.js:106:12)</failure>
      <failure>TypeError: Cannot read properties of undefined (reading &apos;stop&apos;)
    at Object.&lt;anonymous&gt; (C:\Users\Cheem\OneDrive\Coding\clipsCommerce - Copy\src\app\workflows\AI_improvement\services\agents\__tests__\DataCollectionAgent.test.ts:560:19)
    at Promise.then.completed (C:\Users\Cheem\OneDrive\Coding\clipsCommerce - Copy\node_modules\jest-circus\build\utils.js:298:28)
    at new Promise (&lt;anonymous&gt;)
    at callAsyncCircusFn (C:\Users\Cheem\OneDrive\Coding\clipsCommerce - Copy\node_modules\jest-circus\build\utils.js:231:10)
    at _callCircusHook (C:\Users\Cheem\OneDrive\Coding\clipsCommerce - Copy\node_modules\jest-circus\build\run.js:281:40)
    at processTicksAndRejections (node:internal/process/task_queues:105:5)
    at _runTest (C:\Users\Cheem\OneDrive\Coding\clipsCommerce - Copy\node_modules\jest-circus\build\run.js:254:5)
    at _runTestsForDescribeBlock (C:\Users\Cheem\OneDrive\Coding\clipsCommerce - Copy\node_modules\jest-circus\build\run.js:126:9)
    at _runTestsForDescribeBlock (C:\Users\Cheem\OneDrive\Coding\clipsCommerce - Copy\node_modules\jest-circus\build\run.js:121:9)
    at _runTestsForDescribeBlock (C:\Users\Cheem\OneDrive\Coding\clipsCommerce - Copy\node_modules\jest-circus\build\run.js:121:9)
    at run (C:\Users\Cheem\OneDrive\Coding\clipsCommerce - Copy\node_modules\jest-circus\build\run.js:71:3)
    at runAndTransformResultsToJestFormat (C:\Users\Cheem\OneDrive\Coding\clipsCommerce - Copy\node_modules\jest-circus\build\legacy-code-todo-rewrite\jestAdapterInit.js:122:21)
    at jestAdapter (C:\Users\Cheem\OneDrive\Coding\clipsCommerce - Copy\node_modules\jest-circus\build\legacy-code-todo-rewrite\jestAdapter.js:79:19)
    at runTestInternal (C:\Users\Cheem\OneDrive\Coding\clipsCommerce - Copy\node_modules\jest-runner\build\runTest.js:367:16)
    at runTest (C:\Users\Cheem\OneDrive\Coding\clipsCommerce - Copy\node_modules\jest-runner\build\runTest.js:444:34)
    at Object.worker (C:\Users\Cheem\OneDrive\Coding\clipsCommerce - Copy\node_modules\jest-runner\build\testWorker.js:106:12)</failure>
    </testcase>
  </testsuite>
  <testsuite name="ABTestingAgent" errors="0" failures="3" skipped="0" timestamp="2025-06-16T07:34:14" time="4.103" tests="24">
    <testcase classname="ABTestingAgent should instantiate correctly" name="ABTestingAgent should instantiate correctly" time="0.011">
    </testcase>
    <testcase classname="ABTestingAgent should start and stop correctly" name="ABTestingAgent should start and stop correctly" time="0.029">
    </testcase>
    <testcase classname="ABTestingAgent should execute create_experiment task" name="ABTestingAgent should execute create_experiment task" time="0.01">
    </testcase>
    <testcase classname="ABTestingAgent should execute analyze_experiment task" name="ABTestingAgent should execute analyze_experiment task" time="0.009">
    </testcase>
    <testcase classname="ABTestingAgent should execute prioritize_experiments task" name="ABTestingAgent should execute prioritize_experiments task" time="0.005">
    </testcase>
    <testcase classname="ABTestingAgent should handle unknown task type gracefully" name="ABTestingAgent should handle unknown task type gracefully" time="0.049">
    </testcase>
    <testcase classname="ABTestingAgent performance should decrease on task failure" name="ABTestingAgent performance should decrease on task failure" time="0.004">
    </testcase>
    <testcase classname="ABTestingAgent experiment management should track multiple active experiments" name="ABTestingAgent experiment management should track multiple active experiments" time="0.009">
    </testcase>
    <testcase classname="ABTestingAgent experiment management should handle different variation types" name="ABTestingAgent experiment management should handle different variation types" time="0.011">
    </testcase>
    <testcase classname="ABTestingAgent experiment management should handle different target metrics" name="ABTestingAgent experiment management should handle different target metrics" time="0.008">
    </testcase>
    <testcase classname="ABTestingAgent experiment management should handle different platforms consistently" name="ABTestingAgent experiment management should handle different platforms consistently" time="0.009">
    </testcase>
    <testcase classname="ABTestingAgent experiment analysis should analyze experiments with different statuses" name="ABTestingAgent experiment analysis should analyze experiments with different statuses" time="0.016">
      <failure>Error: expect(received).toContain(expected) // indexOf

Matcher error: received value must not be null nor undefined

Received has value: undefined
    at Object.&lt;anonymous&gt; (C:\Users\Cheem\OneDrive\Coding\clipsCommerce - Copy\src\app\workflows\AI_improvement\__tests__\ABTestingAgent.test.ts:342:40)
    at processTicksAndRejections (node:internal/process/task_queues:105:5)</failure>
    </testcase>
    <testcase classname="ABTestingAgent experiment analysis should handle analysis errors gracefully" name="ABTestingAgent experiment analysis should handle analysis errors gracefully" time="0.006">
      <failure>Error: expect(received).rejects.toThrow()

Received promise resolved instead of rejected
Resolved to value: {&quot;analysisDate&quot;: 2025-06-16T07:34:18.687Z, &quot;confidenceLevel&quot;: 0.95, &quot;experimentId&quot;: &quot;exp2&quot;, &quot;recommendations&quot;: [&quot;Implement winning variant&quot;], &quot;results&quot;: [{&quot;confidenceInterval&quot;: {&quot;lower&quot;: 0.04, &quot;upper&quot;: 0.06}, &quot;conversionRate&quot;: 0.05, &quot;isWinner&quot;: false, &quot;sampleSize&quot;: 1000, &quot;variantId&quot;: &quot;v1&quot;, &quot;variantName&quot;: &quot;Original&quot;}, {&quot;confidenceInterval&quot;: {&quot;lower&quot;: 0.06, &quot;upper&quot;: 0.08}, &quot;conversionRate&quot;: 0.07, &quot;isWinner&quot;: true, &quot;sampleSize&quot;: 1000, &quot;variantId&quot;: &quot;v2&quot;, &quot;variantName&quot;: &quot;Optimized&quot;}], &quot;status&quot;: &quot;completed&quot;}
    at expect (C:\Users\Cheem\OneDrive\Coding\clipsCommerce - Copy\node_modules\expect\build\index.js:113:15)
    at Object.&lt;anonymous&gt; (C:\Users\Cheem\OneDrive\Coding\clipsCommerce - Copy\src\app\workflows\AI_improvement\__tests__\ABTestingAgent.test.ts:371:13)
    at processTicksAndRejections (node:internal/process/task_queues:105:5)</failure>
    </testcase>
    <testcase classname="ABTestingAgent experiment analysis should analyze non-existent experiment gracefully" name="ABTestingAgent experiment analysis should analyze non-existent experiment gracefully" time="0.012">
    </testcase>
    <testcase classname="ABTestingAgent experiment prioritization should prioritize experiments based on different criteria" name="ABTestingAgent experiment prioritization should prioritize experiments based on different criteria" time="0.018">
    </testcase>
    <testcase classname="ABTestingAgent experiment prioritization should handle empty experiment list in prioritization" name="ABTestingAgent experiment prioritization should handle empty experiment list in prioritization" time="0.004">
    </testcase>
    <testcase classname="ABTestingAgent experiment prioritization should prioritize experiments with multiple active experiments" name="ABTestingAgent experiment prioritization should prioritize experiments with multiple active experiments" time="0.013">
    </testcase>
    <testcase classname="ABTestingAgent performance and resource management should maintain performance under high load" name="ABTestingAgent performance and resource management should maintain performance under high load" time="0.034">
    </testcase>
    <testcase classname="ABTestingAgent performance and resource management should handle concurrent task execution" name="ABTestingAgent performance and resource management should handle concurrent task execution" time="0.01">
    </testcase>
    <testcase classname="ABTestingAgent performance and resource management should track resource utilization" name="ABTestingAgent performance and resource management should track resource utilization" time="0.002">
    </testcase>
    <testcase classname="ABTestingAgent error handling and edge cases should handle invalid experiment details" name="ABTestingAgent error handling and edge cases should handle invalid experiment details" time="0.001">
    </testcase>
    <testcase classname="ABTestingAgent error handling and edge cases should handle service unavailability" name="ABTestingAgent error handling and edge cases should handle service unavailability" time="0.008">
    </testcase>
    <testcase classname="ABTestingAgent error handling and edge cases should handle malformed task data" name="ABTestingAgent error handling and edge cases should handle malformed task data" time="0.003">
      <failure>Error: expect(received).rejects.toThrow()

Received promise resolved instead of rejected
Resolved to value: null
    at expect (C:\Users\Cheem\OneDrive\Coding\clipsCommerce - Copy\node_modules\expect\build\index.js:113:15)
    at Object.&lt;anonymous&gt; (C:\Users\Cheem\OneDrive\Coding\clipsCommerce - Copy\src\app\workflows\AI_improvement\__tests__\ABTestingAgent.test.ts:602:13)
    at Promise.then.completed (C:\Users\Cheem\OneDrive\Coding\clipsCommerce - Copy\node_modules\jest-circus\build\utils.js:298:28)
    at new Promise (&lt;anonymous&gt;)
    at callAsyncCircusFn (C:\Users\Cheem\OneDrive\Coding\clipsCommerce - Copy\node_modules\jest-circus\build\utils.js:231:10)
    at _callCircusTest (C:\Users\Cheem\OneDrive\Coding\clipsCommerce - Copy\node_modules\jest-circus\build\run.js:316:40)
    at processTicksAndRejections (node:internal/process/task_queues:105:5)
    at _runTest (C:\Users\Cheem\OneDrive\Coding\clipsCommerce - Copy\node_modules\jest-circus\build\run.js:252:3)
    at _runTestsForDescribeBlock (C:\Users\Cheem\OneDrive\Coding\clipsCommerce - Copy\node_modules\jest-circus\build\run.js:126:9)
    at _runTestsForDescribeBlock (C:\Users\Cheem\OneDrive\Coding\clipsCommerce - Copy\node_modules\jest-circus\build\run.js:121:9)
    at _runTestsForDescribeBlock (C:\Users\Cheem\OneDrive\Coding\clipsCommerce - Copy\node_modules\jest-circus\build\run.js:121:9)
    at run (C:\Users\Cheem\OneDrive\Coding\clipsCommerce - Copy\node_modules\jest-circus\build\run.js:71:3)
    at runAndTransformResultsToJestFormat (C:\Users\Cheem\OneDrive\Coding\clipsCommerce - Copy\node_modules\jest-circus\build\legacy-code-todo-rewrite\jestAdapterInit.js:122:21)
    at jestAdapter (C:\Users\Cheem\OneDrive\Coding\clipsCommerce - Copy\node_modules\jest-circus\build\legacy-code-todo-rewrite\jestAdapter.js:79:19)
    at runTestInternal (C:\Users\Cheem\OneDrive\Coding\clipsCommerce - Copy\node_modules\jest-runner\build\runTest.js:367:16)
    at runTest (C:\Users\Cheem\OneDrive\Coding\clipsCommerce - Copy\node_modules\jest-runner\build\runTest.js:444:34)
    at Object.worker (C:\Users\Cheem\OneDrive\Coding\clipsCommerce - Copy\node_modules\jest-runner\build\testWorker.js:106:12)</failure>
    </testcase>
    <testcase classname="ABTestingAgent error handling and edge cases should maintain state consistency after errors" name="ABTestingAgent error handling and edge cases should maintain state consistency after errors" time="0.003">
    </testcase>
  </testsuite>
  <testsuite name="Middleware" errors="0" failures="31" skipped="0" timestamp="2025-06-16T07:34:14" time="4.459" tests="33">
    <testcase classname="Middleware Unauthenticated User Redirects should redirect unauthenticated users to /auth/sign-in for protected routes" name="Middleware Unauthenticated User Redirects should redirect unauthenticated users to /auth/sign-in for protected routes" time="0.011">
      <failure>TypeError: Cannot set property status of #&lt;Response&gt; which has only a getter
    at Object.&lt;anonymous&gt; (C:\Users\Cheem\OneDrive\Coding\clipsCommerce - Copy\src\__tests__\middleware.test.ts:56:22)
    at C:\Users\Cheem\OneDrive\Coding\clipsCommerce - Copy\node_modules\@jest\environment-jsdom-abstract\node_modules\jest-mock\build\index.js:305:39
    at Object.&lt;anonymous&gt; (C:\Users\Cheem\OneDrive\Coding\clipsCommerce - Copy\node_modules\@jest\environment-jsdom-abstract\node_modules\jest-mock\build\index.js:312:13)
    at Object.mockConstructor [as next] (C:\Users\Cheem\OneDrive\Coding\clipsCommerce - Copy\node_modules\@jest\environment-jsdom-abstract\node_modules\jest-mock\build\index.js:102:19)
    at createClient (C:\Users\Cheem\OneDrive\Coding\clipsCommerce - Copy\src\__tests__\middleware.test.ts:36:28)
    at middleware (C:\Users\Cheem\OneDrive\Coding\clipsCommerce - Copy\middleware.ts:76:46)
    at Object.&lt;anonymous&gt; (C:\Users\Cheem\OneDrive\Coding\clipsCommerce - Copy\src\__tests__\middleware.test.ts:105:35)
    at Promise.then.completed (C:\Users\Cheem\OneDrive\Coding\clipsCommerce - Copy\node_modules\jest-circus\build\utils.js:298:28)
    at new Promise (&lt;anonymous&gt;)
    at callAsyncCircusFn (C:\Users\Cheem\OneDrive\Coding\clipsCommerce - Copy\node_modules\jest-circus\build\utils.js:231:10)
    at _callCircusTest (C:\Users\Cheem\OneDrive\Coding\clipsCommerce - Copy\node_modules\jest-circus\build\run.js:316:40)
    at processTicksAndRejections (node:internal/process/task_queues:105:5)
    at _runTest (C:\Users\Cheem\OneDrive\Coding\clipsCommerce - Copy\node_modules\jest-circus\build\run.js:252:3)
    at _runTestsForDescribeBlock (C:\Users\Cheem\OneDrive\Coding\clipsCommerce - Copy\node_modules\jest-circus\build\run.js:126:9)
    at _runTestsForDescribeBlock (C:\Users\Cheem\OneDrive\Coding\clipsCommerce - Copy\node_modules\jest-circus\build\run.js:121:9)
    at _runTestsForDescribeBlock (C:\Users\Cheem\OneDrive\Coding\clipsCommerce - Copy\node_modules\jest-circus\build\run.js:121:9)
    at run (C:\Users\Cheem\OneDrive\Coding\clipsCommerce - Copy\node_modules\jest-circus\build\run.js:71:3)
    at runAndTransformResultsToJestFormat (C:\Users\Cheem\OneDrive\Coding\clipsCommerce - Copy\node_modules\jest-circus\build\legacy-code-todo-rewrite\jestAdapterInit.js:122:21)
    at jestAdapter (C:\Users\Cheem\OneDrive\Coding\clipsCommerce - Copy\node_modules\jest-circus\build\legacy-code-todo-rewrite\jestAdapter.js:79:19)
    at runTestInternal (C:\Users\Cheem\OneDrive\Coding\clipsCommerce - Copy\node_modules\jest-runner\build\runTest.js:367:16)
    at runTest (C:\Users\Cheem\OneDrive\Coding\clipsCommerce - Copy\node_modules\jest-runner\build\runTest.js:444:34)
    at Object.worker (C:\Users\Cheem\OneDrive\Coding\clipsCommerce - Copy\node_modules\jest-runner\build\testWorker.js:106:12)</failure>
    </testcase>
    <testcase classname="Middleware Unauthenticated User Redirects should preserve query parameters during redirect" name="Middleware Unauthenticated User Redirects should preserve query parameters during redirect" time="0.002">
      <failure>TypeError: Cannot set property status of #&lt;Response&gt; which has only a getter
    at Object.&lt;anonymous&gt; (C:\Users\Cheem\OneDrive\Coding\clipsCommerce - Copy\src\__tests__\middleware.test.ts:56:22)
    at C:\Users\Cheem\OneDrive\Coding\clipsCommerce - Copy\node_modules\@jest\environment-jsdom-abstract\node_modules\jest-mock\build\index.js:305:39
    at Object.&lt;anonymous&gt; (C:\Users\Cheem\OneDrive\Coding\clipsCommerce - Copy\node_modules\@jest\environment-jsdom-abstract\node_modules\jest-mock\build\index.js:312:13)
    at Object.mockConstructor [as next] (C:\Users\Cheem\OneDrive\Coding\clipsCommerce - Copy\node_modules\@jest\environment-jsdom-abstract\node_modules\jest-mock\build\index.js:102:19)
    at createClient (C:\Users\Cheem\OneDrive\Coding\clipsCommerce - Copy\src\__tests__\middleware.test.ts:36:28)
    at middleware (C:\Users\Cheem\OneDrive\Coding\clipsCommerce - Copy\middleware.ts:76:46)
    at Object.&lt;anonymous&gt; (C:\Users\Cheem\OneDrive\Coding\clipsCommerce - Copy\src\__tests__\middleware.test.ts:118:35)
    at Promise.then.completed (C:\Users\Cheem\OneDrive\Coding\clipsCommerce - Copy\node_modules\jest-circus\build\utils.js:298:28)
    at new Promise (&lt;anonymous&gt;)
    at callAsyncCircusFn (C:\Users\Cheem\OneDrive\Coding\clipsCommerce - Copy\node_modules\jest-circus\build\utils.js:231:10)
    at _callCircusTest (C:\Users\Cheem\OneDrive\Coding\clipsCommerce - Copy\node_modules\jest-circus\build\run.js:316:40)
    at processTicksAndRejections (node:internal/process/task_queues:105:5)
    at _runTest (C:\Users\Cheem\OneDrive\Coding\clipsCommerce - Copy\node_modules\jest-circus\build\run.js:252:3)
    at _runTestsForDescribeBlock (C:\Users\Cheem\OneDrive\Coding\clipsCommerce - Copy\node_modules\jest-circus\build\run.js:126:9)
    at _runTestsForDescribeBlock (C:\Users\Cheem\OneDrive\Coding\clipsCommerce - Copy\node_modules\jest-circus\build\run.js:121:9)
    at _runTestsForDescribeBlock (C:\Users\Cheem\OneDrive\Coding\clipsCommerce - Copy\node_modules\jest-circus\build\run.js:121:9)
    at run (C:\Users\Cheem\OneDrive\Coding\clipsCommerce - Copy\node_modules\jest-circus\build\run.js:71:3)
    at runAndTransformResultsToJestFormat (C:\Users\Cheem\OneDrive\Coding\clipsCommerce - Copy\node_modules\jest-circus\build\legacy-code-todo-rewrite\jestAdapterInit.js:122:21)
    at jestAdapter (C:\Users\Cheem\OneDrive\Coding\clipsCommerce - Copy\node_modules\jest-circus\build\legacy-code-todo-rewrite\jestAdapter.js:79:19)
    at runTestInternal (C:\Users\Cheem\OneDrive\Coding\clipsCommerce - Copy\node_modules\jest-runner\build\runTest.js:367:16)
    at runTest (C:\Users\Cheem\OneDrive\Coding\clipsCommerce - Copy\node_modules\jest-runner\build\runTest.js:444:34)
    at Object.worker (C:\Users\Cheem\OneDrive\Coding\clipsCommerce - Copy\node_modules\jest-runner\build\testWorker.js:106:12)</failure>
    </testcase>
    <testcase classname="Middleware Unauthenticated User Redirects should add redirected=true query parameter" name="Middleware Unauthenticated User Redirects should add redirected=true query parameter" time="0.001">
      <failure>TypeError: Cannot set property status of #&lt;Response&gt; which has only a getter
    at Object.&lt;anonymous&gt; (C:\Users\Cheem\OneDrive\Coding\clipsCommerce - Copy\src\__tests__\middleware.test.ts:56:22)
    at C:\Users\Cheem\OneDrive\Coding\clipsCommerce - Copy\node_modules\@jest\environment-jsdom-abstract\node_modules\jest-mock\build\index.js:305:39
    at Object.&lt;anonymous&gt; (C:\Users\Cheem\OneDrive\Coding\clipsCommerce - Copy\node_modules\@jest\environment-jsdom-abstract\node_modules\jest-mock\build\index.js:312:13)
    at Object.mockConstructor [as next] (C:\Users\Cheem\OneDrive\Coding\clipsCommerce - Copy\node_modules\@jest\environment-jsdom-abstract\node_modules\jest-mock\build\index.js:102:19)
    at createClient (C:\Users\Cheem\OneDrive\Coding\clipsCommerce - Copy\src\__tests__\middleware.test.ts:36:28)
    at middleware (C:\Users\Cheem\OneDrive\Coding\clipsCommerce - Copy\middleware.ts:76:46)
    at Object.&lt;anonymous&gt; (C:\Users\Cheem\OneDrive\Coding\clipsCommerce - Copy\src\__tests__\middleware.test.ts:132:35)
    at Promise.then.completed (C:\Users\Cheem\OneDrive\Coding\clipsCommerce - Copy\node_modules\jest-circus\build\utils.js:298:28)
    at new Promise (&lt;anonymous&gt;)
    at callAsyncCircusFn (C:\Users\Cheem\OneDrive\Coding\clipsCommerce - Copy\node_modules\jest-circus\build\utils.js:231:10)
    at _callCircusTest (C:\Users\Cheem\OneDrive\Coding\clipsCommerce - Copy\node_modules\jest-circus\build\run.js:316:40)
    at processTicksAndRejections (node:internal/process/task_queues:105:5)
    at _runTest (C:\Users\Cheem\OneDrive\Coding\clipsCommerce - Copy\node_modules\jest-circus\build\run.js:252:3)
    at _runTestsForDescribeBlock (C:\Users\Cheem\OneDrive\Coding\clipsCommerce - Copy\node_modules\jest-circus\build\run.js:126:9)
    at _runTestsForDescribeBlock (C:\Users\Cheem\OneDrive\Coding\clipsCommerce - Copy\node_modules\jest-circus\build\run.js:121:9)
    at _runTestsForDescribeBlock (C:\Users\Cheem\OneDrive\Coding\clipsCommerce - Copy\node_modules\jest-circus\build\run.js:121:9)
    at run (C:\Users\Cheem\OneDrive\Coding\clipsCommerce - Copy\node_modules\jest-circus\build\run.js:71:3)
    at runAndTransformResultsToJestFormat (C:\Users\Cheem\OneDrive\Coding\clipsCommerce - Copy\node_modules\jest-circus\build\legacy-code-todo-rewrite\jestAdapterInit.js:122:21)
    at jestAdapter (C:\Users\Cheem\OneDrive\Coding\clipsCommerce - Copy\node_modules\jest-circus\build\legacy-code-todo-rewrite\jestAdapter.js:79:19)
    at runTestInternal (C:\Users\Cheem\OneDrive\Coding\clipsCommerce - Copy\node_modules\jest-runner\build\runTest.js:367:16)
    at runTest (C:\Users\Cheem\OneDrive\Coding\clipsCommerce - Copy\node_modules\jest-runner\build\runTest.js:444:34)
    at Object.worker (C:\Users\Cheem\OneDrive\Coding\clipsCommerce - Copy\node_modules\jest-runner\build\testWorker.js:106:12)</failure>
    </testcase>
    <testcase classname="Middleware Authenticated User Access should allow authenticated users to access protected routes" name="Middleware Authenticated User Access should allow authenticated users to access protected routes" time="0.002">
      <failure>TypeError: Cannot set property status of #&lt;Response&gt; which has only a getter
    at Object.&lt;anonymous&gt; (C:\Users\Cheem\OneDrive\Coding\clipsCommerce - Copy\src\__tests__\middleware.test.ts:56:22)
    at C:\Users\Cheem\OneDrive\Coding\clipsCommerce - Copy\node_modules\@jest\environment-jsdom-abstract\node_modules\jest-mock\build\index.js:305:39
    at Object.&lt;anonymous&gt; (C:\Users\Cheem\OneDrive\Coding\clipsCommerce - Copy\node_modules\@jest\environment-jsdom-abstract\node_modules\jest-mock\build\index.js:312:13)
    at Object.mockConstructor [as next] (C:\Users\Cheem\OneDrive\Coding\clipsCommerce - Copy\node_modules\@jest\environment-jsdom-abstract\node_modules\jest-mock\build\index.js:102:19)
    at createClient (C:\Users\Cheem\OneDrive\Coding\clipsCommerce - Copy\src\__tests__\middleware.test.ts:36:28)
    at middleware (C:\Users\Cheem\OneDrive\Coding\clipsCommerce - Copy\middleware.ts:76:46)
    at Object.&lt;anonymous&gt; (C:\Users\Cheem\OneDrive\Coding\clipsCommerce - Copy\src\__tests__\middleware.test.ts:149:35)
    at Promise.then.completed (C:\Users\Cheem\OneDrive\Coding\clipsCommerce - Copy\node_modules\jest-circus\build\utils.js:298:28)
    at new Promise (&lt;anonymous&gt;)
    at callAsyncCircusFn (C:\Users\Cheem\OneDrive\Coding\clipsCommerce - Copy\node_modules\jest-circus\build\utils.js:231:10)
    at _callCircusTest (C:\Users\Cheem\OneDrive\Coding\clipsCommerce - Copy\node_modules\jest-circus\build\run.js:316:40)
    at processTicksAndRejections (node:internal/process/task_queues:105:5)
    at _runTest (C:\Users\Cheem\OneDrive\Coding\clipsCommerce - Copy\node_modules\jest-circus\build\run.js:252:3)
    at _runTestsForDescribeBlock (C:\Users\Cheem\OneDrive\Coding\clipsCommerce - Copy\node_modules\jest-circus\build\run.js:126:9)
    at _runTestsForDescribeBlock (C:\Users\Cheem\OneDrive\Coding\clipsCommerce - Copy\node_modules\jest-circus\build\run.js:121:9)
    at _runTestsForDescribeBlock (C:\Users\Cheem\OneDrive\Coding\clipsCommerce - Copy\node_modules\jest-circus\build\run.js:121:9)
    at run (C:\Users\Cheem\OneDrive\Coding\clipsCommerce - Copy\node_modules\jest-circus\build\run.js:71:3)
    at runAndTransformResultsToJestFormat (C:\Users\Cheem\OneDrive\Coding\clipsCommerce - Copy\node_modules\jest-circus\build\legacy-code-todo-rewrite\jestAdapterInit.js:122:21)
    at jestAdapter (C:\Users\Cheem\OneDrive\Coding\clipsCommerce - Copy\node_modules\jest-circus\build\legacy-code-todo-rewrite\jestAdapter.js:79:19)
    at runTestInternal (C:\Users\Cheem\OneDrive\Coding\clipsCommerce - Copy\node_modules\jest-runner\build\runTest.js:367:16)
    at runTest (C:\Users\Cheem\OneDrive\Coding\clipsCommerce - Copy\node_modules\jest-runner\build\runTest.js:444:34)
    at Object.worker (C:\Users\Cheem\OneDrive\Coding\clipsCommerce - Copy\node_modules\jest-runner\build\testWorker.js:106:12)</failure>
    </testcase>
    <testcase classname="Middleware Authenticated User Access should validate session properly" name="Middleware Authenticated User Access should validate session properly" time="0.003">
      <failure>TypeError: Cannot set property status of #&lt;Response&gt; which has only a getter
    at Object.&lt;anonymous&gt; (C:\Users\Cheem\OneDrive\Coding\clipsCommerce - Copy\src\__tests__\middleware.test.ts:56:22)
    at C:\Users\Cheem\OneDrive\Coding\clipsCommerce - Copy\node_modules\@jest\environment-jsdom-abstract\node_modules\jest-mock\build\index.js:305:39
    at Object.&lt;anonymous&gt; (C:\Users\Cheem\OneDrive\Coding\clipsCommerce - Copy\node_modules\@jest\environment-jsdom-abstract\node_modules\jest-mock\build\index.js:312:13)
    at Object.mockConstructor [as next] (C:\Users\Cheem\OneDrive\Coding\clipsCommerce - Copy\node_modules\@jest\environment-jsdom-abstract\node_modules\jest-mock\build\index.js:102:19)
    at createClient (C:\Users\Cheem\OneDrive\Coding\clipsCommerce - Copy\src\__tests__\middleware.test.ts:36:28)
    at middleware (C:\Users\Cheem\OneDrive\Coding\clipsCommerce - Copy\middleware.ts:76:46)
    at Object.&lt;anonymous&gt; (C:\Users\Cheem\OneDrive\Coding\clipsCommerce - Copy\src\__tests__\middleware.test.ts:161:35)
    at Promise.then.completed (C:\Users\Cheem\OneDrive\Coding\clipsCommerce - Copy\node_modules\jest-circus\build\utils.js:298:28)
    at new Promise (&lt;anonymous&gt;)
    at callAsyncCircusFn (C:\Users\Cheem\OneDrive\Coding\clipsCommerce - Copy\node_modules\jest-circus\build\utils.js:231:10)
    at _callCircusTest (C:\Users\Cheem\OneDrive\Coding\clipsCommerce - Copy\node_modules\jest-circus\build\run.js:316:40)
    at processTicksAndRejections (node:internal/process/task_queues:105:5)
    at _runTest (C:\Users\Cheem\OneDrive\Coding\clipsCommerce - Copy\node_modules\jest-circus\build\run.js:252:3)
    at _runTestsForDescribeBlock (C:\Users\Cheem\OneDrive\Coding\clipsCommerce - Copy\node_modules\jest-circus\build\run.js:126:9)
    at _runTestsForDescribeBlock (C:\Users\Cheem\OneDrive\Coding\clipsCommerce - Copy\node_modules\jest-circus\build\run.js:121:9)
    at _runTestsForDescribeBlock (C:\Users\Cheem\OneDrive\Coding\clipsCommerce - Copy\node_modules\jest-circus\build\run.js:121:9)
    at run (C:\Users\Cheem\OneDrive\Coding\clipsCommerce - Copy\node_modules\jest-circus\build\run.js:71:3)
    at runAndTransformResultsToJestFormat (C:\Users\Cheem\OneDrive\Coding\clipsCommerce - Copy\node_modules\jest-circus\build\legacy-code-todo-rewrite\jestAdapterInit.js:122:21)
    at jestAdapter (C:\Users\Cheem\OneDrive\Coding\clipsCommerce - Copy\node_modules\jest-circus\build\legacy-code-todo-rewrite\jestAdapter.js:79:19)
    at runTestInternal (C:\Users\Cheem\OneDrive\Coding\clipsCommerce - Copy\node_modules\jest-runner\build\runTest.js:367:16)
    at runTest (C:\Users\Cheem\OneDrive\Coding\clipsCommerce - Copy\node_modules\jest-runner\build\runTest.js:444:34)
    at Object.worker (C:\Users\Cheem\OneDrive\Coding\clipsCommerce - Copy\node_modules\jest-runner\build\testWorker.js:106:12)</failure>
    </testcase>
    <testcase classname="Middleware Authenticated User Access should handle session management correctly" name="Middleware Authenticated User Access should handle session management correctly" time="0.002">
      <failure>TypeError: Cannot set property status of #&lt;Response&gt; which has only a getter
    at Object.&lt;anonymous&gt; (C:\Users\Cheem\OneDrive\Coding\clipsCommerce - Copy\src\__tests__\middleware.test.ts:56:22)
    at C:\Users\Cheem\OneDrive\Coding\clipsCommerce - Copy\node_modules\@jest\environment-jsdom-abstract\node_modules\jest-mock\build\index.js:305:39
    at Object.&lt;anonymous&gt; (C:\Users\Cheem\OneDrive\Coding\clipsCommerce - Copy\node_modules\@jest\environment-jsdom-abstract\node_modules\jest-mock\build\index.js:312:13)
    at Object.mockConstructor [as next] (C:\Users\Cheem\OneDrive\Coding\clipsCommerce - Copy\node_modules\@jest\environment-jsdom-abstract\node_modules\jest-mock\build\index.js:102:19)
    at createClient (C:\Users\Cheem\OneDrive\Coding\clipsCommerce - Copy\src\__tests__\middleware.test.ts:36:28)
    at middleware (C:\Users\Cheem\OneDrive\Coding\clipsCommerce - Copy\middleware.ts:76:46)
    at Object.&lt;anonymous&gt; (C:\Users\Cheem\OneDrive\Coding\clipsCommerce - Copy\src\__tests__\middleware.test.ts:177:35)
    at Promise.then.completed (C:\Users\Cheem\OneDrive\Coding\clipsCommerce - Copy\node_modules\jest-circus\build\utils.js:298:28)
    at new Promise (&lt;anonymous&gt;)
    at callAsyncCircusFn (C:\Users\Cheem\OneDrive\Coding\clipsCommerce - Copy\node_modules\jest-circus\build\utils.js:231:10)
    at _callCircusTest (C:\Users\Cheem\OneDrive\Coding\clipsCommerce - Copy\node_modules\jest-circus\build\run.js:316:40)
    at processTicksAndRejections (node:internal/process/task_queues:105:5)
    at _runTest (C:\Users\Cheem\OneDrive\Coding\clipsCommerce - Copy\node_modules\jest-circus\build\run.js:252:3)
    at _runTestsForDescribeBlock (C:\Users\Cheem\OneDrive\Coding\clipsCommerce - Copy\node_modules\jest-circus\build\run.js:126:9)
    at _runTestsForDescribeBlock (C:\Users\Cheem\OneDrive\Coding\clipsCommerce - Copy\node_modules\jest-circus\build\run.js:121:9)
    at _runTestsForDescribeBlock (C:\Users\Cheem\OneDrive\Coding\clipsCommerce - Copy\node_modules\jest-circus\build\run.js:121:9)
    at run (C:\Users\Cheem\OneDrive\Coding\clipsCommerce - Copy\node_modules\jest-circus\build\run.js:71:3)
    at runAndTransformResultsToJestFormat (C:\Users\Cheem\OneDrive\Coding\clipsCommerce - Copy\node_modules\jest-circus\build\legacy-code-todo-rewrite\jestAdapterInit.js:122:21)
    at jestAdapter (C:\Users\Cheem\OneDrive\Coding\clipsCommerce - Copy\node_modules\jest-circus\build\legacy-code-todo-rewrite\jestAdapter.js:79:19)
    at runTestInternal (C:\Users\Cheem\OneDrive\Coding\clipsCommerce - Copy\node_modules\jest-runner\build\runTest.js:367:16)
    at runTest (C:\Users\Cheem\OneDrive\Coding\clipsCommerce - Copy\node_modules\jest-runner\build\runTest.js:444:34)
    at Object.worker (C:\Users\Cheem\OneDrive\Coding\clipsCommerce - Copy\node_modules\jest-runner\build\testWorker.js:106:12)</failure>
    </testcase>
    <testcase classname="Middleware Public Path Access should allow unrestricted access to public paths" name="Middleware Public Path Access should allow unrestricted access to public paths" time="0.001">
      <failure>TypeError: Cannot set property status of #&lt;Response&gt; which has only a getter
    at Object.&lt;anonymous&gt; (C:\Users\Cheem\OneDrive\Coding\clipsCommerce - Copy\src\__tests__\middleware.test.ts:56:22)
    at C:\Users\Cheem\OneDrive\Coding\clipsCommerce - Copy\node_modules\@jest\environment-jsdom-abstract\node_modules\jest-mock\build\index.js:305:39
    at Object.&lt;anonymous&gt; (C:\Users\Cheem\OneDrive\Coding\clipsCommerce - Copy\node_modules\@jest\environment-jsdom-abstract\node_modules\jest-mock\build\index.js:312:13)
    at Object.mockConstructor [as next] (C:\Users\Cheem\OneDrive\Coding\clipsCommerce - Copy\node_modules\@jest\environment-jsdom-abstract\node_modules\jest-mock\build\index.js:102:19)
    at middleware (C:\Users\Cheem\OneDrive\Coding\clipsCommerce - Copy\middleware.ts:72:25)
    at Object.&lt;anonymous&gt; (C:\Users\Cheem\OneDrive\Coding\clipsCommerce - Copy\src\__tests__\middleware.test.ts:192:35)
    at Promise.then.completed (C:\Users\Cheem\OneDrive\Coding\clipsCommerce - Copy\node_modules\jest-circus\build\utils.js:298:28)
    at new Promise (&lt;anonymous&gt;)
    at callAsyncCircusFn (C:\Users\Cheem\OneDrive\Coding\clipsCommerce - Copy\node_modules\jest-circus\build\utils.js:231:10)
    at _callCircusTest (C:\Users\Cheem\OneDrive\Coding\clipsCommerce - Copy\node_modules\jest-circus\build\run.js:316:40)
    at processTicksAndRejections (node:internal/process/task_queues:105:5)
    at _runTest (C:\Users\Cheem\OneDrive\Coding\clipsCommerce - Copy\node_modules\jest-circus\build\run.js:252:3)
    at _runTestsForDescribeBlock (C:\Users\Cheem\OneDrive\Coding\clipsCommerce - Copy\node_modules\jest-circus\build\run.js:126:9)
    at _runTestsForDescribeBlock (C:\Users\Cheem\OneDrive\Coding\clipsCommerce - Copy\node_modules\jest-circus\build\run.js:121:9)
    at _runTestsForDescribeBlock (C:\Users\Cheem\OneDrive\Coding\clipsCommerce - Copy\node_modules\jest-circus\build\run.js:121:9)
    at run (C:\Users\Cheem\OneDrive\Coding\clipsCommerce - Copy\node_modules\jest-circus\build\run.js:71:3)
    at runAndTransformResultsToJestFormat (C:\Users\Cheem\OneDrive\Coding\clipsCommerce - Copy\node_modules\jest-circus\build\legacy-code-todo-rewrite\jestAdapterInit.js:122:21)
    at jestAdapter (C:\Users\Cheem\OneDrive\Coding\clipsCommerce - Copy\node_modules\jest-circus\build\legacy-code-todo-rewrite\jestAdapter.js:79:19)
    at runTestInternal (C:\Users\Cheem\OneDrive\Coding\clipsCommerce - Copy\node_modules\jest-runner\build\runTest.js:367:16)
    at runTest (C:\Users\Cheem\OneDrive\Coding\clipsCommerce - Copy\node_modules\jest-runner\build\runTest.js:444:34)
    at Object.worker (C:\Users\Cheem\OneDrive\Coding\clipsCommerce - Copy\node_modules\jest-runner\build\testWorker.js:106:12)</failure>
    </testcase>
    <testcase classname="Middleware Public Path Access should allow access to static files" name="Middleware Public Path Access should allow access to static files" time="0.001">
      <failure>TypeError: Cannot set property status of #&lt;Response&gt; which has only a getter
    at Object.&lt;anonymous&gt; (C:\Users\Cheem\OneDrive\Coding\clipsCommerce - Copy\src\__tests__\middleware.test.ts:56:22)
    at C:\Users\Cheem\OneDrive\Coding\clipsCommerce - Copy\node_modules\@jest\environment-jsdom-abstract\node_modules\jest-mock\build\index.js:305:39
    at Object.&lt;anonymous&gt; (C:\Users\Cheem\OneDrive\Coding\clipsCommerce - Copy\node_modules\@jest\environment-jsdom-abstract\node_modules\jest-mock\build\index.js:312:13)
    at Object.mockConstructor [as next] (C:\Users\Cheem\OneDrive\Coding\clipsCommerce - Copy\node_modules\@jest\environment-jsdom-abstract\node_modules\jest-mock\build\index.js:102:19)
    at middleware (C:\Users\Cheem\OneDrive\Coding\clipsCommerce - Copy\middleware.ts:34:25)
    at Object.&lt;anonymous&gt; (C:\Users\Cheem\OneDrive\Coding\clipsCommerce - Copy\src\__tests__\middleware.test.ts:203:35)
    at Promise.then.completed (C:\Users\Cheem\OneDrive\Coding\clipsCommerce - Copy\node_modules\jest-circus\build\utils.js:298:28)
    at new Promise (&lt;anonymous&gt;)
    at callAsyncCircusFn (C:\Users\Cheem\OneDrive\Coding\clipsCommerce - Copy\node_modules\jest-circus\build\utils.js:231:10)
    at _callCircusTest (C:\Users\Cheem\OneDrive\Coding\clipsCommerce - Copy\node_modules\jest-circus\build\run.js:316:40)
    at processTicksAndRejections (node:internal/process/task_queues:105:5)
    at _runTest (C:\Users\Cheem\OneDrive\Coding\clipsCommerce - Copy\node_modules\jest-circus\build\run.js:252:3)
    at _runTestsForDescribeBlock (C:\Users\Cheem\OneDrive\Coding\clipsCommerce - Copy\node_modules\jest-circus\build\run.js:126:9)
    at _runTestsForDescribeBlock (C:\Users\Cheem\OneDrive\Coding\clipsCommerce - Copy\node_modules\jest-circus\build\run.js:121:9)
    at _runTestsForDescribeBlock (C:\Users\Cheem\OneDrive\Coding\clipsCommerce - Copy\node_modules\jest-circus\build\run.js:121:9)
    at run (C:\Users\Cheem\OneDrive\Coding\clipsCommerce - Copy\node_modules\jest-circus\build\run.js:71:3)
    at runAndTransformResultsToJestFormat (C:\Users\Cheem\OneDrive\Coding\clipsCommerce - Copy\node_modules\jest-circus\build\legacy-code-todo-rewrite\jestAdapterInit.js:122:21)
    at jestAdapter (C:\Users\Cheem\OneDrive\Coding\clipsCommerce - Copy\node_modules\jest-circus\build\legacy-code-todo-rewrite\jestAdapter.js:79:19)
    at runTestInternal (C:\Users\Cheem\OneDrive\Coding\clipsCommerce - Copy\node_modules\jest-runner\build\runTest.js:367:16)
    at runTest (C:\Users\Cheem\OneDrive\Coding\clipsCommerce - Copy\node_modules\jest-runner\build\runTest.js:444:34)
    at Object.worker (C:\Users\Cheem\OneDrive\Coding\clipsCommerce - Copy\node_modules\jest-runner\build\testWorker.js:106:12)</failure>
    </testcase>
    <testcase classname="Middleware Public Path Access should handle API route access patterns" name="Middleware Public Path Access should handle API route access patterns" time="0.001">
      <failure>TypeError: Cannot set property status of #&lt;Response&gt; which has only a getter
    at Object.&lt;anonymous&gt; (C:\Users\Cheem\OneDrive\Coding\clipsCommerce - Copy\src\__tests__\middleware.test.ts:56:22)
    at C:\Users\Cheem\OneDrive\Coding\clipsCommerce - Copy\node_modules\@jest\environment-jsdom-abstract\node_modules\jest-mock\build\index.js:305:39
    at Object.&lt;anonymous&gt; (C:\Users\Cheem\OneDrive\Coding\clipsCommerce - Copy\node_modules\@jest\environment-jsdom-abstract\node_modules\jest-mock\build\index.js:312:13)
    at Object.mockConstructor [as next] (C:\Users\Cheem\OneDrive\Coding\clipsCommerce - Copy\node_modules\@jest\environment-jsdom-abstract\node_modules\jest-mock\build\index.js:102:19)
    at middleware (C:\Users\Cheem\OneDrive\Coding\clipsCommerce - Copy\middleware.ts:53:25)
    at Object.&lt;anonymous&gt; (C:\Users\Cheem\OneDrive\Coding\clipsCommerce - Copy\src\__tests__\middleware.test.ts:216:35)
    at Promise.then.completed (C:\Users\Cheem\OneDrive\Coding\clipsCommerce - Copy\node_modules\jest-circus\build\utils.js:298:28)
    at new Promise (&lt;anonymous&gt;)
    at callAsyncCircusFn (C:\Users\Cheem\OneDrive\Coding\clipsCommerce - Copy\node_modules\jest-circus\build\utils.js:231:10)
    at _callCircusTest (C:\Users\Cheem\OneDrive\Coding\clipsCommerce - Copy\node_modules\jest-circus\build\run.js:316:40)
    at processTicksAndRejections (node:internal/process/task_queues:105:5)
    at _runTest (C:\Users\Cheem\OneDrive\Coding\clipsCommerce - Copy\node_modules\jest-circus\build\run.js:252:3)
    at _runTestsForDescribeBlock (C:\Users\Cheem\OneDrive\Coding\clipsCommerce - Copy\node_modules\jest-circus\build\run.js:126:9)
    at _runTestsForDescribeBlock (C:\Users\Cheem\OneDrive\Coding\clipsCommerce - Copy\node_modules\jest-circus\build\run.js:121:9)
    at _runTestsForDescribeBlock (C:\Users\Cheem\OneDrive\Coding\clipsCommerce - Copy\node_modules\jest-circus\build\run.js:121:9)
    at run (C:\Users\Cheem\OneDrive\Coding\clipsCommerce - Copy\node_modules\jest-circus\build\run.js:71:3)
    at runAndTransformResultsToJestFormat (C:\Users\Cheem\OneDrive\Coding\clipsCommerce - Copy\node_modules\jest-circus\build\legacy-code-todo-rewrite\jestAdapterInit.js:122:21)
    at jestAdapter (C:\Users\Cheem\OneDrive\Coding\clipsCommerce - Copy\node_modules\jest-circus\build\legacy-code-todo-rewrite\jestAdapter.js:79:19)
    at runTestInternal (C:\Users\Cheem\OneDrive\Coding\clipsCommerce - Copy\node_modules\jest-runner\build\runTest.js:367:16)
    at runTest (C:\Users\Cheem\OneDrive\Coding\clipsCommerce - Copy\node_modules\jest-runner\build\runTest.js:444:34)
    at Object.worker (C:\Users\Cheem\OneDrive\Coding\clipsCommerce - Copy\node_modules\jest-runner\build\testWorker.js:106:12)</failure>
    </testcase>
    <testcase classname="Middleware Public Path Access should validate CSRF tokens for API routes" name="Middleware Public Path Access should validate CSRF tokens for API routes" time="0.001">
      <failure>TypeError: Cannot set property status of #&lt;Response&gt; which has only a getter
    at Object.&lt;anonymous&gt; (C:\Users\Cheem\OneDrive\Coding\clipsCommerce - Copy\src\__tests__\middleware.test.ts:56:22)
    at C:\Users\Cheem\OneDrive\Coding\clipsCommerce - Copy\node_modules\@jest\environment-jsdom-abstract\node_modules\jest-mock\build\index.js:305:39
    at Object.&lt;anonymous&gt; (C:\Users\Cheem\OneDrive\Coding\clipsCommerce - Copy\node_modules\@jest\environment-jsdom-abstract\node_modules\jest-mock\build\index.js:312:13)
    at Object.mockConstructor [as next] (C:\Users\Cheem\OneDrive\Coding\clipsCommerce - Copy\node_modules\@jest\environment-jsdom-abstract\node_modules\jest-mock\build\index.js:102:19)
    at middleware (C:\Users\Cheem\OneDrive\Coding\clipsCommerce - Copy\middleware.ts:53:25)
    at Object.&lt;anonymous&gt; (C:\Users\Cheem\OneDrive\Coding\clipsCommerce - Copy\src\__tests__\middleware.test.ts:229:35)
    at Promise.then.completed (C:\Users\Cheem\OneDrive\Coding\clipsCommerce - Copy\node_modules\jest-circus\build\utils.js:298:28)
    at new Promise (&lt;anonymous&gt;)
    at callAsyncCircusFn (C:\Users\Cheem\OneDrive\Coding\clipsCommerce - Copy\node_modules\jest-circus\build\utils.js:231:10)
    at _callCircusTest (C:\Users\Cheem\OneDrive\Coding\clipsCommerce - Copy\node_modules\jest-circus\build\run.js:316:40)
    at processTicksAndRejections (node:internal/process/task_queues:105:5)
    at _runTest (C:\Users\Cheem\OneDrive\Coding\clipsCommerce - Copy\node_modules\jest-circus\build\run.js:252:3)
    at _runTestsForDescribeBlock (C:\Users\Cheem\OneDrive\Coding\clipsCommerce - Copy\node_modules\jest-circus\build\run.js:126:9)
    at _runTestsForDescribeBlock (C:\Users\Cheem\OneDrive\Coding\clipsCommerce - Copy\node_modules\jest-circus\build\run.js:121:9)
    at _runTestsForDescribeBlock (C:\Users\Cheem\OneDrive\Coding\clipsCommerce - Copy\node_modules\jest-circus\build\run.js:121:9)
    at run (C:\Users\Cheem\OneDrive\Coding\clipsCommerce - Copy\node_modules\jest-circus\build\run.js:71:3)
    at runAndTransformResultsToJestFormat (C:\Users\Cheem\OneDrive\Coding\clipsCommerce - Copy\node_modules\jest-circus\build\legacy-code-todo-rewrite\jestAdapterInit.js:122:21)
    at jestAdapter (C:\Users\Cheem\OneDrive\Coding\clipsCommerce - Copy\node_modules\jest-circus\build\legacy-code-todo-rewrite\jestAdapter.js:79:19)
    at runTestInternal (C:\Users\Cheem\OneDrive\Coding\clipsCommerce - Copy\node_modules\jest-runner\build\runTest.js:367:16)
    at runTest (C:\Users\Cheem\OneDrive\Coding\clipsCommerce - Copy\node_modules\jest-runner\build\runTest.js:444:34)
    at Object.worker (C:\Users\Cheem\OneDrive\Coding\clipsCommerce - Copy\node_modules\jest-runner\build\testWorker.js:106:12)</failure>
    </testcase>
    <testcase classname="Middleware Public Path Access should allow access to public API routes without CSRF" name="Middleware Public Path Access should allow access to public API routes without CSRF" time="0.001">
      <failure>TypeError: Cannot set property status of #&lt;Response&gt; which has only a getter
    at Object.&lt;anonymous&gt; (C:\Users\Cheem\OneDrive\Coding\clipsCommerce - Copy\src\__tests__\middleware.test.ts:56:22)
    at C:\Users\Cheem\OneDrive\Coding\clipsCommerce - Copy\node_modules\@jest\environment-jsdom-abstract\node_modules\jest-mock\build\index.js:305:39
    at Object.&lt;anonymous&gt; (C:\Users\Cheem\OneDrive\Coding\clipsCommerce - Copy\node_modules\@jest\environment-jsdom-abstract\node_modules\jest-mock\build\index.js:312:13)
    at Object.mockConstructor [as next] (C:\Users\Cheem\OneDrive\Coding\clipsCommerce - Copy\node_modules\@jest\environment-jsdom-abstract\node_modules\jest-mock\build\index.js:102:19)
    at middleware (C:\Users\Cheem\OneDrive\Coding\clipsCommerce - Copy\middleware.ts:53:25)
    at Object.&lt;anonymous&gt; (C:\Users\Cheem\OneDrive\Coding\clipsCommerce - Copy\src\__tests__\middleware.test.ts:243:35)
    at Promise.then.completed (C:\Users\Cheem\OneDrive\Coding\clipsCommerce - Copy\node_modules\jest-circus\build\utils.js:298:28)
    at new Promise (&lt;anonymous&gt;)
    at callAsyncCircusFn (C:\Users\Cheem\OneDrive\Coding\clipsCommerce - Copy\node_modules\jest-circus\build\utils.js:231:10)
    at _callCircusTest (C:\Users\Cheem\OneDrive\Coding\clipsCommerce - Copy\node_modules\jest-circus\build\run.js:316:40)
    at processTicksAndRejections (node:internal/process/task_queues:105:5)
    at _runTest (C:\Users\Cheem\OneDrive\Coding\clipsCommerce - Copy\node_modules\jest-circus\build\run.js:252:3)
    at _runTestsForDescribeBlock (C:\Users\Cheem\OneDrive\Coding\clipsCommerce - Copy\node_modules\jest-circus\build\run.js:126:9)
    at _runTestsForDescribeBlock (C:\Users\Cheem\OneDrive\Coding\clipsCommerce - Copy\node_modules\jest-circus\build\run.js:121:9)
    at _runTestsForDescribeBlock (C:\Users\Cheem\OneDrive\Coding\clipsCommerce - Copy\node_modules\jest-circus\build\run.js:121:9)
    at run (C:\Users\Cheem\OneDrive\Coding\clipsCommerce - Copy\node_modules\jest-circus\build\run.js:71:3)
    at runAndTransformResultsToJestFormat (C:\Users\Cheem\OneDrive\Coding\clipsCommerce - Copy\node_modules\jest-circus\build\legacy-code-todo-rewrite\jestAdapterInit.js:122:21)
    at jestAdapter (C:\Users\Cheem\OneDrive\Coding\clipsCommerce - Copy\node_modules\jest-circus\build\legacy-code-todo-rewrite\jestAdapter.js:79:19)
    at runTestInternal (C:\Users\Cheem\OneDrive\Coding\clipsCommerce - Copy\node_modules\jest-runner\build\runTest.js:367:16)
    at runTest (C:\Users\Cheem\OneDrive\Coding\clipsCommerce - Copy\node_modules\jest-runner\build\runTest.js:444:34)
    at Object.worker (C:\Users\Cheem\OneDrive\Coding\clipsCommerce - Copy\node_modules\jest-runner\build\testWorker.js:106:12)</failure>
    </testcase>
    <testcase classname="Middleware Public Path Access should handle various static file extensions" name="Middleware Public Path Access should handle various static file extensions" time="0">
      <failure>TypeError: Cannot set property status of #&lt;Response&gt; which has only a getter
    at Object.&lt;anonymous&gt; (C:\Users\Cheem\OneDrive\Coding\clipsCommerce - Copy\src\__tests__\middleware.test.ts:56:22)
    at C:\Users\Cheem\OneDrive\Coding\clipsCommerce - Copy\node_modules\@jest\environment-jsdom-abstract\node_modules\jest-mock\build\index.js:305:39
    at Object.&lt;anonymous&gt; (C:\Users\Cheem\OneDrive\Coding\clipsCommerce - Copy\node_modules\@jest\environment-jsdom-abstract\node_modules\jest-mock\build\index.js:312:13)
    at Object.mockConstructor [as next] (C:\Users\Cheem\OneDrive\Coding\clipsCommerce - Copy\node_modules\@jest\environment-jsdom-abstract\node_modules\jest-mock\build\index.js:102:19)
    at middleware (C:\Users\Cheem\OneDrive\Coding\clipsCommerce - Copy\middleware.ts:34:25)
    at Object.&lt;anonymous&gt; (C:\Users\Cheem\OneDrive\Coding\clipsCommerce - Copy\src\__tests__\middleware.test.ts:265:37)
    at Promise.then.completed (C:\Users\Cheem\OneDrive\Coding\clipsCommerce - Copy\node_modules\jest-circus\build\utils.js:298:28)
    at new Promise (&lt;anonymous&gt;)
    at callAsyncCircusFn (C:\Users\Cheem\OneDrive\Coding\clipsCommerce - Copy\node_modules\jest-circus\build\utils.js:231:10)
    at _callCircusTest (C:\Users\Cheem\OneDrive\Coding\clipsCommerce - Copy\node_modules\jest-circus\build\run.js:316:40)
    at processTicksAndRejections (node:internal/process/task_queues:105:5)
    at _runTest (C:\Users\Cheem\OneDrive\Coding\clipsCommerce - Copy\node_modules\jest-circus\build\run.js:252:3)
    at _runTestsForDescribeBlock (C:\Users\Cheem\OneDrive\Coding\clipsCommerce - Copy\node_modules\jest-circus\build\run.js:126:9)
    at _runTestsForDescribeBlock (C:\Users\Cheem\OneDrive\Coding\clipsCommerce - Copy\node_modules\jest-circus\build\run.js:121:9)
    at _runTestsForDescribeBlock (C:\Users\Cheem\OneDrive\Coding\clipsCommerce - Copy\node_modules\jest-circus\build\run.js:121:9)
    at run (C:\Users\Cheem\OneDrive\Coding\clipsCommerce - Copy\node_modules\jest-circus\build\run.js:71:3)
    at runAndTransformResultsToJestFormat (C:\Users\Cheem\OneDrive\Coding\clipsCommerce - Copy\node_modules\jest-circus\build\legacy-code-todo-rewrite\jestAdapterInit.js:122:21)
    at jestAdapter (C:\Users\Cheem\OneDrive\Coding\clipsCommerce - Copy\node_modules\jest-circus\build\legacy-code-todo-rewrite\jestAdapter.js:79:19)
    at runTestInternal (C:\Users\Cheem\OneDrive\Coding\clipsCommerce - Copy\node_modules\jest-runner\build\runTest.js:367:16)
    at runTest (C:\Users\Cheem\OneDrive\Coding\clipsCommerce - Copy\node_modules\jest-runner\build\runTest.js:444:34)
    at Object.worker (C:\Users\Cheem\OneDrive\Coding\clipsCommerce - Copy\node_modules\jest-runner\build\testWorker.js:106:12)</failure>
    </testcase>
    <testcase classname="Middleware Public Path Access should handle nested public paths correctly" name="Middleware Public Path Access should handle nested public paths correctly" time="0.001">
      <failure>TypeError: Cannot set property status of #&lt;Response&gt; which has only a getter
    at Object.&lt;anonymous&gt; (C:\Users\Cheem\OneDrive\Coding\clipsCommerce - Copy\src\__tests__\middleware.test.ts:56:22)
    at C:\Users\Cheem\OneDrive\Coding\clipsCommerce - Copy\node_modules\@jest\environment-jsdom-abstract\node_modules\jest-mock\build\index.js:305:39
    at Object.&lt;anonymous&gt; (C:\Users\Cheem\OneDrive\Coding\clipsCommerce - Copy\node_modules\@jest\environment-jsdom-abstract\node_modules\jest-mock\build\index.js:312:13)
    at Object.mockConstructor [as next] (C:\Users\Cheem\OneDrive\Coding\clipsCommerce - Copy\node_modules\@jest\environment-jsdom-abstract\node_modules\jest-mock\build\index.js:102:19)
    at createClient (C:\Users\Cheem\OneDrive\Coding\clipsCommerce - Copy\src\__tests__\middleware.test.ts:36:28)
    at middleware (C:\Users\Cheem\OneDrive\Coding\clipsCommerce - Copy\middleware.ts:60:50)
    at Object.&lt;anonymous&gt; (C:\Users\Cheem\OneDrive\Coding\clipsCommerce - Copy\src\__tests__\middleware.test.ts:284:37)
    at Promise.then.completed (C:\Users\Cheem\OneDrive\Coding\clipsCommerce - Copy\node_modules\jest-circus\build\utils.js:298:28)
    at new Promise (&lt;anonymous&gt;)
    at callAsyncCircusFn (C:\Users\Cheem\OneDrive\Coding\clipsCommerce - Copy\node_modules\jest-circus\build\utils.js:231:10)
    at _callCircusTest (C:\Users\Cheem\OneDrive\Coding\clipsCommerce - Copy\node_modules\jest-circus\build\run.js:316:40)
    at processTicksAndRejections (node:internal/process/task_queues:105:5)
    at _runTest (C:\Users\Cheem\OneDrive\Coding\clipsCommerce - Copy\node_modules\jest-circus\build\run.js:252:3)
    at _runTestsForDescribeBlock (C:\Users\Cheem\OneDrive\Coding\clipsCommerce - Copy\node_modules\jest-circus\build\run.js:126:9)
    at _runTestsForDescribeBlock (C:\Users\Cheem\OneDrive\Coding\clipsCommerce - Copy\node_modules\jest-circus\build\run.js:121:9)
    at _runTestsForDescribeBlock (C:\Users\Cheem\OneDrive\Coding\clipsCommerce - Copy\node_modules\jest-circus\build\run.js:121:9)
    at run (C:\Users\Cheem\OneDrive\Coding\clipsCommerce - Copy\node_modules\jest-circus\build\run.js:71:3)
    at runAndTransformResultsToJestFormat (C:\Users\Cheem\OneDrive\Coding\clipsCommerce - Copy\node_modules\jest-circus\build\legacy-code-todo-rewrite\jestAdapterInit.js:122:21)
    at jestAdapter (C:\Users\Cheem\OneDrive\Coding\clipsCommerce - Copy\node_modules\jest-circus\build\legacy-code-todo-rewrite\jestAdapter.js:79:19)
    at runTestInternal (C:\Users\Cheem\OneDrive\Coding\clipsCommerce - Copy\node_modules\jest-runner\build\runTest.js:367:16)
    at runTest (C:\Users\Cheem\OneDrive\Coding\clipsCommerce - Copy\node_modules\jest-runner\build\runTest.js:444:34)
    at Object.worker (C:\Users\Cheem\OneDrive\Coding\clipsCommerce - Copy\node_modules\jest-runner\build\testWorker.js:106:12)</failure>
    </testcase>
    <testcase classname="Middleware Auth Page Redirects should redirect authenticated users from auth pages to dashboard" name="Middleware Auth Page Redirects should redirect authenticated users from auth pages to dashboard" time="0">
      <failure>TypeError: Cannot set property status of #&lt;Response&gt; which has only a getter
    at Object.&lt;anonymous&gt; (C:\Users\Cheem\OneDrive\Coding\clipsCommerce - Copy\src\__tests__\middleware.test.ts:56:22)
    at C:\Users\Cheem\OneDrive\Coding\clipsCommerce - Copy\node_modules\@jest\environment-jsdom-abstract\node_modules\jest-mock\build\index.js:305:39
    at Object.&lt;anonymous&gt; (C:\Users\Cheem\OneDrive\Coding\clipsCommerce - Copy\node_modules\@jest\environment-jsdom-abstract\node_modules\jest-mock\build\index.js:312:13)
    at Object.mockConstructor [as next] (C:\Users\Cheem\OneDrive\Coding\clipsCommerce - Copy\node_modules\@jest\environment-jsdom-abstract\node_modules\jest-mock\build\index.js:102:19)
    at createClient (C:\Users\Cheem\OneDrive\Coding\clipsCommerce - Copy\src\__tests__\middleware.test.ts:36:28)
    at middleware (C:\Users\Cheem\OneDrive\Coding\clipsCommerce - Copy\middleware.ts:60:50)
    at Object.&lt;anonymous&gt; (C:\Users\Cheem\OneDrive\Coding\clipsCommerce - Copy\src\__tests__\middleware.test.ts:300:35)
    at Promise.then.completed (C:\Users\Cheem\OneDrive\Coding\clipsCommerce - Copy\node_modules\jest-circus\build\utils.js:298:28)
    at new Promise (&lt;anonymous&gt;)
    at callAsyncCircusFn (C:\Users\Cheem\OneDrive\Coding\clipsCommerce - Copy\node_modules\jest-circus\build\utils.js:231:10)
    at _callCircusTest (C:\Users\Cheem\OneDrive\Coding\clipsCommerce - Copy\node_modules\jest-circus\build\run.js:316:40)
    at processTicksAndRejections (node:internal/process/task_queues:105:5)
    at _runTest (C:\Users\Cheem\OneDrive\Coding\clipsCommerce - Copy\node_modules\jest-circus\build\run.js:252:3)
    at _runTestsForDescribeBlock (C:\Users\Cheem\OneDrive\Coding\clipsCommerce - Copy\node_modules\jest-circus\build\run.js:126:9)
    at _runTestsForDescribeBlock (C:\Users\Cheem\OneDrive\Coding\clipsCommerce - Copy\node_modules\jest-circus\build\run.js:121:9)
    at _runTestsForDescribeBlock (C:\Users\Cheem\OneDrive\Coding\clipsCommerce - Copy\node_modules\jest-circus\build\run.js:121:9)
    at run (C:\Users\Cheem\OneDrive\Coding\clipsCommerce - Copy\node_modules\jest-circus\build\run.js:71:3)
    at runAndTransformResultsToJestFormat (C:\Users\Cheem\OneDrive\Coding\clipsCommerce - Copy\node_modules\jest-circus\build\legacy-code-todo-rewrite\jestAdapterInit.js:122:21)
    at jestAdapter (C:\Users\Cheem\OneDrive\Coding\clipsCommerce - Copy\node_modules\jest-circus\build\legacy-code-todo-rewrite\jestAdapter.js:79:19)
    at runTestInternal (C:\Users\Cheem\OneDrive\Coding\clipsCommerce - Copy\node_modules\jest-runner\build\runTest.js:367:16)
    at runTest (C:\Users\Cheem\OneDrive\Coding\clipsCommerce - Copy\node_modules\jest-runner\build\runTest.js:444:34)
    at Object.worker (C:\Users\Cheem\OneDrive\Coding\clipsCommerce - Copy\node_modules\jest-runner\build\testWorker.js:106:12)</failure>
    </testcase>
    <testcase classname="Middleware Auth Page Redirects should detect valid sessions correctly" name="Middleware Auth Page Redirects should detect valid sessions correctly" time="0.002">
      <failure>TypeError: Cannot set property status of #&lt;Response&gt; which has only a getter
    at Object.&lt;anonymous&gt; (C:\Users\Cheem\OneDrive\Coding\clipsCommerce - Copy\src\__tests__\middleware.test.ts:56:22)
    at C:\Users\Cheem\OneDrive\Coding\clipsCommerce - Copy\node_modules\@jest\environment-jsdom-abstract\node_modules\jest-mock\build\index.js:305:39
    at Object.&lt;anonymous&gt; (C:\Users\Cheem\OneDrive\Coding\clipsCommerce - Copy\node_modules\@jest\environment-jsdom-abstract\node_modules\jest-mock\build\index.js:312:13)
    at Object.mockConstructor [as next] (C:\Users\Cheem\OneDrive\Coding\clipsCommerce - Copy\node_modules\@jest\environment-jsdom-abstract\node_modules\jest-mock\build\index.js:102:19)
    at createClient (C:\Users\Cheem\OneDrive\Coding\clipsCommerce - Copy\src\__tests__\middleware.test.ts:36:28)
    at middleware (C:\Users\Cheem\OneDrive\Coding\clipsCommerce - Copy\middleware.ts:60:50)
    at Object.&lt;anonymous&gt; (C:\Users\Cheem\OneDrive\Coding\clipsCommerce - Copy\src\__tests__\middleware.test.ts:316:35)
    at Promise.then.completed (C:\Users\Cheem\OneDrive\Coding\clipsCommerce - Copy\node_modules\jest-circus\build\utils.js:298:28)
    at new Promise (&lt;anonymous&gt;)
    at callAsyncCircusFn (C:\Users\Cheem\OneDrive\Coding\clipsCommerce - Copy\node_modules\jest-circus\build\utils.js:231:10)
    at _callCircusTest (C:\Users\Cheem\OneDrive\Coding\clipsCommerce - Copy\node_modules\jest-circus\build\run.js:316:40)
    at processTicksAndRejections (node:internal/process/task_queues:105:5)
    at _runTest (C:\Users\Cheem\OneDrive\Coding\clipsCommerce - Copy\node_modules\jest-circus\build\run.js:252:3)
    at _runTestsForDescribeBlock (C:\Users\Cheem\OneDrive\Coding\clipsCommerce - Copy\node_modules\jest-circus\build\run.js:126:9)
    at _runTestsForDescribeBlock (C:\Users\Cheem\OneDrive\Coding\clipsCommerce - Copy\node_modules\jest-circus\build\run.js:121:9)
    at _runTestsForDescribeBlock (C:\Users\Cheem\OneDrive\Coding\clipsCommerce - Copy\node_modules\jest-circus\build\run.js:121:9)
    at run (C:\Users\Cheem\OneDrive\Coding\clipsCommerce - Copy\node_modules\jest-circus\build\run.js:71:3)
    at runAndTransformResultsToJestFormat (C:\Users\Cheem\OneDrive\Coding\clipsCommerce - Copy\node_modules\jest-circus\build\legacy-code-todo-rewrite\jestAdapterInit.js:122:21)
    at jestAdapter (C:\Users\Cheem\OneDrive\Coding\clipsCommerce - Copy\node_modules\jest-circus\build\legacy-code-todo-rewrite\jestAdapter.js:79:19)
    at runTestInternal (C:\Users\Cheem\OneDrive\Coding\clipsCommerce - Copy\node_modules\jest-runner\build\runTest.js:367:16)
    at runTest (C:\Users\Cheem\OneDrive\Coding\clipsCommerce - Copy\node_modules\jest-runner\build\runTest.js:444:34)
    at Object.worker (C:\Users\Cheem\OneDrive\Coding\clipsCommerce - Copy\node_modules\jest-runner\build\testWorker.js:106:12)</failure>
    </testcase>
    <testcase classname="Middleware Auth Page Redirects should handle redirect logic properly" name="Middleware Auth Page Redirects should handle redirect logic properly" time="0.001">
      <failure>TypeError: Cannot set property status of #&lt;Response&gt; which has only a getter
    at Object.&lt;anonymous&gt; (C:\Users\Cheem\OneDrive\Coding\clipsCommerce - Copy\src\__tests__\middleware.test.ts:56:22)
    at C:\Users\Cheem\OneDrive\Coding\clipsCommerce - Copy\node_modules\@jest\environment-jsdom-abstract\node_modules\jest-mock\build\index.js:305:39
    at Object.&lt;anonymous&gt; (C:\Users\Cheem\OneDrive\Coding\clipsCommerce - Copy\node_modules\@jest\environment-jsdom-abstract\node_modules\jest-mock\build\index.js:312:13)
    at Object.mockConstructor [as next] (C:\Users\Cheem\OneDrive\Coding\clipsCommerce - Copy\node_modules\@jest\environment-jsdom-abstract\node_modules\jest-mock\build\index.js:102:19)
    at createClient (C:\Users\Cheem\OneDrive\Coding\clipsCommerce - Copy\src\__tests__\middleware.test.ts:36:28)
    at middleware (C:\Users\Cheem\OneDrive\Coding\clipsCommerce - Copy\middleware.ts:60:50)
    at Object.&lt;anonymous&gt; (C:\Users\Cheem\OneDrive\Coding\clipsCommerce - Copy\src\__tests__\middleware.test.ts:337:37)
    at Promise.then.completed (C:\Users\Cheem\OneDrive\Coding\clipsCommerce - Copy\node_modules\jest-circus\build\utils.js:298:28)
    at new Promise (&lt;anonymous&gt;)
    at callAsyncCircusFn (C:\Users\Cheem\OneDrive\Coding\clipsCommerce - Copy\node_modules\jest-circus\build\utils.js:231:10)
    at _callCircusTest (C:\Users\Cheem\OneDrive\Coding\clipsCommerce - Copy\node_modules\jest-circus\build\run.js:316:40)
    at processTicksAndRejections (node:internal/process/task_queues:105:5)
    at _runTest (C:\Users\Cheem\OneDrive\Coding\clipsCommerce - Copy\node_modules\jest-circus\build\run.js:252:3)
    at _runTestsForDescribeBlock (C:\Users\Cheem\OneDrive\Coding\clipsCommerce - Copy\node_modules\jest-circus\build\run.js:126:9)
    at _runTestsForDescribeBlock (C:\Users\Cheem\OneDrive\Coding\clipsCommerce - Copy\node_modules\jest-circus\build\run.js:121:9)
    at _runTestsForDescribeBlock (C:\Users\Cheem\OneDrive\Coding\clipsCommerce - Copy\node_modules\jest-circus\build\run.js:121:9)
    at run (C:\Users\Cheem\OneDrive\Coding\clipsCommerce - Copy\node_modules\jest-circus\build\run.js:71:3)
    at runAndTransformResultsToJestFormat (C:\Users\Cheem\OneDrive\Coding\clipsCommerce - Copy\node_modules\jest-circus\build\legacy-code-todo-rewrite\jestAdapterInit.js:122:21)
    at jestAdapter (C:\Users\Cheem\OneDrive\Coding\clipsCommerce - Copy\node_modules\jest-circus\build\legacy-code-todo-rewrite\jestAdapter.js:79:19)
    at runTestInternal (C:\Users\Cheem\OneDrive\Coding\clipsCommerce - Copy\node_modules\jest-runner\build\runTest.js:367:16)
    at runTest (C:\Users\Cheem\OneDrive\Coding\clipsCommerce - Copy\node_modules\jest-runner\build\runTest.js:444:34)
    at Object.worker (C:\Users\Cheem\OneDrive\Coding\clipsCommerce - Copy\node_modules\jest-runner\build\testWorker.js:106:12)</failure>
    </testcase>
    <testcase classname="Middleware Edge Cases and Error Handling should handle expired sessions gracefully" name="Middleware Edge Cases and Error Handling should handle expired sessions gracefully" time="0.001">
      <failure>TypeError: Cannot set property status of #&lt;Response&gt; which has only a getter
    at Object.&lt;anonymous&gt; (C:\Users\Cheem\OneDrive\Coding\clipsCommerce - Copy\src\__tests__\middleware.test.ts:56:22)
    at C:\Users\Cheem\OneDrive\Coding\clipsCommerce - Copy\node_modules\@jest\environment-jsdom-abstract\node_modules\jest-mock\build\index.js:305:39
    at Object.&lt;anonymous&gt; (C:\Users\Cheem\OneDrive\Coding\clipsCommerce - Copy\node_modules\@jest\environment-jsdom-abstract\node_modules\jest-mock\build\index.js:312:13)
    at Object.mockConstructor [as next] (C:\Users\Cheem\OneDrive\Coding\clipsCommerce - Copy\node_modules\@jest\environment-jsdom-abstract\node_modules\jest-mock\build\index.js:102:19)
    at createClient (C:\Users\Cheem\OneDrive\Coding\clipsCommerce - Copy\src\__tests__\middleware.test.ts:36:28)
    at middleware (C:\Users\Cheem\OneDrive\Coding\clipsCommerce - Copy\middleware.ts:76:46)
    at Object.&lt;anonymous&gt; (C:\Users\Cheem\OneDrive\Coding\clipsCommerce - Copy\src\__tests__\middleware.test.ts:354:35)
    at Promise.then.completed (C:\Users\Cheem\OneDrive\Coding\clipsCommerce - Copy\node_modules\jest-circus\build\utils.js:298:28)
    at new Promise (&lt;anonymous&gt;)
    at callAsyncCircusFn (C:\Users\Cheem\OneDrive\Coding\clipsCommerce - Copy\node_modules\jest-circus\build\utils.js:231:10)
    at _callCircusTest (C:\Users\Cheem\OneDrive\Coding\clipsCommerce - Copy\node_modules\jest-circus\build\run.js:316:40)
    at processTicksAndRejections (node:internal/process/task_queues:105:5)
    at _runTest (C:\Users\Cheem\OneDrive\Coding\clipsCommerce - Copy\node_modules\jest-circus\build\run.js:252:3)
    at _runTestsForDescribeBlock (C:\Users\Cheem\OneDrive\Coding\clipsCommerce - Copy\node_modules\jest-circus\build\run.js:126:9)
    at _runTestsForDescribeBlock (C:\Users\Cheem\OneDrive\Coding\clipsCommerce - Copy\node_modules\jest-circus\build\run.js:121:9)
    at _runTestsForDescribeBlock (C:\Users\Cheem\OneDrive\Coding\clipsCommerce - Copy\node_modules\jest-circus\build\run.js:121:9)
    at run (C:\Users\Cheem\OneDrive\Coding\clipsCommerce - Copy\node_modules\jest-circus\build\run.js:71:3)
    at runAndTransformResultsToJestFormat (C:\Users\Cheem\OneDrive\Coding\clipsCommerce - Copy\node_modules\jest-circus\build\legacy-code-todo-rewrite\jestAdapterInit.js:122:21)
    at jestAdapter (C:\Users\Cheem\OneDrive\Coding\clipsCommerce - Copy\node_modules\jest-circus\build\legacy-code-todo-rewrite\jestAdapter.js:79:19)
    at runTestInternal (C:\Users\Cheem\OneDrive\Coding\clipsCommerce - Copy\node_modules\jest-runner\build\runTest.js:367:16)
    at runTest (C:\Users\Cheem\OneDrive\Coding\clipsCommerce - Copy\node_modules\jest-runner\build\runTest.js:444:34)
    at Object.worker (C:\Users\Cheem\OneDrive\Coding\clipsCommerce - Copy\node_modules\jest-runner\build\testWorker.js:106:12)</failure>
    </testcase>
    <testcase classname="Middleware Edge Cases and Error Handling should handle invalid sessions properly" name="Middleware Edge Cases and Error Handling should handle invalid sessions properly" time="0.001">
      <failure>TypeError: Cannot set property status of #&lt;Response&gt; which has only a getter
    at Object.&lt;anonymous&gt; (C:\Users\Cheem\OneDrive\Coding\clipsCommerce - Copy\src\__tests__\middleware.test.ts:56:22)
    at C:\Users\Cheem\OneDrive\Coding\clipsCommerce - Copy\node_modules\@jest\environment-jsdom-abstract\node_modules\jest-mock\build\index.js:305:39
    at Object.&lt;anonymous&gt; (C:\Users\Cheem\OneDrive\Coding\clipsCommerce - Copy\node_modules\@jest\environment-jsdom-abstract\node_modules\jest-mock\build\index.js:312:13)
    at Object.mockConstructor [as next] (C:\Users\Cheem\OneDrive\Coding\clipsCommerce - Copy\node_modules\@jest\environment-jsdom-abstract\node_modules\jest-mock\build\index.js:102:19)
    at createClient (C:\Users\Cheem\OneDrive\Coding\clipsCommerce - Copy\src\__tests__\middleware.test.ts:36:28)
    at middleware (C:\Users\Cheem\OneDrive\Coding\clipsCommerce - Copy\middleware.ts:76:46)
    at Object.&lt;anonymous&gt; (C:\Users\Cheem\OneDrive\Coding\clipsCommerce - Copy\src\__tests__\middleware.test.ts:367:35)
    at Promise.then.completed (C:\Users\Cheem\OneDrive\Coding\clipsCommerce - Copy\node_modules\jest-circus\build\utils.js:298:28)
    at new Promise (&lt;anonymous&gt;)
    at callAsyncCircusFn (C:\Users\Cheem\OneDrive\Coding\clipsCommerce - Copy\node_modules\jest-circus\build\utils.js:231:10)
    at _callCircusTest (C:\Users\Cheem\OneDrive\Coding\clipsCommerce - Copy\node_modules\jest-circus\build\run.js:316:40)
    at processTicksAndRejections (node:internal/process/task_queues:105:5)
    at _runTest (C:\Users\Cheem\OneDrive\Coding\clipsCommerce - Copy\node_modules\jest-circus\build\run.js:252:3)
    at _runTestsForDescribeBlock (C:\Users\Cheem\OneDrive\Coding\clipsCommerce - Copy\node_modules\jest-circus\build\run.js:126:9)
    at _runTestsForDescribeBlock (C:\Users\Cheem\OneDrive\Coding\clipsCommerce - Copy\node_modules\jest-circus\build\run.js:121:9)
    at _runTestsForDescribeBlock (C:\Users\Cheem\OneDrive\Coding\clipsCommerce - Copy\node_modules\jest-circus\build\run.js:121:9)
    at run (C:\Users\Cheem\OneDrive\Coding\clipsCommerce - Copy\node_modules\jest-circus\build\run.js:71:3)
    at runAndTransformResultsToJestFormat (C:\Users\Cheem\OneDrive\Coding\clipsCommerce - Copy\node_modules\jest-circus\build\legacy-code-todo-rewrite\jestAdapterInit.js:122:21)
    at jestAdapter (C:\Users\Cheem\OneDrive\Coding\clipsCommerce - Copy\node_modules\jest-circus\build\legacy-code-todo-rewrite\jestAdapter.js:79:19)
    at runTestInternal (C:\Users\Cheem\OneDrive\Coding\clipsCommerce - Copy\node_modules\jest-runner\build\runTest.js:367:16)
    at runTest (C:\Users\Cheem\OneDrive\Coding\clipsCommerce - Copy\node_modules\jest-runner\build\runTest.js:444:34)
    at Object.worker (C:\Users\Cheem\OneDrive\Coding\clipsCommerce - Copy\node_modules\jest-runner\build\testWorker.js:106:12)</failure>
    </testcase>
    <testcase classname="Middleware Edge Cases and Error Handling should handle malformed requests" name="Middleware Edge Cases and Error Handling should handle malformed requests" time="0.003">
    </testcase>
    <testcase classname="Middleware Edge Cases and Error Handling should handle Supabase client errors" name="Middleware Edge Cases and Error Handling should handle Supabase client errors" time="0.039">
      <failure>Error: expect(received).rejects.toThrow(expected)

Expected substring: &quot;Supabase connection failed&quot;
Received message:   &quot;Cannot set property status of #&lt;Response&gt; which has only a getter&quot;

      54 |       const actual = jest.requireActual(&apos;next/server&apos;);
      55 |       const response = new actual.NextResponse();
    &gt; 56 |       response.status = 200;
         |                      ^
      57 |       return response;
      58 |     });
      59 |

      at Object.&lt;anonymous&gt; (src/__tests__/middleware.test.ts:56:22)
      at createClient (src/__tests__/middleware.test.ts:36:28)
      at middleware (middleware.ts:76:46)
      at Object.&lt;anonymous&gt; (src/__tests__/middleware.test.ts:390:30)
    at Object.toThrow (C:\Users\Cheem\OneDrive\Coding\clipsCommerce - Copy\node_modules\expect\build\index.js:218:22)
    at Object.&lt;anonymous&gt; (C:\Users\Cheem\OneDrive\Coding\clipsCommerce - Copy\src\__tests__\middleware.test.ts:390:45)
    at Promise.then.completed (C:\Users\Cheem\OneDrive\Coding\clipsCommerce - Copy\node_modules\jest-circus\build\utils.js:298:28)
    at new Promise (&lt;anonymous&gt;)
    at callAsyncCircusFn (C:\Users\Cheem\OneDrive\Coding\clipsCommerce - Copy\node_modules\jest-circus\build\utils.js:231:10)
    at _callCircusTest (C:\Users\Cheem\OneDrive\Coding\clipsCommerce - Copy\node_modules\jest-circus\build\run.js:316:40)
    at processTicksAndRejections (node:internal/process/task_queues:105:5)
    at _runTest (C:\Users\Cheem\OneDrive\Coding\clipsCommerce - Copy\node_modules\jest-circus\build\run.js:252:3)
    at _runTestsForDescribeBlock (C:\Users\Cheem\OneDrive\Coding\clipsCommerce - Copy\node_modules\jest-circus\build\run.js:126:9)
    at _runTestsForDescribeBlock (C:\Users\Cheem\OneDrive\Coding\clipsCommerce - Copy\node_modules\jest-circus\build\run.js:121:9)
    at _runTestsForDescribeBlock (C:\Users\Cheem\OneDrive\Coding\clipsCommerce - Copy\node_modules\jest-circus\build\run.js:121:9)
    at run (C:\Users\Cheem\OneDrive\Coding\clipsCommerce - Copy\node_modules\jest-circus\build\run.js:71:3)
    at runAndTransformResultsToJestFormat (C:\Users\Cheem\OneDrive\Coding\clipsCommerce - Copy\node_modules\jest-circus\build\legacy-code-todo-rewrite\jestAdapterInit.js:122:21)
    at jestAdapter (C:\Users\Cheem\OneDrive\Coding\clipsCommerce - Copy\node_modules\jest-circus\build\legacy-code-todo-rewrite\jestAdapter.js:79:19)
    at runTestInternal (C:\Users\Cheem\OneDrive\Coding\clipsCommerce - Copy\node_modules\jest-runner\build\runTest.js:367:16)
    at runTest (C:\Users\Cheem\OneDrive\Coding\clipsCommerce - Copy\node_modules\jest-runner\build\runTest.js:444:34)
    at Object.worker (C:\Users\Cheem\OneDrive\Coding\clipsCommerce - Copy\node_modules\jest-runner\build\testWorker.js:106:12)</failure>
    </testcase>
    <testcase classname="Middleware Edge Cases and Error Handling should handle corrupted session data" name="Middleware Edge Cases and Error Handling should handle corrupted session data" time="0.001">
      <failure>TypeError: Cannot set property status of #&lt;Response&gt; which has only a getter
    at Object.&lt;anonymous&gt; (C:\Users\Cheem\OneDrive\Coding\clipsCommerce - Copy\src\__tests__\middleware.test.ts:56:22)
    at C:\Users\Cheem\OneDrive\Coding\clipsCommerce - Copy\node_modules\@jest\environment-jsdom-abstract\node_modules\jest-mock\build\index.js:305:39
    at Object.&lt;anonymous&gt; (C:\Users\Cheem\OneDrive\Coding\clipsCommerce - Copy\node_modules\@jest\environment-jsdom-abstract\node_modules\jest-mock\build\index.js:312:13)
    at Object.mockConstructor [as next] (C:\Users\Cheem\OneDrive\Coding\clipsCommerce - Copy\node_modules\@jest\environment-jsdom-abstract\node_modules\jest-mock\build\index.js:102:19)
    at createClient (C:\Users\Cheem\OneDrive\Coding\clipsCommerce - Copy\src\__tests__\middleware.test.ts:36:28)
    at middleware (C:\Users\Cheem\OneDrive\Coding\clipsCommerce - Copy\middleware.ts:76:46)
    at Object.&lt;anonymous&gt; (C:\Users\Cheem\OneDrive\Coding\clipsCommerce - Copy\src\__tests__\middleware.test.ts:404:35)
    at Promise.then.completed (C:\Users\Cheem\OneDrive\Coding\clipsCommerce - Copy\node_modules\jest-circus\build\utils.js:298:28)
    at new Promise (&lt;anonymous&gt;)
    at callAsyncCircusFn (C:\Users\Cheem\OneDrive\Coding\clipsCommerce - Copy\node_modules\jest-circus\build\utils.js:231:10)
    at _callCircusTest (C:\Users\Cheem\OneDrive\Coding\clipsCommerce - Copy\node_modules\jest-circus\build\run.js:316:40)
    at processTicksAndRejections (node:internal/process/task_queues:105:5)
    at _runTest (C:\Users\Cheem\OneDrive\Coding\clipsCommerce - Copy\node_modules\jest-circus\build\run.js:252:3)
    at _runTestsForDescribeBlock (C:\Users\Cheem\OneDrive\Coding\clipsCommerce - Copy\node_modules\jest-circus\build\run.js:126:9)
    at _runTestsForDescribeBlock (C:\Users\Cheem\OneDrive\Coding\clipsCommerce - Copy\node_modules\jest-circus\build\run.js:121:9)
    at _runTestsForDescribeBlock (C:\Users\Cheem\OneDrive\Coding\clipsCommerce - Copy\node_modules\jest-circus\build\run.js:121:9)
    at run (C:\Users\Cheem\OneDrive\Coding\clipsCommerce - Copy\node_modules\jest-circus\build\run.js:71:3)
    at runAndTransformResultsToJestFormat (C:\Users\Cheem\OneDrive\Coding\clipsCommerce - Copy\node_modules\jest-circus\build\legacy-code-todo-rewrite\jestAdapterInit.js:122:21)
    at jestAdapter (C:\Users\Cheem\OneDrive\Coding\clipsCommerce - Copy\node_modules\jest-circus\build\legacy-code-todo-rewrite\jestAdapter.js:79:19)
    at runTestInternal (C:\Users\Cheem\OneDrive\Coding\clipsCommerce - Copy\node_modules\jest-runner\build\runTest.js:367:16)
    at runTest (C:\Users\Cheem\OneDrive\Coding\clipsCommerce - Copy\node_modules\jest-runner\build\runTest.js:444:34)
    at Object.worker (C:\Users\Cheem\OneDrive\Coding\clipsCommerce - Copy\node_modules\jest-runner\build\testWorker.js:106:12)</failure>
    </testcase>
    <testcase classname="Middleware Edge Cases and Error Handling should handle session with missing user data" name="Middleware Edge Cases and Error Handling should handle session with missing user data" time="0.001">
      <failure>TypeError: Cannot set property status of #&lt;Response&gt; which has only a getter
    at Object.&lt;anonymous&gt; (C:\Users\Cheem\OneDrive\Coding\clipsCommerce - Copy\src\__tests__\middleware.test.ts:56:22)
    at C:\Users\Cheem\OneDrive\Coding\clipsCommerce - Copy\node_modules\@jest\environment-jsdom-abstract\node_modules\jest-mock\build\index.js:305:39
    at Object.&lt;anonymous&gt; (C:\Users\Cheem\OneDrive\Coding\clipsCommerce - Copy\node_modules\@jest\environment-jsdom-abstract\node_modules\jest-mock\build\index.js:312:13)
    at Object.mockConstructor [as next] (C:\Users\Cheem\OneDrive\Coding\clipsCommerce - Copy\node_modules\@jest\environment-jsdom-abstract\node_modules\jest-mock\build\index.js:102:19)
    at createClient (C:\Users\Cheem\OneDrive\Coding\clipsCommerce - Copy\src\__tests__\middleware.test.ts:36:28)
    at middleware (C:\Users\Cheem\OneDrive\Coding\clipsCommerce - Copy\middleware.ts:76:46)
    at Object.&lt;anonymous&gt; (C:\Users\Cheem\OneDrive\Coding\clipsCommerce - Copy\src\__tests__\middleware.test.ts:420:35)
    at Promise.then.completed (C:\Users\Cheem\OneDrive\Coding\clipsCommerce - Copy\node_modules\jest-circus\build\utils.js:298:28)
    at new Promise (&lt;anonymous&gt;)
    at callAsyncCircusFn (C:\Users\Cheem\OneDrive\Coding\clipsCommerce - Copy\node_modules\jest-circus\build\utils.js:231:10)
    at _callCircusTest (C:\Users\Cheem\OneDrive\Coding\clipsCommerce - Copy\node_modules\jest-circus\build\run.js:316:40)
    at processTicksAndRejections (node:internal/process/task_queues:105:5)
    at _runTest (C:\Users\Cheem\OneDrive\Coding\clipsCommerce - Copy\node_modules\jest-circus\build\run.js:252:3)
    at _runTestsForDescribeBlock (C:\Users\Cheem\OneDrive\Coding\clipsCommerce - Copy\node_modules\jest-circus\build\run.js:126:9)
    at _runTestsForDescribeBlock (C:\Users\Cheem\OneDrive\Coding\clipsCommerce - Copy\node_modules\jest-circus\build\run.js:121:9)
    at _runTestsForDescribeBlock (C:\Users\Cheem\OneDrive\Coding\clipsCommerce - Copy\node_modules\jest-circus\build\run.js:121:9)
    at run (C:\Users\Cheem\OneDrive\Coding\clipsCommerce - Copy\node_modules\jest-circus\build\run.js:71:3)
    at runAndTransformResultsToJestFormat (C:\Users\Cheem\OneDrive\Coding\clipsCommerce - Copy\node_modules\jest-circus\build\legacy-code-todo-rewrite\jestAdapterInit.js:122:21)
    at jestAdapter (C:\Users\Cheem\OneDrive\Coding\clipsCommerce - Copy\node_modules\jest-circus\build\legacy-code-todo-rewrite\jestAdapter.js:79:19)
    at runTestInternal (C:\Users\Cheem\OneDrive\Coding\clipsCommerce - Copy\node_modules\jest-runner\build\runTest.js:367:16)
    at runTest (C:\Users\Cheem\OneDrive\Coding\clipsCommerce - Copy\node_modules\jest-runner\build\runTest.js:444:34)
    at Object.worker (C:\Users\Cheem\OneDrive\Coding\clipsCommerce - Copy\node_modules\jest-runner\build\testWorker.js:106:12)</failure>
    </testcase>
    <testcase classname="Middleware Edge Cases and Error Handling should handle auth page redirects with query parameters" name="Middleware Edge Cases and Error Handling should handle auth page redirects with query parameters" time="0">
      <failure>TypeError: Cannot set property status of #&lt;Response&gt; which has only a getter
    at Object.&lt;anonymous&gt; (C:\Users\Cheem\OneDrive\Coding\clipsCommerce - Copy\src\__tests__\middleware.test.ts:56:22)
    at C:\Users\Cheem\OneDrive\Coding\clipsCommerce - Copy\node_modules\@jest\environment-jsdom-abstract\node_modules\jest-mock\build\index.js:305:39
    at Object.&lt;anonymous&gt; (C:\Users\Cheem\OneDrive\Coding\clipsCommerce - Copy\node_modules\@jest\environment-jsdom-abstract\node_modules\jest-mock\build\index.js:312:13)
    at Object.mockConstructor [as next] (C:\Users\Cheem\OneDrive\Coding\clipsCommerce - Copy\node_modules\@jest\environment-jsdom-abstract\node_modules\jest-mock\build\index.js:102:19)
    at createClient (C:\Users\Cheem\OneDrive\Coding\clipsCommerce - Copy\src\__tests__\middleware.test.ts:36:28)
    at middleware (C:\Users\Cheem\OneDrive\Coding\clipsCommerce - Copy\middleware.ts:60:50)
    at Object.&lt;anonymous&gt; (C:\Users\Cheem\OneDrive\Coding\clipsCommerce - Copy\src\__tests__\middleware.test.ts:436:35)
    at Promise.then.completed (C:\Users\Cheem\OneDrive\Coding\clipsCommerce - Copy\node_modules\jest-circus\build\utils.js:298:28)
    at new Promise (&lt;anonymous&gt;)
    at callAsyncCircusFn (C:\Users\Cheem\OneDrive\Coding\clipsCommerce - Copy\node_modules\jest-circus\build\utils.js:231:10)
    at _callCircusTest (C:\Users\Cheem\OneDrive\Coding\clipsCommerce - Copy\node_modules\jest-circus\build\run.js:316:40)
    at processTicksAndRejections (node:internal/process/task_queues:105:5)
    at _runTest (C:\Users\Cheem\OneDrive\Coding\clipsCommerce - Copy\node_modules\jest-circus\build\run.js:252:3)
    at _runTestsForDescribeBlock (C:\Users\Cheem\OneDrive\Coding\clipsCommerce - Copy\node_modules\jest-circus\build\run.js:126:9)
    at _runTestsForDescribeBlock (C:\Users\Cheem\OneDrive\Coding\clipsCommerce - Copy\node_modules\jest-circus\build\run.js:121:9)
    at _runTestsForDescribeBlock (C:\Users\Cheem\OneDrive\Coding\clipsCommerce - Copy\node_modules\jest-circus\build\run.js:121:9)
    at run (C:\Users\Cheem\OneDrive\Coding\clipsCommerce - Copy\node_modules\jest-circus\build\run.js:71:3)
    at runAndTransformResultsToJestFormat (C:\Users\Cheem\OneDrive\Coding\clipsCommerce - Copy\node_modules\jest-circus\build\legacy-code-todo-rewrite\jestAdapterInit.js:122:21)
    at jestAdapter (C:\Users\Cheem\OneDrive\Coding\clipsCommerce - Copy\node_modules\jest-circus\build\legacy-code-todo-rewrite\jestAdapter.js:79:19)
    at runTestInternal (C:\Users\Cheem\OneDrive\Coding\clipsCommerce - Copy\node_modules\jest-runner\build\runTest.js:367:16)
    at runTest (C:\Users\Cheem\OneDrive\Coding\clipsCommerce - Copy\node_modules\jest-runner\build\runTest.js:444:34)
    at Object.worker (C:\Users\Cheem\OneDrive\Coding\clipsCommerce - Copy\node_modules\jest-runner\build\testWorker.js:106:12)</failure>
    </testcase>
    <testcase classname="Middleware Edge Cases and Error Handling should handle all auth paths for authenticated users" name="Middleware Edge Cases and Error Handling should handle all auth paths for authenticated users" time="0.001">
      <failure>TypeError: Cannot set property status of #&lt;Response&gt; which has only a getter
    at Object.&lt;anonymous&gt; (C:\Users\Cheem\OneDrive\Coding\clipsCommerce - Copy\src\__tests__\middleware.test.ts:56:22)
    at C:\Users\Cheem\OneDrive\Coding\clipsCommerce - Copy\node_modules\@jest\environment-jsdom-abstract\node_modules\jest-mock\build\index.js:305:39
    at Object.&lt;anonymous&gt; (C:\Users\Cheem\OneDrive\Coding\clipsCommerce - Copy\node_modules\@jest\environment-jsdom-abstract\node_modules\jest-mock\build\index.js:312:13)
    at Object.mockConstructor [as next] (C:\Users\Cheem\OneDrive\Coding\clipsCommerce - Copy\node_modules\@jest\environment-jsdom-abstract\node_modules\jest-mock\build\index.js:102:19)
    at createClient (C:\Users\Cheem\OneDrive\Coding\clipsCommerce - Copy\src\__tests__\middleware.test.ts:36:28)
    at middleware (C:\Users\Cheem\OneDrive\Coding\clipsCommerce - Copy\middleware.ts:60:50)
    at Object.&lt;anonymous&gt; (C:\Users\Cheem\OneDrive\Coding\clipsCommerce - Copy\src\__tests__\middleware.test.ts:460:37)
    at Promise.then.completed (C:\Users\Cheem\OneDrive\Coding\clipsCommerce - Copy\node_modules\jest-circus\build\utils.js:298:28)
    at new Promise (&lt;anonymous&gt;)
    at callAsyncCircusFn (C:\Users\Cheem\OneDrive\Coding\clipsCommerce - Copy\node_modules\jest-circus\build\utils.js:231:10)
    at _callCircusTest (C:\Users\Cheem\OneDrive\Coding\clipsCommerce - Copy\node_modules\jest-circus\build\run.js:316:40)
    at processTicksAndRejections (node:internal/process/task_queues:105:5)
    at _runTest (C:\Users\Cheem\OneDrive\Coding\clipsCommerce - Copy\node_modules\jest-circus\build\run.js:252:3)
    at _runTestsForDescribeBlock (C:\Users\Cheem\OneDrive\Coding\clipsCommerce - Copy\node_modules\jest-circus\build\run.js:126:9)
    at _runTestsForDescribeBlock (C:\Users\Cheem\OneDrive\Coding\clipsCommerce - Copy\node_modules\jest-circus\build\run.js:121:9)
    at _runTestsForDescribeBlock (C:\Users\Cheem\OneDrive\Coding\clipsCommerce - Copy\node_modules\jest-circus\build\run.js:121:9)
    at run (C:\Users\Cheem\OneDrive\Coding\clipsCommerce - Copy\node_modules\jest-circus\build\run.js:71:3)
    at runAndTransformResultsToJestFormat (C:\Users\Cheem\OneDrive\Coding\clipsCommerce - Copy\node_modules\jest-circus\build\legacy-code-todo-rewrite\jestAdapterInit.js:122:21)
    at jestAdapter (C:\Users\Cheem\OneDrive\Coding\clipsCommerce - Copy\node_modules\jest-circus\build\legacy-code-todo-rewrite\jestAdapter.js:79:19)
    at runTestInternal (C:\Users\Cheem\OneDrive\Coding\clipsCommerce - Copy\node_modules\jest-runner\build\runTest.js:367:16)
    at runTest (C:\Users\Cheem\OneDrive\Coding\clipsCommerce - Copy\node_modules\jest-runner\build\runTest.js:444:34)
    at Object.worker (C:\Users\Cheem\OneDrive\Coding\clipsCommerce - Copy\node_modules\jest-runner\build\testWorker.js:106:12)</failure>
    </testcase>
    <testcase classname="Middleware Performance and Security should handle CSRF token validation" name="Middleware Performance and Security should handle CSRF token validation" time="0.001">
      <failure>TypeError: Cannot set property status of #&lt;Response&gt; which has only a getter
    at Object.&lt;anonymous&gt; (C:\Users\Cheem\OneDrive\Coding\clipsCommerce - Copy\src\__tests__\middleware.test.ts:56:22)
    at C:\Users\Cheem\OneDrive\Coding\clipsCommerce - Copy\node_modules\@jest\environment-jsdom-abstract\node_modules\jest-mock\build\index.js:305:39
    at Object.&lt;anonymous&gt; (C:\Users\Cheem\OneDrive\Coding\clipsCommerce - Copy\node_modules\@jest\environment-jsdom-abstract\node_modules\jest-mock\build\index.js:312:13)
    at Object.mockConstructor [as next] (C:\Users\Cheem\OneDrive\Coding\clipsCommerce - Copy\node_modules\@jest\environment-jsdom-abstract\node_modules\jest-mock\build\index.js:102:19)
    at middleware (C:\Users\Cheem\OneDrive\Coding\clipsCommerce - Copy\middleware.ts:53:25)
    at Object.&lt;anonymous&gt; (C:\Users\Cheem\OneDrive\Coding\clipsCommerce - Copy\src\__tests__\middleware.test.ts:478:35)
    at Promise.then.completed (C:\Users\Cheem\OneDrive\Coding\clipsCommerce - Copy\node_modules\jest-circus\build\utils.js:298:28)
    at new Promise (&lt;anonymous&gt;)
    at callAsyncCircusFn (C:\Users\Cheem\OneDrive\Coding\clipsCommerce - Copy\node_modules\jest-circus\build\utils.js:231:10)
    at _callCircusTest (C:\Users\Cheem\OneDrive\Coding\clipsCommerce - Copy\node_modules\jest-circus\build\run.js:316:40)
    at processTicksAndRejections (node:internal/process/task_queues:105:5)
    at _runTest (C:\Users\Cheem\OneDrive\Coding\clipsCommerce - Copy\node_modules\jest-circus\build\run.js:252:3)
    at _runTestsForDescribeBlock (C:\Users\Cheem\OneDrive\Coding\clipsCommerce - Copy\node_modules\jest-circus\build\run.js:126:9)
    at _runTestsForDescribeBlock (C:\Users\Cheem\OneDrive\Coding\clipsCommerce - Copy\node_modules\jest-circus\build\run.js:121:9)
    at _runTestsForDescribeBlock (C:\Users\Cheem\OneDrive\Coding\clipsCommerce - Copy\node_modules\jest-circus\build\run.js:121:9)
    at run (C:\Users\Cheem\OneDrive\Coding\clipsCommerce - Copy\node_modules\jest-circus\build\run.js:71:3)
    at runAndTransformResultsToJestFormat (C:\Users\Cheem\OneDrive\Coding\clipsCommerce - Copy\node_modules\jest-circus\build\legacy-code-todo-rewrite\jestAdapterInit.js:122:21)
    at jestAdapter (C:\Users\Cheem\OneDrive\Coding\clipsCommerce - Copy\node_modules\jest-circus\build\legacy-code-todo-rewrite\jestAdapter.js:79:19)
    at runTestInternal (C:\Users\Cheem\OneDrive\Coding\clipsCommerce - Copy\node_modules\jest-runner\build\runTest.js:367:16)
    at runTest (C:\Users\Cheem\OneDrive\Coding\clipsCommerce - Copy\node_modules\jest-runner\build\runTest.js:444:34)
    at Object.worker (C:\Users\Cheem\OneDrive\Coding\clipsCommerce - Copy\node_modules\jest-runner\build\testWorker.js:106:12)</failure>
    </testcase>
    <testcase classname="Middleware Performance and Security should prevent security bypass attempts" name="Middleware Performance and Security should prevent security bypass attempts" time="0.004">
      <failure>TypeError: Cannot set property status of #&lt;Response&gt; which has only a getter
    at Object.&lt;anonymous&gt; (C:\Users\Cheem\OneDrive\Coding\clipsCommerce - Copy\src\__tests__\middleware.test.ts:56:22)
    at C:\Users\Cheem\OneDrive\Coding\clipsCommerce - Copy\node_modules\@jest\environment-jsdom-abstract\node_modules\jest-mock\build\index.js:305:39
    at Object.&lt;anonymous&gt; (C:\Users\Cheem\OneDrive\Coding\clipsCommerce - Copy\node_modules\@jest\environment-jsdom-abstract\node_modules\jest-mock\build\index.js:312:13)
    at Object.mockConstructor [as next] (C:\Users\Cheem\OneDrive\Coding\clipsCommerce - Copy\node_modules\@jest\environment-jsdom-abstract\node_modules\jest-mock\build\index.js:102:19)
    at middleware (C:\Users\Cheem\OneDrive\Coding\clipsCommerce - Copy\middleware.ts:34:25)
    at Object.&lt;anonymous&gt; (C:\Users\Cheem\OneDrive\Coding\clipsCommerce - Copy\src\__tests__\middleware.test.ts:493:35)
    at Promise.then.completed (C:\Users\Cheem\OneDrive\Coding\clipsCommerce - Copy\node_modules\jest-circus\build\utils.js:298:28)
    at new Promise (&lt;anonymous&gt;)
    at callAsyncCircusFn (C:\Users\Cheem\OneDrive\Coding\clipsCommerce - Copy\node_modules\jest-circus\build\utils.js:231:10)
    at _callCircusTest (C:\Users\Cheem\OneDrive\Coding\clipsCommerce - Copy\node_modules\jest-circus\build\run.js:316:40)
    at processTicksAndRejections (node:internal/process/task_queues:105:5)
    at _runTest (C:\Users\Cheem\OneDrive\Coding\clipsCommerce - Copy\node_modules\jest-circus\build\run.js:252:3)
    at _runTestsForDescribeBlock (C:\Users\Cheem\OneDrive\Coding\clipsCommerce - Copy\node_modules\jest-circus\build\run.js:126:9)
    at _runTestsForDescribeBlock (C:\Users\Cheem\OneDrive\Coding\clipsCommerce - Copy\node_modules\jest-circus\build\run.js:121:9)
    at _runTestsForDescribeBlock (C:\Users\Cheem\OneDrive\Coding\clipsCommerce - Copy\node_modules\jest-circus\build\run.js:121:9)
    at run (C:\Users\Cheem\OneDrive\Coding\clipsCommerce - Copy\node_modules\jest-circus\build\run.js:71:3)
    at runAndTransformResultsToJestFormat (C:\Users\Cheem\OneDrive\Coding\clipsCommerce - Copy\node_modules\jest-circus\build\legacy-code-todo-rewrite\jestAdapterInit.js:122:21)
    at jestAdapter (C:\Users\Cheem\OneDrive\Coding\clipsCommerce - Copy\node_modules\jest-circus\build\legacy-code-todo-rewrite\jestAdapter.js:79:19)
    at runTestInternal (C:\Users\Cheem\OneDrive\Coding\clipsCommerce - Copy\node_modules\jest-runner\build\runTest.js:367:16)
    at runTest (C:\Users\Cheem\OneDrive\Coding\clipsCommerce - Copy\node_modules\jest-runner\build\runTest.js:444:34)
    at Object.worker (C:\Users\Cheem\OneDrive\Coding\clipsCommerce - Copy\node_modules\jest-runner\build\testWorker.js:106:12)</failure>
    </testcase>
    <testcase classname="Middleware Performance and Security should handle concurrent requests properly" name="Middleware Performance and Security should handle concurrent requests properly" time="0.002">
      <failure>TypeError: Cannot set property status of #&lt;Response&gt; which has only a getter
    at Object.&lt;anonymous&gt; (C:\Users\Cheem\OneDrive\Coding\clipsCommerce - Copy\src\__tests__\middleware.test.ts:56:22)
    at C:\Users\Cheem\OneDrive\Coding\clipsCommerce - Copy\node_modules\@jest\environment-jsdom-abstract\node_modules\jest-mock\build\index.js:305:39
    at Object.&lt;anonymous&gt; (C:\Users\Cheem\OneDrive\Coding\clipsCommerce - Copy\node_modules\@jest\environment-jsdom-abstract\node_modules\jest-mock\build\index.js:312:13)
    at Object.mockConstructor [as next] (C:\Users\Cheem\OneDrive\Coding\clipsCommerce - Copy\node_modules\@jest\environment-jsdom-abstract\node_modules\jest-mock\build\index.js:102:19)
    at createClient (C:\Users\Cheem\OneDrive\Coding\clipsCommerce - Copy\src\__tests__\middleware.test.ts:36:28)
    at middleware (C:\Users\Cheem\OneDrive\Coding\clipsCommerce - Copy\middleware.ts:76:46)
    at C:\Users\Cheem\OneDrive\Coding\clipsCommerce - Copy\src\__tests__\middleware.test.ts:513:73
    at Array.map (&lt;anonymous&gt;)
    at Object.&lt;anonymous&gt; (C:\Users\Cheem\OneDrive\Coding\clipsCommerce - Copy\src\__tests__\middleware.test.ts:513:52)
    at Promise.then.completed (C:\Users\Cheem\OneDrive\Coding\clipsCommerce - Copy\node_modules\jest-circus\build\utils.js:298:28)
    at new Promise (&lt;anonymous&gt;)
    at callAsyncCircusFn (C:\Users\Cheem\OneDrive\Coding\clipsCommerce - Copy\node_modules\jest-circus\build\utils.js:231:10)
    at _callCircusTest (C:\Users\Cheem\OneDrive\Coding\clipsCommerce - Copy\node_modules\jest-circus\build\run.js:316:40)
    at processTicksAndRejections (node:internal/process/task_queues:105:5)
    at _runTest (C:\Users\Cheem\OneDrive\Coding\clipsCommerce - Copy\node_modules\jest-circus\build\run.js:252:3)
    at _runTestsForDescribeBlock (C:\Users\Cheem\OneDrive\Coding\clipsCommerce - Copy\node_modules\jest-circus\build\run.js:126:9)
    at _runTestsForDescribeBlock (C:\Users\Cheem\OneDrive\Coding\clipsCommerce - Copy\node_modules\jest-circus\build\run.js:121:9)
    at _runTestsForDescribeBlock (C:\Users\Cheem\OneDrive\Coding\clipsCommerce - Copy\node_modules\jest-circus\build\run.js:121:9)
    at run (C:\Users\Cheem\OneDrive\Coding\clipsCommerce - Copy\node_modules\jest-circus\build\run.js:71:3)
    at runAndTransformResultsToJestFormat (C:\Users\Cheem\OneDrive\Coding\clipsCommerce - Copy\node_modules\jest-circus\build\legacy-code-todo-rewrite\jestAdapterInit.js:122:21)
    at jestAdapter (C:\Users\Cheem\OneDrive\Coding\clipsCommerce - Copy\node_modules\jest-circus\build\legacy-code-todo-rewrite\jestAdapter.js:79:19)
    at runTestInternal (C:\Users\Cheem\OneDrive\Coding\clipsCommerce - Copy\node_modules\jest-runner\build\runTest.js:367:16)
    at runTest (C:\Users\Cheem\OneDrive\Coding\clipsCommerce - Copy\node_modules\jest-runner\build\runTest.js:444:34)
    at Object.worker (C:\Users\Cheem\OneDrive\Coding\clipsCommerce - Copy\node_modules\jest-runner\build\testWorker.js:106:12)</failure>
    </testcase>
    <testcase classname="Middleware Performance and Security should perform efficiently under load" name="Middleware Performance and Security should perform efficiently under load" time="0.008">
      <failure>TypeError: Cannot set property status of #&lt;Response&gt; which has only a getter
    at Object.&lt;anonymous&gt; (C:\Users\Cheem\OneDrive\Coding\clipsCommerce - Copy\src\__tests__\middleware.test.ts:56:22)
    at C:\Users\Cheem\OneDrive\Coding\clipsCommerce - Copy\node_modules\@jest\environment-jsdom-abstract\node_modules\jest-mock\build\index.js:305:39
    at Object.&lt;anonymous&gt; (C:\Users\Cheem\OneDrive\Coding\clipsCommerce - Copy\node_modules\@jest\environment-jsdom-abstract\node_modules\jest-mock\build\index.js:312:13)
    at Object.mockConstructor [as next] (C:\Users\Cheem\OneDrive\Coding\clipsCommerce - Copy\node_modules\@jest\environment-jsdom-abstract\node_modules\jest-mock\build\index.js:102:19)
    at createClient (C:\Users\Cheem\OneDrive\Coding\clipsCommerce - Copy\src\__tests__\middleware.test.ts:36:28)
    at middleware (C:\Users\Cheem\OneDrive\Coding\clipsCommerce - Copy\middleware.ts:76:46)
    at C:\Users\Cheem\OneDrive\Coding\clipsCommerce - Copy\src\__tests__\middleware.test.ts:540:55
    at Array.map (&lt;anonymous&gt;)
    at Object.&lt;anonymous&gt; (C:\Users\Cheem\OneDrive\Coding\clipsCommerce - Copy\src\__tests__\middleware.test.ts:540:34)
    at Promise.then.completed (C:\Users\Cheem\OneDrive\Coding\clipsCommerce - Copy\node_modules\jest-circus\build\utils.js:298:28)
    at new Promise (&lt;anonymous&gt;)
    at callAsyncCircusFn (C:\Users\Cheem\OneDrive\Coding\clipsCommerce - Copy\node_modules\jest-circus\build\utils.js:231:10)
    at _callCircusTest (C:\Users\Cheem\OneDrive\Coding\clipsCommerce - Copy\node_modules\jest-circus\build\run.js:316:40)
    at processTicksAndRejections (node:internal/process/task_queues:105:5)
    at _runTest (C:\Users\Cheem\OneDrive\Coding\clipsCommerce - Copy\node_modules\jest-circus\build\run.js:252:3)
    at _runTestsForDescribeBlock (C:\Users\Cheem\OneDrive\Coding\clipsCommerce - Copy\node_modules\jest-circus\build\run.js:126:9)
    at _runTestsForDescribeBlock (C:\Users\Cheem\OneDrive\Coding\clipsCommerce - Copy\node_modules\jest-circus\build\run.js:121:9)
    at _runTestsForDescribeBlock (C:\Users\Cheem\OneDrive\Coding\clipsCommerce - Copy\node_modules\jest-circus\build\run.js:121:9)
    at run (C:\Users\Cheem\OneDrive\Coding\clipsCommerce - Copy\node_modules\jest-circus\build\run.js:71:3)
    at runAndTransformResultsToJestFormat (C:\Users\Cheem\OneDrive\Coding\clipsCommerce - Copy\node_modules\jest-circus\build\legacy-code-todo-rewrite\jestAdapterInit.js:122:21)
    at jestAdapter (C:\Users\Cheem\OneDrive\Coding\clipsCommerce - Copy\node_modules\jest-circus\build\legacy-code-todo-rewrite\jestAdapter.js:79:19)
    at runTestInternal (C:\Users\Cheem\OneDrive\Coding\clipsCommerce - Copy\node_modules\jest-runner\build\runTest.js:367:16)
    at runTest (C:\Users\Cheem\OneDrive\Coding\clipsCommerce - Copy\node_modules\jest-runner\build\runTest.js:444:34)
    at Object.worker (C:\Users\Cheem\OneDrive\Coding\clipsCommerce - Copy\node_modules\jest-runner\build\testWorker.js:106:12)</failure>
    </testcase>
    <testcase classname="Middleware Performance and Security should handle CSRF bypass attempts" name="Middleware Performance and Security should handle CSRF bypass attempts" time="0.001">
      <failure>TypeError: Cannot set property status of #&lt;Response&gt; which has only a getter
    at Object.&lt;anonymous&gt; (C:\Users\Cheem\OneDrive\Coding\clipsCommerce - Copy\src\__tests__\middleware.test.ts:56:22)
    at C:\Users\Cheem\OneDrive\Coding\clipsCommerce - Copy\node_modules\@jest\environment-jsdom-abstract\node_modules\jest-mock\build\index.js:305:39
    at Object.&lt;anonymous&gt; (C:\Users\Cheem\OneDrive\Coding\clipsCommerce - Copy\node_modules\@jest\environment-jsdom-abstract\node_modules\jest-mock\build\index.js:312:13)
    at Object.mockConstructor [as next] (C:\Users\Cheem\OneDrive\Coding\clipsCommerce - Copy\node_modules\@jest\environment-jsdom-abstract\node_modules\jest-mock\build\index.js:102:19)
    at middleware (C:\Users\Cheem\OneDrive\Coding\clipsCommerce - Copy\middleware.ts:53:25)
    at Object.&lt;anonymous&gt; (C:\Users\Cheem\OneDrive\Coding\clipsCommerce - Copy\src\__tests__\middleware.test.ts:566:37)
    at Promise.then.completed (C:\Users\Cheem\OneDrive\Coding\clipsCommerce - Copy\node_modules\jest-circus\build\utils.js:298:28)
    at new Promise (&lt;anonymous&gt;)
    at callAsyncCircusFn (C:\Users\Cheem\OneDrive\Coding\clipsCommerce - Copy\node_modules\jest-circus\build\utils.js:231:10)
    at _callCircusTest (C:\Users\Cheem\OneDrive\Coding\clipsCommerce - Copy\node_modules\jest-circus\build\run.js:316:40)
    at processTicksAndRejections (node:internal/process/task_queues:105:5)
    at _runTest (C:\Users\Cheem\OneDrive\Coding\clipsCommerce - Copy\node_modules\jest-circus\build\run.js:252:3)
    at _runTestsForDescribeBlock (C:\Users\Cheem\OneDrive\Coding\clipsCommerce - Copy\node_modules\jest-circus\build\run.js:126:9)
    at _runTestsForDescribeBlock (C:\Users\Cheem\OneDrive\Coding\clipsCommerce - Copy\node_modules\jest-circus\build\run.js:121:9)
    at _runTestsForDescribeBlock (C:\Users\Cheem\OneDrive\Coding\clipsCommerce - Copy\node_modules\jest-circus\build\run.js:121:9)
    at run (C:\Users\Cheem\OneDrive\Coding\clipsCommerce - Copy\node_modules\jest-circus\build\run.js:71:3)
    at runAndTransformResultsToJestFormat (C:\Users\Cheem\OneDrive\Coding\clipsCommerce - Copy\node_modules\jest-circus\build\legacy-code-todo-rewrite\jestAdapterInit.js:122:21)
    at jestAdapter (C:\Users\Cheem\OneDrive\Coding\clipsCommerce - Copy\node_modules\jest-circus\build\legacy-code-todo-rewrite\jestAdapter.js:79:19)
    at runTestInternal (C:\Users\Cheem\OneDrive\Coding\clipsCommerce - Copy\node_modules\jest-runner\build\runTest.js:367:16)
    at runTest (C:\Users\Cheem\OneDrive\Coding\clipsCommerce - Copy\node_modules\jest-runner\build\runTest.js:444:34)
    at Object.worker (C:\Users\Cheem\OneDrive\Coding\clipsCommerce - Copy\node_modules\jest-runner\build\testWorker.js:106:12)</failure>
    </testcase>
    <testcase classname="Middleware Performance and Security should handle malformed request objects" name="Middleware Performance and Security should handle malformed request objects" time="0.002">
    </testcase>
    <testcase classname="Middleware Performance and Security should handle extremely long URLs" name="Middleware Performance and Security should handle extremely long URLs" time="0.001">
      <failure>TypeError: Cannot set property status of #&lt;Response&gt; which has only a getter
    at Object.&lt;anonymous&gt; (C:\Users\Cheem\OneDrive\Coding\clipsCommerce - Copy\src\__tests__\middleware.test.ts:56:22)
    at C:\Users\Cheem\OneDrive\Coding\clipsCommerce - Copy\node_modules\@jest\environment-jsdom-abstract\node_modules\jest-mock\build\index.js:305:39
    at Object.&lt;anonymous&gt; (C:\Users\Cheem\OneDrive\Coding\clipsCommerce - Copy\node_modules\@jest\environment-jsdom-abstract\node_modules\jest-mock\build\index.js:312:13)
    at Object.mockConstructor [as next] (C:\Users\Cheem\OneDrive\Coding\clipsCommerce - Copy\node_modules\@jest\environment-jsdom-abstract\node_modules\jest-mock\build\index.js:102:19)
    at createClient (C:\Users\Cheem\OneDrive\Coding\clipsCommerce - Copy\src\__tests__\middleware.test.ts:36:28)
    at middleware (C:\Users\Cheem\OneDrive\Coding\clipsCommerce - Copy\middleware.ts:76:46)
    at Object.&lt;anonymous&gt; (C:\Users\Cheem\OneDrive\Coding\clipsCommerce - Copy\src\__tests__\middleware.test.ts:596:35)
    at Promise.then.completed (C:\Users\Cheem\OneDrive\Coding\clipsCommerce - Copy\node_modules\jest-circus\build\utils.js:298:28)
    at new Promise (&lt;anonymous&gt;)
    at callAsyncCircusFn (C:\Users\Cheem\OneDrive\Coding\clipsCommerce - Copy\node_modules\jest-circus\build\utils.js:231:10)
    at _callCircusTest (C:\Users\Cheem\OneDrive\Coding\clipsCommerce - Copy\node_modules\jest-circus\build\run.js:316:40)
    at processTicksAndRejections (node:internal/process/task_queues:105:5)
    at _runTest (C:\Users\Cheem\OneDrive\Coding\clipsCommerce - Copy\node_modules\jest-circus\build\run.js:252:3)
    at _runTestsForDescribeBlock (C:\Users\Cheem\OneDrive\Coding\clipsCommerce - Copy\node_modules\jest-circus\build\run.js:126:9)
    at _runTestsForDescribeBlock (C:\Users\Cheem\OneDrive\Coding\clipsCommerce - Copy\node_modules\jest-circus\build\run.js:121:9)
    at _runTestsForDescribeBlock (C:\Users\Cheem\OneDrive\Coding\clipsCommerce - Copy\node_modules\jest-circus\build\run.js:121:9)
    at run (C:\Users\Cheem\OneDrive\Coding\clipsCommerce - Copy\node_modules\jest-circus\build\run.js:71:3)
    at runAndTransformResultsToJestFormat (C:\Users\Cheem\OneDrive\Coding\clipsCommerce - Copy\node_modules\jest-circus\build\legacy-code-todo-rewrite\jestAdapterInit.js:122:21)
    at jestAdapter (C:\Users\Cheem\OneDrive\Coding\clipsCommerce - Copy\node_modules\jest-circus\build\legacy-code-todo-rewrite\jestAdapter.js:79:19)
    at runTestInternal (C:\Users\Cheem\OneDrive\Coding\clipsCommerce - Copy\node_modules\jest-runner\build\runTest.js:367:16)
    at runTest (C:\Users\Cheem\OneDrive\Coding\clipsCommerce - Copy\node_modules\jest-runner\build\runTest.js:444:34)
    at Object.worker (C:\Users\Cheem\OneDrive\Coding\clipsCommerce - Copy\node_modules\jest-runner\build\testWorker.js:106:12)</failure>
    </testcase>
    <testcase classname="Middleware Performance and Security should handle special characters in paths" name="Middleware Performance and Security should handle special characters in paths" time="0.001">
      <failure>TypeError: Cannot set property status of #&lt;Response&gt; which has only a getter
    at Object.&lt;anonymous&gt; (C:\Users\Cheem\OneDrive\Coding\clipsCommerce - Copy\src\__tests__\middleware.test.ts:56:22)
    at C:\Users\Cheem\OneDrive\Coding\clipsCommerce - Copy\node_modules\@jest\environment-jsdom-abstract\node_modules\jest-mock\build\index.js:305:39
    at Object.&lt;anonymous&gt; (C:\Users\Cheem\OneDrive\Coding\clipsCommerce - Copy\node_modules\@jest\environment-jsdom-abstract\node_modules\jest-mock\build\index.js:312:13)
    at Object.mockConstructor [as next] (C:\Users\Cheem\OneDrive\Coding\clipsCommerce - Copy\node_modules\@jest\environment-jsdom-abstract\node_modules\jest-mock\build\index.js:102:19)
    at createClient (C:\Users\Cheem\OneDrive\Coding\clipsCommerce - Copy\src\__tests__\middleware.test.ts:36:28)
    at middleware (C:\Users\Cheem\OneDrive\Coding\clipsCommerce - Copy\middleware.ts:76:46)
    at Object.&lt;anonymous&gt; (C:\Users\Cheem\OneDrive\Coding\clipsCommerce - Copy\src\__tests__\middleware.test.ts:619:37)
    at Promise.then.completed (C:\Users\Cheem\OneDrive\Coding\clipsCommerce - Copy\node_modules\jest-circus\build\utils.js:298:28)
    at new Promise (&lt;anonymous&gt;)
    at callAsyncCircusFn (C:\Users\Cheem\OneDrive\Coding\clipsCommerce - Copy\node_modules\jest-circus\build\utils.js:231:10)
    at _callCircusTest (C:\Users\Cheem\OneDrive\Coding\clipsCommerce - Copy\node_modules\jest-circus\build\run.js:316:40)
    at processTicksAndRejections (node:internal/process/task_queues:105:5)
    at _runTest (C:\Users\Cheem\OneDrive\Coding\clipsCommerce - Copy\node_modules\jest-circus\build\run.js:252:3)
    at _runTestsForDescribeBlock (C:\Users\Cheem\OneDrive\Coding\clipsCommerce - Copy\node_modules\jest-circus\build\run.js:126:9)
    at _runTestsForDescribeBlock (C:\Users\Cheem\OneDrive\Coding\clipsCommerce - Copy\node_modules\jest-circus\build\run.js:121:9)
    at _runTestsForDescribeBlock (C:\Users\Cheem\OneDrive\Coding\clipsCommerce - Copy\node_modules\jest-circus\build\run.js:121:9)
    at run (C:\Users\Cheem\OneDrive\Coding\clipsCommerce - Copy\node_modules\jest-circus\build\run.js:71:3)
    at runAndTransformResultsToJestFormat (C:\Users\Cheem\OneDrive\Coding\clipsCommerce - Copy\node_modules\jest-circus\build\legacy-code-todo-rewrite\jestAdapterInit.js:122:21)
    at jestAdapter (C:\Users\Cheem\OneDrive\Coding\clipsCommerce - Copy\node_modules\jest-circus\build\legacy-code-todo-rewrite\jestAdapter.js:79:19)
    at runTestInternal (C:\Users\Cheem\OneDrive\Coding\clipsCommerce - Copy\node_modules\jest-runner\build\runTest.js:367:16)
    at runTest (C:\Users\Cheem\OneDrive\Coding\clipsCommerce - Copy\node_modules\jest-runner\build\runTest.js:444:34)
    at Object.worker (C:\Users\Cheem\OneDrive\Coding\clipsCommerce - Copy\node_modules\jest-runner\build\testWorker.js:106:12)</failure>
    </testcase>
    <testcase classname="Middleware Performance and Security should handle rapid sequential requests" name="Middleware Performance and Security should handle rapid sequential requests" time="0.001">
      <failure>TypeError: Cannot set property status of #&lt;Response&gt; which has only a getter
    at Object.&lt;anonymous&gt; (C:\Users\Cheem\OneDrive\Coding\clipsCommerce - Copy\src\__tests__\middleware.test.ts:56:22)
    at C:\Users\Cheem\OneDrive\Coding\clipsCommerce - Copy\node_modules\@jest\environment-jsdom-abstract\node_modules\jest-mock\build\index.js:305:39
    at Object.&lt;anonymous&gt; (C:\Users\Cheem\OneDrive\Coding\clipsCommerce - Copy\node_modules\@jest\environment-jsdom-abstract\node_modules\jest-mock\build\index.js:312:13)
    at Object.mockConstructor [as next] (C:\Users\Cheem\OneDrive\Coding\clipsCommerce - Copy\node_modules\@jest\environment-jsdom-abstract\node_modules\jest-mock\build\index.js:102:19)
    at createClient (C:\Users\Cheem\OneDrive\Coding\clipsCommerce - Copy\src\__tests__\middleware.test.ts:36:28)
    at middleware (C:\Users\Cheem\OneDrive\Coding\clipsCommerce - Copy\middleware.ts:76:46)
    at Object.&lt;anonymous&gt; (C:\Users\Cheem\OneDrive\Coding\clipsCommerce - Copy\src\__tests__\middleware.test.ts:638:38)
    at Promise.then.completed (C:\Users\Cheem\OneDrive\Coding\clipsCommerce - Copy\node_modules\jest-circus\build\utils.js:298:28)
    at new Promise (&lt;anonymous&gt;)
    at callAsyncCircusFn (C:\Users\Cheem\OneDrive\Coding\clipsCommerce - Copy\node_modules\jest-circus\build\utils.js:231:10)
    at _callCircusTest (C:\Users\Cheem\OneDrive\Coding\clipsCommerce - Copy\node_modules\jest-circus\build\run.js:316:40)
    at processTicksAndRejections (node:internal/process/task_queues:105:5)
    at _runTest (C:\Users\Cheem\OneDrive\Coding\clipsCommerce - Copy\node_modules\jest-circus\build\run.js:252:3)
    at _runTestsForDescribeBlock (C:\Users\Cheem\OneDrive\Coding\clipsCommerce - Copy\node_modules\jest-circus\build\run.js:126:9)
    at _runTestsForDescribeBlock (C:\Users\Cheem\OneDrive\Coding\clipsCommerce - Copy\node_modules\jest-circus\build\run.js:121:9)
    at _runTestsForDescribeBlock (C:\Users\Cheem\OneDrive\Coding\clipsCommerce - Copy\node_modules\jest-circus\build\run.js:121:9)
    at run (C:\Users\Cheem\OneDrive\Coding\clipsCommerce - Copy\node_modules\jest-circus\build\run.js:71:3)
    at runAndTransformResultsToJestFormat (C:\Users\Cheem\OneDrive\Coding\clipsCommerce - Copy\node_modules\jest-circus\build\legacy-code-todo-rewrite\jestAdapterInit.js:122:21)
    at jestAdapter (C:\Users\Cheem\OneDrive\Coding\clipsCommerce - Copy\node_modules\jest-circus\build\legacy-code-todo-rewrite\jestAdapter.js:79:19)
    at runTestInternal (C:\Users\Cheem\OneDrive\Coding\clipsCommerce - Copy\node_modules\jest-runner\build\runTest.js:367:16)
    at runTest (C:\Users\Cheem\OneDrive\Coding\clipsCommerce - Copy\node_modules\jest-runner\build\runTest.js:444:34)
    at Object.worker (C:\Users\Cheem\OneDrive\Coding\clipsCommerce - Copy\node_modules\jest-runner\build\testWorker.js:106:12)</failure>
    </testcase>
  </testsuite>
  <testsuite name="videoOptimization service" errors="0" failures="12" skipped="0" timestamp="2025-06-16T07:34:14" time="4.816" tests="12">
    <testcase classname="videoOptimization service core video optimization should return optimization insights for a valid video" name="videoOptimization service core video optimization should return optimization insights for a valid video" time="0.008">
      <failure>TypeError: Cannot read properties of undefined (reading &apos;mockReset&apos;)
    at Object.&lt;anonymous&gt; (C:\Users\Cheem\OneDrive\Coding\clipsCommerce - Copy\src\services\__tests__\videoOptimization.test.ts:35:63)
    at Promise.then.completed (C:\Users\Cheem\OneDrive\Coding\clipsCommerce - Copy\node_modules\jest-circus\build\utils.js:298:28)
    at new Promise (&lt;anonymous&gt;)
    at callAsyncCircusFn (C:\Users\Cheem\OneDrive\Coding\clipsCommerce - Copy\node_modules\jest-circus\build\utils.js:231:10)
    at _callCircusHook (C:\Users\Cheem\OneDrive\Coding\clipsCommerce - Copy\node_modules\jest-circus\build\run.js:281:40)
    at processTicksAndRejections (node:internal/process/task_queues:105:5)
    at _runTest (C:\Users\Cheem\OneDrive\Coding\clipsCommerce - Copy\node_modules\jest-circus\build\run.js:246:5)
    at _runTestsForDescribeBlock (C:\Users\Cheem\OneDrive\Coding\clipsCommerce - Copy\node_modules\jest-circus\build\run.js:126:9)
    at _runTestsForDescribeBlock (C:\Users\Cheem\OneDrive\Coding\clipsCommerce - Copy\node_modules\jest-circus\build\run.js:121:9)
    at _runTestsForDescribeBlock (C:\Users\Cheem\OneDrive\Coding\clipsCommerce - Copy\node_modules\jest-circus\build\run.js:121:9)
    at run (C:\Users\Cheem\OneDrive\Coding\clipsCommerce - Copy\node_modules\jest-circus\build\run.js:71:3)
    at runAndTransformResultsToJestFormat (C:\Users\Cheem\OneDrive\Coding\clipsCommerce - Copy\node_modules\jest-circus\build\legacy-code-todo-rewrite\jestAdapterInit.js:122:21)
    at jestAdapter (C:\Users\Cheem\OneDrive\Coding\clipsCommerce - Copy\node_modules\jest-circus\build\legacy-code-todo-rewrite\jestAdapter.js:79:19)
    at runTestInternal (C:\Users\Cheem\OneDrive\Coding\clipsCommerce - Copy\node_modules\jest-runner\build\runTest.js:367:16)
    at runTest (C:\Users\Cheem\OneDrive\Coding\clipsCommerce - Copy\node_modules\jest-runner\build\runTest.js:444:34)
    at Object.worker (C:\Users\Cheem\OneDrive\Coding\clipsCommerce - Copy\node_modules\jest-runner\build\testWorker.js:106:12)</failure>
    </testcase>
    <testcase classname="videoOptimization service core video optimization should handle optimization failure gracefully" name="videoOptimization service core video optimization should handle optimization failure gracefully" time="0.001">
      <failure>TypeError: Cannot read properties of undefined (reading &apos;mockReset&apos;)
    at Object.&lt;anonymous&gt; (C:\Users\Cheem\OneDrive\Coding\clipsCommerce - Copy\src\services\__tests__\videoOptimization.test.ts:35:63)
    at Promise.then.completed (C:\Users\Cheem\OneDrive\Coding\clipsCommerce - Copy\node_modules\jest-circus\build\utils.js:298:28)
    at new Promise (&lt;anonymous&gt;)
    at callAsyncCircusFn (C:\Users\Cheem\OneDrive\Coding\clipsCommerce - Copy\node_modules\jest-circus\build\utils.js:231:10)
    at _callCircusHook (C:\Users\Cheem\OneDrive\Coding\clipsCommerce - Copy\node_modules\jest-circus\build\run.js:281:40)
    at processTicksAndRejections (node:internal/process/task_queues:105:5)
    at _runTest (C:\Users\Cheem\OneDrive\Coding\clipsCommerce - Copy\node_modules\jest-circus\build\run.js:246:5)
    at _runTestsForDescribeBlock (C:\Users\Cheem\OneDrive\Coding\clipsCommerce - Copy\node_modules\jest-circus\build\run.js:126:9)
    at _runTestsForDescribeBlock (C:\Users\Cheem\OneDrive\Coding\clipsCommerce - Copy\node_modules\jest-circus\build\run.js:121:9)
    at _runTestsForDescribeBlock (C:\Users\Cheem\OneDrive\Coding\clipsCommerce - Copy\node_modules\jest-circus\build\run.js:121:9)
    at run (C:\Users\Cheem\OneDrive\Coding\clipsCommerce - Copy\node_modules\jest-circus\build\run.js:71:3)
    at runAndTransformResultsToJestFormat (C:\Users\Cheem\OneDrive\Coding\clipsCommerce - Copy\node_modules\jest-circus\build\legacy-code-todo-rewrite\jestAdapterInit.js:122:21)
    at jestAdapter (C:\Users\Cheem\OneDrive\Coding\clipsCommerce - Copy\node_modules\jest-circus\build\legacy-code-todo-rewrite\jestAdapter.js:79:19)
    at runTestInternal (C:\Users\Cheem\OneDrive\Coding\clipsCommerce - Copy\node_modules\jest-runner\build\runTest.js:367:16)
    at runTest (C:\Users\Cheem\OneDrive\Coding\clipsCommerce - Copy\node_modules\jest-runner\build\runTest.js:444:34)
    at Object.worker (C:\Users\Cheem\OneDrive\Coding\clipsCommerce - Copy\node_modules\jest-runner\build\testWorker.js:106:12)</failure>
    </testcase>
    <testcase classname="videoOptimization service video processing algorithms should optimize video compression algorithms" name="videoOptimization service video processing algorithms should optimize video compression algorithms" time="0.001">
      <failure>TypeError: Cannot read properties of undefined (reading &apos;mockReset&apos;)
    at Object.&lt;anonymous&gt; (C:\Users\Cheem\OneDrive\Coding\clipsCommerce - Copy\src\services\__tests__\videoOptimization.test.ts:35:63)
    at Promise.then.completed (C:\Users\Cheem\OneDrive\Coding\clipsCommerce - Copy\node_modules\jest-circus\build\utils.js:298:28)
    at new Promise (&lt;anonymous&gt;)
    at callAsyncCircusFn (C:\Users\Cheem\OneDrive\Coding\clipsCommerce - Copy\node_modules\jest-circus\build\utils.js:231:10)
    at _callCircusHook (C:\Users\Cheem\OneDrive\Coding\clipsCommerce - Copy\node_modules\jest-circus\build\run.js:281:40)
    at processTicksAndRejections (node:internal/process/task_queues:105:5)
    at _runTest (C:\Users\Cheem\OneDrive\Coding\clipsCommerce - Copy\node_modules\jest-circus\build\run.js:246:5)
    at _runTestsForDescribeBlock (C:\Users\Cheem\OneDrive\Coding\clipsCommerce - Copy\node_modules\jest-circus\build\run.js:126:9)
    at _runTestsForDescribeBlock (C:\Users\Cheem\OneDrive\Coding\clipsCommerce - Copy\node_modules\jest-circus\build\run.js:121:9)
    at _runTestsForDescribeBlock (C:\Users\Cheem\OneDrive\Coding\clipsCommerce - Copy\node_modules\jest-circus\build\run.js:121:9)
    at run (C:\Users\Cheem\OneDrive\Coding\clipsCommerce - Copy\node_modules\jest-circus\build\run.js:71:3)
    at runAndTransformResultsToJestFormat (C:\Users\Cheem\OneDrive\Coding\clipsCommerce - Copy\node_modules\jest-circus\build\legacy-code-todo-rewrite\jestAdapterInit.js:122:21)
    at jestAdapter (C:\Users\Cheem\OneDrive\Coding\clipsCommerce - Copy\node_modules\jest-circus\build\legacy-code-todo-rewrite\jestAdapter.js:79:19)
    at runTestInternal (C:\Users\Cheem\OneDrive\Coding\clipsCommerce - Copy\node_modules\jest-runner\build\runTest.js:367:16)
    at runTest (C:\Users\Cheem\OneDrive\Coding\clipsCommerce - Copy\node_modules\jest-runner\build\runTest.js:444:34)
    at Object.worker (C:\Users\Cheem\OneDrive\Coding\clipsCommerce - Copy\node_modules\jest-runner\build\testWorker.js:106:12)</failure>
    </testcase>
    <testcase classname="videoOptimization service video processing algorithms should handle video format conversion optimization" name="videoOptimization service video processing algorithms should handle video format conversion optimization" time="0.003">
      <failure>TypeError: Cannot read properties of undefined (reading &apos;mockReset&apos;)
    at Object.&lt;anonymous&gt; (C:\Users\Cheem\OneDrive\Coding\clipsCommerce - Copy\src\services\__tests__\videoOptimization.test.ts:35:63)
    at Promise.then.completed (C:\Users\Cheem\OneDrive\Coding\clipsCommerce - Copy\node_modules\jest-circus\build\utils.js:298:28)
    at new Promise (&lt;anonymous&gt;)
    at callAsyncCircusFn (C:\Users\Cheem\OneDrive\Coding\clipsCommerce - Copy\node_modules\jest-circus\build\utils.js:231:10)
    at _callCircusHook (C:\Users\Cheem\OneDrive\Coding\clipsCommerce - Copy\node_modules\jest-circus\build\run.js:281:40)
    at processTicksAndRejections (node:internal/process/task_queues:105:5)
    at _runTest (C:\Users\Cheem\OneDrive\Coding\clipsCommerce - Copy\node_modules\jest-circus\build\run.js:246:5)
    at _runTestsForDescribeBlock (C:\Users\Cheem\OneDrive\Coding\clipsCommerce - Copy\node_modules\jest-circus\build\run.js:126:9)
    at _runTestsForDescribeBlock (C:\Users\Cheem\OneDrive\Coding\clipsCommerce - Copy\node_modules\jest-circus\build\run.js:121:9)
    at _runTestsForDescribeBlock (C:\Users\Cheem\OneDrive\Coding\clipsCommerce - Copy\node_modules\jest-circus\build\run.js:121:9)
    at run (C:\Users\Cheem\OneDrive\Coding\clipsCommerce - Copy\node_modules\jest-circus\build\run.js:71:3)
    at runAndTransformResultsToJestFormat (C:\Users\Cheem\OneDrive\Coding\clipsCommerce - Copy\node_modules\jest-circus\build\legacy-code-todo-rewrite\jestAdapterInit.js:122:21)
    at jestAdapter (C:\Users\Cheem\OneDrive\Coding\clipsCommerce - Copy\node_modules\jest-circus\build\legacy-code-todo-rewrite\jestAdapter.js:79:19)
    at runTestInternal (C:\Users\Cheem\OneDrive\Coding\clipsCommerce - Copy\node_modules\jest-runner\build\runTest.js:367:16)
    at runTest (C:\Users\Cheem\OneDrive\Coding\clipsCommerce - Copy\node_modules\jest-runner\build\runTest.js:444:34)
    at Object.worker (C:\Users\Cheem\OneDrive\Coding\clipsCommerce - Copy\node_modules\jest-runner\build\testWorker.js:106:12)</failure>
    </testcase>
    <testcase classname="videoOptimization service video processing algorithms should optimize video thumbnails and previews" name="videoOptimization service video processing algorithms should optimize video thumbnails and previews" time="0.004">
      <failure>TypeError: Cannot read properties of undefined (reading &apos;mockReset&apos;)
    at Object.&lt;anonymous&gt; (C:\Users\Cheem\OneDrive\Coding\clipsCommerce - Copy\src\services\__tests__\videoOptimization.test.ts:35:63)
    at Promise.then.completed (C:\Users\Cheem\OneDrive\Coding\clipsCommerce - Copy\node_modules\jest-circus\build\utils.js:298:28)
    at new Promise (&lt;anonymous&gt;)
    at callAsyncCircusFn (C:\Users\Cheem\OneDrive\Coding\clipsCommerce - Copy\node_modules\jest-circus\build\utils.js:231:10)
    at _callCircusHook (C:\Users\Cheem\OneDrive\Coding\clipsCommerce - Copy\node_modules\jest-circus\build\run.js:281:40)
    at processTicksAndRejections (node:internal/process/task_queues:105:5)
    at _runTest (C:\Users\Cheem\OneDrive\Coding\clipsCommerce - Copy\node_modules\jest-circus\build\run.js:246:5)
    at _runTestsForDescribeBlock (C:\Users\Cheem\OneDrive\Coding\clipsCommerce - Copy\node_modules\jest-circus\build\run.js:126:9)
    at _runTestsForDescribeBlock (C:\Users\Cheem\OneDrive\Coding\clipsCommerce - Copy\node_modules\jest-circus\build\run.js:121:9)
    at _runTestsForDescribeBlock (C:\Users\Cheem\OneDrive\Coding\clipsCommerce - Copy\node_modules\jest-circus\build\run.js:121:9)
    at run (C:\Users\Cheem\OneDrive\Coding\clipsCommerce - Copy\node_modules\jest-circus\build\run.js:71:3)
    at runAndTransformResultsToJestFormat (C:\Users\Cheem\OneDrive\Coding\clipsCommerce - Copy\node_modules\jest-circus\build\legacy-code-todo-rewrite\jestAdapterInit.js:122:21)
    at jestAdapter (C:\Users\Cheem\OneDrive\Coding\clipsCommerce - Copy\node_modules\jest-circus\build\legacy-code-todo-rewrite\jestAdapter.js:79:19)
    at runTestInternal (C:\Users\Cheem\OneDrive\Coding\clipsCommerce - Copy\node_modules\jest-runner\build\runTest.js:367:16)
    at runTest (C:\Users\Cheem\OneDrive\Coding\clipsCommerce - Copy\node_modules\jest-runner\build\runTest.js:444:34)
    at Object.worker (C:\Users\Cheem\OneDrive\Coding\clipsCommerce - Copy\node_modules\jest-runner\build\testWorker.js:106:12)</failure>
    </testcase>
    <testcase classname="videoOptimization service performance optimization should optimize batch video processing" name="videoOptimization service performance optimization should optimize batch video processing" time="0.001">
      <failure>TypeError: Cannot read properties of undefined (reading &apos;mockReset&apos;)
    at Object.&lt;anonymous&gt; (C:\Users\Cheem\OneDrive\Coding\clipsCommerce - Copy\src\services\__tests__\videoOptimization.test.ts:35:63)
    at Promise.then.completed (C:\Users\Cheem\OneDrive\Coding\clipsCommerce - Copy\node_modules\jest-circus\build\utils.js:298:28)
    at new Promise (&lt;anonymous&gt;)
    at callAsyncCircusFn (C:\Users\Cheem\OneDrive\Coding\clipsCommerce - Copy\node_modules\jest-circus\build\utils.js:231:10)
    at _callCircusHook (C:\Users\Cheem\OneDrive\Coding\clipsCommerce - Copy\node_modules\jest-circus\build\run.js:281:40)
    at processTicksAndRejections (node:internal/process/task_queues:105:5)
    at _runTest (C:\Users\Cheem\OneDrive\Coding\clipsCommerce - Copy\node_modules\jest-circus\build\run.js:246:5)
    at _runTestsForDescribeBlock (C:\Users\Cheem\OneDrive\Coding\clipsCommerce - Copy\node_modules\jest-circus\build\run.js:126:9)
    at _runTestsForDescribeBlock (C:\Users\Cheem\OneDrive\Coding\clipsCommerce - Copy\node_modules\jest-circus\build\run.js:121:9)
    at _runTestsForDescribeBlock (C:\Users\Cheem\OneDrive\Coding\clipsCommerce - Copy\node_modules\jest-circus\build\run.js:121:9)
    at run (C:\Users\Cheem\OneDrive\Coding\clipsCommerce - Copy\node_modules\jest-circus\build\run.js:71:3)
    at runAndTransformResultsToJestFormat (C:\Users\Cheem\OneDrive\Coding\clipsCommerce - Copy\node_modules\jest-circus\build\legacy-code-todo-rewrite\jestAdapterInit.js:122:21)
    at jestAdapter (C:\Users\Cheem\OneDrive\Coding\clipsCommerce - Copy\node_modules\jest-circus\build\legacy-code-todo-rewrite\jestAdapter.js:79:19)
    at runTestInternal (C:\Users\Cheem\OneDrive\Coding\clipsCommerce - Copy\node_modules\jest-runner\build\runTest.js:367:16)
    at runTest (C:\Users\Cheem\OneDrive\Coding\clipsCommerce - Copy\node_modules\jest-runner\build\runTest.js:444:34)
    at Object.worker (C:\Users\Cheem\OneDrive\Coding\clipsCommerce - Copy\node_modules\jest-runner\build\testWorker.js:106:12)</failure>
    </testcase>
    <testcase classname="videoOptimization service performance optimization should handle memory-intensive optimization operations" name="videoOptimization service performance optimization should handle memory-intensive optimization operations" time="0">
      <failure>TypeError: Cannot read properties of undefined (reading &apos;mockReset&apos;)
    at Object.&lt;anonymous&gt; (C:\Users\Cheem\OneDrive\Coding\clipsCommerce - Copy\src\services\__tests__\videoOptimization.test.ts:35:63)
    at Promise.then.completed (C:\Users\Cheem\OneDrive\Coding\clipsCommerce - Copy\node_modules\jest-circus\build\utils.js:298:28)
    at new Promise (&lt;anonymous&gt;)
    at callAsyncCircusFn (C:\Users\Cheem\OneDrive\Coding\clipsCommerce - Copy\node_modules\jest-circus\build\utils.js:231:10)
    at _callCircusHook (C:\Users\Cheem\OneDrive\Coding\clipsCommerce - Copy\node_modules\jest-circus\build\run.js:281:40)
    at processTicksAndRejections (node:internal/process/task_queues:105:5)
    at _runTest (C:\Users\Cheem\OneDrive\Coding\clipsCommerce - Copy\node_modules\jest-circus\build\run.js:246:5)
    at _runTestsForDescribeBlock (C:\Users\Cheem\OneDrive\Coding\clipsCommerce - Copy\node_modules\jest-circus\build\run.js:126:9)
    at _runTestsForDescribeBlock (C:\Users\Cheem\OneDrive\Coding\clipsCommerce - Copy\node_modules\jest-circus\build\run.js:121:9)
    at _runTestsForDescribeBlock (C:\Users\Cheem\OneDrive\Coding\clipsCommerce - Copy\node_modules\jest-circus\build\run.js:121:9)
    at run (C:\Users\Cheem\OneDrive\Coding\clipsCommerce - Copy\node_modules\jest-circus\build\run.js:71:3)
    at runAndTransformResultsToJestFormat (C:\Users\Cheem\OneDrive\Coding\clipsCommerce - Copy\node_modules\jest-circus\build\legacy-code-todo-rewrite\jestAdapterInit.js:122:21)
    at jestAdapter (C:\Users\Cheem\OneDrive\Coding\clipsCommerce - Copy\node_modules\jest-circus\build\legacy-code-todo-rewrite\jestAdapter.js:79:19)
    at runTestInternal (C:\Users\Cheem\OneDrive\Coding\clipsCommerce - Copy\node_modules\jest-runner\build\runTest.js:367:16)
    at runTest (C:\Users\Cheem\OneDrive\Coding\clipsCommerce - Copy\node_modules\jest-runner\build\runTest.js:444:34)
    at Object.worker (C:\Users\Cheem\OneDrive\Coding\clipsCommerce - Copy\node_modules\jest-runner\build\testWorker.js:106:12)</failure>
    </testcase>
    <testcase classname="videoOptimization service advanced edge cases should handle corrupted video files" name="videoOptimization service advanced edge cases should handle corrupted video files" time="0">
      <failure>TypeError: Cannot read properties of undefined (reading &apos;mockReset&apos;)
    at Object.&lt;anonymous&gt; (C:\Users\Cheem\OneDrive\Coding\clipsCommerce - Copy\src\services\__tests__\videoOptimization.test.ts:35:63)
    at Promise.then.completed (C:\Users\Cheem\OneDrive\Coding\clipsCommerce - Copy\node_modules\jest-circus\build\utils.js:298:28)
    at new Promise (&lt;anonymous&gt;)
    at callAsyncCircusFn (C:\Users\Cheem\OneDrive\Coding\clipsCommerce - Copy\node_modules\jest-circus\build\utils.js:231:10)
    at _callCircusHook (C:\Users\Cheem\OneDrive\Coding\clipsCommerce - Copy\node_modules\jest-circus\build\run.js:281:40)
    at processTicksAndRejections (node:internal/process/task_queues:105:5)
    at _runTest (C:\Users\Cheem\OneDrive\Coding\clipsCommerce - Copy\node_modules\jest-circus\build\run.js:246:5)
    at _runTestsForDescribeBlock (C:\Users\Cheem\OneDrive\Coding\clipsCommerce - Copy\node_modules\jest-circus\build\run.js:126:9)
    at _runTestsForDescribeBlock (C:\Users\Cheem\OneDrive\Coding\clipsCommerce - Copy\node_modules\jest-circus\build\run.js:121:9)
    at _runTestsForDescribeBlock (C:\Users\Cheem\OneDrive\Coding\clipsCommerce - Copy\node_modules\jest-circus\build\run.js:121:9)
    at run (C:\Users\Cheem\OneDrive\Coding\clipsCommerce - Copy\node_modules\jest-circus\build\run.js:71:3)
    at runAndTransformResultsToJestFormat (C:\Users\Cheem\OneDrive\Coding\clipsCommerce - Copy\node_modules\jest-circus\build\legacy-code-todo-rewrite\jestAdapterInit.js:122:21)
    at jestAdapter (C:\Users\Cheem\OneDrive\Coding\clipsCommerce - Copy\node_modules\jest-circus\build\legacy-code-todo-rewrite\jestAdapter.js:79:19)
    at runTestInternal (C:\Users\Cheem\OneDrive\Coding\clipsCommerce - Copy\node_modules\jest-runner\build\runTest.js:367:16)
    at runTest (C:\Users\Cheem\OneDrive\Coding\clipsCommerce - Copy\node_modules\jest-runner\build\runTest.js:444:34)
    at Object.worker (C:\Users\Cheem\OneDrive\Coding\clipsCommerce - Copy\node_modules\jest-runner\build\testWorker.js:106:12)</failure>
    </testcase>
    <testcase classname="videoOptimization service advanced edge cases should handle extremely short videos" name="videoOptimization service advanced edge cases should handle extremely short videos" time="0">
      <failure>TypeError: Cannot read properties of undefined (reading &apos;mockReset&apos;)
    at Object.&lt;anonymous&gt; (C:\Users\Cheem\OneDrive\Coding\clipsCommerce - Copy\src\services\__tests__\videoOptimization.test.ts:35:63)
    at Promise.then.completed (C:\Users\Cheem\OneDrive\Coding\clipsCommerce - Copy\node_modules\jest-circus\build\utils.js:298:28)
    at new Promise (&lt;anonymous&gt;)
    at callAsyncCircusFn (C:\Users\Cheem\OneDrive\Coding\clipsCommerce - Copy\node_modules\jest-circus\build\utils.js:231:10)
    at _callCircusHook (C:\Users\Cheem\OneDrive\Coding\clipsCommerce - Copy\node_modules\jest-circus\build\run.js:281:40)
    at processTicksAndRejections (node:internal/process/task_queues:105:5)
    at _runTest (C:\Users\Cheem\OneDrive\Coding\clipsCommerce - Copy\node_modules\jest-circus\build\run.js:246:5)
    at _runTestsForDescribeBlock (C:\Users\Cheem\OneDrive\Coding\clipsCommerce - Copy\node_modules\jest-circus\build\run.js:126:9)
    at _runTestsForDescribeBlock (C:\Users\Cheem\OneDrive\Coding\clipsCommerce - Copy\node_modules\jest-circus\build\run.js:121:9)
    at _runTestsForDescribeBlock (C:\Users\Cheem\OneDrive\Coding\clipsCommerce - Copy\node_modules\jest-circus\build\run.js:121:9)
    at run (C:\Users\Cheem\OneDrive\Coding\clipsCommerce - Copy\node_modules\jest-circus\build\run.js:71:3)
    at runAndTransformResultsToJestFormat (C:\Users\Cheem\OneDrive\Coding\clipsCommerce - Copy\node_modules\jest-circus\build\legacy-code-todo-rewrite\jestAdapterInit.js:122:21)
    at jestAdapter (C:\Users\Cheem\OneDrive\Coding\clipsCommerce - Copy\node_modules\jest-circus\build\legacy-code-todo-rewrite\jestAdapter.js:79:19)
    at runTestInternal (C:\Users\Cheem\OneDrive\Coding\clipsCommerce - Copy\node_modules\jest-runner\build\runTest.js:367:16)
    at runTest (C:\Users\Cheem\OneDrive\Coding\clipsCommerce - Copy\node_modules\jest-runner\build\runTest.js:444:34)
    at Object.worker (C:\Users\Cheem\OneDrive\Coding\clipsCommerce - Copy\node_modules\jest-runner\build\testWorker.js:106:12)</failure>
    </testcase>
    <testcase classname="videoOptimization service advanced edge cases should handle videos with unusual aspect ratios" name="videoOptimization service advanced edge cases should handle videos with unusual aspect ratios" time="0.001">
      <failure>TypeError: Cannot read properties of undefined (reading &apos;mockReset&apos;)
    at Object.&lt;anonymous&gt; (C:\Users\Cheem\OneDrive\Coding\clipsCommerce - Copy\src\services\__tests__\videoOptimization.test.ts:35:63)
    at Promise.then.completed (C:\Users\Cheem\OneDrive\Coding\clipsCommerce - Copy\node_modules\jest-circus\build\utils.js:298:28)
    at new Promise (&lt;anonymous&gt;)
    at callAsyncCircusFn (C:\Users\Cheem\OneDrive\Coding\clipsCommerce - Copy\node_modules\jest-circus\build\utils.js:231:10)
    at _callCircusHook (C:\Users\Cheem\OneDrive\Coding\clipsCommerce - Copy\node_modules\jest-circus\build\run.js:281:40)
    at processTicksAndRejections (node:internal/process/task_queues:105:5)
    at _runTest (C:\Users\Cheem\OneDrive\Coding\clipsCommerce - Copy\node_modules\jest-circus\build\run.js:246:5)
    at _runTestsForDescribeBlock (C:\Users\Cheem\OneDrive\Coding\clipsCommerce - Copy\node_modules\jest-circus\build\run.js:126:9)
    at _runTestsForDescribeBlock (C:\Users\Cheem\OneDrive\Coding\clipsCommerce - Copy\node_modules\jest-circus\build\run.js:121:9)
    at _runTestsForDescribeBlock (C:\Users\Cheem\OneDrive\Coding\clipsCommerce - Copy\node_modules\jest-circus\build\run.js:121:9)
    at run (C:\Users\Cheem\OneDrive\Coding\clipsCommerce - Copy\node_modules\jest-circus\build\run.js:71:3)
    at runAndTransformResultsToJestFormat (C:\Users\Cheem\OneDrive\Coding\clipsCommerce - Copy\node_modules\jest-circus\build\legacy-code-todo-rewrite\jestAdapterInit.js:122:21)
    at jestAdapter (C:\Users\Cheem\OneDrive\Coding\clipsCommerce - Copy\node_modules\jest-circus\build\legacy-code-todo-rewrite\jestAdapter.js:79:19)
    at runTestInternal (C:\Users\Cheem\OneDrive\Coding\clipsCommerce - Copy\node_modules\jest-runner\build\runTest.js:367:16)
    at runTest (C:\Users\Cheem\OneDrive\Coding\clipsCommerce - Copy\node_modules\jest-runner\build\runTest.js:444:34)
    at Object.worker (C:\Users\Cheem\OneDrive\Coding\clipsCommerce - Copy\node_modules\jest-runner\build\testWorker.js:106:12)</failure>
    </testcase>
    <testcase classname="videoOptimization service advanced edge cases should handle videos with no audio track" name="videoOptimization service advanced edge cases should handle videos with no audio track" time="0.001">
      <failure>TypeError: Cannot read properties of undefined (reading &apos;mockReset&apos;)
    at Object.&lt;anonymous&gt; (C:\Users\Cheem\OneDrive\Coding\clipsCommerce - Copy\src\services\__tests__\videoOptimization.test.ts:35:63)
    at Promise.then.completed (C:\Users\Cheem\OneDrive\Coding\clipsCommerce - Copy\node_modules\jest-circus\build\utils.js:298:28)
    at new Promise (&lt;anonymous&gt;)
    at callAsyncCircusFn (C:\Users\Cheem\OneDrive\Coding\clipsCommerce - Copy\node_modules\jest-circus\build\utils.js:231:10)
    at _callCircusHook (C:\Users\Cheem\OneDrive\Coding\clipsCommerce - Copy\node_modules\jest-circus\build\run.js:281:40)
    at processTicksAndRejections (node:internal/process/task_queues:105:5)
    at _runTest (C:\Users\Cheem\OneDrive\Coding\clipsCommerce - Copy\node_modules\jest-circus\build\run.js:246:5)
    at _runTestsForDescribeBlock (C:\Users\Cheem\OneDrive\Coding\clipsCommerce - Copy\node_modules\jest-circus\build\run.js:126:9)
    at _runTestsForDescribeBlock (C:\Users\Cheem\OneDrive\Coding\clipsCommerce - Copy\node_modules\jest-circus\build\run.js:121:9)
    at _runTestsForDescribeBlock (C:\Users\Cheem\OneDrive\Coding\clipsCommerce - Copy\node_modules\jest-circus\build\run.js:121:9)
    at run (C:\Users\Cheem\OneDrive\Coding\clipsCommerce - Copy\node_modules\jest-circus\build\run.js:71:3)
    at runAndTransformResultsToJestFormat (C:\Users\Cheem\OneDrive\Coding\clipsCommerce - Copy\node_modules\jest-circus\build\legacy-code-todo-rewrite\jestAdapterInit.js:122:21)
    at jestAdapter (C:\Users\Cheem\OneDrive\Coding\clipsCommerce - Copy\node_modules\jest-circus\build\legacy-code-todo-rewrite\jestAdapter.js:79:19)
    at runTestInternal (C:\Users\Cheem\OneDrive\Coding\clipsCommerce - Copy\node_modules\jest-runner\build\runTest.js:367:16)
    at runTest (C:\Users\Cheem\OneDrive\Coding\clipsCommerce - Copy\node_modules\jest-runner\build\runTest.js:444:34)
    at Object.worker (C:\Users\Cheem\OneDrive\Coding\clipsCommerce - Copy\node_modules\jest-runner\build\testWorker.js:106:12)</failure>
    </testcase>
    <testcase classname="videoOptimization service advanced edge cases should handle videos with multiple audio tracks" name="videoOptimization service advanced edge cases should handle videos with multiple audio tracks" time="0">
      <failure>TypeError: Cannot read properties of undefined (reading &apos;mockReset&apos;)
    at Object.&lt;anonymous&gt; (C:\Users\Cheem\OneDrive\Coding\clipsCommerce - Copy\src\services\__tests__\videoOptimization.test.ts:35:63)
    at Promise.then.completed (C:\Users\Cheem\OneDrive\Coding\clipsCommerce - Copy\node_modules\jest-circus\build\utils.js:298:28)
    at new Promise (&lt;anonymous&gt;)
    at callAsyncCircusFn (C:\Users\Cheem\OneDrive\Coding\clipsCommerce - Copy\node_modules\jest-circus\build\utils.js:231:10)
    at _callCircusHook (C:\Users\Cheem\OneDrive\Coding\clipsCommerce - Copy\node_modules\jest-circus\build\run.js:281:40)
    at processTicksAndRejections (node:internal/process/task_queues:105:5)
    at _runTest (C:\Users\Cheem\OneDrive\Coding\clipsCommerce - Copy\node_modules\jest-circus\build\run.js:246:5)
    at _runTestsForDescribeBlock (C:\Users\Cheem\OneDrive\Coding\clipsCommerce - Copy\node_modules\jest-circus\build\run.js:126:9)
    at _runTestsForDescribeBlock (C:\Users\Cheem\OneDrive\Coding\clipsCommerce - Copy\node_modules\jest-circus\build\run.js:121:9)
    at _runTestsForDescribeBlock (C:\Users\Cheem\OneDrive\Coding\clipsCommerce - Copy\node_modules\jest-circus\build\run.js:121:9)
    at run (C:\Users\Cheem\OneDrive\Coding\clipsCommerce - Copy\node_modules\jest-circus\build\run.js:71:3)
    at runAndTransformResultsToJestFormat (C:\Users\Cheem\OneDrive\Coding\clipsCommerce - Copy\node_modules\jest-circus\build\legacy-code-todo-rewrite\jestAdapterInit.js:122:21)
    at jestAdapter (C:\Users\Cheem\OneDrive\Coding\clipsCommerce - Copy\node_modules\jest-circus\build\legacy-code-todo-rewrite\jestAdapter.js:79:19)
    at runTestInternal (C:\Users\Cheem\OneDrive\Coding\clipsCommerce - Copy\node_modules\jest-runner\build\runTest.js:367:16)
    at runTest (C:\Users\Cheem\OneDrive\Coding\clipsCommerce - Copy\node_modules\jest-runner\build\runTest.js:444:34)
    at Object.worker (C:\Users\Cheem\OneDrive\Coding\clipsCommerce - Copy\node_modules\jest-runner\build\testWorker.js:106:12)</failure>
    </testcase>
  </testsuite>
  <testsuite name="ContentAutomationWorkflow" errors="0" failures="4" skipped="0" timestamp="2025-06-16T07:34:17" time="1.696" tests="13">
    <testcase classname="ContentAutomationWorkflow executeBulk should process a single request successfully" name="ContentAutomationWorkflow executeBulk should process a single request successfully" time="0.008">
      <failure>Error: expect(jest.fn()).toHaveBeenCalledWith(...expected)

Expected: ObjectContaining {&quot;content&quot;: ObjectContaining {&quot;caption&quot;: &quot;optimized&quot;, &quot;hashtags&quot;: [{&quot;tag&quot;: &quot;#mocktag&quot;}]}}
Received: {&quot;content&quot;: {&quot;caption&quot;: &quot;optimized&quot;, &quot;hashtags&quot;: [&quot;#mocktag&quot;], &quot;videoUrl&quot;: &quot;https://example.com/video1.mp4&quot;}, &quot;platforms&quot;: [&quot;tiktok&quot;], &quot;scheduleTime&quot;: undefined}

Number of calls: 1
    at Object.&lt;anonymous&gt; (C:\Users\Cheem\OneDrive\Coding\clipsCommerce - Copy\src\services\__tests__\ContentAutomationWorkflow.test.ts:70:28)
    at processTicksAndRejections (node:internal/process/task_queues:105:5)</failure>
    </testcase>
    <testcase classname="ContentAutomationWorkflow executeBulk should process multiple requests concurrently" name="ContentAutomationWorkflow executeBulk should process multiple requests concurrently" time="0.004">
    </testcase>
    <testcase classname="ContentAutomationWorkflow executeBulk should handle optimization failures" name="ContentAutomationWorkflow executeBulk should handle optimization failures" time="0.002">
    </testcase>
    <testcase classname="ContentAutomationWorkflow executeBulk should handle autoposting failures" name="ContentAutomationWorkflow executeBulk should handle autoposting failures" time="0.001">
    </testcase>
    <testcase classname="ContentAutomationWorkflow advanced scheduling options should pass scheduleTime to autopost" name="ContentAutomationWorkflow advanced scheduling options should pass scheduleTime to autopost" time="0.004">
    </testcase>
    <testcase classname="ContentAutomationWorkflow advanced scheduling options should handle timezone conversions for scheduling (conceptual)" name="ContentAutomationWorkflow advanced scheduling options should handle timezone conversions for scheduling (conceptual)" time="0.001">
    </testcase>
    <testcase classname="ContentAutomationWorkflow advanced scheduling options should handle recurring schedule patterns (conceptual)" name="ContentAutomationWorkflow advanced scheduling options should handle recurring schedule patterns (conceptual)" time="0.001">
    </testcase>
    <testcase classname="ContentAutomationWorkflow comprehensive error handling should handle API rate limiting gracefully" name="ContentAutomationWorkflow comprehensive error handling should handle API rate limiting gracefully" time="0.009">
    </testcase>
    <testcase classname="ContentAutomationWorkflow comprehensive error handling should handle service unavailability with retry logic" name="ContentAutomationWorkflow comprehensive error handling should handle service unavailability with retry logic" time="0.006">
      <failure>Error: expect(received).toBe(expected) // Object.is equality

Expected: &quot;success&quot;
Received: &quot;failed&quot;
    at Object.&lt;anonymous&gt; (C:\Users\Cheem\OneDrive\Coding\clipsCommerce - Copy\src\services\__tests__\ContentAutomationWorkflow.test.ts:301:33)
    at processTicksAndRejections (node:internal/process/task_queues:105:5)</failure>
    </testcase>
    <testcase classname="ContentAutomationWorkflow comprehensive error handling should handle partial failures in batch processing" name="ContentAutomationWorkflow comprehensive error handling should handle partial failures in batch processing" time="0.002">
      <failure>Error: expect(received).toBe(expected) // Object.is equality

Expected: 2
Received: 3
    at Object.&lt;anonymous&gt; (C:\Users\Cheem\OneDrive\Coding\clipsCommerce - Copy\src\services\__tests__\ContentAutomationWorkflow.test.ts:362:28)
    at processTicksAndRejections (node:internal/process/task_queues:105:5)</failure>
    </testcase>
    <testcase classname="ContentAutomationWorkflow comprehensive error handling should handle resource exhaustion scenarios" name="ContentAutomationWorkflow comprehensive error handling should handle resource exhaustion scenarios" time="0.025">
    </testcase>
    <testcase classname="ContentAutomationWorkflow workflow state persistence should maintain workflow state across interruptions" name="ContentAutomationWorkflow workflow state persistence should maintain workflow state across interruptions" time="0.006">
    </testcase>
    <testcase classname="ContentAutomationWorkflow workflow state persistence should handle workflow resumption after failures" name="ContentAutomationWorkflow workflow state persistence should handle workflow resumption after failures" time="0.002">
      <failure>Error: expect(received).toBeDefined()

Received: undefined
    at Object.&lt;anonymous&gt; (C:\Users\Cheem\OneDrive\Coding\clipsCommerce - Copy\src\services\__tests__\ContentAutomationWorkflow.test.ts:472:41)
    at processTicksAndRejections (node:internal/process/task_queues:105:5)</failure>
    </testcase>
  </testsuite>
  <testsuite name="OptimizedVideoGenerator" errors="0" failures="6" skipped="0" timestamp="2025-06-16T07:34:19" time="0.485" tests="28">
    <testcase classname="OptimizedVideoGenerator constructor should throw an error if API key is not provided" name="OptimizedVideoGenerator constructor should throw an error if API key is not provided" time="0.024">
    </testcase>
    <testcase classname="OptimizedVideoGenerator constructor should initialize OpenAI client with the provided API key" name="OptimizedVideoGenerator constructor should initialize OpenAI client with the provided API key" time="0.003">
    </testcase>
    <testcase classname="OptimizedVideoGenerator generateOptimizedContent - Prompt Generation should generate a comprehensive prompt including all provided data" name="OptimizedVideoGenerator generateOptimizedContent - Prompt Generation should generate a comprehensive prompt including all provided data" time="0.007">
      <failure>Error: expect(received).toContain(expected) // indexOf

Expected substring: &quot;Platform: TikTok&quot;
Received string:    &quot;You are an expert social media content strategist. Generate engaging and optimized video content in JSON format based on the provided data and user preferences.&quot;
    at Object.&lt;anonymous&gt; (C:\Users\Cheem\OneDrive\Coding\clipsCommerce - Copy\src\app\workflows\video_optimization\OptimizedVideoGenerator.spec.ts:112:22)
    at processTicksAndRejections (node:internal/process/task_queues:105:5)</failure>
    </testcase>
    <testcase classname="OptimizedVideoGenerator generateOptimizedContent - Prompt Generation should include product links in the prompt if provided" name="OptimizedVideoGenerator generateOptimizedContent - Prompt Generation should include product links in the prompt if provided" time="0.003">
      <failure>Error: expect(received).toContain(expected) // indexOf

Expected substring: &quot;--- Product Links to Incorporate ---&quot;
Received string:    &quot;You are an expert social media content strategist. Generate engaging and optimized video content in JSON format based on the provided data and user preferences.&quot;
    at Object.&lt;anonymous&gt; (C:\Users\Cheem\OneDrive\Coding\clipsCommerce - Copy\src\app\workflows\video_optimization\OptimizedVideoGenerator.spec.ts:133:22)
    at processTicksAndRejections (node:internal/process/task_queues:105:5)</failure>
    </testcase>
    <testcase classname="OptimizedVideoGenerator generateOptimizedContent - Prompt Generation should handle missing optional analysis data gracefully in prompt" name="OptimizedVideoGenerator generateOptimizedContent - Prompt Generation should handle missing optional analysis data gracefully in prompt" time="0.003">
    </testcase>
    <testcase classname="OptimizedVideoGenerator generateOptimizedContent - OpenAI API Interaction should call OpenAI API with the correct model and parse the JSON response" name="OptimizedVideoGenerator generateOptimizedContent - OpenAI API Interaction should call OpenAI API with the correct model and parse the JSON response" time="0.003">
    </testcase>
    <testcase classname="OptimizedVideoGenerator generateOptimizedContent - OpenAI API Interaction should use a custom OpenAI model if provided in config" name="OptimizedVideoGenerator generateOptimizedContent - OpenAI API Interaction should use a custom OpenAI model if provided in config" time="0.002">
    </testcase>
    <testcase classname="OptimizedVideoGenerator generateOptimizedContent - OpenAI API Interaction should throw an error if OpenAI API returns non-JSON content" name="OptimizedVideoGenerator generateOptimizedContent - OpenAI API Interaction should throw an error if OpenAI API returns non-JSON content" time="0.003">
    </testcase>
    <testcase classname="OptimizedVideoGenerator generateOptimizedContent - OpenAI API Interaction should throw an error if OpenAI API returns malformed JSON" name="OptimizedVideoGenerator generateOptimizedContent - OpenAI API Interaction should throw an error if OpenAI API returns malformed JSON" time="0.002">
    </testcase>
    <testcase classname="OptimizedVideoGenerator generateOptimizedContent - OpenAI API Interaction should throw an error if OpenAI API returns no choices" name="OptimizedVideoGenerator generateOptimizedContent - OpenAI API Interaction should throw an error if OpenAI API returns no choices" time="0.001">
    </testcase>
    <testcase classname="OptimizedVideoGenerator generateOptimizedContent - OpenAI API Interaction should throw an error if OpenAI API response content is null" name="OptimizedVideoGenerator generateOptimizedContent - OpenAI API Interaction should throw an error if OpenAI API response content is null" time="0.002">
    </testcase>
    <testcase classname="OptimizedVideoGenerator generateOptimizedContent - OpenAI API Interaction should throw an error if OpenAI API call fails" name="OptimizedVideoGenerator generateOptimizedContent - OpenAI API Interaction should throw an error if OpenAI API call fails" time="0.002">
    </testcase>
    <testcase classname="OptimizedVideoGenerator generateOptimizedContent - OpenAI API Interaction should throw an error if OpenAI API returns JSON that fails Zod validation" name="OptimizedVideoGenerator generateOptimizedContent - OpenAI API Interaction should throw an error if OpenAI API returns JSON that fails Zod validation" time="0.007">
      <failure>Error: expect(received).rejects.toThrow(expected)

Expected pattern: /^OpenAI response validation failed: captions.alternatives - Required/
Received message: &quot;OpenAI response validation failed: captions.alternatives: Required&quot;

      247 |         .map((e: any) =&gt; `${e.path?.join?.(&apos;.&apos;) || &apos;unknown&apos;}: ${e.message || &apos;Unknown error&apos;}`)
      248 |         .join(&apos; - &apos;);
    &gt; 249 |       throw new Error(`OpenAI response validation failed: ${errorDetails}`);
          |             ^
      250 |     }
      251 |     throw new Error(&apos;Failed to validate OpenAI response JSON due to an unknown Zod error.&apos;);
      252 |   }

      at OptimizedVideoGenerator.handleZodValidationError (src/app/workflows/video_optimization/OptimizedVideoGenerator.ts:249:13)
      at OptimizedVideoGenerator.generateOptimizedContent (src/app/workflows/video_optimization/OptimizedVideoGenerator.ts:228:16)
      at Object.&lt;anonymous&gt; (src/app/workflows/video_optimization/OptimizedVideoGenerator.spec.ts:212:7)
    at Object.toThrow (C:\Users\Cheem\OneDrive\Coding\clipsCommerce - Copy\node_modules\expect\build\index.js:218:22)
    at Object.&lt;anonymous&gt; (C:\Users\Cheem\OneDrive\Coding\clipsCommerce - Copy\src\app\workflows\video_optimization\OptimizedVideoGenerator.spec.ts:213:18)
    at Promise.then.completed (C:\Users\Cheem\OneDrive\Coding\clipsCommerce - Copy\node_modules\jest-circus\build\utils.js:298:28)
    at new Promise (&lt;anonymous&gt;)
    at callAsyncCircusFn (C:\Users\Cheem\OneDrive\Coding\clipsCommerce - Copy\node_modules\jest-circus\build\utils.js:231:10)
    at _callCircusTest (C:\Users\Cheem\OneDrive\Coding\clipsCommerce - Copy\node_modules\jest-circus\build\run.js:316:40)
    at processTicksAndRejections (node:internal/process/task_queues:105:5)
    at _runTest (C:\Users\Cheem\OneDrive\Coding\clipsCommerce - Copy\node_modules\jest-circus\build\run.js:252:3)
    at _runTestsForDescribeBlock (C:\Users\Cheem\OneDrive\Coding\clipsCommerce - Copy\node_modules\jest-circus\build\run.js:126:9)
    at _runTestsForDescribeBlock (C:\Users\Cheem\OneDrive\Coding\clipsCommerce - Copy\node_modules\jest-circus\build\run.js:121:9)
    at _runTestsForDescribeBlock (C:\Users\Cheem\OneDrive\Coding\clipsCommerce - Copy\node_modules\jest-circus\build\run.js:121:9)
    at run (C:\Users\Cheem\OneDrive\Coding\clipsCommerce - Copy\node_modules\jest-circus\build\run.js:71:3)
    at runAndTransformResultsToJestFormat (C:\Users\Cheem\OneDrive\Coding\clipsCommerce - Copy\node_modules\jest-circus\build\legacy-code-todo-rewrite\jestAdapterInit.js:122:21)
    at jestAdapter (C:\Users\Cheem\OneDrive\Coding\clipsCommerce - Copy\node_modules\jest-circus\build\legacy-code-todo-rewrite\jestAdapter.js:79:19)
    at runTestInternal (C:\Users\Cheem\OneDrive\Coding\clipsCommerce - Copy\node_modules\jest-runner\build\runTest.js:367:16)
    at runTest (C:\Users\Cheem\OneDrive\Coding\clipsCommerce - Copy\node_modules\jest-runner\build\runTest.js:444:34)
    at Object.worker (C:\Users\Cheem\OneDrive\Coding\clipsCommerce - Copy\node_modules\jest-runner\build\testWorker.js:106:12)</failure>
    </testcase>
    <testcase classname="OptimizedVideoGenerator generateOptimizedContent - OpenAI API Interaction should successfully generate content after a few transient API errors (e.g., 500)" name="OptimizedVideoGenerator generateOptimizedContent - OpenAI API Interaction should successfully generate content after a few transient API errors (e.g., 500)" time="0.001">
      <failure>TypeError: openai_1.APIError is not a constructor
    at Object.&lt;anonymous&gt; (C:\Users\Cheem\OneDrive\Coding\clipsCommerce - Copy\src\app\workflows\video_optimization\OptimizedVideoGenerator.spec.ts:217:30)
    at Promise.then.completed (C:\Users\Cheem\OneDrive\Coding\clipsCommerce - Copy\node_modules\jest-circus\build\utils.js:298:28)
    at new Promise (&lt;anonymous&gt;)
    at callAsyncCircusFn (C:\Users\Cheem\OneDrive\Coding\clipsCommerce - Copy\node_modules\jest-circus\build\utils.js:231:10)
    at _callCircusTest (C:\Users\Cheem\OneDrive\Coding\clipsCommerce - Copy\node_modules\jest-circus\build\run.js:316:40)
    at processTicksAndRejections (node:internal/process/task_queues:105:5)
    at _runTest (C:\Users\Cheem\OneDrive\Coding\clipsCommerce - Copy\node_modules\jest-circus\build\run.js:252:3)
    at _runTestsForDescribeBlock (C:\Users\Cheem\OneDrive\Coding\clipsCommerce - Copy\node_modules\jest-circus\build\run.js:126:9)
    at _runTestsForDescribeBlock (C:\Users\Cheem\OneDrive\Coding\clipsCommerce - Copy\node_modules\jest-circus\build\run.js:121:9)
    at _runTestsForDescribeBlock (C:\Users\Cheem\OneDrive\Coding\clipsCommerce - Copy\node_modules\jest-circus\build\run.js:121:9)
    at run (C:\Users\Cheem\OneDrive\Coding\clipsCommerce - Copy\node_modules\jest-circus\build\run.js:71:3)
    at runAndTransformResultsToJestFormat (C:\Users\Cheem\OneDrive\Coding\clipsCommerce - Copy\node_modules\jest-circus\build\legacy-code-todo-rewrite\jestAdapterInit.js:122:21)
    at jestAdapter (C:\Users\Cheem\OneDrive\Coding\clipsCommerce - Copy\node_modules\jest-circus\build\legacy-code-todo-rewrite\jestAdapter.js:79:19)
    at runTestInternal (C:\Users\Cheem\OneDrive\Coding\clipsCommerce - Copy\node_modules\jest-runner\build\runTest.js:367:16)
    at runTest (C:\Users\Cheem\OneDrive\Coding\clipsCommerce - Copy\node_modules\jest-runner\build\runTest.js:444:34)
    at Object.worker (C:\Users\Cheem\OneDrive\Coding\clipsCommerce - Copy\node_modules\jest-runner\build\testWorker.js:106:12)</failure>
    </testcase>
    <testcase classname="OptimizedVideoGenerator generateOptimizedContent - OpenAI API Interaction should throw an error after exhausting retries on persistent transient API errors" name="OptimizedVideoGenerator generateOptimizedContent - OpenAI API Interaction should throw an error after exhausting retries on persistent transient API errors" time="0.001">
      <failure>TypeError: openai_1.APIError is not a constructor
    at Object.&lt;anonymous&gt; (C:\Users\Cheem\OneDrive\Coding\clipsCommerce - Copy\src\app\workflows\video_optimization\OptimizedVideoGenerator.spec.ts:229:40)
    at Promise.then.completed (C:\Users\Cheem\OneDrive\Coding\clipsCommerce - Copy\node_modules\jest-circus\build\utils.js:298:28)
    at new Promise (&lt;anonymous&gt;)
    at callAsyncCircusFn (C:\Users\Cheem\OneDrive\Coding\clipsCommerce - Copy\node_modules\jest-circus\build\utils.js:231:10)
    at _callCircusTest (C:\Users\Cheem\OneDrive\Coding\clipsCommerce - Copy\node_modules\jest-circus\build\run.js:316:40)
    at processTicksAndRejections (node:internal/process/task_queues:105:5)
    at _runTest (C:\Users\Cheem\OneDrive\Coding\clipsCommerce - Copy\node_modules\jest-circus\build\run.js:252:3)
    at _runTestsForDescribeBlock (C:\Users\Cheem\OneDrive\Coding\clipsCommerce - Copy\node_modules\jest-circus\build\run.js:126:9)
    at _runTestsForDescribeBlock (C:\Users\Cheem\OneDrive\Coding\clipsCommerce - Copy\node_modules\jest-circus\build\run.js:121:9)
    at _runTestsForDescribeBlock (C:\Users\Cheem\OneDrive\Coding\clipsCommerce - Copy\node_modules\jest-circus\build\run.js:121:9)
    at run (C:\Users\Cheem\OneDrive\Coding\clipsCommerce - Copy\node_modules\jest-circus\build\run.js:71:3)
    at runAndTransformResultsToJestFormat (C:\Users\Cheem\OneDrive\Coding\clipsCommerce - Copy\node_modules\jest-circus\build\legacy-code-todo-rewrite\jestAdapterInit.js:122:21)
    at jestAdapter (C:\Users\Cheem\OneDrive\Coding\clipsCommerce - Copy\node_modules\jest-circus\build\legacy-code-todo-rewrite\jestAdapter.js:79:19)
    at runTestInternal (C:\Users\Cheem\OneDrive\Coding\clipsCommerce - Copy\node_modules\jest-runner\build\runTest.js:367:16)
    at runTest (C:\Users\Cheem\OneDrive\Coding\clipsCommerce - Copy\node_modules\jest-runner\build\runTest.js:444:34)
    at Object.worker (C:\Users\Cheem\OneDrive\Coding\clipsCommerce - Copy\node_modules\jest-runner\build\testWorker.js:106:12)</failure>
    </testcase>
    <testcase classname="OptimizedVideoGenerator generateOptimizedContent - OpenAI API Interaction should throw an error immediately for non-retryable API errors (e.g., 401)" name="OptimizedVideoGenerator generateOptimizedContent - OpenAI API Interaction should throw an error immediately for non-retryable API errors (e.g., 401)" time="0.001">
      <failure>TypeError: openai_1.APIError is not a constructor
    at Object.&lt;anonymous&gt; (C:\Users\Cheem\OneDrive\Coding\clipsCommerce - Copy\src\app\workflows\video_optimization\OptimizedVideoGenerator.spec.ts:238:33)
    at Promise.then.completed (C:\Users\Cheem\OneDrive\Coding\clipsCommerce - Copy\node_modules\jest-circus\build\utils.js:298:28)
    at new Promise (&lt;anonymous&gt;)
    at callAsyncCircusFn (C:\Users\Cheem\OneDrive\Coding\clipsCommerce - Copy\node_modules\jest-circus\build\utils.js:231:10)
    at _callCircusTest (C:\Users\Cheem\OneDrive\Coding\clipsCommerce - Copy\node_modules\jest-circus\build\run.js:316:40)
    at processTicksAndRejections (node:internal/process/task_queues:105:5)
    at _runTest (C:\Users\Cheem\OneDrive\Coding\clipsCommerce - Copy\node_modules\jest-circus\build\run.js:252:3)
    at _runTestsForDescribeBlock (C:\Users\Cheem\OneDrive\Coding\clipsCommerce - Copy\node_modules\jest-circus\build\run.js:126:9)
    at _runTestsForDescribeBlock (C:\Users\Cheem\OneDrive\Coding\clipsCommerce - Copy\node_modules\jest-circus\build\run.js:121:9)
    at _runTestsForDescribeBlock (C:\Users\Cheem\OneDrive\Coding\clipsCommerce - Copy\node_modules\jest-circus\build\run.js:121:9)
    at run (C:\Users\Cheem\OneDrive\Coding\clipsCommerce - Copy\node_modules\jest-circus\build\run.js:71:3)
    at runAndTransformResultsToJestFormat (C:\Users\Cheem\OneDrive\Coding\clipsCommerce - Copy\node_modules\jest-circus\build\legacy-code-todo-rewrite\jestAdapterInit.js:122:21)
    at jestAdapter (C:\Users\Cheem\OneDrive\Coding\clipsCommerce - Copy\node_modules\jest-circus\build\legacy-code-todo-rewrite\jestAdapter.js:79:19)
    at runTestInternal (C:\Users\Cheem\OneDrive\Coding\clipsCommerce - Copy\node_modules\jest-runner\build\runTest.js:367:16)
    at runTest (C:\Users\Cheem\OneDrive\Coding\clipsCommerce - Copy\node_modules\jest-runner\build\runTest.js:444:34)
    at Object.worker (C:\Users\Cheem\OneDrive\Coding\clipsCommerce - Copy\node_modules\jest-runner\build\testWorker.js:106:12)</failure>
    </testcase>
    <testcase classname="OptimizedVideoGenerator Input Validation should throw an error if analysisData is null" name="OptimizedVideoGenerator Input Validation should throw an error if analysisData is null" time="0.001">
    </testcase>
    <testcase classname="OptimizedVideoGenerator Input Validation should throw an error if userPreferences is null" name="OptimizedVideoGenerator Input Validation should throw an error if userPreferences is null" time="0.001">
    </testcase>
    <testcase classname="OptimizedVideoGenerator Input Validation should throw an error if userPreferences.userId is null" name="OptimizedVideoGenerator Input Validation should throw an error if userPreferences.userId is null" time="0.002">
    </testcase>
    <testcase classname="OptimizedVideoGenerator Input Validation should throw an error if userPreferences.userId is undefined" name="OptimizedVideoGenerator Input Validation should throw an error if userPreferences.userId is undefined" time="0.008">
    </testcase>
    <testcase classname="OptimizedVideoGenerator Input Validation should throw an error if userPreferences.userId is an empty string" name="OptimizedVideoGenerator Input Validation should throw an error if userPreferences.userId is an empty string" time="0.002">
    </testcase>
    <testcase classname="OptimizedVideoGenerator generateOptimizedContent - Caching should cache a successful response and return it on subsequent identical calls" name="OptimizedVideoGenerator generateOptimizedContent - Caching should cache a successful response and return it on subsequent identical calls" time="0.002">
    </testcase>
    <testcase classname="OptimizedVideoGenerator generateOptimizedContent - Caching should not use cache for different parameters" name="OptimizedVideoGenerator generateOptimizedContent - Caching should not use cache for different parameters" time="0.001">
    </testcase>
    <testcase classname="OptimizedVideoGenerator generateOptimizedContent - Caching should invalidate and fetch new data if cache expires" name="OptimizedVideoGenerator generateOptimizedContent - Caching should invalidate and fetch new data if cache expires" time="0.003">
    </testcase>
    <testcase classname="OptimizedVideoGenerator generateOptimizedContent - Rate Limiting should allow up to MAX_REQUESTS_PER_MINUTE requests within the window" name="OptimizedVideoGenerator generateOptimizedContent - Rate Limiting should allow up to MAX_REQUESTS_PER_MINUTE requests within the window" time="0.003">
    </testcase>
    <testcase classname="OptimizedVideoGenerator generateOptimizedContent - Rate Limiting should throw error when rate limit is exceeded (21st request)" name="OptimizedVideoGenerator generateOptimizedContent - Rate Limiting should throw error when rate limit is exceeded (21st request)" time="0.003">
    </testcase>
    <testcase classname="OptimizedVideoGenerator generateOptimizedContent - Rate Limiting should reset rate limit after the window expires" name="OptimizedVideoGenerator generateOptimizedContent - Rate Limiting should reset rate limit after the window expires" time="0.003">
    </testcase>
    <testcase classname="OptimizedVideoGenerator generateOptimizedContent - Rate Limiting should apply rate limits independently for different users" name="OptimizedVideoGenerator generateOptimizedContent - Rate Limiting should apply rate limits independently for different users" time="0.003">
    </testcase>
  </testsuite>
  <testsuite name="AIImprovementService" errors="0" failures="1" skipped="0" timestamp="2025-06-16T07:34:19" time="0.476" tests="21">
    <testcase classname="AIImprovementService Content Optimization should provide content optimization suggestions" name="AIImprovementService Content Optimization should provide content optimization suggestions" time="0.017">
    </testcase>
    <testcase classname="AIImprovementService Content Optimization should analyze sentiment correctly" name="AIImprovementService Content Optimization should analyze sentiment correctly" time="0.004">
    </testcase>
    <testcase classname="AIImprovementService Content Optimization should analyze tone correctly" name="AIImprovementService Content Optimization should analyze tone correctly" time="0.003">
    </testcase>
    <testcase classname="AIImprovementService Engagement Prediction should predict engagement for a post" name="AIImprovementService Engagement Prediction should predict engagement for a post" time="0.01">
    </testcase>
    <testcase classname="AIImprovementService Engagement Prediction should provide higher scores for optimal timing" name="AIImprovementService Engagement Prediction should provide higher scores for optimal timing" time="0.003">
      <failure>Error: expect(received).toBeGreaterThan(expected)

Expected: &gt; 50
Received:   20
    at Object.&lt;anonymous&gt; (C:\Users\Cheem\OneDrive\Coding\clipsCommerce - Copy\src\app\workflows\AI_improvement\__tests__\AIImprovementService.test.ts:124:49)
    at processTicksAndRejections (node:internal/process/task_queues:105:5)</failure>
    </testcase>
    <testcase classname="AIImprovementService A/B Testing should create A/B test experiments" name="AIImprovementService A/B Testing should create A/B test experiments" time="0.007">
    </testcase>
    <testcase classname="AIImprovementService A/B Testing should generate appropriate variants for different variation types" name="AIImprovementService A/B Testing should generate appropriate variants for different variation types" time="0.002">
    </testcase>
    <testcase classname="AIImprovementService Performance Insights should provide comprehensive performance insights" name="AIImprovementService Performance Insights should provide comprehensive performance insights" time="0.005">
    </testcase>
    <testcase classname="AIImprovementService Performance Insights should identify top performing platform correctly" name="AIImprovementService Performance Insights should identify top performing platform correctly" time="0.002">
    </testcase>
    <testcase classname="AIImprovementService Post Performance Recording should record post performance correctly" name="AIImprovementService Post Performance Recording should record post performance correctly" time="0.002">
    </testcase>
    <testcase classname="AIImprovementService Workflow Improvements should provide workflow improvement suggestions" name="AIImprovementService Workflow Improvements should provide workflow improvement suggestions" time="0.002">
    </testcase>
    <testcase classname="AIImprovementService Feedback System should handle positive feedback correctly" name="AIImprovementService Feedback System should handle positive feedback correctly" time="0.005">
    </testcase>
    <testcase classname="AIImprovementService Feedback System should handle negative feedback correctly" name="AIImprovementService Feedback System should handle negative feedback correctly" time="0.003">
    </testcase>
    <testcase classname="AIImprovementService Feedback System should handle neutral feedback correctly" name="AIImprovementService Feedback System should handle neutral feedback correctly" time="0.002">
    </testcase>
    <testcase classname="AIImprovementService Error Handling should handle missing experiment gracefully" name="AIImprovementService Error Handling should handle missing experiment gracefully" time="0.002">
    </testcase>
    <testcase classname="AIImprovementService Error Handling should handle empty content gracefully" name="AIImprovementService Error Handling should handle empty content gracefully" time="0.002">
    </testcase>
    <testcase classname="AIImprovementService Integration Points should initialize service correctly" name="AIImprovementService Integration Points should initialize service correctly" time="0.002">
    </testcase>
    <testcase classname="AIImprovementService Integration Points should auto-initialize when calling methods" name="AIImprovementService Integration Points should auto-initialize when calling methods" time="0.011">
    </testcase>
    <testcase classname="A/B Testing Functions should create experiments with proper validation" name="A/B Testing Functions should create experiments with proper validation" time="0.002">
    </testcase>
    <testcase classname="NLP Functions should analyze sentiment with emotion detection" name="NLP Functions should analyze sentiment with emotion detection" time="0.001">
    </testcase>
    <testcase classname="NLP Functions should generate caption variations" name="NLP Functions should generate caption variations" time="0.004">
    </testcase>
  </testsuite>
  <testsuite name="DataCollectionOptimizationAgent" errors="0" failures="6" skipped="0" timestamp="2025-06-16T07:34:20" time="0.485" tests="15">
    <testcase classname="DataCollectionOptimizationAgent should initialize with sample counts for all platforms" name="DataCollectionOptimizationAgent should initialize with sample counts for all platforms" time="0.009">
      <failure>Error: expect(received).toBe(expected) // Object.is equality

Expected: 3
Received: 6
    at Object.&lt;anonymous&gt; (C:\Users\Cheem\OneDrive\Coding\clipsCommerce - Copy\src\app\workflows\AI_improvement\__tests__\DataCollectionOptimizationAgent.test.ts:36:32)
    at Promise.then.completed (C:\Users\Cheem\OneDrive\Coding\clipsCommerce - Copy\node_modules\jest-circus\build\utils.js:298:28)
    at new Promise (&lt;anonymous&gt;)
    at callAsyncCircusFn (C:\Users\Cheem\OneDrive\Coding\clipsCommerce - Copy\node_modules\jest-circus\build\utils.js:231:10)
    at _callCircusTest (C:\Users\Cheem\OneDrive\Coding\clipsCommerce - Copy\node_modules\jest-circus\build\run.js:316:40)
    at processTicksAndRejections (node:internal/process/task_queues:105:5)
    at _runTest (C:\Users\Cheem\OneDrive\Coding\clipsCommerce - Copy\node_modules\jest-circus\build\run.js:252:3)
    at _runTestsForDescribeBlock (C:\Users\Cheem\OneDrive\Coding\clipsCommerce - Copy\node_modules\jest-circus\build\run.js:126:9)
    at _runTestsForDescribeBlock (C:\Users\Cheem\OneDrive\Coding\clipsCommerce - Copy\node_modules\jest-circus\build\run.js:121:9)
    at run (C:\Users\Cheem\OneDrive\Coding\clipsCommerce - Copy\node_modules\jest-circus\build\run.js:71:3)
    at runAndTransformResultsToJestFormat (C:\Users\Cheem\OneDrive\Coding\clipsCommerce - Copy\node_modules\jest-circus\build\legacy-code-todo-rewrite\jestAdapterInit.js:122:21)
    at jestAdapter (C:\Users\Cheem\OneDrive\Coding\clipsCommerce - Copy\node_modules\jest-circus\build\legacy-code-todo-rewrite\jestAdapter.js:79:19)
    at runTestInternal (C:\Users\Cheem\OneDrive\Coding\clipsCommerce - Copy\node_modules\jest-runner\build\runTest.js:367:16)
    at runTest (C:\Users\Cheem\OneDrive\Coding\clipsCommerce - Copy\node_modules\jest-runner\build\runTest.js:444:34)
    at Object.worker (C:\Users\Cheem\OneDrive\Coding\clipsCommerce - Copy\node_modules\jest-runner\build\testWorker.js:106:12)</failure>
    </testcase>
    <testcase classname="DataCollectionOptimizationAgent should add a new niche and initialize its counts to 0 for all platforms" name="DataCollectionOptimizationAgent should add a new niche and initialize its counts to 0 for all platforms" time="0.004">
    </testcase>
    <testcase classname="DataCollectionOptimizationAgent should warn and not add a duplicate niche" name="DataCollectionOptimizationAgent should warn and not add a duplicate niche" time="0.002">
    </testcase>
    <testcase classname="DataCollectionOptimizationAgent should increment sample count for a niche on a specific platform using incrementSampleCount method" name="DataCollectionOptimizationAgent should increment sample count for a niche on a specific platform using incrementSampleCount method" time="0.003">
      <failure>Error: expect(received).toBe(expected) // Object.is equality

Expected: 10
Received: 0
    at Object.&lt;anonymous&gt; (C:\Users\Cheem\OneDrive\Coding\clipsCommerce - Copy\src\app\workflows\AI_improvement\__tests__\DataCollectionOptimizationAgent.test.ts:73:65)
    at Promise.then.completed (C:\Users\Cheem\OneDrive\Coding\clipsCommerce - Copy\node_modules\jest-circus\build\utils.js:298:28)
    at new Promise (&lt;anonymous&gt;)
    at callAsyncCircusFn (C:\Users\Cheem\OneDrive\Coding\clipsCommerce - Copy\node_modules\jest-circus\build\utils.js:231:10)
    at _callCircusTest (C:\Users\Cheem\OneDrive\Coding\clipsCommerce - Copy\node_modules\jest-circus\build\run.js:316:40)
    at processTicksAndRejections (node:internal/process/task_queues:105:5)
    at _runTest (C:\Users\Cheem\OneDrive\Coding\clipsCommerce - Copy\node_modules\jest-circus\build\run.js:252:3)
    at _runTestsForDescribeBlock (C:\Users\Cheem\OneDrive\Coding\clipsCommerce - Copy\node_modules\jest-circus\build\run.js:126:9)
    at _runTestsForDescribeBlock (C:\Users\Cheem\OneDrive\Coding\clipsCommerce - Copy\node_modules\jest-circus\build\run.js:121:9)
    at run (C:\Users\Cheem\OneDrive\Coding\clipsCommerce - Copy\node_modules\jest-circus\build\run.js:71:3)
    at runAndTransformResultsToJestFormat (C:\Users\Cheem\OneDrive\Coding\clipsCommerce - Copy\node_modules\jest-circus\build\legacy-code-todo-rewrite\jestAdapterInit.js:122:21)
    at jestAdapter (C:\Users\Cheem\OneDrive\Coding\clipsCommerce - Copy\node_modules\jest-circus\build\legacy-code-todo-rewrite\jestAdapter.js:79:19)
    at runTestInternal (C:\Users\Cheem\OneDrive\Coding\clipsCommerce - Copy\node_modules\jest-runner\build\runTest.js:367:16)
    at runTest (C:\Users\Cheem\OneDrive\Coding\clipsCommerce - Copy\node_modules\jest-runner\build\runTest.js:444:34)
    at Object.worker (C:\Users\Cheem\OneDrive\Coding\clipsCommerce - Copy\node_modules\jest-runner\build\testWorker.js:106:12)</failure>
    </testcase>
    <testcase classname="DataCollectionOptimizationAgent should not increment count for a non-existent niche and log an error via incrementSampleCount" name="DataCollectionOptimizationAgent should not increment count for a non-existent niche and log an error via incrementSampleCount" time="0.002">
    </testcase>
    <testcase classname="DataCollectionOptimizationAgent getOverallSampleCounts should return all niche counts across platforms" name="DataCollectionOptimizationAgent getOverallSampleCounts should return all niche counts across platforms" time="0.008">
      <failure>Error: expect(received).toEqual(expected) // deep equality

Expected: ArrayContaining [{&quot;count&quot;: 100, &quot;nicheId&quot;: &quot;test-niche-data-quality&quot;, &quot;nicheName&quot;: &quot;Data Quality Test Niche&quot;, &quot;platform&quot;: undefined}, {&quot;count&quot;: 50, &quot;nicheId&quot;: &quot;test-niche-data-quality&quot;, &quot;nicheName&quot;: &quot;Data Quality Test Niche&quot;, &quot;platform&quot;: undefined}, {&quot;count&quot;: 75, &quot;nicheId&quot;: &quot;nX&quot;, &quot;nicheName&quot;: &quot;Niche X&quot;, &quot;platform&quot;: undefined}, {&quot;count&quot;: 0, &quot;nicheId&quot;: &quot;nX&quot;, &quot;nicheName&quot;: &quot;Niche X&quot;, &quot;platform&quot;: undefined}]
Received: [{&quot;count&quot;: 0, &quot;nicheId&quot;: &quot;test-niche-data-quality&quot;, &quot;nicheName&quot;: &quot;Data Quality Test Niche&quot;, &quot;platform&quot;: &quot;tiktok&quot;}, {&quot;count&quot;: 0, &quot;nicheId&quot;: &quot;nX&quot;, &quot;nicheName&quot;: &quot;Niche X&quot;, &quot;platform&quot;: &quot;tiktok&quot;}, {&quot;count&quot;: 0, &quot;nicheId&quot;: &quot;test-niche-data-quality&quot;, &quot;nicheName&quot;: &quot;Data Quality Test Niche&quot;, &quot;platform&quot;: &quot;instagram&quot;}, {&quot;count&quot;: 0, &quot;nicheId&quot;: &quot;nX&quot;, &quot;nicheName&quot;: &quot;Niche X&quot;, &quot;platform&quot;: &quot;instagram&quot;}, {&quot;count&quot;: 0, &quot;nicheId&quot;: &quot;test-niche-data-quality&quot;, &quot;nicheName&quot;: &quot;Data Quality Test Niche&quot;, &quot;platform&quot;: &quot;youtube&quot;}, {&quot;count&quot;: 0, &quot;nicheId&quot;: &quot;nX&quot;, &quot;nicheName&quot;: &quot;Niche X&quot;, &quot;platform&quot;: &quot;youtube&quot;}, {&quot;count&quot;: 0, &quot;nicheId&quot;: &quot;test-niche-data-quality&quot;, &quot;nicheName&quot;: &quot;Data Quality Test Niche&quot;, &quot;platform&quot;: &quot;facebook&quot;}, {&quot;count&quot;: 0, &quot;nicheId&quot;: &quot;nX&quot;, &quot;nicheName&quot;: &quot;Niche X&quot;, &quot;platform&quot;: &quot;facebook&quot;}, {&quot;count&quot;: 0, &quot;nicheId&quot;: &quot;test-niche-data-quality&quot;, &quot;nicheName&quot;: &quot;Data Quality Test Niche&quot;, &quot;platform&quot;: &quot;twitter&quot;}, {&quot;count&quot;: 0, &quot;nicheId&quot;: &quot;nX&quot;, &quot;nicheName&quot;: &quot;Niche X&quot;, &quot;platform&quot;: &quot;twitter&quot;}, …]
    at Object.&lt;anonymous&gt; (C:\Users\Cheem\OneDrive\Coding\clipsCommerce - Copy\src\app\workflows\AI_improvement\__tests__\DataCollectionOptimizationAgent.test.ts:98:27)
    at Promise.then.completed (C:\Users\Cheem\OneDrive\Coding\clipsCommerce - Copy\node_modules\jest-circus\build\utils.js:298:28)
    at new Promise (&lt;anonymous&gt;)
    at callAsyncCircusFn (C:\Users\Cheem\OneDrive\Coding\clipsCommerce - Copy\node_modules\jest-circus\build\utils.js:231:10)
    at _callCircusTest (C:\Users\Cheem\OneDrive\Coding\clipsCommerce - Copy\node_modules\jest-circus\build\run.js:316:40)
    at processTicksAndRejections (node:internal/process/task_queues:105:5)
    at _runTest (C:\Users\Cheem\OneDrive\Coding\clipsCommerce - Copy\node_modules\jest-circus\build\run.js:252:3)
    at _runTestsForDescribeBlock (C:\Users\Cheem\OneDrive\Coding\clipsCommerce - Copy\node_modules\jest-circus\build\run.js:126:9)
    at _runTestsForDescribeBlock (C:\Users\Cheem\OneDrive\Coding\clipsCommerce - Copy\node_modules\jest-circus\build\run.js:121:9)
    at run (C:\Users\Cheem\OneDrive\Coding\clipsCommerce - Copy\node_modules\jest-circus\build\run.js:71:3)
    at runAndTransformResultsToJestFormat (C:\Users\Cheem\OneDrive\Coding\clipsCommerce - Copy\node_modules\jest-circus\build\legacy-code-todo-rewrite\jestAdapterInit.js:122:21)
    at jestAdapter (C:\Users\Cheem\OneDrive\Coding\clipsCommerce - Copy\node_modules\jest-circus\build\legacy-code-todo-rewrite\jestAdapter.js:79:19)
    at runTestInternal (C:\Users\Cheem\OneDrive\Coding\clipsCommerce - Copy\node_modules\jest-runner\build\runTest.js:367:16)
    at runTest (C:\Users\Cheem\OneDrive\Coding\clipsCommerce - Copy\node_modules\jest-runner\build\runTest.js:444:34)
    at Object.worker (C:\Users\Cheem\OneDrive\Coding\clipsCommerce - Copy\node_modules\jest-runner\build\testWorker.js:106:12)</failure>
    </testcase>
    <testcase classname="DataCollectionOptimizationAgent addSample - Data Quality Checks should add a high-quality sample successfully" name="DataCollectionOptimizationAgent addSample - Data Quality Checks should add a high-quality sample successfully" time="0.003">
      <failure>Error: expect(received).toBe(expected) // Object.is equality

Expected: 1
Received: 0
    at Object.&lt;anonymous&gt; (C:\Users\Cheem\OneDrive\Coding\clipsCommerce - Copy\src\app\workflows\AI_improvement\__tests__\DataCollectionOptimizationAgent.test.ts:142:67)
    at Promise.then.completed (C:\Users\Cheem\OneDrive\Coding\clipsCommerce - Copy\node_modules\jest-circus\build\utils.js:298:28)
    at new Promise (&lt;anonymous&gt;)
    at callAsyncCircusFn (C:\Users\Cheem\OneDrive\Coding\clipsCommerce - Copy\node_modules\jest-circus\build\utils.js:231:10)
    at _callCircusTest (C:\Users\Cheem\OneDrive\Coding\clipsCommerce - Copy\node_modules\jest-circus\build\run.js:316:40)
    at processTicksAndRejections (node:internal/process/task_queues:105:5)
    at _runTest (C:\Users\Cheem\OneDrive\Coding\clipsCommerce - Copy\node_modules\jest-circus\build\run.js:252:3)
    at _runTestsForDescribeBlock (C:\Users\Cheem\OneDrive\Coding\clipsCommerce - Copy\node_modules\jest-circus\build\run.js:126:9)
    at _runTestsForDescribeBlock (C:\Users\Cheem\OneDrive\Coding\clipsCommerce - Copy\node_modules\jest-circus\build\run.js:121:9)
    at _runTestsForDescribeBlock (C:\Users\Cheem\OneDrive\Coding\clipsCommerce - Copy\node_modules\jest-circus\build\run.js:121:9)
    at run (C:\Users\Cheem\OneDrive\Coding\clipsCommerce - Copy\node_modules\jest-circus\build\run.js:71:3)
    at runAndTransformResultsToJestFormat (C:\Users\Cheem\OneDrive\Coding\clipsCommerce - Copy\node_modules\jest-circus\build\legacy-code-todo-rewrite\jestAdapterInit.js:122:21)
    at jestAdapter (C:\Users\Cheem\OneDrive\Coding\clipsCommerce - Copy\node_modules\jest-circus\build\legacy-code-todo-rewrite\jestAdapter.js:79:19)
    at runTestInternal (C:\Users\Cheem\OneDrive\Coding\clipsCommerce - Copy\node_modules\jest-runner\build\runTest.js:367:16)
    at runTest (C:\Users\Cheem\OneDrive\Coding\clipsCommerce - Copy\node_modules\jest-runner\build\runTest.js:444:34)
    at Object.worker (C:\Users\Cheem\OneDrive\Coding\clipsCommerce - Copy\node_modules\jest-runner\build\testWorker.js:106:12)</failure>
    </testcase>
    <testcase classname="DataCollectionOptimizationAgent addSample - Data Quality Checks should reject a sample with missing critical metadata (low completeness)" name="DataCollectionOptimizationAgent addSample - Data Quality Checks should reject a sample with missing critical metadata (low completeness)" time="0.002">
    </testcase>
    <testcase classname="DataCollectionOptimizationAgent addSample - Data Quality Checks should reject an old sample (low recency) even if other metadata is complete" name="DataCollectionOptimizationAgent addSample - Data Quality Checks should reject an old sample (low recency) even if other metadata is complete" time="0.01">
    </testcase>
    <testcase classname="DataCollectionOptimizationAgent addSample - Data Quality Checks metadataCompletenessScore should be calculated correctly based on critical fields" name="DataCollectionOptimizationAgent addSample - Data Quality Checks metadataCompletenessScore should be calculated correctly based on critical fields" time="0.003">
    </testcase>
    <testcase classname="DataCollectionOptimizationAgent addSample - Data Quality Checks isRecent flag should be set correctly" name="DataCollectionOptimizationAgent addSample - Data Quality Checks isRecent flag should be set correctly" time="0.003">
      <failure>Error: expect(received).toBe(expected) // Object.is equality

Expected: false
Received: undefined
    at Object.&lt;anonymous&gt; (C:\Users\Cheem\OneDrive\Coding\clipsCommerce - Copy\src\app\workflows\AI_improvement\__tests__\DataCollectionOptimizationAgent.test.ts:237:32)
    at Promise.then.completed (C:\Users\Cheem\OneDrive\Coding\clipsCommerce - Copy\node_modules\jest-circus\build\utils.js:298:28)
    at new Promise (&lt;anonymous&gt;)
    at callAsyncCircusFn (C:\Users\Cheem\OneDrive\Coding\clipsCommerce - Copy\node_modules\jest-circus\build\utils.js:231:10)
    at _callCircusTest (C:\Users\Cheem\OneDrive\Coding\clipsCommerce - Copy\node_modules\jest-circus\build\run.js:316:40)
    at processTicksAndRejections (node:internal/process/task_queues:105:5)
    at _runTest (C:\Users\Cheem\OneDrive\Coding\clipsCommerce - Copy\node_modules\jest-circus\build\run.js:252:3)
    at _runTestsForDescribeBlock (C:\Users\Cheem\OneDrive\Coding\clipsCommerce - Copy\node_modules\jest-circus\build\run.js:126:9)
    at _runTestsForDescribeBlock (C:\Users\Cheem\OneDrive\Coding\clipsCommerce - Copy\node_modules\jest-circus\build\run.js:121:9)
    at _runTestsForDescribeBlock (C:\Users\Cheem\OneDrive\Coding\clipsCommerce - Copy\node_modules\jest-circus\build\run.js:121:9)
    at run (C:\Users\Cheem\OneDrive\Coding\clipsCommerce - Copy\node_modules\jest-circus\build\run.js:71:3)
    at runAndTransformResultsToJestFormat (C:\Users\Cheem\OneDrive\Coding\clipsCommerce - Copy\node_modules\jest-circus\build\legacy-code-todo-rewrite\jestAdapterInit.js:122:21)
    at jestAdapter (C:\Users\Cheem\OneDrive\Coding\clipsCommerce - Copy\node_modules\jest-circus\build\legacy-code-todo-rewrite\jestAdapter.js:79:19)
    at runTestInternal (C:\Users\Cheem\OneDrive\Coding\clipsCommerce - Copy\node_modules\jest-runner\build\runTest.js:367:16)
    at runTest (C:\Users\Cheem\OneDrive\Coding\clipsCommerce - Copy\node_modules\jest-runner\build\runTest.js:444:34)
    at Object.worker (C:\Users\Cheem\OneDrive\Coding\clipsCommerce - Copy\node_modules\jest-runner\build\testWorker.js:106:12)</failure>
    </testcase>
    <testcase classname="DataCollectionOptimizationAgent addSample - Data Quality Checks overallQualityScore should reflect component scores and weights" name="DataCollectionOptimizationAgent addSample - Data Quality Checks overallQualityScore should reflect component scores and weights" time="0.007">
    </testcase>
    <testcase classname="DataCollectionOptimizationAgent addSample - Data Quality Checks getAverageQualityScore should calculate correctly after adding multiple samples" name="DataCollectionOptimizationAgent addSample - Data Quality Checks getAverageQualityScore should calculate correctly after adding multiple samples" time="0.003">
      <failure>Error: expect(received).toBeCloseTo(expected)

Expected: 100
Received: 0

Expected precision:    2
Expected difference: &lt; 0.005
Received difference:   100
    at Object.&lt;anonymous&gt; (C:\Users\Cheem\OneDrive\Coding\clipsCommerce - Copy\src\app\workflows\AI_improvement\__tests__\DataCollectionOptimizationAgent.test.ts:283:75)
    at Promise.then.completed (C:\Users\Cheem\OneDrive\Coding\clipsCommerce - Copy\node_modules\jest-circus\build\utils.js:298:28)
    at new Promise (&lt;anonymous&gt;)
    at callAsyncCircusFn (C:\Users\Cheem\OneDrive\Coding\clipsCommerce - Copy\node_modules\jest-circus\build\utils.js:231:10)
    at _callCircusTest (C:\Users\Cheem\OneDrive\Coding\clipsCommerce - Copy\node_modules\jest-circus\build\run.js:316:40)
    at processTicksAndRejections (node:internal/process/task_queues:105:5)
    at _runTest (C:\Users\Cheem\OneDrive\Coding\clipsCommerce - Copy\node_modules\jest-circus\build\run.js:252:3)
    at _runTestsForDescribeBlock (C:\Users\Cheem\OneDrive\Coding\clipsCommerce - Copy\node_modules\jest-circus\build\run.js:126:9)
    at _runTestsForDescribeBlock (C:\Users\Cheem\OneDrive\Coding\clipsCommerce - Copy\node_modules\jest-circus\build\run.js:121:9)
    at _runTestsForDescribeBlock (C:\Users\Cheem\OneDrive\Coding\clipsCommerce - Copy\node_modules\jest-circus\build\run.js:121:9)
    at run (C:\Users\Cheem\OneDrive\Coding\clipsCommerce - Copy\node_modules\jest-circus\build\run.js:71:3)
    at runAndTransformResultsToJestFormat (C:\Users\Cheem\OneDrive\Coding\clipsCommerce - Copy\node_modules\jest-circus\build\legacy-code-todo-rewrite\jestAdapterInit.js:122:21)
    at jestAdapter (C:\Users\Cheem\OneDrive\Coding\clipsCommerce - Copy\node_modules\jest-circus\build\legacy-code-todo-rewrite\jestAdapter.js:79:19)
    at runTestInternal (C:\Users\Cheem\OneDrive\Coding\clipsCommerce - Copy\node_modules\jest-runner\build\runTest.js:367:16)
    at runTest (C:\Users\Cheem\OneDrive\Coding\clipsCommerce - Copy\node_modules\jest-runner\build\runTest.js:444:34)
    at Object.worker (C:\Users\Cheem\OneDrive\Coding\clipsCommerce - Copy\node_modules\jest-runner\build\testWorker.js:106:12)</failure>
    </testcase>
    <testcase classname="DataCollectionOptimizationAgent addSample - Data Quality Checks addSample should return null and log error for non-existent niche" name="DataCollectionOptimizationAgent addSample - Data Quality Checks addSample should return null and log error for non-existent niche" time="0.003">
    </testcase>
    <testcase classname="DataCollectionOptimizationAgent addSample - Data Quality Checks getAverageQualityScore should return 0 if no samples or niche does not exist" name="DataCollectionOptimizationAgent addSample - Data Quality Checks getAverageQualityScore should return 0 if no samples or niche does not exist" time="0.002">
    </testcase>
  </testsuite>
  <testsuite name="MasterOrchestratorAgent" errors="0" failures="16" skipped="0" timestamp="2025-06-16T07:34:19" time="1.732" tests="26">
    <testcase classname="MasterOrchestratorAgent initialization should initialize with default system metrics" name="MasterOrchestratorAgent initialization should initialize with default system metrics" time="0.014">
    </testcase>
    <testcase classname="MasterOrchestratorAgent initialization should initialize all required agents" name="MasterOrchestratorAgent initialization should initialize all required agents" time="0.01">
    </testcase>
    <testcase classname="MasterOrchestratorAgent initialization should initialize with baseline system metrics" name="MasterOrchestratorAgent initialization should initialize with baseline system metrics" time="0.01">
    </testcase>
    <testcase classname="MasterOrchestratorAgent lifecycle management should start successfully" name="MasterOrchestratorAgent lifecycle management should start successfully" time="0.032">
    </testcase>
    <testcase classname="MasterOrchestratorAgent lifecycle management should stop successfully" name="MasterOrchestratorAgent lifecycle management should stop successfully" time="0.034">
    </testcase>
    <testcase classname="MasterOrchestratorAgent lifecycle management should handle multiple start calls gracefully" name="MasterOrchestratorAgent lifecycle management should handle multiple start calls gracefully" time="0.029">
    </testcase>
    <testcase classname="MasterOrchestratorAgent lifecycle management should handle stop when not running" name="MasterOrchestratorAgent lifecycle management should handle stop when not running" time="0.023">
    </testcase>
    <testcase classname="MasterOrchestratorAgent lifecycle management should handle start failure gracefully" name="MasterOrchestratorAgent lifecycle management should handle start failure gracefully" time="0.035">
    </testcase>
    <testcase classname="MasterOrchestratorAgent optimization objectives should set initial optimization objectives" name="MasterOrchestratorAgent optimization objectives should set initial optimization objectives" time="0.009">
      <failure>Error: Initialization failed
    at Object.&lt;anonymous&gt; (C:\Users\Cheem\OneDrive\Coding\clipsCommerce - Copy\src\app\workflows\AI_improvement\services\__tests__\MasterOrchestratorAgent.test.ts:99:72)
    at Promise.then.completed (C:\Users\Cheem\OneDrive\Coding\clipsCommerce - Copy\node_modules\jest-circus\build\utils.js:298:28)
    at new Promise (&lt;anonymous&gt;)
    at callAsyncCircusFn (C:\Users\Cheem\OneDrive\Coding\clipsCommerce - Copy\node_modules\jest-circus\build\utils.js:231:10)
    at _callCircusTest (C:\Users\Cheem\OneDrive\Coding\clipsCommerce - Copy\node_modules\jest-circus\build\run.js:316:40)
    at processTicksAndRejections (node:internal/process/task_queues:105:5)
    at _runTest (C:\Users\Cheem\OneDrive\Coding\clipsCommerce - Copy\node_modules\jest-circus\build\run.js:252:3)
    at _runTestsForDescribeBlock (C:\Users\Cheem\OneDrive\Coding\clipsCommerce - Copy\node_modules\jest-circus\build\run.js:126:9)
    at _runTestsForDescribeBlock (C:\Users\Cheem\OneDrive\Coding\clipsCommerce - Copy\node_modules\jest-circus\build\run.js:121:9)
    at _runTestsForDescribeBlock (C:\Users\Cheem\OneDrive\Coding\clipsCommerce - Copy\node_modules\jest-circus\build\run.js:121:9)
    at run (C:\Users\Cheem\OneDrive\Coding\clipsCommerce - Copy\node_modules\jest-circus\build\run.js:71:3)
    at runAndTransformResultsToJestFormat (C:\Users\Cheem\OneDrive\Coding\clipsCommerce - Copy\node_modules\jest-circus\build\legacy-code-todo-rewrite\jestAdapterInit.js:122:21)
    at jestAdapter (C:\Users\Cheem\OneDrive\Coding\clipsCommerce - Copy\node_modules\jest-circus\build\legacy-code-todo-rewrite\jestAdapter.js:79:19)
    at runTestInternal (C:\Users\Cheem\OneDrive\Coding\clipsCommerce - Copy\node_modules\jest-runner\build\runTest.js:367:16)
    at runTest (C:\Users\Cheem\OneDrive\Coding\clipsCommerce - Copy\node_modules\jest-runner\build\runTest.js:444:34)
    at Object.worker (C:\Users\Cheem\OneDrive\Coding\clipsCommerce - Copy\node_modules\jest-runner\build\testWorker.js:106:12)</failure>
    </testcase>
    <testcase classname="MasterOrchestratorAgent optimization objectives should update optimization objectives" name="MasterOrchestratorAgent optimization objectives should update optimization objectives" time="0.008">
      <failure>Error: Initialization failed
    at Object.&lt;anonymous&gt; (C:\Users\Cheem\OneDrive\Coding\clipsCommerce - Copy\src\app\workflows\AI_improvement\services\__tests__\MasterOrchestratorAgent.test.ts:99:72)
    at Promise.then.completed (C:\Users\Cheem\OneDrive\Coding\clipsCommerce - Copy\node_modules\jest-circus\build\utils.js:298:28)
    at new Promise (&lt;anonymous&gt;)
    at callAsyncCircusFn (C:\Users\Cheem\OneDrive\Coding\clipsCommerce - Copy\node_modules\jest-circus\build\utils.js:231:10)
    at _callCircusTest (C:\Users\Cheem\OneDrive\Coding\clipsCommerce - Copy\node_modules\jest-circus\build\run.js:316:40)
    at processTicksAndRejections (node:internal/process/task_queues:105:5)
    at _runTest (C:\Users\Cheem\OneDrive\Coding\clipsCommerce - Copy\node_modules\jest-circus\build\run.js:252:3)
    at _runTestsForDescribeBlock (C:\Users\Cheem\OneDrive\Coding\clipsCommerce - Copy\node_modules\jest-circus\build\run.js:126:9)
    at _runTestsForDescribeBlock (C:\Users\Cheem\OneDrive\Coding\clipsCommerce - Copy\node_modules\jest-circus\build\run.js:121:9)
    at _runTestsForDescribeBlock (C:\Users\Cheem\OneDrive\Coding\clipsCommerce - Copy\node_modules\jest-circus\build\run.js:121:9)
    at run (C:\Users\Cheem\OneDrive\Coding\clipsCommerce - Copy\node_modules\jest-circus\build\run.js:71:3)
    at runAndTransformResultsToJestFormat (C:\Users\Cheem\OneDrive\Coding\clipsCommerce - Copy\node_modules\jest-circus\build\legacy-code-todo-rewrite\jestAdapterInit.js:122:21)
    at jestAdapter (C:\Users\Cheem\OneDrive\Coding\clipsCommerce - Copy\node_modules\jest-circus\build\legacy-code-todo-rewrite\jestAdapter.js:79:19)
    at runTestInternal (C:\Users\Cheem\OneDrive\Coding\clipsCommerce - Copy\node_modules\jest-runner\build\runTest.js:367:16)
    at runTest (C:\Users\Cheem\OneDrive\Coding\clipsCommerce - Copy\node_modules\jest-runner\build\runTest.js:444:34)
    at Object.worker (C:\Users\Cheem\OneDrive\Coding\clipsCommerce - Copy\node_modules\jest-runner\build\testWorker.js:106:12)</failure>
    </testcase>
    <testcase classname="MasterOrchestratorAgent optimization objectives should handle invalid objective updates" name="MasterOrchestratorAgent optimization objectives should handle invalid objective updates" time="0.011">
      <failure>Error: Initialization failed
    at Object.&lt;anonymous&gt; (C:\Users\Cheem\OneDrive\Coding\clipsCommerce - Copy\src\app\workflows\AI_improvement\services\__tests__\MasterOrchestratorAgent.test.ts:99:72)
    at Promise.then.completed (C:\Users\Cheem\OneDrive\Coding\clipsCommerce - Copy\node_modules\jest-circus\build\utils.js:298:28)
    at new Promise (&lt;anonymous&gt;)
    at callAsyncCircusFn (C:\Users\Cheem\OneDrive\Coding\clipsCommerce - Copy\node_modules\jest-circus\build\utils.js:231:10)
    at _callCircusTest (C:\Users\Cheem\OneDrive\Coding\clipsCommerce - Copy\node_modules\jest-circus\build\run.js:316:40)
    at processTicksAndRejections (node:internal/process/task_queues:105:5)
    at _runTest (C:\Users\Cheem\OneDrive\Coding\clipsCommerce - Copy\node_modules\jest-circus\build\run.js:252:3)
    at _runTestsForDescribeBlock (C:\Users\Cheem\OneDrive\Coding\clipsCommerce - Copy\node_modules\jest-circus\build\run.js:126:9)
    at _runTestsForDescribeBlock (C:\Users\Cheem\OneDrive\Coding\clipsCommerce - Copy\node_modules\jest-circus\build\run.js:121:9)
    at _runTestsForDescribeBlock (C:\Users\Cheem\OneDrive\Coding\clipsCommerce - Copy\node_modules\jest-circus\build\run.js:121:9)
    at run (C:\Users\Cheem\OneDrive\Coding\clipsCommerce - Copy\node_modules\jest-circus\build\run.js:71:3)
    at runAndTransformResultsToJestFormat (C:\Users\Cheem\OneDrive\Coding\clipsCommerce - Copy\node_modules\jest-circus\build\legacy-code-todo-rewrite\jestAdapterInit.js:122:21)
    at jestAdapter (C:\Users\Cheem\OneDrive\Coding\clipsCommerce - Copy\node_modules\jest-circus\build\legacy-code-todo-rewrite\jestAdapter.js:79:19)
    at runTestInternal (C:\Users\Cheem\OneDrive\Coding\clipsCommerce - Copy\node_modules\jest-runner\build\runTest.js:367:16)
    at runTest (C:\Users\Cheem\OneDrive\Coding\clipsCommerce - Copy\node_modules\jest-runner\build\runTest.js:444:34)
    at Object.worker (C:\Users\Cheem\OneDrive\Coding\clipsCommerce - Copy\node_modules\jest-runner\build\testWorker.js:106:12)</failure>
    </testcase>
    <testcase classname="MasterOrchestratorAgent orchestration cycle should force orchestration cycle manually" name="MasterOrchestratorAgent orchestration cycle should force orchestration cycle manually" time="0.007">
      <failure>Error: Initialization failed
    at Object.&lt;anonymous&gt; (C:\Users\Cheem\OneDrive\Coding\clipsCommerce - Copy\src\app\workflows\AI_improvement\services\__tests__\MasterOrchestratorAgent.test.ts:99:72)
    at Promise.then.completed (C:\Users\Cheem\OneDrive\Coding\clipsCommerce - Copy\node_modules\jest-circus\build\utils.js:298:28)
    at new Promise (&lt;anonymous&gt;)
    at callAsyncCircusFn (C:\Users\Cheem\OneDrive\Coding\clipsCommerce - Copy\node_modules\jest-circus\build\utils.js:231:10)
    at _callCircusTest (C:\Users\Cheem\OneDrive\Coding\clipsCommerce - Copy\node_modules\jest-circus\build\run.js:316:40)
    at processTicksAndRejections (node:internal/process/task_queues:105:5)
    at _runTest (C:\Users\Cheem\OneDrive\Coding\clipsCommerce - Copy\node_modules\jest-circus\build\run.js:252:3)
    at _runTestsForDescribeBlock (C:\Users\Cheem\OneDrive\Coding\clipsCommerce - Copy\node_modules\jest-circus\build\run.js:126:9)
    at _runTestsForDescribeBlock (C:\Users\Cheem\OneDrive\Coding\clipsCommerce - Copy\node_modules\jest-circus\build\run.js:121:9)
    at _runTestsForDescribeBlock (C:\Users\Cheem\OneDrive\Coding\clipsCommerce - Copy\node_modules\jest-circus\build\run.js:121:9)
    at run (C:\Users\Cheem\OneDrive\Coding\clipsCommerce - Copy\node_modules\jest-circus\build\run.js:71:3)
    at runAndTransformResultsToJestFormat (C:\Users\Cheem\OneDrive\Coding\clipsCommerce - Copy\node_modules\jest-circus\build\legacy-code-todo-rewrite\jestAdapterInit.js:122:21)
    at jestAdapter (C:\Users\Cheem\OneDrive\Coding\clipsCommerce - Copy\node_modules\jest-circus\build\legacy-code-todo-rewrite\jestAdapter.js:79:19)
    at runTestInternal (C:\Users\Cheem\OneDrive\Coding\clipsCommerce - Copy\node_modules\jest-runner\build\runTest.js:367:16)
    at runTest (C:\Users\Cheem\OneDrive\Coding\clipsCommerce - Copy\node_modules\jest-runner\build\runTest.js:444:34)
    at Object.worker (C:\Users\Cheem\OneDrive\Coding\clipsCommerce - Copy\node_modules\jest-runner\build\testWorker.js:106:12)</failure>
    </testcase>
    <testcase classname="MasterOrchestratorAgent orchestration cycle should handle orchestration cycle errors gracefully" name="MasterOrchestratorAgent orchestration cycle should handle orchestration cycle errors gracefully" time="0.006">
      <failure>Error: Initialization failed
    at Object.&lt;anonymous&gt; (C:\Users\Cheem\OneDrive\Coding\clipsCommerce - Copy\src\app\workflows\AI_improvement\services\__tests__\MasterOrchestratorAgent.test.ts:99:72)
    at Promise.then.completed (C:\Users\Cheem\OneDrive\Coding\clipsCommerce - Copy\node_modules\jest-circus\build\utils.js:298:28)
    at new Promise (&lt;anonymous&gt;)
    at callAsyncCircusFn (C:\Users\Cheem\OneDrive\Coding\clipsCommerce - Copy\node_modules\jest-circus\build\utils.js:231:10)
    at _callCircusTest (C:\Users\Cheem\OneDrive\Coding\clipsCommerce - Copy\node_modules\jest-circus\build\run.js:316:40)
    at processTicksAndRejections (node:internal/process/task_queues:105:5)
    at _runTest (C:\Users\Cheem\OneDrive\Coding\clipsCommerce - Copy\node_modules\jest-circus\build\run.js:252:3)
    at _runTestsForDescribeBlock (C:\Users\Cheem\OneDrive\Coding\clipsCommerce - Copy\node_modules\jest-circus\build\run.js:126:9)
    at _runTestsForDescribeBlock (C:\Users\Cheem\OneDrive\Coding\clipsCommerce - Copy\node_modules\jest-circus\build\run.js:121:9)
    at _runTestsForDescribeBlock (C:\Users\Cheem\OneDrive\Coding\clipsCommerce - Copy\node_modules\jest-circus\build\run.js:121:9)
    at run (C:\Users\Cheem\OneDrive\Coding\clipsCommerce - Copy\node_modules\jest-circus\build\run.js:71:3)
    at runAndTransformResultsToJestFormat (C:\Users\Cheem\OneDrive\Coding\clipsCommerce - Copy\node_modules\jest-circus\build\legacy-code-todo-rewrite\jestAdapterInit.js:122:21)
    at jestAdapter (C:\Users\Cheem\OneDrive\Coding\clipsCommerce - Copy\node_modules\jest-circus\build\legacy-code-todo-rewrite\jestAdapter.js:79:19)
    at runTestInternal (C:\Users\Cheem\OneDrive\Coding\clipsCommerce - Copy\node_modules\jest-runner\build\runTest.js:367:16)
    at runTest (C:\Users\Cheem\OneDrive\Coding\clipsCommerce - Copy\node_modules\jest-runner\build\runTest.js:444:34)
    at Object.worker (C:\Users\Cheem\OneDrive\Coding\clipsCommerce - Copy\node_modules\jest-runner\build\testWorker.js:106:12)</failure>
    </testcase>
    <testcase classname="MasterOrchestratorAgent system metrics should update system metrics during orchestration" name="MasterOrchestratorAgent system metrics should update system metrics during orchestration" time="0.01">
      <failure>Error: Initialization failed
    at Object.&lt;anonymous&gt; (C:\Users\Cheem\OneDrive\Coding\clipsCommerce - Copy\src\app\workflows\AI_improvement\services\__tests__\MasterOrchestratorAgent.test.ts:99:72)
    at Promise.then.completed (C:\Users\Cheem\OneDrive\Coding\clipsCommerce - Copy\node_modules\jest-circus\build\utils.js:298:28)
    at new Promise (&lt;anonymous&gt;)
    at callAsyncCircusFn (C:\Users\Cheem\OneDrive\Coding\clipsCommerce - Copy\node_modules\jest-circus\build\utils.js:231:10)
    at _callCircusTest (C:\Users\Cheem\OneDrive\Coding\clipsCommerce - Copy\node_modules\jest-circus\build\run.js:316:40)
    at processTicksAndRejections (node:internal/process/task_queues:105:5)
    at _runTest (C:\Users\Cheem\OneDrive\Coding\clipsCommerce - Copy\node_modules\jest-circus\build\run.js:252:3)
    at _runTestsForDescribeBlock (C:\Users\Cheem\OneDrive\Coding\clipsCommerce - Copy\node_modules\jest-circus\build\run.js:126:9)
    at _runTestsForDescribeBlock (C:\Users\Cheem\OneDrive\Coding\clipsCommerce - Copy\node_modules\jest-circus\build\run.js:121:9)
    at _runTestsForDescribeBlock (C:\Users\Cheem\OneDrive\Coding\clipsCommerce - Copy\node_modules\jest-circus\build\run.js:121:9)
    at run (C:\Users\Cheem\OneDrive\Coding\clipsCommerce - Copy\node_modules\jest-circus\build\run.js:71:3)
    at runAndTransformResultsToJestFormat (C:\Users\Cheem\OneDrive\Coding\clipsCommerce - Copy\node_modules\jest-circus\build\legacy-code-todo-rewrite\jestAdapterInit.js:122:21)
    at jestAdapter (C:\Users\Cheem\OneDrive\Coding\clipsCommerce - Copy\node_modules\jest-circus\build\legacy-code-todo-rewrite\jestAdapter.js:79:19)
    at runTestInternal (C:\Users\Cheem\OneDrive\Coding\clipsCommerce - Copy\node_modules\jest-runner\build\runTest.js:367:16)
    at runTest (C:\Users\Cheem\OneDrive\Coding\clipsCommerce - Copy\node_modules\jest-runner\build\runTest.js:444:34)
    at Object.worker (C:\Users\Cheem\OneDrive\Coding\clipsCommerce - Copy\node_modules\jest-runner\build\testWorker.js:106:12)</failure>
    </testcase>
    <testcase classname="MasterOrchestratorAgent system metrics should maintain valid metric ranges" name="MasterOrchestratorAgent system metrics should maintain valid metric ranges" time="0.02">
      <failure>Error: Initialization failed
    at Object.&lt;anonymous&gt; (C:\Users\Cheem\OneDrive\Coding\clipsCommerce - Copy\src\app\workflows\AI_improvement\services\__tests__\MasterOrchestratorAgent.test.ts:99:72)
    at Promise.then.completed (C:\Users\Cheem\OneDrive\Coding\clipsCommerce - Copy\node_modules\jest-circus\build\utils.js:298:28)
    at new Promise (&lt;anonymous&gt;)
    at callAsyncCircusFn (C:\Users\Cheem\OneDrive\Coding\clipsCommerce - Copy\node_modules\jest-circus\build\utils.js:231:10)
    at _callCircusTest (C:\Users\Cheem\OneDrive\Coding\clipsCommerce - Copy\node_modules\jest-circus\build\run.js:316:40)
    at processTicksAndRejections (node:internal/process/task_queues:105:5)
    at _runTest (C:\Users\Cheem\OneDrive\Coding\clipsCommerce - Copy\node_modules\jest-circus\build\run.js:252:3)
    at _runTestsForDescribeBlock (C:\Users\Cheem\OneDrive\Coding\clipsCommerce - Copy\node_modules\jest-circus\build\run.js:126:9)
    at _runTestsForDescribeBlock (C:\Users\Cheem\OneDrive\Coding\clipsCommerce - Copy\node_modules\jest-circus\build\run.js:121:9)
    at _runTestsForDescribeBlock (C:\Users\Cheem\OneDrive\Coding\clipsCommerce - Copy\node_modules\jest-circus\build\run.js:121:9)
    at run (C:\Users\Cheem\OneDrive\Coding\clipsCommerce - Copy\node_modules\jest-circus\build\run.js:71:3)
    at runAndTransformResultsToJestFormat (C:\Users\Cheem\OneDrive\Coding\clipsCommerce - Copy\node_modules\jest-circus\build\legacy-code-todo-rewrite\jestAdapterInit.js:122:21)
    at jestAdapter (C:\Users\Cheem\OneDrive\Coding\clipsCommerce - Copy\node_modules\jest-circus\build\legacy-code-todo-rewrite\jestAdapter.js:79:19)
    at runTestInternal (C:\Users\Cheem\OneDrive\Coding\clipsCommerce - Copy\node_modules\jest-runner\build\runTest.js:367:16)
    at runTest (C:\Users\Cheem\OneDrive\Coding\clipsCommerce - Copy\node_modules\jest-runner\build\runTest.js:444:34)
    at Object.worker (C:\Users\Cheem\OneDrive\Coding\clipsCommerce - Copy\node_modules\jest-runner\build\testWorker.js:106:12)</failure>
    </testcase>
    <testcase classname="MasterOrchestratorAgent resource allocation should allocate resources to agents" name="MasterOrchestratorAgent resource allocation should allocate resources to agents" time="0.007">
      <failure>Error: Initialization failed
    at Object.&lt;anonymous&gt; (C:\Users\Cheem\OneDrive\Coding\clipsCommerce - Copy\src\app\workflows\AI_improvement\services\__tests__\MasterOrchestratorAgent.test.ts:99:72)
    at Promise.then.completed (C:\Users\Cheem\OneDrive\Coding\clipsCommerce - Copy\node_modules\jest-circus\build\utils.js:298:28)
    at new Promise (&lt;anonymous&gt;)
    at callAsyncCircusFn (C:\Users\Cheem\OneDrive\Coding\clipsCommerce - Copy\node_modules\jest-circus\build\utils.js:231:10)
    at _callCircusTest (C:\Users\Cheem\OneDrive\Coding\clipsCommerce - Copy\node_modules\jest-circus\build\run.js:316:40)
    at processTicksAndRejections (node:internal/process/task_queues:105:5)
    at _runTest (C:\Users\Cheem\OneDrive\Coding\clipsCommerce - Copy\node_modules\jest-circus\build\run.js:252:3)
    at _runTestsForDescribeBlock (C:\Users\Cheem\OneDrive\Coding\clipsCommerce - Copy\node_modules\jest-circus\build\run.js:126:9)
    at _runTestsForDescribeBlock (C:\Users\Cheem\OneDrive\Coding\clipsCommerce - Copy\node_modules\jest-circus\build\run.js:121:9)
    at _runTestsForDescribeBlock (C:\Users\Cheem\OneDrive\Coding\clipsCommerce - Copy\node_modules\jest-circus\build\run.js:121:9)
    at run (C:\Users\Cheem\OneDrive\Coding\clipsCommerce - Copy\node_modules\jest-circus\build\run.js:71:3)
    at runAndTransformResultsToJestFormat (C:\Users\Cheem\OneDrive\Coding\clipsCommerce - Copy\node_modules\jest-circus\build\legacy-code-todo-rewrite\jestAdapterInit.js:122:21)
    at jestAdapter (C:\Users\Cheem\OneDrive\Coding\clipsCommerce - Copy\node_modules\jest-circus\build\legacy-code-todo-rewrite\jestAdapter.js:79:19)
    at runTestInternal (C:\Users\Cheem\OneDrive\Coding\clipsCommerce - Copy\node_modules\jest-runner\build\runTest.js:367:16)
    at runTest (C:\Users\Cheem\OneDrive\Coding\clipsCommerce - Copy\node_modules\jest-runner\build\runTest.js:444:34)
    at Object.worker (C:\Users\Cheem\OneDrive\Coding\clipsCommerce - Copy\node_modules\jest-runner\build\testWorker.js:106:12)</failure>
    </testcase>
    <testcase classname="MasterOrchestratorAgent resource allocation should optimize resource allocation based on agent performance" name="MasterOrchestratorAgent resource allocation should optimize resource allocation based on agent performance" time="0.011">
      <failure>Error: Initialization failed
    at Object.&lt;anonymous&gt; (C:\Users\Cheem\OneDrive\Coding\clipsCommerce - Copy\src\app\workflows\AI_improvement\services\__tests__\MasterOrchestratorAgent.test.ts:99:72)
    at Promise.then.completed (C:\Users\Cheem\OneDrive\Coding\clipsCommerce - Copy\node_modules\jest-circus\build\utils.js:298:28)
    at new Promise (&lt;anonymous&gt;)
    at callAsyncCircusFn (C:\Users\Cheem\OneDrive\Coding\clipsCommerce - Copy\node_modules\jest-circus\build\utils.js:231:10)
    at _callCircusTest (C:\Users\Cheem\OneDrive\Coding\clipsCommerce - Copy\node_modules\jest-circus\build\run.js:316:40)
    at processTicksAndRejections (node:internal/process/task_queues:105:5)
    at _runTest (C:\Users\Cheem\OneDrive\Coding\clipsCommerce - Copy\node_modules\jest-circus\build\run.js:252:3)
    at _runTestsForDescribeBlock (C:\Users\Cheem\OneDrive\Coding\clipsCommerce - Copy\node_modules\jest-circus\build\run.js:126:9)
    at _runTestsForDescribeBlock (C:\Users\Cheem\OneDrive\Coding\clipsCommerce - Copy\node_modules\jest-circus\build\run.js:121:9)
    at _runTestsForDescribeBlock (C:\Users\Cheem\OneDrive\Coding\clipsCommerce - Copy\node_modules\jest-circus\build\run.js:121:9)
    at run (C:\Users\Cheem\OneDrive\Coding\clipsCommerce - Copy\node_modules\jest-circus\build\run.js:71:3)
    at runAndTransformResultsToJestFormat (C:\Users\Cheem\OneDrive\Coding\clipsCommerce - Copy\node_modules\jest-circus\build\legacy-code-todo-rewrite\jestAdapterInit.js:122:21)
    at jestAdapter (C:\Users\Cheem\OneDrive\Coding\clipsCommerce - Copy\node_modules\jest-circus\build\legacy-code-todo-rewrite\jestAdapter.js:79:19)
    at runTestInternal (C:\Users\Cheem\OneDrive\Coding\clipsCommerce - Copy\node_modules\jest-runner\build\runTest.js:367:16)
    at runTest (C:\Users\Cheem\OneDrive\Coding\clipsCommerce - Copy\node_modules\jest-runner\build\runTest.js:444:34)
    at Object.worker (C:\Users\Cheem\OneDrive\Coding\clipsCommerce - Copy\node_modules\jest-runner\build\testWorker.js:106:12)</failure>
    </testcase>
    <testcase classname="MasterOrchestratorAgent error handling and edge cases should handle agent initialization failures" name="MasterOrchestratorAgent error handling and edge cases should handle agent initialization failures" time="0.012">
      <failure>Error: Initialization failed
    at Object.&lt;anonymous&gt; (C:\Users\Cheem\OneDrive\Coding\clipsCommerce - Copy\src\app\workflows\AI_improvement\services\__tests__\MasterOrchestratorAgent.test.ts:99:72)
    at Promise.then.completed (C:\Users\Cheem\OneDrive\Coding\clipsCommerce - Copy\node_modules\jest-circus\build\utils.js:298:28)
    at new Promise (&lt;anonymous&gt;)
    at callAsyncCircusFn (C:\Users\Cheem\OneDrive\Coding\clipsCommerce - Copy\node_modules\jest-circus\build\utils.js:231:10)
    at _callCircusTest (C:\Users\Cheem\OneDrive\Coding\clipsCommerce - Copy\node_modules\jest-circus\build\run.js:316:40)
    at processTicksAndRejections (node:internal/process/task_queues:105:5)
    at _runTest (C:\Users\Cheem\OneDrive\Coding\clipsCommerce - Copy\node_modules\jest-circus\build\run.js:252:3)
    at _runTestsForDescribeBlock (C:\Users\Cheem\OneDrive\Coding\clipsCommerce - Copy\node_modules\jest-circus\build\run.js:126:9)
    at _runTestsForDescribeBlock (C:\Users\Cheem\OneDrive\Coding\clipsCommerce - Copy\node_modules\jest-circus\build\run.js:121:9)
    at _runTestsForDescribeBlock (C:\Users\Cheem\OneDrive\Coding\clipsCommerce - Copy\node_modules\jest-circus\build\run.js:121:9)
    at run (C:\Users\Cheem\OneDrive\Coding\clipsCommerce - Copy\node_modules\jest-circus\build\run.js:71:3)
    at runAndTransformResultsToJestFormat (C:\Users\Cheem\OneDrive\Coding\clipsCommerce - Copy\node_modules\jest-circus\build\legacy-code-todo-rewrite\jestAdapterInit.js:122:21)
    at jestAdapter (C:\Users\Cheem\OneDrive\Coding\clipsCommerce - Copy\node_modules\jest-circus\build\legacy-code-todo-rewrite\jestAdapter.js:79:19)
    at runTestInternal (C:\Users\Cheem\OneDrive\Coding\clipsCommerce - Copy\node_modules\jest-runner\build\runTest.js:367:16)
    at runTest (C:\Users\Cheem\OneDrive\Coding\clipsCommerce - Copy\node_modules\jest-runner\build\runTest.js:444:34)
    at Object.worker (C:\Users\Cheem\OneDrive\Coding\clipsCommerce - Copy\node_modules\jest-runner\build\testWorker.js:106:12)</failure>
    </testcase>
    <testcase classname="MasterOrchestratorAgent error handling and edge cases should handle missing agent status gracefully" name="MasterOrchestratorAgent error handling and edge cases should handle missing agent status gracefully" time="0.011">
      <failure>Error: Initialization failed
    at Object.&lt;anonymous&gt; (C:\Users\Cheem\OneDrive\Coding\clipsCommerce - Copy\src\app\workflows\AI_improvement\services\__tests__\MasterOrchestratorAgent.test.ts:99:72)
    at Promise.then.completed (C:\Users\Cheem\OneDrive\Coding\clipsCommerce - Copy\node_modules\jest-circus\build\utils.js:298:28)
    at new Promise (&lt;anonymous&gt;)
    at callAsyncCircusFn (C:\Users\Cheem\OneDrive\Coding\clipsCommerce - Copy\node_modules\jest-circus\build\utils.js:231:10)
    at _callCircusTest (C:\Users\Cheem\OneDrive\Coding\clipsCommerce - Copy\node_modules\jest-circus\build\run.js:316:40)
    at processTicksAndRejections (node:internal/process/task_queues:105:5)
    at _runTest (C:\Users\Cheem\OneDrive\Coding\clipsCommerce - Copy\node_modules\jest-circus\build\run.js:252:3)
    at _runTestsForDescribeBlock (C:\Users\Cheem\OneDrive\Coding\clipsCommerce - Copy\node_modules\jest-circus\build\run.js:126:9)
    at _runTestsForDescribeBlock (C:\Users\Cheem\OneDrive\Coding\clipsCommerce - Copy\node_modules\jest-circus\build\run.js:121:9)
    at _runTestsForDescribeBlock (C:\Users\Cheem\OneDrive\Coding\clipsCommerce - Copy\node_modules\jest-circus\build\run.js:121:9)
    at run (C:\Users\Cheem\OneDrive\Coding\clipsCommerce - Copy\node_modules\jest-circus\build\run.js:71:3)
    at runAndTransformResultsToJestFormat (C:\Users\Cheem\OneDrive\Coding\clipsCommerce - Copy\node_modules\jest-circus\build\legacy-code-todo-rewrite\jestAdapterInit.js:122:21)
    at jestAdapter (C:\Users\Cheem\OneDrive\Coding\clipsCommerce - Copy\node_modules\jest-circus\build\legacy-code-todo-rewrite\jestAdapter.js:79:19)
    at runTestInternal (C:\Users\Cheem\OneDrive\Coding\clipsCommerce - Copy\node_modules\jest-runner\build\runTest.js:367:16)
    at runTest (C:\Users\Cheem\OneDrive\Coding\clipsCommerce - Copy\node_modules\jest-runner\build\runTest.js:444:34)
    at Object.worker (C:\Users\Cheem\OneDrive\Coding\clipsCommerce - Copy\node_modules\jest-runner\build\testWorker.js:106:12)</failure>
    </testcase>
    <testcase classname="MasterOrchestratorAgent error handling and edge cases should handle concurrent orchestration cycles" name="MasterOrchestratorAgent error handling and edge cases should handle concurrent orchestration cycles" time="0.01">
      <failure>Error: Initialization failed
    at Object.&lt;anonymous&gt; (C:\Users\Cheem\OneDrive\Coding\clipsCommerce - Copy\src\app\workflows\AI_improvement\services\__tests__\MasterOrchestratorAgent.test.ts:99:72)
    at Promise.then.completed (C:\Users\Cheem\OneDrive\Coding\clipsCommerce - Copy\node_modules\jest-circus\build\utils.js:298:28)
    at new Promise (&lt;anonymous&gt;)
    at callAsyncCircusFn (C:\Users\Cheem\OneDrive\Coding\clipsCommerce - Copy\node_modules\jest-circus\build\utils.js:231:10)
    at _callCircusTest (C:\Users\Cheem\OneDrive\Coding\clipsCommerce - Copy\node_modules\jest-circus\build\run.js:316:40)
    at processTicksAndRejections (node:internal/process/task_queues:105:5)
    at _runTest (C:\Users\Cheem\OneDrive\Coding\clipsCommerce - Copy\node_modules\jest-circus\build\run.js:252:3)
    at _runTestsForDescribeBlock (C:\Users\Cheem\OneDrive\Coding\clipsCommerce - Copy\node_modules\jest-circus\build\run.js:126:9)
    at _runTestsForDescribeBlock (C:\Users\Cheem\OneDrive\Coding\clipsCommerce - Copy\node_modules\jest-circus\build\run.js:121:9)
    at _runTestsForDescribeBlock (C:\Users\Cheem\OneDrive\Coding\clipsCommerce - Copy\node_modules\jest-circus\build\run.js:121:9)
    at run (C:\Users\Cheem\OneDrive\Coding\clipsCommerce - Copy\node_modules\jest-circus\build\run.js:71:3)
    at runAndTransformResultsToJestFormat (C:\Users\Cheem\OneDrive\Coding\clipsCommerce - Copy\node_modules\jest-circus\build\legacy-code-todo-rewrite\jestAdapterInit.js:122:21)
    at jestAdapter (C:\Users\Cheem\OneDrive\Coding\clipsCommerce - Copy\node_modules\jest-circus\build\legacy-code-todo-rewrite\jestAdapter.js:79:19)
    at runTestInternal (C:\Users\Cheem\OneDrive\Coding\clipsCommerce - Copy\node_modules\jest-runner\build\runTest.js:367:16)
    at runTest (C:\Users\Cheem\OneDrive\Coding\clipsCommerce - Copy\node_modules\jest-runner\build\runTest.js:444:34)
    at Object.worker (C:\Users\Cheem\OneDrive\Coding\clipsCommerce - Copy\node_modules\jest-runner\build\testWorker.js:106:12)</failure>
    </testcase>
    <testcase classname="MasterOrchestratorAgent error handling and edge cases should handle system metric calculation errors" name="MasterOrchestratorAgent error handling and edge cases should handle system metric calculation errors" time="0.009">
      <failure>Error: Initialization failed
    at Object.&lt;anonymous&gt; (C:\Users\Cheem\OneDrive\Coding\clipsCommerce - Copy\src\app\workflows\AI_improvement\services\__tests__\MasterOrchestratorAgent.test.ts:99:72)
    at Promise.then.completed (C:\Users\Cheem\OneDrive\Coding\clipsCommerce - Copy\node_modules\jest-circus\build\utils.js:298:28)
    at new Promise (&lt;anonymous&gt;)
    at callAsyncCircusFn (C:\Users\Cheem\OneDrive\Coding\clipsCommerce - Copy\node_modules\jest-circus\build\utils.js:231:10)
    at _callCircusTest (C:\Users\Cheem\OneDrive\Coding\clipsCommerce - Copy\node_modules\jest-circus\build\run.js:316:40)
    at processTicksAndRejections (node:internal/process/task_queues:105:5)
    at _runTest (C:\Users\Cheem\OneDrive\Coding\clipsCommerce - Copy\node_modules\jest-circus\build\run.js:252:3)
    at _runTestsForDescribeBlock (C:\Users\Cheem\OneDrive\Coding\clipsCommerce - Copy\node_modules\jest-circus\build\run.js:126:9)
    at _runTestsForDescribeBlock (C:\Users\Cheem\OneDrive\Coding\clipsCommerce - Copy\node_modules\jest-circus\build\run.js:121:9)
    at _runTestsForDescribeBlock (C:\Users\Cheem\OneDrive\Coding\clipsCommerce - Copy\node_modules\jest-circus\build\run.js:121:9)
    at run (C:\Users\Cheem\OneDrive\Coding\clipsCommerce - Copy\node_modules\jest-circus\build\run.js:71:3)
    at runAndTransformResultsToJestFormat (C:\Users\Cheem\OneDrive\Coding\clipsCommerce - Copy\node_modules\jest-circus\build\legacy-code-todo-rewrite\jestAdapterInit.js:122:21)
    at jestAdapter (C:\Users\Cheem\OneDrive\Coding\clipsCommerce - Copy\node_modules\jest-circus\build\legacy-code-todo-rewrite\jestAdapter.js:79:19)
    at runTestInternal (C:\Users\Cheem\OneDrive\Coding\clipsCommerce - Copy\node_modules\jest-runner\build\runTest.js:367:16)
    at runTest (C:\Users\Cheem\OneDrive\Coding\clipsCommerce - Copy\node_modules\jest-runner\build\runTest.js:444:34)
    at Object.worker (C:\Users\Cheem\OneDrive\Coding\clipsCommerce - Copy\node_modules\jest-runner\build\testWorker.js:106:12)</failure>
    </testcase>
    <testcase classname="MasterOrchestratorAgent performance and scalability should handle large number of agents efficiently" name="MasterOrchestratorAgent performance and scalability should handle large number of agents efficiently" time="0.012">
      <failure>Error: Initialization failed
    at Object.&lt;anonymous&gt; (C:\Users\Cheem\OneDrive\Coding\clipsCommerce - Copy\src\app\workflows\AI_improvement\services\__tests__\MasterOrchestratorAgent.test.ts:99:72)
    at Promise.then.completed (C:\Users\Cheem\OneDrive\Coding\clipsCommerce - Copy\node_modules\jest-circus\build\utils.js:298:28)
    at new Promise (&lt;anonymous&gt;)
    at callAsyncCircusFn (C:\Users\Cheem\OneDrive\Coding\clipsCommerce - Copy\node_modules\jest-circus\build\utils.js:231:10)
    at _callCircusTest (C:\Users\Cheem\OneDrive\Coding\clipsCommerce - Copy\node_modules\jest-circus\build\run.js:316:40)
    at processTicksAndRejections (node:internal/process/task_queues:105:5)
    at _runTest (C:\Users\Cheem\OneDrive\Coding\clipsCommerce - Copy\node_modules\jest-circus\build\run.js:252:3)
    at _runTestsForDescribeBlock (C:\Users\Cheem\OneDrive\Coding\clipsCommerce - Copy\node_modules\jest-circus\build\run.js:126:9)
    at _runTestsForDescribeBlock (C:\Users\Cheem\OneDrive\Coding\clipsCommerce - Copy\node_modules\jest-circus\build\run.js:121:9)
    at _runTestsForDescribeBlock (C:\Users\Cheem\OneDrive\Coding\clipsCommerce - Copy\node_modules\jest-circus\build\run.js:121:9)
    at run (C:\Users\Cheem\OneDrive\Coding\clipsCommerce - Copy\node_modules\jest-circus\build\run.js:71:3)
    at runAndTransformResultsToJestFormat (C:\Users\Cheem\OneDrive\Coding\clipsCommerce - Copy\node_modules\jest-circus\build\legacy-code-todo-rewrite\jestAdapterInit.js:122:21)
    at jestAdapter (C:\Users\Cheem\OneDrive\Coding\clipsCommerce - Copy\node_modules\jest-circus\build\legacy-code-todo-rewrite\jestAdapter.js:79:19)
    at runTestInternal (C:\Users\Cheem\OneDrive\Coding\clipsCommerce - Copy\node_modules\jest-runner\build\runTest.js:367:16)
    at runTest (C:\Users\Cheem\OneDrive\Coding\clipsCommerce - Copy\node_modules\jest-runner\build\runTest.js:444:34)
    at Object.worker (C:\Users\Cheem\OneDrive\Coding\clipsCommerce - Copy\node_modules\jest-runner\build\testWorker.js:106:12)</failure>
    </testcase>
    <testcase classname="MasterOrchestratorAgent performance and scalability should maintain performance under stress" name="MasterOrchestratorAgent performance and scalability should maintain performance under stress" time="0.016">
      <failure>Error: Initialization failed
    at Object.&lt;anonymous&gt; (C:\Users\Cheem\OneDrive\Coding\clipsCommerce - Copy\src\app\workflows\AI_improvement\services\__tests__\MasterOrchestratorAgent.test.ts:99:72)
    at Promise.then.completed (C:\Users\Cheem\OneDrive\Coding\clipsCommerce - Copy\node_modules\jest-circus\build\utils.js:298:28)
    at new Promise (&lt;anonymous&gt;)
    at callAsyncCircusFn (C:\Users\Cheem\OneDrive\Coding\clipsCommerce - Copy\node_modules\jest-circus\build\utils.js:231:10)
    at _callCircusTest (C:\Users\Cheem\OneDrive\Coding\clipsCommerce - Copy\node_modules\jest-circus\build\run.js:316:40)
    at processTicksAndRejections (node:internal/process/task_queues:105:5)
    at _runTest (C:\Users\Cheem\OneDrive\Coding\clipsCommerce - Copy\node_modules\jest-circus\build\run.js:252:3)
    at _runTestsForDescribeBlock (C:\Users\Cheem\OneDrive\Coding\clipsCommerce - Copy\node_modules\jest-circus\build\run.js:126:9)
    at _runTestsForDescribeBlock (C:\Users\Cheem\OneDrive\Coding\clipsCommerce - Copy\node_modules\jest-circus\build\run.js:121:9)
    at _runTestsForDescribeBlock (C:\Users\Cheem\OneDrive\Coding\clipsCommerce - Copy\node_modules\jest-circus\build\run.js:121:9)
    at run (C:\Users\Cheem\OneDrive\Coding\clipsCommerce - Copy\node_modules\jest-circus\build\run.js:71:3)
    at runAndTransformResultsToJestFormat (C:\Users\Cheem\OneDrive\Coding\clipsCommerce - Copy\node_modules\jest-circus\build\legacy-code-todo-rewrite\jestAdapterInit.js:122:21)
    at jestAdapter (C:\Users\Cheem\OneDrive\Coding\clipsCommerce - Copy\node_modules\jest-circus\build\legacy-code-todo-rewrite\jestAdapter.js:79:19)
    at runTestInternal (C:\Users\Cheem\OneDrive\Coding\clipsCommerce - Copy\node_modules\jest-runner\build\runTest.js:367:16)
    at runTest (C:\Users\Cheem\OneDrive\Coding\clipsCommerce - Copy\node_modules\jest-runner\build\runTest.js:444:34)
    at Object.worker (C:\Users\Cheem\OneDrive\Coding\clipsCommerce - Copy\node_modules\jest-runner\build\testWorker.js:106:12)</failure>
    </testcase>
    <testcase classname="MasterOrchestratorAgent integration scenarios should coordinate with AI improvement service" name="MasterOrchestratorAgent integration scenarios should coordinate with AI improvement service" time="0.012">
      <failure>Error: Initialization failed
    at Object.&lt;anonymous&gt; (C:\Users\Cheem\OneDrive\Coding\clipsCommerce - Copy\src\app\workflows\AI_improvement\services\__tests__\MasterOrchestratorAgent.test.ts:99:72)
    at Promise.then.completed (C:\Users\Cheem\OneDrive\Coding\clipsCommerce - Copy\node_modules\jest-circus\build\utils.js:298:28)
    at new Promise (&lt;anonymous&gt;)
    at callAsyncCircusFn (C:\Users\Cheem\OneDrive\Coding\clipsCommerce - Copy\node_modules\jest-circus\build\utils.js:231:10)
    at _callCircusTest (C:\Users\Cheem\OneDrive\Coding\clipsCommerce - Copy\node_modules\jest-circus\build\run.js:316:40)
    at processTicksAndRejections (node:internal/process/task_queues:105:5)
    at _runTest (C:\Users\Cheem\OneDrive\Coding\clipsCommerce - Copy\node_modules\jest-circus\build\run.js:252:3)
    at _runTestsForDescribeBlock (C:\Users\Cheem\OneDrive\Coding\clipsCommerce - Copy\node_modules\jest-circus\build\run.js:126:9)
    at _runTestsForDescribeBlock (C:\Users\Cheem\OneDrive\Coding\clipsCommerce - Copy\node_modules\jest-circus\build\run.js:121:9)
    at _runTestsForDescribeBlock (C:\Users\Cheem\OneDrive\Coding\clipsCommerce - Copy\node_modules\jest-circus\build\run.js:121:9)
    at run (C:\Users\Cheem\OneDrive\Coding\clipsCommerce - Copy\node_modules\jest-circus\build\run.js:71:3)
    at runAndTransformResultsToJestFormat (C:\Users\Cheem\OneDrive\Coding\clipsCommerce - Copy\node_modules\jest-circus\build\legacy-code-todo-rewrite\jestAdapterInit.js:122:21)
    at jestAdapter (C:\Users\Cheem\OneDrive\Coding\clipsCommerce - Copy\node_modules\jest-circus\build\legacy-code-todo-rewrite\jestAdapter.js:79:19)
    at runTestInternal (C:\Users\Cheem\OneDrive\Coding\clipsCommerce - Copy\node_modules\jest-runner\build\runTest.js:367:16)
    at runTest (C:\Users\Cheem\OneDrive\Coding\clipsCommerce - Copy\node_modules\jest-runner\build\runTest.js:444:34)
    at Object.worker (C:\Users\Cheem\OneDrive\Coding\clipsCommerce - Copy\node_modules\jest-runner\build\testWorker.js:106:12)</failure>
    </testcase>
    <testcase classname="MasterOrchestratorAgent integration scenarios should handle cross-workflow optimizations" name="MasterOrchestratorAgent integration scenarios should handle cross-workflow optimizations" time="0.04">
    </testcase>
    <testcase classname="MasterOrchestratorAgent integration scenarios should manage model training schedules" name="MasterOrchestratorAgent integration scenarios should manage model training schedules" time="0.02">
    </testcase>
  </testsuite>
  <testsuite name="DataCollectionService" errors="0" failures="3" skipped="0" timestamp="2025-06-16T07:34:19" time="1.472" tests="26">
    <testcase classname="DataCollectionService initialization should initialize successfully with valid platform auths" name="DataCollectionService initialization should initialize successfully with valid platform auths" time="0.016">
    </testcase>
    <testcase classname="DataCollectionService initialization should handle partial initialization failures gracefully" name="DataCollectionService initialization should handle partial initialization failures gracefully" time="0.02">
    </testcase>
    <testcase classname="DataCollectionService initialization should prevent double initialization" name="DataCollectionService initialization should prevent double initialization" time="0.005">
    </testcase>
    <testcase classname="DataCollectionService initialization should handle empty platform auths array" name="DataCollectionService initialization should handle empty platform auths array" time="0.001">
    </testcase>
    <testcase classname="DataCollectionService initialization should handle initialization with missing credentials" name="DataCollectionService initialization should handle initialization with missing credentials" time="0.003">
    </testcase>
    <testcase classname="DataCollectionService initialization should throw error if complete initialization fails" name="DataCollectionService initialization should throw error if complete initialization fails" time="0.004">
      <failure>Error: expect(received).rejects.toThrow()

Received promise resolved instead of rejected
Resolved to value: undefined
    at expect (C:\Users\Cheem\OneDrive\Coding\clipsCommerce - Copy\node_modules\expect\build\index.js:113:15)
    at Object.&lt;anonymous&gt; (C:\Users\Cheem\OneDrive\Coding\clipsCommerce - Copy\src\app\workflows\data_collection\lib\__tests__\data-collection-service.test.ts:122:13)
    at Promise.then.completed (C:\Users\Cheem\OneDrive\Coding\clipsCommerce - Copy\node_modules\jest-circus\build\utils.js:298:28)
    at new Promise (&lt;anonymous&gt;)
    at callAsyncCircusFn (C:\Users\Cheem\OneDrive\Coding\clipsCommerce - Copy\node_modules\jest-circus\build\utils.js:231:10)
    at _callCircusTest (C:\Users\Cheem\OneDrive\Coding\clipsCommerce - Copy\node_modules\jest-circus\build\run.js:316:40)
    at processTicksAndRejections (node:internal/process/task_queues:105:5)
    at _runTest (C:\Users\Cheem\OneDrive\Coding\clipsCommerce - Copy\node_modules\jest-circus\build\run.js:252:3)
    at _runTestsForDescribeBlock (C:\Users\Cheem\OneDrive\Coding\clipsCommerce - Copy\node_modules\jest-circus\build\run.js:126:9)
    at _runTestsForDescribeBlock (C:\Users\Cheem\OneDrive\Coding\clipsCommerce - Copy\node_modules\jest-circus\build\run.js:121:9)
    at _runTestsForDescribeBlock (C:\Users\Cheem\OneDrive\Coding\clipsCommerce - Copy\node_modules\jest-circus\build\run.js:121:9)
    at run (C:\Users\Cheem\OneDrive\Coding\clipsCommerce - Copy\node_modules\jest-circus\build\run.js:71:3)
    at runAndTransformResultsToJestFormat (C:\Users\Cheem\OneDrive\Coding\clipsCommerce - Copy\node_modules\jest-circus\build\legacy-code-todo-rewrite\jestAdapterInit.js:122:21)
    at jestAdapter (C:\Users\Cheem\OneDrive\Coding\clipsCommerce - Copy\node_modules\jest-circus\build\legacy-code-todo-rewrite\jestAdapter.js:79:19)
    at runTestInternal (C:\Users\Cheem\OneDrive\Coding\clipsCommerce - Copy\node_modules\jest-runner\build\runTest.js:367:16)
    at runTest (C:\Users\Cheem\OneDrive\Coding\clipsCommerce - Copy\node_modules\jest-runner\build\runTest.js:444:34)
    at Object.worker (C:\Users\Cheem\OneDrive\Coding\clipsCommerce - Copy\node_modules\jest-runner\build\testWorker.js:106:12)</failure>
    </testcase>
    <testcase classname="DataCollectionService getPostMetrics should get post metrics from all platforms successfully" name="DataCollectionService getPostMetrics should get post metrics from all platforms successfully" time="0.003">
    </testcase>
    <testcase classname="DataCollectionService getPostMetrics should handle platform-specific failures gracefully" name="DataCollectionService getPostMetrics should handle platform-specific failures gracefully" time="0.002">
    </testcase>
    <testcase classname="DataCollectionService getPostMetrics should handle client exceptions gracefully" name="DataCollectionService getPostMetrics should handle client exceptions gracefully" time="0.003">
    </testcase>
    <testcase classname="DataCollectionService getPostMetrics should throw error if service not initialized" name="DataCollectionService getPostMetrics should throw error if service not initialized" time="0.005">
    </testcase>
    <testcase classname="DataCollectionService getPostMetrics should handle empty post ID" name="DataCollectionService getPostMetrics should handle empty post ID" time="0.003">
    </testcase>
    <testcase classname="DataCollectionService getPostMetrics should process platforms in parallel" name="DataCollectionService getPostMetrics should process platforms in parallel" time="0.108">
    </testcase>
    <testcase classname="DataCollectionService getUserActivity should get user activity from all platforms successfully" name="DataCollectionService getUserActivity should get user activity from all platforms successfully" time="0.002">
    </testcase>
    <testcase classname="DataCollectionService getUserActivity should handle platform failures gracefully" name="DataCollectionService getUserActivity should handle platform failures gracefully" time="0.002">
    </testcase>
    <testcase classname="DataCollectionService getUserActivity should handle client exceptions gracefully" name="DataCollectionService getUserActivity should handle client exceptions gracefully" time="0.002">
    </testcase>
    <testcase classname="DataCollectionService getUserActivity should throw error if service not initialized" name="DataCollectionService getUserActivity should throw error if service not initialized" time="0.001">
    </testcase>
    <testcase classname="DataCollectionService getUserActivity should process multiple platforms in parallel" name="DataCollectionService getUserActivity should process multiple platforms in parallel" time="0.102">
    </testcase>
    <testcase classname="DataCollectionService getPlatformClient should return platform client for initialized platform" name="DataCollectionService getPlatformClient should return platform client for initialized platform" time="0.002">
    </testcase>
    <testcase classname="DataCollectionService getPlatformClient should throw error for uninitialized platform" name="DataCollectionService getPlatformClient should throw error for uninitialized platform" time="0.002">
    </testcase>
    <testcase classname="DataCollectionService getPlatformClient should throw error if service not initialized" name="DataCollectionService getPlatformClient should throw error if service not initialized" time="0.001">
      <failure>Error: DataCollectionService has not been initialized. Call initialize() first.
    at DataCollectionService.ensureInitialized (C:\Users\Cheem\OneDrive\Coding\clipsCommerce - Copy\src\app\workflows\data_collection\lib\data-collection-service.ts:141:13)
    at DataCollectionService.getPlatformClient (C:\Users\Cheem\OneDrive\Coding\clipsCommerce - Copy\src\app\workflows\data_collection\lib\data-collection-service.ts:125:10)
    at C:\Users\Cheem\OneDrive\Coding\clipsCommerce - Copy\src\app\workflows\data_collection\lib\__tests__\data-collection-service.test.ts:347:41
    at Object.toThrow (C:\Users\Cheem\OneDrive\Coding\clipsCommerce - Copy\node_modules\expect\build\index.js:202:58)
    at Object.&lt;anonymous&gt; (C:\Users\Cheem\OneDrive\Coding\clipsCommerce - Copy\src\app\workflows\data_collection\lib\__tests__\data-collection-service.test.ts:348:18)
    at Promise.then.completed (C:\Users\Cheem\OneDrive\Coding\clipsCommerce - Copy\node_modules\jest-circus\build\utils.js:298:28)
    at new Promise (&lt;anonymous&gt;)
    at callAsyncCircusFn (C:\Users\Cheem\OneDrive\Coding\clipsCommerce - Copy\node_modules\jest-circus\build\utils.js:231:10)
    at _callCircusTest (C:\Users\Cheem\OneDrive\Coding\clipsCommerce - Copy\node_modules\jest-circus\build\run.js:316:40)
    at _runTest (C:\Users\Cheem\OneDrive\Coding\clipsCommerce - Copy\node_modules\jest-circus\build\run.js:252:3)
    at _runTestsForDescribeBlock (C:\Users\Cheem\OneDrive\Coding\clipsCommerce - Copy\node_modules\jest-circus\build\run.js:126:9)
    at _runTestsForDescribeBlock (C:\Users\Cheem\OneDrive\Coding\clipsCommerce - Copy\node_modules\jest-circus\build\run.js:121:9)
    at _runTestsForDescribeBlock (C:\Users\Cheem\OneDrive\Coding\clipsCommerce - Copy\node_modules\jest-circus\build\run.js:121:9)
    at run (C:\Users\Cheem\OneDrive\Coding\clipsCommerce - Copy\node_modules\jest-circus\build\run.js:71:3)
    at runAndTransformResultsToJestFormat (C:\Users\Cheem\OneDrive\Coding\clipsCommerce - Copy\node_modules\jest-circus\build\legacy-code-todo-rewrite\jestAdapterInit.js:122:21)
    at jestAdapter (C:\Users\Cheem\OneDrive\Coding\clipsCommerce - Copy\node_modules\jest-circus\build\legacy-code-todo-rewrite\jestAdapter.js:79:19)
    at runTestInternal (C:\Users\Cheem\OneDrive\Coding\clipsCommerce - Copy\node_modules\jest-runner\build\runTest.js:367:16)
    at runTest (C:\Users\Cheem\OneDrive\Coding\clipsCommerce - Copy\node_modules\jest-runner\build\runTest.js:444:34)
    at Object.worker (C:\Users\Cheem\OneDrive\Coding\clipsCommerce - Copy\node_modules\jest-runner\build\testWorker.js:106:12)</failure>
    </testcase>
    <testcase classname="DataCollectionService error handling and edge cases should handle malformed platform auth data" name="DataCollectionService error handling and edge cases should handle malformed platform auth data" time="0.003">
    </testcase>
    <testcase classname="DataCollectionService error handling and edge cases should handle concurrent initialization attempts" name="DataCollectionService error handling and edge cases should handle concurrent initialization attempts" time="0.002">
      <failure>Error: expect(jest.fn()).toHaveBeenCalledTimes(expected)

Expected number of calls: 1
Received number of calls: 3
    at Object.&lt;anonymous&gt; (C:\Users\Cheem\OneDrive\Coding\clipsCommerce - Copy\src\app\workflows\data_collection\lib\__tests__\data-collection-service.test.ts:385:50)</failure>
    </testcase>
    <testcase classname="DataCollectionService error handling and edge cases should handle platform client factory returning null" name="DataCollectionService error handling and edge cases should handle platform client factory returning null" time="0.001">
    </testcase>
    <testcase classname="DataCollectionService error handling and edge cases should handle memory pressure with many platforms" name="DataCollectionService error handling and edge cases should handle memory pressure with many platforms" time="0.002">
    </testcase>
    <testcase classname="DataCollectionService performance and scalability should handle large post metrics requests efficiently" name="DataCollectionService performance and scalability should handle large post metrics requests efficiently" time="0.002">
    </testcase>
    <testcase classname="DataCollectionService performance and scalability should handle memory efficiently with large datasets" name="DataCollectionService performance and scalability should handle memory efficiently with large datasets" time="0.002">
    </testcase>
  </testsuite>
  <testsuite name="ReportGenerator" errors="0" failures="0" skipped="0" timestamp="2025-06-16T07:34:21" time="0.337" tests="22">
    <testcase classname="ReportGenerator generateReport should generate HTML report with summary" name="ReportGenerator generateReport should generate HTML report with summary" time="0.002">
    </testcase>
    <testcase classname="ReportGenerator generateReport should generate HTML report without summary when not provided" name="ReportGenerator generateReport should generate HTML report without summary when not provided" time="0.001">
    </testcase>
    <testcase classname="ReportGenerator generateReport should generate JSON report with data and insights" name="ReportGenerator generateReport should generate JSON report with data and insights" time="0.008">
    </testcase>
    <testcase classname="ReportGenerator generateReport should generate PDF placeholder" name="ReportGenerator generateReport should generate PDF placeholder" time="0.001">
    </testcase>
    <testcase classname="ReportGenerator generateReport should handle different report options" name="ReportGenerator generateReport should handle different report options" time="0.001">
    </testcase>
    <testcase classname="ReportGenerator generateReport should handle empty data gracefully" name="ReportGenerator generateReport should handle empty data gracefully" time="0.001">
    </testcase>
    <testcase classname="ReportGenerator generateReport should handle complex data structures" name="ReportGenerator generateReport should handle complex data structures" time="0.001">
    </testcase>
    <testcase classname="ReportGenerator scheduleRecurringReport should schedule daily recurring report" name="ReportGenerator scheduleRecurringReport should schedule daily recurring report" time="0">
    </testcase>
    <testcase classname="ReportGenerator scheduleRecurringReport should schedule weekly recurring report" name="ReportGenerator scheduleRecurringReport should schedule weekly recurring report" time="0">
    </testcase>
    <testcase classname="ReportGenerator scheduleRecurringReport should schedule monthly recurring report" name="ReportGenerator scheduleRecurringReport should schedule monthly recurring report" time="0">
    </testcase>
    <testcase classname="ReportGenerator scheduleRecurringReport should handle empty recipients list" name="ReportGenerator scheduleRecurringReport should handle empty recipients list" time="0">
    </testcase>
    <testcase classname="ReportGenerator scheduleRecurringReport should handle empty metrics list" name="ReportGenerator scheduleRecurringReport should handle empty metrics list" time="0">
    </testcase>
    <testcase classname="ReportGenerator scheduleRecurringReport should handle multiple scheduling requests" name="ReportGenerator scheduleRecurringReport should handle multiple scheduling requests" time="0.001">
    </testcase>
    <testcase classname="ReportGenerator EmailService integration should work without email service" name="ReportGenerator EmailService integration should work without email service" time="0">
    </testcase>
    <testcase classname="ReportGenerator EmailService integration should integrate with email service for future delivery" name="ReportGenerator EmailService integration should integrate with email service for future delivery" time="0">
    </testcase>
    <testcase classname="ReportGenerator performance and reliability should handle large data sets efficiently" name="ReportGenerator performance and reliability should handle large data sets efficiently" time="0.001">
    </testcase>
    <testcase classname="ReportGenerator performance and reliability should handle concurrent report generation" name="ReportGenerator performance and reliability should handle concurrent report generation" time="0.002">
    </testcase>
    <testcase classname="ReportGenerator performance and reliability should maintain consistent output format" name="ReportGenerator performance and reliability should maintain consistent output format" time="0.001">
    </testcase>
    <testcase classname="ReportGenerator future implementation readiness should support email delivery integration" name="ReportGenerator future implementation readiness should support email delivery integration" time="0">
    </testcase>
    <testcase classname="ReportGenerator future implementation readiness should support chart generation integration" name="ReportGenerator future implementation readiness should support chart generation integration" time="0">
    </testcase>
    <testcase classname="ReportGenerator future implementation readiness should support raw data inclusion" name="ReportGenerator future implementation readiness should support raw data inclusion" time="0">
    </testcase>
    <testcase classname="ReportGenerator future implementation readiness should support advanced scheduling features" name="ReportGenerator future implementation readiness should support advanced scheduling features" time="0">
    </testcase>
  </testsuite>
  <testsuite name="Team Dashboard Edge Case Integration" errors="0" failures="1" skipped="0" timestamp="2025-06-16T07:34:20" time="1.52" tests="10">
    <testcase classname="Team Dashboard Edge Case Integration Network Failure Scenarios should handle API timeout gracefully" name="Team Dashboard Edge Case Integration Network Failure Scenarios should handle API timeout gracefully" time="0.175">
    </testcase>
    <testcase classname="Team Dashboard Edge Case Integration Network Failure Scenarios should handle intermittent connectivity issues" name="Team Dashboard Edge Case Integration Network Failure Scenarios should handle intermittent connectivity issues" time="0.528">
      <failure>Error: expect(element).toHaveTextContent()

Expected element to have text content:
  3
Received:
  2

Ignored nodes: comments, script, style
&lt;html&gt;
  &lt;head /&gt;
  &lt;body&gt;
    &lt;div&gt;
      &lt;div
        data-testid=&quot;test-wrapper&quot;
      &gt;
        &lt;div
          data-testid=&quot;retry-count&quot;
        &gt;
          2
        &lt;/div&gt;
        &lt;div
          data-testid=&quot;data-result&quot;
        &gt;
          success
        &lt;/div&gt;
      &lt;/div&gt;
    &lt;/div&gt;
  &lt;/body&gt;
&lt;/html&gt;
    at timeout (C:\Users\Cheem\OneDrive\Coding\clipsCommerce - Copy\src\__tests__\team-dashboard\EdgeCaseIntegration.test.tsx:136:51)
    at runWithExpensiveErrorDiagnosticsDisabled (C:\Users\Cheem\OneDrive\Coding\clipsCommerce - Copy\node_modules\@testing-library\dom\dist\config.js:47:12)
    at checkCallback (C:\Users\Cheem\OneDrive\Coding\clipsCommerce - Copy\node_modules\@testing-library\dom\dist\wait-for.js:124:77)
    at checkRealTimersCallback (C:\Users\Cheem\OneDrive\Coding\clipsCommerce - Copy\node_modules\@testing-library\dom\dist\wait-for.js:118:16)
    at Timeout.task [as _onTimeout] (C:\Users\Cheem\OneDrive\Coding\clipsCommerce - Copy\node_modules\jsdom\lib\jsdom\browser\Window.js:579:19)
    at listOnTimeout (node:internal/timers:588:17)
    at processTimers (node:internal/timers:523:7)</failure>
    </testcase>
    <testcase classname="Team Dashboard Edge Case Integration Data Corruption and Recovery should handle corrupted local storage data" name="Team Dashboard Edge Case Integration Data Corruption and Recovery should handle corrupted local storage data" time="0.01">
    </testcase>
    <testcase classname="Team Dashboard Edge Case Integration Data Corruption and Recovery should recover from invalid team configuration" name="Team Dashboard Edge Case Integration Data Corruption and Recovery should recover from invalid team configuration" time="0.006">
    </testcase>
    <testcase classname="Team Dashboard Edge Case Integration Extreme Load Conditions should handle maximum team member limit" name="Team Dashboard Edge Case Integration Extreme Load Conditions should handle maximum team member limit" time="0.009">
    </testcase>
    <testcase classname="Team Dashboard Edge Case Integration Extreme Load Conditions should handle rapid team switching" name="Team Dashboard Edge Case Integration Extreme Load Conditions should handle rapid team switching" time="0.143">
    </testcase>
    <testcase classname="Team Dashboard Edge Case Integration Security Edge Cases should handle malicious input sanitization" name="Team Dashboard Edge Case Integration Security Edge Cases should handle malicious input sanitization" time="0.008">
    </testcase>
    <testcase classname="Team Dashboard Edge Case Integration Security Edge Cases should handle unauthorized access attempts" name="Team Dashboard Edge Case Integration Security Edge Cases should handle unauthorized access attempts" time="0.006">
    </testcase>
    <testcase classname="Team Dashboard Edge Case Integration Browser Compatibility Edge Cases should handle missing modern browser features" name="Team Dashboard Edge Case Integration Browser Compatibility Edge Cases should handle missing modern browser features" time="0.007">
    </testcase>
    <testcase classname="Team Dashboard Edge Case Integration Browser Compatibility Edge Cases should handle localStorage unavailability" name="Team Dashboard Edge Case Integration Browser Compatibility Edge Cases should handle localStorage unavailability" time="0.005">
    </testcase>
  </testsuite>
  <testsuite name="SchedulerService Integration Tests" errors="0" failures="0" skipped="0" timestamp="2025-06-16T07:34:22" time="0.41" tests="11">
    <testcase classname="SchedulerService Integration Tests schedulePost should schedule a post successfully" name="SchedulerService Integration Tests schedulePost should schedule a post successfully" time="0.003">
    </testcase>
    <testcase classname="SchedulerService Integration Tests schedulePost should handle advanced scheduling options" name="SchedulerService Integration Tests schedulePost should handle advanced scheduling options" time="0.001">
    </testcase>
    <testcase classname="SchedulerService Integration Tests schedulePost should handle scheduling failures" name="SchedulerService Integration Tests schedulePost should handle scheduling failures" time="0.001">
    </testcase>
    <testcase classname="SchedulerService Integration Tests publishPost should publish a post immediately" name="SchedulerService Integration Tests publishPost should publish a post immediately" time="0.001">
    </testcase>
    <testcase classname="SchedulerService Integration Tests publishPost should handle publish failures" name="SchedulerService Integration Tests publishPost should handle publish failures" time="0">
    </testcase>
    <testcase classname="SchedulerService Integration Tests getScheduledPosts should retrieve scheduled posts for a platform" name="SchedulerService Integration Tests getScheduledPosts should retrieve scheduled posts for a platform" time="0.001">
    </testcase>
    <testcase classname="SchedulerService Integration Tests getScheduledPosts should return empty array if no posts are scheduled for a platform" name="SchedulerService Integration Tests getScheduledPosts should return empty array if no posts are scheduled for a platform" time="0.001">
    </testcase>
    <testcase classname="SchedulerService Integration Tests cancelPost should cancel a scheduled post" name="SchedulerService Integration Tests cancelPost should cancel a scheduled post" time="0.001">
    </testcase>
    <testcase classname="SchedulerService Integration Tests cancelPost should handle failure to cancel a post" name="SchedulerService Integration Tests cancelPost should handle failure to cancel a post" time="0">
    </testcase>
    <testcase classname="SchedulerService Integration Tests getPostStatus should retrieve the status of a post" name="SchedulerService Integration Tests getPostStatus should retrieve the status of a post" time="0.001">
    </testcase>
    <testcase classname="SchedulerService Integration Tests getPostStatus should return undefined if post status not found" name="SchedulerService Integration Tests getPostStatus should return undefined if post status not found" time="0.001">
    </testcase>
  </testsuite>
  <testsuite name="Button Component" errors="0" failures="0" skipped="0" timestamp="2025-06-16T07:34:22" time="0.628" tests="35">
    <testcase classname="Button Component Basic Rendering should render a button with default props" name="Button Component Basic Rendering should render a button with default props" time="0.041">
    </testcase>
    <testcase classname="Button Component Basic Rendering should render children correctly" name="Button Component Basic Rendering should render children correctly" time="0.01">
    </testcase>
    <testcase classname="Button Component Basic Rendering should apply custom className" name="Button Component Basic Rendering should apply custom className" time="0.005">
    </testcase>
    <testcase classname="Button Component Variants should apply default variant styles" name="Button Component Variants should apply default variant styles" time="0.004">
    </testcase>
    <testcase classname="Button Component Variants should apply destructive variant styles" name="Button Component Variants should apply destructive variant styles" time="0.007">
    </testcase>
    <testcase classname="Button Component Variants should apply outline variant styles" name="Button Component Variants should apply outline variant styles" time="0.004">
    </testcase>
    <testcase classname="Button Component Variants should apply secondary variant styles" name="Button Component Variants should apply secondary variant styles" time="0.003">
    </testcase>
    <testcase classname="Button Component Variants should apply ghost variant styles" name="Button Component Variants should apply ghost variant styles" time="0.003">
    </testcase>
    <testcase classname="Button Component Variants should apply link variant styles" name="Button Component Variants should apply link variant styles" time="0.006">
    </testcase>
    <testcase classname="Button Component Sizes should apply default size styles" name="Button Component Sizes should apply default size styles" time="0.004">
    </testcase>
    <testcase classname="Button Component Sizes should apply small size styles" name="Button Component Sizes should apply small size styles" time="0.004">
    </testcase>
    <testcase classname="Button Component Sizes should apply large size styles" name="Button Component Sizes should apply large size styles" time="0.006">
    </testcase>
    <testcase classname="Button Component Sizes should apply icon size styles" name="Button Component Sizes should apply icon size styles" time="0.003">
    </testcase>
    <testcase classname="Button Component AsChild Prop should render as child component when asChild is true" name="Button Component AsChild Prop should render as child component when asChild is true" time="0.008">
    </testcase>
    <testcase classname="Button Component AsChild Prop should render as button when asChild is false" name="Button Component AsChild Prop should render as button when asChild is false" time="0.006">
    </testcase>
    <testcase classname="Button Component HTML Attributes should pass through standard button attributes" name="Button Component HTML Attributes should pass through standard button attributes" time="0.006">
    </testcase>
    <testcase classname="Button Component HTML Attributes should handle onClick events" name="Button Component HTML Attributes should handle onClick events" time="0.007">
    </testcase>
    <testcase classname="Button Component HTML Attributes should not trigger onClick when disabled" name="Button Component HTML Attributes should not trigger onClick when disabled" time="0.004">
    </testcase>
    <testcase classname="Button Component Accessibility should have proper focus styles" name="Button Component Accessibility should have proper focus styles" time="0.002">
    </testcase>
    <testcase classname="Button Component Accessibility should be keyboard accessible" name="Button Component Accessibility should be keyboard accessible" time="0.004">
    </testcase>
    <testcase classname="Button Component Accessibility should support aria attributes" name="Button Component Accessibility should support aria attributes" time="0.006">
    </testcase>
    <testcase classname="Button Component Accessibility should have proper disabled state styling" name="Button Component Accessibility should have proper disabled state styling" time="0.004">
    </testcase>
    <testcase classname="Button Component Ref Forwarding should forward ref to button element" name="Button Component Ref Forwarding should forward ref to button element" time="0.003">
    </testcase>
    <testcase classname="Button Component Ref Forwarding should forward ref when using asChild" name="Button Component Ref Forwarding should forward ref when using asChild" time="0.005">
    </testcase>
    <testcase classname="Button Component Variant and Size Combinations should combine variant and size classes correctly" name="Button Component Variant and Size Combinations should combine variant and size classes correctly" time="0.009">
    </testcase>
    <testcase classname="Button Component Variant and Size Combinations should handle all variant and size combinations" name="Button Component Variant and Size Combinations should handle all variant and size combinations" time="0.067">
    </testcase>
    <testcase classname="Button Component Edge Cases should handle empty children" name="Button Component Edge Cases should handle empty children" time="0.002">
    </testcase>
    <testcase classname="Button Component Edge Cases should handle null children" name="Button Component Edge Cases should handle null children" time="0.002">
    </testcase>
    <testcase classname="Button Component Edge Cases should handle undefined props gracefully" name="Button Component Edge Cases should handle undefined props gracefully" time="0.002">
    </testcase>
    <testcase classname="Button Component Edge Cases should handle very long text content" name="Button Component Edge Cases should handle very long text content" time="0.002">
    </testcase>
    <testcase classname="Button Component Performance should render quickly with many buttons" name="Button Component Performance should render quickly with many buttons" time="0.032">
    </testcase>
    <testcase classname="Button Component Performance should not cause memory leaks on unmount" name="Button Component Performance should not cause memory leaks on unmount" time="0.003">
    </testcase>
    <testcase classname="Button Component Button Variants Function should generate correct classes for default variant and size" name="Button Component Button Variants Function should generate correct classes for default variant and size" time="0.001">
    </testcase>
    <testcase classname="Button Component Button Variants Function should generate correct classes for custom variant and size" name="Button Component Button Variants Function should generate correct classes for custom variant and size" time="0.001">
    </testcase>
    <testcase classname="Button Component Button Variants Function should merge custom className" name="Button Component Button Variants Function should merge custom className" time="0.001">
    </testcase>
  </testsuite>
  <testsuite name="contentGeneration" errors="0" failures="0" skipped="0" timestamp="2025-06-16T07:34:22" time="0.292" tests="14">
    <testcase classname="contentGeneration generateContent should generate content successfully with all parameters" name="contentGeneration generateContent should generate content successfully with all parameters" time="0.002">
    </testcase>
    <testcase classname="contentGeneration generateContent should generate content with minimal parameters" name="contentGeneration generateContent should generate content with minimal parameters" time="0">
    </testcase>
    <testcase classname="contentGeneration generateContent should handle different platforms correctly" name="contentGeneration generateContent should handle different platforms correctly" time="0.002">
    </testcase>
    <testcase classname="contentGeneration generateContent should handle empty caption gracefully" name="contentGeneration generateContent should handle empty caption gracefully" time="0.002">
    </testcase>
    <testcase classname="contentGeneration generateContent should handle long captions" name="contentGeneration generateContent should handle long captions" time="0.002">
    </testcase>
    <testcase classname="contentGeneration generateContent should handle special characters in caption" name="contentGeneration generateContent should handle special characters in caption" time="0.001">
    </testcase>
    <testcase classname="contentGeneration generateContent should handle large number of hashtags" name="contentGeneration generateContent should handle large number of hashtags" time="0.001">
    </testcase>
    <testcase classname="contentGeneration generateContent should handle different target audiences" name="contentGeneration generateContent should handle different target audiences" time="0.003">
    </testcase>
    <testcase classname="contentGeneration generateContent should handle NLP service errors gracefully" name="contentGeneration generateContent should handle NLP service errors gracefully" time="0.019">
    </testcase>
    <testcase classname="contentGeneration generateContent should handle malformed NLP response" name="contentGeneration generateContent should handle malformed NLP response" time="0.001">
    </testcase>
    <testcase classname="contentGeneration generateContent should preserve request parameters in NLP call" name="contentGeneration generateContent should preserve request parameters in NLP call" time="0.001">
    </testcase>
    <testcase classname="contentGeneration generateContent should handle concurrent requests" name="contentGeneration generateContent should handle concurrent requests" time="0.002">
    </testcase>
    <testcase classname="contentGeneration generateContent should handle undefined hashtags array" name="contentGeneration generateContent should handle undefined hashtags array" time="0.001">
    </testcase>
    <testcase classname="contentGeneration generateContent should handle performance with large optimization data" name="contentGeneration generateContent should handle performance with large optimization data" time="0.001">
    </testcase>
  </testsuite>
  <testsuite name="VideoOptimizationAnalysisService" errors="0" failures="0" skipped="0" timestamp="2025-06-16T07:34:22" time="1.189" tests="12">
    <testcase classname="VideoOptimizationAnalysisService constructor should throw error if no API key is provided" name="VideoOptimizationAnalysisService constructor should throw error if no API key is provided" time="0.016">
    </testcase>
    <testcase classname="VideoOptimizationAnalysisService constructor should instantiate OptimizedVideoGenerator with the API key" name="VideoOptimizationAnalysisService constructor should instantiate OptimizedVideoGenerator with the API key" time="0.002">
    </testcase>
    <testcase classname="VideoOptimizationAnalysisService getVideoOptimizationInsights should call all relevant engines and combine their data" name="VideoOptimizationAnalysisService getVideoOptimizationInsights should call all relevant engines and combine their data" time="0.017">
    </testcase>
    <testcase classname="VideoOptimizationAnalysisService getVideoOptimizationInsights should handle failure in ContentInsightsEngine gracefully" name="VideoOptimizationAnalysisService getVideoOptimizationInsights should handle failure in ContentInsightsEngine gracefully" time="0.003">
    </testcase>
    <testcase classname="VideoOptimizationAnalysisService getVideoOptimizationInsights should handle failure in ViralityEngine gracefully" name="VideoOptimizationAnalysisService getVideoOptimizationInsights should handle failure in ViralityEngine gracefully" time="0.003">
    </testcase>
    <testcase classname="VideoOptimizationAnalysisService getVideoOptimizationInsights should handle failure in SentimentAnalysisEngine gracefully" name="VideoOptimizationAnalysisService getVideoOptimizationInsights should handle failure in SentimentAnalysisEngine gracefully" time="0.003">
    </testcase>
    <testcase classname="VideoOptimizationAnalysisService getVideoOptimizationInsights should handle no captions found gracefully" name="VideoOptimizationAnalysisService getVideoOptimizationInsights should handle no captions found gracefully" time="0.003">
    </testcase>
    <testcase classname="VideoOptimizationAnalysisService getVideoOptimizationInsights should handle unexpected errors from engines" name="VideoOptimizationAnalysisService getVideoOptimizationInsights should handle unexpected errors from engines" time="0.006">
    </testcase>
    <testcase classname="VideoOptimizationAnalysisService generateOptimizedContent should call OptimizedVideoGenerator with correct parameters" name="VideoOptimizationAnalysisService generateOptimizedContent should call OptimizedVideoGenerator with correct parameters" time="0.002">
    </testcase>
    <testcase classname="VideoOptimizationAnalysisService generateOptimizedContent should return error for missing analysis" name="VideoOptimizationAnalysisService generateOptimizedContent should return error for missing analysis" time="0.001">
    </testcase>
    <testcase classname="VideoOptimizationAnalysisService generateOptimizedContent should return error for missing userPreferences" name="VideoOptimizationAnalysisService generateOptimizedContent should return error for missing userPreferences" time="0.002">
    </testcase>
    <testcase classname="VideoOptimizationAnalysisService generateOptimizedContent should handle generator failure gracefully" name="VideoOptimizationAnalysisService generateOptimizedContent should handle generator failure gracefully" time="0.002">
    </testcase>
  </testsuite>
  <testsuite name="AutopostingService" errors="0" failures="0" skipped="0" timestamp="2025-06-16T07:34:23" time="0.381" tests="12">
    <testcase classname="AutopostingService social media integration should post to TikTok successfully" name="AutopostingService social media integration should post to TikTok successfully" time="0.002">
    </testcase>
    <testcase classname="AutopostingService social media integration should handle Instagram posts" name="AutopostingService social media integration should handle Instagram posts" time="0.001">
    </testcase>
    <testcase classname="AutopostingService social media integration should successfully post to YouTube" name="AutopostingService social media integration should successfully post to YouTube" time="0.001">
    </testcase>
    <testcase classname="AutopostingService social media integration should handle cross-platform posting" name="AutopostingService social media integration should handle cross-platform posting" time="0.003">
    </testcase>
    <testcase classname="AutopostingService rate limiting should handle rate limits gracefully" name="AutopostingService rate limiting should handle rate limits gracefully" time="0.001">
    </testcase>
    <testcase classname="AutopostingService rate limiting should queue posts when rate limited" name="AutopostingService rate limiting should queue posts when rate limited" time="0">
    </testcase>
    <testcase classname="AutopostingService error handling should handle authentication errors" name="AutopostingService error handling should handle authentication errors" time="0.014">
    </testcase>
    <testcase classname="AutopostingService error handling should handle network errors" name="AutopostingService error handling should handle network errors" time="0.002">
    </testcase>
    <testcase classname="AutopostingService error handling should handle content policy violations" name="AutopostingService error handling should handle content policy violations" time="0.003">
    </testcase>
    <testcase classname="AutopostingService error handling should handle file upload failures" name="AutopostingService error handling should handle file upload failures" time="0.002">
    </testcase>
    <testcase classname="AutopostingService error handling should handle generic API errors" name="AutopostingService error handling should handle generic API errors" time="0.001">
    </testcase>
    <testcase classname="AutopostingService error handling should handle platform-specific errors" name="AutopostingService error handling should handle platform-specific errors" time="0.002">
    </testcase>
  </testsuite>
  <testsuite name="Footer Component" errors="0" failures="4" skipped="0" timestamp="2025-06-16T07:34:23" time="1.134" tests="29">
    <testcase classname="Footer Component Content Rendering should render all main sections" name="Footer Component Content Rendering should render all main sections" time="0.035">
    </testcase>
    <testcase classname="Footer Component Content Rendering should render copyright with current year" name="Footer Component Content Rendering should render copyright with current year" time="0.015">
    </testcase>
    <testcase classname="Footer Component Content Rendering should render social media icons" name="Footer Component Content Rendering should render social media icons" time="0.016">
    </testcase>
    <testcase classname="Footer Component Product Section Links should render all product links with correct hrefs" name="Footer Component Product Section Links should render all product links with correct hrefs" time="0.022">
    </testcase>
    <testcase classname="Footer Component Product Section Links should have proper styling for product links" name="Footer Component Product Section Links should have proper styling for product links" time="0.026">
    </testcase>
    <testcase classname="Footer Component Company Section Links should render all company links" name="Footer Component Company Section Links should render all company links" time="0.025">
    </testcase>
    <testcase classname="Footer Component Company Section Links should have placeholder hrefs for company links" name="Footer Component Company Section Links should have placeholder hrefs for company links" time="0.021">
    </testcase>
    <testcase classname="Footer Component Resources Section Links should render all resource links" name="Footer Component Resources Section Links should render all resource links" time="0.024">
    </testcase>
    <testcase classname="Footer Component Resources Section Links should have placeholder hrefs for resource links" name="Footer Component Resources Section Links should have placeholder hrefs for resource links" time="0.017">
    </testcase>
    <testcase classname="Footer Component Legal Section Links should render all legal links" name="Footer Component Legal Section Links should render all legal links" time="0.018">
    </testcase>
    <testcase classname="Footer Component Legal Section Links should have placeholder hrefs for legal links" name="Footer Component Legal Section Links should have placeholder hrefs for legal links" time="0.019">
    </testcase>
    <testcase classname="Footer Component Social Media Links should render social media links with proper accessibility" name="Footer Component Social Media Links should render social media links with proper accessibility" time="0.017">
      <failure>TestingLibraryElementError: Unable to find a label with the text of: Twitter

Ignored nodes: comments, script, style
&lt;body&gt;
  &lt;div&gt;
    &lt;footer
      class=&quot;bg-gray-50 border-t border-gray-100&quot;
    &gt;
      &lt;div
        class=&quot;container mx-auto px-4 py-12&quot;
      &gt;
        &lt;div
          class=&quot;grid grid-cols-2 md:grid-cols-4 gap-8 mb-12&quot;
        &gt;
          &lt;div&gt;
            &lt;h3
              class=&quot;font-semibold text-gray-900 mb-4&quot;
            &gt;
              Product
            &lt;/h3&gt;
            &lt;ul
              class=&quot;space-y-2&quot;
            &gt;
              &lt;li&gt;
                &lt;a
                  class=&quot;text-gray-600 hover:text-blue-600&quot;
                  href=&quot;#features&quot;
                &gt;
                  Features
                &lt;/a&gt;
              &lt;/li&gt;
              &lt;li&gt;
                &lt;a
                  class=&quot;text-gray-600 hover:text-blue-600&quot;
                  href=&quot;#pricing&quot;
                &gt;
                  Pricing
                &lt;/a&gt;
              &lt;/li&gt;
              &lt;li&gt;
                &lt;a
                  class=&quot;text-gray-600 hover:text-blue-600&quot;
                  href=&quot;/dashboard&quot;
                &gt;
                  Dashboard
                &lt;/a&gt;
              &lt;/li&gt;
              &lt;li&gt;
                &lt;a
                  class=&quot;text-gray-600 hover:text-blue-600&quot;
                  href=&quot;#&quot;
                &gt;
                  API
                &lt;/a&gt;
              &lt;/li&gt;
            &lt;/ul&gt;
          &lt;/div&gt;
          &lt;div&gt;
            &lt;h3
              class=&quot;font-semibold text-gray-900 mb-4&quot;
            &gt;
              Company
            &lt;/h3&gt;
            &lt;ul
              class=&quot;space-y-2&quot;
            &gt;
              &lt;li&gt;
                &lt;a
                  class=&quot;text-gray-600 hover:text-blue-600&quot;
                  href=&quot;#&quot;
                &gt;
                  About
                &lt;/a&gt;
              &lt;/li&gt;
              &lt;li&gt;
                &lt;a
                  class=&quot;text-gray-600 hover:text-blue-600&quot;
                  href=&quot;#&quot;
                &gt;
                  Blog
                &lt;/a&gt;
              &lt;/li&gt;
              &lt;li&gt;
                &lt;a
                  class=&quot;text-gray-600 hover:text-blue-600&quot;
                  href=&quot;#&quot;
                &gt;
                  Careers
                &lt;/a&gt;
              &lt;/li&gt;
              &lt;li&gt;
                &lt;a
                  class=&quot;text-gray-600 hover:text-blue-600&quot;
                  href=&quot;#&quot;
                &gt;
                  Press
                &lt;/a&gt;
              &lt;/li&gt;
            &lt;/ul&gt;
          &lt;/div&gt;
          &lt;div&gt;
            &lt;h3
              class=&quot;font-semibold text-gray-900 mb-4&quot;
            &gt;
              Resources
            &lt;/h3&gt;
            &lt;ul
              class=&quot;space-y-2&quot;
            &gt;
              &lt;li&gt;
                &lt;a
                  class=&quot;text-gray-600 hover:text-blue-600&quot;
                  href=&quot;#&quot;
                &gt;
                  Documentation
                &lt;/a&gt;
              &lt;/li&gt;
              &lt;li&gt;
                &lt;a
                  class=&quot;text-gray-600 hover:text-blue-600&quot;
                  href=&quot;#&quot;
                &gt;
                  Help Center
                &lt;/a&gt;
              &lt;/li&gt;
              &lt;li&gt;
                &lt;a
                  class=&quot;text-gray-600 hover:text-blue-600&quot;
                  href=&quot;#&quot;
                &gt;
                  Community
                &lt;/a&gt;
              &lt;/li&gt;
              &lt;li&gt;
                &lt;a
                  class=&quot;text-gray-600 hover:text-blue-600&quot;
                  href=&quot;#&quot;
                &gt;
                  Status
                &lt;/a&gt;
              &lt;/li&gt;
            &lt;/ul&gt;
          &lt;/div&gt;
          &lt;div&gt;
            &lt;h3
              class=&quot;font-semibold text-gray-900 mb-4&quot;
            &gt;
              Legal
            &lt;/h3&gt;
            &lt;ul
              class=&quot;space-y-2&quot;
            &gt;
              &lt;li&gt;
                &lt;a
                  class=&quot;text-gray-600 hover:text-blue-600&quot;
                  href=&quot;#&quot;
                &gt;
                  Privacy
                &lt;/a&gt;
              &lt;/li&gt;
              &lt;li&gt;
                &lt;a
                  class=&quot;text-gray-600 hover:text-blue-600&quot;
                  href=&quot;#&quot;
                &gt;
                  Terms
                &lt;/a&gt;
              &lt;/li&gt;
              &lt;li&gt;
                &lt;a
                  class=&quot;text-gray-600 hover:text-blue-600&quot;
                  href=&quot;#&quot;
                &gt;
                  Security
                &lt;/a&gt;
              &lt;/li&gt;
              &lt;li&gt;
                &lt;a
                  class=&quot;text-gray-600 hover:text-blue-600&quot;
                  href=&quot;#&quot;
                &gt;
                  Cookies
                &lt;/a&gt;
              &lt;/li&gt;
            &lt;/ul&gt;
          &lt;/div&gt;
        &lt;/div&gt;
        &lt;div
          class=&quot;flex flex-col md:flex-row justify-between items-center pt-8 border-t border-gray-200&quot;
        &gt;
          &lt;div
            class=&quot;text-gray-600 mb-4 md:mb-0&quot;
          &gt;
            © 
            2025
             Your Company. All rights reserved.
          &lt;/div&gt;
          &lt;div
            class=&quot;flex space-x-6&quot;
          &gt;
            &lt;a
              class=&quot;text-gray-400 hover:text-gray-500&quot;
              href=&quot;#&quot;
            &gt;
              &lt;span
                class=&quot;sr-only&quot;
              &gt;
                Twitter
              &lt;/span&gt;
              &lt;svg
                class=&quot;h-6 w-6&quot;
                data-testid=&quot;Twitter-icon&quot;
              /&gt;
            &lt;/a&gt;
            &lt;a
              class=&quot;text-gray-400 hover:text-gray-500&quot;
              href=&quot;#&quot;
            &gt;
              &lt;span
                class=&quot;sr-only&quot;
              &gt;
                LinkedIn
              &lt;/span&gt;
              &lt;svg
                class=&quot;h-6 w-6&quot;
                data-testid=&quot;Linkedin-icon&quot;
              /&gt;
            &lt;/a&gt;
            &lt;a
              class=&quot;text-gray-400 hover:text-gray-500&quot;
              href=&quot;#&quot;
            &gt;
              &lt;span
                class=&quot;sr-only&quot;
              &gt;
                GitHub
              &lt;/span&gt;
              &lt;svg
                class=&quot;h-6 w-6&quot;
                data-testid=&quot;Github-icon&quot;
              /&gt;
            &lt;/a&gt;
          &lt;/div&gt;
        &lt;/div&gt;
      &lt;/div&gt;
    &lt;/footer&gt;
  &lt;/div&gt;
&lt;/body&gt;
    at Object.getElementError (C:\Users\Cheem\OneDrive\Coding\clipsCommerce - Copy\node_modules\@testing-library\dom\dist\config.js:37:19)
    at getAllByLabelText (C:\Users\Cheem\OneDrive\Coding\clipsCommerce - Copy\node_modules\@testing-library\dom\dist\queries\label-text.js:111:38)
    at C:\Users\Cheem\OneDrive\Coding\clipsCommerce - Copy\node_modules\@testing-library\dom\dist\query-helpers.js:52:17
    at C:\Users\Cheem\OneDrive\Coding\clipsCommerce - Copy\node_modules\@testing-library\dom\dist\query-helpers.js:95:19
    at Object.&lt;anonymous&gt; (C:\Users\Cheem\OneDrive\Coding\clipsCommerce - Copy\src\components\__tests__\footer.test.tsx:116:34)
    at Promise.then.completed (C:\Users\Cheem\OneDrive\Coding\clipsCommerce - Copy\node_modules\jest-circus\build\utils.js:298:28)
    at new Promise (&lt;anonymous&gt;)
    at callAsyncCircusFn (C:\Users\Cheem\OneDrive\Coding\clipsCommerce - Copy\node_modules\jest-circus\build\utils.js:231:10)
    at _callCircusTest (C:\Users\Cheem\OneDrive\Coding\clipsCommerce - Copy\node_modules\jest-circus\build\run.js:316:40)
    at processTicksAndRejections (node:internal/process/task_queues:105:5)
    at _runTest (C:\Users\Cheem\OneDrive\Coding\clipsCommerce - Copy\node_modules\jest-circus\build\run.js:252:3)
    at _runTestsForDescribeBlock (C:\Users\Cheem\OneDrive\Coding\clipsCommerce - Copy\node_modules\jest-circus\build\run.js:126:9)
    at _runTestsForDescribeBlock (C:\Users\Cheem\OneDrive\Coding\clipsCommerce - Copy\node_modules\jest-circus\build\run.js:121:9)
    at _runTestsForDescribeBlock (C:\Users\Cheem\OneDrive\Coding\clipsCommerce - Copy\node_modules\jest-circus\build\run.js:121:9)
    at run (C:\Users\Cheem\OneDrive\Coding\clipsCommerce - Copy\node_modules\jest-circus\build\run.js:71:3)
    at runAndTransformResultsToJestFormat (C:\Users\Cheem\OneDrive\Coding\clipsCommerce - Copy\node_modules\jest-circus\build\legacy-code-todo-rewrite\jestAdapterInit.js:122:21)
    at jestAdapter (C:\Users\Cheem\OneDrive\Coding\clipsCommerce - Copy\node_modules\jest-circus\build\legacy-code-todo-rewrite\jestAdapter.js:79:19)
    at runTestInternal (C:\Users\Cheem\OneDrive\Coding\clipsCommerce - Copy\node_modules\jest-runner\build\runTest.js:367:16)
    at runTest (C:\Users\Cheem\OneDrive\Coding\clipsCommerce - Copy\node_modules\jest-runner\build\runTest.js:444:34)
    at Object.worker (C:\Users\Cheem\OneDrive\Coding\clipsCommerce - Copy\node_modules\jest-runner\build\testWorker.js:106:12)</failure>
    </testcase>
    <testcase classname="Footer Component Social Media Links should have proper styling for social media links" name="Footer Component Social Media Links should have proper styling for social media links" time="0.015">
      <failure>TestingLibraryElementError: Unable to find a label with the text of: Twitter

Ignored nodes: comments, script, style
&lt;body&gt;
  &lt;div&gt;
    &lt;footer
      class=&quot;bg-gray-50 border-t border-gray-100&quot;
    &gt;
      &lt;div
        class=&quot;container mx-auto px-4 py-12&quot;
      &gt;
        &lt;div
          class=&quot;grid grid-cols-2 md:grid-cols-4 gap-8 mb-12&quot;
        &gt;
          &lt;div&gt;
            &lt;h3
              class=&quot;font-semibold text-gray-900 mb-4&quot;
            &gt;
              Product
            &lt;/h3&gt;
            &lt;ul
              class=&quot;space-y-2&quot;
            &gt;
              &lt;li&gt;
                &lt;a
                  class=&quot;text-gray-600 hover:text-blue-600&quot;
                  href=&quot;#features&quot;
                &gt;
                  Features
                &lt;/a&gt;
              &lt;/li&gt;
              &lt;li&gt;
                &lt;a
                  class=&quot;text-gray-600 hover:text-blue-600&quot;
                  href=&quot;#pricing&quot;
                &gt;
                  Pricing
                &lt;/a&gt;
              &lt;/li&gt;
              &lt;li&gt;
                &lt;a
                  class=&quot;text-gray-600 hover:text-blue-600&quot;
                  href=&quot;/dashboard&quot;
                &gt;
                  Dashboard
                &lt;/a&gt;
              &lt;/li&gt;
              &lt;li&gt;
                &lt;a
                  class=&quot;text-gray-600 hover:text-blue-600&quot;
                  href=&quot;#&quot;
                &gt;
                  API
                &lt;/a&gt;
              &lt;/li&gt;
            &lt;/ul&gt;
          &lt;/div&gt;
          &lt;div&gt;
            &lt;h3
              class=&quot;font-semibold text-gray-900 mb-4&quot;
            &gt;
              Company
            &lt;/h3&gt;
            &lt;ul
              class=&quot;space-y-2&quot;
            &gt;
              &lt;li&gt;
                &lt;a
                  class=&quot;text-gray-600 hover:text-blue-600&quot;
                  href=&quot;#&quot;
                &gt;
                  About
                &lt;/a&gt;
              &lt;/li&gt;
              &lt;li&gt;
                &lt;a
                  class=&quot;text-gray-600 hover:text-blue-600&quot;
                  href=&quot;#&quot;
                &gt;
                  Blog
                &lt;/a&gt;
              &lt;/li&gt;
              &lt;li&gt;
                &lt;a
                  class=&quot;text-gray-600 hover:text-blue-600&quot;
                  href=&quot;#&quot;
                &gt;
                  Careers
                &lt;/a&gt;
              &lt;/li&gt;
              &lt;li&gt;
                &lt;a
                  class=&quot;text-gray-600 hover:text-blue-600&quot;
                  href=&quot;#&quot;
                &gt;
                  Press
                &lt;/a&gt;
              &lt;/li&gt;
            &lt;/ul&gt;
          &lt;/div&gt;
          &lt;div&gt;
            &lt;h3
              class=&quot;font-semibold text-gray-900 mb-4&quot;
            &gt;
              Resources
            &lt;/h3&gt;
            &lt;ul
              class=&quot;space-y-2&quot;
            &gt;
              &lt;li&gt;
                &lt;a
                  class=&quot;text-gray-600 hover:text-blue-600&quot;
                  href=&quot;#&quot;
                &gt;
                  Documentation
                &lt;/a&gt;
              &lt;/li&gt;
              &lt;li&gt;
                &lt;a
                  class=&quot;text-gray-600 hover:text-blue-600&quot;
                  href=&quot;#&quot;
                &gt;
                  Help Center
                &lt;/a&gt;
              &lt;/li&gt;
              &lt;li&gt;
                &lt;a
                  class=&quot;text-gray-600 hover:text-blue-600&quot;
                  href=&quot;#&quot;
                &gt;
                  Community
                &lt;/a&gt;
              &lt;/li&gt;
              &lt;li&gt;
                &lt;a
                  class=&quot;text-gray-600 hover:text-blue-600&quot;
                  href=&quot;#&quot;
                &gt;
                  Status
                &lt;/a&gt;
              &lt;/li&gt;
            &lt;/ul&gt;
          &lt;/div&gt;
          &lt;div&gt;
            &lt;h3
              class=&quot;font-semibold text-gray-900 mb-4&quot;
            &gt;
              Legal
            &lt;/h3&gt;
            &lt;ul
              class=&quot;space-y-2&quot;
            &gt;
              &lt;li&gt;
                &lt;a
                  class=&quot;text-gray-600 hover:text-blue-600&quot;
                  href=&quot;#&quot;
                &gt;
                  Privacy
                &lt;/a&gt;
              &lt;/li&gt;
              &lt;li&gt;
                &lt;a
                  class=&quot;text-gray-600 hover:text-blue-600&quot;
                  href=&quot;#&quot;
                &gt;
                  Terms
                &lt;/a&gt;
              &lt;/li&gt;
              &lt;li&gt;
                &lt;a
                  class=&quot;text-gray-600 hover:text-blue-600&quot;
                  href=&quot;#&quot;
                &gt;
                  Security
                &lt;/a&gt;
              &lt;/li&gt;
              &lt;li&gt;
                &lt;a
                  class=&quot;text-gray-600 hover:text-blue-600&quot;
                  href=&quot;#&quot;
                &gt;
                  Cookies
                &lt;/a&gt;
              &lt;/li&gt;
            &lt;/ul&gt;
          &lt;/div&gt;
        &lt;/div&gt;
        &lt;div
          class=&quot;flex flex-col md:flex-row justify-between items-center pt-8 border-t border-gray-200&quot;
        &gt;
          &lt;div
            class=&quot;text-gray-600 mb-4 md:mb-0&quot;
          &gt;
            © 
            2025
             Your Company. All rights reserved.
          &lt;/div&gt;
          &lt;div
            class=&quot;flex space-x-6&quot;
          &gt;
            &lt;a
              class=&quot;text-gray-400 hover:text-gray-500&quot;
              href=&quot;#&quot;
            &gt;
              &lt;span
                class=&quot;sr-only&quot;
              &gt;
                Twitter
              &lt;/span&gt;
              &lt;svg
                class=&quot;h-6 w-6&quot;
                data-testid=&quot;Twitter-icon&quot;
              /&gt;
            &lt;/a&gt;
            &lt;a
              class=&quot;text-gray-400 hover:text-gray-500&quot;
              href=&quot;#&quot;
            &gt;
              &lt;span
                class=&quot;sr-only&quot;
              &gt;
                LinkedIn
              &lt;/span&gt;
              &lt;svg
                class=&quot;h-6 w-6&quot;
                data-testid=&quot;Linkedin-icon&quot;
              /&gt;
            &lt;/a&gt;
            &lt;a
              class=&quot;text-gray-400 hover:text-gray-500&quot;
              href=&quot;#&quot;
            &gt;
              &lt;span
                class=&quot;sr-only&quot;
              &gt;
                GitHub
              &lt;/span&gt;
              &lt;svg
                class=&quot;h-6 w-6&quot;
                data-testid=&quot;Github-icon&quot;
              /&gt;
            &lt;/a&gt;
          &lt;/div&gt;
        &lt;/div&gt;
      &lt;/div&gt;
    &lt;/footer&gt;
  &lt;/div&gt;
&lt;/body&gt;
    at Object.getElementError (C:\Users\Cheem\OneDrive\Coding\clipsCommerce - Copy\node_modules\@testing-library\dom\dist\config.js:37:19)
    at getAllByLabelText (C:\Users\Cheem\OneDrive\Coding\clipsCommerce - Copy\node_modules\@testing-library\dom\dist\queries\label-text.js:111:38)
    at C:\Users\Cheem\OneDrive\Coding\clipsCommerce - Copy\node_modules\@testing-library\dom\dist\query-helpers.js:52:17
    at C:\Users\Cheem\OneDrive\Coding\clipsCommerce - Copy\node_modules\@testing-library\dom\dist\query-helpers.js:95:19
    at Object.&lt;anonymous&gt; (C:\Users\Cheem\OneDrive\Coding\clipsCommerce - Copy\src\components\__tests__\footer.test.tsx:130:34)
    at Promise.then.completed (C:\Users\Cheem\OneDrive\Coding\clipsCommerce - Copy\node_modules\jest-circus\build\utils.js:298:28)
    at new Promise (&lt;anonymous&gt;)
    at callAsyncCircusFn (C:\Users\Cheem\OneDrive\Coding\clipsCommerce - Copy\node_modules\jest-circus\build\utils.js:231:10)
    at _callCircusTest (C:\Users\Cheem\OneDrive\Coding\clipsCommerce - Copy\node_modules\jest-circus\build\run.js:316:40)
    at processTicksAndRejections (node:internal/process/task_queues:105:5)
    at _runTest (C:\Users\Cheem\OneDrive\Coding\clipsCommerce - Copy\node_modules\jest-circus\build\run.js:252:3)
    at _runTestsForDescribeBlock (C:\Users\Cheem\OneDrive\Coding\clipsCommerce - Copy\node_modules\jest-circus\build\run.js:126:9)
    at _runTestsForDescribeBlock (C:\Users\Cheem\OneDrive\Coding\clipsCommerce - Copy\node_modules\jest-circus\build\run.js:121:9)
    at _runTestsForDescribeBlock (C:\Users\Cheem\OneDrive\Coding\clipsCommerce - Copy\node_modules\jest-circus\build\run.js:121:9)
    at run (C:\Users\Cheem\OneDrive\Coding\clipsCommerce - Copy\node_modules\jest-circus\build\run.js:71:3)
    at runAndTransformResultsToJestFormat (C:\Users\Cheem\OneDrive\Coding\clipsCommerce - Copy\node_modules\jest-circus\build\legacy-code-todo-rewrite\jestAdapterInit.js:122:21)
    at jestAdapter (C:\Users\Cheem\OneDrive\Coding\clipsCommerce - Copy\node_modules\jest-circus\build\legacy-code-todo-rewrite\jestAdapter.js:79:19)
    at runTestInternal (C:\Users\Cheem\OneDrive\Coding\clipsCommerce - Copy\node_modules\jest-runner\build\runTest.js:367:16)
    at runTest (C:\Users\Cheem\OneDrive\Coding\clipsCommerce - Copy\node_modules\jest-runner\build\runTest.js:444:34)
    at Object.worker (C:\Users\Cheem\OneDrive\Coding\clipsCommerce - Copy\node_modules\jest-runner\build\testWorker.js:106:12)</failure>
    </testcase>
    <testcase classname="Footer Component Social Media Links should have screen reader text for social media links" name="Footer Component Social Media Links should have screen reader text for social media links" time="0.015">
    </testcase>
    <testcase classname="Footer Component Layout and Styling should have proper footer styling" name="Footer Component Layout and Styling should have proper footer styling" time="0.023">
    </testcase>
    <testcase classname="Footer Component Layout and Styling should have responsive grid layout" name="Footer Component Layout and Styling should have responsive grid layout" time="0.03">
    </testcase>
    <testcase classname="Footer Component Layout and Styling should have proper container styling" name="Footer Component Layout and Styling should have proper container styling" time="0.023">
    </testcase>
    <testcase classname="Footer Component Layout and Styling should have responsive bottom section layout" name="Footer Component Layout and Styling should have responsive bottom section layout" time="0.029">
    </testcase>
    <testcase classname="Footer Component Accessibility should have proper footer landmark" name="Footer Component Accessibility should have proper footer landmark" time="0.014">
    </testcase>
    <testcase classname="Footer Component Accessibility should have accessible navigation structure" name="Footer Component Accessibility should have accessible navigation structure" time="0.031">
    </testcase>
    <testcase classname="Footer Component Accessibility should have accessible links" name="Footer Component Accessibility should have accessible links" time="0.034">
    </testcase>
    <testcase classname="Footer Component Accessibility should have proper list structure" name="Footer Component Accessibility should have proper list structure" time="0.033">
    </testcase>
    <testcase classname="Footer Component Dynamic Content should update copyright year dynamically" name="Footer Component Dynamic Content should update copyright year dynamically" time="0.068">
      <failure>TestingLibraryElementError: Found multiple elements with the text: © 2025 Your Company. All rights reserved.

Here are the matching elements:

Ignored nodes: comments, script, style
&lt;div
  class=&quot;text-gray-600 mb-4 md:mb-0&quot;
&gt;
  © 
  2025
   Your Company. All rights reserved.
&lt;/div&gt;

Ignored nodes: comments, script, style
&lt;div
  class=&quot;text-gray-600 mb-4 md:mb-0&quot;
&gt;
  © 
  2025
   Your Company. All rights reserved.
&lt;/div&gt;

(If this is intentional, then use the `*AllBy*` variant of the query (like `queryAllByText`, `getAllByText`, or `findAllByText`)).

Ignored nodes: comments, script, style
&lt;body&gt;
  &lt;div&gt;
    &lt;footer
      class=&quot;bg-gray-50 border-t border-gray-100&quot;
    &gt;
      &lt;div
        class=&quot;container mx-auto px-4 py-12&quot;
      &gt;
        &lt;div
          class=&quot;grid grid-cols-2 md:grid-cols-4 gap-8 mb-12&quot;
        &gt;
          &lt;div&gt;
            &lt;h3
              class=&quot;font-semibold text-gray-900 mb-4&quot;
            &gt;
              Product
            &lt;/h3&gt;
            &lt;ul
              class=&quot;space-y-2&quot;
            &gt;
              &lt;li&gt;
                &lt;a
                  class=&quot;text-gray-600 hover:text-blue-600&quot;
                  href=&quot;#features&quot;
                &gt;
                  Features
                &lt;/a&gt;
              &lt;/li&gt;
              &lt;li&gt;
                &lt;a
                  class=&quot;text-gray-600 hover:text-blue-600&quot;
                  href=&quot;#pricing&quot;
                &gt;
                  Pricing
                &lt;/a&gt;
              &lt;/li&gt;
              &lt;li&gt;
                &lt;a
                  class=&quot;text-gray-600 hover:text-blue-600&quot;
                  href=&quot;/dashboard&quot;
                &gt;
                  Dashboard
                &lt;/a&gt;
              &lt;/li&gt;
              &lt;li&gt;
                &lt;a
                  class=&quot;text-gray-600 hover:text-blue-600&quot;
                  href=&quot;#&quot;
                &gt;
                  API
                &lt;/a&gt;
              &lt;/li&gt;
            &lt;/ul&gt;
          &lt;/div&gt;
          &lt;div&gt;
            &lt;h3
              class=&quot;font-semibold text-gray-900 mb-4&quot;
            &gt;
              Company
            &lt;/h3&gt;
            &lt;ul
              class=&quot;space-y-2&quot;
            &gt;
              &lt;li&gt;
                &lt;a
                  class=&quot;text-gray-600 hover:text-blue-600&quot;
                  href=&quot;#&quot;
                &gt;
                  About
                &lt;/a&gt;
              &lt;/li&gt;
              &lt;li&gt;
                &lt;a
                  class=&quot;text-gray-600 hover:text-blue-600&quot;
                  href=&quot;#&quot;
                &gt;
                  Blog
                &lt;/a&gt;
              &lt;/li&gt;
              &lt;li&gt;
                &lt;a
                  class=&quot;text-gray-600 hover:text-blue-600&quot;
                  href=&quot;#&quot;
                &gt;
                  Careers
                &lt;/a&gt;
              &lt;/li&gt;
              &lt;li&gt;
                &lt;a
                  class=&quot;text-gray-600 hover:text-blue-600&quot;
                  href=&quot;#&quot;
                &gt;
                  Press
                &lt;/a&gt;
              &lt;/li&gt;
            &lt;/ul&gt;
          &lt;/div&gt;
          &lt;div&gt;
            &lt;h3
              class=&quot;font-semibold text-gray-900 mb-4&quot;
            &gt;
              Resources
            &lt;/h3&gt;
            &lt;ul
              class=&quot;space-y-2&quot;
            &gt;
              &lt;li&gt;
                &lt;a
                  class=&quot;text-gray-600 hover:text-blue-600&quot;
                  href=&quot;#&quot;
                &gt;
                  Documentation
                &lt;/a&gt;
              &lt;/li&gt;
              &lt;li&gt;
                &lt;a
                  class=&quot;text-gray-600 hover:text-blue-600&quot;
                  href=&quot;#&quot;
                &gt;
                  Help Center
                &lt;/a&gt;
              &lt;/li&gt;
              &lt;li&gt;
                &lt;a
                  class=&quot;text-gray-600 hover:text-blue-600&quot;
                  href=&quot;#&quot;
                &gt;
                  Community
                &lt;/a&gt;
              &lt;/li&gt;
              &lt;li&gt;
                &lt;a
                  class=&quot;text-gray-600 hover:text-blue-600&quot;
                  href=&quot;#&quot;
                &gt;
                  Status
                &lt;/a&gt;
              &lt;/li&gt;
            &lt;/ul&gt;
          &lt;/div&gt;
          &lt;div&gt;
            &lt;h3
              class=&quot;font-semibold text-gray-900 mb-4&quot;
            &gt;
              Legal
            &lt;/h3&gt;
            &lt;ul
              class=&quot;space-y-2&quot;
            &gt;
              &lt;li&gt;
                &lt;a
                  class=&quot;text-gray-600 hover:text-blue-600&quot;
                  href=&quot;#&quot;
                &gt;
                  Privacy
                &lt;/a&gt;
              &lt;/li&gt;
              &lt;li&gt;
                &lt;a
                  class=&quot;text-gray-600 hover:text-blue-600&quot;
                  href=&quot;#&quot;
                &gt;
                  Terms
                &lt;/a&gt;
              &lt;/li&gt;
              &lt;li&gt;
                &lt;a
                  class=&quot;text-gray-600 hover:text-blue-600&quot;
                  href=&quot;#&quot;
                &gt;
                  Security
                &lt;/a&gt;
              &lt;/li&gt;
              &lt;li&gt;
                &lt;a
                  class=&quot;text-gray-600 hover:text-blue-600&quot;
                  href=&quot;#&quot;
                &gt;
                  Cookies
                &lt;/a&gt;
              &lt;/li&gt;
            &lt;/ul&gt;
          &lt;/div&gt;
        &lt;/div&gt;
        &lt;div
          class=&quot;flex flex-col md:flex-row justify-between items-center pt-8 border-t border-gray-200&quot;
        &gt;
          &lt;div
            class=&quot;text-gray-600 mb-4 md:mb-0&quot;
          &gt;
            © 
            2025
             Your Company. All rights reserved.
          &lt;/div&gt;
          &lt;div
            class=&quot;flex space-x-6&quot;
          &gt;
            &lt;a
              class=&quot;text-gray-400 hover:text-gray-500&quot;
              href=&quot;#&quot;
            &gt;
              &lt;span
                class=&quot;sr-only&quot;
              &gt;
                Twitter
              &lt;/span&gt;
              &lt;svg
                class=&quot;h-6 w-6&quot;
                data-testid=&quot;Twitter-icon&quot;
              /&gt;
            &lt;/a&gt;
            &lt;a
              class=&quot;text-gray-400 hover:text-gray-500&quot;
              href=&quot;#&quot;
            &gt;
              &lt;span
                class=&quot;sr-only&quot;
              &gt;
                LinkedIn
              &lt;/span&gt;
              &lt;svg
                class=&quot;h-6 w-6&quot;
                data-testid=&quot;Linkedin-icon&quot;
              /&gt;
            &lt;/a&gt;
            &lt;a
              class=&quot;text-gray-400 hover:text-gray-500&quot;
              href=&quot;#&quot;
            &gt;
              &lt;span
                class=&quot;sr-only&quot;
              &gt;
                GitHub
              &lt;/span&gt;
              &lt;svg
                class=&quot;h-6 w-6&quot;
                data-testid=&quot;Github-icon&quot;
              /&gt;
            &lt;/a&gt;
          &lt;/div&gt;
        &lt;/div&gt;
      &lt;/div&gt;
    &lt;/footer&gt;
  &lt;/div&gt;
  &lt;div /&gt;
  &lt;div&gt;
    &lt;footer
      class=&quot;bg-gray-50 border-t border-gray-100&quot;
    &gt;
      &lt;div
        class=&quot;container mx-auto px-4 py-12&quot;
      &gt;
        &lt;div
          class=&quot;grid grid-cols-2 md:grid-cols-4 gap-8 mb-12&quot;
        &gt;
          &lt;div&gt;
            &lt;h3
              class=&quot;font-semibold text-gray-900 mb-4&quot;
            &gt;
              Product
            &lt;/h3&gt;
            &lt;ul
              class=&quot;space-y-2&quot;
            &gt;
              &lt;li&gt;
                &lt;a
                  class=&quot;text-gray-600 hover:text-blue-600&quot;
                  href=&quot;#features&quot;
                &gt;
                  Features
                &lt;/a&gt;
              &lt;/li&gt;
              &lt;li&gt;
                &lt;a
                  class=&quot;text-gray-600 hover:text-blue-600&quot;
                  href=&quot;#pricing&quot;
                &gt;
                  Pricing
                &lt;/a&gt;
              &lt;/li&gt;
              &lt;li&gt;
                &lt;a
                  class=&quot;text-gray-600 hover:text-blue-600&quot;
                  href=&quot;/dashboard&quot;
                &gt;
                  Dashboard
                &lt;/a&gt;
              &lt;/li&gt;
              &lt;li&gt;
                &lt;a
                  class=&quot;text-gray-600 hover:text-blue-600&quot;
                  href=&quot;#&quot;
                &gt;
                  API
                &lt;/a&gt;
              &lt;/li&gt;
            &lt;/ul&gt;
          &lt;/div&gt;
          &lt;div&gt;
            &lt;h3
              class=&quot;font-semibold text-gray-900 mb-4&quot;
            &gt;
              Company
            &lt;/h3&gt;
            &lt;ul
              class=&quot;space-y-2&quot;
            &gt;
              &lt;li&gt;
                &lt;a
                  class=&quot;text-gray-600 hover:text-blue-600&quot;
                  href=&quot;#&quot;
                &gt;
                  About
                &lt;/a&gt;
              &lt;/li&gt;
              &lt;li&gt;
                &lt;a
                  class=&quot;text-gray-600 hover:text-blue-600&quot;
                  href=&quot;#&quot;
                &gt;
                  Blog
                &lt;/a&gt;
              &lt;/li&gt;
              &lt;li&gt;
                &lt;a
                  class=&quot;text-gray-600 hover:text-blue-600&quot;
                  href=&quot;#&quot;
                &gt;
                  Careers
                &lt;/a&gt;
              &lt;/li&gt;
              &lt;li&gt;
                &lt;a
                  class=&quot;text-gray-600 hover:text-blue-600&quot;
                  href=&quot;#&quot;
                &gt;
                  Press
                &lt;/a&gt;
              &lt;/li&gt;
            &lt;/ul&gt;
          &lt;/div&gt;
          &lt;div&gt;
            &lt;h3
              class=&quot;font-semibold text-gray-900 mb-4&quot;
            &gt;
              Resources
            &lt;/h3&gt;
            &lt;ul
              class=&quot;space-y-2&quot;
            &gt;
              &lt;li&gt;
                &lt;a
                  class=&quot;text-gray-600 hover:text-blue-600&quot;
                  href=&quot;#&quot;
                &gt;
                  Documentation
                &lt;/a&gt;
              &lt;/li&gt;
              &lt;li&gt;
                &lt;a
                  class=&quot;text-gray-600 hover:text-blue-600&quot;
                  href=&quot;#&quot;
                &gt;
                  Help Center
                &lt;/a&gt;
              &lt;/li&gt;
              &lt;li&gt;
                &lt;a
                  class=&quot;text-gray-600 hover:text-blue-600&quot;
                  href=&quot;#&quot;
                &gt;
                  Community
                &lt;/a&gt;
              &lt;/li&gt;
              &lt;li&gt;
                &lt;a
                  class=&quot;text-gray-600 hover:text-blue-600&quot;
                  href=&quot;#&quot;
                &gt;
                  Status
                &lt;/a&gt;
              &lt;/li&gt;
            &lt;/ul&gt;
          &lt;/div&gt;
          &lt;div&gt;
            &lt;h3
              class=&quot;font-semibold text-gray-900 mb-4&quot;
            &gt;
              Legal
            &lt;/h3&gt;
            &lt;ul
              class=&quot;space-y-2&quot;
            &gt;
              &lt;li&gt;
                &lt;a
                  class=&quot;text-gray-600 hover:text-blue-600&quot;
                  href=&quot;#&quot;
                &gt;
                  Privacy
                &lt;/a&gt;
              &lt;/li&gt;
              &lt;li&gt;
                &lt;a
                  class=&quot;text-gray-600 hover:text-blue-600&quot;
                  href=&quot;#&quot;
                &gt;
                  Terms
                &lt;/a&gt;
              &lt;/li&gt;
              &lt;li&gt;
                &lt;a
                  class=&quot;text-gray-600 hover:text-blue-600&quot;
                  href=&quot;#&quot;
                &gt;
                  Security
                &lt;/a&gt;
              &lt;/li&gt;
              &lt;li&gt;
                &lt;a
                  class=&quot;text-gray-600 hover:text-blue-600&quot;
                  href=&quot;#&quot;
                &gt;
                  Cookies
                &lt;/a&gt;
              &lt;/li&gt;
            &lt;/ul&gt;
          &lt;/div&gt;
        &lt;/div&gt;
        &lt;div
          class=&quot;flex flex-col md:flex-row justify-between items-center pt-8 border-t border-gray-200&quot;
        &gt;
          &lt;div
            class=&quot;text-gray-600 mb-4 md:mb-0&quot;
          &gt;
            © 
            2025
             Your Company. All rights reserved.
          &lt;/div&gt;
          &lt;div
            class=&quot;flex space-x-6&quot;
          &gt;
            &lt;a
              class=&quot;text-gray-400 hover:text-gray-500&quot;
              href=&quot;#&quot;
            &gt;
              &lt;span
                class=&quot;sr-only&quot;
              &gt;
                Twitter
              &lt;/span&gt;
              &lt;svg
                class=&quot;h-6 w-6&quot;
                data-testid=&quot;Twitter-icon&quot;
              /&gt;
            &lt;/a&gt;
            &lt;a
              class=&quot;text-gray-400 hover:text-gray-500&quot;
              href=&quot;#&quot;
            &gt;
              &lt;span
                class=&quot;sr-only&quot;
              &gt;
                LinkedIn
              &lt;/span&gt;
              &lt;svg
                class=&quot;h-6 w-6&quot;
                data-testid=&quot;Linkedin-icon&quot;
              /&gt;
            &lt;/a&gt;
            &lt;a
              class=&quot;text-gray-400 hover:text-gray-500&quot;
              href=&quot;#&quot;
            &gt;
              &lt;span
                class=&quot;sr-only&quot;
              &gt;
                GitHub
              &lt;/span&gt;
              &lt;svg
                class=&quot;h-6 w-6&quot;
                data-testid=&quot;Github-icon&quot;
              /&gt;
            &lt;/a&gt;
          &lt;/div&gt;
        &lt;/div&gt;
      &lt;/div&gt;
    &lt;/footer&gt;
  &lt;/div&gt;
&lt;/body&gt;
    at Object.getElementError (C:\Users\Cheem\OneDrive\Coding\clipsCommerce - Copy\node_modules\@testing-library\dom\dist\config.js:37:19)
    at getElementError (C:\Users\Cheem\OneDrive\Coding\clipsCommerce - Copy\node_modules\@testing-library\dom\dist\query-helpers.js:20:35)
    at getMultipleElementsFoundError (C:\Users\Cheem\OneDrive\Coding\clipsCommerce - Copy\node_modules\@testing-library\dom\dist\query-helpers.js:23:10)
    at C:\Users\Cheem\OneDrive\Coding\clipsCommerce - Copy\node_modules\@testing-library\dom\dist\query-helpers.js:55:13
    at C:\Users\Cheem\OneDrive\Coding\clipsCommerce - Copy\node_modules\@testing-library\dom\dist\query-helpers.js:95:19
    at Object.&lt;anonymous&gt; (C:\Users\Cheem\OneDrive\Coding\clipsCommerce - Copy\src\components\__tests__\footer.test.tsx:215:21)
    at Promise.then.completed (C:\Users\Cheem\OneDrive\Coding\clipsCommerce - Copy\node_modules\jest-circus\build\utils.js:298:28)
    at new Promise (&lt;anonymous&gt;)
    at callAsyncCircusFn (C:\Users\Cheem\OneDrive\Coding\clipsCommerce - Copy\node_modules\jest-circus\build\utils.js:231:10)
    at _callCircusTest (C:\Users\Cheem\OneDrive\Coding\clipsCommerce - Copy\node_modules\jest-circus\build\run.js:316:40)
    at processTicksAndRejections (node:internal/process/task_queues:105:5)
    at _runTest (C:\Users\Cheem\OneDrive\Coding\clipsCommerce - Copy\node_modules\jest-circus\build\run.js:252:3)
    at _runTestsForDescribeBlock (C:\Users\Cheem\OneDrive\Coding\clipsCommerce - Copy\node_modules\jest-circus\build\run.js:126:9)
    at _runTestsForDescribeBlock (C:\Users\Cheem\OneDrive\Coding\clipsCommerce - Copy\node_modules\jest-circus\build\run.js:121:9)
    at _runTestsForDescribeBlock (C:\Users\Cheem\OneDrive\Coding\clipsCommerce - Copy\node_modules\jest-circus\build\run.js:121:9)
    at run (C:\Users\Cheem\OneDrive\Coding\clipsCommerce - Copy\node_modules\jest-circus\build\run.js:71:3)
    at runAndTransformResultsToJestFormat (C:\Users\Cheem\OneDrive\Coding\clipsCommerce - Copy\node_modules\jest-circus\build\legacy-code-todo-rewrite\jestAdapterInit.js:122:21)
    at jestAdapter (C:\Users\Cheem\OneDrive\Coding\clipsCommerce - Copy\node_modules\jest-circus\build\legacy-code-todo-rewrite\jestAdapter.js:79:19)
    at runTestInternal (C:\Users\Cheem\OneDrive\Coding\clipsCommerce - Copy\node_modules\jest-runner\build\runTest.js:367:16)
    at runTest (C:\Users\Cheem\OneDrive\Coding\clipsCommerce - Copy\node_modules\jest-runner\build\runTest.js:444:34)
    at Object.worker (C:\Users\Cheem\OneDrive\Coding\clipsCommerce - Copy\node_modules\jest-runner\build\testWorker.js:106:12)</failure>
    </testcase>
    <testcase classname="Footer Component Performance should render quickly" name="Footer Component Performance should render quickly" time="0.024">
    </testcase>
    <testcase classname="Footer Component Performance should not cause memory leaks on unmount" name="Footer Component Performance should not cause memory leaks on unmount" time="0.042">
      <failure>Error: expect(element).not.toBeInTheDocument()

expected document not to contain element, found &lt;h3 class=&quot;font-semibold text-gray-900 mb-4&quot;&gt;Product&lt;/h3&gt; instead
    at Object.&lt;anonymous&gt; (C:\Users\Cheem\OneDrive\Coding\clipsCommerce - Copy\src\components\__tests__\footer.test.tsx:235:49)
    at Promise.then.completed (C:\Users\Cheem\OneDrive\Coding\clipsCommerce - Copy\node_modules\jest-circus\build\utils.js:298:28)
    at new Promise (&lt;anonymous&gt;)
    at callAsyncCircusFn (C:\Users\Cheem\OneDrive\Coding\clipsCommerce - Copy\node_modules\jest-circus\build\utils.js:231:10)
    at _callCircusTest (C:\Users\Cheem\OneDrive\Coding\clipsCommerce - Copy\node_modules\jest-circus\build\run.js:316:40)
    at processTicksAndRejections (node:internal/process/task_queues:105:5)
    at _runTest (C:\Users\Cheem\OneDrive\Coding\clipsCommerce - Copy\node_modules\jest-circus\build\run.js:252:3)
    at _runTestsForDescribeBlock (C:\Users\Cheem\OneDrive\Coding\clipsCommerce - Copy\node_modules\jest-circus\build\run.js:126:9)
    at _runTestsForDescribeBlock (C:\Users\Cheem\OneDrive\Coding\clipsCommerce - Copy\node_modules\jest-circus\build\run.js:121:9)
    at _runTestsForDescribeBlock (C:\Users\Cheem\OneDrive\Coding\clipsCommerce - Copy\node_modules\jest-circus\build\run.js:121:9)
    at run (C:\Users\Cheem\OneDrive\Coding\clipsCommerce - Copy\node_modules\jest-circus\build\run.js:71:3)
    at runAndTransformResultsToJestFormat (C:\Users\Cheem\OneDrive\Coding\clipsCommerce - Copy\node_modules\jest-circus\build\legacy-code-todo-rewrite\jestAdapterInit.js:122:21)
    at jestAdapter (C:\Users\Cheem\OneDrive\Coding\clipsCommerce - Copy\node_modules\jest-circus\build\legacy-code-todo-rewrite\jestAdapter.js:79:19)
    at runTestInternal (C:\Users\Cheem\OneDrive\Coding\clipsCommerce - Copy\node_modules\jest-runner\build\runTest.js:367:16)
    at runTest (C:\Users\Cheem\OneDrive\Coding\clipsCommerce - Copy\node_modules\jest-runner\build\runTest.js:444:34)
    at Object.worker (C:\Users\Cheem\OneDrive\Coding\clipsCommerce - Copy\node_modules\jest-runner\build\testWorker.js:106:12)</failure>
    </testcase>
    <testcase classname="Footer Component Error Handling should handle missing icons gracefully" name="Footer Component Error Handling should handle missing icons gracefully" time="0.035">
    </testcase>
    <testcase classname="Footer Component Error Handling should maintain layout integrity" name="Footer Component Error Handling should maintain layout integrity" time="0.013">
    </testcase>
    <testcase classname="Footer Component Link Validation should have all expected navigation links" name="Footer Component Link Validation should have all expected navigation links" time="0.038">
    </testcase>
    <testcase classname="Footer Component Link Validation should have proper link structure" name="Footer Component Link Validation should have proper link structure" time="0.021">
    </testcase>
  </testsuite>
  <testsuite name="Secure Transfer Service" errors="0" failures="2" skipped="0" timestamp="2025-06-16T07:34:24" time="0.357" tests="27">
    <testcase classname="Secure Transfer Service encrypt should encrypt simple string data" name="Secure Transfer Service encrypt should encrypt simple string data" time="0.005">
    </testcase>
    <testcase classname="Secure Transfer Service encrypt should encrypt object data" name="Secure Transfer Service encrypt should encrypt object data" time="0.003">
      <failure>Error: expect(received).toHaveLength(expected)

Expected length: 24
Received length: 32
Received string: &quot;d94db95d28adb6f12481c1a7c8545a89&quot;
    at Object.&lt;anonymous&gt; (C:\Users\Cheem\OneDrive\Coding\clipsCommerce - Copy\src\services\__tests__\secureTransfer.test.ts:32:25)
    at Promise.then.completed (C:\Users\Cheem\OneDrive\Coding\clipsCommerce - Copy\node_modules\jest-circus\build\utils.js:298:28)
    at new Promise (&lt;anonymous&gt;)
    at callAsyncCircusFn (C:\Users\Cheem\OneDrive\Coding\clipsCommerce - Copy\node_modules\jest-circus\build\utils.js:231:10)
    at _callCircusTest (C:\Users\Cheem\OneDrive\Coding\clipsCommerce - Copy\node_modules\jest-circus\build\run.js:316:40)
    at processTicksAndRejections (node:internal/process/task_queues:105:5)
    at _runTest (C:\Users\Cheem\OneDrive\Coding\clipsCommerce - Copy\node_modules\jest-circus\build\run.js:252:3)
    at _runTestsForDescribeBlock (C:\Users\Cheem\OneDrive\Coding\clipsCommerce - Copy\node_modules\jest-circus\build\run.js:126:9)
    at _runTestsForDescribeBlock (C:\Users\Cheem\OneDrive\Coding\clipsCommerce - Copy\node_modules\jest-circus\build\run.js:121:9)
    at _runTestsForDescribeBlock (C:\Users\Cheem\OneDrive\Coding\clipsCommerce - Copy\node_modules\jest-circus\build\run.js:121:9)
    at run (C:\Users\Cheem\OneDrive\Coding\clipsCommerce - Copy\node_modules\jest-circus\build\run.js:71:3)
    at runAndTransformResultsToJestFormat (C:\Users\Cheem\OneDrive\Coding\clipsCommerce - Copy\node_modules\jest-circus\build\legacy-code-todo-rewrite\jestAdapterInit.js:122:21)
    at jestAdapter (C:\Users\Cheem\OneDrive\Coding\clipsCommerce - Copy\node_modules\jest-circus\build\legacy-code-todo-rewrite\jestAdapter.js:79:19)
    at runTestInternal (C:\Users\Cheem\OneDrive\Coding\clipsCommerce - Copy\node_modules\jest-runner\build\runTest.js:367:16)
    at runTest (C:\Users\Cheem\OneDrive\Coding\clipsCommerce - Copy\node_modules\jest-runner\build\runTest.js:444:34)
    at Object.worker (C:\Users\Cheem\OneDrive\Coding\clipsCommerce - Copy\node_modules\jest-runner\build\testWorker.js:106:12)</failure>
    </testcase>
    <testcase classname="Secure Transfer Service encrypt should encrypt array data" name="Secure Transfer Service encrypt should encrypt array data" time="0.003">
    </testcase>
    <testcase classname="Secure Transfer Service encrypt should generate different IV for each encryption" name="Secure Transfer Service encrypt should generate different IV for each encryption" time="0.001">
    </testcase>
    <testcase classname="Secure Transfer Service encrypt should handle null and undefined values" name="Secure Transfer Service encrypt should handle null and undefined values" time="0.001">
    </testcase>
    <testcase classname="Secure Transfer Service encrypt should throw error when secret is not provided" name="Secure Transfer Service encrypt should throw error when secret is not provided" time="0.006">
    </testcase>
    <testcase classname="Secure Transfer Service decrypt should decrypt simple string data" name="Secure Transfer Service decrypt should decrypt simple string data" time="0.002">
    </testcase>
    <testcase classname="Secure Transfer Service decrypt should decrypt object data" name="Secure Transfer Service decrypt should decrypt object data" time="0.002">
    </testcase>
    <testcase classname="Secure Transfer Service decrypt should decrypt array data" name="Secure Transfer Service decrypt should decrypt array data" time="0.002">
    </testcase>
    <testcase classname="Secure Transfer Service decrypt should decrypt null and undefined values" name="Secure Transfer Service decrypt should decrypt null and undefined values" time="0.002">
      <failure>Error: expect(received).toBe(expected) // Object.is equality

Expected: null
Received: &quot;&quot;
    at Object.&lt;anonymous&gt; (C:\Users\Cheem\OneDrive\Coding\clipsCommerce - Copy\src\services\__tests__\secureTransfer.test.ts:107:29)
    at Promise.then.completed (C:\Users\Cheem\OneDrive\Coding\clipsCommerce - Copy\node_modules\jest-circus\build\utils.js:298:28)
    at new Promise (&lt;anonymous&gt;)
    at callAsyncCircusFn (C:\Users\Cheem\OneDrive\Coding\clipsCommerce - Copy\node_modules\jest-circus\build\utils.js:231:10)
    at _callCircusTest (C:\Users\Cheem\OneDrive\Coding\clipsCommerce - Copy\node_modules\jest-circus\build\run.js:316:40)
    at processTicksAndRejections (node:internal/process/task_queues:105:5)
    at _runTest (C:\Users\Cheem\OneDrive\Coding\clipsCommerce - Copy\node_modules\jest-circus\build\run.js:252:3)
    at _runTestsForDescribeBlock (C:\Users\Cheem\OneDrive\Coding\clipsCommerce - Copy\node_modules\jest-circus\build\run.js:126:9)
    at _runTestsForDescribeBlock (C:\Users\Cheem\OneDrive\Coding\clipsCommerce - Copy\node_modules\jest-circus\build\run.js:121:9)
    at _runTestsForDescribeBlock (C:\Users\Cheem\OneDrive\Coding\clipsCommerce - Copy\node_modules\jest-circus\build\run.js:121:9)
    at run (C:\Users\Cheem\OneDrive\Coding\clipsCommerce - Copy\node_modules\jest-circus\build\run.js:71:3)
    at runAndTransformResultsToJestFormat (C:\Users\Cheem\OneDrive\Coding\clipsCommerce - Copy\node_modules\jest-circus\build\legacy-code-todo-rewrite\jestAdapterInit.js:122:21)
    at jestAdapter (C:\Users\Cheem\OneDrive\Coding\clipsCommerce - Copy\node_modules\jest-circus\build\legacy-code-todo-rewrite\jestAdapter.js:79:19)
    at runTestInternal (C:\Users\Cheem\OneDrive\Coding\clipsCommerce - Copy\node_modules\jest-runner\build\runTest.js:367:16)
    at runTest (C:\Users\Cheem\OneDrive\Coding\clipsCommerce - Copy\node_modules\jest-runner\build\runTest.js:444:34)
    at Object.worker (C:\Users\Cheem\OneDrive\Coding\clipsCommerce - Copy\node_modules\jest-runner\build\testWorker.js:106:12)</failure>
    </testcase>
    <testcase classname="Secure Transfer Service decrypt should fail with wrong secret" name="Secure Transfer Service decrypt should fail with wrong secret" time="0.005">
    </testcase>
    <testcase classname="Secure Transfer Service decrypt should fail with tampered encrypted data" name="Secure Transfer Service decrypt should fail with tampered encrypted data" time="0.001">
    </testcase>
    <testcase classname="Secure Transfer Service decrypt should fail with tampered auth tag" name="Secure Transfer Service decrypt should fail with tampered auth tag" time="0.001">
    </testcase>
    <testcase classname="Secure Transfer Service decrypt should fail with tampered IV" name="Secure Transfer Service decrypt should fail with tampered IV" time="0.001">
    </testcase>
    <testcase classname="Secure Transfer Service decrypt should fail with invalid hex strings" name="Secure Transfer Service decrypt should fail with invalid hex strings" time="0.001">
    </testcase>
    <testcase classname="Secure Transfer Service decrypt should fail with missing packet properties" name="Secure Transfer Service decrypt should fail with missing packet properties" time="0.003">
    </testcase>
    <testcase classname="Secure Transfer Service round-trip encryption/decryption should handle complex nested objects" name="Secure Transfer Service round-trip encryption/decryption should handle complex nested objects" time="0.002">
    </testcase>
    <testcase classname="Secure Transfer Service round-trip encryption/decryption should handle empty string data" name="Secure Transfer Service round-trip encryption/decryption should handle empty string data" time="0.001">
    </testcase>
    <testcase classname="Secure Transfer Service round-trip encryption/decryption should handle large string data" name="Secure Transfer Service round-trip encryption/decryption should handle large string data" time="0.001">
    </testcase>
    <testcase classname="Secure Transfer Service round-trip encryption/decryption should handle boolean data" name="Secure Transfer Service round-trip encryption/decryption should handle boolean data" time="0.001">
    </testcase>
    <testcase classname="Secure Transfer Service round-trip encryption/decryption should handle number data" name="Secure Transfer Service round-trip encryption/decryption should handle number data" time="0.001">
    </testcase>
    <testcase classname="Secure Transfer Service round-trip encryption/decryption should work with a securely generated key" name="Secure Transfer Service round-trip encryption/decryption should work with a securely generated key" time="0.001">
    </testcase>
    <testcase classname="Secure Transfer Service generateSecureKey should generate a secure key of appropriate length" name="Secure Transfer Service generateSecureKey should generate a secure key of appropriate length" time="0">
    </testcase>
    <testcase classname="Secure Transfer Service hashData should generate a consistent hash for the same input" name="Secure Transfer Service hashData should generate a consistent hash for the same input" time="0.001">
    </testcase>
    <testcase classname="Secure Transfer Service hashData should generate a different hash for different inputs" name="Secure Transfer Service hashData should generate a different hash for different inputs" time="0.001">
    </testcase>
    <testcase classname="Secure Transfer Service hashData should handle empty string input" name="Secure Transfer Service hashData should handle empty string input" time="0">
    </testcase>
    <testcase classname="Secure Transfer Service hashData should handle null and undefined input" name="Secure Transfer Service hashData should handle null and undefined input" time="0">
    </testcase>
  </testsuite>
  <testsuite name="EnhancedContentOptimizationAgent" errors="0" failures="0" skipped="0" timestamp="2025-06-16T07:34:24" time="0.786" tests="9">
    <testcase classname="EnhancedContentOptimizationAgent should instantiate correctly" name="EnhancedContentOptimizationAgent should instantiate correctly" time="0.014">
    </testcase>
    <testcase classname="EnhancedContentOptimizationAgent should start and stop correctly" name="EnhancedContentOptimizationAgent should start and stop correctly" time="0.004">
    </testcase>
    <testcase classname="EnhancedContentOptimizationAgent executeTask - generate_content_recommendations should successfully generate content recommendations" name="EnhancedContentOptimizationAgent executeTask - generate_content_recommendations should successfully generate content recommendations" time="0.011">
    </testcase>
    <testcase classname="EnhancedContentOptimizationAgent executeTask - optimize_posting_times should successfully optimize posting times" name="EnhancedContentOptimizationAgent executeTask - optimize_posting_times should successfully optimize posting times" time="0.007">
    </testcase>
    <testcase classname="EnhancedContentOptimizationAgent executeTask - design_ab_tests should successfully design A/B tests" name="EnhancedContentOptimizationAgent executeTask - design_ab_tests should successfully design A/B tests" time="0.019">
    </testcase>
    <testcase classname="EnhancedContentOptimizationAgent should handle unknown task type" name="EnhancedContentOptimizationAgent should handle unknown task type" time="0.029">
    </testcase>
    <testcase classname="EnhancedContentOptimizationAgent should handle rate limiting" name="EnhancedContentOptimizationAgent should handle rate limiting" time="0.004">
    </testcase>
    <testcase classname="EnhancedContentOptimizationAgent should use cache for identical tasks" name="EnhancedContentOptimizationAgent should use cache for identical tasks" time="0.005">
    </testcase>
    <testcase classname="EnhancedContentOptimizationAgent should track performance metrics" name="EnhancedContentOptimizationAgent should track performance metrics" time="0.006">
    </testcase>
  </testsuite>
  <testsuite name="Team Mode Dashboard Integration" errors="0" failures="10" skipped="0" timestamp="2025-06-16T07:34:14" time="10.528" tests="50">
    <testcase classname="Team Mode Dashboard Integration Core Functionality should render team dashboard with proper providers" name="Team Mode Dashboard Integration Core Functionality should render team dashboard with proper providers" time="0.158">
    </testcase>
    <testcase classname="Team Mode Dashboard Integration Core Functionality should handle client loading and display" name="Team Mode Dashboard Integration Core Functionality should handle client loading and display" time="0.034">
    </testcase>
    <testcase classname="Team Mode Dashboard Integration Error Handling should catch and display errors with error boundary" name="Team Mode Dashboard Integration Error Handling should catch and display errors with error boundary" time="0.138">
    </testcase>
    <testcase classname="Team Mode Dashboard Integration Error Handling should provide retry functionality in error boundary" name="Team Mode Dashboard Integration Error Handling should provide retry functionality in error boundary" time="0.092">
    </testcase>
    <testcase classname="Team Mode Dashboard Integration Accessibility should have proper ARIA labels and roles" name="Team Mode Dashboard Integration Accessibility should have proper ARIA labels and roles" time="0.036">
    </testcase>
    <testcase classname="Team Mode Dashboard Integration Accessibility should support keyboard navigation" name="Team Mode Dashboard Integration Accessibility should support keyboard navigation" time="0.06">
    </testcase>
    <testcase classname="Team Mode Dashboard Integration Accessibility should provide screen reader announcements" name="Team Mode Dashboard Integration Accessibility should provide screen reader announcements" time="0.022">
    </testcase>
    <testcase classname="Team Mode Dashboard Integration Accessibility should have proper focus management for modals and overlays" name="Team Mode Dashboard Integration Accessibility should have proper focus management for modals and overlays" time="0.054">
    </testcase>
    <testcase classname="Team Mode Dashboard Integration Accessibility should support high contrast mode" name="Team Mode Dashboard Integration Accessibility should support high contrast mode" time="0.022">
    </testcase>
    <testcase classname="Team Mode Dashboard Integration Accessibility should provide proper ARIA descriptions for complex interactions" name="Team Mode Dashboard Integration Accessibility should provide proper ARIA descriptions for complex interactions" time="0.016">
    </testcase>
    <testcase classname="Team Mode Dashboard Integration Accessibility should handle reduced motion preferences" name="Team Mode Dashboard Integration Accessibility should handle reduced motion preferences" time="0.019">
    </testcase>
    <testcase classname="Team Mode Dashboard Integration Accessibility should provide keyboard shortcuts documentation" name="Team Mode Dashboard Integration Accessibility should provide keyboard shortcuts documentation" time="0.014">
    </testcase>
    <testcase classname="Team Mode Dashboard Integration Accessibility should announce dynamic content changes" name="Team Mode Dashboard Integration Accessibility should announce dynamic content changes" time="0.085">
    </testcase>
    <testcase classname="Team Mode Dashboard Integration Accessibility should announce important changes to screen readers" name="Team Mode Dashboard Integration Accessibility should announce important changes to screen readers" time="0.014">
    </testcase>
    <testcase classname="Team Mode Dashboard Integration Mobile Responsiveness should adapt header for mobile devices" name="Team Mode Dashboard Integration Mobile Responsiveness should adapt header for mobile devices" time="0.016">
    </testcase>
    <testcase classname="Team Mode Dashboard Integration Mobile Responsiveness should show mobile menu when toggled" name="Team Mode Dashboard Integration Mobile Responsiveness should show mobile menu when toggled" time="0.014">
    </testcase>
    <testcase classname="Team Mode Dashboard Integration Performance should handle large client lists efficiently" name="Team Mode Dashboard Integration Performance should handle large client lists efficiently" time="0.02">
      <failure>Error: expect(received).toMatch(expected)

Expected pattern: /\d+/
Received string:  &quot;Clients&quot;
    at Object.&lt;anonymous&gt; (C:\Users\Cheem\OneDrive\Coding\clipsCommerce - Copy\src\__tests__\team-dashboard\TeamModeIntegration.test.tsx:482:38)</failure>
    </testcase>
    <testcase classname="Team Mode Dashboard Integration Performance should handle concurrent user interactions efficiently" name="Team Mode Dashboard Integration Performance should handle concurrent user interactions efficiently" time="0.121">
    </testcase>
    <testcase classname="Team Mode Dashboard Integration Performance should optimize memory usage with large datasets" name="Team Mode Dashboard Integration Performance should optimize memory usage with large datasets" time="0.014">
    </testcase>
    <testcase classname="Team Mode Dashboard Integration Performance should handle rapid state updates without performance degradation" name="Team Mode Dashboard Integration Performance should handle rapid state updates without performance degradation" time="0.976">
    </testcase>
    <testcase classname="Team Mode Dashboard Integration Performance should maintain responsiveness during heavy computations" name="Team Mode Dashboard Integration Performance should maintain responsiveness during heavy computations" time="0.365">
    </testcase>
    <testcase classname="Team Mode Dashboard Integration Performance should handle memory leaks prevention" name="Team Mode Dashboard Integration Performance should handle memory leaks prevention" time="0.127">
    </testcase>
    <testcase classname="Team Mode Dashboard Integration Performance should debounce search input" name="Team Mode Dashboard Integration Performance should debounce search input" time="0.014">
    </testcase>
    <testcase classname="Team Mode Dashboard Integration Data Management should handle client selection properly" name="Team Mode Dashboard Integration Data Management should handle client selection properly" time="0.063">
    </testcase>
    <testcase classname="Team Mode Dashboard Integration Data Management should refresh data when requested" name="Team Mode Dashboard Integration Data Management should refresh data when requested" time="0.018">
    </testcase>
    <testcase classname="Team Mode Dashboard Integration Subscription Tier Access Control should allow Team tier users to access team dashboard" name="Team Mode Dashboard Integration Subscription Tier Access Control should allow Team tier users to access team dashboard" time="0.024">
    </testcase>
    <testcase classname="Team Mode Dashboard Integration Subscription Tier Access Control should restrict Lite tier users from team features" name="Team Mode Dashboard Integration Subscription Tier Access Control should restrict Lite tier users from team features" time="0.014">
      <failure>TestingLibraryElementError: Unable to find an element with the text: /upgrade to team/i. This could be because the text is broken up by multiple elements. In this case, you can provide a function for your text matcher to make your matcher more flexible.

Ignored nodes: comments, script, style
&lt;body&gt;
  &lt;div&gt;
    &lt;div
      data-testid=&quot;team-restricted-content&quot;
    &gt;
      Team-only features
    &lt;/div&gt;
    &lt;div
      aria-atomic=&quot;true&quot;
      aria-live=&quot;polite&quot;
      class=&quot;sr-only&quot;
    /&gt;
  &lt;/div&gt;
&lt;/body&gt;
    at Object.getElementError (C:\Users\Cheem\OneDrive\Coding\clipsCommerce - Copy\node_modules\@testing-library\dom\dist\config.js:37:19)
    at C:\Users\Cheem\OneDrive\Coding\clipsCommerce - Copy\node_modules\@testing-library\dom\dist\query-helpers.js:76:38
    at C:\Users\Cheem\OneDrive\Coding\clipsCommerce - Copy\node_modules\@testing-library\dom\dist\query-helpers.js:52:17
    at C:\Users\Cheem\OneDrive\Coding\clipsCommerce - Copy\node_modules\@testing-library\dom\dist\query-helpers.js:95:19
    at Object.&lt;anonymous&gt; (C:\Users\Cheem\OneDrive\Coding\clipsCommerce - Copy\src\__tests__\team-dashboard\TeamModeIntegration.test.tsx:945:23)
    at Promise.then.completed (C:\Users\Cheem\OneDrive\Coding\clipsCommerce - Copy\node_modules\jest-circus\build\utils.js:298:28)
    at new Promise (&lt;anonymous&gt;)
    at callAsyncCircusFn (C:\Users\Cheem\OneDrive\Coding\clipsCommerce - Copy\node_modules\jest-circus\build\utils.js:231:10)
    at _callCircusTest (C:\Users\Cheem\OneDrive\Coding\clipsCommerce - Copy\node_modules\jest-circus\build\run.js:316:40)
    at _runTest (C:\Users\Cheem\OneDrive\Coding\clipsCommerce - Copy\node_modules\jest-circus\build\run.js:252:3)
    at _runTestsForDescribeBlock (C:\Users\Cheem\OneDrive\Coding\clipsCommerce - Copy\node_modules\jest-circus\build\run.js:126:9)
    at _runTestsForDescribeBlock (C:\Users\Cheem\OneDrive\Coding\clipsCommerce - Copy\node_modules\jest-circus\build\run.js:121:9)
    at _runTestsForDescribeBlock (C:\Users\Cheem\OneDrive\Coding\clipsCommerce - Copy\node_modules\jest-circus\build\run.js:121:9)
    at run (C:\Users\Cheem\OneDrive\Coding\clipsCommerce - Copy\node_modules\jest-circus\build\run.js:71:3)
    at runAndTransformResultsToJestFormat (C:\Users\Cheem\OneDrive\Coding\clipsCommerce - Copy\node_modules\jest-circus\build\legacy-code-todo-rewrite\jestAdapterInit.js:122:21)
    at jestAdapter (C:\Users\Cheem\OneDrive\Coding\clipsCommerce - Copy\node_modules\jest-circus\build\legacy-code-todo-rewrite\jestAdapter.js:79:19)
    at runTestInternal (C:\Users\Cheem\OneDrive\Coding\clipsCommerce - Copy\node_modules\jest-runner\build\runTest.js:367:16)
    at runTest (C:\Users\Cheem\OneDrive\Coding\clipsCommerce - Copy\node_modules\jest-runner\build\runTest.js:444:34)
    at Object.worker (C:\Users\Cheem\OneDrive\Coding\clipsCommerce - Copy\node_modules\jest-runner\build\testWorker.js:106:12)</failure>
    </testcase>
    <testcase classname="Team Mode Dashboard Integration Subscription Tier Access Control should restrict Pro tier users from team features" name="Team Mode Dashboard Integration Subscription Tier Access Control should restrict Pro tier users from team features" time="0.008">
      <failure>TestingLibraryElementError: Unable to find an element with the text: /upgrade to team/i. This could be because the text is broken up by multiple elements. In this case, you can provide a function for your text matcher to make your matcher more flexible.

Ignored nodes: comments, script, style
&lt;body&gt;
  &lt;div&gt;
    &lt;div
      data-testid=&quot;team-restricted-content&quot;
    &gt;
      Team-only features
    &lt;/div&gt;
    &lt;div
      aria-atomic=&quot;true&quot;
      aria-live=&quot;polite&quot;
      class=&quot;sr-only&quot;
    /&gt;
  &lt;/div&gt;
&lt;/body&gt;
    at Object.getElementError (C:\Users\Cheem\OneDrive\Coding\clipsCommerce - Copy\node_modules\@testing-library\dom\dist\config.js:37:19)
    at C:\Users\Cheem\OneDrive\Coding\clipsCommerce - Copy\node_modules\@testing-library\dom\dist\query-helpers.js:76:38
    at C:\Users\Cheem\OneDrive\Coding\clipsCommerce - Copy\node_modules\@testing-library\dom\dist\query-helpers.js:52:17
    at C:\Users\Cheem\OneDrive\Coding\clipsCommerce - Copy\node_modules\@testing-library\dom\dist\query-helpers.js:95:19
    at Object.&lt;anonymous&gt; (C:\Users\Cheem\OneDrive\Coding\clipsCommerce - Copy\src\__tests__\team-dashboard\TeamModeIntegration.test.tsx:973:23)
    at Promise.then.completed (C:\Users\Cheem\OneDrive\Coding\clipsCommerce - Copy\node_modules\jest-circus\build\utils.js:298:28)
    at new Promise (&lt;anonymous&gt;)
    at callAsyncCircusFn (C:\Users\Cheem\OneDrive\Coding\clipsCommerce - Copy\node_modules\jest-circus\build\utils.js:231:10)
    at _callCircusTest (C:\Users\Cheem\OneDrive\Coding\clipsCommerce - Copy\node_modules\jest-circus\build\run.js:316:40)
    at _runTest (C:\Users\Cheem\OneDrive\Coding\clipsCommerce - Copy\node_modules\jest-circus\build\run.js:252:3)
    at _runTestsForDescribeBlock (C:\Users\Cheem\OneDrive\Coding\clipsCommerce - Copy\node_modules\jest-circus\build\run.js:126:9)
    at _runTestsForDescribeBlock (C:\Users\Cheem\OneDrive\Coding\clipsCommerce - Copy\node_modules\jest-circus\build\run.js:121:9)
    at _runTestsForDescribeBlock (C:\Users\Cheem\OneDrive\Coding\clipsCommerce - Copy\node_modules\jest-circus\build\run.js:121:9)
    at run (C:\Users\Cheem\OneDrive\Coding\clipsCommerce - Copy\node_modules\jest-circus\build\run.js:71:3)
    at runAndTransformResultsToJestFormat (C:\Users\Cheem\OneDrive\Coding\clipsCommerce - Copy\node_modules\jest-circus\build\legacy-code-todo-rewrite\jestAdapterInit.js:122:21)
    at jestAdapter (C:\Users\Cheem\OneDrive\Coding\clipsCommerce - Copy\node_modules\jest-circus\build\legacy-code-todo-rewrite\jestAdapter.js:79:19)
    at runTestInternal (C:\Users\Cheem\OneDrive\Coding\clipsCommerce - Copy\node_modules\jest-runner\build\runTest.js:367:16)
    at runTest (C:\Users\Cheem\OneDrive\Coding\clipsCommerce - Copy\node_modules\jest-runner\build\runTest.js:444:34)
    at Object.worker (C:\Users\Cheem\OneDrive\Coding\clipsCommerce - Copy\node_modules\jest-runner\build\testWorker.js:106:12)</failure>
    </testcase>
    <testcase classname="Team Mode Dashboard Integration Subscription Tier Access Control should handle subscription tier transitions" name="Team Mode Dashboard Integration Subscription Tier Access Control should handle subscription tier transitions" time="0.021">
      <failure>Error: expect(element).not.toBeInTheDocument()

expected document not to contain element, found &lt;h1 class=&quot;text-2xl font-bold text-white&quot;&gt;Team Dashboard&lt;/h1&gt; instead
    at Object.&lt;anonymous&gt; (C:\Users\Cheem\OneDrive\Coding\clipsCommerce - Copy\src\__tests__\team-dashboard\TeamModeIntegration.test.tsx:999:57)
    at Promise.then.completed (C:\Users\Cheem\OneDrive\Coding\clipsCommerce - Copy\node_modules\jest-circus\build\utils.js:298:28)
    at new Promise (&lt;anonymous&gt;)
    at callAsyncCircusFn (C:\Users\Cheem\OneDrive\Coding\clipsCommerce - Copy\node_modules\jest-circus\build\utils.js:231:10)
    at _callCircusTest (C:\Users\Cheem\OneDrive\Coding\clipsCommerce - Copy\node_modules\jest-circus\build\run.js:316:40)
    at _runTest (C:\Users\Cheem\OneDrive\Coding\clipsCommerce - Copy\node_modules\jest-circus\build\run.js:252:3)
    at _runTestsForDescribeBlock (C:\Users\Cheem\OneDrive\Coding\clipsCommerce - Copy\node_modules\jest-circus\build\run.js:126:9)
    at _runTestsForDescribeBlock (C:\Users\Cheem\OneDrive\Coding\clipsCommerce - Copy\node_modules\jest-circus\build\run.js:121:9)
    at _runTestsForDescribeBlock (C:\Users\Cheem\OneDrive\Coding\clipsCommerce - Copy\node_modules\jest-circus\build\run.js:121:9)
    at run (C:\Users\Cheem\OneDrive\Coding\clipsCommerce - Copy\node_modules\jest-circus\build\run.js:71:3)
    at runAndTransformResultsToJestFormat (C:\Users\Cheem\OneDrive\Coding\clipsCommerce - Copy\node_modules\jest-circus\build\legacy-code-todo-rewrite\jestAdapterInit.js:122:21)
    at jestAdapter (C:\Users\Cheem\OneDrive\Coding\clipsCommerce - Copy\node_modules\jest-circus\build\legacy-code-todo-rewrite\jestAdapter.js:79:19)
    at runTestInternal (C:\Users\Cheem\OneDrive\Coding\clipsCommerce - Copy\node_modules\jest-runner\build\runTest.js:367:16)
    at runTest (C:\Users\Cheem\OneDrive\Coding\clipsCommerce - Copy\node_modules\jest-runner\build\runTest.js:444:34)
    at Object.worker (C:\Users\Cheem\OneDrive\Coding\clipsCommerce - Copy\node_modules\jest-runner\build\testWorker.js:106:12)</failure>
    </testcase>
    <testcase classname="Team Mode Dashboard Integration Subscription Tier Access Control should handle invalid or missing subscription tiers" name="Team Mode Dashboard Integration Subscription Tier Access Control should handle invalid or missing subscription tiers" time="0.011">
    </testcase>
    <testcase classname="Team Mode Dashboard Integration Subscription Tier Access Control should validate team membership for team features" name="Team Mode Dashboard Integration Subscription Tier Access Control should validate team membership for team features" time="0.014">
    </testcase>
    <testcase classname="Team Mode Dashboard Integration Real-time Data Synchronization should sync client data across team members" name="Team Mode Dashboard Integration Real-time Data Synchronization should sync client data across team members" time="0.153">
    </testcase>
    <testcase classname="Team Mode Dashboard Integration Real-time Data Synchronization should handle concurrent team member updates" name="Team Mode Dashboard Integration Real-time Data Synchronization should handle concurrent team member updates" time="0.142">
    </testcase>
    <testcase classname="Team Mode Dashboard Integration Real-time Data Synchronization should maintain data consistency across sessions" name="Team Mode Dashboard Integration Real-time Data Synchronization should maintain data consistency across sessions" time="0.016">
    </testcase>
    <testcase classname="Team Mode Dashboard Integration Real-time Data Synchronization should handle offline/online state changes" name="Team Mode Dashboard Integration Real-time Data Synchronization should handle offline/online state changes" time="0.064">
    </testcase>
    <testcase classname="Team Mode Dashboard Integration Permission-based Feature Access should restrict features based on team role" name="Team Mode Dashboard Integration Permission-based Feature Access should restrict features based on team role" time="0.008">
      <failure>TestingLibraryElementError: Unable to find an element by: [data-testid=&quot;manage-team&quot;]

Ignored nodes: comments, script, style
&lt;body&gt;
  &lt;div&gt;
    &lt;div
      data-testid=&quot;role-owner&quot;
    &gt;
      &lt;button
        data-testid=&quot;basic-feature&quot;
      &gt;
        Basic Feature
      &lt;/button&gt;
    &lt;/div&gt;
    &lt;div
      aria-atomic=&quot;true&quot;
      aria-live=&quot;polite&quot;
      class=&quot;sr-only&quot;
    /&gt;
  &lt;/div&gt;
&lt;/body&gt;
    at Object.getElementError (C:\Users\Cheem\OneDrive\Coding\clipsCommerce - Copy\node_modules\@testing-library\dom\dist\config.js:37:19)
    at C:\Users\Cheem\OneDrive\Coding\clipsCommerce - Copy\node_modules\@testing-library\dom\dist\query-helpers.js:76:38
    at C:\Users\Cheem\OneDrive\Coding\clipsCommerce - Copy\node_modules\@testing-library\dom\dist\query-helpers.js:52:17
    at C:\Users\Cheem\OneDrive\Coding\clipsCommerce - Copy\node_modules\@testing-library\dom\dist\query-helpers.js:95:19
    at C:\Users\Cheem\OneDrive\Coding\clipsCommerce - Copy\src\__tests__\team-dashboard\TeamModeIntegration.test.tsx:1300:25
    at Array.forEach (&lt;anonymous&gt;)
    at Object.&lt;anonymous&gt; (C:\Users\Cheem\OneDrive\Coding\clipsCommerce - Copy\src\__tests__\team-dashboard\TeamModeIntegration.test.tsx:1263:13)
    at Promise.then.completed (C:\Users\Cheem\OneDrive\Coding\clipsCommerce - Copy\node_modules\jest-circus\build\utils.js:298:28)
    at new Promise (&lt;anonymous&gt;)
    at callAsyncCircusFn (C:\Users\Cheem\OneDrive\Coding\clipsCommerce - Copy\node_modules\jest-circus\build\utils.js:231:10)
    at _callCircusTest (C:\Users\Cheem\OneDrive\Coding\clipsCommerce - Copy\node_modules\jest-circus\build\run.js:316:40)
    at _runTest (C:\Users\Cheem\OneDrive\Coding\clipsCommerce - Copy\node_modules\jest-circus\build\run.js:252:3)
    at _runTestsForDescribeBlock (C:\Users\Cheem\OneDrive\Coding\clipsCommerce - Copy\node_modules\jest-circus\build\run.js:126:9)
    at _runTestsForDescribeBlock (C:\Users\Cheem\OneDrive\Coding\clipsCommerce - Copy\node_modules\jest-circus\build\run.js:121:9)
    at _runTestsForDescribeBlock (C:\Users\Cheem\OneDrive\Coding\clipsCommerce - Copy\node_modules\jest-circus\build\run.js:121:9)
    at run (C:\Users\Cheem\OneDrive\Coding\clipsCommerce - Copy\node_modules\jest-circus\build\run.js:71:3)
    at runAndTransformResultsToJestFormat (C:\Users\Cheem\OneDrive\Coding\clipsCommerce - Copy\node_modules\jest-circus\build\legacy-code-todo-rewrite\jestAdapterInit.js:122:21)
    at jestAdapter (C:\Users\Cheem\OneDrive\Coding\clipsCommerce - Copy\node_modules\jest-circus\build\legacy-code-todo-rewrite\jestAdapter.js:79:19)
    at runTestInternal (C:\Users\Cheem\OneDrive\Coding\clipsCommerce - Copy\node_modules\jest-runner\build\runTest.js:367:16)
    at runTest (C:\Users\Cheem\OneDrive\Coding\clipsCommerce - Copy\node_modules\jest-runner\build\runTest.js:444:34)
    at Object.worker (C:\Users\Cheem\OneDrive\Coding\clipsCommerce - Copy\node_modules\jest-runner\build\testWorker.js:106:12)</failure>
    </testcase>
    <testcase classname="Team Mode Dashboard Integration Permission-based Feature Access should handle permission changes dynamically" name="Team Mode Dashboard Integration Permission-based Feature Access should handle permission changes dynamically" time="0.07">
    </testcase>
    <testcase classname="Team Mode Dashboard Integration Permission-based Feature Access should validate permissions on sensitive operations" name="Team Mode Dashboard Integration Permission-based Feature Access should validate permissions on sensitive operations" time="0.063">
    </testcase>
    <testcase classname="Team Mode Dashboard Integration Permission-based Feature Access should handle team invitation permissions" name="Team Mode Dashboard Integration Permission-based Feature Access should handle team invitation permissions" time="0.064">
    </testcase>
    <testcase classname="Team Mode Dashboard Integration Root Redirect Logic for Team Users should redirect Team tier users from root to team dashboard" name="Team Mode Dashboard Integration Root Redirect Logic for Team Users should redirect Team tier users from root to team dashboard" time="1.015">
      <failure>Error: expect(jest.fn()).toHaveBeenCalledWith(...expected)

Expected: &quot;/team-dashboard&quot;

Number of calls: 0

Ignored nodes: comments, script, style
&lt;html&gt;
  &lt;head /&gt;
  &lt;body&gt;
    &lt;div&gt;
      &lt;div&gt;
        Root page
      &lt;/div&gt;
    &lt;/div&gt;
  &lt;/body&gt;
&lt;/html&gt;
    at C:\Users\Cheem\OneDrive\Coding\clipsCommerce - Copy\src\__tests__\team-dashboard\TeamModeIntegration.test.tsx:1478:26
    at runWithExpensiveErrorDiagnosticsDisabled (C:\Users\Cheem\OneDrive\Coding\clipsCommerce - Copy\node_modules\@testing-library\dom\dist\config.js:47:12)
    at checkCallback (C:\Users\Cheem\OneDrive\Coding\clipsCommerce - Copy\node_modules\@testing-library\dom\dist\wait-for.js:124:77)
    at checkRealTimersCallback (C:\Users\Cheem\OneDrive\Coding\clipsCommerce - Copy\node_modules\@testing-library\dom\dist\wait-for.js:118:16)
    at Timeout.task [as _onTimeout] (C:\Users\Cheem\OneDrive\Coding\clipsCommerce - Copy\node_modules\jsdom\lib\jsdom\browser\Window.js:579:19)
    at listOnTimeout (node:internal/timers:588:17)
    at processTimers (node:internal/timers:523:7)</failure>
    </testcase>
    <testcase classname="Team Mode Dashboard Integration Root Redirect Logic for Team Users should preserve query parameters during redirect" name="Team Mode Dashboard Integration Root Redirect Logic for Team Users should preserve query parameters during redirect" time="0.001">
      <failure>TypeError: Cannot redefine property: location
    at Function.defineProperty (&lt;anonymous&gt;)
    at Object.&lt;anonymous&gt; (C:\Users\Cheem\OneDrive\Coding\clipsCommerce - Copy\src\__tests__\team-dashboard\TeamModeIntegration.test.tsx:1515:14)
    at Promise.then.completed (C:\Users\Cheem\OneDrive\Coding\clipsCommerce - Copy\node_modules\jest-circus\build\utils.js:298:28)
    at new Promise (&lt;anonymous&gt;)
    at callAsyncCircusFn (C:\Users\Cheem\OneDrive\Coding\clipsCommerce - Copy\node_modules\jest-circus\build\utils.js:231:10)
    at _callCircusTest (C:\Users\Cheem\OneDrive\Coding\clipsCommerce - Copy\node_modules\jest-circus\build\run.js:316:40)
    at _runTest (C:\Users\Cheem\OneDrive\Coding\clipsCommerce - Copy\node_modules\jest-circus\build\run.js:252:3)
    at _runTestsForDescribeBlock (C:\Users\Cheem\OneDrive\Coding\clipsCommerce - Copy\node_modules\jest-circus\build\run.js:126:9)
    at _runTestsForDescribeBlock (C:\Users\Cheem\OneDrive\Coding\clipsCommerce - Copy\node_modules\jest-circus\build\run.js:121:9)
    at _runTestsForDescribeBlock (C:\Users\Cheem\OneDrive\Coding\clipsCommerce - Copy\node_modules\jest-circus\build\run.js:121:9)
    at run (C:\Users\Cheem\OneDrive\Coding\clipsCommerce - Copy\node_modules\jest-circus\build\run.js:71:3)
    at runAndTransformResultsToJestFormat (C:\Users\Cheem\OneDrive\Coding\clipsCommerce - Copy\node_modules\jest-circus\build\legacy-code-todo-rewrite\jestAdapterInit.js:122:21)
    at jestAdapter (C:\Users\Cheem\OneDrive\Coding\clipsCommerce - Copy\node_modules\jest-circus\build\legacy-code-todo-rewrite\jestAdapter.js:79:19)
    at runTestInternal (C:\Users\Cheem\OneDrive\Coding\clipsCommerce - Copy\node_modules\jest-runner\build\runTest.js:367:16)
    at runTest (C:\Users\Cheem\OneDrive\Coding\clipsCommerce - Copy\node_modules\jest-runner\build\runTest.js:444:34)
    at Object.worker (C:\Users\Cheem\OneDrive\Coding\clipsCommerce - Copy\node_modules\jest-runner\build\testWorker.js:106:12)</failure>
    </testcase>
    <testcase classname="Team Mode Dashboard Integration Root Redirect Logic for Team Users should not redirect non-Team tier users" name="Team Mode Dashboard Integration Root Redirect Logic for Team Users should not redirect non-Team tier users" time="0.004">
    </testcase>
    <testcase classname="Team Mode Dashboard Integration Root Redirect Logic for Team Users should handle redirect timing correctly" name="Team Mode Dashboard Integration Root Redirect Logic for Team Users should handle redirect timing correctly" time="0.007">
      <failure>TestingLibraryElementError: Unable to find an element with the text: Loading.... This could be because the text is broken up by multiple elements. In this case, you can provide a function for your text matcher to make your matcher more flexible.

Ignored nodes: comments, script, style
&lt;body&gt;
  &lt;div&gt;
    &lt;div&gt;
      Root page
    &lt;/div&gt;
  &lt;/div&gt;
&lt;/body&gt;
    at Object.getElementError (C:\Users\Cheem\OneDrive\Coding\clipsCommerce - Copy\node_modules\@testing-library\dom\dist\config.js:37:19)
    at C:\Users\Cheem\OneDrive\Coding\clipsCommerce - Copy\node_modules\@testing-library\dom\dist\query-helpers.js:76:38
    at C:\Users\Cheem\OneDrive\Coding\clipsCommerce - Copy\node_modules\@testing-library\dom\dist\query-helpers.js:52:17
    at C:\Users\Cheem\OneDrive\Coding\clipsCommerce - Copy\node_modules\@testing-library\dom\dist\query-helpers.js:95:19
    at Object.&lt;anonymous&gt; (C:\Users\Cheem\OneDrive\Coding\clipsCommerce - Copy\src\__tests__\team-dashboard\TeamModeIntegration.test.tsx:1596:21)
    at Promise.then.completed (C:\Users\Cheem\OneDrive\Coding\clipsCommerce - Copy\node_modules\jest-circus\build\utils.js:298:28)
    at new Promise (&lt;anonymous&gt;)
    at callAsyncCircusFn (C:\Users\Cheem\OneDrive\Coding\clipsCommerce - Copy\node_modules\jest-circus\build\utils.js:231:10)
    at _callCircusTest (C:\Users\Cheem\OneDrive\Coding\clipsCommerce - Copy\node_modules\jest-circus\build\run.js:316:40)
    at _runTest (C:\Users\Cheem\OneDrive\Coding\clipsCommerce - Copy\node_modules\jest-circus\build\run.js:252:3)
    at _runTestsForDescribeBlock (C:\Users\Cheem\OneDrive\Coding\clipsCommerce - Copy\node_modules\jest-circus\build\run.js:126:9)
    at _runTestsForDescribeBlock (C:\Users\Cheem\OneDrive\Coding\clipsCommerce - Copy\node_modules\jest-circus\build\run.js:121:9)
    at _runTestsForDescribeBlock (C:\Users\Cheem\OneDrive\Coding\clipsCommerce - Copy\node_modules\jest-circus\build\run.js:121:9)
    at run (C:\Users\Cheem\OneDrive\Coding\clipsCommerce - Copy\node_modules\jest-circus\build\run.js:71:3)
    at runAndTransformResultsToJestFormat (C:\Users\Cheem\OneDrive\Coding\clipsCommerce - Copy\node_modules\jest-circus\build\legacy-code-todo-rewrite\jestAdapterInit.js:122:21)
    at jestAdapter (C:\Users\Cheem\OneDrive\Coding\clipsCommerce - Copy\node_modules\jest-circus\build\legacy-code-todo-rewrite\jestAdapter.js:79:19)
    at runTestInternal (C:\Users\Cheem\OneDrive\Coding\clipsCommerce - Copy\node_modules\jest-runner\build\runTest.js:367:16)
    at runTest (C:\Users\Cheem\OneDrive\Coding\clipsCommerce - Copy\node_modules\jest-runner\build\runTest.js:444:34)
    at Object.worker (C:\Users\Cheem\OneDrive\Coding\clipsCommerce - Copy\node_modules\jest-runner\build\testWorker.js:106:12)</failure>
    </testcase>
    <testcase classname="Team Mode Dashboard Integration Root Redirect Logic for Team Users should handle browser back/forward navigation" name="Team Mode Dashboard Integration Root Redirect Logic for Team Users should handle browser back/forward navigation" time="1.005">
      <failure>Error: expect(jest.fn()).toHaveBeenCalledWith(...expected)

Expected: &quot;/team-dashboard&quot;

Number of calls: 0

Ignored nodes: comments, script, style
&lt;html&gt;
  &lt;head /&gt;
  &lt;body&gt;
    &lt;div&gt;
      &lt;div&gt;
        Navigation aware root
      &lt;/div&gt;
    &lt;/div&gt;
  &lt;/body&gt;
&lt;/html&gt;
    at C:\Users\Cheem\OneDrive\Coding\clipsCommerce - Copy\src\__tests__\team-dashboard\TeamModeIntegration.test.tsx:1650:26
    at runWithExpensiveErrorDiagnosticsDisabled (C:\Users\Cheem\OneDrive\Coding\clipsCommerce - Copy\node_modules\@testing-library\dom\dist\config.js:47:12)
    at checkCallback (C:\Users\Cheem\OneDrive\Coding\clipsCommerce - Copy\node_modules\@testing-library\dom\dist\wait-for.js:124:77)
    at checkRealTimersCallback (C:\Users\Cheem\OneDrive\Coding\clipsCommerce - Copy\node_modules\@testing-library\dom\dist\wait-for.js:118:16)
    at Timeout.task [as _onTimeout] (C:\Users\Cheem\OneDrive\Coding\clipsCommerce - Copy\node_modules\jsdom\lib\jsdom\browser\Window.js:579:19)
    at listOnTimeout (node:internal/timers:588:17)
    at processTimers (node:internal/timers:523:7)</failure>
    </testcase>
    <testcase classname="Team Mode Dashboard Integration Root Redirect Logic for Team Users should handle redirect with fragments and complex URLs" name="Team Mode Dashboard Integration Root Redirect Logic for Team Users should handle redirect with fragments and complex URLs" time="0.001">
      <failure>TypeError: Cannot redefine property: location
    at Function.defineProperty (&lt;anonymous&gt;)
    at Object.&lt;anonymous&gt; (C:\Users\Cheem\OneDrive\Coding\clipsCommerce - Copy\src\__tests__\team-dashboard\TeamModeIntegration.test.tsx:1692:14)
    at Promise.then.completed (C:\Users\Cheem\OneDrive\Coding\clipsCommerce - Copy\node_modules\jest-circus\build\utils.js:298:28)
    at new Promise (&lt;anonymous&gt;)
    at callAsyncCircusFn (C:\Users\Cheem\OneDrive\Coding\clipsCommerce - Copy\node_modules\jest-circus\build\utils.js:231:10)
    at _callCircusTest (C:\Users\Cheem\OneDrive\Coding\clipsCommerce - Copy\node_modules\jest-circus\build\run.js:316:40)
    at _runTest (C:\Users\Cheem\OneDrive\Coding\clipsCommerce - Copy\node_modules\jest-circus\build\run.js:252:3)
    at _runTestsForDescribeBlock (C:\Users\Cheem\OneDrive\Coding\clipsCommerce - Copy\node_modules\jest-circus\build\run.js:126:9)
    at _runTestsForDescribeBlock (C:\Users\Cheem\OneDrive\Coding\clipsCommerce - Copy\node_modules\jest-circus\build\run.js:121:9)
    at _runTestsForDescribeBlock (C:\Users\Cheem\OneDrive\Coding\clipsCommerce - Copy\node_modules\jest-circus\build\run.js:121:9)
    at run (C:\Users\Cheem\OneDrive\Coding\clipsCommerce - Copy\node_modules\jest-circus\build\run.js:71:3)
    at runAndTransformResultsToJestFormat (C:\Users\Cheem\OneDrive\Coding\clipsCommerce - Copy\node_modules\jest-circus\build\legacy-code-todo-rewrite\jestAdapterInit.js:122:21)
    at jestAdapter (C:\Users\Cheem\OneDrive\Coding\clipsCommerce - Copy\node_modules\jest-circus\build\legacy-code-todo-rewrite\jestAdapter.js:79:19)
    at runTestInternal (C:\Users\Cheem\OneDrive\Coding\clipsCommerce - Copy\node_modules\jest-runner\build\runTest.js:367:16)
    at runTest (C:\Users\Cheem\OneDrive\Coding\clipsCommerce - Copy\node_modules\jest-runner\build\runTest.js:444:34)
    at Object.worker (C:\Users\Cheem\OneDrive\Coding\clipsCommerce - Copy\node_modules\jest-runner\build\testWorker.js:106:12)</failure>
    </testcase>
    <testcase classname="Team Mode Dashboard Integration Integration with Real Components should work with actual team dashboard layout" name="Team Mode Dashboard Integration Integration with Real Components should work with actual team dashboard layout" time="0.019">
    </testcase>
    <testcase classname="Team Mode Provider should provide context to child components" name="Team Mode Provider should provide context to child components" time="0.004">
    </testcase>
    <testcase classname="Team Mode Provider should throw error when used outside provider" name="Team Mode Provider should throw error when used outside provider" time="0.01">
    </testcase>
    <testcase classname="Error Boundary Edge Cases should handle async errors" name="Error Boundary Edge Cases should handle async errors" time="0.006">
    </testcase>
    <testcase classname="Error Boundary Edge Cases should provide error details in development" name="Error Boundary Edge Cases should provide error details in development" time="0.033">
    </testcase>
  </testsuite>
  <testsuite name="EngagementPredictionAgent" errors="0" failures="13" skipped="0" timestamp="2025-06-16T07:34:24" time="0.543" tests="14">
    <testcase classname="EngagementPredictionAgent Initialization should initialize successfully with mock data" name="EngagementPredictionAgent Initialization should initialize successfully with mock data" time="0.056">
      <failure>ReferenceError: validEngagementFeatures is not defined
    at ModelTrainingService.trainModels (C:\Users\Cheem\OneDrive\Coding\clipsCommerce - Copy\src\app\workflows\reports\services\ModelTrainingService.ts:158:87)
    at EngagementPredictionAgent.trainWithData (C:\Users\Cheem\OneDrive\Coding\clipsCommerce - Copy\src\app\workflows\reports\services\EngagementPredictionAgent.ts:68:48)
    at processTicksAndRejections (node:internal/process/task_queues:105:5)
    at EngagementPredictionAgent.initialize (C:\Users\Cheem\OneDrive\Coding\clipsCommerce - Copy\src\app\workflows\reports\services\EngagementPredictionAgent.ts:54:14)
    at Object.&lt;anonymous&gt; (C:\Users\Cheem\OneDrive\Coding\clipsCommerce - Copy\src\app\workflows\reports\__tests__\EngagementPredictionAgent.test.ts:32:26)</failure>
    </testcase>
    <testcase classname="EngagementPredictionAgent Initialization should handle initialization errors gracefully" name="EngagementPredictionAgent Initialization should handle initialization errors gracefully" time="0.019">
      <failure>ReferenceError: validEngagementFeatures is not defined
    at ModelTrainingService.trainModels (C:\Users\Cheem\OneDrive\Coding\clipsCommerce - Copy\src\app\workflows\reports\services\ModelTrainingService.ts:158:87)
    at EngagementPredictionAgent.trainWithData (C:\Users\Cheem\OneDrive\Coding\clipsCommerce - Copy\src\app\workflows\reports\services\EngagementPredictionAgent.ts:68:48)
    at processTicksAndRejections (node:internal/process/task_queues:105:5)
    at EngagementPredictionAgent.initialize (C:\Users\Cheem\OneDrive\Coding\clipsCommerce - Copy\src\app\workflows\reports\services\EngagementPredictionAgent.ts:54:14)
    at Object.&lt;anonymous&gt; (C:\Users\Cheem\OneDrive\Coding\clipsCommerce - Copy\src\app\workflows\reports\__tests__\EngagementPredictionAgent.test.ts:46:26)</failure>
    </testcase>
    <testcase classname="EngagementPredictionAgent Engagement Prediction should predict engagement for TikTok content" name="EngagementPredictionAgent Engagement Prediction should predict engagement for TikTok content" time="0.01">
      <failure>ReferenceError: validEngagementFeatures is not defined
    at ModelTrainingService.trainModels (C:\Users\Cheem\OneDrive\Coding\clipsCommerce - Copy\src\app\workflows\reports\services\ModelTrainingService.ts:158:87)
    at EngagementPredictionAgent.trainWithData (C:\Users\Cheem\OneDrive\Coding\clipsCommerce - Copy\src\app\workflows\reports\services\EngagementPredictionAgent.ts:68:48)
    at processTicksAndRejections (node:internal/process/task_queues:105:5)
    at EngagementPredictionAgent.initialize (C:\Users\Cheem\OneDrive\Coding\clipsCommerce - Copy\src\app\workflows\reports\services\EngagementPredictionAgent.ts:54:14)
    at Object.&lt;anonymous&gt; (C:\Users\Cheem\OneDrive\Coding\clipsCommerce - Copy\src\app\workflows\reports\__tests__\EngagementPredictionAgent.test.ts:55:7)</failure>
    </testcase>
    <testcase classname="EngagementPredictionAgent Engagement Prediction should predict engagement for Instagram content" name="EngagementPredictionAgent Engagement Prediction should predict engagement for Instagram content" time="0.014">
      <failure>ReferenceError: validEngagementFeatures is not defined
    at ModelTrainingService.trainModels (C:\Users\Cheem\OneDrive\Coding\clipsCommerce - Copy\src\app\workflows\reports\services\ModelTrainingService.ts:158:87)
    at EngagementPredictionAgent.trainWithData (C:\Users\Cheem\OneDrive\Coding\clipsCommerce - Copy\src\app\workflows\reports\services\EngagementPredictionAgent.ts:68:48)
    at processTicksAndRejections (node:internal/process/task_queues:105:5)
    at EngagementPredictionAgent.initialize (C:\Users\Cheem\OneDrive\Coding\clipsCommerce - Copy\src\app\workflows\reports\services\EngagementPredictionAgent.ts:54:14)
    at Object.&lt;anonymous&gt; (C:\Users\Cheem\OneDrive\Coding\clipsCommerce - Copy\src\app\workflows\reports\__tests__\EngagementPredictionAgent.test.ts:55:7)</failure>
    </testcase>
    <testcase classname="EngagementPredictionAgent Engagement Prediction should predict engagement for YouTube content" name="EngagementPredictionAgent Engagement Prediction should predict engagement for YouTube content" time="0.012">
      <failure>ReferenceError: validEngagementFeatures is not defined
    at ModelTrainingService.trainModels (C:\Users\Cheem\OneDrive\Coding\clipsCommerce - Copy\src\app\workflows\reports\services\ModelTrainingService.ts:158:87)
    at EngagementPredictionAgent.trainWithData (C:\Users\Cheem\OneDrive\Coding\clipsCommerce - Copy\src\app\workflows\reports\services\EngagementPredictionAgent.ts:68:48)
    at processTicksAndRejections (node:internal/process/task_queues:105:5)
    at EngagementPredictionAgent.initialize (C:\Users\Cheem\OneDrive\Coding\clipsCommerce - Copy\src\app\workflows\reports\services\EngagementPredictionAgent.ts:54:14)
    at Object.&lt;anonymous&gt; (C:\Users\Cheem\OneDrive\Coding\clipsCommerce - Copy\src\app\workflows\reports\__tests__\EngagementPredictionAgent.test.ts:55:7)</failure>
    </testcase>
    <testcase classname="EngagementPredictionAgent Engagement Prediction should throw error when not initialized" name="EngagementPredictionAgent Engagement Prediction should throw error when not initialized" time="0.014">
      <failure>ReferenceError: validEngagementFeatures is not defined
    at ModelTrainingService.trainModels (C:\Users\Cheem\OneDrive\Coding\clipsCommerce - Copy\src\app\workflows\reports\services\ModelTrainingService.ts:158:87)
    at EngagementPredictionAgent.trainWithData (C:\Users\Cheem\OneDrive\Coding\clipsCommerce - Copy\src\app\workflows\reports\services\EngagementPredictionAgent.ts:68:48)
    at processTicksAndRejections (node:internal/process/task_queues:105:5)
    at EngagementPredictionAgent.initialize (C:\Users\Cheem\OneDrive\Coding\clipsCommerce - Copy\src\app\workflows\reports\services\EngagementPredictionAgent.ts:54:14)
    at Object.&lt;anonymous&gt; (C:\Users\Cheem\OneDrive\Coding\clipsCommerce - Copy\src\app\workflows\reports\__tests__\EngagementPredictionAgent.test.ts:55:7)</failure>
    </testcase>
    <testcase classname="EngagementPredictionAgent Batch Predictions should handle batch predictions" name="EngagementPredictionAgent Batch Predictions should handle batch predictions" time="0.011">
      <failure>ReferenceError: validEngagementFeatures is not defined
    at ModelTrainingService.trainModels (C:\Users\Cheem\OneDrive\Coding\clipsCommerce - Copy\src\app\workflows\reports\services\ModelTrainingService.ts:158:87)
    at EngagementPredictionAgent.trainWithData (C:\Users\Cheem\OneDrive\Coding\clipsCommerce - Copy\src\app\workflows\reports\services\EngagementPredictionAgent.ts:68:48)
    at processTicksAndRejections (node:internal/process/task_queues:105:5)
    at EngagementPredictionAgent.initialize (C:\Users\Cheem\OneDrive\Coding\clipsCommerce - Copy\src\app\workflows\reports\services\EngagementPredictionAgent.ts:54:14)
    at Object.&lt;anonymous&gt; (C:\Users\Cheem\OneDrive\Coding\clipsCommerce - Copy\src\app\workflows\reports\__tests__\EngagementPredictionAgent.test.ts:142:7)</failure>
    </testcase>
    <testcase classname="EngagementPredictionAgent Optimization Strategies should generate optimization strategies" name="EngagementPredictionAgent Optimization Strategies should generate optimization strategies" time="0.009">
      <failure>ReferenceError: validEngagementFeatures is not defined
    at ModelTrainingService.trainModels (C:\Users\Cheem\OneDrive\Coding\clipsCommerce - Copy\src\app\workflows\reports\services\ModelTrainingService.ts:158:87)
    at EngagementPredictionAgent.trainWithData (C:\Users\Cheem\OneDrive\Coding\clipsCommerce - Copy\src\app\workflows\reports\services\EngagementPredictionAgent.ts:68:48)
    at processTicksAndRejections (node:internal/process/task_queues:105:5)
    at EngagementPredictionAgent.initialize (C:\Users\Cheem\OneDrive\Coding\clipsCommerce - Copy\src\app\workflows\reports\services\EngagementPredictionAgent.ts:54:14)
    at Object.&lt;anonymous&gt; (C:\Users\Cheem\OneDrive\Coding\clipsCommerce - Copy\src\app\workflows\reports\__tests__\EngagementPredictionAgent.test.ts:177:7)</failure>
    </testcase>
    <testcase classname="EngagementPredictionAgent Model Performance should return null performance when not initialized" name="EngagementPredictionAgent Model Performance should return null performance when not initialized" time="0.002">
    </testcase>
    <testcase classname="EngagementPredictionAgent Model Performance should return performance metrics when initialized" name="EngagementPredictionAgent Model Performance should return performance metrics when initialized" time="0.01">
      <failure>ReferenceError: validEngagementFeatures is not defined
    at ModelTrainingService.trainModels (C:\Users\Cheem\OneDrive\Coding\clipsCommerce - Copy\src\app\workflows\reports\services\ModelTrainingService.ts:158:87)
    at EngagementPredictionAgent.trainWithData (C:\Users\Cheem\OneDrive\Coding\clipsCommerce - Copy\src\app\workflows\reports\services\EngagementPredictionAgent.ts:68:48)
    at processTicksAndRejections (node:internal/process/task_queues:105:5)
    at EngagementPredictionAgent.initialize (C:\Users\Cheem\OneDrive\Coding\clipsCommerce - Copy\src\app\workflows\reports\services\EngagementPredictionAgent.ts:54:14)
    at Object.&lt;anonymous&gt; (C:\Users\Cheem\OneDrive\Coding\clipsCommerce - Copy\src\app\workflows\reports\__tests__\EngagementPredictionAgent.test.ts:217:7)</failure>
    </testcase>
    <testcase classname="EngagementPredictionAgent Performance Updates should update with actual performance data" name="EngagementPredictionAgent Performance Updates should update with actual performance data" time="0.008">
      <failure>ReferenceError: validEngagementFeatures is not defined
    at ModelTrainingService.trainModels (C:\Users\Cheem\OneDrive\Coding\clipsCommerce - Copy\src\app\workflows\reports\services\ModelTrainingService.ts:158:87)
    at EngagementPredictionAgent.trainWithData (C:\Users\Cheem\OneDrive\Coding\clipsCommerce - Copy\src\app\workflows\reports\services\EngagementPredictionAgent.ts:68:48)
    at processTicksAndRejections (node:internal/process/task_queues:105:5)
    at EngagementPredictionAgent.initialize (C:\Users\Cheem\OneDrive\Coding\clipsCommerce - Copy\src\app\workflows\reports\services\EngagementPredictionAgent.ts:54:14)
    at Object.&lt;anonymous&gt; (C:\Users\Cheem\OneDrive\Coding\clipsCommerce - Copy\src\app\workflows\reports\__tests__\EngagementPredictionAgent.test.ts:230:7)</failure>
    </testcase>
    <testcase classname="EngagementPredictionAgent Edge Cases should handle empty hashtags" name="EngagementPredictionAgent Edge Cases should handle empty hashtags" time="0.008">
      <failure>ReferenceError: validEngagementFeatures is not defined
    at ModelTrainingService.trainModels (C:\Users\Cheem\OneDrive\Coding\clipsCommerce - Copy\src\app\workflows\reports\services\ModelTrainingService.ts:158:87)
    at EngagementPredictionAgent.trainWithData (C:\Users\Cheem\OneDrive\Coding\clipsCommerce - Copy\src\app\workflows\reports\services\EngagementPredictionAgent.ts:68:48)
    at processTicksAndRejections (node:internal/process/task_queues:105:5)
    at EngagementPredictionAgent.initialize (C:\Users\Cheem\OneDrive\Coding\clipsCommerce - Copy\src\app\workflows\reports\services\EngagementPredictionAgent.ts:54:14)
    at Object.&lt;anonymous&gt; (C:\Users\Cheem\OneDrive\Coding\clipsCommerce - Copy\src\app\workflows\reports\__tests__\EngagementPredictionAgent.test.ts:259:7)</failure>
    </testcase>
    <testcase classname="EngagementPredictionAgent Edge Cases should handle missing caption" name="EngagementPredictionAgent Edge Cases should handle missing caption" time="0.012">
      <failure>ReferenceError: validEngagementFeatures is not defined
    at ModelTrainingService.trainModels (C:\Users\Cheem\OneDrive\Coding\clipsCommerce - Copy\src\app\workflows\reports\services\ModelTrainingService.ts:158:87)
    at EngagementPredictionAgent.trainWithData (C:\Users\Cheem\OneDrive\Coding\clipsCommerce - Copy\src\app\workflows\reports\services\EngagementPredictionAgent.ts:68:48)
    at processTicksAndRejections (node:internal/process/task_queues:105:5)
    at EngagementPredictionAgent.initialize (C:\Users\Cheem\OneDrive\Coding\clipsCommerce - Copy\src\app\workflows\reports\services\EngagementPredictionAgent.ts:54:14)
    at Object.&lt;anonymous&gt; (C:\Users\Cheem\OneDrive\Coding\clipsCommerce - Copy\src\app\workflows\reports\__tests__\EngagementPredictionAgent.test.ts:259:7)</failure>
    </testcase>
    <testcase classname="EngagementPredictionAgent Edge Cases should handle very long captions" name="EngagementPredictionAgent Edge Cases should handle very long captions" time="0.009">
      <failure>ReferenceError: validEngagementFeatures is not defined
    at ModelTrainingService.trainModels (C:\Users\Cheem\OneDrive\Coding\clipsCommerce - Copy\src\app\workflows\reports\services\ModelTrainingService.ts:158:87)
    at EngagementPredictionAgent.trainWithData (C:\Users\Cheem\OneDrive\Coding\clipsCommerce - Copy\src\app\workflows\reports\services\EngagementPredictionAgent.ts:68:48)
    at processTicksAndRejections (node:internal/process/task_queues:105:5)
    at EngagementPredictionAgent.initialize (C:\Users\Cheem\OneDrive\Coding\clipsCommerce - Copy\src\app\workflows\reports\services\EngagementPredictionAgent.ts:54:14)
    at Object.&lt;anonymous&gt; (C:\Users\Cheem\OneDrive\Coding\clipsCommerce - Copy\src\app\workflows\reports\__tests__\EngagementPredictionAgent.test.ts:259:7)</failure>
    </testcase>
  </testsuite>
  <testsuite name="PricingSection Component" errors="0" failures="3" skipped="0" timestamp="2025-06-16T07:34:21" time="4.499" tests="20">
    <testcase classname="PricingSection Component Rendering renders pricing section with all plans" name="PricingSection Component Rendering renders pricing section with all plans" time="0.178">
    </testcase>
    <testcase classname="PricingSection Component Rendering highlights the most popular plan" name="PricingSection Component Rendering highlights the most popular plan" time="0.049">
    </testcase>
    <testcase classname="PricingSection Component Rendering displays pricing toggle buttons" name="PricingSection Component Rendering displays pricing toggle buttons" time="0.057">
    </testcase>
    <testcase classname="PricingSection Component Rendering shows save percentage for annual billing" name="PricingSection Component Rendering shows save percentage for annual billing" time="0.048">
    </testcase>
    <testcase classname="PricingSection Component Pricing Toggle Functionality switches between annual and monthly pricing" name="PricingSection Component Pricing Toggle Functionality switches between annual and monthly pricing" time="0.198">
    </testcase>
    <testcase classname="PricingSection Component Pricing Toggle Functionality updates pricing display when toggling billing cycle" name="PricingSection Component Pricing Toggle Functionality updates pricing display when toggling billing cycle" time="0.141">
    </testcase>
    <testcase classname="PricingSection Component Plan Selection navigates to dashboard when Pro plan button (Get Started) is clicked" name="PricingSection Component Plan Selection navigates to dashboard when Pro plan button (Get Started) is clicked" time="0.112">
    </testcase>
    <testcase classname="PricingSection Component Plan Selection navigates to dashboard when Lite plan button (Select Plan) is clicked" name="PricingSection Component Plan Selection navigates to dashboard when Lite plan button (Select Plan) is clicked" time="0.094">
    </testcase>
    <testcase classname="PricingSection Component Features Display displays all plan features" name="PricingSection Component Features Display displays all plan features" time="0.05">
    </testcase>
    <testcase classname="PricingSection Component Features Display shows guarantee information" name="PricingSection Component Features Display shows guarantee information" time="0.048">
    </testcase>
    <testcase classname="PricingSection Component Features Display displays bonus information" name="PricingSection Component Features Display displays bonus information" time="0.055">
      <failure>TestingLibraryElementError: Found multiple elements with the text: /Template Generator &amp; Hook Creator/

Here are the matching elements:

Ignored nodes: comments, script, style
&lt;p
  class=&quot;text-sm text-white/70&quot;
&gt;
  Template Generator &amp; Hook Creator included ($899 value)
&lt;/p&gt;

Ignored nodes: comments, script, style
&lt;p
  class=&quot;text-sm text-white/70&quot;
&gt;
  Template Generator &amp; Hook Creator included ($899 value)
&lt;/p&gt;

Ignored nodes: comments, script, style
&lt;p
  class=&quot;text-sm text-white/70&quot;
&gt;
  Template Generator &amp; Hook Creator included ($899 value)
&lt;/p&gt;

(If this is intentional, then use the `*AllBy*` variant of the query (like `queryAllByText`, `getAllByText`, or `findAllByText`)).

Ignored nodes: comments, script, style
&lt;body&gt;
  &lt;div&gt;
    &lt;section
      class=&quot;py-16 md:py-24 bg-gradient-to-b from-black to-[#0A0A0A] text-white&quot;
    &gt;
      &lt;div
        class=&quot;max-w-7xl mx-auto px-6 sm:px-12 lg:px-16&quot;
      &gt;
        &lt;div
          class=&quot;text-center mb-16&quot;
          initial=&quot;[object Object]&quot;
          transition=&quot;[object Object]&quot;
          viewport=&quot;[object Object]&quot;
          whileinview=&quot;[object Object]&quot;
        &gt;
          &lt;h2
            class=&quot;text-4xl md:text-6xl font-bold mb-6&quot;
          &gt;
            Choose Your 
            &lt;span
              class=&quot;text-[#5afcc0]&quot;
            &gt;
              Revenue
            &lt;/span&gt;
             Plan
          &lt;/h2&gt;
          &lt;p
            class=&quot;text-xl text-white/80 max-w-3xl mx-auto&quot;
          &gt;
            Every plan is designed to pay for itself within the first month through increased sales and conversions.
          &lt;/p&gt;
        &lt;/div&gt;
        &lt;div
          class=&quot;text-center mb-16&quot;
        &gt;
          &lt;span
            class=&quot;inline-block text-sm font-semibold text-[#5afcc0] uppercase tracking-wider mb-3&quot;
            initial=&quot;[object Object]&quot;
            transition=&quot;[object Object]&quot;
            viewport=&quot;[object Object]&quot;
            whileinview=&quot;[object Object]&quot;
          &gt;
            Simple, Transparent Pricing
          &lt;/span&gt;
          &lt;h2
            class=&quot;text-3xl md:text-4xl font-bold text-white mb-6&quot;
            initial=&quot;[object Object]&quot;
            transition=&quot;[object Object]&quot;
            viewport=&quot;[object Object]&quot;
            whileinview=&quot;[object Object]&quot;
          &gt;
            Scale Your Content and 
            &lt;span
              class=&quot;text-[#8D5AFF]&quot;
            &gt;
              Maximize Sales
            &lt;/span&gt;
          &lt;/h2&gt;
          &lt;p
            class=&quot;text-xl text-white/80 max-w-3xl mx-auto mb-10&quot;
            initial=&quot;[object Object]&quot;
            transition=&quot;[object Object]&quot;
            viewport=&quot;[object Object]&quot;
            whileinview=&quot;[object Object]&quot;
          &gt;
            Select the plan that best fits your needs. All plans include our core AI-powered features.
          &lt;/p&gt;
          &lt;div
            class=&quot;inline-flex items-center bg-black/30 p-1 rounded-full border border-white/10 mb-12 backdrop-blur-sm&quot;
            initial=&quot;[object Object]&quot;
            transition=&quot;[object Object]&quot;
            viewport=&quot;[object Object]&quot;
            whileinview=&quot;[object Object]&quot;
          &gt;
            &lt;button
              class=&quot;px-6 py-2 rounded-full text-sm font-medium transition-all bg-[#8D5AFF] text-white shadow-lg&quot;
            &gt;
              Annual
              &lt;span
                class=&quot;ml-1 text-xs bg-[#5afcc0] text-black px-2 py-0.5 rounded-full&quot;
              &gt;
                Save 20%
              &lt;/span&gt;
            &lt;/button&gt;
            &lt;button
              class=&quot;px-6 py-2 rounded-full text-sm font-medium transition-all text-white/60 hover:text-white&quot;
            &gt;
              Monthly
            &lt;/button&gt;
          &lt;/div&gt;
          &lt;div
            class=&quot;grid md:grid-cols-3 gap-6 xl:gap-10&quot;
          &gt;
            &lt;div
              class=&quot;relative rounded-2xl overflow-hidden backdrop-blur-sm border border-white/10 bg-black/40&quot;
              initial=&quot;[object Object]&quot;
              transition=&quot;[object Object]&quot;
              viewport=&quot;[object Object]&quot;
              whileinview=&quot;[object Object]&quot;
            &gt;
              &lt;div
                class=&quot;p-8 relative&quot;
              &gt;
                &lt;h3
                  class=&quot;text-2xl font-bold text-white mb-2&quot;
                &gt;
                  Lite
                &lt;/h3&gt;
                &lt;p
                  class=&quot;text-white/60 mb-6 min-h-[40px]&quot;
                &gt;
                  $20/month
                &lt;/p&gt;
                &lt;div
                  class=&quot;flex items-baseline mb-6&quot;
                &gt;
                  &lt;span
                    class=&quot;text-4xl font-bold text-white&quot;
                  &gt;
                    $
                    240
                  &lt;/span&gt;
                  &lt;span
                    class=&quot;text-white/60 ml-2&quot;
                  &gt;
                    /year
                  &lt;/span&gt;
                &lt;/div&gt;
                &lt;div
                  class=&quot;bg-[#5afcc0]/10 rounded-lg p-4 mb-6 border border-[#5afcc0]/20&quot;
                &gt;
                  &lt;div
                    class=&quot;flex items-start&quot;
                  &gt;
                    &lt;svg
                      class=&quot;h-5 w-5 text-[#5afcc0] mr-2 mt-0.5 flex-shrink-0&quot;
                      data-testid=&quot;Sparkles-icon&quot;
                    /&gt;
                    &lt;div&gt;
                      &lt;p
                        class=&quot;text-[#5afcc0] font-medium&quot;
                      &gt;
                        Limited Time Bonuses
                      &lt;/p&gt;
                      &lt;p
                        class=&quot;text-sm text-white/70&quot;
                      &gt;
                        Template Generator &amp; Hook Creator included ($899 value)
                      &lt;/p&gt;
                    &lt;/div&gt;
                  &lt;/div&gt;[...
    at Object.getElementError (C:\Users\Cheem\OneDrive\Coding\clipsCommerce - Copy\node_modules\@testing-library\dom\dist\config.js:37:19)
    at getElementError (C:\Users\Cheem\OneDrive\Coding\clipsCommerce - Copy\node_modules\@testing-library\dom\dist\query-helpers.js:20:35)
    at getMultipleElementsFoundError (C:\Users\Cheem\OneDrive\Coding\clipsCommerce - Copy\node_modules\@testing-library\dom\dist\query-helpers.js:23:10)
    at C:\Users\Cheem\OneDrive\Coding\clipsCommerce - Copy\node_modules\@testing-library\dom\dist\query-helpers.js:55:13
    at C:\Users\Cheem\OneDrive\Coding\clipsCommerce - Copy\node_modules\@testing-library\dom\dist\query-helpers.js:95:19
    at Object.&lt;anonymous&gt; (C:\Users\Cheem\OneDrive\Coding\clipsCommerce - Copy\testing\components\PricingSection.test.tsx:213:21)
    at Promise.then.completed (C:\Users\Cheem\OneDrive\Coding\clipsCommerce - Copy\node_modules\jest-circus\build\utils.js:298:28)
    at new Promise (&lt;anonymous&gt;)
    at callAsyncCircusFn (C:\Users\Cheem\OneDrive\Coding\clipsCommerce - Copy\node_modules\jest-circus\build\utils.js:231:10)
    at _callCircusTest (C:\Users\Cheem\OneDrive\Coding\clipsCommerce - Copy\node_modules\jest-circus\build\run.js:316:40)
    at _runTest (C:\Users\Cheem\OneDrive\Coding\clipsCommerce - Copy\node_modules\jest-circus\build\run.js:252:3)
    at _runTestsForDescribeBlock (C:\Users\Cheem\OneDrive\Coding\clipsCommerce - Copy\node_modules\jest-circus\build\run.js:126:9)
    at _runTestsForDescribeBlock (C:\Users\Cheem\OneDrive\Coding\clipsCommerce - Copy\node_modules\jest-circus\build\run.js:121:9)
    at _runTestsForDescribeBlock (C:\Users\Cheem\OneDrive\Coding\clipsCommerce - Copy\node_modules\jest-circus\build\run.js:121:9)
    at run (C:\Users\Cheem\OneDrive\Coding\clipsCommerce - Copy\node_modules\jest-circus\build\run.js:71:3)
    at runAndTransformResultsToJestFormat (C:\Users\Cheem\OneDrive\Coding\clipsCommerce - Copy\node_modules\jest-circus\build\legacy-code-todo-rewrite\jestAdapterInit.js:122:21)
    at jestAdapter (C:\Users\Cheem\OneDrive\Coding\clipsCommerce - Copy\node_modules\jest-circus\build\legacy-code-todo-rewrite\jestAdapter.js:79:19)
    at runTestInternal (C:\Users\Cheem\OneDrive\Coding\clipsCommerce - Copy\node_modules\jest-runner\build\runTest.js:367:16)
    at runTest (C:\Users\Cheem\OneDrive\Coding\clipsCommerce - Copy\node_modules\jest-runner\build\runTest.js:444:34)
    at Object.worker (C:\Users\Cheem\OneDrive\Coding\clipsCommerce - Copy\node_modules\jest-runner\build\testWorker.js:106:12)</failure>
    </testcase>
    <testcase classname="PricingSection Component Accessibility meets accessibility standards" name="PricingSection Component Accessibility meets accessibility standards" time="0.035">
    </testcase>
    <testcase classname="PricingSection Component Accessibility has proper ARIA labels for pricing toggle" name="PricingSection Component Accessibility has proper ARIA labels for pricing toggle" time="0.041">
    </testcase>
    <testcase classname="PricingSection Component Accessibility maintains focus management during interactions" name="PricingSection Component Accessibility maintains focus management during interactions" time="1.097">
      <failure>Error: expect(received).toBe(expected) // Object.is equality

Expected: true
Received: false

Ignored nodes: comments, script, style
&lt;html
  class=&quot;light&quot;
  style=&quot;color-scheme: light;&quot;
&gt;
  &lt;head /&gt;
  &lt;body&gt;
    &lt;div&gt;
      &lt;section
        class=&quot;py-16 md:py-24 bg-gradient-to-b from-black to-[#0A0A0A] text-white&quot;
      &gt;
        &lt;div
          class=&quot;max-w-7xl mx-auto px-6 sm:px-12 lg:px-16&quot;
        &gt;
          &lt;div
            class=&quot;text-center mb-16&quot;
            initial=&quot;[object Object]&quot;
            transition=&quot;[object Object]&quot;
            viewport=&quot;[object Object]&quot;
            whileinview=&quot;[object Object]&quot;
          &gt;
            &lt;h2
              class=&quot;text-4xl md:text-6xl font-bold mb-6&quot;
            &gt;
              Choose Your 
              &lt;span
                class=&quot;text-[#5afcc0]&quot;
              &gt;
                Revenue
              &lt;/span&gt;
               Plan
            &lt;/h2&gt;
            &lt;p
              class=&quot;text-xl text-white/80 max-w-3xl mx-auto&quot;
            &gt;
              Every plan is designed to pay for itself within the first month through increased sales and conversions.
            &lt;/p&gt;
          &lt;/div&gt;
          &lt;div
            class=&quot;text-center mb-16&quot;
          &gt;
            &lt;span
              class=&quot;inline-block text-sm font-semibold text-[#5afcc0] uppercase tracking-wider mb-3&quot;
              initial=&quot;[object Object]&quot;
              transition=&quot;[object Object]&quot;
              viewport=&quot;[object Object]&quot;
              whileinview=&quot;[object Object]&quot;
            &gt;
              Simple, Transparent Pricing
            &lt;/span&gt;
            &lt;h2
              class=&quot;text-3xl md:text-4xl font-bold text-white mb-6&quot;
              initial=&quot;[object Object]&quot;
              transition=&quot;[object Object]&quot;
              viewport=&quot;[object Object]&quot;
              whileinview=&quot;[object Object]&quot;
            &gt;
              Scale Your Content and 
              &lt;span
                class=&quot;text-[#8D5AFF]&quot;
              &gt;
                Maximize Sales
              &lt;/span&gt;
            &lt;/h2&gt;
            &lt;p
              class=&quot;text-xl text-white/80 max-w-3xl mx-auto mb-10&quot;
              initial=&quot;[object Object]&quot;
              transition=&quot;[object Object]&quot;
              viewport=&quot;[object Object]&quot;
              whileinview=&quot;[object Object]&quot;
            &gt;
              Select the plan that best fits your needs. All plans include our core AI-powered features.
            &lt;/p&gt;
            &lt;div
              class=&quot;inline-flex items-center bg-black/30 p-1 rounded-full border border-white/10 mb-12 backdrop-blur-sm&quot;
              initial=&quot;[object Object]&quot;
              transition=&quot;[object Object]&quot;
              viewport=&quot;[object Object]&quot;
              whileinview=&quot;[object Object]&quot;
            &gt;
              &lt;button
                class=&quot;px-6 py-2 rounded-full text-sm font-medium transition-all text-white/60 hover:text-white&quot;
              &gt;
                Annual
                &lt;span
                  class=&quot;ml-1 text-xs bg-[#5afcc0] text-black px-2 py-0.5 rounded-full&quot;
                &gt;
                  Save 20%
                &lt;/span&gt;
              &lt;/button&gt;
              &lt;button
                class=&quot;px-6 py-2 rounded-full text-sm font-medium transition-all bg-[#8D5AFF] text-white shadow-lg&quot;
              &gt;
                Monthly
              &lt;/button&gt;
            &lt;/div&gt;
            &lt;div
              class=&quot;grid md:grid-cols-3 gap-6 xl:gap-10&quot;
            &gt;
              &lt;div
                class=&quot;relative rounded-2xl overflow-hidden backdrop-blur-sm border border-white/10 bg-black/40&quot;
                initial=&quot;[object Object]&quot;
                transition=&quot;[object Object]&quot;
                viewport=&quot;[object Object]&quot;
                whileinview=&quot;[object Object]&quot;
              &gt;
                &lt;div
                  class=&quot;p-8 relative&quot;
                &gt;
                  &lt;h3
                    class=&quot;text-2xl font-bold text-white mb-2&quot;
                  &gt;
                    Lite
                  &lt;/h3&gt;
                  &lt;p
                    class=&quot;text-white/60 mb-6 min-h-[40px]&quot;
                  &gt;
                    $20/month
                  &lt;/p&gt;
                  &lt;div
                    class=&quot;flex items-baseline mb-6&quot;
                  &gt;
                    &lt;span
                      class=&quot;text-4xl font-bold text-white&quot;
                    &gt;
                      $
                      20
                    &lt;/span&gt;
                    &lt;span
                      class=&quot;text-white/60 ml-2&quot;
                    &gt;
                      /month
                    &lt;/span&gt;
                  &lt;/div&gt;
                  &lt;div
                    class=&quot;bg-[#5afcc0]/10 rounded-lg p-4 mb-6 border border-[#5afcc0]/20&quot;
                  &gt;
                    &lt;div
                      class=&quot;flex items-start&quot;
                    &gt;
                      &lt;svg
                        class=&quot;h-5 w-5 text-[#5afcc0] mr-2 mt-0.5 flex-shrink-0&quot;
                        data-testid=&quot;Sparkles-icon&quot;
                      /&gt;
                      &lt;div&gt;
                        &lt;p
                          class=&quot;text-[#5afcc0] font-medium&quot;
                        &gt;
      ...
    at timeout (C:\Users\Cheem\OneDrive\Coding\clipsCommerce - Copy\testing\components\PricingSection.test.tsx:260:77)
    at runWithExpensiveErrorDiagnosticsDisabled (C:\Users\Cheem\OneDrive\Coding\clipsCommerce - Copy\node_modules\@testing-library\dom\dist\config.js:47:12)
    at checkCallback (C:\Users\Cheem\OneDrive\Coding\clipsCommerce - Copy\node_modules\@testing-library\dom\dist\wait-for.js:124:77)
    at checkRealTimersCallback (C:\Users\Cheem\OneDrive\Coding\clipsCommerce - Copy\node_modules\@testing-library\dom\dist\wait-for.js:118:16)
    at Timeout.task [as _onTimeout] (C:\Users\Cheem\OneDrive\Coding\clipsCommerce - Copy\node_modules\jsdom\lib\jsdom\browser\Window.js:579:19)
    at listOnTimeout (node:internal/timers:588:17)
    at processTimers (node:internal/timers:523:7)</failure>
    </testcase>
    <testcase classname="PricingSection Component Responsive Design adapts to different screen sizes" name="PricingSection Component Responsive Design adapts to different screen sizes" time="0.095">
    </testcase>
    <testcase classname="PricingSection Component Responsive Design plan buttons navigate on mobile devices" name="PricingSection Component Responsive Design plan buttons navigate on mobile devices" time="1.107">
      <failure>Error: expect(jest.fn()).toHaveBeenCalledWith(...expected)

Expected: &quot;/dashboard&quot;

Number of calls: 0

Ignored nodes: comments, script, style
&lt;html
  class=&quot;light&quot;
  style=&quot;color-scheme: light;&quot;
&gt;
  &lt;head /&gt;
  &lt;body&gt;
    &lt;div&gt;
      &lt;section
        class=&quot;py-16 md:py-24 bg-gradient-to-b from-black to-[#0A0A0A] text-white&quot;
      &gt;
        &lt;div
          class=&quot;max-w-7xl mx-auto px-6 sm:px-12 lg:px-16&quot;
        &gt;
          &lt;div
            class=&quot;text-center mb-16&quot;
            initial=&quot;[object Object]&quot;
            transition=&quot;[object Object]&quot;
            viewport=&quot;[object Object]&quot;
            whileinview=&quot;[object Object]&quot;
          &gt;
            &lt;h2
              class=&quot;text-4xl md:text-6xl font-bold mb-6&quot;
            &gt;
              Choose Your 
              &lt;span
                class=&quot;text-[#5afcc0]&quot;
              &gt;
                Revenue
              &lt;/span&gt;
               Plan
            &lt;/h2&gt;
            &lt;p
              class=&quot;text-xl text-white/80 max-w-3xl mx-auto&quot;
            &gt;
              Every plan is designed to pay for itself within the first month through increased sales and conversions.
            &lt;/p&gt;
          &lt;/div&gt;
          &lt;div
            class=&quot;text-center mb-16&quot;
          &gt;
            &lt;span
              class=&quot;inline-block text-sm font-semibold text-[#5afcc0] uppercase tracking-wider mb-3&quot;
              initial=&quot;[object Object]&quot;
              transition=&quot;[object Object]&quot;
              viewport=&quot;[object Object]&quot;
              whileinview=&quot;[object Object]&quot;
            &gt;
              Simple, Transparent Pricing
            &lt;/span&gt;
            &lt;h2
              class=&quot;text-3xl md:text-4xl font-bold text-white mb-6&quot;
              initial=&quot;[object Object]&quot;
              transition=&quot;[object Object]&quot;
              viewport=&quot;[object Object]&quot;
              whileinview=&quot;[object Object]&quot;
            &gt;
              Scale Your Content and 
              &lt;span
                class=&quot;text-[#8D5AFF]&quot;
              &gt;
                Maximize Sales
              &lt;/span&gt;
            &lt;/h2&gt;
            &lt;p
              class=&quot;text-xl text-white/80 max-w-3xl mx-auto mb-10&quot;
              initial=&quot;[object Object]&quot;
              transition=&quot;[object Object]&quot;
              viewport=&quot;[object Object]&quot;
              whileinview=&quot;[object Object]&quot;
            &gt;
              Select the plan that best fits your needs. All plans include our core AI-powered features.
            &lt;/p&gt;
            &lt;div
              class=&quot;inline-flex items-center bg-black/30 p-1 rounded-full border border-white/10 mb-12 backdrop-blur-sm&quot;
              initial=&quot;[object Object]&quot;
              transition=&quot;[object Object]&quot;
              viewport=&quot;[object Object]&quot;
              whileinview=&quot;[object Object]&quot;
            &gt;
              &lt;button
                class=&quot;px-6 py-2 rounded-full text-sm font-medium transition-all bg-[#8D5AFF] text-white shadow-lg&quot;
              &gt;
                Annual
                &lt;span
                  class=&quot;ml-1 text-xs bg-[#5afcc0] text-black px-2 py-0.5 rounded-full&quot;
                &gt;
                  Save 20%
                &lt;/span&gt;
              &lt;/button&gt;
              &lt;button
                class=&quot;px-6 py-2 rounded-full text-sm font-medium transition-all text-white/60 hover:text-white&quot;
              &gt;
                Monthly
              &lt;/button&gt;
            &lt;/div&gt;
            &lt;div
              class=&quot;grid md:grid-cols-3 gap-6 xl:gap-10&quot;
            &gt;
              &lt;div
                class=&quot;relative rounded-2xl overflow-hidden backdrop-blur-sm border border-white/10 bg-black/40&quot;
                initial=&quot;[object Object]&quot;
                transition=&quot;[object Object]&quot;
                viewport=&quot;[object Object]&quot;
                whileinview=&quot;[object Object]&quot;
              &gt;
                &lt;div
                  class=&quot;p-8 relative&quot;
                &gt;
                  &lt;h3
                    class=&quot;text-2xl font-bold text-white mb-2&quot;
                  &gt;
                    Lite
                  &lt;/h3&gt;
                  &lt;p
                    class=&quot;text-white/60 mb-6 min-h-[40px]&quot;
                  &gt;
                    $20/month
                  &lt;/p&gt;
                  &lt;div
                    class=&quot;flex items-baseline mb-6&quot;
                  &gt;
                    &lt;span
                      class=&quot;text-4xl font-bold text-white&quot;
                    &gt;
                      $
                      240
                    &lt;/span&gt;
                    &lt;span
                      class=&quot;text-white/60 ml-2&quot;
                    &gt;
                      /year
                    &lt;/span&gt;
                  &lt;/div&gt;
                  &lt;div
                    class=&quot;bg-[#5afcc0]/10 rounded-lg p-4 mb-6 border border-[#5afcc0]/20&quot;
                  &gt;
                    &lt;div
                      class=&quot;flex items-start&quot;
                    &gt;
                      &lt;svg
                        class=&quot;h-5 w-5 text-[#5afcc0] mr-2 mt-0.5 flex-shrink-0&quot;
                        data-testid=&quot;Sparkles-icon&quot;
                      /&gt;
                      &lt;div&gt;
                        &lt;p
                          class=&quot;text-[#5afcc0] font-medium&quot;
                        &gt;
      ...
    at C:\Users\Cheem\OneDrive\Coding\clipsCommerce - Copy\testing\components\PricingSection.test.tsx:303:34
    at runWithExpensiveErrorDiagnosticsDisabled (C:\Users\Cheem\OneDrive\Coding\clipsCommerce - Copy\node_modules\@testing-library\dom\dist\config.js:47:12)
    at checkCallback (C:\Users\Cheem\OneDrive\Coding\clipsCommerce - Copy\node_modules\@testing-library\dom\dist\wait-for.js:124:77)
    at checkRealTimersCallback (C:\Users\Cheem\OneDrive\Coding\clipsCommerce - Copy\node_modules\@testing-library\dom\dist\wait-for.js:118:16)
    at Timeout.task [as _onTimeout] (C:\Users\Cheem\OneDrive\Coding\clipsCommerce - Copy\node_modules\jsdom\lib\jsdom\browser\Window.js:579:19)
    at listOnTimeout (node:internal/timers:588:17)
    at processTimers (node:internal/timers:523:7)</failure>
    </testcase>
    <testcase classname="PricingSection Component Animation and Visual Effects handles animation states properly" name="PricingSection Component Animation and Visual Effects handles animation states properly" time="0.034">
    </testcase>
    <testcase classname="PricingSection Component Error Handling handles missing pricing data gracefully" name="PricingSection Component Error Handling handles missing pricing data gracefully" time="0.044">
    </testcase>
    <testcase classname="PricingSection Component Error Handling handles callback errors gracefully" name="PricingSection Component Error Handling handles callback errors gracefully" time="0.082">
    </testcase>
    <testcase classname="PricingSection Component Performance renders efficiently" name="PricingSection Component Performance renders efficiently" time="0.14">
    </testcase>
  </testsuite>
  <testsuite name="Payment Flow - Core Functionality" errors="0" failures="7" skipped="0" timestamp="2025-06-16T07:34:25" time="0.416" tests="8">
    <testcase classname="Payment Flow - Core Functionality should render all pricing plans" name="Payment Flow - Core Functionality should render all pricing plans" time="0.003">
      <failure>TypeError: window.location.assign.mockClear is not a function
    at Object.&lt;anonymous&gt; (C:\Users\Cheem\OneDrive\Coding\clipsCommerce - Copy\src\__tests__\payment-flow-simple.test.tsx:139:52)
    at Promise.then.completed (C:\Users\Cheem\OneDrive\Coding\clipsCommerce - Copy\node_modules\jest-circus\build\utils.js:298:28)
    at new Promise (&lt;anonymous&gt;)
    at callAsyncCircusFn (C:\Users\Cheem\OneDrive\Coding\clipsCommerce - Copy\node_modules\jest-circus\build\utils.js:231:10)
    at _callCircusHook (C:\Users\Cheem\OneDrive\Coding\clipsCommerce - Copy\node_modules\jest-circus\build\run.js:281:40)
    at processTicksAndRejections (node:internal/process/task_queues:105:5)
    at _runTest (C:\Users\Cheem\OneDrive\Coding\clipsCommerce - Copy\node_modules\jest-circus\build\run.js:246:5)
    at _runTestsForDescribeBlock (C:\Users\Cheem\OneDrive\Coding\clipsCommerce - Copy\node_modules\jest-circus\build\run.js:126:9)
    at _runTestsForDescribeBlock (C:\Users\Cheem\OneDrive\Coding\clipsCommerce - Copy\node_modules\jest-circus\build\run.js:121:9)
    at run (C:\Users\Cheem\OneDrive\Coding\clipsCommerce - Copy\node_modules\jest-circus\build\run.js:71:3)
    at runAndTransformResultsToJestFormat (C:\Users\Cheem\OneDrive\Coding\clipsCommerce - Copy\node_modules\jest-circus\build\legacy-code-todo-rewrite\jestAdapterInit.js:122:21)
    at jestAdapter (C:\Users\Cheem\OneDrive\Coding\clipsCommerce - Copy\node_modules\jest-circus\build\legacy-code-todo-rewrite\jestAdapter.js:79:19)
    at runTestInternal (C:\Users\Cheem\OneDrive\Coding\clipsCommerce - Copy\node_modules\jest-runner\build\runTest.js:367:16)
    at runTest (C:\Users\Cheem\OneDrive\Coding\clipsCommerce - Copy\node_modules\jest-runner\build\runTest.js:444:34)
    at Object.worker (C:\Users\Cheem\OneDrive\Coding\clipsCommerce - Copy\node_modules\jest-runner\build\testWorker.js:106:12)</failure>
    </testcase>
    <testcase classname="Payment Flow - Core Functionality should toggle between monthly and yearly billing" name="Payment Flow - Core Functionality should toggle between monthly and yearly billing" time="0.002">
      <failure>TypeError: window.location.assign.mockClear is not a function
    at Object.&lt;anonymous&gt; (C:\Users\Cheem\OneDrive\Coding\clipsCommerce - Copy\src\__tests__\payment-flow-simple.test.tsx:139:52)
    at Promise.then.completed (C:\Users\Cheem\OneDrive\Coding\clipsCommerce - Copy\node_modules\jest-circus\build\utils.js:298:28)
    at new Promise (&lt;anonymous&gt;)
    at callAsyncCircusFn (C:\Users\Cheem\OneDrive\Coding\clipsCommerce - Copy\node_modules\jest-circus\build\utils.js:231:10)
    at _callCircusHook (C:\Users\Cheem\OneDrive\Coding\clipsCommerce - Copy\node_modules\jest-circus\build\run.js:281:40)
    at processTicksAndRejections (node:internal/process/task_queues:105:5)
    at _runTest (C:\Users\Cheem\OneDrive\Coding\clipsCommerce - Copy\node_modules\jest-circus\build\run.js:246:5)
    at _runTestsForDescribeBlock (C:\Users\Cheem\OneDrive\Coding\clipsCommerce - Copy\node_modules\jest-circus\build\run.js:126:9)
    at _runTestsForDescribeBlock (C:\Users\Cheem\OneDrive\Coding\clipsCommerce - Copy\node_modules\jest-circus\build\run.js:121:9)
    at run (C:\Users\Cheem\OneDrive\Coding\clipsCommerce - Copy\node_modules\jest-circus\build\run.js:71:3)
    at runAndTransformResultsToJestFormat (C:\Users\Cheem\OneDrive\Coding\clipsCommerce - Copy\node_modules\jest-circus\build\legacy-code-todo-rewrite\jestAdapterInit.js:122:21)
    at jestAdapter (C:\Users\Cheem\OneDrive\Coding\clipsCommerce - Copy\node_modules\jest-circus\build\legacy-code-todo-rewrite\jestAdapter.js:79:19)
    at runTestInternal (C:\Users\Cheem\OneDrive\Coding\clipsCommerce - Copy\node_modules\jest-runner\build\runTest.js:367:16)
    at runTest (C:\Users\Cheem\OneDrive\Coding\clipsCommerce - Copy\node_modules\jest-runner\build\runTest.js:444:34)
    at Object.worker (C:\Users\Cheem\OneDrive\Coding\clipsCommerce - Copy\node_modules\jest-runner\build\testWorker.js:106:12)</failure>
    </testcase>
    <testcase classname="Payment Flow - Core Functionality should use correct Stripe link for Pro yearly plan" name="Payment Flow - Core Functionality should use correct Stripe link for Pro yearly plan" time="0.002">
      <failure>TypeError: window.location.assign.mockClear is not a function
    at Object.&lt;anonymous&gt; (C:\Users\Cheem\OneDrive\Coding\clipsCommerce - Copy\src\__tests__\payment-flow-simple.test.tsx:139:52)
    at Promise.then.completed (C:\Users\Cheem\OneDrive\Coding\clipsCommerce - Copy\node_modules\jest-circus\build\utils.js:298:28)
    at new Promise (&lt;anonymous&gt;)
    at callAsyncCircusFn (C:\Users\Cheem\OneDrive\Coding\clipsCommerce - Copy\node_modules\jest-circus\build\utils.js:231:10)
    at _callCircusHook (C:\Users\Cheem\OneDrive\Coding\clipsCommerce - Copy\node_modules\jest-circus\build\run.js:281:40)
    at processTicksAndRejections (node:internal/process/task_queues:105:5)
    at _runTest (C:\Users\Cheem\OneDrive\Coding\clipsCommerce - Copy\node_modules\jest-circus\build\run.js:246:5)
    at _runTestsForDescribeBlock (C:\Users\Cheem\OneDrive\Coding\clipsCommerce - Copy\node_modules\jest-circus\build\run.js:126:9)
    at _runTestsForDescribeBlock (C:\Users\Cheem\OneDrive\Coding\clipsCommerce - Copy\node_modules\jest-circus\build\run.js:121:9)
    at run (C:\Users\Cheem\OneDrive\Coding\clipsCommerce - Copy\node_modules\jest-circus\build\run.js:71:3)
    at runAndTransformResultsToJestFormat (C:\Users\Cheem\OneDrive\Coding\clipsCommerce - Copy\node_modules\jest-circus\build\legacy-code-todo-rewrite\jestAdapterInit.js:122:21)
    at jestAdapter (C:\Users\Cheem\OneDrive\Coding\clipsCommerce - Copy\node_modules\jest-circus\build\legacy-code-todo-rewrite\jestAdapter.js:79:19)
    at runTestInternal (C:\Users\Cheem\OneDrive\Coding\clipsCommerce - Copy\node_modules\jest-runner\build\runTest.js:367:16)
    at runTest (C:\Users\Cheem\OneDrive\Coding\clipsCommerce - Copy\node_modules\jest-runner\build\runTest.js:444:34)
    at Object.worker (C:\Users\Cheem\OneDrive\Coding\clipsCommerce - Copy\node_modules\jest-runner\build\testWorker.js:106:12)</failure>
    </testcase>
    <testcase classname="Payment Flow - Core Functionality should use correct Stripe link for Pro monthly plan" name="Payment Flow - Core Functionality should use correct Stripe link for Pro monthly plan" time="0.004">
      <failure>TypeError: window.location.assign.mockClear is not a function
    at Object.&lt;anonymous&gt; (C:\Users\Cheem\OneDrive\Coding\clipsCommerce - Copy\src\__tests__\payment-flow-simple.test.tsx:139:52)
    at Promise.then.completed (C:\Users\Cheem\OneDrive\Coding\clipsCommerce - Copy\node_modules\jest-circus\build\utils.js:298:28)
    at new Promise (&lt;anonymous&gt;)
    at callAsyncCircusFn (C:\Users\Cheem\OneDrive\Coding\clipsCommerce - Copy\node_modules\jest-circus\build\utils.js:231:10)
    at _callCircusHook (C:\Users\Cheem\OneDrive\Coding\clipsCommerce - Copy\node_modules\jest-circus\build\run.js:281:40)
    at processTicksAndRejections (node:internal/process/task_queues:105:5)
    at _runTest (C:\Users\Cheem\OneDrive\Coding\clipsCommerce - Copy\node_modules\jest-circus\build\run.js:246:5)
    at _runTestsForDescribeBlock (C:\Users\Cheem\OneDrive\Coding\clipsCommerce - Copy\node_modules\jest-circus\build\run.js:126:9)
    at _runTestsForDescribeBlock (C:\Users\Cheem\OneDrive\Coding\clipsCommerce - Copy\node_modules\jest-circus\build\run.js:121:9)
    at run (C:\Users\Cheem\OneDrive\Coding\clipsCommerce - Copy\node_modules\jest-circus\build\run.js:71:3)
    at runAndTransformResultsToJestFormat (C:\Users\Cheem\OneDrive\Coding\clipsCommerce - Copy\node_modules\jest-circus\build\legacy-code-todo-rewrite\jestAdapterInit.js:122:21)
    at jestAdapter (C:\Users\Cheem\OneDrive\Coding\clipsCommerce - Copy\node_modules\jest-circus\build\legacy-code-todo-rewrite\jestAdapter.js:79:19)
    at runTestInternal (C:\Users\Cheem\OneDrive\Coding\clipsCommerce - Copy\node_modules\jest-runner\build\runTest.js:367:16)
    at runTest (C:\Users\Cheem\OneDrive\Coding\clipsCommerce - Copy\node_modules\jest-runner\build\runTest.js:444:34)
    at Object.worker (C:\Users\Cheem\OneDrive\Coding\clipsCommerce - Copy\node_modules\jest-runner\build\testWorker.js:106:12)</failure>
    </testcase>
    <testcase classname="Payment Flow - Core Functionality should use correct Stripe link for Team yearly plan and set redirect" name="Payment Flow - Core Functionality should use correct Stripe link for Team yearly plan and set redirect" time="0.003">
      <failure>TypeError: window.location.assign.mockClear is not a function
    at Object.&lt;anonymous&gt; (C:\Users\Cheem\OneDrive\Coding\clipsCommerce - Copy\src\__tests__\payment-flow-simple.test.tsx:139:52)
    at Promise.then.completed (C:\Users\Cheem\OneDrive\Coding\clipsCommerce - Copy\node_modules\jest-circus\build\utils.js:298:28)
    at new Promise (&lt;anonymous&gt;)
    at callAsyncCircusFn (C:\Users\Cheem\OneDrive\Coding\clipsCommerce - Copy\node_modules\jest-circus\build\utils.js:231:10)
    at _callCircusHook (C:\Users\Cheem\OneDrive\Coding\clipsCommerce - Copy\node_modules\jest-circus\build\run.js:281:40)
    at processTicksAndRejections (node:internal/process/task_queues:105:5)
    at _runTest (C:\Users\Cheem\OneDrive\Coding\clipsCommerce - Copy\node_modules\jest-circus\build\run.js:246:5)
    at _runTestsForDescribeBlock (C:\Users\Cheem\OneDrive\Coding\clipsCommerce - Copy\node_modules\jest-circus\build\run.js:126:9)
    at _runTestsForDescribeBlock (C:\Users\Cheem\OneDrive\Coding\clipsCommerce - Copy\node_modules\jest-circus\build\run.js:121:9)
    at run (C:\Users\Cheem\OneDrive\Coding\clipsCommerce - Copy\node_modules\jest-circus\build\run.js:71:3)
    at runAndTransformResultsToJestFormat (C:\Users\Cheem\OneDrive\Coding\clipsCommerce - Copy\node_modules\jest-circus\build\legacy-code-todo-rewrite\jestAdapterInit.js:122:21)
    at jestAdapter (C:\Users\Cheem\OneDrive\Coding\clipsCommerce - Copy\node_modules\jest-circus\build\legacy-code-todo-rewrite\jestAdapter.js:79:19)
    at runTestInternal (C:\Users\Cheem\OneDrive\Coding\clipsCommerce - Copy\node_modules\jest-runner\build\runTest.js:367:16)
    at runTest (C:\Users\Cheem\OneDrive\Coding\clipsCommerce - Copy\node_modules\jest-runner\build\runTest.js:444:34)
    at Object.worker (C:\Users\Cheem\OneDrive\Coding\clipsCommerce - Copy\node_modules\jest-runner\build\testWorker.js:106:12)</failure>
    </testcase>
    <testcase classname="Payment Flow - Core Functionality should use correct Stripe link for Team monthly plan and set redirect" name="Payment Flow - Core Functionality should use correct Stripe link for Team monthly plan and set redirect" time="0.003">
      <failure>TypeError: window.location.assign.mockClear is not a function
    at Object.&lt;anonymous&gt; (C:\Users\Cheem\OneDrive\Coding\clipsCommerce - Copy\src\__tests__\payment-flow-simple.test.tsx:139:52)
    at Promise.then.completed (C:\Users\Cheem\OneDrive\Coding\clipsCommerce - Copy\node_modules\jest-circus\build\utils.js:298:28)
    at new Promise (&lt;anonymous&gt;)
    at callAsyncCircusFn (C:\Users\Cheem\OneDrive\Coding\clipsCommerce - Copy\node_modules\jest-circus\build\utils.js:231:10)
    at _callCircusHook (C:\Users\Cheem\OneDrive\Coding\clipsCommerce - Copy\node_modules\jest-circus\build\run.js:281:40)
    at processTicksAndRejections (node:internal/process/task_queues:105:5)
    at _runTest (C:\Users\Cheem\OneDrive\Coding\clipsCommerce - Copy\node_modules\jest-circus\build\run.js:246:5)
    at _runTestsForDescribeBlock (C:\Users\Cheem\OneDrive\Coding\clipsCommerce - Copy\node_modules\jest-circus\build\run.js:126:9)
    at _runTestsForDescribeBlock (C:\Users\Cheem\OneDrive\Coding\clipsCommerce - Copy\node_modules\jest-circus\build\run.js:121:9)
    at run (C:\Users\Cheem\OneDrive\Coding\clipsCommerce - Copy\node_modules\jest-circus\build\run.js:71:3)
    at runAndTransformResultsToJestFormat (C:\Users\Cheem\OneDrive\Coding\clipsCommerce - Copy\node_modules\jest-circus\build\legacy-code-todo-rewrite\jestAdapterInit.js:122:21)
    at jestAdapter (C:\Users\Cheem\OneDrive\Coding\clipsCommerce - Copy\node_modules\jest-circus\build\legacy-code-todo-rewrite\jestAdapter.js:79:19)
    at runTestInternal (C:\Users\Cheem\OneDrive\Coding\clipsCommerce - Copy\node_modules\jest-runner\build\runTest.js:367:16)
    at runTest (C:\Users\Cheem\OneDrive\Coding\clipsCommerce - Copy\node_modules\jest-runner\build\runTest.js:444:34)
    at Object.worker (C:\Users\Cheem\OneDrive\Coding\clipsCommerce - Copy\node_modules\jest-runner\build\testWorker.js:106:12)</failure>
    </testcase>
    <testcase classname="Payment Flow - Core Functionality should handle free plan correctly" name="Payment Flow - Core Functionality should handle free plan correctly" time="0.002">
      <failure>TypeError: window.location.assign.mockClear is not a function
    at Object.&lt;anonymous&gt; (C:\Users\Cheem\OneDrive\Coding\clipsCommerce - Copy\src\__tests__\payment-flow-simple.test.tsx:139:52)
    at Promise.then.completed (C:\Users\Cheem\OneDrive\Coding\clipsCommerce - Copy\node_modules\jest-circus\build\utils.js:298:28)
    at new Promise (&lt;anonymous&gt;)
    at callAsyncCircusFn (C:\Users\Cheem\OneDrive\Coding\clipsCommerce - Copy\node_modules\jest-circus\build\utils.js:231:10)
    at _callCircusHook (C:\Users\Cheem\OneDrive\Coding\clipsCommerce - Copy\node_modules\jest-circus\build\run.js:281:40)
    at processTicksAndRejections (node:internal/process/task_queues:105:5)
    at _runTest (C:\Users\Cheem\OneDrive\Coding\clipsCommerce - Copy\node_modules\jest-circus\build\run.js:246:5)
    at _runTestsForDescribeBlock (C:\Users\Cheem\OneDrive\Coding\clipsCommerce - Copy\node_modules\jest-circus\build\run.js:126:9)
    at _runTestsForDescribeBlock (C:\Users\Cheem\OneDrive\Coding\clipsCommerce - Copy\node_modules\jest-circus\build\run.js:121:9)
    at run (C:\Users\Cheem\OneDrive\Coding\clipsCommerce - Copy\node_modules\jest-circus\build\run.js:71:3)
    at runAndTransformResultsToJestFormat (C:\Users\Cheem\OneDrive\Coding\clipsCommerce - Copy\node_modules\jest-circus\build\legacy-code-todo-rewrite\jestAdapterInit.js:122:21)
    at jestAdapter (C:\Users\Cheem\OneDrive\Coding\clipsCommerce - Copy\node_modules\jest-circus\build\legacy-code-todo-rewrite\jestAdapter.js:79:19)
    at runTestInternal (C:\Users\Cheem\OneDrive\Coding\clipsCommerce - Copy\node_modules\jest-runner\build\runTest.js:367:16)
    at runTest (C:\Users\Cheem\OneDrive\Coding\clipsCommerce - Copy\node_modules\jest-runner\build\runTest.js:444:34)
    at Object.worker (C:\Users\Cheem\OneDrive\Coding\clipsCommerce - Copy\node_modules\jest-runner\build\testWorker.js:106:12)</failure>
    </testcase>
    <testcase classname="Environment Variable Validation should have all required Stripe environment variables defined" name="Environment Variable Validation should have all required Stripe environment variables defined" time="0.003">
    </testcase>
  </testsuite>
  <testsuite name="Get Started Button Redirects - Simple Tests" errors="0" failures="0" skipped="0" timestamp="2025-06-16T07:34:25" time="0.89" tests="10">
    <testcase classname="Get Started Button Redirects - Simple Tests NavigationBar Get Started Button should have href pointing to /dashboard" name="Get Started Button Redirects - Simple Tests NavigationBar Get Started Button should have href pointing to /dashboard" time="0.04">
    </testcase>
    <testcase classname="Get Started Button Redirects - Simple Tests NavigationBar Get Started Button should not have href pointing to sign-in or auth pages" name="Get Started Button Redirects - Simple Tests NavigationBar Get Started Button should not have href pointing to sign-in or auth pages" time="0.019">
    </testcase>
    <testcase classname="Get Started Button Redirects - Simple Tests ValueStatementSection Get Started Button should have href pointing to /dashboard" name="Get Started Button Redirects - Simple Tests ValueStatementSection Get Started Button should have href pointing to /dashboard" time="0.165">
    </testcase>
    <testcase classname="Get Started Button Redirects - Simple Tests ValueStatementSection Get Started Button should not redirect to sign-in or stripe" name="Get Started Button Redirects - Simple Tests ValueStatementSection Get Started Button should not redirect to sign-in or stripe" time="0.03">
    </testcase>
    <testcase classname="Get Started Button Redirects - Simple Tests PricingCard Get Started Buttons should redirect to Stripe checkout for paid tiers" name="Get Started Button Redirects - Simple Tests PricingCard Get Started Buttons should redirect to Stripe checkout for paid tiers" time="0.023">
    </testcase>
    <testcase classname="Get Started Button Redirects - Simple Tests PricingCard Get Started Buttons should redirect to Stripe checkout, not dashboard for paid tiers" name="Get Started Button Redirects - Simple Tests PricingCard Get Started Buttons should redirect to Stripe checkout, not dashboard for paid tiers" time="0.008">
    </testcase>
    <testcase classname="Get Started Button Redirects - Simple Tests PricingCard Get Started Buttons should redirect to dashboard for tiers without stripePriceId (free tiers)" name="Get Started Button Redirects - Simple Tests PricingCard Get Started Buttons should redirect to dashboard for tiers without stripePriceId (free tiers)" time="0.012">
    </testcase>
    <testcase classname="Get Started Button Redirects - Simple Tests Integration Tests should ensure navigation Get Started buttons redirect to dashboard" name="Get Started Button Redirects - Simple Tests Integration Tests should ensure navigation Get Started buttons redirect to dashboard" time="0.043">
    </testcase>
    <testcase classname="Get Started Button Redirects - Simple Tests Integration Tests should ensure navigation buttons do not redirect to unwanted pages" name="Get Started Button Redirects - Simple Tests Integration Tests should ensure navigation buttons do not redirect to unwanted pages" time="0.034">
    </testcase>
    <testcase classname="Get Started Button Redirects - Simple Tests Summary Test should confirm navigation Get Started buttons redirect to dashboard and pricing buttons work correctly" name="Get Started Button Redirects - Simple Tests Summary Test should confirm navigation Get Started buttons redirect to dashboard and pricing buttons work correctly" time="0.049">
    </testcase>
  </testsuite>
  <testsuite name="Hero Component" errors="0" failures="3" skipped="0" timestamp="2025-06-16T07:34:25" time="0.98" tests="28">
    <testcase classname="Hero Component Content Rendering should render the main headline correctly" name="Hero Component Content Rendering should render the main headline correctly" time="0.039">
    </testcase>
    <testcase classname="Hero Component Content Rendering should render the badge with creator count" name="Hero Component Content Rendering should render the badge with creator count" time="0.016">
    </testcase>
    <testcase classname="Hero Component Content Rendering should render the subheadline with key metrics" name="Hero Component Content Rendering should render the subheadline with key metrics" time="0.024">
    </testcase>
    <testcase classname="Hero Component Content Rendering should render call-to-action buttons" name="Hero Component Content Rendering should render call-to-action buttons" time="0.016">
    </testcase>
    <testcase classname="Hero Component Content Rendering should render metric cards with correct data" name="Hero Component Content Rendering should render metric cards with correct data" time="0.026">
    </testcase>
    <testcase classname="Hero Component Content Rendering should render guarantee badges" name="Hero Component Content Rendering should render guarantee badges" time="0.021">
    </testcase>
    <testcase classname="Hero Component Navigation Links should have correct href for trial button" name="Hero Component Navigation Links should have correct href for trial button" time="0.012">
    </testcase>
    <testcase classname="Hero Component Navigation Links should have correct href for how it works link" name="Hero Component Navigation Links should have correct href for how it works link" time="0.018">
    </testcase>
    <testcase classname="Hero Component Accessibility should have proper heading structure" name="Hero Component Accessibility should have proper heading structure" time="0.027">
    </testcase>
    <testcase classname="Hero Component Accessibility should have accessible links" name="Hero Component Accessibility should have accessible links" time="0.018">
    </testcase>
    <testcase classname="Hero Component Accessibility should have proper color contrast classes" name="Hero Component Accessibility should have proper color contrast classes" time="0.025">
      <failure>TestingLibraryElementError: Unable to find an element with the text: The. This could be because the text is broken up by multiple elements. In this case, you can provide a function for your text matcher to make your matcher more flexible.

Ignored nodes: comments, script, style
&lt;body&gt;
  &lt;div&gt;
    &lt;div
      class=&quot;relative overflow-hidden bg-dominator-black&quot;
    &gt;
      &lt;div
        class=&quot;absolute inset-0 opacity-20&quot;
      &gt;
        &lt;div
          class=&quot;absolute inset-0 bg-[url(&apos;/grid.svg&apos;)] [mask-image:radial-gradient(ellipse_at_center,white,transparent_90%)]&quot;
        /&gt;
      &lt;/div&gt;
      &lt;div
        class=&quot;absolute inset-0 bg-gradient-to-br from-dominator-blue/5 via-transparent to-dominator-magenta/5&quot;
      /&gt;
      &lt;div
        class=&quot;relative pt-24 pb-20 sm:pt-28 sm:pb-32 px-4&quot;
      &gt;
        &lt;div
          class=&quot;max-w-7xl mx-auto&quot;
        &gt;
          &lt;div
            class=&quot;text-center&quot;
          &gt;
            &lt;div
              class=&quot;inline-flex items-center px-4 py-2 rounded-full bg-dominator-blue/10 text-dominator-blue text-sm font-medium mb-6 border border-dominator-blue/20&quot;
            &gt;
              &lt;svg
                class=&quot;w-4 h-4 mr-2&quot;
                data-testid=&quot;Zap-icon&quot;
              /&gt;
              &lt;span&gt;
                Join 10,000+ creators growing with Dominator
              &lt;/span&gt;
            &lt;/div&gt;
            &lt;h1
              class=&quot;text-4xl sm:text-6xl font-bold tracking-tight text-dominator-light mb-6&quot;
            &gt;
              The 
              &lt;span
                class=&quot;text-dominator-blue&quot;
              &gt;
                Dominator Loop
              &lt;/span&gt;
              : Your
              &lt;br /&gt;
              &lt;span
                class=&quot;text-transparent bg-clip-text bg-gradient-to-r from-dominator-blue to-dominator-magenta&quot;
              &gt;
                Viral Growth Engine
              &lt;/span&gt;
            &lt;/h1&gt;
            &lt;p
              class=&quot;text-xl text-dominator-light/80 max-w-3xl mx-auto mb-10 leading-relaxed&quot;
            &gt;
              Our proprietary 4-step system guarantees 
              &lt;span
                class=&quot;font-medium text-dominator-green&quot;
              &gt;
                30%+ higher view duration
              &lt;/span&gt;
              ,
              &lt;span
                class=&quot;font-medium text-dominator-blue&quot;
              &gt;
                 2x faster growth
              &lt;/span&gt;
              , and 
              &lt;span
                class=&quot;font-medium text-dominator-magenta&quot;
              &gt;
                3x your engagement
              &lt;/span&gt;
              -or your next month is on us.
            &lt;/p&gt;
            &lt;div
              class=&quot;flex flex-col sm:flex-row gap-4 justify-center items-center mb-16&quot;
            &gt;
              &lt;a
                class=&quot;group relative flex items-center justify-center px-8 py-4 text-lg font-medium text-dominator-black bg-gradient-to-r from-dominator-blue to-dominator-green hover:from-dominator-blue/90 hover:to-dominator-green/90 rounded-lg hover:shadow-glow-blue transition-all duration-300 transform hover:-translate-y-0.5&quot;
                href=&quot;/dashboard&quot;
              &gt;
                Start Your Free 14-Day Trial
                &lt;svg
                  class=&quot;ml-2 w-5 h-5 group-hover:translate-x-1 transition-transform&quot;
                  data-testid=&quot;ArrowRight-icon&quot;
                /&gt;
              &lt;/a&gt;
              &lt;a
                class=&quot;inline-flex items-center px-8 py-4 text-lg font-medium text-dominator-light hover:text-dominator-blue transition-colors group&quot;
                href=&quot;#how-it-works&quot;
              &gt;
                &lt;span
                  class=&quot;group-hover:underline&quot;
                &gt;
                  See How It Works
                &lt;/span&gt;
                 
                &lt;span
                  class=&quot;ml-1 group-hover:translate-x-1 transition-transform&quot;
                &gt;
                  →
                &lt;/span&gt;
              &lt;/a&gt;
            &lt;/div&gt;
            &lt;div
              class=&quot;grid grid-cols-1 md:grid-cols-3 gap-6 max-w-5xl mx-auto&quot;
            &gt;
              &lt;div
                class=&quot;p-6 bg-dominator-dark/80 backdrop-blur-sm rounded-xl border border-dominator-dark/50 hover:border-dominator-blue/30 transition-all duration-300 text-left group&quot;
              &gt;
                &lt;div
                  class=&quot;w-12 h-12 rounded-lg bg-dominator-dark/50 border border-dominator-blue/20 flex items-center justify-center mb-4 group-hover:border-dominator-blue/50 transition-colors&quot;
                &gt;
                  &lt;svg
                    class=&quot;w-6 h-6 text-dominator-blue&quot;
                    data-testid=&quot;BarChart-icon&quot;
                  /&gt;
                &lt;/div&gt;
                &lt;p
                  class=&quot;text-3xl font-bold mb-1 text-dominator-blue&quot;
                &gt;
                  30%+
                &lt;/p&gt;
                &lt;p
                  class=&quot;text-sm font-medium text-dominator-light/90 mb-2&quot;
                &gt;
                  Higher View Duration
                &lt;/p&gt;
                &lt;p
                  class=&quot;text-sm text-dominator-light/60&quot;
                &gt;
                  AI-optimized hooks keep viewers watching longer
                &lt;/p&gt;
              &lt;/div&gt;
              &lt;div
                class=&quot;p-6 bg-dominator-dark/80 backdrop-blur-sm rounded-xl border border-dominator-dark/50 hover:border-dominator-green/30 transition-all duration-300 text-left group&quot;
              &gt;
                &lt;div
                  class=&quot;w-12 h-12 rounded-lg bg-dominator-dark/50 border border-dominator-green/20 flex items-center justify-center mb-4 group-hover:border-dominator-green/50 transition-colors&quot;
                &gt;
                  &lt;svg
                    class=&quot;w-6 h-6 text-dominator-green&quot;
                    data-testid=&quot;TrendingUp-icon&quot;
                  /&gt;
                &lt;/div&gt;
                &lt;p
                  class=&quot;text-3xl font-bold mb-1 text-dominator-green&quot;
                &gt;
                  2x
                &lt;/p&gt;
                &lt;p
                  class=&quot;text-sm font-medium text-dominator-light/90 mb-2&quot;
                &gt;
                  Faster Growth
                &lt;/p&gt;
                &lt;p
                  class=&quot;text-sm text-dominator-light/60&quot;
                &gt;
                  Ride trends before they peak with our early detection
                &lt;/p&gt;
              &lt;/div&gt;
              &lt;div
                class=&quot;p-6 bg-dominator-dark/80 backdrop-blur-sm rounded-xl border border-dominator-dark/50 hover:border-dominator-magenta/30 transition-all duration-300 text-left group&quot;
              &gt;
                &lt;div
                  class=&quot;w-12 h-12 rounded-lg bg-dominator-dark/50 border border-dominator-magenta/20 flex items-center justify-center mb-4 group-hover:border-dominator-magenta/50 transition-colors&quot;
                &gt;
                  &lt;svg
                    class=&quot;w-6 h-6 text-dominator-magenta&quot;
                    data-testid=&quot;Users-icon&quot;
                  /&gt;
                &lt;/div&gt;
                &lt;p
                  class=&quot;text-3xl font-bold mb-1 text-dominator-magenta&quot;
                &gt;
                  3x
                &lt;/p&gt;
                &lt;p
                  class=&quot;text-sm font-medium text-dominator-light/90 mb-2&quot;
                &gt;
                  Engagement Score
                &lt;/p&gt;
                &lt;p
                  class=&quot;text-sm text-dominator-light/60&quot;
                &gt;
                  Our proprietary metric predicts virality potential
                &lt;/p&gt;
              &lt;/div&gt;
            &lt;/div&gt;
          &lt;/div&gt;
        &lt;/div&gt;
      &lt;/div&gt;
      &lt;div
        class=&quot;relative bg-dominator-dark/80 backdrop-blur-sm py-4 border-t border-dominator-dark&quot;
      &gt;
        &lt;div
          class=&quot;max-w-7xl mx-auto px-4&quot;
        &gt;
          &lt;div
            class=&quot;flex flex-col sm:flex-row items-center justify-center gap-4 text-sm text-dominator-light/70&quot;
          &gt;
            &lt;div
              class=&quot;flex items-center&quot;
            &gt;
              &lt;svg
                class=&quot;w-4 h-4 text-dominator-green mr-2&quot;
                data-testid=&quot;Check-icon&quot;
              /&gt;
              &lt;span&gt;
                30-day money-back guarantee
              &lt;/span&gt;
            &lt;/div&gt;
            &lt;div
              class=&quot;hidden sm:block w-px h-4 bg-dominator-light/20&quot;
            /&gt;
            &lt;div
              class=&quot;flex items-center&quot;
            &gt;
              &lt;svg
                class=&quot;w-4 h-4 text-dominator-green mr-2&quot;
                data-testid=&quot;Check-icon&quot;
              /&gt;
              &lt;span&gt;
                No credit card required
              &lt;/span&gt;
            &lt;/div&gt;
            &lt;div
              class=&quot;hidden sm:block w-px h-4 bg-dominator-light/20&quot;
            /&gt;
            &lt;div
              class=&quot;flex items-center&quot;
            &gt;
              &lt;svg
                class=&quot;w-4 h-4 text-dominator-green mr-2&quot;
                data-testid=&quot;Check-icon&quot;
              /&gt;
              &lt;span&gt;
                Cancel anytime
              &lt;/span&gt;
            &lt;/div&gt;
          &lt;/div&gt;
        &lt;/div&gt;
      &lt;/div&gt;
    &lt;/div&gt;
  &lt;/div&gt;
&lt;/body&gt;
    at Object.getElementError (C:\Users\Cheem\OneDrive\Coding\clipsCommerce - Copy\node_modules\@testing-library\dom\dist\config.js:37:19)
    at C:\Users\Cheem\OneDrive\Coding\clipsCommerce - Copy\node_modules\@testing-library\dom\dist\query-helpers.js:76:38
    at C:\Users\Cheem\OneDrive\Coding\clipsCommerce - Copy\node_modules\@testing-library\dom\dist\query-helpers.js:52:17
    at C:\Users\Cheem\OneDrive\Coding\clipsCommerce - Copy\node_modules\@testing-library\dom\dist\query-helpers.js:95:19
    at Object.&lt;anonymous&gt; (C:\Users\Cheem\OneDrive\Coding\clipsCommerce - Copy\src\components\__tests__\hero.test.tsx:95:32)
    at Promise.then.completed (C:\Users\Cheem\OneDrive\Coding\clipsCommerce - Copy\node_modules\jest-circus\build\utils.js:298:28)
    at new Promise (&lt;anonymous&gt;)
    at callAsyncCircusFn (C:\Users\Cheem\OneDrive\Coding\clipsCommerce - Copy\node_modules\jest-circus\build\utils.js:231:10)
    at _callCircusTest (C:\Users\Cheem\OneDrive\Coding\clipsCommerce - Copy\node_modules\jest-circus\build\run.js:316:40)
    at processTicksAndRejections (node:internal/process/task_queues:105:5)
    at _runTest (C:\Users\Cheem\OneDrive\Coding\clipsCommerce - Copy\node_modules\jest-circus\build\run.js:252:3)
    at _runTestsForDescribeBlock (C:\Users\Cheem\OneDrive\Coding\clipsCommerce - Copy\node_modules\jest-circus\build\run.js:126:9)
    at _runTestsForDescribeBlock (C:\Users\Cheem\OneDrive\Coding\clipsCommerce - Copy\node_modules\jest-circus\build\run.js:121:9)
    at _runTestsForDescribeBlock (C:\Users\Cheem\OneDrive\Coding\clipsCommerce - Copy\node_modules\jest-circus\build\run.js:121:9)
    at run (C:\Users\Cheem\OneDrive\Coding\clipsCommerce - Copy\node_modules\jest-circus\build\run.js:71:3)
    at runAndTransformResultsToJestFormat (C:\Users\Cheem\OneDrive\Coding\clipsCommerce - Copy\node_modules\jest-circus\build\legacy-code-todo-rewrite\jestAdapterInit.js:122:21)
    at jestAdapter (C:\Users\Cheem\OneDrive\Coding\clipsCommerce - Copy\node_modules\jest-circus\build\legacy-code-todo-rewrite\jestAdapter.js:79:19)
    at runTestInternal (C:\Users\Cheem\OneDrive\Coding\clipsCommerce - Copy\node_modules\jest-runner\build\runTest.js:367:16)
    at runTest (C:\Users\Cheem\OneDrive\Coding\clipsCommerce - Copy\node_modules\jest-runner\build\runTest.js:444:34)
    at Object.worker (C:\Users\Cheem\OneDrive\Coding\clipsCommerce - Copy\node_modules\jest-runner\build\testWorker.js:106:12)</failure>
    </testcase>
    <testcase classname="Hero Component Accessibility should support keyboard navigation" name="Hero Component Accessibility should support keyboard navigation" time="0.025">
    </testcase>
    <testcase classname="Hero Component Visual Elements should render icons for metrics" name="Hero Component Visual Elements should render icons for metrics" time="0.019">
    </testcase>
    <testcase classname="Hero Component Visual Elements should have gradient text styling" name="Hero Component Visual Elements should have gradient text styling" time="0.013">
    </testcase>
    <testcase classname="Hero Component Visual Elements should have proper background styling" name="Hero Component Visual Elements should have proper background styling" time="0.018">
      <failure>TestingLibraryElementError: Unable to find an element with the text: The. This could be because the text is broken up by multiple elements. In this case, you can provide a function for your text matcher to make your matcher more flexible.

Ignored nodes: comments, script, style
&lt;body&gt;
  &lt;div&gt;
    &lt;div
      class=&quot;relative overflow-hidden bg-dominator-black&quot;
    &gt;
      &lt;div
        class=&quot;absolute inset-0 opacity-20&quot;
      &gt;
        &lt;div
          class=&quot;absolute inset-0 bg-[url(&apos;/grid.svg&apos;)] [mask-image:radial-gradient(ellipse_at_center,white,transparent_90%)]&quot;
        /&gt;
      &lt;/div&gt;
      &lt;div
        class=&quot;absolute inset-0 bg-gradient-to-br from-dominator-blue/5 via-transparent to-dominator-magenta/5&quot;
      /&gt;
      &lt;div
        class=&quot;relative pt-24 pb-20 sm:pt-28 sm:pb-32 px-4&quot;
      &gt;
        &lt;div
          class=&quot;max-w-7xl mx-auto&quot;
        &gt;
          &lt;div
            class=&quot;text-center&quot;
          &gt;
            &lt;div
              class=&quot;inline-flex items-center px-4 py-2 rounded-full bg-dominator-blue/10 text-dominator-blue text-sm font-medium mb-6 border border-dominator-blue/20&quot;
            &gt;
              &lt;svg
                class=&quot;w-4 h-4 mr-2&quot;
                data-testid=&quot;Zap-icon&quot;
              /&gt;
              &lt;span&gt;
                Join 10,000+ creators growing with Dominator
              &lt;/span&gt;
            &lt;/div&gt;
            &lt;h1
              class=&quot;text-4xl sm:text-6xl font-bold tracking-tight text-dominator-light mb-6&quot;
            &gt;
              The 
              &lt;span
                class=&quot;text-dominator-blue&quot;
              &gt;
                Dominator Loop
              &lt;/span&gt;
              : Your
              &lt;br /&gt;
              &lt;span
                class=&quot;text-transparent bg-clip-text bg-gradient-to-r from-dominator-blue to-dominator-magenta&quot;
              &gt;
                Viral Growth Engine
              &lt;/span&gt;
            &lt;/h1&gt;
            &lt;p
              class=&quot;text-xl text-dominator-light/80 max-w-3xl mx-auto mb-10 leading-relaxed&quot;
            &gt;
              Our proprietary 4-step system guarantees 
              &lt;span
                class=&quot;font-medium text-dominator-green&quot;
              &gt;
                30%+ higher view duration
              &lt;/span&gt;
              ,
              &lt;span
                class=&quot;font-medium text-dominator-blue&quot;
              &gt;
                 2x faster growth
              &lt;/span&gt;
              , and 
              &lt;span
                class=&quot;font-medium text-dominator-magenta&quot;
              &gt;
                3x your engagement
              &lt;/span&gt;
              -or your next month is on us.
            &lt;/p&gt;
            &lt;div
              class=&quot;flex flex-col sm:flex-row gap-4 justify-center items-center mb-16&quot;
            &gt;
              &lt;a
                class=&quot;group relative flex items-center justify-center px-8 py-4 text-lg font-medium text-dominator-black bg-gradient-to-r from-dominator-blue to-dominator-green hover:from-dominator-blue/90 hover:to-dominator-green/90 rounded-lg hover:shadow-glow-blue transition-all duration-300 transform hover:-translate-y-0.5&quot;
                href=&quot;/dashboard&quot;
              &gt;
                Start Your Free 14-Day Trial
                &lt;svg
                  class=&quot;ml-2 w-5 h-5 group-hover:translate-x-1 transition-transform&quot;
                  data-testid=&quot;ArrowRight-icon&quot;
                /&gt;
              &lt;/a&gt;
              &lt;a
                class=&quot;inline-flex items-center px-8 py-4 text-lg font-medium text-dominator-light hover:text-dominator-blue transition-colors group&quot;
                href=&quot;#how-it-works&quot;
              &gt;
                &lt;span
                  class=&quot;group-hover:underline&quot;
                &gt;
                  See How It Works
                &lt;/span&gt;
                 
                &lt;span
                  class=&quot;ml-1 group-hover:translate-x-1 transition-transform&quot;
                &gt;
                  →
                &lt;/span&gt;
              &lt;/a&gt;
            &lt;/div&gt;
            &lt;div
              class=&quot;grid grid-cols-1 md:grid-cols-3 gap-6 max-w-5xl mx-auto&quot;
            &gt;
              &lt;div
                class=&quot;p-6 bg-dominator-dark/80 backdrop-blur-sm rounded-xl border border-dominator-dark/50 hover:border-dominator-blue/30 transition-all duration-300 text-left group&quot;
              &gt;
                &lt;div
                  class=&quot;w-12 h-12 rounded-lg bg-dominator-dark/50 border border-dominator-blue/20 flex items-center justify-center mb-4 group-hover:border-dominator-blue/50 transition-colors&quot;
                &gt;
                  &lt;svg
                    class=&quot;w-6 h-6 text-dominator-blue&quot;
                    data-testid=&quot;BarChart-icon&quot;
                  /&gt;
                &lt;/div&gt;
                &lt;p
                  class=&quot;text-3xl font-bold mb-1 text-dominator-blue&quot;
                &gt;
                  30%+
                &lt;/p&gt;
                &lt;p
                  class=&quot;text-sm font-medium text-dominator-light/90 mb-2&quot;
                &gt;
                  Higher View Duration
                &lt;/p&gt;
                &lt;p
                  class=&quot;text-sm text-dominator-light/60&quot;
                &gt;
                  AI-optimized hooks keep viewers watching longer
                &lt;/p&gt;
              &lt;/div&gt;
              &lt;div
                class=&quot;p-6 bg-dominator-dark/80 backdrop-blur-sm rounded-xl border border-dominator-dark/50 hover:border-dominator-green/30 transition-all duration-300 text-left group&quot;
              &gt;
                &lt;div
                  class=&quot;w-12 h-12 rounded-lg bg-dominator-dark/50 border border-dominator-green/20 flex items-center justify-center mb-4 group-hover:border-dominator-green/50 transition-colors&quot;
                &gt;
                  &lt;svg
                    class=&quot;w-6 h-6 text-dominator-green&quot;
                    data-testid=&quot;TrendingUp-icon&quot;
                  /&gt;
                &lt;/div&gt;
                &lt;p
                  class=&quot;text-3xl font-bold mb-1 text-dominator-green&quot;
                &gt;
                  2x
                &lt;/p&gt;
                &lt;p
                  class=&quot;text-sm font-medium text-dominator-light/90 mb-2&quot;
                &gt;
                  Faster Growth
                &lt;/p&gt;
                &lt;p
                  class=&quot;text-sm text-dominator-light/60&quot;
                &gt;
                  Ride trends before they peak with our early detection
                &lt;/p&gt;
              &lt;/div&gt;
              &lt;div
                class=&quot;p-6 bg-dominator-dark/80 backdrop-blur-sm rounded-xl border border-dominator-dark/50 hover:border-dominator-magenta/30 transition-all duration-300 text-left group&quot;
              &gt;
                &lt;div
                  class=&quot;w-12 h-12 rounded-lg bg-dominator-dark/50 border border-dominator-magenta/20 flex items-center justify-center mb-4 group-hover:border-dominator-magenta/50 transition-colors&quot;
                &gt;
                  &lt;svg
                    class=&quot;w-6 h-6 text-dominator-magenta&quot;
                    data-testid=&quot;Users-icon&quot;
                  /&gt;
                &lt;/div&gt;
                &lt;p
                  class=&quot;text-3xl font-bold mb-1 text-dominator-magenta&quot;
                &gt;
                  3x
                &lt;/p&gt;
                &lt;p
                  class=&quot;text-sm font-medium text-dominator-light/90 mb-2&quot;
                &gt;
                  Engagement Score
                &lt;/p&gt;
                &lt;p
                  class=&quot;text-sm text-dominator-light/60&quot;
                &gt;
                  Our proprietary metric predicts virality potential
                &lt;/p&gt;
              &lt;/div&gt;
            &lt;/div&gt;
          &lt;/div&gt;
        &lt;/div&gt;
      &lt;/div&gt;
      &lt;div
        class=&quot;relative bg-dominator-dark/80 backdrop-blur-sm py-4 border-t border-dominator-dark&quot;
      &gt;
        &lt;div
          class=&quot;max-w-7xl mx-auto px-4&quot;
        &gt;
          &lt;div
            class=&quot;flex flex-col sm:flex-row items-center justify-center gap-4 text-sm text-dominator-light/70&quot;
          &gt;
            &lt;div
              class=&quot;flex items-center&quot;
            &gt;
              &lt;svg
                class=&quot;w-4 h-4 text-dominator-green mr-2&quot;
                data-testid=&quot;Check-icon&quot;
              /&gt;
              &lt;span&gt;
                30-day money-back guarantee
              &lt;/span&gt;
            &lt;/div&gt;
            &lt;div
              class=&quot;hidden sm:block w-px h-4 bg-dominator-light/20&quot;
            /&gt;
            &lt;div
              class=&quot;flex items-center&quot;
            &gt;
              &lt;svg
                class=&quot;w-4 h-4 text-dominator-green mr-2&quot;
                data-testid=&quot;Check-icon&quot;
              /&gt;
              &lt;span&gt;
                No credit card required
              &lt;/span&gt;
            &lt;/div&gt;
            &lt;div
              class=&quot;hidden sm:block w-px h-4 bg-dominator-light/20&quot;
            /&gt;
            &lt;div
              class=&quot;flex items-center&quot;
            &gt;
              &lt;svg
                class=&quot;w-4 h-4 text-dominator-green mr-2&quot;
                data-testid=&quot;Check-icon&quot;
              /&gt;
              &lt;span&gt;
                Cancel anytime
              &lt;/span&gt;
            &lt;/div&gt;
          &lt;/div&gt;
        &lt;/div&gt;
      &lt;/div&gt;
    &lt;/div&gt;
  &lt;/div&gt;
&lt;/body&gt;
    at Object.getElementError (C:\Users\Cheem\OneDrive\Coding\clipsCommerce - Copy\node_modules\@testing-library\dom\dist\config.js:37:19)
    at C:\Users\Cheem\OneDrive\Coding\clipsCommerce - Copy\node_modules\@testing-library\dom\dist\query-helpers.js:76:38
    at C:\Users\Cheem\OneDrive\Coding\clipsCommerce - Copy\node_modules\@testing-library\dom\dist\query-helpers.js:52:17
    at C:\Users\Cheem\OneDrive\Coding\clipsCommerce - Copy\node_modules\@testing-library\dom\dist\query-helpers.js:95:19
    at Object.&lt;anonymous&gt; (C:\Users\Cheem\OneDrive\Coding\clipsCommerce - Copy\src\components\__tests__\hero.test.tsx:131:36)
    at Promise.then.completed (C:\Users\Cheem\OneDrive\Coding\clipsCommerce - Copy\node_modules\jest-circus\build\utils.js:298:28)
    at new Promise (&lt;anonymous&gt;)
    at callAsyncCircusFn (C:\Users\Cheem\OneDrive\Coding\clipsCommerce - Copy\node_modules\jest-circus\build\utils.js:231:10)
    at _callCircusTest (C:\Users\Cheem\OneDrive\Coding\clipsCommerce - Copy\node_modules\jest-circus\build\run.js:316:40)
    at processTicksAndRejections (node:internal/process/task_queues:105:5)
    at _runTest (C:\Users\Cheem\OneDrive\Coding\clipsCommerce - Copy\node_modules\jest-circus\build\run.js:252:3)
    at _runTestsForDescribeBlock (C:\Users\Cheem\OneDrive\Coding\clipsCommerce - Copy\node_modules\jest-circus\build\run.js:126:9)
    at _runTestsForDescribeBlock (C:\Users\Cheem\OneDrive\Coding\clipsCommerce - Copy\node_modules\jest-circus\build\run.js:121:9)
    at _runTestsForDescribeBlock (C:\Users\Cheem\OneDrive\Coding\clipsCommerce - Copy\node_modules\jest-circus\build\run.js:121:9)
    at run (C:\Users\Cheem\OneDrive\Coding\clipsCommerce - Copy\node_modules\jest-circus\build\run.js:71:3)
    at runAndTransformResultsToJestFormat (C:\Users\Cheem\OneDrive\Coding\clipsCommerce - Copy\node_modules\jest-circus\build\legacy-code-todo-rewrite\jestAdapterInit.js:122:21)
    at jestAdapter (C:\Users\Cheem\OneDrive\Coding\clipsCommerce - Copy\node_modules\jest-circus\build\legacy-code-todo-rewrite\jestAdapter.js:79:19)
    at runTestInternal (C:\Users\Cheem\OneDrive\Coding\clipsCommerce - Copy\node_modules\jest-runner\build\runTest.js:367:16)
    at runTest (C:\Users\Cheem\OneDrive\Coding\clipsCommerce - Copy\node_modules\jest-runner\build\runTest.js:444:34)
    at Object.worker (C:\Users\Cheem\OneDrive\Coding\clipsCommerce - Copy\node_modules\jest-runner\build\testWorker.js:106:12)</failure>
    </testcase>
    <testcase classname="Hero Component Responsive Design should have responsive text classes" name="Hero Component Responsive Design should have responsive text classes" time="0.014">
    </testcase>
    <testcase classname="Hero Component Responsive Design should have responsive button layout" name="Hero Component Responsive Design should have responsive button layout" time="0.015">
    </testcase>
    <testcase classname="Hero Component Responsive Design should have responsive grid for metrics" name="Hero Component Responsive Design should have responsive grid for metrics" time="0.015">
    </testcase>
    <testcase classname="Hero Component Interactive Elements should have hover effects on buttons" name="Hero Component Interactive Elements should have hover effects on buttons" time="0.015">
    </testcase>
    <testcase classname="Hero Component Interactive Elements should have hover effects on metric cards" name="Hero Component Interactive Elements should have hover effects on metric cards" time="0.015">
    </testcase>
    <testcase classname="Hero Component Interactive Elements should handle click events on CTA buttons" name="Hero Component Interactive Elements should handle click events on CTA buttons" time="0.023">
    </testcase>
    <testcase classname="Hero Component Content Validation should display correct metric values" name="Hero Component Content Validation should display correct metric values" time="0.015">
    </testcase>
    <testcase classname="Hero Component Content Validation should have compelling copy" name="Hero Component Content Validation should have compelling copy" time="0.014">
    </testcase>
    <testcase classname="Hero Component Content Validation should include trust signals" name="Hero Component Content Validation should include trust signals" time="0.015">
    </testcase>
    <testcase classname="Hero Component Performance Considerations should render without performance issues" name="Hero Component Performance Considerations should render without performance issues" time="0.019">
    </testcase>
    <testcase classname="Hero Component Performance Considerations should not have memory leaks" name="Hero Component Performance Considerations should not have memory leaks" time="0.023">
    </testcase>
    <testcase classname="Hero Component Error Handling should handle missing icons gracefully" name="Hero Component Error Handling should handle missing icons gracefully" time="0.012">
    </testcase>
    <testcase classname="Hero Component Error Handling should maintain layout integrity" name="Hero Component Error Handling should maintain layout integrity" time="0.025">
      <failure>TestingLibraryElementError: Unable to find an element with the text: The. This could be because the text is broken up by multiple elements. In this case, you can provide a function for your text matcher to make your matcher more flexible.

Ignored nodes: comments, script, style
&lt;body&gt;
  &lt;div&gt;
    &lt;div
      class=&quot;relative overflow-hidden bg-dominator-black&quot;
    &gt;
      &lt;div
        class=&quot;absolute inset-0 opacity-20&quot;
      &gt;
        &lt;div
          class=&quot;absolute inset-0 bg-[url(&apos;/grid.svg&apos;)] [mask-image:radial-gradient(ellipse_at_center,white,transparent_90%)]&quot;
        /&gt;
      &lt;/div&gt;
      &lt;div
        class=&quot;absolute inset-0 bg-gradient-to-br from-dominator-blue/5 via-transparent to-dominator-magenta/5&quot;
      /&gt;
      &lt;div
        class=&quot;relative pt-24 pb-20 sm:pt-28 sm:pb-32 px-4&quot;
      &gt;
        &lt;div
          class=&quot;max-w-7xl mx-auto&quot;
        &gt;
          &lt;div
            class=&quot;text-center&quot;
          &gt;
            &lt;div
              class=&quot;inline-flex items-center px-4 py-2 rounded-full bg-dominator-blue/10 text-dominator-blue text-sm font-medium mb-6 border border-dominator-blue/20&quot;
            &gt;
              &lt;svg
                class=&quot;w-4 h-4 mr-2&quot;
                data-testid=&quot;Zap-icon&quot;
              /&gt;
              &lt;span&gt;
                Join 10,000+ creators growing with Dominator
              &lt;/span&gt;
            &lt;/div&gt;
            &lt;h1
              class=&quot;text-4xl sm:text-6xl font-bold tracking-tight text-dominator-light mb-6&quot;
            &gt;
              The 
              &lt;span
                class=&quot;text-dominator-blue&quot;
              &gt;
                Dominator Loop
              &lt;/span&gt;
              : Your
              &lt;br /&gt;
              &lt;span
                class=&quot;text-transparent bg-clip-text bg-gradient-to-r from-dominator-blue to-dominator-magenta&quot;
              &gt;
                Viral Growth Engine
              &lt;/span&gt;
            &lt;/h1&gt;
            &lt;p
              class=&quot;text-xl text-dominator-light/80 max-w-3xl mx-auto mb-10 leading-relaxed&quot;
            &gt;
              Our proprietary 4-step system guarantees 
              &lt;span
                class=&quot;font-medium text-dominator-green&quot;
              &gt;
                30%+ higher view duration
              &lt;/span&gt;
              ,
              &lt;span
                class=&quot;font-medium text-dominator-blue&quot;
              &gt;
                 2x faster growth
              &lt;/span&gt;
              , and 
              &lt;span
                class=&quot;font-medium text-dominator-magenta&quot;
              &gt;
                3x your engagement
              &lt;/span&gt;
              -or your next month is on us.
            &lt;/p&gt;
            &lt;div
              class=&quot;flex flex-col sm:flex-row gap-4 justify-center items-center mb-16&quot;
            &gt;
              &lt;a
                class=&quot;group relative flex items-center justify-center px-8 py-4 text-lg font-medium text-dominator-black bg-gradient-to-r from-dominator-blue to-dominator-green hover:from-dominator-blue/90 hover:to-dominator-green/90 rounded-lg hover:shadow-glow-blue transition-all duration-300 transform hover:-translate-y-0.5&quot;
                href=&quot;/dashboard&quot;
              &gt;
                Start Your Free 14-Day Trial
                &lt;svg
                  class=&quot;ml-2 w-5 h-5 group-hover:translate-x-1 transition-transform&quot;
                  data-testid=&quot;ArrowRight-icon&quot;
                /&gt;
              &lt;/a&gt;
              &lt;a
                class=&quot;inline-flex items-center px-8 py-4 text-lg font-medium text-dominator-light hover:text-dominator-blue transition-colors group&quot;
                href=&quot;#how-it-works&quot;
              &gt;
                &lt;span
                  class=&quot;group-hover:underline&quot;
                &gt;
                  See How It Works
                &lt;/span&gt;
                 
                &lt;span
                  class=&quot;ml-1 group-hover:translate-x-1 transition-transform&quot;
                &gt;
                  →
                &lt;/span&gt;
              &lt;/a&gt;
            &lt;/div&gt;
            &lt;div
              class=&quot;grid grid-cols-1 md:grid-cols-3 gap-6 max-w-5xl mx-auto&quot;
            &gt;
              &lt;div
                class=&quot;p-6 bg-dominator-dark/80 backdrop-blur-sm rounded-xl border border-dominator-dark/50 hover:border-dominator-blue/30 transition-all duration-300 text-left group&quot;
              &gt;
                &lt;div
                  class=&quot;w-12 h-12 rounded-lg bg-dominator-dark/50 border border-dominator-blue/20 flex items-center justify-center mb-4 group-hover:border-dominator-blue/50 transition-colors&quot;
                &gt;
                  &lt;svg
                    class=&quot;w-6 h-6 text-dominator-blue&quot;
                    data-testid=&quot;BarChart-icon&quot;
                  /&gt;
                &lt;/div&gt;
                &lt;p
                  class=&quot;text-3xl font-bold mb-1 text-dominator-blue&quot;
                &gt;
                  30%+
                &lt;/p&gt;
                &lt;p
                  class=&quot;text-sm font-medium text-dominator-light/90 mb-2&quot;
                &gt;
                  Higher View Duration
                &lt;/p&gt;
                &lt;p
                  class=&quot;text-sm text-dominator-light/60&quot;
                &gt;
                  AI-optimized hooks keep viewers watching longer
                &lt;/p&gt;
              &lt;/div&gt;
              &lt;div
                class=&quot;p-6 bg-dominator-dark/80 backdrop-blur-sm rounded-xl border border-dominator-dark/50 hover:border-dominator-green/30 transition-all duration-300 text-left group&quot;
              &gt;
                &lt;div
                  class=&quot;w-12 h-12 rounded-lg bg-dominator-dark/50 border border-dominator-green/20 flex items-center justify-center mb-4 group-hover:border-dominator-green/50 transition-colors&quot;
                &gt;
                  &lt;svg
                    class=&quot;w-6 h-6 text-dominator-green&quot;
                    data-testid=&quot;TrendingUp-icon&quot;
                  /&gt;
                &lt;/div&gt;
                &lt;p
                  class=&quot;text-3xl font-bold mb-1 text-dominator-green&quot;
                &gt;
                  2x
                &lt;/p&gt;
                &lt;p
                  class=&quot;text-sm font-medium text-dominator-light/90 mb-2&quot;
                &gt;
                  Faster Growth
                &lt;/p&gt;
                &lt;p
                  class=&quot;text-sm text-dominator-light/60&quot;
                &gt;
                  Ride trends before they peak with our early detection
                &lt;/p&gt;
              &lt;/div&gt;
              &lt;div
                class=&quot;p-6 bg-dominator-dark/80 backdrop-blur-sm rounded-xl border border-dominator-dark/50 hover:border-dominator-magenta/30 transition-all duration-300 text-left group&quot;
              &gt;
                &lt;div
                  class=&quot;w-12 h-12 rounded-lg bg-dominator-dark/50 border border-dominator-magenta/20 flex items-center justify-center mb-4 group-hover:border-dominator-magenta/50 transition-colors&quot;
                &gt;
                  &lt;svg
                    class=&quot;w-6 h-6 text-dominator-magenta&quot;
                    data-testid=&quot;Users-icon&quot;
                  /&gt;
                &lt;/div&gt;
                &lt;p
                  class=&quot;text-3xl font-bold mb-1 text-dominator-magenta&quot;
                &gt;
                  3x
                &lt;/p&gt;
                &lt;p
                  class=&quot;text-sm font-medium text-dominator-light/90 mb-2&quot;
                &gt;
                  Engagement Score
                &lt;/p&gt;
                &lt;p
                  class=&quot;text-sm text-dominator-light/60&quot;
                &gt;
                  Our proprietary metric predicts virality potential
                &lt;/p&gt;
              &lt;/div&gt;
            &lt;/div&gt;
          &lt;/div&gt;
        &lt;/div&gt;
      &lt;/div&gt;
      &lt;div
        class=&quot;relative bg-dominator-dark/80 backdrop-blur-sm py-4 border-t border-dominator-dark&quot;
      &gt;
        &lt;div
          class=&quot;max-w-7xl mx-auto px-4&quot;
        &gt;
          &lt;div
            class=&quot;flex flex-col sm:flex-row items-center justify-center gap-4 text-sm text-dominator-light/70&quot;
          &gt;
            &lt;div
              class=&quot;flex items-center&quot;
            &gt;
              &lt;svg
                class=&quot;w-4 h-4 text-dominator-green mr-2&quot;
                data-testid=&quot;Check-icon&quot;
              /&gt;
              &lt;span&gt;
                30-day money-back guarantee
              &lt;/span&gt;
            &lt;/div&gt;
            &lt;div
              class=&quot;hidden sm:block w-px h-4 bg-dominator-light/20&quot;
            /&gt;
            &lt;div
              class=&quot;flex items-center&quot;
            &gt;
              &lt;svg
                class=&quot;w-4 h-4 text-dominator-green mr-2&quot;
                data-testid=&quot;Check-icon&quot;
              /&gt;
              &lt;span&gt;
                No credit card required
              &lt;/span&gt;
            &lt;/div&gt;
            &lt;div
              class=&quot;hidden sm:block w-px h-4 bg-dominator-light/20&quot;
            /&gt;
            &lt;div
              class=&quot;flex items-center&quot;
            &gt;
              &lt;svg
                class=&quot;w-4 h-4 text-dominator-green mr-2&quot;
                data-testid=&quot;Check-icon&quot;
              /&gt;
              &lt;span&gt;
                Cancel anytime
              &lt;/span&gt;
            &lt;/div&gt;
          &lt;/div&gt;
        &lt;/div&gt;
      &lt;/div&gt;
    &lt;/div&gt;
  &lt;/div&gt;
&lt;/body&gt;
    at Object.getElementError (C:\Users\Cheem\OneDrive\Coding\clipsCommerce - Copy\node_modules\@testing-library\dom\dist\config.js:37:19)
    at C:\Users\Cheem\OneDrive\Coding\clipsCommerce - Copy\node_modules\@testing-library\dom\dist\query-helpers.js:76:38
    at C:\Users\Cheem\OneDrive\Coding\clipsCommerce - Copy\node_modules\@testing-library\dom\dist\query-helpers.js:52:17
    at C:\Users\Cheem\OneDrive\Coding\clipsCommerce - Copy\node_modules\@testing-library\dom\dist\query-helpers.js:95:19
    at Object.&lt;anonymous&gt; (C:\Users\Cheem\OneDrive\Coding\clipsCommerce - Copy\src\components\__tests__\hero.test.tsx:222:36)
    at Promise.then.completed (C:\Users\Cheem\OneDrive\Coding\clipsCommerce - Copy\node_modules\jest-circus\build\utils.js:298:28)
    at new Promise (&lt;anonymous&gt;)
    at callAsyncCircusFn (C:\Users\Cheem\OneDrive\Coding\clipsCommerce - Copy\node_modules\jest-circus\build\utils.js:231:10)
    at _callCircusTest (C:\Users\Cheem\OneDrive\Coding\clipsCommerce - Copy\node_modules\jest-circus\build\run.js:316:40)
    at processTicksAndRejections (node:internal/process/task_queues:105:5)
    at _runTest (C:\Users\Cheem\OneDrive\Coding\clipsCommerce - Copy\node_modules\jest-circus\build\run.js:252:3)
    at _runTestsForDescribeBlock (C:\Users\Cheem\OneDrive\Coding\clipsCommerce - Copy\node_modules\jest-circus\build\run.js:126:9)
    at _runTestsForDescribeBlock (C:\Users\Cheem\OneDrive\Coding\clipsCommerce - Copy\node_modules\jest-circus\build\run.js:121:9)
    at _runTestsForDescribeBlock (C:\Users\Cheem\OneDrive\Coding\clipsCommerce - Copy\node_modules\jest-circus\build\run.js:121:9)
    at run (C:\Users\Cheem\OneDrive\Coding\clipsCommerce - Copy\node_modules\jest-circus\build\run.js:71:3)
    at runAndTransformResultsToJestFormat (C:\Users\Cheem\OneDrive\Coding\clipsCommerce - Copy\node_modules\jest-circus\build\legacy-code-todo-rewrite\jestAdapterInit.js:122:21)
    at jestAdapter (C:\Users\Cheem\OneDrive\Coding\clipsCommerce - Copy\node_modules\jest-circus\build\legacy-code-todo-rewrite\jestAdapter.js:79:19)
    at runTestInternal (C:\Users\Cheem\OneDrive\Coding\clipsCommerce - Copy\node_modules\jest-runner\build\runTest.js:367:16)
    at runTest (C:\Users\Cheem\OneDrive\Coding\clipsCommerce - Copy\node_modules\jest-runner\build\runTest.js:444:34)
    at Object.worker (C:\Users\Cheem\OneDrive\Coding\clipsCommerce - Copy\node_modules\jest-runner\build\testWorker.js:106:12)</failure>
    </testcase>
  </testsuite>
  <testsuite name="Production Readiness Verification" errors="0" failures="0" skipped="0" timestamp="2025-06-16T07:34:26" time="0.243" tests="28">
    <testcase classname="Production Readiness Verification Core Implementation Status should verify pricing structure is updated" name="Production Readiness Verification Core Implementation Status should verify pricing structure is updated" time="0.002">
    </testcase>
    <testcase classname="Production Readiness Verification Core Implementation Status should verify usage limits are implemented" name="Production Readiness Verification Core Implementation Status should verify usage limits are implemented" time="0">
    </testcase>
    <testcase classname="Production Readiness Verification Core Implementation Status should verify team dashboard protection is active" name="Production Readiness Verification Core Implementation Status should verify team dashboard protection is active" time="0">
    </testcase>
    <testcase classname="Production Readiness Verification Core Implementation Status should verify brand colors are consistently applied" name="Production Readiness Verification Core Implementation Status should verify brand colors are consistently applied" time="0.001">
    </testcase>
    <testcase classname="Production Readiness Verification Core Implementation Status should verify CTA links point to dashboard" name="Production Readiness Verification Core Implementation Status should verify CTA links point to dashboard" time="0">
    </testcase>
    <testcase classname="Production Readiness Verification Core Implementation Status should verify resources page has comprehensive templates" name="Production Readiness Verification Core Implementation Status should verify resources page has comprehensive templates" time="0.001">
    </testcase>
    <testcase classname="Production Readiness Verification Core Implementation Status should verify API docs shows coming soon" name="Production Readiness Verification Core Implementation Status should verify API docs shows coming soon" time="0">
    </testcase>
    <testcase classname="Production Readiness Verification Core Implementation Status should verify solutions page is redesigned" name="Production Readiness Verification Core Implementation Status should verify solutions page is redesigned" time="0.001">
    </testcase>
    <testcase classname="Production Readiness Verification Core Implementation Status should verify scroll bar issues are fixed" name="Production Readiness Verification Core Implementation Status should verify scroll bar issues are fixed" time="0">
    </testcase>
    <testcase classname="Production Readiness Verification Core Implementation Status should verify terms of service styling is updated" name="Production Readiness Verification Core Implementation Status should verify terms of service styling is updated" time="0.001">
    </testcase>
    <testcase classname="Production Readiness Verification Feature Completeness should have all required pricing tiers" name="Production Readiness Verification Feature Completeness should have all required pricing tiers" time="0.001">
    </testcase>
    <testcase classname="Production Readiness Verification Feature Completeness should have proper usage tracking across all features" name="Production Readiness Verification Feature Completeness should have proper usage tracking across all features" time="0.001">
    </testcase>
    <testcase classname="Production Readiness Verification Feature Completeness should have team dashboard with proper access controls" name="Production Readiness Verification Feature Completeness should have team dashboard with proper access controls" time="0">
    </testcase>
    <testcase classname="Production Readiness Verification Feature Completeness should have comprehensive content templates" name="Production Readiness Verification Feature Completeness should have comprehensive content templates" time="0.002">
    </testcase>
    <testcase classname="Production Readiness Verification User Experience Validation should have consistent brand experience" name="Production Readiness Verification User Experience Validation should have consistent brand experience" time="0.001">
    </testcase>
    <testcase classname="Production Readiness Verification User Experience Validation should have clear upgrade paths" name="Production Readiness Verification User Experience Validation should have clear upgrade paths" time="0">
    </testcase>
    <testcase classname="Production Readiness Verification User Experience Validation should have proper error handling" name="Production Readiness Verification User Experience Validation should have proper error handling" time="0.001">
    </testcase>
    <testcase classname="Production Readiness Verification User Experience Validation should have responsive design" name="Production Readiness Verification User Experience Validation should have responsive design" time="0">
    </testcase>
    <testcase classname="Production Readiness Verification Performance and Reliability should load quickly without memory leaks" name="Production Readiness Verification Performance and Reliability should load quickly without memory leaks" time="0.001">
    </testcase>
    <testcase classname="Production Readiness Verification Performance and Reliability should handle concurrent users" name="Production Readiness Verification Performance and Reliability should handle concurrent users" time="0">
    </testcase>
    <testcase classname="Production Readiness Verification Performance and Reliability should have proper caching" name="Production Readiness Verification Performance and Reliability should have proper caching" time="0.001">
    </testcase>
    <testcase classname="Production Readiness Verification Security and Access Control should properly restrict team dashboard access" name="Production Readiness Verification Security and Access Control should properly restrict team dashboard access" time="0">
    </testcase>
    <testcase classname="Production Readiness Verification Security and Access Control should enforce usage limits correctly" name="Production Readiness Verification Security and Access Control should enforce usage limits correctly" time="0">
    </testcase>
    <testcase classname="Production Readiness Verification Security and Access Control should handle authentication states" name="Production Readiness Verification Security and Access Control should handle authentication states" time="0">
    </testcase>
    <testcase classname="End-to-End Production Readiness should complete full user journey from landing to dashboard" name="End-to-End Production Readiness should complete full user journey from landing to dashboard" time="0">
    </testcase>
    <testcase classname="End-to-End Production Readiness should handle subscription upgrades correctly" name="End-to-End Production Readiness should handle subscription upgrades correctly" time="0.001">
    </testcase>
    <testcase classname="End-to-End Production Readiness should track usage across all features" name="End-to-End Production Readiness should track usage across all features" time="0">
    </testcase>
    <testcase classname="End-to-End Production Readiness should provide consistent experience across all pages" name="End-to-End Production Readiness should provide consistent experience across all pages" time="0">
    </testcase>
  </testsuite>
  <testsuite name="NavigationBar" errors="0" failures="0" skipped="0" timestamp="2025-06-16T07:34:26" time="0.503" tests="10">
    <testcase classname="NavigationBar Desktop Navigation should render all navigation items" name="NavigationBar Desktop Navigation should render all navigation items" time="0.043">
    </testcase>
    <testcase classname="NavigationBar Desktop Navigation should have correct href attributes for direct links" name="NavigationBar Desktop Navigation should have correct href attributes for direct links" time="0.021">
    </testcase>
    <testcase classname="NavigationBar Desktop Navigation should show dropdown when hovering over dropdown items" name="NavigationBar Desktop Navigation should show dropdown when hovering over dropdown items" time="0.032">
    </testcase>
    <testcase classname="NavigationBar Mobile Navigation should show mobile menu when hamburger is clicked" name="NavigationBar Mobile Navigation should show mobile menu when hamburger is clicked" time="0.022">
    </testcase>
    <testcase classname="NavigationBar Mobile Navigation should have mobile pricing link with correct attributes" name="NavigationBar Mobile Navigation should have mobile pricing link with correct attributes" time="0.011">
    </testcase>
    <testcase classname="NavigationBar Dropdown Functionality should toggle dropdowns correctly" name="NavigationBar Dropdown Functionality should toggle dropdowns correctly" time="0.026">
    </testcase>
    <testcase classname="NavigationBar Dropdown Functionality should have correct dropdown links" name="NavigationBar Dropdown Functionality should have correct dropdown links" time="0.03">
    </testcase>
    <testcase classname="NavigationBar Dropdown Functionality should have correct dropdown links for Solutions dropdown" name="NavigationBar Dropdown Functionality should have correct dropdown links for Solutions dropdown" time="0.023">
    </testcase>
    <testcase classname="NavigationBar Get Started Buttons should render Get Started buttons" name="NavigationBar Get Started Buttons should render Get Started buttons" time="0.009">
    </testcase>
    <testcase classname="NavigationBar Get Started Buttons should handle Get Started button clicks" name="NavigationBar Get Started Buttons should handle Get Started button clicks" time="0.01">
    </testcase>
  </testsuite>
  <testsuite name="ContentOptimizationAgent" errors="0" failures="0" skipped="0" timestamp="2025-06-16T07:34:26" time="0.289" tests="7">
    <testcase classname="ContentOptimizationAgent should instantiate correctly" name="ContentOptimizationAgent should instantiate correctly" time="0.002">
    </testcase>
    <testcase classname="ContentOptimizationAgent should start and stop correctly" name="ContentOptimizationAgent should start and stop correctly" time="0.005">
    </testcase>
    <testcase classname="ContentOptimizationAgent should execute update_optimization_models task" name="ContentOptimizationAgent should execute update_optimization_models task" time="0.002">
    </testcase>
    <testcase classname="ContentOptimizationAgent should execute optimize_content task" name="ContentOptimizationAgent should execute optimize_content task" time="0.004">
    </testcase>
    <testcase classname="ContentOptimizationAgent should handle unknown task type" name="ContentOptimizationAgent should handle unknown task type" time="0.025">
    </testcase>
    <testcase classname="ContentOptimizationAgent should report active status when busy and idle when not" name="ContentOptimizationAgent should report active status when busy and idle when not" time="0.004">
    </testcase>
    <testcase classname="ContentOptimizationAgent performance should decrease on task failure" name="ContentOptimizationAgent performance should decrease on task failure" time="0.005">
    </testcase>
  </testsuite>
  <testsuite name="Concurrency Service" errors="0" failures="2" skipped="0" timestamp="2025-06-16T07:34:26" time="0.773" tests="11">
    <testcase classname="Concurrency Service withConcurrencyLimit should process all items with concurrency limit" name="Concurrency Service withConcurrencyLimit should process all items with concurrency limit" time="0.055">
    </testcase>
    <testcase classname="Concurrency Service withConcurrencyLimit should respect concurrency limit" name="Concurrency Service withConcurrencyLimit should respect concurrency limit" time="0.189">
    </testcase>
    <testcase classname="Concurrency Service withConcurrencyLimit should handle empty array" name="Concurrency Service withConcurrencyLimit should handle empty array" time="0.001">
    </testcase>
    <testcase classname="Concurrency Service withConcurrencyLimit should handle single item" name="Concurrency Service withConcurrencyLimit should handle single item" time="0.015">
    </testcase>
    <testcase classname="Concurrency Service withConcurrencyLimit should handle concurrency limit larger than items" name="Concurrency Service withConcurrencyLimit should handle concurrency limit larger than items" time="0.015">
    </testcase>
    <testcase classname="Concurrency Service withConcurrencyLimit should handle errors in handler" name="Concurrency Service withConcurrencyLimit should handle errors in handler" time="0.014">
      <failure>Error: expect(jest.fn()).toHaveBeenCalledTimes(expected)

Expected number of calls: 3
Received number of calls: 2
    at Object.&lt;anonymous&gt; (C:\Users\Cheem\OneDrive\Coding\clipsCommerce - Copy\src\services\__tests__\concurrency.test.ts:84:23)</failure>
    </testcase>
    <testcase classname="Concurrency Service withConcurrencyLimit should pass correct index to handler" name="Concurrency Service withConcurrencyLimit should pass correct index to handler" time="0.003">
    </testcase>
    <testcase classname="Concurrency Service withConcurrencyLimit should handle zero concurrency limit" name="Concurrency Service withConcurrencyLimit should handle zero concurrency limit" time="0.045">
    </testcase>
    <testcase classname="Concurrency Service withConcurrencyLimit should handle negative concurrency limit" name="Concurrency Service withConcurrencyLimit should handle negative concurrency limit" time="0.049">
    </testcase>
    <testcase classname="Concurrency Service withConcurrencyLimit should handle mixed success and failure scenarios" name="Concurrency Service withConcurrencyLimit should handle mixed success and failure scenarios" time="0.017">
      <failure>Error: expect(jest.fn()).toHaveBeenCalledTimes(expected)

Expected number of calls: 5
Received number of calls: 3
    at Object.&lt;anonymous&gt; (C:\Users\Cheem\OneDrive\Coding\clipsCommerce - Copy\src\services\__tests__\concurrency.test.ts:138:23)
    at runNextTicks (node:internal/process/task_queues:65:5)
    at listOnTimeout (node:internal/timers:549:9)
    at processTimers (node:internal/timers:523:7)</failure>
    </testcase>
    <testcase classname="Concurrency Service withConcurrencyLimit should handle resource cleanup properly" name="Concurrency Service withConcurrencyLimit should handle resource cleanup properly" time="0.093">
    </testcase>
  </testsuite>
  <testsuite name="SentimentAnalysisEngine" errors="0" failures="0" skipped="0" timestamp="2025-06-16T07:34:26" time="0.966" tests="7">
    <testcase classname="SentimentAnalysisEngine constructor should throw an error if API key is not provided" name="SentimentAnalysisEngine constructor should throw an error if API key is not provided" time="0.018">
    </testcase>
    <testcase classname="SentimentAnalysisEngine constructor should initialize OpenAI client with the provided API key" name="SentimentAnalysisEngine constructor should initialize OpenAI client with the provided API key" time="0.002">
    </testcase>
    <testcase classname="SentimentAnalysisEngine analyzeTextSentiment should return successful sentiment analysis result on valid API response" name="SentimentAnalysisEngine analyzeTextSentiment should return successful sentiment analysis result on valid API response" time="0.015">
    </testcase>
    <testcase classname="SentimentAnalysisEngine analyzeTextSentiment should return failure on API error" name="SentimentAnalysisEngine analyzeTextSentiment should return failure on API error" time="0.003">
    </testcase>
    <testcase classname="SentimentAnalysisEngine analyzeTextSentiment should return failure on invalid JSON response" name="SentimentAnalysisEngine analyzeTextSentiment should return failure on invalid JSON response" time="0.002">
    </testcase>
    <testcase classname="SentimentAnalysisEngine analyzeTextSentiment should return failure if API response content is null" name="SentimentAnalysisEngine analyzeTextSentiment should return failure if API response content is null" time="0.003">
    </testcase>
    <testcase classname="SentimentAnalysisEngine analyzeTextSentiment should return failure if API response choices are empty" name="SentimentAnalysisEngine analyzeTextSentiment should return failure if API response choices are empty" time="0.003">
    </testcase>
  </testsuite>
  <testsuite name="ContentInsightsEngine" errors="0" failures="0" skipped="0" timestamp="2025-06-16T07:34:27" time="0.297" tests="3">
    <testcase classname="ContentInsightsEngine getDetailedPlatformAnalytics should return success:true and mock detailed platform analytics data" name="ContentInsightsEngine getDetailedPlatformAnalytics should return success:true and mock detailed platform analytics data" time="0.017">
    </testcase>
    <testcase classname="ContentInsightsEngine getDetailedPlatformAnalytics should include correlationId in metadata if provided in request" name="ContentInsightsEngine getDetailedPlatformAnalytics should include correlationId in metadata if provided in request" time="0.002">
    </testcase>
    <testcase classname="ContentInsightsEngine getDetailedPlatformAnalytics should handle request without correlationId" name="ContentInsightsEngine getDetailedPlatformAnalytics should handle request without correlationId" time="0.002">
    </testcase>
  </testsuite>
  <testsuite name="Payment Flow Verification" errors="0" failures="1" skipped="0" timestamp="2025-06-16T07:34:27" time="0.289" tests="4">
    <testcase classname="Payment Flow Verification should have correct environment variable names" name="Payment Flow Verification should have correct environment variable names" time="0.004">
    </testcase>
    <testcase classname="Payment Flow Verification should handle plan selection logic correctly" name="Payment Flow Verification should handle plan selection logic correctly" time="0.002">
      <failure>Error: expect(received).toBe(expected) // Object.is equality

Expected: &quot;&quot;
Received: &quot;https://buy.stripe.com/eVq14nbLj41Fbnh9po9MY0a&quot;
    at Object.&lt;anonymous&gt; (C:\Users\Cheem\OneDrive\Coding\clipsCommerce - Copy\src\__tests__\payment-verification.test.tsx:38:43)
    at Promise.then.completed (C:\Users\Cheem\OneDrive\Coding\clipsCommerce - Copy\node_modules\jest-circus\build\utils.js:298:28)
    at new Promise (&lt;anonymous&gt;)
    at callAsyncCircusFn (C:\Users\Cheem\OneDrive\Coding\clipsCommerce - Copy\node_modules\jest-circus\build\utils.js:231:10)
    at _callCircusTest (C:\Users\Cheem\OneDrive\Coding\clipsCommerce - Copy\node_modules\jest-circus\build\run.js:316:40)
    at processTicksAndRejections (node:internal/process/task_queues:105:5)
    at _runTest (C:\Users\Cheem\OneDrive\Coding\clipsCommerce - Copy\node_modules\jest-circus\build\run.js:252:3)
    at _runTestsForDescribeBlock (C:\Users\Cheem\OneDrive\Coding\clipsCommerce - Copy\node_modules\jest-circus\build\run.js:126:9)
    at _runTestsForDescribeBlock (C:\Users\Cheem\OneDrive\Coding\clipsCommerce - Copy\node_modules\jest-circus\build\run.js:121:9)
    at run (C:\Users\Cheem\OneDrive\Coding\clipsCommerce - Copy\node_modules\jest-circus\build\run.js:71:3)
    at runAndTransformResultsToJestFormat (C:\Users\Cheem\OneDrive\Coding\clipsCommerce - Copy\node_modules\jest-circus\build\legacy-code-todo-rewrite\jestAdapterInit.js:122:21)
    at jestAdapter (C:\Users\Cheem\OneDrive\Coding\clipsCommerce - Copy\node_modules\jest-circus\build\legacy-code-todo-rewrite\jestAdapter.js:79:19)
    at runTestInternal (C:\Users\Cheem\OneDrive\Coding\clipsCommerce - Copy\node_modules\jest-runner\build\runTest.js:367:16)
    at runTest (C:\Users\Cheem\OneDrive\Coding\clipsCommerce - Copy\node_modules\jest-runner\build\runTest.js:444:34)
    at Object.worker (C:\Users\Cheem\OneDrive\Coding\clipsCommerce - Copy\node_modules\jest-runner\build\testWorker.js:106:12)</failure>
    </testcase>
    <testcase classname="Payment Flow Verification should handle team plan redirect logic" name="Payment Flow Verification should handle team plan redirect logic" time="0.001">
    </testcase>
    <testcase classname="Payment Flow Verification should validate pricing structure" name="Payment Flow Verification should validate pricing structure" time="0.001">
    </testcase>
  </testsuite>
  <testsuite name="Scroll Behavior" errors="0" failures="0" skipped="0" timestamp="2025-06-16T07:34:27" time="0.288" tests="4">
    <testcase classname="Scroll Behavior Smooth Scroll Implementation should have smooth scroll behavior in CSS" name="Scroll Behavior Smooth Scroll Implementation should have smooth scroll behavior in CSS" time="0.004">
    </testcase>
    <testcase classname="Scroll Behavior Smooth Scroll Implementation should scroll to features section when features link is clicked" name="Scroll Behavior Smooth Scroll Implementation should scroll to features section when features link is clicked" time="0.012">
    </testcase>
    <testcase classname="Scroll Behavior Anchor Link Navigation should handle hash navigation correctly" name="Scroll Behavior Anchor Link Navigation should handle hash navigation correctly" time="0.002">
    </testcase>
    <testcase classname="Scroll Behavior Anchor Link Navigation should scroll to correct position when hash changes" name="Scroll Behavior Anchor Link Navigation should scroll to correct position when hash changes" time="0.002">
    </testcase>
  </testsuite>
  <testsuite name="Button Routing Confirmation" errors="0" failures="0" skipped="0" timestamp="2025-06-16T07:34:27" time="0.694" tests="7">
    <testcase classname="Button Routing Confirmation Get Started Button Redirects should have correct href attribute in ValueStatementSection" name="Button Routing Confirmation Get Started Button Redirects should have correct href attribute in ValueStatementSection" time="0.162">
    </testcase>
    <testcase classname="Button Routing Confirmation Get Started Button Redirects should verify button exists in GuaranteeSection" name="Button Routing Confirmation Get Started Button Redirects should verify button exists in GuaranteeSection" time="0.013">
    </testcase>
    <testcase classname="Button Routing Confirmation Get Started Button Redirects should verify button exists in FinalCTASection" name="Button Routing Confirmation Get Started Button Redirects should verify button exists in FinalCTASection" time="0.015">
    </testcase>
    <testcase classname="Button Routing Confirmation Button Accessibility should have proper button roles and labels" name="Button Routing Confirmation Button Accessibility should have proper button roles and labels" time="0.04">
    </testcase>
    <testcase classname="Button Routing Confirmation Button Accessibility should be keyboard accessible" name="Button Routing Confirmation Button Accessibility should be keyboard accessible" time="0.033">
    </testcase>
    <testcase classname="Button Routing Confirmation Button States should handle button click events properly" name="Button Routing Confirmation Button States should handle button click events properly" time="0.004">
    </testcase>
    <testcase classname="Button Routing Confirmation Button States should handle click events properly" name="Button Routing Confirmation Button States should handle click events properly" time="0.005">
    </testcase>
  </testsuite>
  <testsuite name="AccelerateComponent" errors="0" failures="8" skipped="0" timestamp="2025-06-16T07:34:27" time="1.241" tests="8">
    <testcase classname="AccelerateComponent renders the main heading and description" name="AccelerateComponent renders the main heading and description" time="0.221">
      <failure>TestingLibraryElementError: Unable to find an element with the text: Accelerate: Optimize your content. This could be because the text is broken up by multiple elements. In this case, you can provide a function for your text matcher to make your matcher more flexible.

Ignored nodes: comments, script, style
&lt;body&gt;
  &lt;div&gt;
    &lt;div
      class=&quot;min-h-screen&quot;
      style=&quot;background: linear-gradient(135deg, #0a0b0f 0%, #111318 50%, #1a1d25 100%);&quot;
    &gt;
      &lt;div
        class=&quot;max-w-7xl mx-auto px-6 py-8 space-y-8&quot;
      &gt;
        &lt;div
          class=&quot;text-center space-y-6 animate-fadeIn&quot;
        &gt;
          &lt;div
            class=&quot;space-y-3&quot;
          &gt;
            &lt;h1
              class=&quot;text-5xl md:text-6xl font-bold tracking-tight gradient-text&quot;
            &gt;
              Accelerate
            &lt;/h1&gt;
            &lt;p
              class=&quot;text-xl text-gray-400 max-w-3xl mx-auto leading-relaxed&quot;
            &gt;
              Transform your raw content into viral-ready videos with AI-powered optimization
            &lt;/p&gt;
          &lt;/div&gt;
          &lt;div
            class=&quot;flex flex-col sm:flex-row items-center justify-center gap-4&quot;
          &gt;
            &lt;button
              class=&quot;btn-primary flex items-center gap-3 text-lg px-8 py-4&quot;
            &gt;
              &lt;svg
                class=&quot;h-6 w-6&quot;
                data-testid=&quot;PlusCircle-icon&quot;
              /&gt;
              Upload Videos
            &lt;/button&gt;
            &lt;div
              class=&quot;text-sm text-gray-500&quot;
            &gt;
              Supports MP4, MOV, AVI • Max 100MB per file
            &lt;/div&gt;
          &lt;/div&gt;
        &lt;/div&gt;
        &lt;input
          accept=&quot;video/*&quot;
          multiple=&quot;&quot;
          style=&quot;display: none;&quot;
          type=&quot;file&quot;
        /&gt;
        &lt;div
          class=&quot;flex justify-center animate-slideUp&quot;
        &gt;
          &lt;div
            class=&quot;w-full max-w-4xl&quot;
          &gt;
            &lt;div
              animate=&quot;[object Object]&quot;
              class=&quot;glass-card p-12 text-center cursor-pointer group border-2 border-dashed border-violet-500/30 hover:border-violet-500/60&quot;
              initial=&quot;[object Object]&quot;
              transition=&quot;[object Object]&quot;
              variants=&quot;[object Object]&quot;
              whilehover=&quot;hover&quot;
            &gt;
              &lt;div
                class=&quot;space-y-6&quot;
              &gt;
                &lt;div
                  class=&quot;mx-auto w-24 h-24 rounded-full bg-gradient-to-br from-violet-500/20 to-purple-600/20 flex items-center justify-center group-hover:scale-110 transition-transform&quot;
                &gt;
                  &lt;svg
                    class=&quot;h-12 w-12 text-violet-400&quot;
                    data-testid=&quot;Upload-icon&quot;
                  /&gt;
                &lt;/div&gt;
                &lt;div
                  class=&quot;space-y-2&quot;
                &gt;
                  &lt;h3
                    class=&quot;text-2xl font-bold text-white&quot;
                  &gt;
                    Drop videos here
                  &lt;/h3&gt;
                  &lt;p
                    class=&quot;text-gray-400&quot;
                  &gt;
                    Or click to browse your files
                  &lt;/p&gt;
                &lt;/div&gt;
              &lt;/div&gt;
            &lt;/div&gt;
          &lt;/div&gt;
        &lt;/div&gt;
        &lt;div
          class=&quot;flex justify-center animate-slideUp&quot;
        &gt;
          &lt;div
            class=&quot;w-full max-w-4xl&quot;
          &gt;
            &lt;div
              animate=&quot;[object Object]&quot;
              class=&quot;glass-card p-8&quot;
              initial=&quot;[object Object]&quot;
              transition=&quot;[object Object]&quot;
              variants=&quot;[object Object]&quot;
              whilehover=&quot;hover&quot;
            &gt;
              &lt;div
                class=&quot;text-center mb-8&quot;
              &gt;
                &lt;h2
                  class=&quot;text-2xl font-bold text-white flex items-center justify-center gap-3&quot;
                &gt;
                  &lt;svg
                    class=&quot;h-6 w-6 text-violet-400&quot;
                    data-testid=&quot;Zap-icon&quot;
                  /&gt;
                  AI Processing Pipeline
                &lt;/h2&gt;
                &lt;p
                  class=&quot;text-gray-400 mt-2&quot;
                &gt;
                  Real-time optimization progress
                &lt;/p&gt;
              &lt;/div&gt;
              &lt;div
                class=&quot;grid md:grid-cols-3 gap-6&quot;
              &gt;
                &lt;div
                  class=&quot;space-y-4&quot;
                &gt;
                  &lt;div
                    class=&quot;flex justify-between items-center&quot;
                  &gt;
                    &lt;span
                      class=&quot;font-medium text-white&quot;
                    &gt;
                      Audio Enhancement
                    &lt;/span&gt;
                    &lt;span
                      class=&quot;text-sm text-violet-400&quot;
                    &gt;
                      65%
                    &lt;/span&gt;
                  &lt;/div&gt;
                  &lt;div
                    aria-valuemax=&quot;100&quot;
                    aria-valuemin=&quot;0&quot;
                    aria-valuenow=&quot;65&quot;
                    class=&quot;w-full overflow-hidden rounded-full bg-muted h-2&quot;
                    role=&quot;progressbar&quot;
                  &gt;
                    &lt;div
                      class=&quot;h-full transition-all duration-500 ease-in-out bg-primary&quot;
                      ...
    at Object.getElementError (C:\Users\Cheem\OneDrive\Coding\clipsCommerce - Copy\node_modules\@testing-library\dom\dist\config.js:37:19)
    at C:\Users\Cheem\OneDrive\Coding\clipsCommerce - Copy\node_modules\@testing-library\dom\dist\query-helpers.js:76:38
    at C:\Users\Cheem\OneDrive\Coding\clipsCommerce - Copy\node_modules\@testing-library\dom\dist\query-helpers.js:52:17
    at C:\Users\Cheem\OneDrive\Coding\clipsCommerce - Copy\node_modules\@testing-library\dom\dist\query-helpers.js:95:19
    at Object.&lt;anonymous&gt; (C:\Users\Cheem\OneDrive\Coding\clipsCommerce - Copy\src\app\workflows\AI_improvement\__tests__\AccelerateComponent.test.tsx:39:19)
    at Promise.then.completed (C:\Users\Cheem\OneDrive\Coding\clipsCommerce - Copy\node_modules\jest-circus\build\utils.js:298:28)
    at new Promise (&lt;anonymous&gt;)
    at callAsyncCircusFn (C:\Users\Cheem\OneDrive\Coding\clipsCommerce - Copy\node_modules\jest-circus\build\utils.js:231:10)
    at _callCircusTest (C:\Users\Cheem\OneDrive\Coding\clipsCommerce - Copy\node_modules\jest-circus\build\run.js:316:40)
    at processTicksAndRejections (node:internal/process/task_queues:105:5)
    at _runTest (C:\Users\Cheem\OneDrive\Coding\clipsCommerce - Copy\node_modules\jest-circus\build\run.js:252:3)
    at _runTestsForDescribeBlock (C:\Users\Cheem\OneDrive\Coding\clipsCommerce - Copy\node_modules\jest-circus\build\run.js:126:9)
    at _runTestsForDescribeBlock (C:\Users\Cheem\OneDrive\Coding\clipsCommerce - Copy\node_modules\jest-circus\build\run.js:121:9)
    at run (C:\Users\Cheem\OneDrive\Coding\clipsCommerce - Copy\node_modules\jest-circus\build\run.js:71:3)
    at runAndTransformResultsToJestFormat (C:\Users\Cheem\OneDrive\Coding\clipsCommerce - Copy\node_modules\jest-circus\build\legacy-code-todo-rewrite\jestAdapterInit.js:122:21)
    at jestAdapter (C:\Users\Cheem\OneDrive\Coding\clipsCommerce - Copy\node_modules\jest-circus\build\legacy-code-todo-rewrite\jestAdapter.js:79:19)
    at runTestInternal (C:\Users\Cheem\OneDrive\Coding\clipsCommerce - Copy\node_modules\jest-runner\build\runTest.js:367:16)
    at runTest (C:\Users\Cheem\OneDrive\Coding\clipsCommerce - Copy\node_modules\jest-runner\build\runTest.js:444:34)
    at Object.worker (C:\Users\Cheem\OneDrive\Coding\clipsCommerce - Copy\node_modules\jest-runner\build\testWorker.js:106:12)</failure>
    </testcase>
    <testcase classname="AccelerateComponent renders the Add Videos button" name="AccelerateComponent renders the Add Videos button" time="0.132">
      <failure>TestingLibraryElementError: Unable to find an accessible element with the role &quot;button&quot; and name `/add videos/i`

Here are the accessible roles:

  heading:

  Name &quot;Accelerate&quot;:
  &lt;h1
    class=&quot;text-5xl md:text-6xl font-bold tracking-tight gradient-text&quot;
  /&gt;

  Name &quot;Drop videos here&quot;:
  &lt;h3
    class=&quot;text-2xl font-bold text-white&quot;
  /&gt;

  Name &quot;AI Processing Pipeline&quot;:
  &lt;h2
    class=&quot;text-2xl font-bold text-white flex items-center justify-center gap-3&quot;
  /&gt;

  Name &quot;Video Workflow&quot;:
  &lt;h2
    class=&quot;text-3xl font-bold text-center text-white&quot;
  /&gt;

  Name &quot;To Do / Uploaded&quot;:
  &lt;h3
    class=&quot;font-semibold text-white&quot;
  /&gt;

  Name &quot;AI Processing&quot;:
  &lt;h3
    class=&quot;font-semibold text-white&quot;
  /&gt;

  Name &quot;Review &amp; Edit&quot;:
  &lt;h3
    class=&quot;font-semibold text-white&quot;
  /&gt;

  Name &quot;Ready to Post&quot;:
  &lt;h3
    class=&quot;font-semibold text-white&quot;
  /&gt;

  --------------------------------------------------
  paragraph:

  Name &quot;&quot;:
  &lt;p
    class=&quot;text-xl text-gray-400 max-w-3xl mx-auto leading-relaxed&quot;
  /&gt;

  Name &quot;&quot;:
  &lt;p
    class=&quot;text-gray-400&quot;
  /&gt;

  Name &quot;&quot;:
  &lt;p
    class=&quot;text-gray-400 mt-2&quot;
  /&gt;

  Name &quot;&quot;:
  &lt;p
    class=&quot;text-xs text-gray-500&quot;
  /&gt;

  Name &quot;&quot;:
  &lt;p
    class=&quot;text-xs text-gray-500&quot;
  /&gt;

  Name &quot;&quot;:
  &lt;p
    class=&quot;text-xs text-gray-500&quot;
  /&gt;

  Name &quot;&quot;:
  &lt;p
    class=&quot;text-xs text-gray-400&quot;
  /&gt;

  Name &quot;&quot;:
  &lt;p
    class=&quot;text-sm&quot;
  /&gt;

  Name &quot;&quot;:
  &lt;p
    class=&quot;text-xs text-gray-400&quot;
  /&gt;

  Name &quot;&quot;:
  &lt;p
    class=&quot;text-sm&quot;
  /&gt;

  Name &quot;&quot;:
  &lt;p
    class=&quot;text-xs text-gray-400&quot;
  /&gt;

  Name &quot;&quot;:
  &lt;p
    class=&quot;text-sm&quot;
  /&gt;

  Name &quot;&quot;:
  &lt;p
    class=&quot;text-xs text-gray-400&quot;
  /&gt;

  Name &quot;&quot;:
  &lt;p
    class=&quot;text-sm&quot;
  /&gt;

  --------------------------------------------------
  button:

  Name &quot;Upload Videos&quot;:
  &lt;button
    class=&quot;btn-primary flex items-center gap-3 text-lg px-8 py-4&quot;
  /&gt;

  --------------------------------------------------
  progressbar:

  Name &quot;&quot;:
  &lt;div
    aria-valuemax=&quot;100&quot;
    aria-valuemin=&quot;0&quot;
    aria-valuenow=&quot;65&quot;
    class=&quot;w-full overflow-hidden rounded-full bg-muted h-2&quot;
    role=&quot;progressbar&quot;
  /&gt;

  Name &quot;&quot;:
  &lt;div
    aria-valuemax=&quot;100&quot;
    aria-valuemin=&quot;0&quot;
    aria-valuenow=&quot;80&quot;
    class=&quot;w-full overflow-hidden rounded-full bg-muted h-2&quot;
    role=&quot;progressbar&quot;
  /&gt;

  Name &quot;&quot;:
  &lt;div
    aria-valuemax=&quot;100&quot;
    aria-valuemin=&quot;0&quot;
    aria-valuenow=&quot;45&quot;
    class=&quot;w-full overflow-hidden rounded-full bg-muted h-2&quot;
    role=&quot;progressbar&quot;
  /&gt;

  --------------------------------------------------
  status:

  Name &quot;&quot;:
  &lt;div
    aria-atomic=&quot;true&quot;
    aria-live=&quot;assertive&quot;
    id=&quot;DndLiveRegion-1&quot;
    role=&quot;status&quot;
    style=&quot;position: fixed; top: 0px; left: 0px; width: 1px; height: 1px; border: 0px; padding: 0px; overflow: hidden; clip-path: inset(100%); white-space: nowrap;&quot;
  /&gt;

  --------------------------------------------------

Ignored nodes: comments, script, style
&lt;body&gt;
  &lt;div&gt;
    &lt;div
      class=&quot;min-h-screen&quot;
      style=&quot;background: linear-gradient(135deg, #0a0b0f 0%, #111318 50%, #1a1d25 100%);&quot;
    &gt;
      &lt;div
        class=&quot;max-w-7xl mx-auto px-6 py-8 space-y-8&quot;
      &gt;
        &lt;div
          class=&quot;text-center space-y-6 animate-fadeIn&quot;
        &gt;
          &lt;div
            class=&quot;space-y-3&quot;
          &gt;
            &lt;h1
              class=&quot;text-5xl md:text-6xl font-bold tracking-tight gradient-text&quot;
            &gt;
              Accelerate
            &lt;/h1&gt;
            &lt;p
              class=&quot;text-xl text-gray-400 max-w-3xl mx-auto leading-relaxed&quot;
            &gt;
              Transform your raw content into viral-ready videos with AI-powered optimization
            &lt;/p&gt;
          &lt;/div&gt;
          &lt;div
            class=&quot;flex flex-col sm:flex-row items-center justify-center gap-4&quot;
          &gt;
            &lt;button
              class=&quot;btn-primary flex items-center gap-3 text-lg px-8 py-4&quot;
            &gt;
              &lt;svg
                class=&quot;h-6 w-6&quot;
                data-testid=&quot;PlusCircle-icon&quot;
              /&gt;
              Upload Videos
            &lt;/button&gt;
            &lt;div
              class=&quot;text-sm text-gray-500&quot;
            &gt;
              Supports MP4, MOV, AVI • Max 100MB per file
            &lt;/div&gt;
          &lt;/div&gt;
        &lt;/div&gt;
        &lt;input
          accept=&quot;video/*&quot;
          multiple=&quot;&quot;
          style=&quot;display: none;&quot;
          type=&quot;file&quot;
        /&gt;
        &lt;div
          class=&quot;flex justify-center animate-slideUp&quot;
        &gt;
          &lt;div
            class=&quot;w-full max-w-4xl&quot;
          &gt;
            &lt;div
              animate=&quot;[object Object]&quot;
              class=&quot;glass-card p-12 text-center cursor-pointer group border-2 border-dashed border-violet-500/30 hover:border-violet-500/60&quot;
              initial=&quot;[object Object]&quot;
              transition=&quot;[object Object]&quot;
              variants=&quot;[object Object]&quot;
              whilehover=&quot;hover&quot;
            &gt;
              &lt;div
                class=&quot;space-y-6&quot;
              &gt;
                &lt;div
                  class=&quot;mx-auto w-24 h-24 rounded-full bg-gradient-to-br from-violet-500/20 to-purple-600/20 flex items-center justify-center group-hover:scale-110 transition-transform&quot;
                &gt;
                  &lt;svg
                    class=&quot;h-12 w-12 text-violet-400&quot;
                    data-testid=&quot;Upload-icon&quot;
                  /&gt;
                &lt;/div&gt;
                &lt;div
                  class=&quot;space-y-2&quot;
                &gt;
                  &lt;h3
                    class=&quot;text-2xl font-bold text-white&quot;
                  &gt;
                    Drop videos here
                  &lt;/h3&gt;
                  &lt;p
                    class=&quot;text-gray-400&quot;
                  &gt;
                    Or click to browse your files
                  &lt;/p&gt;
                &lt;/div&gt;
              &lt;/div&gt;
            &lt;/div&gt;
          &lt;/div&gt;
        &lt;/div&gt;
        &lt;div
          class=&quot;flex justify-center animate-slideUp&quot;
        &gt;
          &lt;div
            class=&quot;w-full max-w-4xl&quot;
          &gt;
            &lt;div
              animate=&quot;[object Object]&quot;
              class=&quot;glass-card p-8&quot;
              initial=&quot;[object Object]&quot;
              transition=&quot;[object Object]&quot;
              variants=&quot;[object Object]&quot;
              whilehover=&quot;hover&quot;
            &gt;
              &lt;div
                class=&quot;text-center mb-8&quot;
              &gt;
                &lt;h2
                  class=&quot;text-2xl font-bold text-white flex items-center justify-center gap-3&quot;
                &gt;
                  &lt;svg
                    class=&quot;h-6 w-6 text-violet-400&quot;
                    data-testid=&quot;Zap-icon&quot;
                  /&gt;
                  AI Processing Pipeline
                &lt;/h2&gt;
                &lt;p
                  class=&quot;text-gray-400 mt-2&quot;
                &gt;
                  Real-time optimization progress
                &lt;/p&gt;
              &lt;/div&gt;
              &lt;div
                class=&quot;grid md:grid-cols-3 gap-6&quot;
              &gt;
                &lt;div
                  class=&quot;space-y-4&quot;
                &gt;
                  &lt;div
                    class=&quot;flex justify-between items-center&quot;
                  &gt;
                    &lt;span
                      class=&quot;font-medium text-white&quot;
                    &gt;
                      Audio Enhancement
                    &lt;/span&gt;
                    &lt;span
                      class=&quot;text-sm text-violet-400&quot;
                    &gt;
                      65%
                    &lt;/span&gt;
                  &lt;/div&gt;
                  &lt;div
                    aria-valuemax=&quot;100&quot;
                    aria-valuemin=&quot;0&quot;
                    aria-valuenow=&quot;65&quot;
                    class=&quot;w-full overflow-hidden rounded-full bg-muted h-2&quot;
                    role=&quot;progressbar&quot;
                  &gt;
                    &lt;div
                      class=&quot;h-full transition-all duration-500 ease-in-out bg-primary&quot;
                      ...
    at Object.getElementError (C:\Users\Cheem\OneDrive\Coding\clipsCommerce - Copy\node_modules\@testing-library\dom\dist\config.js:37:19)
    at C:\Users\Cheem\OneDrive\Coding\clipsCommerce - Copy\node_modules\@testing-library\dom\dist\query-helpers.js:76:38
    at C:\Users\Cheem\OneDrive\Coding\clipsCommerce - Copy\node_modules\@testing-library\dom\dist\query-helpers.js:52:17
    at C:\Users\Cheem\OneDrive\Coding\clipsCommerce - Copy\node_modules\@testing-library\dom\dist\query-helpers.js:95:19
    at Object.&lt;anonymous&gt; (C:\Users\Cheem\OneDrive\Coding\clipsCommerce - Copy\src\app\workflows\AI_improvement\__tests__\AccelerateComponent.test.tsx:46:30)
    at Promise.then.completed (C:\Users\Cheem\OneDrive\Coding\clipsCommerce - Copy\node_modules\jest-circus\build\utils.js:298:28)
    at new Promise (&lt;anonymous&gt;)
    at callAsyncCircusFn (C:\Users\Cheem\OneDrive\Coding\clipsCommerce - Copy\node_modules\jest-circus\build\utils.js:231:10)
    at _callCircusTest (C:\Users\Cheem\OneDrive\Coding\clipsCommerce - Copy\node_modules\jest-circus\build\run.js:316:40)
    at processTicksAndRejections (node:internal/process/task_queues:105:5)
    at _runTest (C:\Users\Cheem\OneDrive\Coding\clipsCommerce - Copy\node_modules\jest-circus\build\run.js:252:3)
    at _runTestsForDescribeBlock (C:\Users\Cheem\OneDrive\Coding\clipsCommerce - Copy\node_modules\jest-circus\build\run.js:126:9)
    at _runTestsForDescribeBlock (C:\Users\Cheem\OneDrive\Coding\clipsCommerce - Copy\node_modules\jest-circus\build\run.js:121:9)
    at run (C:\Users\Cheem\OneDrive\Coding\clipsCommerce - Copy\node_modules\jest-circus\build\run.js:71:3)
    at runAndTransformResultsToJestFormat (C:\Users\Cheem\OneDrive\Coding\clipsCommerce - Copy\node_modules\jest-circus\build\legacy-code-todo-rewrite\jestAdapterInit.js:122:21)
    at jestAdapter (C:\Users\Cheem\OneDrive\Coding\clipsCommerce - Copy\node_modules\jest-circus\build\legacy-code-todo-rewrite\jestAdapter.js:79:19)
    at runTestInternal (C:\Users\Cheem\OneDrive\Coding\clipsCommerce - Copy\node_modules\jest-runner\build\runTest.js:367:16)
    at runTest (C:\Users\Cheem\OneDrive\Coding\clipsCommerce - Copy\node_modules\jest-runner\build\runTest.js:444:34)
    at Object.worker (C:\Users\Cheem\OneDrive\Coding\clipsCommerce - Copy\node_modules\jest-runner\build\testWorker.js:106:12)</failure>
    </testcase>
    <testcase classname="AccelerateComponent renders the upload drop zone" name="AccelerateComponent renders the upload drop zone" time="0.047">
      <failure>TestingLibraryElementError: Unable to find an element with the text: Add videos. This could be because the text is broken up by multiple elements. In this case, you can provide a function for your text matcher to make your matcher more flexible.

Ignored nodes: comments, script, style
&lt;body&gt;
  &lt;div&gt;
    &lt;div
      class=&quot;min-h-screen&quot;
      style=&quot;background: linear-gradient(135deg, #0a0b0f 0%, #111318 50%, #1a1d25 100%);&quot;
    &gt;
      &lt;div
        class=&quot;max-w-7xl mx-auto px-6 py-8 space-y-8&quot;
      &gt;
        &lt;div
          class=&quot;text-center space-y-6 animate-fadeIn&quot;
        &gt;
          &lt;div
            class=&quot;space-y-3&quot;
          &gt;
            &lt;h1
              class=&quot;text-5xl md:text-6xl font-bold tracking-tight gradient-text&quot;
            &gt;
              Accelerate
            &lt;/h1&gt;
            &lt;p
              class=&quot;text-xl text-gray-400 max-w-3xl mx-auto leading-relaxed&quot;
            &gt;
              Transform your raw content into viral-ready videos with AI-powered optimization
            &lt;/p&gt;
          &lt;/div&gt;
          &lt;div
            class=&quot;flex flex-col sm:flex-row items-center justify-center gap-4&quot;
          &gt;
            &lt;button
              class=&quot;btn-primary flex items-center gap-3 text-lg px-8 py-4&quot;
            &gt;
              &lt;svg
                class=&quot;h-6 w-6&quot;
                data-testid=&quot;PlusCircle-icon&quot;
              /&gt;
              Upload Videos
            &lt;/button&gt;
            &lt;div
              class=&quot;text-sm text-gray-500&quot;
            &gt;
              Supports MP4, MOV, AVI • Max 100MB per file
            &lt;/div&gt;
          &lt;/div&gt;
        &lt;/div&gt;
        &lt;input
          accept=&quot;video/*&quot;
          multiple=&quot;&quot;
          style=&quot;display: none;&quot;
          type=&quot;file&quot;
        /&gt;
        &lt;div
          class=&quot;flex justify-center animate-slideUp&quot;
        &gt;
          &lt;div
            class=&quot;w-full max-w-4xl&quot;
          &gt;
            &lt;div
              animate=&quot;[object Object]&quot;
              class=&quot;glass-card p-12 text-center cursor-pointer group border-2 border-dashed border-violet-500/30 hover:border-violet-500/60&quot;
              initial=&quot;[object Object]&quot;
              transition=&quot;[object Object]&quot;
              variants=&quot;[object Object]&quot;
              whilehover=&quot;hover&quot;
            &gt;
              &lt;div
                class=&quot;space-y-6&quot;
              &gt;
                &lt;div
                  class=&quot;mx-auto w-24 h-24 rounded-full bg-gradient-to-br from-violet-500/20 to-purple-600/20 flex items-center justify-center group-hover:scale-110 transition-transform&quot;
                &gt;
                  &lt;svg
                    class=&quot;h-12 w-12 text-violet-400&quot;
                    data-testid=&quot;Upload-icon&quot;
                  /&gt;
                &lt;/div&gt;
                &lt;div
                  class=&quot;space-y-2&quot;
                &gt;
                  &lt;h3
                    class=&quot;text-2xl font-bold text-white&quot;
                  &gt;
                    Drop videos here
                  &lt;/h3&gt;
                  &lt;p
                    class=&quot;text-gray-400&quot;
                  &gt;
                    Or click to browse your files
                  &lt;/p&gt;
                &lt;/div&gt;
              &lt;/div&gt;
            &lt;/div&gt;
          &lt;/div&gt;
        &lt;/div&gt;
        &lt;div
          class=&quot;flex justify-center animate-slideUp&quot;
        &gt;
          &lt;div
            class=&quot;w-full max-w-4xl&quot;
          &gt;
            &lt;div
              animate=&quot;[object Object]&quot;
              class=&quot;glass-card p-8&quot;
              initial=&quot;[object Object]&quot;
              transition=&quot;[object Object]&quot;
              variants=&quot;[object Object]&quot;
              whilehover=&quot;hover&quot;
            &gt;
              &lt;div
                class=&quot;text-center mb-8&quot;
              &gt;
                &lt;h2
                  class=&quot;text-2xl font-bold text-white flex items-center justify-center gap-3&quot;
                &gt;
                  &lt;svg
                    class=&quot;h-6 w-6 text-violet-400&quot;
                    data-testid=&quot;Zap-icon&quot;
                  /&gt;
                  AI Processing Pipeline
                &lt;/h2&gt;
                &lt;p
                  class=&quot;text-gray-400 mt-2&quot;
                &gt;
                  Real-time optimization progress
                &lt;/p&gt;
              &lt;/div&gt;
              &lt;div
                class=&quot;grid md:grid-cols-3 gap-6&quot;
              &gt;
                &lt;div
                  class=&quot;space-y-4&quot;
                &gt;
                  &lt;div
                    class=&quot;flex justify-between items-center&quot;
                  &gt;
                    &lt;span
                      class=&quot;font-medium text-white&quot;
                    &gt;
                      Audio Enhancement
                    &lt;/span&gt;
                    &lt;span
                      class=&quot;text-sm text-violet-400&quot;
                    &gt;
                      65%
                    &lt;/span&gt;
                  &lt;/div&gt;
                  &lt;div
                    aria-valuemax=&quot;100&quot;
                    aria-valuemin=&quot;0&quot;
                    aria-valuenow=&quot;65&quot;
                    class=&quot;w-full overflow-hidden rounded-full bg-muted h-2&quot;
                    role=&quot;progressbar&quot;
                  &gt;
                    &lt;div
                      class=&quot;h-full transition-all duration-500 ease-in-out bg-primary&quot;
                      ...
    at Object.getElementError (C:\Users\Cheem\OneDrive\Coding\clipsCommerce - Copy\node_modules\@testing-library\dom\dist\config.js:37:19)
    at C:\Users\Cheem\OneDrive\Coding\clipsCommerce - Copy\node_modules\@testing-library\dom\dist\query-helpers.js:76:38
    at C:\Users\Cheem\OneDrive\Coding\clipsCommerce - Copy\node_modules\@testing-library\dom\dist\query-helpers.js:52:17
    at C:\Users\Cheem\OneDrive\Coding\clipsCommerce - Copy\node_modules\@testing-library\dom\dist\query-helpers.js:95:19
    at Object.&lt;anonymous&gt; (C:\Users\Cheem\OneDrive\Coding\clipsCommerce - Copy\src\app\workflows\AI_improvement\__tests__\AccelerateComponent.test.tsx:53:19)
    at Promise.then.completed (C:\Users\Cheem\OneDrive\Coding\clipsCommerce - Copy\node_modules\jest-circus\build\utils.js:298:28)
    at new Promise (&lt;anonymous&gt;)
    at callAsyncCircusFn (C:\Users\Cheem\OneDrive\Coding\clipsCommerce - Copy\node_modules\jest-circus\build\utils.js:231:10)
    at _callCircusTest (C:\Users\Cheem\OneDrive\Coding\clipsCommerce - Copy\node_modules\jest-circus\build\run.js:316:40)
    at processTicksAndRejections (node:internal/process/task_queues:105:5)
    at _runTest (C:\Users\Cheem\OneDrive\Coding\clipsCommerce - Copy\node_modules\jest-circus\build\run.js:252:3)
    at _runTestsForDescribeBlock (C:\Users\Cheem\OneDrive\Coding\clipsCommerce - Copy\node_modules\jest-circus\build\run.js:126:9)
    at _runTestsForDescribeBlock (C:\Users\Cheem\OneDrive\Coding\clipsCommerce - Copy\node_modules\jest-circus\build\run.js:121:9)
    at run (C:\Users\Cheem\OneDrive\Coding\clipsCommerce - Copy\node_modules\jest-circus\build\run.js:71:3)
    at runAndTransformResultsToJestFormat (C:\Users\Cheem\OneDrive\Coding\clipsCommerce - Copy\node_modules\jest-circus\build\legacy-code-todo-rewrite\jestAdapterInit.js:122:21)
    at jestAdapter (C:\Users\Cheem\OneDrive\Coding\clipsCommerce - Copy\node_modules\jest-circus\build\legacy-code-todo-rewrite\jestAdapter.js:79:19)
    at runTestInternal (C:\Users\Cheem\OneDrive\Coding\clipsCommerce - Copy\node_modules\jest-runner\build\runTest.js:367:16)
    at runTest (C:\Users\Cheem\OneDrive\Coding\clipsCommerce - Copy\node_modules\jest-runner\build\runTest.js:444:34)
    at Object.worker (C:\Users\Cheem\OneDrive\Coding\clipsCommerce - Copy\node_modules\jest-runner\build\testWorker.js:106:12)</failure>
    </testcase>
    <testcase classname="AccelerateComponent renders the progress section" name="AccelerateComponent renders the progress section" time="0.04">
      <failure>TestingLibraryElementError: Unable to find an element with the text: Progress. This could be because the text is broken up by multiple elements. In this case, you can provide a function for your text matcher to make your matcher more flexible.

Ignored nodes: comments, script, style
&lt;body&gt;
  &lt;div&gt;
    &lt;div
      class=&quot;min-h-screen&quot;
      style=&quot;background: linear-gradient(135deg, #0a0b0f 0%, #111318 50%, #1a1d25 100%);&quot;
    &gt;
      &lt;div
        class=&quot;max-w-7xl mx-auto px-6 py-8 space-y-8&quot;
      &gt;
        &lt;div
          class=&quot;text-center space-y-6 animate-fadeIn&quot;
        &gt;
          &lt;div
            class=&quot;space-y-3&quot;
          &gt;
            &lt;h1
              class=&quot;text-5xl md:text-6xl font-bold tracking-tight gradient-text&quot;
            &gt;
              Accelerate
            &lt;/h1&gt;
            &lt;p
              class=&quot;text-xl text-gray-400 max-w-3xl mx-auto leading-relaxed&quot;
            &gt;
              Transform your raw content into viral-ready videos with AI-powered optimization
            &lt;/p&gt;
          &lt;/div&gt;
          &lt;div
            class=&quot;flex flex-col sm:flex-row items-center justify-center gap-4&quot;
          &gt;
            &lt;button
              class=&quot;btn-primary flex items-center gap-3 text-lg px-8 py-4&quot;
            &gt;
              &lt;svg
                class=&quot;h-6 w-6&quot;
                data-testid=&quot;PlusCircle-icon&quot;
              /&gt;
              Upload Videos
            &lt;/button&gt;
            &lt;div
              class=&quot;text-sm text-gray-500&quot;
            &gt;
              Supports MP4, MOV, AVI • Max 100MB per file
            &lt;/div&gt;
          &lt;/div&gt;
        &lt;/div&gt;
        &lt;input
          accept=&quot;video/*&quot;
          multiple=&quot;&quot;
          style=&quot;display: none;&quot;
          type=&quot;file&quot;
        /&gt;
        &lt;div
          class=&quot;flex justify-center animate-slideUp&quot;
        &gt;
          &lt;div
            class=&quot;w-full max-w-4xl&quot;
          &gt;
            &lt;div
              animate=&quot;[object Object]&quot;
              class=&quot;glass-card p-12 text-center cursor-pointer group border-2 border-dashed border-violet-500/30 hover:border-violet-500/60&quot;
              initial=&quot;[object Object]&quot;
              transition=&quot;[object Object]&quot;
              variants=&quot;[object Object]&quot;
              whilehover=&quot;hover&quot;
            &gt;
              &lt;div
                class=&quot;space-y-6&quot;
              &gt;
                &lt;div
                  class=&quot;mx-auto w-24 h-24 rounded-full bg-gradient-to-br from-violet-500/20 to-purple-600/20 flex items-center justify-center group-hover:scale-110 transition-transform&quot;
                &gt;
                  &lt;svg
                    class=&quot;h-12 w-12 text-violet-400&quot;
                    data-testid=&quot;Upload-icon&quot;
                  /&gt;
                &lt;/div&gt;
                &lt;div
                  class=&quot;space-y-2&quot;
                &gt;
                  &lt;h3
                    class=&quot;text-2xl font-bold text-white&quot;
                  &gt;
                    Drop videos here
                  &lt;/h3&gt;
                  &lt;p
                    class=&quot;text-gray-400&quot;
                  &gt;
                    Or click to browse your files
                  &lt;/p&gt;
                &lt;/div&gt;
              &lt;/div&gt;
            &lt;/div&gt;
          &lt;/div&gt;
        &lt;/div&gt;
        &lt;div
          class=&quot;flex justify-center animate-slideUp&quot;
        &gt;
          &lt;div
            class=&quot;w-full max-w-4xl&quot;
          &gt;
            &lt;div
              animate=&quot;[object Object]&quot;
              class=&quot;glass-card p-8&quot;
              initial=&quot;[object Object]&quot;
              transition=&quot;[object Object]&quot;
              variants=&quot;[object Object]&quot;
              whilehover=&quot;hover&quot;
            &gt;
              &lt;div
                class=&quot;text-center mb-8&quot;
              &gt;
                &lt;h2
                  class=&quot;text-2xl font-bold text-white flex items-center justify-center gap-3&quot;
                &gt;
                  &lt;svg
                    class=&quot;h-6 w-6 text-violet-400&quot;
                    data-testid=&quot;Zap-icon&quot;
                  /&gt;
                  AI Processing Pipeline
                &lt;/h2&gt;
                &lt;p
                  class=&quot;text-gray-400 mt-2&quot;
                &gt;
                  Real-time optimization progress
                &lt;/p&gt;
              &lt;/div&gt;
              &lt;div
                class=&quot;grid md:grid-cols-3 gap-6&quot;
              &gt;
                &lt;div
                  class=&quot;space-y-4&quot;
                &gt;
                  &lt;div
                    class=&quot;flex justify-between items-center&quot;
                  &gt;
                    &lt;span
                      class=&quot;font-medium text-white&quot;
                    &gt;
                      Audio Enhancement
                    &lt;/span&gt;
                    &lt;span
                      class=&quot;text-sm text-violet-400&quot;
                    &gt;
                      65%
                    &lt;/span&gt;
                  &lt;/div&gt;
                  &lt;div
                    aria-valuemax=&quot;100&quot;
                    aria-valuemin=&quot;0&quot;
                    aria-valuenow=&quot;65&quot;
                    class=&quot;w-full overflow-hidden rounded-full bg-muted h-2&quot;
                    role=&quot;progressbar&quot;
                  &gt;
                    &lt;div
                      class=&quot;h-full transition-all duration-500 ease-in-out bg-primary&quot;
                      ...
    at Object.getElementError (C:\Users\Cheem\OneDrive\Coding\clipsCommerce - Copy\node_modules\@testing-library\dom\dist\config.js:37:19)
    at C:\Users\Cheem\OneDrive\Coding\clipsCommerce - Copy\node_modules\@testing-library\dom\dist\query-helpers.js:76:38
    at C:\Users\Cheem\OneDrive\Coding\clipsCommerce - Copy\node_modules\@testing-library\dom\dist\query-helpers.js:52:17
    at C:\Users\Cheem\OneDrive\Coding\clipsCommerce - Copy\node_modules\@testing-library\dom\dist\query-helpers.js:95:19
    at Object.&lt;anonymous&gt; (C:\Users\Cheem\OneDrive\Coding\clipsCommerce - Copy\src\app\workflows\AI_improvement\__tests__\AccelerateComponent.test.tsx:60:19)
    at Promise.then.completed (C:\Users\Cheem\OneDrive\Coding\clipsCommerce - Copy\node_modules\jest-circus\build\utils.js:298:28)
    at new Promise (&lt;anonymous&gt;)
    at callAsyncCircusFn (C:\Users\Cheem\OneDrive\Coding\clipsCommerce - Copy\node_modules\jest-circus\build\utils.js:231:10)
    at _callCircusTest (C:\Users\Cheem\OneDrive\Coding\clipsCommerce - Copy\node_modules\jest-circus\build\run.js:316:40)
    at processTicksAndRejections (node:internal/process/task_queues:105:5)
    at _runTest (C:\Users\Cheem\OneDrive\Coding\clipsCommerce - Copy\node_modules\jest-circus\build\run.js:252:3)
    at _runTestsForDescribeBlock (C:\Users\Cheem\OneDrive\Coding\clipsCommerce - Copy\node_modules\jest-circus\build\run.js:126:9)
    at _runTestsForDescribeBlock (C:\Users\Cheem\OneDrive\Coding\clipsCommerce - Copy\node_modules\jest-circus\build\run.js:121:9)
    at run (C:\Users\Cheem\OneDrive\Coding\clipsCommerce - Copy\node_modules\jest-circus\build\run.js:71:3)
    at runAndTransformResultsToJestFormat (C:\Users\Cheem\OneDrive\Coding\clipsCommerce - Copy\node_modules\jest-circus\build\legacy-code-todo-rewrite\jestAdapterInit.js:122:21)
    at jestAdapter (C:\Users\Cheem\OneDrive\Coding\clipsCommerce - Copy\node_modules\jest-circus\build\legacy-code-todo-rewrite\jestAdapter.js:79:19)
    at runTestInternal (C:\Users\Cheem\OneDrive\Coding\clipsCommerce - Copy\node_modules\jest-runner\build\runTest.js:367:16)
    at runTest (C:\Users\Cheem\OneDrive\Coding\clipsCommerce - Copy\node_modules\jest-runner\build\runTest.js:444:34)
    at Object.worker (C:\Users\Cheem\OneDrive\Coding\clipsCommerce - Copy\node_modules\jest-runner\build\testWorker.js:106:12)</failure>
    </testcase>
    <testcase classname="AccelerateComponent renders the video workflow columns" name="AccelerateComponent renders the video workflow columns" time="0.061">
      <failure>TestingLibraryElementError: Unable to find an element with the text: Processing. This could be because the text is broken up by multiple elements. In this case, you can provide a function for your text matcher to make your matcher more flexible.

Ignored nodes: comments, script, style
&lt;body&gt;
  &lt;div&gt;
    &lt;div
      class=&quot;min-h-screen&quot;
      style=&quot;background: linear-gradient(135deg, #0a0b0f 0%, #111318 50%, #1a1d25 100%);&quot;
    &gt;
      &lt;div
        class=&quot;max-w-7xl mx-auto px-6 py-8 space-y-8&quot;
      &gt;
        &lt;div
          class=&quot;text-center space-y-6 animate-fadeIn&quot;
        &gt;
          &lt;div
            class=&quot;space-y-3&quot;
          &gt;
            &lt;h1
              class=&quot;text-5xl md:text-6xl font-bold tracking-tight gradient-text&quot;
            &gt;
              Accelerate
            &lt;/h1&gt;
            &lt;p
              class=&quot;text-xl text-gray-400 max-w-3xl mx-auto leading-relaxed&quot;
            &gt;
              Transform your raw content into viral-ready videos with AI-powered optimization
            &lt;/p&gt;
          &lt;/div&gt;
          &lt;div
            class=&quot;flex flex-col sm:flex-row items-center justify-center gap-4&quot;
          &gt;
            &lt;button
              class=&quot;btn-primary flex items-center gap-3 text-lg px-8 py-4&quot;
            &gt;
              &lt;svg
                class=&quot;h-6 w-6&quot;
                data-testid=&quot;PlusCircle-icon&quot;
              /&gt;
              Upload Videos
            &lt;/button&gt;
            &lt;div
              class=&quot;text-sm text-gray-500&quot;
            &gt;
              Supports MP4, MOV, AVI • Max 100MB per file
            &lt;/div&gt;
          &lt;/div&gt;
        &lt;/div&gt;
        &lt;input
          accept=&quot;video/*&quot;
          multiple=&quot;&quot;
          style=&quot;display: none;&quot;
          type=&quot;file&quot;
        /&gt;
        &lt;div
          class=&quot;flex justify-center animate-slideUp&quot;
        &gt;
          &lt;div
            class=&quot;w-full max-w-4xl&quot;
          &gt;
            &lt;div
              animate=&quot;[object Object]&quot;
              class=&quot;glass-card p-12 text-center cursor-pointer group border-2 border-dashed border-violet-500/30 hover:border-violet-500/60&quot;
              initial=&quot;[object Object]&quot;
              transition=&quot;[object Object]&quot;
              variants=&quot;[object Object]&quot;
              whilehover=&quot;hover&quot;
            &gt;
              &lt;div
                class=&quot;space-y-6&quot;
              &gt;
                &lt;div
                  class=&quot;mx-auto w-24 h-24 rounded-full bg-gradient-to-br from-violet-500/20 to-purple-600/20 flex items-center justify-center group-hover:scale-110 transition-transform&quot;
                &gt;
                  &lt;svg
                    class=&quot;h-12 w-12 text-violet-400&quot;
                    data-testid=&quot;Upload-icon&quot;
                  /&gt;
                &lt;/div&gt;
                &lt;div
                  class=&quot;space-y-2&quot;
                &gt;
                  &lt;h3
                    class=&quot;text-2xl font-bold text-white&quot;
                  &gt;
                    Drop videos here
                  &lt;/h3&gt;
                  &lt;p
                    class=&quot;text-gray-400&quot;
                  &gt;
                    Or click to browse your files
                  &lt;/p&gt;
                &lt;/div&gt;
              &lt;/div&gt;
            &lt;/div&gt;
          &lt;/div&gt;
        &lt;/div&gt;
        &lt;div
          class=&quot;flex justify-center animate-slideUp&quot;
        &gt;
          &lt;div
            class=&quot;w-full max-w-4xl&quot;
          &gt;
            &lt;div
              animate=&quot;[object Object]&quot;
              class=&quot;glass-card p-8&quot;
              initial=&quot;[object Object]&quot;
              transition=&quot;[object Object]&quot;
              variants=&quot;[object Object]&quot;
              whilehover=&quot;hover&quot;
            &gt;
              &lt;div
                class=&quot;text-center mb-8&quot;
              &gt;
                &lt;h2
                  class=&quot;text-2xl font-bold text-white flex items-center justify-center gap-3&quot;
                &gt;
                  &lt;svg
                    class=&quot;h-6 w-6 text-violet-400&quot;
                    data-testid=&quot;Zap-icon&quot;
                  /&gt;
                  AI Processing Pipeline
                &lt;/h2&gt;
                &lt;p
                  class=&quot;text-gray-400 mt-2&quot;
                &gt;
                  Real-time optimization progress
                &lt;/p&gt;
              &lt;/div&gt;
              &lt;div
                class=&quot;grid md:grid-cols-3 gap-6&quot;
              &gt;
                &lt;div
                  class=&quot;space-y-4&quot;
                &gt;
                  &lt;div
                    class=&quot;flex justify-between items-center&quot;
                  &gt;
                    &lt;span
                      class=&quot;font-medium text-white&quot;
                    &gt;
                      Audio Enhancement
                    &lt;/span&gt;
                    &lt;span
                      class=&quot;text-sm text-violet-400&quot;
                    &gt;
                      65%
                    &lt;/span&gt;
                  &lt;/div&gt;
                  &lt;div
                    aria-valuemax=&quot;100&quot;
                    aria-valuemin=&quot;0&quot;
                    aria-valuenow=&quot;65&quot;
                    class=&quot;w-full overflow-hidden rounded-full bg-muted h-2&quot;
                    role=&quot;progressbar&quot;
                  &gt;
                    &lt;div
                      class=&quot;h-full transition-all duration-500 ease-in-out bg-primary&quot;
                      ...
    at Object.getElementError (C:\Users\Cheem\OneDrive\Coding\clipsCommerce - Copy\node_modules\@testing-library\dom\dist\config.js:37:19)
    at C:\Users\Cheem\OneDrive\Coding\clipsCommerce - Copy\node_modules\@testing-library\dom\dist\query-helpers.js:76:38
    at C:\Users\Cheem\OneDrive\Coding\clipsCommerce - Copy\node_modules\@testing-library\dom\dist\query-helpers.js:52:17
    at C:\Users\Cheem\OneDrive\Coding\clipsCommerce - Copy\node_modules\@testing-library\dom\dist\query-helpers.js:95:19
    at Object.&lt;anonymous&gt; (C:\Users\Cheem\OneDrive\Coding\clipsCommerce - Copy\src\app\workflows\AI_improvement\__tests__\AccelerateComponent.test.tsx:71:19)
    at Promise.then.completed (C:\Users\Cheem\OneDrive\Coding\clipsCommerce - Copy\node_modules\jest-circus\build\utils.js:298:28)
    at new Promise (&lt;anonymous&gt;)
    at callAsyncCircusFn (C:\Users\Cheem\OneDrive\Coding\clipsCommerce - Copy\node_modules\jest-circus\build\utils.js:231:10)
    at _callCircusTest (C:\Users\Cheem\OneDrive\Coding\clipsCommerce - Copy\node_modules\jest-circus\build\run.js:316:40)
    at processTicksAndRejections (node:internal/process/task_queues:105:5)
    at _runTest (C:\Users\Cheem\OneDrive\Coding\clipsCommerce - Copy\node_modules\jest-circus\build\run.js:252:3)
    at _runTestsForDescribeBlock (C:\Users\Cheem\OneDrive\Coding\clipsCommerce - Copy\node_modules\jest-circus\build\run.js:126:9)
    at _runTestsForDescribeBlock (C:\Users\Cheem\OneDrive\Coding\clipsCommerce - Copy\node_modules\jest-circus\build\run.js:121:9)
    at run (C:\Users\Cheem\OneDrive\Coding\clipsCommerce - Copy\node_modules\jest-circus\build\run.js:71:3)
    at runAndTransformResultsToJestFormat (C:\Users\Cheem\OneDrive\Coding\clipsCommerce - Copy\node_modules\jest-circus\build\legacy-code-todo-rewrite\jestAdapterInit.js:122:21)
    at jestAdapter (C:\Users\Cheem\OneDrive\Coding\clipsCommerce - Copy\node_modules\jest-circus\build\legacy-code-todo-rewrite\jestAdapter.js:79:19)
    at runTestInternal (C:\Users\Cheem\OneDrive\Coding\clipsCommerce - Copy\node_modules\jest-runner\build\runTest.js:367:16)
    at runTest (C:\Users\Cheem\OneDrive\Coding\clipsCommerce - Copy\node_modules\jest-runner\build\runTest.js:444:34)
    at Object.worker (C:\Users\Cheem\OneDrive\Coding\clipsCommerce - Copy\node_modules\jest-runner\build\testWorker.js:106:12)</failure>
    </testcase>
    <testcase classname="AccelerateComponent renders initial video cards" name="AccelerateComponent renders initial video cards" time="0.043">
      <failure>TestingLibraryElementError: Unable to find an element with the text: Amazing Product Demo.mp4. This could be because the text is broken up by multiple elements. In this case, you can provide a function for your text matcher to make your matcher more flexible.

Ignored nodes: comments, script, style
&lt;body&gt;
  &lt;div&gt;
    &lt;div
      class=&quot;min-h-screen&quot;
      style=&quot;background: linear-gradient(135deg, #0a0b0f 0%, #111318 50%, #1a1d25 100%);&quot;
    &gt;
      &lt;div
        class=&quot;max-w-7xl mx-auto px-6 py-8 space-y-8&quot;
      &gt;
        &lt;div
          class=&quot;text-center space-y-6 animate-fadeIn&quot;
        &gt;
          &lt;div
            class=&quot;space-y-3&quot;
          &gt;
            &lt;h1
              class=&quot;text-5xl md:text-6xl font-bold tracking-tight gradient-text&quot;
            &gt;
              Accelerate
            &lt;/h1&gt;
            &lt;p
              class=&quot;text-xl text-gray-400 max-w-3xl mx-auto leading-relaxed&quot;
            &gt;
              Transform your raw content into viral-ready videos with AI-powered optimization
            &lt;/p&gt;
          &lt;/div&gt;
          &lt;div
            class=&quot;flex flex-col sm:flex-row items-center justify-center gap-4&quot;
          &gt;
            &lt;button
              class=&quot;btn-primary flex items-center gap-3 text-lg px-8 py-4&quot;
            &gt;
              &lt;svg
                class=&quot;h-6 w-6&quot;
                data-testid=&quot;PlusCircle-icon&quot;
              /&gt;
              Upload Videos
            &lt;/button&gt;
            &lt;div
              class=&quot;text-sm text-gray-500&quot;
            &gt;
              Supports MP4, MOV, AVI • Max 100MB per file
            &lt;/div&gt;
          &lt;/div&gt;
        &lt;/div&gt;
        &lt;input
          accept=&quot;video/*&quot;
          multiple=&quot;&quot;
          style=&quot;display: none;&quot;
          type=&quot;file&quot;
        /&gt;
        &lt;div
          class=&quot;flex justify-center animate-slideUp&quot;
        &gt;
          &lt;div
            class=&quot;w-full max-w-4xl&quot;
          &gt;
            &lt;div
              animate=&quot;[object Object]&quot;
              class=&quot;glass-card p-12 text-center cursor-pointer group border-2 border-dashed border-violet-500/30 hover:border-violet-500/60&quot;
              initial=&quot;[object Object]&quot;
              transition=&quot;[object Object]&quot;
              variants=&quot;[object Object]&quot;
              whilehover=&quot;hover&quot;
            &gt;
              &lt;div
                class=&quot;space-y-6&quot;
              &gt;
                &lt;div
                  class=&quot;mx-auto w-24 h-24 rounded-full bg-gradient-to-br from-violet-500/20 to-purple-600/20 flex items-center justify-center group-hover:scale-110 transition-transform&quot;
                &gt;
                  &lt;svg
                    class=&quot;h-12 w-12 text-violet-400&quot;
                    data-testid=&quot;Upload-icon&quot;
                  /&gt;
                &lt;/div&gt;
                &lt;div
                  class=&quot;space-y-2&quot;
                &gt;
                  &lt;h3
                    class=&quot;text-2xl font-bold text-white&quot;
                  &gt;
                    Drop videos here
                  &lt;/h3&gt;
                  &lt;p
                    class=&quot;text-gray-400&quot;
                  &gt;
                    Or click to browse your files
                  &lt;/p&gt;
                &lt;/div&gt;
              &lt;/div&gt;
            &lt;/div&gt;
          &lt;/div&gt;
        &lt;/div&gt;
        &lt;div
          class=&quot;flex justify-center animate-slideUp&quot;
        &gt;
          &lt;div
            class=&quot;w-full max-w-4xl&quot;
          &gt;
            &lt;div
              animate=&quot;[object Object]&quot;
              class=&quot;glass-card p-8&quot;
              initial=&quot;[object Object]&quot;
              transition=&quot;[object Object]&quot;
              variants=&quot;[object Object]&quot;
              whilehover=&quot;hover&quot;
            &gt;
              &lt;div
                class=&quot;text-center mb-8&quot;
              &gt;
                &lt;h2
                  class=&quot;text-2xl font-bold text-white flex items-center justify-center gap-3&quot;
                &gt;
                  &lt;svg
                    class=&quot;h-6 w-6 text-violet-400&quot;
                    data-testid=&quot;Zap-icon&quot;
                  /&gt;
                  AI Processing Pipeline
                &lt;/h2&gt;
                &lt;p
                  class=&quot;text-gray-400 mt-2&quot;
                &gt;
                  Real-time optimization progress
                &lt;/p&gt;
              &lt;/div&gt;
              &lt;div
                class=&quot;grid md:grid-cols-3 gap-6&quot;
              &gt;
                &lt;div
                  class=&quot;space-y-4&quot;
                &gt;
                  &lt;div
                    class=&quot;flex justify-between items-center&quot;
                  &gt;
                    &lt;span
                      class=&quot;font-medium text-white&quot;
                    &gt;
                      Audio Enhancement
                    &lt;/span&gt;
                    &lt;span
                      class=&quot;text-sm text-violet-400&quot;
                    &gt;
                      65%
                    &lt;/span&gt;
                  &lt;/div&gt;
                  &lt;div
                    aria-valuemax=&quot;100&quot;
                    aria-valuemin=&quot;0&quot;
                    aria-valuenow=&quot;65&quot;
                    class=&quot;w-full overflow-hidden rounded-full bg-muted h-2&quot;
                    role=&quot;progressbar&quot;
                  &gt;
                    &lt;div
                      class=&quot;h-full transition-all duration-500 ease-in-out bg-primary&quot;
                      ...
    at Object.getElementError (C:\Users\Cheem\OneDrive\Coding\clipsCommerce - Copy\node_modules\@testing-library\dom\dist\config.js:37:19)
    at C:\Users\Cheem\OneDrive\Coding\clipsCommerce - Copy\node_modules\@testing-library\dom\dist\query-helpers.js:76:38
    at C:\Users\Cheem\OneDrive\Coding\clipsCommerce - Copy\node_modules\@testing-library\dom\dist\query-helpers.js:52:17
    at C:\Users\Cheem\OneDrive\Coding\clipsCommerce - Copy\node_modules\@testing-library\dom\dist\query-helpers.js:95:19
    at Object.&lt;anonymous&gt; (C:\Users\Cheem\OneDrive\Coding\clipsCommerce - Copy\src\app\workflows\AI_improvement\__tests__\AccelerateComponent.test.tsx:79:19)
    at Promise.then.completed (C:\Users\Cheem\OneDrive\Coding\clipsCommerce - Copy\node_modules\jest-circus\build\utils.js:298:28)
    at new Promise (&lt;anonymous&gt;)
    at callAsyncCircusFn (C:\Users\Cheem\OneDrive\Coding\clipsCommerce - Copy\node_modules\jest-circus\build\utils.js:231:10)
    at _callCircusTest (C:\Users\Cheem\OneDrive\Coding\clipsCommerce - Copy\node_modules\jest-circus\build\run.js:316:40)
    at processTicksAndRejections (node:internal/process/task_queues:105:5)
    at _runTest (C:\Users\Cheem\OneDrive\Coding\clipsCommerce - Copy\node_modules\jest-circus\build\run.js:252:3)
    at _runTestsForDescribeBlock (C:\Users\Cheem\OneDrive\Coding\clipsCommerce - Copy\node_modules\jest-circus\build\run.js:126:9)
    at _runTestsForDescribeBlock (C:\Users\Cheem\OneDrive\Coding\clipsCommerce - Copy\node_modules\jest-circus\build\run.js:121:9)
    at run (C:\Users\Cheem\OneDrive\Coding\clipsCommerce - Copy\node_modules\jest-circus\build\run.js:71:3)
    at runAndTransformResultsToJestFormat (C:\Users\Cheem\OneDrive\Coding\clipsCommerce - Copy\node_modules\jest-circus\build\legacy-code-todo-rewrite\jestAdapterInit.js:122:21)
    at jestAdapter (C:\Users\Cheem\OneDrive\Coding\clipsCommerce - Copy\node_modules\jest-circus\build\legacy-code-todo-rewrite\jestAdapter.js:79:19)
    at runTestInternal (C:\Users\Cheem\OneDrive\Coding\clipsCommerce - Copy\node_modules\jest-runner\build\runTest.js:367:16)
    at runTest (C:\Users\Cheem\OneDrive\Coding\clipsCommerce - Copy\node_modules\jest-runner\build\runTest.js:444:34)
    at Object.worker (C:\Users\Cheem\OneDrive\Coding\clipsCommerce - Copy\node_modules\jest-runner\build\testWorker.js:106:12)</failure>
    </testcase>
    <testcase classname="AccelerateComponent handles file input click when Add Videos button is clicked" name="AccelerateComponent handles file input click when Add Videos button is clicked" time="0.079">
      <failure>TestingLibraryElementError: Unable to find an accessible element with the role &quot;button&quot; and name `/add videos/i`

Here are the accessible roles:

  heading:

  Name &quot;Accelerate&quot;:
  &lt;h1
    class=&quot;text-5xl md:text-6xl font-bold tracking-tight gradient-text&quot;
  /&gt;

  Name &quot;Drop videos here&quot;:
  &lt;h3
    class=&quot;text-2xl font-bold text-white&quot;
  /&gt;

  Name &quot;AI Processing Pipeline&quot;:
  &lt;h2
    class=&quot;text-2xl font-bold text-white flex items-center justify-center gap-3&quot;
  /&gt;

  Name &quot;Video Workflow&quot;:
  &lt;h2
    class=&quot;text-3xl font-bold text-center text-white&quot;
  /&gt;

  Name &quot;To Do / Uploaded&quot;:
  &lt;h3
    class=&quot;font-semibold text-white&quot;
  /&gt;

  Name &quot;AI Processing&quot;:
  &lt;h3
    class=&quot;font-semibold text-white&quot;
  /&gt;

  Name &quot;Review &amp; Edit&quot;:
  &lt;h3
    class=&quot;font-semibold text-white&quot;
  /&gt;

  Name &quot;Ready to Post&quot;:
  &lt;h3
    class=&quot;font-semibold text-white&quot;
  /&gt;

  --------------------------------------------------
  paragraph:

  Name &quot;&quot;:
  &lt;p
    class=&quot;text-xl text-gray-400 max-w-3xl mx-auto leading-relaxed&quot;
  /&gt;

  Name &quot;&quot;:
  &lt;p
    class=&quot;text-gray-400&quot;
  /&gt;

  Name &quot;&quot;:
  &lt;p
    class=&quot;text-gray-400 mt-2&quot;
  /&gt;

  Name &quot;&quot;:
  &lt;p
    class=&quot;text-xs text-gray-500&quot;
  /&gt;

  Name &quot;&quot;:
  &lt;p
    class=&quot;text-xs text-gray-500&quot;
  /&gt;

  Name &quot;&quot;:
  &lt;p
    class=&quot;text-xs text-gray-500&quot;
  /&gt;

  Name &quot;&quot;:
  &lt;p
    class=&quot;text-xs text-gray-400&quot;
  /&gt;

  Name &quot;&quot;:
  &lt;p
    class=&quot;text-sm&quot;
  /&gt;

  Name &quot;&quot;:
  &lt;p
    class=&quot;text-xs text-gray-400&quot;
  /&gt;

  Name &quot;&quot;:
  &lt;p
    class=&quot;text-sm&quot;
  /&gt;

  Name &quot;&quot;:
  &lt;p
    class=&quot;text-xs text-gray-400&quot;
  /&gt;

  Name &quot;&quot;:
  &lt;p
    class=&quot;text-sm&quot;
  /&gt;

  Name &quot;&quot;:
  &lt;p
    class=&quot;text-xs text-gray-400&quot;
  /&gt;

  Name &quot;&quot;:
  &lt;p
    class=&quot;text-sm&quot;
  /&gt;

  --------------------------------------------------
  button:

  Name &quot;Upload Videos&quot;:
  &lt;button
    class=&quot;btn-primary flex items-center gap-3 text-lg px-8 py-4&quot;
  /&gt;

  --------------------------------------------------
  progressbar:

  Name &quot;&quot;:
  &lt;div
    aria-valuemax=&quot;100&quot;
    aria-valuemin=&quot;0&quot;
    aria-valuenow=&quot;65&quot;
    class=&quot;w-full overflow-hidden rounded-full bg-muted h-2&quot;
    role=&quot;progressbar&quot;
  /&gt;

  Name &quot;&quot;:
  &lt;div
    aria-valuemax=&quot;100&quot;
    aria-valuemin=&quot;0&quot;
    aria-valuenow=&quot;80&quot;
    class=&quot;w-full overflow-hidden rounded-full bg-muted h-2&quot;
    role=&quot;progressbar&quot;
  /&gt;

  Name &quot;&quot;:
  &lt;div
    aria-valuemax=&quot;100&quot;
    aria-valuemin=&quot;0&quot;
    aria-valuenow=&quot;45&quot;
    class=&quot;w-full overflow-hidden rounded-full bg-muted h-2&quot;
    role=&quot;progressbar&quot;
  /&gt;

  --------------------------------------------------
  status:

  Name &quot;&quot;:
  &lt;div
    aria-atomic=&quot;true&quot;
    aria-live=&quot;assertive&quot;
    id=&quot;DndLiveRegion-6&quot;
    role=&quot;status&quot;
    style=&quot;position: fixed; top: 0px; left: 0px; width: 1px; height: 1px; border: 0px; padding: 0px; overflow: hidden; clip-path: inset(100%); white-space: nowrap;&quot;
  /&gt;

  --------------------------------------------------

Ignored nodes: comments, script, style
&lt;body&gt;
  &lt;div&gt;
    &lt;div
      class=&quot;min-h-screen&quot;
      style=&quot;background: linear-gradient(135deg, #0a0b0f 0%, #111318 50%, #1a1d25 100%);&quot;
    &gt;
      &lt;div
        class=&quot;max-w-7xl mx-auto px-6 py-8 space-y-8&quot;
      &gt;
        &lt;div
          class=&quot;text-center space-y-6 animate-fadeIn&quot;
        &gt;
          &lt;div
            class=&quot;space-y-3&quot;
          &gt;
            &lt;h1
              class=&quot;text-5xl md:text-6xl font-bold tracking-tight gradient-text&quot;
            &gt;
              Accelerate
            &lt;/h1&gt;
            &lt;p
              class=&quot;text-xl text-gray-400 max-w-3xl mx-auto leading-relaxed&quot;
            &gt;
              Transform your raw content into viral-ready videos with AI-powered optimization
            &lt;/p&gt;
          &lt;/div&gt;
          &lt;div
            class=&quot;flex flex-col sm:flex-row items-center justify-center gap-4&quot;
          &gt;
            &lt;button
              class=&quot;btn-primary flex items-center gap-3 text-lg px-8 py-4&quot;
            &gt;
              &lt;svg
                class=&quot;h-6 w-6&quot;
                data-testid=&quot;PlusCircle-icon&quot;
              /&gt;
              Upload Videos
            &lt;/button&gt;
            &lt;div
              class=&quot;text-sm text-gray-500&quot;
            &gt;
              Supports MP4, MOV, AVI • Max 100MB per file
            &lt;/div&gt;
          &lt;/div&gt;
        &lt;/div&gt;
        &lt;input
          accept=&quot;video/*&quot;
          multiple=&quot;&quot;
          style=&quot;display: none;&quot;
          type=&quot;file&quot;
        /&gt;
        &lt;div
          class=&quot;flex justify-center animate-slideUp&quot;
        &gt;
          &lt;div
            class=&quot;w-full max-w-4xl&quot;
          &gt;
            &lt;div
              animate=&quot;[object Object]&quot;
              class=&quot;glass-card p-12 text-center cursor-pointer group border-2 border-dashed border-violet-500/30 hover:border-violet-500/60&quot;
              initial=&quot;[object Object]&quot;
              transition=&quot;[object Object]&quot;
              variants=&quot;[object Object]&quot;
              whilehover=&quot;hover&quot;
            &gt;
              &lt;div
                class=&quot;space-y-6&quot;
              &gt;
                &lt;div
                  class=&quot;mx-auto w-24 h-24 rounded-full bg-gradient-to-br from-violet-500/20 to-purple-600/20 flex items-center justify-center group-hover:scale-110 transition-transform&quot;
                &gt;
                  &lt;svg
                    class=&quot;h-12 w-12 text-violet-400&quot;
                    data-testid=&quot;Upload-icon&quot;
                  /&gt;
                &lt;/div&gt;
                &lt;div
                  class=&quot;space-y-2&quot;
                &gt;
                  &lt;h3
                    class=&quot;text-2xl font-bold text-white&quot;
                  &gt;
                    Drop videos here
                  &lt;/h3&gt;
                  &lt;p
                    class=&quot;text-gray-400&quot;
                  &gt;
                    Or click to browse your files
                  &lt;/p&gt;
                &lt;/div&gt;
              &lt;/div&gt;
            &lt;/div&gt;
          &lt;/div&gt;
        &lt;/div&gt;
        &lt;div
          class=&quot;flex justify-center animate-slideUp&quot;
        &gt;
          &lt;div
            class=&quot;w-full max-w-4xl&quot;
          &gt;
            &lt;div
              animate=&quot;[object Object]&quot;
              class=&quot;glass-card p-8&quot;
              initial=&quot;[object Object]&quot;
              transition=&quot;[object Object]&quot;
              variants=&quot;[object Object]&quot;
              whilehover=&quot;hover&quot;
            &gt;
              &lt;div
                class=&quot;text-center mb-8&quot;
              &gt;
                &lt;h2
                  class=&quot;text-2xl font-bold text-white flex items-center justify-center gap-3&quot;
                &gt;
                  &lt;svg
                    class=&quot;h-6 w-6 text-violet-400&quot;
                    data-testid=&quot;Zap-icon&quot;
                  /&gt;
                  AI Processing Pipeline
                &lt;/h2&gt;
                &lt;p
                  class=&quot;text-gray-400 mt-2&quot;
                &gt;
                  Real-time optimization progress
                &lt;/p&gt;
              &lt;/div&gt;
              &lt;div
                class=&quot;grid md:grid-cols-3 gap-6&quot;
              &gt;
                &lt;div
                  class=&quot;space-y-4&quot;
                &gt;
                  &lt;div
                    class=&quot;flex justify-between items-center&quot;
                  &gt;
                    &lt;span
                      class=&quot;font-medium text-white&quot;
                    &gt;
                      Audio Enhancement
                    &lt;/span&gt;
                    &lt;span
                      class=&quot;text-sm text-violet-400&quot;
                    &gt;
                      65%
                    &lt;/span&gt;
                  &lt;/div&gt;
                  &lt;div
                    aria-valuemax=&quot;100&quot;
                    aria-valuemin=&quot;0&quot;
                    aria-valuenow=&quot;65&quot;
                    class=&quot;w-full overflow-hidden rounded-full bg-muted h-2&quot;
                    role=&quot;progressbar&quot;
                  &gt;
                    &lt;div
                      class=&quot;h-full transition-all duration-500 ease-in-out bg-primary&quot;
                      ...
    at Object.getElementError (C:\Users\Cheem\OneDrive\Coding\clipsCommerce - Copy\node_modules\@testing-library\dom\dist\config.js:37:19)
    at C:\Users\Cheem\OneDrive\Coding\clipsCommerce - Copy\node_modules\@testing-library\dom\dist\query-helpers.js:76:38
    at C:\Users\Cheem\OneDrive\Coding\clipsCommerce - Copy\node_modules\@testing-library\dom\dist\query-helpers.js:52:17
    at C:\Users\Cheem\OneDrive\Coding\clipsCommerce - Copy\node_modules\@testing-library\dom\dist\query-helpers.js:95:19
    at Object.&lt;anonymous&gt; (C:\Users\Cheem\OneDrive\Coding\clipsCommerce - Copy\src\app\workflows\AI_improvement\__tests__\AccelerateComponent.test.tsx:87:30)
    at Promise.then.completed (C:\Users\Cheem\OneDrive\Coding\clipsCommerce - Copy\node_modules\jest-circus\build\utils.js:298:28)
    at new Promise (&lt;anonymous&gt;)
    at callAsyncCircusFn (C:\Users\Cheem\OneDrive\Coding\clipsCommerce - Copy\node_modules\jest-circus\build\utils.js:231:10)
    at _callCircusTest (C:\Users\Cheem\OneDrive\Coding\clipsCommerce - Copy\node_modules\jest-circus\build\run.js:316:40)
    at processTicksAndRejections (node:internal/process/task_queues:105:5)
    at _runTest (C:\Users\Cheem\OneDrive\Coding\clipsCommerce - Copy\node_modules\jest-circus\build\run.js:252:3)
    at _runTestsForDescribeBlock (C:\Users\Cheem\OneDrive\Coding\clipsCommerce - Copy\node_modules\jest-circus\build\run.js:126:9)
    at _runTestsForDescribeBlock (C:\Users\Cheem\OneDrive\Coding\clipsCommerce - Copy\node_modules\jest-circus\build\run.js:121:9)
    at run (C:\Users\Cheem\OneDrive\Coding\clipsCommerce - Copy\node_modules\jest-circus\build\run.js:71:3)
    at runAndTransformResultsToJestFormat (C:\Users\Cheem\OneDrive\Coding\clipsCommerce - Copy\node_modules\jest-circus\build\legacy-code-todo-rewrite\jestAdapterInit.js:122:21)
    at jestAdapter (C:\Users\Cheem\OneDrive\Coding\clipsCommerce - Copy\node_modules\jest-circus\build\legacy-code-todo-rewrite\jestAdapter.js:79:19)
    at runTestInternal (C:\Users\Cheem\OneDrive\Coding\clipsCommerce - Copy\node_modules\jest-runner\build\runTest.js:367:16)
    at runTest (C:\Users\Cheem\OneDrive\Coding\clipsCommerce - Copy\node_modules\jest-runner\build\runTest.js:444:34)
    at Object.worker (C:\Users\Cheem\OneDrive\Coding\clipsCommerce - Copy\node_modules\jest-runner\build\testWorker.js:106:12)</failure>
    </testcase>
    <testcase classname="AccelerateComponent displays progress percentages correctly" name="AccelerateComponent displays progress percentages correctly" time="0.032">
      <failure>TestingLibraryElementError: Unable to find an element with the text: 40%. This could be because the text is broken up by multiple elements. In this case, you can provide a function for your text matcher to make your matcher more flexible.

Ignored nodes: comments, script, style
&lt;body&gt;
  &lt;div&gt;
    &lt;div
      class=&quot;min-h-screen&quot;
      style=&quot;background: linear-gradient(135deg, #0a0b0f 0%, #111318 50%, #1a1d25 100%);&quot;
    &gt;
      &lt;div
        class=&quot;max-w-7xl mx-auto px-6 py-8 space-y-8&quot;
      &gt;
        &lt;div
          class=&quot;text-center space-y-6 animate-fadeIn&quot;
        &gt;
          &lt;div
            class=&quot;space-y-3&quot;
          &gt;
            &lt;h1
              class=&quot;text-5xl md:text-6xl font-bold tracking-tight gradient-text&quot;
            &gt;
              Accelerate
            &lt;/h1&gt;
            &lt;p
              class=&quot;text-xl text-gray-400 max-w-3xl mx-auto leading-relaxed&quot;
            &gt;
              Transform your raw content into viral-ready videos with AI-powered optimization
            &lt;/p&gt;
          &lt;/div&gt;
          &lt;div
            class=&quot;flex flex-col sm:flex-row items-center justify-center gap-4&quot;
          &gt;
            &lt;button
              class=&quot;btn-primary flex items-center gap-3 text-lg px-8 py-4&quot;
            &gt;
              &lt;svg
                class=&quot;h-6 w-6&quot;
                data-testid=&quot;PlusCircle-icon&quot;
              /&gt;
              Upload Videos
            &lt;/button&gt;
            &lt;div
              class=&quot;text-sm text-gray-500&quot;
            &gt;
              Supports MP4, MOV, AVI • Max 100MB per file
            &lt;/div&gt;
          &lt;/div&gt;
        &lt;/div&gt;
        &lt;input
          accept=&quot;video/*&quot;
          multiple=&quot;&quot;
          style=&quot;display: none;&quot;
          type=&quot;file&quot;
        /&gt;
        &lt;div
          class=&quot;flex justify-center animate-slideUp&quot;
        &gt;
          &lt;div
            class=&quot;w-full max-w-4xl&quot;
          &gt;
            &lt;div
              animate=&quot;[object Object]&quot;
              class=&quot;glass-card p-12 text-center cursor-pointer group border-2 border-dashed border-violet-500/30 hover:border-violet-500/60&quot;
              initial=&quot;[object Object]&quot;
              transition=&quot;[object Object]&quot;
              variants=&quot;[object Object]&quot;
              whilehover=&quot;hover&quot;
            &gt;
              &lt;div
                class=&quot;space-y-6&quot;
              &gt;
                &lt;div
                  class=&quot;mx-auto w-24 h-24 rounded-full bg-gradient-to-br from-violet-500/20 to-purple-600/20 flex items-center justify-center group-hover:scale-110 transition-transform&quot;
                &gt;
                  &lt;svg
                    class=&quot;h-12 w-12 text-violet-400&quot;
                    data-testid=&quot;Upload-icon&quot;
                  /&gt;
                &lt;/div&gt;
                &lt;div
                  class=&quot;space-y-2&quot;
                &gt;
                  &lt;h3
                    class=&quot;text-2xl font-bold text-white&quot;
                  &gt;
                    Drop videos here
                  &lt;/h3&gt;
                  &lt;p
                    class=&quot;text-gray-400&quot;
                  &gt;
                    Or click to browse your files
                  &lt;/p&gt;
                &lt;/div&gt;
              &lt;/div&gt;
            &lt;/div&gt;
          &lt;/div&gt;
        &lt;/div&gt;
        &lt;div
          class=&quot;flex justify-center animate-slideUp&quot;
        &gt;
          &lt;div
            class=&quot;w-full max-w-4xl&quot;
          &gt;
            &lt;div
              animate=&quot;[object Object]&quot;
              class=&quot;glass-card p-8&quot;
              initial=&quot;[object Object]&quot;
              transition=&quot;[object Object]&quot;
              variants=&quot;[object Object]&quot;
              whilehover=&quot;hover&quot;
            &gt;
              &lt;div
                class=&quot;text-center mb-8&quot;
              &gt;
                &lt;h2
                  class=&quot;text-2xl font-bold text-white flex items-center justify-center gap-3&quot;
                &gt;
                  &lt;svg
                    class=&quot;h-6 w-6 text-violet-400&quot;
                    data-testid=&quot;Zap-icon&quot;
                  /&gt;
                  AI Processing Pipeline
                &lt;/h2&gt;
                &lt;p
                  class=&quot;text-gray-400 mt-2&quot;
                &gt;
                  Real-time optimization progress
                &lt;/p&gt;
              &lt;/div&gt;
              &lt;div
                class=&quot;grid md:grid-cols-3 gap-6&quot;
              &gt;
                &lt;div
                  class=&quot;space-y-4&quot;
                &gt;
                  &lt;div
                    class=&quot;flex justify-between items-center&quot;
                  &gt;
                    &lt;span
                      class=&quot;font-medium text-white&quot;
                    &gt;
                      Audio Enhancement
                    &lt;/span&gt;
                    &lt;span
                      class=&quot;text-sm text-violet-400&quot;
                    &gt;
                      65%
                    &lt;/span&gt;
                  &lt;/div&gt;
                  &lt;div
                    aria-valuemax=&quot;100&quot;
                    aria-valuemin=&quot;0&quot;
                    aria-valuenow=&quot;65&quot;
                    class=&quot;w-full overflow-hidden rounded-full bg-muted h-2&quot;
                    role=&quot;progressbar&quot;
                  &gt;
                    &lt;div
                      class=&quot;h-full transition-all duration-500 ease-in-out bg-primary&quot;
                      ...
    at Object.getElementError (C:\Users\Cheem\OneDrive\Coding\clipsCommerce - Copy\node_modules\@testing-library\dom\dist\config.js:37:19)
    at C:\Users\Cheem\OneDrive\Coding\clipsCommerce - Copy\node_modules\@testing-library\dom\dist\query-helpers.js:76:38
    at C:\Users\Cheem\OneDrive\Coding\clipsCommerce - Copy\node_modules\@testing-library\dom\dist\query-helpers.js:52:17
    at C:\Users\Cheem\OneDrive\Coding\clipsCommerce - Copy\node_modules\@testing-library\dom\dist\query-helpers.js:95:19
    at Object.&lt;anonymous&gt; (C:\Users\Cheem\OneDrive\Coding\clipsCommerce - Copy\src\app\workflows\AI_improvement\__tests__\AccelerateComponent.test.tsx:106:19)
    at Promise.then.completed (C:\Users\Cheem\OneDrive\Coding\clipsCommerce - Copy\node_modules\jest-circus\build\utils.js:298:28)
    at new Promise (&lt;anonymous&gt;)
    at callAsyncCircusFn (C:\Users\Cheem\OneDrive\Coding\clipsCommerce - Copy\node_modules\jest-circus\build\utils.js:231:10)
    at _callCircusTest (C:\Users\Cheem\OneDrive\Coding\clipsCommerce - Copy\node_modules\jest-circus\build\run.js:316:40)
    at processTicksAndRejections (node:internal/process/task_queues:105:5)
    at _runTest (C:\Users\Cheem\OneDrive\Coding\clipsCommerce - Copy\node_modules\jest-circus\build\run.js:252:3)
    at _runTestsForDescribeBlock (C:\Users\Cheem\OneDrive\Coding\clipsCommerce - Copy\node_modules\jest-circus\build\run.js:126:9)
    at _runTestsForDescribeBlock (C:\Users\Cheem\OneDrive\Coding\clipsCommerce - Copy\node_modules\jest-circus\build\run.js:121:9)
    at run (C:\Users\Cheem\OneDrive\Coding\clipsCommerce - Copy\node_modules\jest-circus\build\run.js:71:3)
    at runAndTransformResultsToJestFormat (C:\Users\Cheem\OneDrive\Coding\clipsCommerce - Copy\node_modules\jest-circus\build\legacy-code-todo-rewrite\jestAdapterInit.js:122:21)
    at jestAdapter (C:\Users\Cheem\OneDrive\Coding\clipsCommerce - Copy\node_modules\jest-circus\build\legacy-code-todo-rewrite\jestAdapter.js:79:19)
    at runTestInternal (C:\Users\Cheem\OneDrive\Coding\clipsCommerce - Copy\node_modules\jest-runner\build\runTest.js:367:16)
    at runTest (C:\Users\Cheem\OneDrive\Coding\clipsCommerce - Copy\node_modules\jest-runner\build\runTest.js:444:34)
    at Object.worker (C:\Users\Cheem\OneDrive\Coding\clipsCommerce - Copy\node_modules\jest-runner\build\testWorker.js:106:12)</failure>
    </testcase>
  </testsuite>
  <testsuite name="EngagementPredictionController" errors="0" failures="0" skipped="0" timestamp="2025-06-16T07:34:25" time="2.537" tests="7">
    <testcase classname="EngagementPredictionController should be defined" name="EngagementPredictionController should be defined" time="0.026">
    </testcase>
    <testcase classname="EngagementPredictionController POST /predict should return prediction results successfully" name="EngagementPredictionController POST /predict should return prediction results successfully" time="0.011">
    </testcase>
    <testcase classname="EngagementPredictionController POST /predict should throw HttpException if agent is not initialized" name="EngagementPredictionController POST /predict should throw HttpException if agent is not initialized" time="0.039">
    </testcase>
    <testcase classname="EngagementPredictionController POST /predict should handle general errors from the service" name="EngagementPredictionController POST /predict should handle general errors from the service" time="0.009">
    </testcase>
    <testcase classname="EngagementPredictionController GET /status should return agent status and performance when initialized" name="EngagementPredictionController GET /status should return agent status and performance when initialized" time="0.007">
    </testcase>
    <testcase classname="EngagementPredictionController GET /status should return agent status as not initialized if agent is not ready" name="EngagementPredictionController GET /status should return agent status as not initialized if agent is not ready" time="0.006">
    </testcase>
    <testcase classname="EngagementPredictionController GET /status should handle errors when fetching status" name="EngagementPredictionController GET /status should handle errors when fetching status" time="0.006">
    </testcase>
  </testsuite>
  <testsuite name="TikTok Client Tests" errors="0" failures="0" skipped="0" timestamp="2025-06-16T07:34:28" time="0.21" tests="1">
    <testcase classname="TikTok Client Tests should pass a basic test" name="TikTok Client Tests should pass a basic test" time="0.003">
    </testcase>
  </testsuite>
  <testsuite name="SubscriptionComponent" errors="0" failures="3" skipped="0" timestamp="2025-06-16T07:34:28" time="0.825" tests="7">
    <testcase classname="SubscriptionComponent renders subscription management without navigation" name="SubscriptionComponent renders subscription management without navigation" time="0.097">
    </testcase>
    <testcase classname="SubscriptionComponent renders the three pricing tiers" name="SubscriptionComponent renders the three pricing tiers" time="0.042">
    </testcase>
    <testcase classname="SubscriptionComponent shows the correct pricing for Pro tier" name="SubscriptionComponent shows the correct pricing for Pro tier" time="0.045">
      <failure>Error: expect(received).toHaveLength(expected)

Expected length: 2
Received length: 1
Received array:  [&lt;p class=&quot;text-5xl font-bold gradient-text mb-4&quot;&gt;$70/month&lt;/p&gt;]
    at Object.&lt;anonymous&gt; (C:\Users\Cheem\OneDrive\Coding\clipsCommerce - Copy\src\__tests__\subscription-component.test.tsx:58:46)
    at Promise.then.completed (C:\Users\Cheem\OneDrive\Coding\clipsCommerce - Copy\node_modules\jest-circus\build\utils.js:298:28)
    at new Promise (&lt;anonymous&gt;)
    at callAsyncCircusFn (C:\Users\Cheem\OneDrive\Coding\clipsCommerce - Copy\node_modules\jest-circus\build\utils.js:231:10)
    at _callCircusTest (C:\Users\Cheem\OneDrive\Coding\clipsCommerce - Copy\node_modules\jest-circus\build\run.js:316:40)
    at processTicksAndRejections (node:internal/process/task_queues:105:5)
    at _runTest (C:\Users\Cheem\OneDrive\Coding\clipsCommerce - Copy\node_modules\jest-circus\build\run.js:252:3)
    at _runTestsForDescribeBlock (C:\Users\Cheem\OneDrive\Coding\clipsCommerce - Copy\node_modules\jest-circus\build\run.js:126:9)
    at _runTestsForDescribeBlock (C:\Users\Cheem\OneDrive\Coding\clipsCommerce - Copy\node_modules\jest-circus\build\run.js:121:9)
    at run (C:\Users\Cheem\OneDrive\Coding\clipsCommerce - Copy\node_modules\jest-circus\build\run.js:71:3)
    at runAndTransformResultsToJestFormat (C:\Users\Cheem\OneDrive\Coding\clipsCommerce - Copy\node_modules\jest-circus\build\legacy-code-todo-rewrite\jestAdapterInit.js:122:21)
    at jestAdapter (C:\Users\Cheem\OneDrive\Coding\clipsCommerce - Copy\node_modules\jest-circus\build\legacy-code-todo-rewrite\jestAdapter.js:79:19)
    at runTestInternal (C:\Users\Cheem\OneDrive\Coding\clipsCommerce - Copy\node_modules\jest-runner\build\runTest.js:367:16)
    at runTest (C:\Users\Cheem\OneDrive\Coding\clipsCommerce - Copy\node_modules\jest-runner\build\runTest.js:444:34)
    at Object.worker (C:\Users\Cheem\OneDrive\Coding\clipsCommerce - Copy\node_modules\jest-runner\build\testWorker.js:106:12)</failure>
    </testcase>
    <testcase classname="SubscriptionComponent renders the tab navigation for Plans, Billing, and Invoices" name="SubscriptionComponent renders the tab navigation for Plans, Billing, and Invoices" time="0.042">
    </testcase>
    <testcase classname="SubscriptionComponent shows the yearly/monthly toggle" name="SubscriptionComponent shows the yearly/monthly toggle" time="0.047">
      <failure>TestingLibraryElementError: Unable to find an element with the text: Save 20%. This could be because the text is broken up by multiple elements. In this case, you can provide a function for your text matcher to make your matcher more flexible.

Ignored nodes: comments, script, style
&lt;body&gt;
  &lt;div&gt;
    &lt;div
      class=&quot;min-h-screen bg-background text-foreground p-4 md:p-6 space-y-6&quot;
    &gt;
      &lt;div&gt;
        &lt;h1
          class=&quot;text-2xl md:text-3xl font-bold tracking-tight gradient-text&quot;
        &gt;
          Subscription
        &lt;/h1&gt;
        &lt;p
          class=&quot;text-muted-foreground mt-1&quot;
        &gt;
          Manage your subscription plan and billing
        &lt;/p&gt;
      &lt;/div&gt;
      &lt;div
        animate=&quot;[object Object]&quot;
        class=&quot;glass-card p-6&quot;
        initial=&quot;[object Object]&quot;
        transition=&quot;[object Object]&quot;
        variants=&quot;[object Object]&quot;
        whilehover=&quot;hover&quot;
      &gt;
        &lt;div
          data-orientation=&quot;horizontal&quot;
          dir=&quot;ltr&quot;
        &gt;
          &lt;div
            aria-orientation=&quot;horizontal&quot;
            class=&quot;h-9 items-center justify-center rounded-lg bg-muted p-1 text-muted-foreground grid w-full grid-cols-3&quot;
            data-orientation=&quot;horizontal&quot;
            role=&quot;tablist&quot;
            style=&quot;outline: none;&quot;
            tabindex=&quot;0&quot;
          &gt;
            &lt;button
              aria-controls=&quot;radix-«rg»-content-plans&quot;
              aria-selected=&quot;true&quot;
              class=&quot;inline-flex items-center justify-center whitespace-nowrap rounded-md px-3 py-1 text-sm font-medium ring-offset-background transition-all focus-visible:outline-none focus-visible:ring-2 focus-visible:ring-ring focus-visible:ring-offset-2 disabled:pointer-events-none disabled:opacity-50 data-[state=active]:bg-background data-[state=active]:text-foreground data-[state=active]:shadow&quot;
              data-orientation=&quot;horizontal&quot;
              data-radix-collection-item=&quot;&quot;
              data-state=&quot;active&quot;
              id=&quot;radix-«rg»-trigger-plans&quot;
              role=&quot;tab&quot;
              tabindex=&quot;-1&quot;
              type=&quot;button&quot;
            &gt;
              &lt;svg
                class=&quot;h-4 w-4 mr-2&quot;
                data-testid=&quot;Shield-icon&quot;
              /&gt;
              Plans
            &lt;/button&gt;
            &lt;button
              aria-controls=&quot;radix-«rg»-content-billing&quot;
              aria-selected=&quot;false&quot;
              class=&quot;inline-flex items-center justify-center whitespace-nowrap rounded-md px-3 py-1 text-sm font-medium ring-offset-background transition-all focus-visible:outline-none focus-visible:ring-2 focus-visible:ring-ring focus-visible:ring-offset-2 disabled:pointer-events-none disabled:opacity-50 data-[state=active]:bg-background data-[state=active]:text-foreground data-[state=active]:shadow&quot;
              data-orientation=&quot;horizontal&quot;
              data-radix-collection-item=&quot;&quot;
              data-state=&quot;inactive&quot;
              id=&quot;radix-«rg»-trigger-billing&quot;
              role=&quot;tab&quot;
              tabindex=&quot;-1&quot;
              type=&quot;button&quot;
            &gt;
              &lt;svg
                class=&quot;h-4 w-4 mr-2&quot;
                data-testid=&quot;CreditCard-icon&quot;
              /&gt;
              Billing
            &lt;/button&gt;
            &lt;button
              aria-controls=&quot;radix-«rg»-content-invoices&quot;
              aria-selected=&quot;false&quot;
              class=&quot;inline-flex items-center justify-center whitespace-nowrap rounded-md px-3 py-1 text-sm font-medium ring-offset-background transition-all focus-visible:outline-none focus-visible:ring-2 focus-visible:ring-ring focus-visible:ring-offset-2 disabled:pointer-events-none disabled:opacity-50 data-[state=active]:bg-background data-[state=active]:text-foreground data-[state=active]:shadow&quot;
              data-orientation=&quot;horizontal&quot;
              data-radix-collection-item=&quot;&quot;
              data-state=&quot;inactive&quot;
              id=&quot;radix-«rg»-trigger-invoices&quot;
              role=&quot;tab&quot;
              tabindex=&quot;-1&quot;
              type=&quot;button&quot;
            &gt;
              &lt;svg
                class=&quot;h-4 w-4 mr-2&quot;
                data-testid=&quot;FileText-icon&quot;
              /&gt;
              Invoices
            &lt;/button&gt;
          &lt;/div&gt;
          &lt;div
            aria-labelledby=&quot;radix-«rg»-trigger-plans&quot;
            class=&quot;ring-offset-background focus-visible:outline-none focus-visible:ring-2 focus-visible:ring-ring focus-visible:ring-offset-2 mt-4&quot;
            data-orientation=&quot;horizontal&quot;
            data-state=&quot;active&quot;
            id=&quot;radix-«rg»-content-plans&quot;
            role=&quot;tabpanel&quot;
            style=&quot;animation-duration: 0s;&quot;
            tabindex=&quot;0&quot;
          &gt;
            &lt;div
              class=&quot;flex justify-center mb-6&quot;
            &gt;
              &lt;div
                class=&quot;bg-[#1A1A1A] p-1 rounded-full inline-flex items-center border border-[#8D5AFF]/20&quot;
              &gt;
                &lt;button
                  class=&quot;inline-flex items-center justify-center font-medium transition-colors focus-visible:outline-none focus-visible:ring-1 focus-visible:ring-ring disabled:pointer-events-none disabled:opacity-50 shadow hover:bg-primary/90 h-8 px-3 text-xs rounded-full bg-[#8D5AFF] text-white&quot;
                &gt;
                  Monthly
                &lt;/button&gt;
                &lt;button
                  class=&quot;inline-flex items-center justify-center font-medium transition-colors focus-visible:outline-none focus-visible:ring-1 focus-visible:ring-ring disabled:pointer-events-none disabled:opacity-50 hover:bg-accent h-8 px-3 text-xs rounded-full text-gray-300...
    at Object.getElementError (C:\Users\Cheem\OneDrive\Coding\clipsCommerce - Copy\node_modules\@testing-library\dom\dist\config.js:37:19)
    at C:\Users\Cheem\OneDrive\Coding\clipsCommerce - Copy\node_modules\@testing-library\dom\dist\query-helpers.js:76:38
    at C:\Users\Cheem\OneDrive\Coding\clipsCommerce - Copy\node_modules\@testing-library\dom\dist\query-helpers.js:52:17
    at C:\Users\Cheem\OneDrive\Coding\clipsCommerce - Copy\node_modules\@testing-library\dom\dist\query-helpers.js:95:19
    at Object.&lt;anonymous&gt; (C:\Users\Cheem\OneDrive\Coding\clipsCommerce - Copy\src\__tests__\subscription-component.test.tsx:74:19)
    at Promise.then.completed (C:\Users\Cheem\OneDrive\Coding\clipsCommerce - Copy\node_modules\jest-circus\build\utils.js:298:28)
    at new Promise (&lt;anonymous&gt;)
    at callAsyncCircusFn (C:\Users\Cheem\OneDrive\Coding\clipsCommerce - Copy\node_modules\jest-circus\build\utils.js:231:10)
    at _callCircusTest (C:\Users\Cheem\OneDrive\Coding\clipsCommerce - Copy\node_modules\jest-circus\build\run.js:316:40)
    at processTicksAndRejections (node:internal/process/task_queues:105:5)
    at _runTest (C:\Users\Cheem\OneDrive\Coding\clipsCommerce - Copy\node_modules\jest-circus\build\run.js:252:3)
    at _runTestsForDescribeBlock (C:\Users\Cheem\OneDrive\Coding\clipsCommerce - Copy\node_modules\jest-circus\build\run.js:126:9)
    at _runTestsForDescribeBlock (C:\Users\Cheem\OneDrive\Coding\clipsCommerce - Copy\node_modules\jest-circus\build\run.js:121:9)
    at run (C:\Users\Cheem\OneDrive\Coding\clipsCommerce - Copy\node_modules\jest-circus\build\run.js:71:3)
    at runAndTransformResultsToJestFormat (C:\Users\Cheem\OneDrive\Coding\clipsCommerce - Copy\node_modules\jest-circus\build\legacy-code-todo-rewrite\jestAdapterInit.js:122:21)
    at jestAdapter (C:\Users\Cheem\OneDrive\Coding\clipsCommerce - Copy\node_modules\jest-circus\build\legacy-code-todo-rewrite\jestAdapter.js:79:19)
    at runTestInternal (C:\Users\Cheem\OneDrive\Coding\clipsCommerce - Copy\node_modules\jest-runner\build\runTest.js:367:16)
    at runTest (C:\Users\Cheem\OneDrive\Coding\clipsCommerce - Copy\node_modules\jest-runner\build\runTest.js:444:34)
    at Object.worker (C:\Users\Cheem\OneDrive\Coding\clipsCommerce - Copy\node_modules\jest-runner\build\testWorker.js:106:12)</failure>
    </testcase>
    <testcase classname="SubscriptionComponent shows the Team plan as popular" name="SubscriptionComponent shows the Team plan as popular" time="0.044">
    </testcase>
    <testcase classname="SubscriptionComponent displays Pro as current plan by default" name="SubscriptionComponent displays Pro as current plan by default" time="0.049">
      <failure>TestingLibraryElementError: Unable to find an element with the text: Current Plan. This could be because the text is broken up by multiple elements. In this case, you can provide a function for your text matcher to make your matcher more flexible.

Ignored nodes: comments, script, style
&lt;body&gt;
  &lt;div&gt;
    &lt;div
      class=&quot;min-h-screen bg-background text-foreground p-4 md:p-6 space-y-6&quot;
    &gt;
      &lt;div&gt;
        &lt;h1
          class=&quot;text-2xl md:text-3xl font-bold tracking-tight gradient-text&quot;
        &gt;
          Subscription
        &lt;/h1&gt;
        &lt;p
          class=&quot;text-muted-foreground mt-1&quot;
        &gt;
          Manage your subscription plan and billing
        &lt;/p&gt;
      &lt;/div&gt;
      &lt;div
        animate=&quot;[object Object]&quot;
        class=&quot;glass-card p-6&quot;
        initial=&quot;[object Object]&quot;
        transition=&quot;[object Object]&quot;
        variants=&quot;[object Object]&quot;
        whilehover=&quot;hover&quot;
      &gt;
        &lt;div
          data-orientation=&quot;horizontal&quot;
          dir=&quot;ltr&quot;
        &gt;
          &lt;div
            aria-orientation=&quot;horizontal&quot;
            class=&quot;h-9 items-center justify-center rounded-lg bg-muted p-1 text-muted-foreground grid w-full grid-cols-3&quot;
            data-orientation=&quot;horizontal&quot;
            role=&quot;tablist&quot;
            style=&quot;outline: none;&quot;
            tabindex=&quot;0&quot;
          &gt;
            &lt;button
              aria-controls=&quot;radix-«ro»-content-plans&quot;
              aria-selected=&quot;true&quot;
              class=&quot;inline-flex items-center justify-center whitespace-nowrap rounded-md px-3 py-1 text-sm font-medium ring-offset-background transition-all focus-visible:outline-none focus-visible:ring-2 focus-visible:ring-ring focus-visible:ring-offset-2 disabled:pointer-events-none disabled:opacity-50 data-[state=active]:bg-background data-[state=active]:text-foreground data-[state=active]:shadow&quot;
              data-orientation=&quot;horizontal&quot;
              data-radix-collection-item=&quot;&quot;
              data-state=&quot;active&quot;
              id=&quot;radix-«ro»-trigger-plans&quot;
              role=&quot;tab&quot;
              tabindex=&quot;-1&quot;
              type=&quot;button&quot;
            &gt;
              &lt;svg
                class=&quot;h-4 w-4 mr-2&quot;
                data-testid=&quot;Shield-icon&quot;
              /&gt;
              Plans
            &lt;/button&gt;
            &lt;button
              aria-controls=&quot;radix-«ro»-content-billing&quot;
              aria-selected=&quot;false&quot;
              class=&quot;inline-flex items-center justify-center whitespace-nowrap rounded-md px-3 py-1 text-sm font-medium ring-offset-background transition-all focus-visible:outline-none focus-visible:ring-2 focus-visible:ring-ring focus-visible:ring-offset-2 disabled:pointer-events-none disabled:opacity-50 data-[state=active]:bg-background data-[state=active]:text-foreground data-[state=active]:shadow&quot;
              data-orientation=&quot;horizontal&quot;
              data-radix-collection-item=&quot;&quot;
              data-state=&quot;inactive&quot;
              id=&quot;radix-«ro»-trigger-billing&quot;
              role=&quot;tab&quot;
              tabindex=&quot;-1&quot;
              type=&quot;button&quot;
            &gt;
              &lt;svg
                class=&quot;h-4 w-4 mr-2&quot;
                data-testid=&quot;CreditCard-icon&quot;
              /&gt;
              Billing
            &lt;/button&gt;
            &lt;button
              aria-controls=&quot;radix-«ro»-content-invoices&quot;
              aria-selected=&quot;false&quot;
              class=&quot;inline-flex items-center justify-center whitespace-nowrap rounded-md px-3 py-1 text-sm font-medium ring-offset-background transition-all focus-visible:outline-none focus-visible:ring-2 focus-visible:ring-ring focus-visible:ring-offset-2 disabled:pointer-events-none disabled:opacity-50 data-[state=active]:bg-background data-[state=active]:text-foreground data-[state=active]:shadow&quot;
              data-orientation=&quot;horizontal&quot;
              data-radix-collection-item=&quot;&quot;
              data-state=&quot;inactive&quot;
              id=&quot;radix-«ro»-trigger-invoices&quot;
              role=&quot;tab&quot;
              tabindex=&quot;-1&quot;
              type=&quot;button&quot;
            &gt;
              &lt;svg
                class=&quot;h-4 w-4 mr-2&quot;
                data-testid=&quot;FileText-icon&quot;
              /&gt;
              Invoices
            &lt;/button&gt;
          &lt;/div&gt;
          &lt;div
            aria-labelledby=&quot;radix-«ro»-trigger-plans&quot;
            class=&quot;ring-offset-background focus-visible:outline-none focus-visible:ring-2 focus-visible:ring-ring focus-visible:ring-offset-2 mt-4&quot;
            data-orientation=&quot;horizontal&quot;
            data-state=&quot;active&quot;
            id=&quot;radix-«ro»-content-plans&quot;
            role=&quot;tabpanel&quot;
            style=&quot;animation-duration: 0s;&quot;
            tabindex=&quot;0&quot;
          &gt;
            &lt;div
              class=&quot;flex justify-center mb-6&quot;
            &gt;
              &lt;div
                class=&quot;bg-[#1A1A1A] p-1 rounded-full inline-flex items-center border border-[#8D5AFF]/20&quot;
              &gt;
                &lt;button
                  class=&quot;inline-flex items-center justify-center font-medium transition-colors focus-visible:outline-none focus-visible:ring-1 focus-visible:ring-ring disabled:pointer-events-none disabled:opacity-50 shadow hover:bg-primary/90 h-8 px-3 text-xs rounded-full bg-[#8D5AFF] text-white&quot;
                &gt;
                  Monthly
                &lt;/button&gt;
                &lt;button
                  class=&quot;inline-flex items-center justify-center font-medium transition-colors focus-visible:outline-none focus-visible:ring-1 focus-visible:ring-ring disabled:pointer-events-none disabled:opacity-50 hover:bg-accent h-8 px-3 text-xs rounded-full text-gray-300...
    at Object.getElementError (C:\Users\Cheem\OneDrive\Coding\clipsCommerce - Copy\node_modules\@testing-library\dom\dist\config.js:37:19)
    at C:\Users\Cheem\OneDrive\Coding\clipsCommerce - Copy\node_modules\@testing-library\dom\dist\query-helpers.js:76:38
    at C:\Users\Cheem\OneDrive\Coding\clipsCommerce - Copy\node_modules\@testing-library\dom\dist\query-helpers.js:52:17
    at C:\Users\Cheem\OneDrive\Coding\clipsCommerce - Copy\node_modules\@testing-library\dom\dist\query-helpers.js:95:19
    at Object.&lt;anonymous&gt; (C:\Users\Cheem\OneDrive\Coding\clipsCommerce - Copy\src\__tests__\subscription-component.test.tsx:86:19)
    at Promise.then.completed (C:\Users\Cheem\OneDrive\Coding\clipsCommerce - Copy\node_modules\jest-circus\build\utils.js:298:28)
    at new Promise (&lt;anonymous&gt;)
    at callAsyncCircusFn (C:\Users\Cheem\OneDrive\Coding\clipsCommerce - Copy\node_modules\jest-circus\build\utils.js:231:10)
    at _callCircusTest (C:\Users\Cheem\OneDrive\Coding\clipsCommerce - Copy\node_modules\jest-circus\build\run.js:316:40)
    at processTicksAndRejections (node:internal/process/task_queues:105:5)
    at _runTest (C:\Users\Cheem\OneDrive\Coding\clipsCommerce - Copy\node_modules\jest-circus\build\run.js:252:3)
    at _runTestsForDescribeBlock (C:\Users\Cheem\OneDrive\Coding\clipsCommerce - Copy\node_modules\jest-circus\build\run.js:126:9)
    at _runTestsForDescribeBlock (C:\Users\Cheem\OneDrive\Coding\clipsCommerce - Copy\node_modules\jest-circus\build\run.js:121:9)
    at run (C:\Users\Cheem\OneDrive\Coding\clipsCommerce - Copy\node_modules\jest-circus\build\run.js:71:3)
    at runAndTransformResultsToJestFormat (C:\Users\Cheem\OneDrive\Coding\clipsCommerce - Copy\node_modules\jest-circus\build\legacy-code-todo-rewrite\jestAdapterInit.js:122:21)
    at jestAdapter (C:\Users\Cheem\OneDrive\Coding\clipsCommerce - Copy\node_modules\jest-circus\build\legacy-code-todo-rewrite\jestAdapter.js:79:19)
    at runTestInternal (C:\Users\Cheem\OneDrive\Coding\clipsCommerce - Copy\node_modules\jest-runner\build\runTest.js:367:16)
    at runTest (C:\Users\Cheem\OneDrive\Coding\clipsCommerce - Copy\node_modules\jest-runner\build\runTest.js:444:34)
    at Object.worker (C:\Users\Cheem\OneDrive\Coding\clipsCommerce - Copy\node_modules\jest-runner\build\testWorker.js:106:12)</failure>
    </testcase>
  </testsuite>
  <testsuite name="Example Test Suite" errors="0" failures="0" skipped="0" timestamp="2025-06-16T07:34:28" time="0.221" tests="1">
    <testcase classname="Example Test Suite should pass a simple test" name="Example Test Suite should pass a simple test" time="0.003">
    </testcase>
  </testsuite>
  <testsuite name="IdeatorPage" errors="0" failures="1" skipped="0" timestamp="2025-06-16T07:34:28" time="0.543" tests="5">
    <testcase classname="IdeatorPage renders the ideator page with expanded input box" name="IdeatorPage renders the ideator page with expanded input box" time="0.056">
    </testcase>
    <testcase classname="IdeatorPage allows typing in the expanded textarea" name="IdeatorPage allows typing in the expanded textarea" time="0.017">
    </testcase>
    <testcase classname="IdeatorPage shows file upload option" name="IdeatorPage shows file upload option" time="0.009">
    </testcase>
    <testcase classname="IdeatorPage has generate button that is disabled when no description is provided" name="IdeatorPage has generate button that is disabled when no description is provided" time="0.018">
    </testcase>
    <testcase classname="IdeatorPage enables generate button when description is provided" name="IdeatorPage enables generate button when description is provided" time="0.034">
      <failure>Error: expect(element).toBeEnabled()

Received element is not enabled:
  &lt;button class=&quot;justify-center rounded-md font-medium transition-colors focus-visible:outline-none focus-visible:ring-1 focus-visible:ring-ring disabled:pointer-events-none disabled:opacity-50 bg-primary text-primary-foreground shadow hover:bg-primary/90 h-9 btn-primary text-lg px-8 py-4 flex items-center gap-3&quot; disabled=&quot;&quot; /&gt;
    at Object.&lt;anonymous&gt; (C:\Users\Cheem\OneDrive\Coding\clipsCommerce - Copy\src\__tests__\ideator-page.test.tsx:49:28)
    at Promise.then.completed (C:\Users\Cheem\OneDrive\Coding\clipsCommerce - Copy\node_modules\jest-circus\build\utils.js:298:28)
    at new Promise (&lt;anonymous&gt;)
    at callAsyncCircusFn (C:\Users\Cheem\OneDrive\Coding\clipsCommerce - Copy\node_modules\jest-circus\build\utils.js:231:10)
    at _callCircusTest (C:\Users\Cheem\OneDrive\Coding\clipsCommerce - Copy\node_modules\jest-circus\build\run.js:316:40)
    at processTicksAndRejections (node:internal/process/task_queues:105:5)
    at _runTest (C:\Users\Cheem\OneDrive\Coding\clipsCommerce - Copy\node_modules\jest-circus\build\run.js:252:3)
    at _runTestsForDescribeBlock (C:\Users\Cheem\OneDrive\Coding\clipsCommerce - Copy\node_modules\jest-circus\build\run.js:126:9)
    at _runTestsForDescribeBlock (C:\Users\Cheem\OneDrive\Coding\clipsCommerce - Copy\node_modules\jest-circus\build\run.js:121:9)
    at run (C:\Users\Cheem\OneDrive\Coding\clipsCommerce - Copy\node_modules\jest-circus\build\run.js:71:3)
    at runAndTransformResultsToJestFormat (C:\Users\Cheem\OneDrive\Coding\clipsCommerce - Copy\node_modules\jest-circus\build\legacy-code-todo-rewrite\jestAdapterInit.js:122:21)
    at jestAdapter (C:\Users\Cheem\OneDrive\Coding\clipsCommerce - Copy\node_modules\jest-circus\build\legacy-code-todo-rewrite\jestAdapter.js:79:19)
    at runTestInternal (C:\Users\Cheem\OneDrive\Coding\clipsCommerce - Copy\node_modules\jest-runner\build\runTest.js:367:16)
    at runTest (C:\Users\Cheem\OneDrive\Coding\clipsCommerce - Copy\node_modules\jest-runner\build\runTest.js:444:34)
    at Object.worker (C:\Users\Cheem\OneDrive\Coding\clipsCommerce - Copy\node_modules\jest-runner\build\testWorker.js:106:12)</failure>
    </testcase>
  </testsuite>
  <testsuite name="TikTokClient" errors="0" failures="0" skipped="0" timestamp="2025-06-16T07:34:28" time="0.25" tests="1">
    <testcase classname="TikTokClient should pass a simple test" name="TikTokClient should pass a simple test" time="0.001">
    </testcase>
  </testsuite>
  <testsuite name="ConnectPage Platform Icons" errors="0" failures="0" skipped="0" timestamp="2025-06-16T07:34:28" time="0.701" tests="6">
    <testcase classname="ConnectPage Platform Icons renders platform names with their respective icons" name="ConnectPage Platform Icons renders platform names with their respective icons" time="0.088">
    </testcase>
    <testcase classname="ConnectPage Platform Icons shows connect buttons for all platforms initially" name="ConnectPage Platform Icons shows connect buttons for all platforms initially" time="0.023">
    </testcase>
    <testcase classname="ConnectPage Platform Icons shows disconnect status icons initially" name="ConnectPage Platform Icons shows disconnect status icons initially" time="0.023">
    </testcase>
    <testcase classname="ConnectPage Platform Icons handles platform connection process" name="ConnectPage Platform Icons handles platform connection process" time="0.07">
    </testcase>
    <testcase classname="ConnectPage Platform Icons groups platforms correctly" name="ConnectPage Platform Icons groups platforms correctly" time="0.024">
    </testcase>
    <testcase classname="ConnectPage Platform Icons renders section headers with icons" name="ConnectPage Platform Icons renders section headers with icons" time="0.025">
    </testcase>
  </testsuite>
  <testsuite name="Simple Test" errors="0" failures="0" skipped="0" timestamp="2025-06-16T07:34:29" time="0.205" tests="1">
    <testcase classname="Simple Test should pass" name="Simple Test should pass" time="0.001">
    </testcase>
  </testsuite>
  <testsuite name="undefined" errors="0" failures="0" skipped="0" timestamp="2025-06-16T07:34:29" time="0.204" tests="1">
    <testcase classname=" 1 + 1 equals 2" name=" 1 + 1 equals 2" time="0.004">
    </testcase>
  </testsuite>
  <testsuite name="ContactSection" errors="0" failures="0" skipped="0" timestamp="2025-06-16T07:34:19" time="13.644" tests="18">
    <testcase classname="ContactSection Rendering should render the contact section with default props" name="ContactSection Rendering should render the contact section with default props" time="0.11">
    </testcase>
    <testcase classname="ContactSection Rendering should render without title when showTitle is false" name="ContactSection Rendering should render without title when showTitle is false" time="0.026">
    </testcase>
    <testcase classname="ContactSection Rendering should apply custom className" name="ContactSection Rendering should apply custom className" time="0.023">
    </testcase>
    <testcase classname="ContactSection Rendering should render email contact information" name="ContactSection Rendering should render email contact information" time="0.031">
    </testcase>
    <testcase classname="ContactSection Form Interaction should update form fields when user types" name="ContactSection Form Interaction should update form fields when user types" time="1.053">
    </testcase>
    <testcase classname="ContactSection Form Interaction should submit form with valid data and show success message" name="ContactSection Form Interaction should submit form with valid data and show success message" time="2.352">
    </testcase>
    <testcase classname="ContactSection Form Interaction should reset form when reset button is clicked" name="ContactSection Form Interaction should reset form when reset button is clicked" time="0.635">
    </testcase>
    <testcase classname="ContactSection Form Interaction should show character count for message field" name="ContactSection Form Interaction should show character count for message field" time="0.25">
    </testcase>
    <testcase classname="ContactSection Form Validation should validate required fields on form submission" name="ContactSection Form Validation should validate required fields on form submission" time="0.093">
    </testcase>
    <testcase classname="ContactSection Form Validation should validate email format on form submission" name="ContactSection Form Validation should validate email format on form submission" time="1.275">
    </testcase>
    <testcase classname="ContactSection Form Validation should validate message length on form submission" name="ContactSection Form Validation should validate message length on form submission" time="0.928">
    </testcase>
    <testcase classname="ContactSection Form Validation should clear validation errors when user starts typing" name="ContactSection Form Validation should clear validation errors when user starts typing" time="0.173">
    </testcase>
    <testcase classname="ContactSection Form Validation should show validation feedback on form submission with mixed valid/invalid data" name="ContactSection Form Validation should show validation feedback on form submission with mixed valid/invalid data" time="1.206">
    </testcase>
    <testcase classname="ContactSection Accessibility should have proper form labels and ARIA attributes" name="ContactSection Accessibility should have proper form labels and ARIA attributes" time="0.022">
    </testcase>
    <testcase classname="ContactSection Accessibility should associate error messages with form fields" name="ContactSection Accessibility should associate error messages with form fields" time="0.094">
    </testcase>
    <testcase classname="ContactSection Accessibility should announce validation errors to screen readers" name="ContactSection Accessibility should announce validation errors to screen readers" time="0.086">
    </testcase>
    <testcase classname="ContactSection Loading States should show loading state during form submission" name="ContactSection Loading States should show loading state during form submission" time="2.421">
    </testcase>
    <testcase classname="ContactSection Loading States should disable form during submission" name="ContactSection Loading States should disable form during submission" time="2.414">
    </testcase>
  </testsuite>
  <testsuite name="ContentIdeationWorkflow" errors="0" failures="6" skipped="0" timestamp="2025-06-16T07:34:14" time="64.574" tests="34">
    <testcase classname="ContentIdeationWorkflow bulk execution should generate ideation results and rank by novelty" name="ContentIdeationWorkflow bulk execution should generate ideation results and rank by novelty" time="0.021">
    </testcase>
    <testcase classname="ContentIdeationWorkflow bulk execution should handle different platforms in bulk requests" name="ContentIdeationWorkflow bulk execution should handle different platforms in bulk requests" time="0.01">
    </testcase>
    <testcase classname="ContentIdeationWorkflow bulk execution should handle empty bulk requests" name="ContentIdeationWorkflow bulk execution should handle empty bulk requests" time="0.002">
    </testcase>
    <testcase classname="ContentIdeationWorkflow bulk execution should handle large batch sizes efficiently" name="ContentIdeationWorkflow bulk execution should handle large batch sizes efficiently" time="0.002">
    </testcase>
    <testcase classname="ContentIdeationWorkflow bulk execution should rank results by novelty score" name="ContentIdeationWorkflow bulk execution should rank results by novelty score" time="0.003">
      <failure>Error: expect(received).toBeGreaterThan(expected)

Expected: &gt; 1
Received:   1
    at Object.&lt;anonymous&gt; (C:\Users\Cheem\OneDrive\Coding\clipsCommerce - Copy\src\services\__tests__\ContentIdeationWorkflow.test.ts:122:41)
    at processTicksAndRejections (node:internal/process/task_queues:105:5)</failure>
    </testcase>
    <testcase classname="ContentIdeationWorkflow bulk execution should filter low-quality content" name="ContentIdeationWorkflow bulk execution should filter low-quality content" time="0.001">
      <failure>TypeError: Cannot read properties of undefined (reading &apos;includes&apos;)
    at C:\Users\Cheem\OneDrive\Coding\clipsCommerce - Copy\src\services\__tests__\ContentIdeationWorkflow.test.ts:149:64
    at Array.some (&lt;anonymous&gt;)
    at Object.&lt;anonymous&gt; (C:\Users\Cheem\OneDrive\Coding\clipsCommerce - Copy\src\services\__tests__\ContentIdeationWorkflow.test.ts:149:30)
    at processTicksAndRejections (node:internal/process/task_queues:105:5)</failure>
    </testcase>
    <testcase classname="ContentIdeationWorkflow concurrency control should respect concurrency limits" name="ContentIdeationWorkflow concurrency control should respect concurrency limits" time="0.001">
    </testcase>
    <testcase classname="ContentIdeationWorkflow concurrency control should handle different concurrency limits" name="ContentIdeationWorkflow concurrency control should handle different concurrency limits" time="0.002">
    </testcase>
    <testcase classname="ContentIdeationWorkflow content quality assessment should rank results by novelty score" name="ContentIdeationWorkflow content quality assessment should rank results by novelty score" time="0.001">
      <failure>Error: expect(received).toBeGreaterThan(expected)

Expected: &gt; 0.25
Received:   0.1
    at Object.&lt;anonymous&gt; (C:\Users\Cheem\OneDrive\Coding\clipsCommerce - Copy\src\services\__tests__\ContentIdeationWorkflow.test.ts:194:77)
    at processTicksAndRejections (node:internal/process/task_queues:105:5)</failure>
    </testcase>
    <testcase classname="ContentIdeationWorkflow content quality assessment should filter low-quality content" name="ContentIdeationWorkflow content quality assessment should filter low-quality content" time="0">
    </testcase>
    <testcase classname="ContentIdeationWorkflow error handling should handle invalid platform values" name="ContentIdeationWorkflow error handling should handle invalid platform values" time="0.001">
    </testcase>
    <testcase classname="ContentIdeationWorkflow error handling should handle malformed requests gracefully" name="ContentIdeationWorkflow error handling should handle malformed requests gracefully" time="0">
    </testcase>
    <testcase classname="ContentIdeationWorkflow error handling should handle network or API failures" name="ContentIdeationWorkflow error handling should handle network or API failures" time="0.001">
    </testcase>
    <testcase classname="ContentIdeationWorkflow error handling should handle AI service timeouts gracefully" name="ContentIdeationWorkflow error handling should handle AI service timeouts gracefully" time="30.011">
      <failure>Error: thrown: &quot;Exceeded timeout of 30000 ms for a test.
Add a timeout value to this test to increase the timeout, if this is a long-running test. See https://jestjs.io/docs/api#testname-fn-timeout.&quot;
    at C:\Users\Cheem\OneDrive\Coding\clipsCommerce - Copy\src\services\__tests__\ContentIdeationWorkflow.test.ts:252:5
    at _dispatchDescribe (C:\Users\Cheem\OneDrive\Coding\clipsCommerce - Copy\node_modules\jest-circus\build\index.js:91:26)
    at describe (C:\Users\Cheem\OneDrive\Coding\clipsCommerce - Copy\node_modules\jest-circus\build\index.js:55:5)
    at C:\Users\Cheem\OneDrive\Coding\clipsCommerce - Copy\src\services\__tests__\ContentIdeationWorkflow.test.ts:211:3
    at _dispatchDescribe (C:\Users\Cheem\OneDrive\Coding\clipsCommerce - Copy\node_modules\jest-circus\build\index.js:91:26)
    at describe (C:\Users\Cheem\OneDrive\Coding\clipsCommerce - Copy\node_modules\jest-circus\build\index.js:55:5)
    at Object.&lt;anonymous&gt; (C:\Users\Cheem\OneDrive\Coding\clipsCommerce - Copy\src\services\__tests__\ContentIdeationWorkflow.test.ts:9:1)
    at Runtime._execModule (C:\Users\Cheem\OneDrive\Coding\clipsCommerce - Copy\node_modules\jest-runtime\build\index.js:1439:24)
    at Runtime._loadModule (C:\Users\Cheem\OneDrive\Coding\clipsCommerce - Copy\node_modules\jest-runtime\build\index.js:1022:12)
    at Runtime.requireModule (C:\Users\Cheem\OneDrive\Coding\clipsCommerce - Copy\node_modules\jest-runtime\build\index.js:882:12)
    at jestAdapter (C:\Users\Cheem\OneDrive\Coding\clipsCommerce - Copy\node_modules\jest-circus\build\legacy-code-todo-rewrite\jestAdapter.js:77:13)
    at processTicksAndRejections (node:internal/process/task_queues:105:5)
    at runTestInternal (C:\Users\Cheem\OneDrive\Coding\clipsCommerce - Copy\node_modules\jest-runner\build\runTest.js:367:16)
    at runTest (C:\Users\Cheem\OneDrive\Coding\clipsCommerce - Copy\node_modules\jest-runner\build\runTest.js:444:34)
    at Object.worker (C:\Users\Cheem\OneDrive\Coding\clipsCommerce - Copy\node_modules\jest-runner\build\testWorker.js:106:12)</failure>
    </testcase>
    <testcase classname="ContentIdeationWorkflow performance optimization should handle memory efficiently with large datasets" name="ContentIdeationWorkflow performance optimization should handle memory efficiently with large datasets" time="0.004">
    </testcase>
    <testcase classname="ContentIdeationWorkflow performance optimization should process requests in reasonable time" name="ContentIdeationWorkflow performance optimization should process requests in reasonable time" time="0.002">
    </testcase>
    <testcase classname="ContentIdeationWorkflow state management should maintain consistent state across operations" name="ContentIdeationWorkflow state management should maintain consistent state across operations" time="0.003">
    </testcase>
    <testcase classname="ContentIdeationWorkflow state management should handle concurrent state modifications" name="ContentIdeationWorkflow state management should handle concurrent state modifications" time="0.002">
    </testcase>
    <testcase classname="ContentIdeationWorkflow state management should reset state properly between operations" name="ContentIdeationWorkflow state management should reset state properly between operations" time="0">
    </testcase>
    <testcase classname="ContentIdeationWorkflow AI integration should handle AI service responses correctly" name="ContentIdeationWorkflow AI integration should handle AI service responses correctly" time="0.003">
    </testcase>
    <testcase classname="ContentIdeationWorkflow AI integration should handle AI service timeouts gracefully" name="ContentIdeationWorkflow AI integration should handle AI service timeouts gracefully" time="30.008">
      <failure>Error: thrown: &quot;Exceeded timeout of 30000 ms for a test.
Add a timeout value to this test to increase the timeout, if this is a long-running test. See https://jestjs.io/docs/api#testname-fn-timeout.&quot;
    at C:\Users\Cheem\OneDrive\Coding\clipsCommerce - Copy\src\services\__tests__\ContentIdeationWorkflow.test.ts:363:5
    at _dispatchDescribe (C:\Users\Cheem\OneDrive\Coding\clipsCommerce - Copy\node_modules\jest-circus\build\index.js:91:26)
    at describe (C:\Users\Cheem\OneDrive\Coding\clipsCommerce - Copy\node_modules\jest-circus\build\index.js:55:5)
    at C:\Users\Cheem\OneDrive\Coding\clipsCommerce - Copy\src\services\__tests__\ContentIdeationWorkflow.test.ts:343:3
    at _dispatchDescribe (C:\Users\Cheem\OneDrive\Coding\clipsCommerce - Copy\node_modules\jest-circus\build\index.js:91:26)
    at describe (C:\Users\Cheem\OneDrive\Coding\clipsCommerce - Copy\node_modules\jest-circus\build\index.js:55:5)
    at Object.&lt;anonymous&gt; (C:\Users\Cheem\OneDrive\Coding\clipsCommerce - Copy\src\services\__tests__\ContentIdeationWorkflow.test.ts:9:1)
    at Runtime._execModule (C:\Users\Cheem\OneDrive\Coding\clipsCommerce - Copy\node_modules\jest-runtime\build\index.js:1439:24)
    at Runtime._loadModule (C:\Users\Cheem\OneDrive\Coding\clipsCommerce - Copy\node_modules\jest-runtime\build\index.js:1022:12)
    at Runtime.requireModule (C:\Users\Cheem\OneDrive\Coding\clipsCommerce - Copy\node_modules\jest-runtime\build\index.js:882:12)
    at jestAdapter (C:\Users\Cheem\OneDrive\Coding\clipsCommerce - Copy\node_modules\jest-circus\build\legacy-code-todo-rewrite\jestAdapter.js:77:13)
    at processTicksAndRejections (node:internal/process/task_queues:105:5)
    at runTestInternal (C:\Users\Cheem\OneDrive\Coding\clipsCommerce - Copy\node_modules\jest-runner\build\runTest.js:367:16)
    at runTest (C:\Users\Cheem\OneDrive\Coding\clipsCommerce - Copy\node_modules\jest-runner\build\runTest.js:444:34)
    at Object.worker (C:\Users\Cheem\OneDrive\Coding\clipsCommerce - Copy\node_modules\jest-runner\build\testWorker.js:106:12)</failure>
    </testcase>
    <testcase classname="ContentIdeationWorkflow AI integration should validate AI-generated content quality" name="ContentIdeationWorkflow AI integration should validate AI-generated content quality" time="0.004">
    </testcase>
    <testcase classname="ContentIdeationWorkflow AI integration should handle AI service unavailability" name="ContentIdeationWorkflow AI integration should handle AI service unavailability" time="0.003">
    </testcase>
    <testcase classname="ContentIdeationWorkflow enhanced content quality assessment should assess content engagement potential" name="ContentIdeationWorkflow enhanced content quality assessment should assess content engagement potential" time="0.005">
    </testcase>
    <testcase classname="ContentIdeationWorkflow enhanced content quality assessment should evaluate content originality" name="ContentIdeationWorkflow enhanced content quality assessment should evaluate content originality" time="0.002">
    </testcase>
    <testcase classname="ContentIdeationWorkflow enhanced content quality assessment should assess platform-specific optimization" name="ContentIdeationWorkflow enhanced content quality assessment should assess platform-specific optimization" time="0.003">
    </testcase>
    <testcase classname="ContentIdeationWorkflow enhanced content quality assessment should filter content based on quality thresholds" name="ContentIdeationWorkflow enhanced content quality assessment should filter content based on quality thresholds" time="0.001">
      <failure>Error: expect(received).toBeLessThan(expected)

Expected: &lt; 3
Received:   3
    at Object.&lt;anonymous&gt; (C:\Users\Cheem\OneDrive\Coding\clipsCommerce - Copy\src\services\__tests__\ContentIdeationWorkflow.test.ts:483:30)
    at runNextTicks (node:internal/process/task_queues:65:5)
    at listOnTimeout (node:internal/timers:549:9)
    at processTimers (node:internal/timers:523:7)</failure>
    </testcase>
    <testcase classname="ContentIdeationWorkflow workflow integration should integrate with external content services" name="ContentIdeationWorkflow workflow integration should integrate with external content services" time="0.001">
    </testcase>
    <testcase classname="ContentIdeationWorkflow workflow integration should handle workflow chaining" name="ContentIdeationWorkflow workflow integration should handle workflow chaining" time="0.001">
    </testcase>
    <testcase classname="ContentIdeationWorkflow workflow integration should maintain workflow state consistency" name="ContentIdeationWorkflow workflow integration should maintain workflow state consistency" time="0.001">
    </testcase>
    <testcase classname="ContentIdeationWorkflow edge cases and boundary conditions should handle extremely long captions" name="ContentIdeationWorkflow edge cases and boundary conditions should handle extremely long captions" time="0.001">
    </testcase>
    <testcase classname="ContentIdeationWorkflow edge cases and boundary conditions should handle special characters and emojis" name="ContentIdeationWorkflow edge cases and boundary conditions should handle special characters and emojis" time="0.001">
    </testcase>
    <testcase classname="ContentIdeationWorkflow edge cases and boundary conditions should handle zero concurrency limit" name="ContentIdeationWorkflow edge cases and boundary conditions should handle zero concurrency limit" time="0">
    </testcase>
    <testcase classname="ContentIdeationWorkflow edge cases and boundary conditions should handle negative concurrency limit" name="ContentIdeationWorkflow edge cases and boundary conditions should handle negative concurrency limit" time="0">
    </testcase>
  </testsuite>
  <testsuite name="Payment Flow Tests" errors="0" failures="13" skipped="0" timestamp="2025-06-16T07:34:19" time="392.591" tests="17">
    <testcase classname="Payment Flow Tests PricingSection Component should render all three pricing plans" name="Payment Flow Tests PricingSection Component should render all three pricing plans" time="0.122">
    </testcase>
    <testcase classname="Payment Flow Tests PricingSection Component should handle free plan (Lite) selection correctly" name="Payment Flow Tests PricingSection Component should handle free plan (Lite) selection correctly" time="30.022">
      <failure>Error: thrown: &quot;Exceeded timeout of 30000 ms for a test.
Add a timeout value to this test to increase the timeout, if this is a long-running test. See https://jestjs.io/docs/api#testname-fn-timeout.&quot;
    at C:\Users\Cheem\OneDrive\Coding\clipsCommerce - Copy\src\__tests__\payment-flow.test.tsx:148:5
    at _dispatchDescribe (C:\Users\Cheem\OneDrive\Coding\clipsCommerce - Copy\node_modules\jest-circus\build\index.js:91:26)
    at describe (C:\Users\Cheem\OneDrive\Coding\clipsCommerce - Copy\node_modules\jest-circus\build\index.js:55:5)
    at C:\Users\Cheem\OneDrive\Coding\clipsCommerce - Copy\src\__tests__\payment-flow.test.tsx:139:3
    at _dispatchDescribe (C:\Users\Cheem\OneDrive\Coding\clipsCommerce - Copy\node_modules\jest-circus\build\index.js:91:26)
    at describe (C:\Users\Cheem\OneDrive\Coding\clipsCommerce - Copy\node_modules\jest-circus\build\index.js:55:5)
    at Object.&lt;anonymous&gt; (C:\Users\Cheem\OneDrive\Coding\clipsCommerce - Copy\src\__tests__\payment-flow.test.tsx:55:1)
    at Runtime._execModule (C:\Users\Cheem\OneDrive\Coding\clipsCommerce - Copy\node_modules\jest-runtime\build\index.js:1439:24)
    at Runtime._loadModule (C:\Users\Cheem\OneDrive\Coding\clipsCommerce - Copy\node_modules\jest-runtime\build\index.js:1022:12)
    at Runtime.requireModule (C:\Users\Cheem\OneDrive\Coding\clipsCommerce - Copy\node_modules\jest-runtime\build\index.js:882:12)
    at jestAdapter (C:\Users\Cheem\OneDrive\Coding\clipsCommerce - Copy\node_modules\jest-circus\build\legacy-code-todo-rewrite\jestAdapter.js:77:13)
    at processTicksAndRejections (node:internal/process/task_queues:105:5)
    at runTestInternal (C:\Users\Cheem\OneDrive\Coding\clipsCommerce - Copy\node_modules\jest-runner\build\runTest.js:367:16)
    at runTest (C:\Users\Cheem\OneDrive\Coding\clipsCommerce - Copy\node_modules\jest-runner\build\runTest.js:444:34)
    at Object.worker (C:\Users\Cheem\OneDrive\Coding\clipsCommerce - Copy\node_modules\jest-runner\build\testWorker.js:106:12)</failure>
    </testcase>
    <testcase classname="Payment Flow Tests PricingSection Component should handle Pro monthly plan selection" name="Payment Flow Tests PricingSection Component should handle Pro monthly plan selection" time="30.019">
      <failure>Error: thrown: &quot;Exceeded timeout of 30000 ms for a test.
Add a timeout value to this test to increase the timeout, if this is a long-running test. See https://jestjs.io/docs/api#testname-fn-timeout.&quot;
    at C:\Users\Cheem\OneDrive\Coding\clipsCommerce - Copy\src\__tests__\payment-flow.test.tsx:160:5
    at _dispatchDescribe (C:\Users\Cheem\OneDrive\Coding\clipsCommerce - Copy\node_modules\jest-circus\build\index.js:91:26)
    at describe (C:\Users\Cheem\OneDrive\Coding\clipsCommerce - Copy\node_modules\jest-circus\build\index.js:55:5)
    at C:\Users\Cheem\OneDrive\Coding\clipsCommerce - Copy\src\__tests__\payment-flow.test.tsx:139:3
    at _dispatchDescribe (C:\Users\Cheem\OneDrive\Coding\clipsCommerce - Copy\node_modules\jest-circus\build\index.js:91:26)
    at describe (C:\Users\Cheem\OneDrive\Coding\clipsCommerce - Copy\node_modules\jest-circus\build\index.js:55:5)
    at Object.&lt;anonymous&gt; (C:\Users\Cheem\OneDrive\Coding\clipsCommerce - Copy\src\__tests__\payment-flow.test.tsx:55:1)
    at Runtime._execModule (C:\Users\Cheem\OneDrive\Coding\clipsCommerce - Copy\node_modules\jest-runtime\build\index.js:1439:24)
    at Runtime._loadModule (C:\Users\Cheem\OneDrive\Coding\clipsCommerce - Copy\node_modules\jest-runtime\build\index.js:1022:12)
    at Runtime.requireModule (C:\Users\Cheem\OneDrive\Coding\clipsCommerce - Copy\node_modules\jest-runtime\build\index.js:882:12)
    at jestAdapter (C:\Users\Cheem\OneDrive\Coding\clipsCommerce - Copy\node_modules\jest-circus\build\legacy-code-todo-rewrite\jestAdapter.js:77:13)
    at processTicksAndRejections (node:internal/process/task_queues:105:5)
    at runTestInternal (C:\Users\Cheem\OneDrive\Coding\clipsCommerce - Copy\node_modules\jest-runner\build\runTest.js:367:16)
    at runTest (C:\Users\Cheem\OneDrive\Coding\clipsCommerce - Copy\node_modules\jest-runner\build\runTest.js:444:34)
    at Object.worker (C:\Users\Cheem\OneDrive\Coding\clipsCommerce - Copy\node_modules\jest-runner\build\testWorker.js:106:12)</failure>
    </testcase>
    <testcase classname="Payment Flow Tests PricingSection Component should handle Pro yearly plan selection" name="Payment Flow Tests PricingSection Component should handle Pro yearly plan selection" time="30.011">
      <failure>Error: thrown: &quot;Exceeded timeout of 30000 ms for a test.
Add a timeout value to this test to increase the timeout, if this is a long-running test. See https://jestjs.io/docs/api#testname-fn-timeout.&quot;
    at C:\Users\Cheem\OneDrive\Coding\clipsCommerce - Copy\src\__tests__\payment-flow.test.tsx:176:5
    at _dispatchDescribe (C:\Users\Cheem\OneDrive\Coding\clipsCommerce - Copy\node_modules\jest-circus\build\index.js:91:26)
    at describe (C:\Users\Cheem\OneDrive\Coding\clipsCommerce - Copy\node_modules\jest-circus\build\index.js:55:5)
    at C:\Users\Cheem\OneDrive\Coding\clipsCommerce - Copy\src\__tests__\payment-flow.test.tsx:139:3
    at _dispatchDescribe (C:\Users\Cheem\OneDrive\Coding\clipsCommerce - Copy\node_modules\jest-circus\build\index.js:91:26)
    at describe (C:\Users\Cheem\OneDrive\Coding\clipsCommerce - Copy\node_modules\jest-circus\build\index.js:55:5)
    at Object.&lt;anonymous&gt; (C:\Users\Cheem\OneDrive\Coding\clipsCommerce - Copy\src\__tests__\payment-flow.test.tsx:55:1)
    at Runtime._execModule (C:\Users\Cheem\OneDrive\Coding\clipsCommerce - Copy\node_modules\jest-runtime\build\index.js:1439:24)
    at Runtime._loadModule (C:\Users\Cheem\OneDrive\Coding\clipsCommerce - Copy\node_modules\jest-runtime\build\index.js:1022:12)
    at Runtime.requireModule (C:\Users\Cheem\OneDrive\Coding\clipsCommerce - Copy\node_modules\jest-runtime\build\index.js:882:12)
    at jestAdapter (C:\Users\Cheem\OneDrive\Coding\clipsCommerce - Copy\node_modules\jest-circus\build\legacy-code-todo-rewrite\jestAdapter.js:77:13)
    at processTicksAndRejections (node:internal/process/task_queues:105:5)
    at runTestInternal (C:\Users\Cheem\OneDrive\Coding\clipsCommerce - Copy\node_modules\jest-runner\build\runTest.js:367:16)
    at runTest (C:\Users\Cheem\OneDrive\Coding\clipsCommerce - Copy\node_modules\jest-runner\build\runTest.js:444:34)
    at Object.worker (C:\Users\Cheem\OneDrive\Coding\clipsCommerce - Copy\node_modules\jest-runner\build\testWorker.js:106:12)</failure>
    </testcase>
    <testcase classname="Payment Flow Tests PricingSection Component should handle Team monthly plan selection and navigate to dashboard" name="Payment Flow Tests PricingSection Component should handle Team monthly plan selection and navigate to dashboard" time="30.018">
      <failure>Error: thrown: &quot;Exceeded timeout of 30000 ms for a test.
Add a timeout value to this test to increase the timeout, if this is a long-running test. See https://jestjs.io/docs/api#testname-fn-timeout.&quot;
    at C:\Users\Cheem\OneDrive\Coding\clipsCommerce - Copy\src\__tests__\payment-flow.test.tsx:188:5
    at _dispatchDescribe (C:\Users\Cheem\OneDrive\Coding\clipsCommerce - Copy\node_modules\jest-circus\build\index.js:91:26)
    at describe (C:\Users\Cheem\OneDrive\Coding\clipsCommerce - Copy\node_modules\jest-circus\build\index.js:55:5)
    at C:\Users\Cheem\OneDrive\Coding\clipsCommerce - Copy\src\__tests__\payment-flow.test.tsx:139:3
    at _dispatchDescribe (C:\Users\Cheem\OneDrive\Coding\clipsCommerce - Copy\node_modules\jest-circus\build\index.js:91:26)
    at describe (C:\Users\Cheem\OneDrive\Coding\clipsCommerce - Copy\node_modules\jest-circus\build\index.js:55:5)
    at Object.&lt;anonymous&gt; (C:\Users\Cheem\OneDrive\Coding\clipsCommerce - Copy\src\__tests__\payment-flow.test.tsx:55:1)
    at Runtime._execModule (C:\Users\Cheem\OneDrive\Coding\clipsCommerce - Copy\node_modules\jest-runtime\build\index.js:1439:24)
    at Runtime._loadModule (C:\Users\Cheem\OneDrive\Coding\clipsCommerce - Copy\node_modules\jest-runtime\build\index.js:1022:12)
    at Runtime.requireModule (C:\Users\Cheem\OneDrive\Coding\clipsCommerce - Copy\node_modules\jest-runtime\build\index.js:882:12)
    at jestAdapter (C:\Users\Cheem\OneDrive\Coding\clipsCommerce - Copy\node_modules\jest-circus\build\legacy-code-todo-rewrite\jestAdapter.js:77:13)
    at processTicksAndRejections (node:internal/process/task_queues:105:5)
    at runTestInternal (C:\Users\Cheem\OneDrive\Coding\clipsCommerce - Copy\node_modules\jest-runner\build\runTest.js:367:16)
    at runTest (C:\Users\Cheem\OneDrive\Coding\clipsCommerce - Copy\node_modules\jest-runner\build\runTest.js:444:34)
    at Object.worker (C:\Users\Cheem\OneDrive\Coding\clipsCommerce - Copy\node_modules\jest-runner\build\testWorker.js:106:12)</failure>
    </testcase>
    <testcase classname="Payment Flow Tests PricingSection Component should handle Team yearly plan selection and navigate to dashboard" name="Payment Flow Tests PricingSection Component should handle Team yearly plan selection and navigate to dashboard" time="30.013">
      <failure>Error: thrown: &quot;Exceeded timeout of 30000 ms for a test.
Add a timeout value to this test to increase the timeout, if this is a long-running test. See https://jestjs.io/docs/api#testname-fn-timeout.&quot;
    at C:\Users\Cheem\OneDrive\Coding\clipsCommerce - Copy\src\__tests__\payment-flow.test.tsx:207:5
    at _dispatchDescribe (C:\Users\Cheem\OneDrive\Coding\clipsCommerce - Copy\node_modules\jest-circus\build\index.js:91:26)
    at describe (C:\Users\Cheem\OneDrive\Coding\clipsCommerce - Copy\node_modules\jest-circus\build\index.js:55:5)
    at C:\Users\Cheem\OneDrive\Coding\clipsCommerce - Copy\src\__tests__\payment-flow.test.tsx:139:3
    at _dispatchDescribe (C:\Users\Cheem\OneDrive\Coding\clipsCommerce - Copy\node_modules\jest-circus\build\index.js:91:26)
    at describe (C:\Users\Cheem\OneDrive\Coding\clipsCommerce - Copy\node_modules\jest-circus\build\index.js:55:5)
    at Object.&lt;anonymous&gt; (C:\Users\Cheem\OneDrive\Coding\clipsCommerce - Copy\src\__tests__\payment-flow.test.tsx:55:1)
    at Runtime._execModule (C:\Users\Cheem\OneDrive\Coding\clipsCommerce - Copy\node_modules\jest-runtime\build\index.js:1439:24)
    at Runtime._loadModule (C:\Users\Cheem\OneDrive\Coding\clipsCommerce - Copy\node_modules\jest-runtime\build\index.js:1022:12)
    at Runtime.requireModule (C:\Users\Cheem\OneDrive\Coding\clipsCommerce - Copy\node_modules\jest-runtime\build\index.js:882:12)
    at jestAdapter (C:\Users\Cheem\OneDrive\Coding\clipsCommerce - Copy\node_modules\jest-circus\build\legacy-code-todo-rewrite\jestAdapter.js:77:13)
    at processTicksAndRejections (node:internal/process/task_queues:105:5)
    at runTestInternal (C:\Users\Cheem\OneDrive\Coding\clipsCommerce - Copy\node_modules\jest-runner\build\runTest.js:367:16)
    at runTest (C:\Users\Cheem\OneDrive\Coding\clipsCommerce - Copy\node_modules\jest-runner\build\runTest.js:444:34)
    at Object.worker (C:\Users\Cheem\OneDrive\Coding\clipsCommerce - Copy\node_modules\jest-runner\build\testWorker.js:106:12)</failure>
    </testcase>
    <testcase classname="Payment Flow Tests SubscriptionComponent should render all subscription plans" name="Payment Flow Tests SubscriptionComponent should render all subscription plans" time="0.186">
    </testcase>
    <testcase classname="Payment Flow Tests SubscriptionComponent should handle Pro monthly plan selection" name="Payment Flow Tests SubscriptionComponent should handle Pro monthly plan selection" time="30.014">
      <failure>Error: thrown: &quot;Exceeded timeout of 30000 ms for a test.
Add a timeout value to this test to increase the timeout, if this is a long-running test. See https://jestjs.io/docs/api#testname-fn-timeout.&quot;
    at C:\Users\Cheem\OneDrive\Coding\clipsCommerce - Copy\src\__tests__\payment-flow.test.tsx:241:5
    at _dispatchDescribe (C:\Users\Cheem\OneDrive\Coding\clipsCommerce - Copy\node_modules\jest-circus\build\index.js:91:26)
    at describe (C:\Users\Cheem\OneDrive\Coding\clipsCommerce - Copy\node_modules\jest-circus\build\index.js:55:5)
    at C:\Users\Cheem\OneDrive\Coding\clipsCommerce - Copy\src\__tests__\payment-flow.test.tsx:222:3
    at _dispatchDescribe (C:\Users\Cheem\OneDrive\Coding\clipsCommerce - Copy\node_modules\jest-circus\build\index.js:91:26)
    at describe (C:\Users\Cheem\OneDrive\Coding\clipsCommerce - Copy\node_modules\jest-circus\build\index.js:55:5)
    at Object.&lt;anonymous&gt; (C:\Users\Cheem\OneDrive\Coding\clipsCommerce - Copy\src\__tests__\payment-flow.test.tsx:55:1)
    at Runtime._execModule (C:\Users\Cheem\OneDrive\Coding\clipsCommerce - Copy\node_modules\jest-runtime\build\index.js:1439:24)
    at Runtime._loadModule (C:\Users\Cheem\OneDrive\Coding\clipsCommerce - Copy\node_modules\jest-runtime\build\index.js:1022:12)
    at Runtime.requireModule (C:\Users\Cheem\OneDrive\Coding\clipsCommerce - Copy\node_modules\jest-runtime\build\index.js:882:12)
    at jestAdapter (C:\Users\Cheem\OneDrive\Coding\clipsCommerce - Copy\node_modules\jest-circus\build\legacy-code-todo-rewrite\jestAdapter.js:77:13)
    at processTicksAndRejections (node:internal/process/task_queues:105:5)
    at runTestInternal (C:\Users\Cheem\OneDrive\Coding\clipsCommerce - Copy\node_modules\jest-runner\build\runTest.js:367:16)
    at runTest (C:\Users\Cheem\OneDrive\Coding\clipsCommerce - Copy\node_modules\jest-runner\build\runTest.js:444:34)
    at Object.worker (C:\Users\Cheem\OneDrive\Coding\clipsCommerce - Copy\node_modules\jest-runner\build\testWorker.js:106:12)</failure>
    </testcase>
    <testcase classname="Payment Flow Tests SubscriptionComponent should handle Pro yearly plan selection" name="Payment Flow Tests SubscriptionComponent should handle Pro yearly plan selection" time="30.022">
      <failure>Error: thrown: &quot;Exceeded timeout of 30000 ms for a test.
Add a timeout value to this test to increase the timeout, if this is a long-running test. See https://jestjs.io/docs/api#testname-fn-timeout.&quot;
    at C:\Users\Cheem\OneDrive\Coding\clipsCommerce - Copy\src\__tests__\payment-flow.test.tsx:262:5
    at _dispatchDescribe (C:\Users\Cheem\OneDrive\Coding\clipsCommerce - Copy\node_modules\jest-circus\build\index.js:91:26)
    at describe (C:\Users\Cheem\OneDrive\Coding\clipsCommerce - Copy\node_modules\jest-circus\build\index.js:55:5)
    at C:\Users\Cheem\OneDrive\Coding\clipsCommerce - Copy\src\__tests__\payment-flow.test.tsx:222:3
    at _dispatchDescribe (C:\Users\Cheem\OneDrive\Coding\clipsCommerce - Copy\node_modules\jest-circus\build\index.js:91:26)
    at describe (C:\Users\Cheem\OneDrive\Coding\clipsCommerce - Copy\node_modules\jest-circus\build\index.js:55:5)
    at Object.&lt;anonymous&gt; (C:\Users\Cheem\OneDrive\Coding\clipsCommerce - Copy\src\__tests__\payment-flow.test.tsx:55:1)
    at Runtime._execModule (C:\Users\Cheem\OneDrive\Coding\clipsCommerce - Copy\node_modules\jest-runtime\build\index.js:1439:24)
    at Runtime._loadModule (C:\Users\Cheem\OneDrive\Coding\clipsCommerce - Copy\node_modules\jest-runtime\build\index.js:1022:12)
    at Runtime.requireModule (C:\Users\Cheem\OneDrive\Coding\clipsCommerce - Copy\node_modules\jest-runtime\build\index.js:882:12)
    at jestAdapter (C:\Users\Cheem\OneDrive\Coding\clipsCommerce - Copy\node_modules\jest-circus\build\legacy-code-todo-rewrite\jestAdapter.js:77:13)
    at processTicksAndRejections (node:internal/process/task_queues:105:5)
    at runTestInternal (C:\Users\Cheem\OneDrive\Coding\clipsCommerce - Copy\node_modules\jest-runner\build\runTest.js:367:16)
    at runTest (C:\Users\Cheem\OneDrive\Coding\clipsCommerce - Copy\node_modules\jest-runner\build\runTest.js:444:34)
    at Object.worker (C:\Users\Cheem\OneDrive\Coding\clipsCommerce - Copy\node_modules\jest-runner\build\testWorker.js:106:12)</failure>
    </testcase>
    <testcase classname="Payment Flow Tests SubscriptionComponent should handle Team monthly plan selection" name="Payment Flow Tests SubscriptionComponent should handle Team monthly plan selection" time="30.006">
      <failure>Error: thrown: &quot;Exceeded timeout of 30000 ms for a test.
Add a timeout value to this test to increase the timeout, if this is a long-running test. See https://jestjs.io/docs/api#testname-fn-timeout.&quot;
    at C:\Users\Cheem\OneDrive\Coding\clipsCommerce - Copy\src\__tests__\payment-flow.test.tsx:278:5
    at _dispatchDescribe (C:\Users\Cheem\OneDrive\Coding\clipsCommerce - Copy\node_modules\jest-circus\build\index.js:91:26)
    at describe (C:\Users\Cheem\OneDrive\Coding\clipsCommerce - Copy\node_modules\jest-circus\build\index.js:55:5)
    at C:\Users\Cheem\OneDrive\Coding\clipsCommerce - Copy\src\__tests__\payment-flow.test.tsx:222:3
    at _dispatchDescribe (C:\Users\Cheem\OneDrive\Coding\clipsCommerce - Copy\node_modules\jest-circus\build\index.js:91:26)
    at describe (C:\Users\Cheem\OneDrive\Coding\clipsCommerce - Copy\node_modules\jest-circus\build\index.js:55:5)
    at Object.&lt;anonymous&gt; (C:\Users\Cheem\OneDrive\Coding\clipsCommerce - Copy\src\__tests__\payment-flow.test.tsx:55:1)
    at Runtime._execModule (C:\Users\Cheem\OneDrive\Coding\clipsCommerce - Copy\node_modules\jest-runtime\build\index.js:1439:24)
    at Runtime._loadModule (C:\Users\Cheem\OneDrive\Coding\clipsCommerce - Copy\node_modules\jest-runtime\build\index.js:1022:12)
    at Runtime.requireModule (C:\Users\Cheem\OneDrive\Coding\clipsCommerce - Copy\node_modules\jest-runtime\build\index.js:882:12)
    at jestAdapter (C:\Users\Cheem\OneDrive\Coding\clipsCommerce - Copy\node_modules\jest-circus\build\legacy-code-todo-rewrite\jestAdapter.js:77:13)
    at processTicksAndRejections (node:internal/process/task_queues:105:5)
    at runTestInternal (C:\Users\Cheem\OneDrive\Coding\clipsCommerce - Copy\node_modules\jest-runner\build\runTest.js:367:16)
    at runTest (C:\Users\Cheem\OneDrive\Coding\clipsCommerce - Copy\node_modules\jest-runner\build\runTest.js:444:34)
    at Object.worker (C:\Users\Cheem\OneDrive\Coding\clipsCommerce - Copy\node_modules\jest-runner\build\testWorker.js:106:12)</failure>
    </testcase>
    <testcase classname="Payment Flow Tests SubscriptionComponent should handle Team yearly plan selection" name="Payment Flow Tests SubscriptionComponent should handle Team yearly plan selection" time="30.021">
      <failure>Error: thrown: &quot;Exceeded timeout of 30000 ms for a test.
Add a timeout value to this test to increase the timeout, if this is a long-running test. See https://jestjs.io/docs/api#testname-fn-timeout.&quot;
    at C:\Users\Cheem\OneDrive\Coding\clipsCommerce - Copy\src\__tests__\payment-flow.test.tsx:302:5
    at _dispatchDescribe (C:\Users\Cheem\OneDrive\Coding\clipsCommerce - Copy\node_modules\jest-circus\build\index.js:91:26)
    at describe (C:\Users\Cheem\OneDrive\Coding\clipsCommerce - Copy\node_modules\jest-circus\build\index.js:55:5)
    at C:\Users\Cheem\OneDrive\Coding\clipsCommerce - Copy\src\__tests__\payment-flow.test.tsx:222:3
    at _dispatchDescribe (C:\Users\Cheem\OneDrive\Coding\clipsCommerce - Copy\node_modules\jest-circus\build\index.js:91:26)
    at describe (C:\Users\Cheem\OneDrive\Coding\clipsCommerce - Copy\node_modules\jest-circus\build\index.js:55:5)
    at Object.&lt;anonymous&gt; (C:\Users\Cheem\OneDrive\Coding\clipsCommerce - Copy\src\__tests__\payment-flow.test.tsx:55:1)
    at Runtime._execModule (C:\Users\Cheem\OneDrive\Coding\clipsCommerce - Copy\node_modules\jest-runtime\build\index.js:1439:24)
    at Runtime._loadModule (C:\Users\Cheem\OneDrive\Coding\clipsCommerce - Copy\node_modules\jest-runtime\build\index.js:1022:12)
    at Runtime.requireModule (C:\Users\Cheem\OneDrive\Coding\clipsCommerce - Copy\node_modules\jest-runtime\build\index.js:882:12)
    at jestAdapter (C:\Users\Cheem\OneDrive\Coding\clipsCommerce - Copy\node_modules\jest-circus\build\legacy-code-todo-rewrite\jestAdapter.js:77:13)
    at processTicksAndRejections (node:internal/process/task_queues:105:5)
    at runTestInternal (C:\Users\Cheem\OneDrive\Coding\clipsCommerce - Copy\node_modules\jest-runner\build\runTest.js:367:16)
    at runTest (C:\Users\Cheem\OneDrive\Coding\clipsCommerce - Copy\node_modules\jest-runner\build\runTest.js:444:34)
    at Object.worker (C:\Users\Cheem\OneDrive\Coding\clipsCommerce - Copy\node_modules\jest-runner\build\testWorker.js:106:12)</failure>
    </testcase>
    <testcase classname="Payment Flow Tests SubscriptionComponent should handle localStorage errors gracefully" name="Payment Flow Tests SubscriptionComponent should handle localStorage errors gracefully" time="30.008">
      <failure>Error: thrown: &quot;Exceeded timeout of 30000 ms for a test.
Add a timeout value to this test to increase the timeout, if this is a long-running test. See https://jestjs.io/docs/api#testname-fn-timeout.&quot;
    at C:\Users\Cheem\OneDrive\Coding\clipsCommerce - Copy\src\__tests__\payment-flow.test.tsx:321:5
    at _dispatchDescribe (C:\Users\Cheem\OneDrive\Coding\clipsCommerce - Copy\node_modules\jest-circus\build\index.js:91:26)
    at describe (C:\Users\Cheem\OneDrive\Coding\clipsCommerce - Copy\node_modules\jest-circus\build\index.js:55:5)
    at C:\Users\Cheem\OneDrive\Coding\clipsCommerce - Copy\src\__tests__\payment-flow.test.tsx:222:3
    at _dispatchDescribe (C:\Users\Cheem\OneDrive\Coding\clipsCommerce - Copy\node_modules\jest-circus\build\index.js:91:26)
    at describe (C:\Users\Cheem\OneDrive\Coding\clipsCommerce - Copy\node_modules\jest-circus\build\index.js:55:5)
    at Object.&lt;anonymous&gt; (C:\Users\Cheem\OneDrive\Coding\clipsCommerce - Copy\src\__tests__\payment-flow.test.tsx:55:1)
    at Runtime._execModule (C:\Users\Cheem\OneDrive\Coding\clipsCommerce - Copy\node_modules\jest-runtime\build\index.js:1439:24)
    at Runtime._loadModule (C:\Users\Cheem\OneDrive\Coding\clipsCommerce - Copy\node_modules\jest-runtime\build\index.js:1022:12)
    at Runtime.requireModule (C:\Users\Cheem\OneDrive\Coding\clipsCommerce - Copy\node_modules\jest-runtime\build\index.js:882:12)
    at jestAdapter (C:\Users\Cheem\OneDrive\Coding\clipsCommerce - Copy\node_modules\jest-circus\build\legacy-code-todo-rewrite\jestAdapter.js:77:13)
    at processTicksAndRejections (node:internal/process/task_queues:105:5)
    at runTestInternal (C:\Users\Cheem\OneDrive\Coding\clipsCommerce - Copy\node_modules\jest-runner\build\runTest.js:367:16)
    at runTest (C:\Users\Cheem\OneDrive\Coding\clipsCommerce - Copy\node_modules\jest-runner\build\runTest.js:444:34)
    at Object.worker (C:\Users\Cheem\OneDrive\Coding\clipsCommerce - Copy\node_modules\jest-runner\build\testWorker.js:106:12)</failure>
    </testcase>
    <testcase classname="Payment Flow Tests SubscriptionComponent should handle window.open errors gracefully" name="Payment Flow Tests SubscriptionComponent should handle window.open errors gracefully" time="30.008">
      <failure>Error: thrown: &quot;Exceeded timeout of 30000 ms for a test.
Add a timeout value to this test to increase the timeout, if this is a long-running test. See https://jestjs.io/docs/api#testname-fn-timeout.&quot;
    at C:\Users\Cheem\OneDrive\Coding\clipsCommerce - Copy\src\__tests__\payment-flow.test.tsx:340:5
    at _dispatchDescribe (C:\Users\Cheem\OneDrive\Coding\clipsCommerce - Copy\node_modules\jest-circus\build\index.js:91:26)
    at describe (C:\Users\Cheem\OneDrive\Coding\clipsCommerce - Copy\node_modules\jest-circus\build\index.js:55:5)
    at C:\Users\Cheem\OneDrive\Coding\clipsCommerce - Copy\src\__tests__\payment-flow.test.tsx:222:3
    at _dispatchDescribe (C:\Users\Cheem\OneDrive\Coding\clipsCommerce - Copy\node_modules\jest-circus\build\index.js:91:26)
    at describe (C:\Users\Cheem\OneDrive\Coding\clipsCommerce - Copy\node_modules\jest-circus\build\index.js:55:5)
    at Object.&lt;anonymous&gt; (C:\Users\Cheem\OneDrive\Coding\clipsCommerce - Copy\src\__tests__\payment-flow.test.tsx:55:1)
    at Runtime._execModule (C:\Users\Cheem\OneDrive\Coding\clipsCommerce - Copy\node_modules\jest-runtime\build\index.js:1439:24)
    at Runtime._loadModule (C:\Users\Cheem\OneDrive\Coding\clipsCommerce - Copy\node_modules\jest-runtime\build\index.js:1022:12)
    at Runtime.requireModule (C:\Users\Cheem\OneDrive\Coding\clipsCommerce - Copy\node_modules\jest-runtime\build\index.js:882:12)
    at jestAdapter (C:\Users\Cheem\OneDrive\Coding\clipsCommerce - Copy\node_modules\jest-circus\build\legacy-code-todo-rewrite\jestAdapter.js:77:13)
    at processTicksAndRejections (node:internal/process/task_queues:105:5)
    at runTestInternal (C:\Users\Cheem\OneDrive\Coding\clipsCommerce - Copy\node_modules\jest-runner\build\runTest.js:367:16)
    at runTest (C:\Users\Cheem\OneDrive\Coding\clipsCommerce - Copy\node_modules\jest-runner\build\runTest.js:444:34)
    at Object.worker (C:\Users\Cheem\OneDrive\Coding\clipsCommerce - Copy\node_modules\jest-runner\build\testWorker.js:106:12)</failure>
    </testcase>
    <testcase classname="Payment Flow Tests PaymentSuccessPage Component should render PaymentSuccessPage and redirect to team dashboard if redirect is set" name="Payment Flow Tests PaymentSuccessPage Component should render PaymentSuccessPage and redirect to team dashboard if redirect is set" time="0.029">
    </testcase>
    <testcase classname="Payment Flow Tests PaymentSuccessPage Component should render PaymentSuccessPage and redirect to /dashboard if no redirect is set" name="Payment Flow Tests PaymentSuccessPage Component should render PaymentSuccessPage and redirect to /dashboard if no redirect is set" time="0.082">
    </testcase>
    <testcase classname="Payment Flow Tests PaymentSuccessPage Component should redirect to dashboard immediately on button click" name="Payment Flow Tests PaymentSuccessPage Component should redirect to dashboard immediately on button click" time="30.073">
      <failure>Error: thrown: &quot;Exceeded timeout of 30000 ms for a test.
Add a timeout value to this test to increase the timeout, if this is a long-running test. See https://jestjs.io/docs/api#testname-fn-timeout.&quot;
    at C:\Users\Cheem\OneDrive\Coding\clipsCommerce - Copy\src\__tests__\payment-flow.test.tsx:403:5
    at _dispatchDescribe (C:\Users\Cheem\OneDrive\Coding\clipsCommerce - Copy\node_modules\jest-circus\build\index.js:91:26)
    at describe (C:\Users\Cheem\OneDrive\Coding\clipsCommerce - Copy\node_modules\jest-circus\build\index.js:55:5)
    at C:\Users\Cheem\OneDrive\Coding\clipsCommerce - Copy\src\__tests__\payment-flow.test.tsx:360:3
    at _dispatchDescribe (C:\Users\Cheem\OneDrive\Coding\clipsCommerce - Copy\node_modules\jest-circus\build\index.js:91:26)
    at describe (C:\Users\Cheem\OneDrive\Coding\clipsCommerce - Copy\node_modules\jest-circus\build\index.js:55:5)
    at Object.&lt;anonymous&gt; (C:\Users\Cheem\OneDrive\Coding\clipsCommerce - Copy\src\__tests__\payment-flow.test.tsx:55:1)
    at Runtime._execModule (C:\Users\Cheem\OneDrive\Coding\clipsCommerce - Copy\node_modules\jest-runtime\build\index.js:1439:24)
    at Runtime._loadModule (C:\Users\Cheem\OneDrive\Coding\clipsCommerce - Copy\node_modules\jest-runtime\build\index.js:1022:12)
    at Runtime.requireModule (C:\Users\Cheem\OneDrive\Coding\clipsCommerce - Copy\node_modules\jest-runtime\build\index.js:882:12)
    at jestAdapter (C:\Users\Cheem\OneDrive\Coding\clipsCommerce - Copy\node_modules\jest-circus\build\legacy-code-todo-rewrite\jestAdapter.js:77:13)
    at processTicksAndRejections (node:internal/process/task_queues:105:5)
    at runTestInternal (C:\Users\Cheem\OneDrive\Coding\clipsCommerce - Copy\node_modules\jest-runner\build\runTest.js:367:16)
    at runTest (C:\Users\Cheem\OneDrive\Coding\clipsCommerce - Copy\node_modules\jest-runner\build\runTest.js:444:34)
    at Object.worker (C:\Users\Cheem\OneDrive\Coding\clipsCommerce - Copy\node_modules\jest-runner\build\testWorker.js:106:12)</failure>
    </testcase>
    <testcase classname="Payment Flow Tests PaymentSuccessPage Component should render PaymentSuccessPage and handle redirection to a custom path" name="Payment Flow Tests PaymentSuccessPage Component should render PaymentSuccessPage and handle redirection to a custom path" time="30.051">
      <failure>Error: thrown: &quot;Exceeded timeout of 30000 ms for a test.
Add a timeout value to this test to increase the timeout, if this is a long-running test. See https://jestjs.io/docs/api#testname-fn-timeout.&quot;
    at C:\Users\Cheem\OneDrive\Coding\clipsCommerce - Copy\src\__tests__\payment-flow.test.tsx:417:5
    at _dispatchDescribe (C:\Users\Cheem\OneDrive\Coding\clipsCommerce - Copy\node_modules\jest-circus\build\index.js:91:26)
    at describe (C:\Users\Cheem\OneDrive\Coding\clipsCommerce - Copy\node_modules\jest-circus\build\index.js:55:5)
    at C:\Users\Cheem\OneDrive\Coding\clipsCommerce - Copy\src\__tests__\payment-flow.test.tsx:360:3
    at _dispatchDescribe (C:\Users\Cheem\OneDrive\Coding\clipsCommerce - Copy\node_modules\jest-circus\build\index.js:91:26)
    at describe (C:\Users\Cheem\OneDrive\Coding\clipsCommerce - Copy\node_modules\jest-circus\build\index.js:55:5)
    at Object.&lt;anonymous&gt; (C:\Users\Cheem\OneDrive\Coding\clipsCommerce - Copy\src\__tests__\payment-flow.test.tsx:55:1)
    at Runtime._execModule (C:\Users\Cheem\OneDrive\Coding\clipsCommerce - Copy\node_modules\jest-runtime\build\index.js:1439:24)
    at Runtime._loadModule (C:\Users\Cheem\OneDrive\Coding\clipsCommerce - Copy\node_modules\jest-runtime\build\index.js:1022:12)
    at Runtime.requireModule (C:\Users\Cheem\OneDrive\Coding\clipsCommerce - Copy\node_modules\jest-runtime\build\index.js:882:12)
    at jestAdapter (C:\Users\Cheem\OneDrive\Coding\clipsCommerce - Copy\node_modules\jest-circus\build\legacy-code-todo-rewrite\jestAdapter.js:77:13)
    at processTicksAndRejections (node:internal/process/task_queues:105:5)
    at runTestInternal (C:\Users\Cheem\OneDrive\Coding\clipsCommerce - Copy\node_modules\jest-runner\build\runTest.js:367:16)
    at runTest (C:\Users\Cheem\OneDrive\Coding\clipsCommerce - Copy\node_modules\jest-runner\build\runTest.js:444:34)
    at Object.worker (C:\Users\Cheem\OneDrive\Coding\clipsCommerce - Copy\node_modules\jest-runner\build\testWorker.js:106:12)</failure>
    </testcase>
  </testsuite>
</testsuites>