<?xml version="1.0" encoding="UTF-8"?>
<testsuites name="jest tests" tests="433" failures="89" errors="0" time="75.659">
  <testsuite name="ReportsAnalysisService" errors="0" failures="2" skipped="0" timestamp="2025-06-14T11:58:47" time="8.47" tests="2">
    <testcase classname="ReportsAnalysisService returns HTML report with chart and summary" name="ReportsAnalysisService returns HTML report with chart and summary" time="2.19">
      <failure>ProviderApiError: Failed to perform inference: Invalid credentials in Authorization header
    at innerRequest (C:\Users\Cheem\OneDrive\Coding\clipsCommerce\node_modules\@huggingface\inference\dist\commonjs\utils\request.js:39:23)
    at processTicksAndRejections (node:internal/process/task_queues:105:5)
    at summarization (C:\Users\Cheem\OneDrive\Coding\clipsCommerce\node_modules\@huggingface\inference\dist\commonjs\tasks\nlp\summarization.js:13:27)
    at TextSummaryEngine.summarizeText (C:\Users\Cheem\OneDrive\Coding\clipsCommerce\src\app\workflows\reports\TextSummaryEngine.ts:23:20)
    at ReportsAnalysisService.getFullReport (C:\Users\Cheem\OneDrive\Coding\clipsCommerce\src\app\workflows\reports\ReportsAnalysisService.ts:108:21)
    at Object.&lt;anonymous&gt; (C:\Users\Cheem\OneDrive\Coding\clipsCommerce\src\app\workflows\reports\__tests__\ReportsAnalysisService.test.ts:22:20)</failure>
    </testcase>
    <testcase classname="ReportsAnalysisService returns JSON report with e-commerce metrics and summary" name="ReportsAnalysisService returns JSON report with e-commerce metrics and summary" time="0.723">
      <failure>ProviderApiError: Failed to perform inference: Invalid credentials in Authorization header
    at innerRequest (C:\Users\Cheem\OneDrive\Coding\clipsCommerce\node_modules\@huggingface\inference\dist\commonjs\utils\request.js:39:23)
    at processTicksAndRejections (node:internal/process/task_queues:105:5)
    at summarization (C:\Users\Cheem\OneDrive\Coding\clipsCommerce\node_modules\@huggingface\inference\dist\commonjs\tasks\nlp\summarization.js:13:27)
    at TextSummaryEngine.summarizeText (C:\Users\Cheem\OneDrive\Coding\clipsCommerce\src\app\workflows\reports\TextSummaryEngine.ts:23:20)
    at ReportsAnalysisService.getFullReport (C:\Users\Cheem\OneDrive\Coding\clipsCommerce\src\app\workflows\reports\ReportsAnalysisService.ts:108:21)
    at Object.&lt;anonymous&gt; (C:\Users\Cheem\OneDrive\Coding\clipsCommerce\src\app\workflows\reports\__tests__\ReportsAnalysisService.test.ts:30:20)</failure>
    </testcase>
  </testsuite>
  <testsuite name="EnhancedTextAnalyzer" errors="0" failures="5" skipped="0" timestamp="2025-06-14T11:58:47" time="9.109" tests="8">
    <testcase classname="EnhancedTextAnalyzer summarizeContent generates a summary using local model" name="EnhancedTextAnalyzer summarizeContent generates a summary using local model" time="0.084">
      <failure>Error: expect(jest.fn()).toHaveBeenCalledWith(...expected)

Expected: &quot;This is a test text for summarization.&quot;

Number of calls: 0
    at Object.&lt;anonymous&gt; (C:\Users\Cheem\OneDrive\Coding\clipsCommerce\src\lib\ai\__tests__\unit\enhancedTextAnalyzer.test.ts:134:34)
    at processTicksAndRejections (node:internal/process/task_queues:105:5)</failure>
    </testcase>
    <testcase classname="EnhancedTextAnalyzer summarizeContent generates a summary using OpenAI when local model is disabled" name="EnhancedTextAnalyzer summarizeContent generates a summary using OpenAI when local model is disabled" time="0.127">
    </testcase>
    <testcase classname="EnhancedTextAnalyzer summarizeContent handles empty input" name="EnhancedTextAnalyzer summarizeContent handles empty input" time="0.036">
    </testcase>
    <testcase classname="EnhancedTextAnalyzer summarizeContent falls back to local model when OpenAI fails" name="EnhancedTextAnalyzer summarizeContent falls back to local model when OpenAI fails" time="1.922">
      <failure>Error: expect(jest.fn()).toHaveBeenCalledWith(...expected)

Expected: &quot;OpenAI summarization failed, falling back to local model&quot;, [Error: OpenAI API error]

Number of calls: 0
    at Object.&lt;anonymous&gt; (C:\Users\Cheem\OneDrive\Coding\clipsCommerce\src\lib\ai\__tests__\unit\enhancedTextAnalyzer.test.ts:208:28)</failure>
    </testcase>
    <testcase classname="EnhancedTextAnalyzer Batch Processing processes multiple texts in batch" name="EnhancedTextAnalyzer Batch Processing processes multiple texts in batch" time="0.018">
      <failure>Error: expect(received).toMatchObject(expected)

- Expected  - 3
+ Received  + 8

  Object {
    &quot;content&quot;: &quot;First test text for batch processing&quot;,
-   &quot;summary&quot;: ObjectContaining {
-     &quot;sentiment&quot;: StringMatching /^(positive|negative|neutral)$/,
-     &quot;shortSummary&quot;: StringContaining &quot;Summary 1&quot;,
+   &quot;summary&quot;: Object {
+     &quot;detailedSummary&quot;: &quot;First test text for batch processing&quot;,
+     &quot;keyPoints&quot;: Array [
+       &quot;First test text for batch processing&quot;,
+     ],
+     &quot;processingTimeMs&quot;: 0,
+     &quot;sentiment&quot;: &quot;neutral&quot;,
+     &quot;shortSummary&quot;: &quot;First test text for batch processing&quot;,
      &quot;source&quot;: &quot;local&quot;,
    },
  }
    at C:\Users\Cheem\OneDrive\Coding\clipsCommerce\src\lib\ai\__tests__\unit\enhancedTextAnalyzer.test.ts:274:24
    at Array.forEach (&lt;anonymous&gt;)
    at Object.&lt;anonymous&gt; (C:\Users\Cheem\OneDrive\Coding\clipsCommerce\src\lib\ai\__tests__\unit\enhancedTextAnalyzer.test.ts:273:26)</failure>
    </testcase>
    <testcase classname="EnhancedTextAnalyzer Batch Processing handles empty input" name="EnhancedTextAnalyzer Batch Processing handles empty input" time="0.002">
    </testcase>
    <testcase classname="EnhancedTextAnalyzer Error Handling throws error when both local and OpenAI models fail" name="EnhancedTextAnalyzer Error Handling throws error when both local and OpenAI models fail" time="1.661">
      <failure>Error: expect(received).rejects.toThrow()

Received promise resolved instead of rejected
Resolved to value: {&quot;detailedSummary&quot;: &quot;Test failure&quot;, &quot;keyPoints&quot;: [&quot;Test failure&quot;], &quot;processingTimeMs&quot;: 0, &quot;sentiment&quot;: &quot;neutral&quot;, &quot;shortSummary&quot;: &quot;[Error] Test failure&quot;, &quot;source&quot;: &quot;local&quot;}
    at expect (C:\Users\Cheem\OneDrive\Coding\clipsCommerce\node_modules\expect\build\index.js:113:15)
    at Object.&lt;anonymous&gt; (C:\Users\Cheem\OneDrive\Coding\clipsCommerce\src\lib\ai\__tests__\unit\enhancedTextAnalyzer.test.ts:310:13)
    at Promise.then.completed (C:\Users\Cheem\OneDrive\Coding\clipsCommerce\node_modules\jest-circus\build\utils.js:298:28)
    at new Promise (&lt;anonymous&gt;)
    at callAsyncCircusFn (C:\Users\Cheem\OneDrive\Coding\clipsCommerce\node_modules\jest-circus\build\utils.js:231:10)
    at _callCircusTest (C:\Users\Cheem\OneDrive\Coding\clipsCommerce\node_modules\jest-circus\build\run.js:316:40)
    at _runTest (C:\Users\Cheem\OneDrive\Coding\clipsCommerce\node_modules\jest-circus\build\run.js:252:3)
    at _runTestsForDescribeBlock (C:\Users\Cheem\OneDrive\Coding\clipsCommerce\node_modules\jest-circus\build\run.js:126:9)
    at _runTestsForDescribeBlock (C:\Users\Cheem\OneDrive\Coding\clipsCommerce\node_modules\jest-circus\build\run.js:121:9)
    at _runTestsForDescribeBlock (C:\Users\Cheem\OneDrive\Coding\clipsCommerce\node_modules\jest-circus\build\run.js:121:9)
    at run (C:\Users\Cheem\OneDrive\Coding\clipsCommerce\node_modules\jest-circus\build\run.js:71:3)
    at runAndTransformResultsToJestFormat (C:\Users\Cheem\OneDrive\Coding\clipsCommerce\node_modules\jest-circus\build\legacy-code-todo-rewrite\jestAdapterInit.js:122:21)
    at jestAdapter (C:\Users\Cheem\OneDrive\Coding\clipsCommerce\node_modules\jest-circus\build\legacy-code-todo-rewrite\jestAdapter.js:79:19)
    at runTestInternal (C:\Users\Cheem\OneDrive\Coding\clipsCommerce\node_modules\jest-runner\build\runTest.js:367:16)
    at runTest (C:\Users\Cheem\OneDrive\Coding\clipsCommerce\node_modules\jest-runner\build\runTest.js:444:34)
    at Object.worker (C:\Users\Cheem\OneDrive\Coding\clipsCommerce\node_modules\jest-runner\build\testWorker.js:106:12)</failure>
    </testcase>
    <testcase classname="EnhancedTextAnalyzer Error Handling handles cache errors gracefully" name="EnhancedTextAnalyzer Error Handling handles cache errors gracefully" time="0.004">
      <failure>Error: expect(received).toBe(expected) // Object.is equality

Expected: &quot;Test summary&quot;
Received: &quot;Test cache error&quot;
    at Object.&lt;anonymous&gt; (C:\Users\Cheem\OneDrive\Coding\clipsCommerce\src\lib\ai\__tests__\unit\enhancedTextAnalyzer.test.ts:369:35)</failure>
    </testcase>
  </testsuite>
  <testsuite name="SentimentAnalyzer" errors="0" failures="8" skipped="0" timestamp="2025-06-14T11:58:47" time="9.468" tests="8">
    <testcase classname="SentimentAnalyzer should analyze text and return sentiment, tone, captions, and hashtags" name="SentimentAnalyzer should analyze text and return sentiment, tone, captions, and hashtags" time="1.719">
      <failure>Error: 401 Incorrect API key provided: test-key. You can find your API key at https://platform.openai.com/account/api-keys.
    at Function.generate (C:\Users\Cheem\OneDrive\Coding\clipsCommerce\node_modules\openai\src\error.ts:76:14)
    at OpenAI.makeStatusError (C:\Users\Cheem\OneDrive\Coding\clipsCommerce\node_modules\openai\src\core.ts:462:21)
    at OpenAI.makeRequest (C:\Users\Cheem\OneDrive\Coding\clipsCommerce\node_modules\openai\src\core.ts:526:24)
    at processTicksAndRejections (node:internal/process/task_queues:105:5)
    at SentimentAnalyzer.analyzeWithOpenAI (C:\Users\Cheem\OneDrive\Coding\clipsCommerce\src\lib\ai\sentimentAnalyzer.ts:246:24)
    at SentimentAnalyzer.analyzeSentiment (C:\Users\Cheem\OneDrive\Coding\clipsCommerce\src\lib\ai\sentimentAnalyzer.ts:129:18)
    at Object.&lt;anonymous&gt; (C:\Users\Cheem\OneDrive\Coding\clipsCommerce\src\lib\ai\__tests__\unit\sentimentAnalyzer.test.ts:94:20)</failure>
    </testcase>
    <testcase classname="SentimentAnalyzer should return cached result if available" name="SentimentAnalyzer should return cached result if available" time="0.242">
      <failure>Error: 401 Incorrect API key provided: test-key. You can find your API key at https://platform.openai.com/account/api-keys.
    at Function.generate (C:\Users\Cheem\OneDrive\Coding\clipsCommerce\node_modules\openai\src\error.ts:76:14)
    at OpenAI.makeStatusError (C:\Users\Cheem\OneDrive\Coding\clipsCommerce\node_modules\openai\src\core.ts:462:21)
    at OpenAI.makeRequest (C:\Users\Cheem\OneDrive\Coding\clipsCommerce\node_modules\openai\src\core.ts:526:24)
    at processTicksAndRejections (node:internal/process/task_queues:105:5)
    at SentimentAnalyzer.analyzeWithOpenAI (C:\Users\Cheem\OneDrive\Coding\clipsCommerce\src\lib\ai\sentimentAnalyzer.ts:246:24)
    at SentimentAnalyzer.analyzeSentiment (C:\Users\Cheem\OneDrive\Coding\clipsCommerce\src\lib\ai\sentimentAnalyzer.ts:129:18)
    at Object.&lt;anonymous&gt; (C:\Users\Cheem\OneDrive\Coding\clipsCommerce\src\lib\ai\__tests__\unit\sentimentAnalyzer.test.ts:139:20)</failure>
    </testcase>
    <testcase classname="SentimentAnalyzer should handle API errors gracefully" name="SentimentAnalyzer should handle API errors gracefully" time="0.272">
      <failure>Error: expect(received).rejects.toThrow(expected)

Expected substring: &quot;API Error&quot;
Received message:   &quot;401 Incorrect API key provided: test-key. You can find your API key at https://platform.openai.com/account/api-keys.&quot;

      244 |       }
      245 |       
    &gt; 246 |       const response = await this.openai.chat.completions.create({
          |                        ^
      247 |         model: &apos;gpt-3.5-turbo&apos;,
      248 |         messages: [
      249 |           {

      at Function.generate (node_modules/openai/src/error.ts:76:14)
      at OpenAI.makeStatusError (node_modules/openai/src/core.ts:462:21)
      at OpenAI.makeRequest (node_modules/openai/src/core.ts:526:24)
      at SentimentAnalyzer.analyzeWithOpenAI (src/lib/ai/sentimentAnalyzer.ts:246:24)
      at SentimentAnalyzer.analyzeSentiment (src/lib/ai/sentimentAnalyzer.ts:129:18)
      at Object.&lt;anonymous&gt; (src/lib/ai/__tests__/unit/sentimentAnalyzer.test.ts:149:5)
    at Object.toThrow (C:\Users\Cheem\OneDrive\Coding\clipsCommerce\node_modules\expect\build\index.js:218:22)
    at Object.&lt;anonymous&gt; (C:\Users\Cheem\OneDrive\Coding\clipsCommerce\src\lib\ai\__tests__\unit\sentimentAnalyzer.test.ts:149:74)
    at Promise.then.completed (C:\Users\Cheem\OneDrive\Coding\clipsCommerce\node_modules\jest-circus\build\utils.js:298:28)
    at new Promise (&lt;anonymous&gt;)
    at callAsyncCircusFn (C:\Users\Cheem\OneDrive\Coding\clipsCommerce\node_modules\jest-circus\build\utils.js:231:10)
    at _callCircusTest (C:\Users\Cheem\OneDrive\Coding\clipsCommerce\node_modules\jest-circus\build\run.js:316:40)
    at processTicksAndRejections (node:internal/process/task_queues:105:5)
    at _runTest (C:\Users\Cheem\OneDrive\Coding\clipsCommerce\node_modules\jest-circus\build\run.js:252:3)
    at _runTestsForDescribeBlock (C:\Users\Cheem\OneDrive\Coding\clipsCommerce\node_modules\jest-circus\build\run.js:126:9)
    at _runTestsForDescribeBlock (C:\Users\Cheem\OneDrive\Coding\clipsCommerce\node_modules\jest-circus\build\run.js:121:9)
    at run (C:\Users\Cheem\OneDrive\Coding\clipsCommerce\node_modules\jest-circus\build\run.js:71:3)
    at runAndTransformResultsToJestFormat (C:\Users\Cheem\OneDrive\Coding\clipsCommerce\node_modules\jest-circus\build\legacy-code-todo-rewrite\jestAdapterInit.js:122:21)
    at jestAdapter (C:\Users\Cheem\OneDrive\Coding\clipsCommerce\node_modules\jest-circus\build\legacy-code-todo-rewrite\jestAdapter.js:79:19)
    at runTestInternal (C:\Users\Cheem\OneDrive\Coding\clipsCommerce\node_modules\jest-runner\build\runTest.js:367:16)
    at runTest (C:\Users\Cheem\OneDrive\Coding\clipsCommerce\node_modules\jest-runner\build\runTest.js:444:34)
    at Object.worker (C:\Users\Cheem\OneDrive\Coding\clipsCommerce\node_modules\jest-runner\build\testWorker.js:106:12)</failure>
    </testcase>
    <testcase classname="SentimentAnalyzer should throw an error if OpenAI response is invalid JSON" name="SentimentAnalyzer should throw an error if OpenAI response is invalid JSON" time="0.25">
      <failure>Error: expect(received).rejects.toThrow(expected)

Expected substring: &quot;Failed to parse OpenAI response as JSON&quot;
Received message:   &quot;401 Incorrect API key provided: test-key. You can find your API key at https://platform.openai.com/account/api-keys.&quot;

      244 |       }
      245 |       
    &gt; 246 |       const response = await this.openai.chat.completions.create({
          |                        ^
      247 |         model: &apos;gpt-3.5-turbo&apos;,
      248 |         messages: [
      249 |           {

      at Function.generate (node_modules/openai/src/error.ts:76:14)
      at OpenAI.makeStatusError (node_modules/openai/src/core.ts:462:21)
      at OpenAI.makeRequest (node_modules/openai/src/core.ts:526:24)
      at SentimentAnalyzer.analyzeWithOpenAI (src/lib/ai/sentimentAnalyzer.ts:246:24)
      at SentimentAnalyzer.analyzeSentiment (src/lib/ai/sentimentAnalyzer.ts:129:18)
      at Object.&lt;anonymous&gt; (src/lib/ai/__tests__/unit/sentimentAnalyzer.test.ts:156:5)
    at Object.toThrow (C:\Users\Cheem\OneDrive\Coding\clipsCommerce\node_modules\expect\build\index.js:218:22)
    at Object.&lt;anonymous&gt; (C:\Users\Cheem\OneDrive\Coding\clipsCommerce\src\lib\ai\__tests__\unit\sentimentAnalyzer.test.ts:156:81)
    at Promise.then.completed (C:\Users\Cheem\OneDrive\Coding\clipsCommerce\node_modules\jest-circus\build\utils.js:298:28)
    at new Promise (&lt;anonymous&gt;)
    at callAsyncCircusFn (C:\Users\Cheem\OneDrive\Coding\clipsCommerce\node_modules\jest-circus\build\utils.js:231:10)
    at _callCircusTest (C:\Users\Cheem\OneDrive\Coding\clipsCommerce\node_modules\jest-circus\build\run.js:316:40)
    at processTicksAndRejections (node:internal/process/task_queues:105:5)
    at _runTest (C:\Users\Cheem\OneDrive\Coding\clipsCommerce\node_modules\jest-circus\build\run.js:252:3)
    at _runTestsForDescribeBlock (C:\Users\Cheem\OneDrive\Coding\clipsCommerce\node_modules\jest-circus\build\run.js:126:9)
    at _runTestsForDescribeBlock (C:\Users\Cheem\OneDrive\Coding\clipsCommerce\node_modules\jest-circus\build\run.js:121:9)
    at run (C:\Users\Cheem\OneDrive\Coding\clipsCommerce\node_modules\jest-circus\build\run.js:71:3)
    at runAndTransformResultsToJestFormat (C:\Users\Cheem\OneDrive\Coding\clipsCommerce\node_modules\jest-circus\build\legacy-code-todo-rewrite\jestAdapterInit.js:122:21)
    at jestAdapter (C:\Users\Cheem\OneDrive\Coding\clipsCommerce\node_modules\jest-circus\build\legacy-code-todo-rewrite\jestAdapter.js:79:19)
    at runTestInternal (C:\Users\Cheem\OneDrive\Coding\clipsCommerce\node_modules\jest-runner\build\runTest.js:367:16)
    at runTest (C:\Users\Cheem\OneDrive\Coding\clipsCommerce\node_modules\jest-runner\build\runTest.js:444:34)
    at Object.worker (C:\Users\Cheem\OneDrive\Coding\clipsCommerce\node_modules\jest-runner\build\testWorker.js:106:12)</failure>
    </testcase>
    <testcase classname="SentimentAnalyzer should throw a Zod error if parsed JSON does not match schema" name="SentimentAnalyzer should throw a Zod error if parsed JSON does not match schema" time="0.233">
      <failure>Error: expect(received).rejects.toThrow(expected)

Expected pattern: /OpenAI response validation failed/
Received message: &quot;401 Incorrect API key provided: test-key. You can find your API key at https://platform.openai.com/account/api-keys.&quot;

      244 |       }
      245 |       
    &gt; 246 |       const response = await this.openai.chat.completions.create({
          |                        ^
      247 |         model: &apos;gpt-3.5-turbo&apos;,
      248 |         messages: [
      249 |           {

      at Function.generate (node_modules/openai/src/error.ts:76:14)
      at OpenAI.makeStatusError (node_modules/openai/src/core.ts:462:21)
      at OpenAI.makeRequest (node_modules/openai/src/core.ts:526:24)
      at SentimentAnalyzer.analyzeWithOpenAI (src/lib/ai/sentimentAnalyzer.ts:246:24)
      at SentimentAnalyzer.analyzeSentiment (src/lib/ai/sentimentAnalyzer.ts:129:18)
      at Object.&lt;anonymous&gt; (src/lib/ai/__tests__/unit/sentimentAnalyzer.test.ts:173:5)
    at Object.toThrow (C:\Users\Cheem\OneDrive\Coding\clipsCommerce\node_modules\expect\build\index.js:218:22)
    at Object.&lt;anonymous&gt; (C:\Users\Cheem\OneDrive\Coding\clipsCommerce\src\lib\ai\__tests__\unit\sentimentAnalyzer.test.ts:173:79)
    at Promise.then.completed (C:\Users\Cheem\OneDrive\Coding\clipsCommerce\node_modules\jest-circus\build\utils.js:298:28)
    at new Promise (&lt;anonymous&gt;)
    at callAsyncCircusFn (C:\Users\Cheem\OneDrive\Coding\clipsCommerce\node_modules\jest-circus\build\utils.js:231:10)
    at _callCircusTest (C:\Users\Cheem\OneDrive\Coding\clipsCommerce\node_modules\jest-circus\build\run.js:316:40)
    at processTicksAndRejections (node:internal/process/task_queues:105:5)
    at _runTest (C:\Users\Cheem\OneDrive\Coding\clipsCommerce\node_modules\jest-circus\build\run.js:252:3)
    at _runTestsForDescribeBlock (C:\Users\Cheem\OneDrive\Coding\clipsCommerce\node_modules\jest-circus\build\run.js:126:9)
    at _runTestsForDescribeBlock (C:\Users\Cheem\OneDrive\Coding\clipsCommerce\node_modules\jest-circus\build\run.js:121:9)
    at run (C:\Users\Cheem\OneDrive\Coding\clipsCommerce\node_modules\jest-circus\build\run.js:71:3)
    at runAndTransformResultsToJestFormat (C:\Users\Cheem\OneDrive\Coding\clipsCommerce\node_modules\jest-circus\build\legacy-code-todo-rewrite\jestAdapterInit.js:122:21)
    at jestAdapter (C:\Users\Cheem\OneDrive\Coding\clipsCommerce\node_modules\jest-circus\build\legacy-code-todo-rewrite\jestAdapter.js:79:19)
    at runTestInternal (C:\Users\Cheem\OneDrive\Coding\clipsCommerce\node_modules\jest-runner\build\runTest.js:367:16)
    at runTest (C:\Users\Cheem\OneDrive\Coding\clipsCommerce\node_modules\jest-runner\build\runTest.js:444:34)
    at Object.worker (C:\Users\Cheem\OneDrive\Coding\clipsCommerce\node_modules\jest-runner\build\testWorker.js:106:12)</failure>
    </testcase>
    <testcase classname="SentimentAnalyzer should track API usage with correct parameters for a new analysis" name="SentimentAnalyzer should track API usage with correct parameters for a new analysis" time="0.234">
      <failure>Error: 401 Incorrect API key provided: test-key. You can find your API key at https://platform.openai.com/account/api-keys.
    at Function.generate (C:\Users\Cheem\OneDrive\Coding\clipsCommerce\node_modules\openai\src\error.ts:76:14)
    at OpenAI.makeStatusError (C:\Users\Cheem\OneDrive\Coding\clipsCommerce\node_modules\openai\src\core.ts:462:21)
    at OpenAI.makeRequest (C:\Users\Cheem\OneDrive\Coding\clipsCommerce\node_modules\openai\src\core.ts:526:24)
    at processTicksAndRejections (node:internal/process/task_queues:105:5)
    at SentimentAnalyzer.analyzeWithOpenAI (C:\Users\Cheem\OneDrive\Coding\clipsCommerce\src\lib\ai\sentimentAnalyzer.ts:246:24)
    at SentimentAnalyzer.analyzeSentiment (C:\Users\Cheem\OneDrive\Coding\clipsCommerce\src\lib\ai\sentimentAnalyzer.ts:129:18)
    at Object.&lt;anonymous&gt; (C:\Users\Cheem\OneDrive\Coding\clipsCommerce\src\lib\ai\__tests__\unit\sentimentAnalyzer.test.ts:180:5)</failure>
    </testcase>
    <testcase classname="SentimentAnalyzer should not track API usage if result is from cache" name="SentimentAnalyzer should not track API usage if result is from cache" time="0.226">
      <failure>Error: 401 Incorrect API key provided: test-key. You can find your API key at https://platform.openai.com/account/api-keys.
    at Function.generate (C:\Users\Cheem\OneDrive\Coding\clipsCommerce\node_modules\openai\src\error.ts:76:14)
    at OpenAI.makeStatusError (C:\Users\Cheem\OneDrive\Coding\clipsCommerce\node_modules\openai\src\core.ts:462:21)
    at OpenAI.makeRequest (C:\Users\Cheem\OneDrive\Coding\clipsCommerce\node_modules\openai\src\core.ts:526:24)
    at processTicksAndRejections (node:internal/process/task_queues:105:5)
    at SentimentAnalyzer.analyzeWithOpenAI (C:\Users\Cheem\OneDrive\Coding\clipsCommerce\src\lib\ai\sentimentAnalyzer.ts:246:24)
    at SentimentAnalyzer.analyzeSentiment (C:\Users\Cheem\OneDrive\Coding\clipsCommerce\src\lib\ai\sentimentAnalyzer.ts:129:18)
    at Object.&lt;anonymous&gt; (C:\Users\Cheem\OneDrive\Coding\clipsCommerce\src\lib\ai\__tests__\unit\sentimentAnalyzer.test.ts:203:5)</failure>
    </testcase>
    <testcase classname="SentimentAnalyzer should reset API usage stats" name="SentimentAnalyzer should reset API usage stats" time="0.268">
      <failure>Error: 401 Incorrect API key provided: test-key. You can find your API key at https://platform.openai.com/account/api-keys.
    at Function.generate (C:\Users\Cheem\OneDrive\Coding\clipsCommerce\node_modules\openai\src\error.ts:76:14)
    at OpenAI.makeStatusError (C:\Users\Cheem\OneDrive\Coding\clipsCommerce\node_modules\openai\src\core.ts:462:21)
    at OpenAI.makeRequest (C:\Users\Cheem\OneDrive\Coding\clipsCommerce\node_modules\openai\src\core.ts:526:24)
    at processTicksAndRejections (node:internal/process/task_queues:105:5)
    at SentimentAnalyzer.analyzeWithOpenAI (C:\Users\Cheem\OneDrive\Coding\clipsCommerce\src\lib\ai\sentimentAnalyzer.ts:246:24)
    at SentimentAnalyzer.analyzeSentiment (C:\Users\Cheem\OneDrive\Coding\clipsCommerce\src\lib\ai\sentimentAnalyzer.ts:129:18)
    at Object.&lt;anonymous&gt; (C:\Users\Cheem\OneDrive\Coding\clipsCommerce\src\lib\ai\__tests__\unit\sentimentAnalyzer.test.ts:214:5)</failure>
    </testcase>
  </testsuite>
  <testsuite name="TikTokClient" errors="0" failures="4" skipped="0" timestamp="2025-06-14T11:58:47" time="10.608" tests="17">
    <testcase classname="TikTokClient constructor should initialize correctly" name="TikTokClient constructor should initialize correctly" time="0.029">
    </testcase>
    <testcase classname="TikTokClient getUserInfo should return user info on successful API call" name="TikTokClient getUserInfo should return user info on successful API call" time="0.008">
    </testcase>
    <testcase classname="TikTokClient getUserInfo should throw ApiError when TikTok API returns an error" name="TikTokClient getUserInfo should throw ApiError when TikTok API returns an error" time="0.103">
      <failure>Error: expect(received).toBeInstanceOf(expected)

Expected constructor: ApiError
Received constructor: Object

    at Object.&lt;anonymous&gt; (C:\Users\Cheem\OneDrive\Coding\clipsCommerce\src\app\workflows\data_collection\lib\platforms\TikTokClient.test.ts:159:27)
    at processTicksAndRejections (node:internal/process/task_queues:105:5)</failure>
    </testcase>
    <testcase classname="TikTokClient getUserInfo should throw ValidationError if _callTikTokApi returns data that fails schema validation (simulated)" name="TikTokClient getUserInfo should throw ValidationError if _callTikTokApi returns data that fails schema validation (simulated)" time="0.009">
      <failure>Error: expect(received).rejects.toMatchObject()

Received promise resolved instead of rejected
Resolved to value: {&quot;avatar_url&quot;: &quot;http://example.com/avatar.jpg&quot;, &quot;bio_description&quot;: &quot;Test bio&quot;, &quot;display_name&quot;: &quot;Test User&quot;, &quot;follower_count&quot;: 100, &quot;following_count&quot;: 50, &quot;is_verified&quot;: false, &quot;likes_count&quot;: 1000, &quot;open_id&quot;: &quot;test_open_id&quot;, &quot;profile_deep_link&quot;: &quot;tiktok://user?id=123&quot;, &quot;union_id&quot;: &quot;test_union_id&quot;}
    at expect (C:\Users\Cheem\OneDrive\Coding\clipsCommerce\node_modules\expect\build\index.js:113:15)
    at Object.&lt;anonymous&gt; (C:\Users\Cheem\OneDrive\Coding\clipsCommerce\src\app\workflows\data_collection\lib\platforms\TikTokClient.test.ts:177:13)
    at processTicksAndRejections (node:internal/process/task_queues:105:5)</failure>
    </testcase>
    <testcase classname="TikTokClient getUserInfo should correctly pass request parameters to _callTikTokApi" name="TikTokClient getUserInfo should correctly pass request parameters to _callTikTokApi" time="0.008">
      <failure>Error: expect(jest.fn()).toHaveBeenCalledWith(...expected)

Expected: &quot;getUserInfo&quot;, ObjectContaining {&quot;data&quot;: {&quot;fields&quot;: [&quot;follower_count&quot;, &quot;likes_count&quot;]}}, Anything, {&quot;fields&quot;: [&quot;follower_count&quot;, &quot;likes_count&quot;]}
Received: &quot;/user/info/&quot;, {&quot;fields&quot;: [&quot;follower_count&quot;, &quot;likes_count&quot;]}, {&quot;_cached&quot;: null, &quot;_def&quot;: {&quot;catchall&quot;: {&quot;_def&quot;: {&quot;typeName&quot;: &quot;ZodNever&quot;}, &quot;and&quot;: [Function bound and], &quot;array&quot;: [Function bound array], &quot;brand&quot;: [Function bound brand], &quot;catch&quot;: [Function bound catch], &quot;default&quot;: [Function bound default], &quot;describe&quot;: [Function bound describe], &quot;isNullable&quot;: [Function bound isNullable], &quot;isOptional&quot;: [Function bound isOptional], &quot;nullable&quot;: [Function bound nullable], &quot;nullish&quot;: [Function bound nullish], &quot;optional&quot;: [Function bound optional], &quot;or&quot;: [Function bound or], &quot;parse&quot;: [Function bound parse], &quot;parseAsync&quot;: [Function bound parseAsync], &quot;pipe&quot;: [Function bound pipe], &quot;promise&quot;: [Function bound promise], &quot;readonly&quot;: [Function bound readonly], &quot;refine&quot;: [Function bound refine], &quot;refinement&quot;: [Function bound refinement], &quot;safeParse&quot;: [Function bound safeParse], &quot;safeParseAsync&quot;: [Function bound safeParseAsync], &quot;spa&quot;: [Function bound safeParseAsync], &quot;superRefine&quot;: [Function bound superRefine], &quot;transform&quot;: [Function bound transform], &quot;~standard&quot;: {&quot;validate&quot;: [Function validate], &quot;vendor&quot;: &quot;zod&quot;, &quot;version&quot;: 1}}, &quot;shape&quot;: [Function shape], &quot;typeName&quot;: &quot;ZodObject&quot;, &quot;unknownKeys&quot;: &quot;strip&quot;}, &quot;and&quot;: [Function bound and], &quot;array&quot;: [Function bound array], &quot;augment&quot;: [Function extend], &quot;brand&quot;: [Function bound brand], &quot;catch&quot;: [Function bound catch], &quot;default&quot;: [Function bound default], &quot;describe&quot;: [Function bound describe], &quot;isNullable&quot;: [Function bound isNullable], &quot;isOptional&quot;: [Function bound isOptional], &quot;nonstrict&quot;: [Function passthrough], &quot;nullable&quot;: [Function bound nullable], &quot;nullish&quot;: [Function bound nullish], &quot;optional&quot;: [Function bound optional], &quot;or&quot;: [Function bound or], &quot;parse&quot;: [Function bound parse], &quot;parseAsync&quot;: [Function bound parseAsync], &quot;pipe&quot;: [Function bound pipe], &quot;promise&quot;: [Function bound promise], &quot;readonly&quot;: [Function bound readonly], &quot;refine&quot;: [Function bound refine], &quot;refinement&quot;: [Function bound refinement], &quot;safeParse&quot;: [Function bound safeParse], &quot;safeParseAsync&quot;: [Function bound safeParseAsync], &quot;spa&quot;: [Function bound safeParseAsync], &quot;superRefine&quot;: [Function bound superRefine], &quot;transform&quot;: [Function bound transform], &quot;~standard&quot;: {&quot;validate&quot;: [Function validate], &quot;vendor&quot;: &quot;zod&quot;, &quot;version&quot;: 1}}, &quot;getUserInfo&quot;

Number of calls: 1
    at Object.&lt;anonymous&gt; (C:\Users\Cheem\OneDrive\Coding\clipsCommerce\src\app\workflows\data_collection\lib\platforms\TikTokClient.test.ts:194:46)
    at processTicksAndRejections (node:internal/process/task_queues:105:5)</failure>
    </testcase>
    <testcase classname="TikTokClient listUserVideos should return video list on successful API call" name="TikTokClient listUserVideos should return video list on successful API call" time="0.003">
    </testcase>
    <testcase classname="TikTokClient listUserVideos should throw ApiError when TikTok API returns an error" name="TikTokClient listUserVideos should throw ApiError when TikTok API returns an error" time="0.003">
    </testcase>
    <testcase classname="TikTokClient listUserVideos should throw ValidationError if response data is invalid (simulated)" name="TikTokClient listUserVideos should throw ValidationError if response data is invalid (simulated)" time="0.005">
    </testcase>
    <testcase classname="TikTokClient queryVideos should return video analytics on successful API call" name="TikTokClient queryVideos should return video analytics on successful API call" time="0.006">
    </testcase>
    <testcase classname="TikTokClient queryVideos should throw ApiError when TikTok API returns an error" name="TikTokClient queryVideos should throw ApiError when TikTok API returns an error" time="0.005">
    </testcase>
    <testcase classname="TikTokClient initiateVideoUpload should return upload info on successful API call" name="TikTokClient initiateVideoUpload should return upload info on successful API call" time="0.004">
    </testcase>
    <testcase classname="TikTokClient initiateVideoUpload should throw ApiError when TikTok API returns an error" name="TikTokClient initiateVideoUpload should throw ApiError when TikTok API returns an error" time="0.004">
    </testcase>
    <testcase classname="TikTokClient publishVideo should return publish info on successful API call" name="TikTokClient publishVideo should return publish info on successful API call" time="0.002">
    </testcase>
    <testcase classname="TikTokClient publishVideo should throw ApiError when TikTok API returns an error" name="TikTokClient publishVideo should throw ApiError when TikTok API returns an error" time="0.003">
    </testcase>
    <testcase classname="TikTokClient postVideo should successfully initiate upload and publish video" name="TikTokClient postVideo should successfully initiate upload and publish video" time="0.015">
      <failure>Error: Unexpected call in postVideo mock for initiateVideoUpload
    at TikTokClient.&lt;anonymous&gt; (C:\Users\Cheem\OneDrive\Coding\clipsCommerce\src\app\workflows\data_collection\lib\platforms\TikTokClient.test.ts:411:17)
    at C:\Users\Cheem\OneDrive\Coding\clipsCommerce\node_modules\@jest\environment-jsdom-abstract\node_modules\jest-mock\build\index.js:305:39
    at TikTokClient.&lt;anonymous&gt; (C:\Users\Cheem\OneDrive\Coding\clipsCommerce\node_modules\@jest\environment-jsdom-abstract\node_modules\jest-mock\build\index.js:312:13)
    at TikTokClient.mockConstructor [as _callTikTokApi] (C:\Users\Cheem\OneDrive\Coding\clipsCommerce\node_modules\@jest\environment-jsdom-abstract\node_modules\jest-mock\build\index.js:102:19)
    at TikTokClient.initiateVideoUpload (C:\Users\Cheem\OneDrive\Coding\clipsCommerce\src\app\workflows\data_collection\lib\platforms\TikTokClient.ts:223:33)
    at TikTokClient.postVideo (C:\Users\Cheem\OneDrive\Coding\clipsCommerce\src\app\workflows\data_collection\lib\platforms\TikTokClient.ts:300:40)
    at Object.&lt;anonymous&gt; (C:\Users\Cheem\OneDrive\Coding\clipsCommerce\src\app\workflows\data_collection\lib\platforms\TikTokClient.test.ts:419:35)
    at Promise.then.completed (C:\Users\Cheem\OneDrive\Coding\clipsCommerce\node_modules\jest-circus\build\utils.js:298:28)
    at new Promise (&lt;anonymous&gt;)
    at callAsyncCircusFn (C:\Users\Cheem\OneDrive\Coding\clipsCommerce\node_modules\jest-circus\build\utils.js:231:10)
    at _callCircusTest (C:\Users\Cheem\OneDrive\Coding\clipsCommerce\node_modules\jest-circus\build\run.js:316:40)
    at processTicksAndRejections (node:internal/process/task_queues:105:5)
    at _runTest (C:\Users\Cheem\OneDrive\Coding\clipsCommerce\node_modules\jest-circus\build\run.js:252:3)
    at _runTestsForDescribeBlock (C:\Users\Cheem\OneDrive\Coding\clipsCommerce\node_modules\jest-circus\build\run.js:126:9)
    at _runTestsForDescribeBlock (C:\Users\Cheem\OneDrive\Coding\clipsCommerce\node_modules\jest-circus\build\run.js:121:9)
    at _runTestsForDescribeBlock (C:\Users\Cheem\OneDrive\Coding\clipsCommerce\node_modules\jest-circus\build\run.js:121:9)
    at run (C:\Users\Cheem\OneDrive\Coding\clipsCommerce\node_modules\jest-circus\build\run.js:71:3)
    at runAndTransformResultsToJestFormat (C:\Users\Cheem\OneDrive\Coding\clipsCommerce\node_modules\jest-circus\build\legacy-code-todo-rewrite\jestAdapterInit.js:122:21)
    at jestAdapter (C:\Users\Cheem\OneDrive\Coding\clipsCommerce\node_modules\jest-circus\build\legacy-code-todo-rewrite\jestAdapter.js:79:19)
    at runTestInternal (C:\Users\Cheem\OneDrive\Coding\clipsCommerce\node_modules\jest-runner\build\runTest.js:367:16)
    at runTest (C:\Users\Cheem\OneDrive\Coding\clipsCommerce\node_modules\jest-runner\build\runTest.js:444:34)
    at Object.worker (C:\Users\Cheem\OneDrive\Coding\clipsCommerce\node_modules\jest-runner\build\testWorker.js:106:12)</failure>
    </testcase>
    <testcase classname="TikTokClient postVideo should throw error if initiateVideoUpload fails" name="TikTokClient postVideo should throw error if initiateVideoUpload fails" time="0.006">
    </testcase>
    <testcase classname="TikTokClient postVideo should throw error if publishVideo fails" name="TikTokClient postVideo should throw error if publishVideo fails" time="5.01">
    </testcase>
  </testsuite>
  <testsuite name="Team Mode Dashboard Integration" errors="0" failures="10" skipped="0" timestamp="2025-06-14T11:58:47" time="10.824" tests="19">
    <testcase classname="Team Mode Dashboard Integration Core Functionality should render team dashboard with proper providers" name="Team Mode Dashboard Integration Core Functionality should render team dashboard with proper providers" time="0.182">
    </testcase>
    <testcase classname="Team Mode Dashboard Integration Core Functionality should handle client loading and display" name="Team Mode Dashboard Integration Core Functionality should handle client loading and display" time="1.055">
      <failure>Error: Unable to find an element with the text: /clients/i. This could be because the text is broken up by multiple elements. In this case, you can provide a function for your text matcher to make your matcher more flexible.

Ignored nodes: comments, script, style
&lt;body&gt;
  &lt;div&gt;
    &lt;header
      class=&quot;bg-neutral-900 border-b border-neutral-800 px-6 py-4&quot;
    &gt;
      &lt;div
        class=&quot;flex items-center justify-between&quot;
      &gt;
        &lt;div&gt;
          &lt;h1
            class=&quot;text-2xl font-bold text-white&quot;
          &gt;
            Team Dashboard
          &lt;/h1&gt;
        &lt;/div&gt;
        &lt;div
          class=&quot;flex items-center space-x-4&quot;
        &gt;
          &lt;button
            class=&quot;inline-flex items-center justify-center font-medium transition-colors focus-visible:outline-none focus-visible:ring-1 focus-visible:ring-ring disabled:pointer-events-none disabled:opacity-50 hover:bg-accent h-8 rounded-md px-3 text-xs text-neutral-400 hover:text-white&quot;
          &gt;
            &lt;svg
              class=&quot;h-5 w-5&quot;
              data-testid=&quot;Bell-icon&quot;
            /&gt;
          &lt;/button&gt;
          &lt;button
            class=&quot;inline-flex items-center justify-center font-medium transition-colors focus-visible:outline-none focus-visible:ring-1 focus-visible:ring-ring disabled:pointer-events-none disabled:opacity-50 hover:bg-accent h-8 rounded-md px-3 text-xs text-neutral-400 hover:text-white&quot;
          &gt;
            &lt;svg
              class=&quot;h-5 w-5&quot;
              data-testid=&quot;Settings-icon&quot;
            /&gt;
          &lt;/button&gt;
          &lt;div
            class=&quot;flex items-center space-x-3&quot;
          &gt;
            &lt;span
              class=&quot;relative flex shrink-0 overflow-hidden rounded-full h-8 w-8&quot;
            &gt;
              &lt;span
                class=&quot;flex h-full w-full items-center justify-center rounded-full bg-[#8D5AFF] text-white&quot;
              &gt;
                T
              &lt;/span&gt;
            &lt;/span&gt;
            &lt;div
              class=&quot;hidden md:block&quot;
            &gt;
              &lt;p
                class=&quot;text-sm font-medium text-white&quot;
              &gt;
                test
              &lt;/p&gt;
              &lt;p
                class=&quot;text-xs text-neutral-400&quot;
              &gt;
                Team Admin
              &lt;/p&gt;
            &lt;/div&gt;
            &lt;button
              class=&quot;inline-flex items-center justify-center font-medium transition-colors focus-visible:outline-none focus-visible:ring-1 focus-visible:ring-ring disabled:pointer-events-none disabled:opacity-50 hover:bg-accent h-8 rounded-md px-3 text-xs text-neutral-400 hover:text-white&quot;
            &gt;
              &lt;svg
                class=&quot;h-4 w-4&quot;
                data-testid=&quot;LogOut-icon&quot;
              /&gt;
            &lt;/button&gt;
          &lt;/div&gt;
        &lt;/div&gt;
      &lt;/div&gt;
    &lt;/header&gt;
    &lt;div
      aria-atomic=&quot;true&quot;
      aria-live=&quot;polite&quot;
      class=&quot;sr-only&quot;
    /&gt;
  &lt;/div&gt;
&lt;/body&gt;
    at waitForWrapper (C:\Users\Cheem\OneDrive\Coding\clipsCommerce\node_modules\@testing-library\dom\dist\wait-for.js:163:27)
    at Object.&lt;anonymous&gt; (C:\Users\Cheem\OneDrive\Coding\clipsCommerce\src\__tests__\team-dashboard\TeamModeIntegration.test.tsx:79:20)
    at Promise.then.completed (C:\Users\Cheem\OneDrive\Coding\clipsCommerce\node_modules\jest-circus\build\utils.js:298:28)
    at new Promise (&lt;anonymous&gt;)
    at callAsyncCircusFn (C:\Users\Cheem\OneDrive\Coding\clipsCommerce\node_modules\jest-circus\build\utils.js:231:10)
    at _callCircusTest (C:\Users\Cheem\OneDrive\Coding\clipsCommerce\node_modules\jest-circus\build\run.js:316:40)
    at processTicksAndRejections (node:internal/process/task_queues:105:5)
    at _runTest (C:\Users\Cheem\OneDrive\Coding\clipsCommerce\node_modules\jest-circus\build\run.js:252:3)
    at _runTestsForDescribeBlock (C:\Users\Cheem\OneDrive\Coding\clipsCommerce\node_modules\jest-circus\build\run.js:126:9)
    at _runTestsForDescribeBlock (C:\Users\Cheem\OneDrive\Coding\clipsCommerce\node_modules\jest-circus\build\run.js:121:9)
    at _runTestsForDescribeBlock (C:\Users\Cheem\OneDrive\Coding\clipsCommerce\node_modules\jest-circus\build\run.js:121:9)
    at run (C:\Users\Cheem\OneDrive\Coding\clipsCommerce\node_modules\jest-circus\build\run.js:71:3)
    at runAndTransformResultsToJestFormat (C:\Users\Cheem\OneDrive\Coding\clipsCommerce\node_modules\jest-circus\build\legacy-code-todo-rewrite\jestAdapterInit.js:122:21)
    at jestAdapter (C:\Users\Cheem\OneDrive\Coding\clipsCommerce\node_modules\jest-circus\build\legacy-code-todo-rewrite\jestAdapter.js:79:19)
    at runTestInternal (C:\Users\Cheem\OneDrive\Coding\clipsCommerce\node_modules\jest-runner\build\runTest.js:367:16)
    at runTest (C:\Users\Cheem\OneDrive\Coding\clipsCommerce\node_modules\jest-runner\build\runTest.js:444:34)
    at Object.worker (C:\Users\Cheem\OneDrive\Coding\clipsCommerce\node_modules\jest-runner\build\testWorker.js:106:12)</failure>
    </testcase>
    <testcase classname="Team Mode Dashboard Integration Core Functionality should support search functionality" name="Team Mode Dashboard Integration Core Functionality should support search functionality" time="0.015">
      <failure>TestingLibraryElementError: Unable to find an element with the placeholder text of: /search clients/i

Ignored nodes: comments, script, style
&lt;body&gt;
  &lt;div&gt;
    &lt;header
      class=&quot;bg-neutral-900 border-b border-neutral-800 px-6 py-4&quot;
    &gt;
      &lt;div
        class=&quot;flex items-center justify-between&quot;
      &gt;
        &lt;div&gt;
          &lt;h1
            class=&quot;text-2xl font-bold text-white&quot;
          &gt;
            Team Dashboard
          &lt;/h1&gt;
        &lt;/div&gt;
        &lt;div
          class=&quot;flex items-center space-x-4&quot;
        &gt;
          &lt;button
            class=&quot;inline-flex items-center justify-center font-medium transition-colors focus-visible:outline-none focus-visible:ring-1 focus-visible:ring-ring disabled:pointer-events-none disabled:opacity-50 hover:bg-accent h-8 rounded-md px-3 text-xs text-neutral-400 hover:text-white&quot;
          &gt;
            &lt;svg
              class=&quot;h-5 w-5&quot;
              data-testid=&quot;Bell-icon&quot;
            /&gt;
          &lt;/button&gt;
          &lt;button
            class=&quot;inline-flex items-center justify-center font-medium transition-colors focus-visible:outline-none focus-visible:ring-1 focus-visible:ring-ring disabled:pointer-events-none disabled:opacity-50 hover:bg-accent h-8 rounded-md px-3 text-xs text-neutral-400 hover:text-white&quot;
          &gt;
            &lt;svg
              class=&quot;h-5 w-5&quot;
              data-testid=&quot;Settings-icon&quot;
            /&gt;
          &lt;/button&gt;
          &lt;div
            class=&quot;flex items-center space-x-3&quot;
          &gt;
            &lt;span
              class=&quot;relative flex shrink-0 overflow-hidden rounded-full h-8 w-8&quot;
            &gt;
              &lt;span
                class=&quot;flex h-full w-full items-center justify-center rounded-full bg-[#8D5AFF] text-white&quot;
              &gt;
                T
              &lt;/span&gt;
            &lt;/span&gt;
            &lt;div
              class=&quot;hidden md:block&quot;
            &gt;
              &lt;p
                class=&quot;text-sm font-medium text-white&quot;
              &gt;
                test
              &lt;/p&gt;
              &lt;p
                class=&quot;text-xs text-neutral-400&quot;
              &gt;
                Team Admin
              &lt;/p&gt;
            &lt;/div&gt;
            &lt;button
              class=&quot;inline-flex items-center justify-center font-medium transition-colors focus-visible:outline-none focus-visible:ring-1 focus-visible:ring-ring disabled:pointer-events-none disabled:opacity-50 hover:bg-accent h-8 rounded-md px-3 text-xs text-neutral-400 hover:text-white&quot;
            &gt;
              &lt;svg
                class=&quot;h-4 w-4&quot;
                data-testid=&quot;LogOut-icon&quot;
              /&gt;
            &lt;/button&gt;
          &lt;/div&gt;
        &lt;/div&gt;
      &lt;/div&gt;
    &lt;/header&gt;
    &lt;div
      aria-atomic=&quot;true&quot;
      aria-live=&quot;polite&quot;
      class=&quot;sr-only&quot;
    /&gt;
  &lt;/div&gt;
&lt;/body&gt;
    at Object.getElementError (C:\Users\Cheem\OneDrive\Coding\clipsCommerce\node_modules\@testing-library\dom\dist\config.js:37:19)
    at C:\Users\Cheem\OneDrive\Coding\clipsCommerce\node_modules\@testing-library\dom\dist\query-helpers.js:76:38
    at C:\Users\Cheem\OneDrive\Coding\clipsCommerce\node_modules\@testing-library\dom\dist\query-helpers.js:52:17
    at C:\Users\Cheem\OneDrive\Coding\clipsCommerce\node_modules\@testing-library\dom\dist\query-helpers.js:95:19
    at Object.&lt;anonymous&gt; (C:\Users\Cheem\OneDrive\Coding\clipsCommerce\src\__tests__\team-dashboard\TeamModeIntegration.test.tsx:95:34)
    at Promise.then.completed (C:\Users\Cheem\OneDrive\Coding\clipsCommerce\node_modules\jest-circus\build\utils.js:298:28)
    at new Promise (&lt;anonymous&gt;)
    at callAsyncCircusFn (C:\Users\Cheem\OneDrive\Coding\clipsCommerce\node_modules\jest-circus\build\utils.js:231:10)
    at _callCircusTest (C:\Users\Cheem\OneDrive\Coding\clipsCommerce\node_modules\jest-circus\build\run.js:316:40)
    at _runTest (C:\Users\Cheem\OneDrive\Coding\clipsCommerce\node_modules\jest-circus\build\run.js:252:3)
    at _runTestsForDescribeBlock (C:\Users\Cheem\OneDrive\Coding\clipsCommerce\node_modules\jest-circus\build\run.js:126:9)
    at _runTestsForDescribeBlock (C:\Users\Cheem\OneDrive\Coding\clipsCommerce\node_modules\jest-circus\build\run.js:121:9)
    at _runTestsForDescribeBlock (C:\Users\Cheem\OneDrive\Coding\clipsCommerce\node_modules\jest-circus\build\run.js:121:9)
    at run (C:\Users\Cheem\OneDrive\Coding\clipsCommerce\node_modules\jest-circus\build\run.js:71:3)
    at runAndTransformResultsToJestFormat (C:\Users\Cheem\OneDrive\Coding\clipsCommerce\node_modules\jest-circus\build\legacy-code-todo-rewrite\jestAdapterInit.js:122:21)
    at jestAdapter (C:\Users\Cheem\OneDrive\Coding\clipsCommerce\node_modules\jest-circus\build\legacy-code-todo-rewrite\jestAdapter.js:79:19)
    at runTestInternal (C:\Users\Cheem\OneDrive\Coding\clipsCommerce\node_modules\jest-runner\build\runTest.js:367:16)
    at runTest (C:\Users\Cheem\OneDrive\Coding\clipsCommerce\node_modules\jest-runner\build\runTest.js:444:34)
    at Object.worker (C:\Users\Cheem\OneDrive\Coding\clipsCommerce\node_modules\jest-runner\build\testWorker.js:106:12)</failure>
    </testcase>
    <testcase classname="Team Mode Dashboard Integration Error Handling should catch and display errors with error boundary" name="Team Mode Dashboard Integration Error Handling should catch and display errors with error boundary" time="0.051">
    </testcase>
    <testcase classname="Team Mode Dashboard Integration Error Handling should provide retry functionality in error boundary" name="Team Mode Dashboard Integration Error Handling should provide retry functionality in error boundary" time="0.086">
    </testcase>
    <testcase classname="Team Mode Dashboard Integration Accessibility should have proper ARIA labels and roles" name="Team Mode Dashboard Integration Accessibility should have proper ARIA labels and roles" time="0.049">
      <failure>TestingLibraryElementError: Unable to find an accessible element with the role &quot;searchbox&quot;

Here are the accessible roles:

  banner:

  Name &quot;&quot;:
  &lt;header
    class=&quot;bg-neutral-900 border-b border-neutral-800 px-6 py-4&quot;
  /&gt;

  --------------------------------------------------
  heading:

  Name &quot;Team Dashboard&quot;:
  &lt;h1
    class=&quot;text-2xl font-bold text-white&quot;
  /&gt;

  Name &quot;Team Dashboard&quot;:
  &lt;h2
    class=&quot;text-xl font-bold text-white&quot;
  /&gt;

  --------------------------------------------------
  button:

  Name &quot;&quot;:
  &lt;button
    class=&quot;inline-flex items-center justify-center font-medium transition-colors focus-visible:outline-none focus-visible:ring-1 focus-visible:ring-ring disabled:pointer-events-none disabled:opacity-50 hover:bg-accent h-8 rounded-md px-3 text-xs text-neutral-400 hover:text-white&quot;
  /&gt;

  Name &quot;&quot;:
  &lt;button
    class=&quot;inline-flex items-center justify-center font-medium transition-colors focus-visible:outline-none focus-visible:ring-1 focus-visible:ring-ring disabled:pointer-events-none disabled:opacity-50 hover:bg-accent h-8 rounded-md px-3 text-xs text-neutral-400 hover:text-white&quot;
  /&gt;

  Name &quot;&quot;:
  &lt;button
    class=&quot;inline-flex items-center justify-center font-medium transition-colors focus-visible:outline-none focus-visible:ring-1 focus-visible:ring-ring disabled:pointer-events-none disabled:opacity-50 hover:bg-accent h-8 rounded-md px-3 text-xs text-neutral-400 hover:text-white&quot;
  /&gt;

  Name &quot;Overview&quot;:
  &lt;button
    class=&quot;w-full flex items-center px-3 py-2 text-sm font-medium rounded-lg transition-colors text-neutral-300 hover:text-white hover:bg-neutral-800&quot;
  /&gt;

  Name &quot;Operations&quot;:
  &lt;button
    class=&quot;w-full flex items-center px-3 py-2 text-sm font-medium rounded-lg transition-colors bg-[#8D5AFF]/20 text-[#8D5AFF] border border-[#8D5AFF]/30&quot;
  /&gt;

  Name &quot;Workflows&quot;:
  &lt;button
    class=&quot;w-full flex items-center px-3 py-2 text-sm font-medium rounded-lg transition-colors text-neutral-300 hover:text-white hover:bg-neutral-800&quot;
  /&gt;

  Name &quot;Analytics&quot;:
  &lt;button
    class=&quot;w-full flex items-center px-3 py-2 text-sm font-medium rounded-lg transition-colors text-neutral-300 hover:text-white hover:bg-neutral-800&quot;
  /&gt;

  Name &quot;Settings&quot;:
  &lt;button
    class=&quot;w-full flex items-center px-3 py-2 text-sm font-medium rounded-lg transition-colors text-neutral-300 hover:text-white hover:bg-neutral-800&quot;
  /&gt;

  --------------------------------------------------
  paragraph:

  Name &quot;&quot;:
  &lt;p
    class=&quot;text-sm font-medium text-white&quot;
  /&gt;

  Name &quot;&quot;:
  &lt;p
    class=&quot;text-xs text-neutral-400&quot;
  /&gt;

  Name &quot;&quot;:
  &lt;p
    class=&quot;text-sm text-neutral-400 mt-1&quot;
  /&gt;

  --------------------------------------------------
  navigation:

  Name &quot;&quot;:
  &lt;nav
    class=&quot;flex-1 px-4 pb-4&quot;
  /&gt;

  --------------------------------------------------
  list:

  Name &quot;&quot;:
  &lt;ul
    class=&quot;space-y-2&quot;
  /&gt;

  --------------------------------------------------
  listitem:

  Name &quot;&quot;:
  &lt;li /&gt;

  Name &quot;&quot;:
  &lt;li /&gt;

  Name &quot;&quot;:
  &lt;li /&gt;

  Name &quot;&quot;:
  &lt;li /&gt;

  Name &quot;&quot;:
  &lt;li /&gt;

  --------------------------------------------------

Ignored nodes: comments, script, style
&lt;body&gt;
  &lt;div&gt;
    &lt;header
      class=&quot;bg-neutral-900 border-b border-neutral-800 px-6 py-4&quot;
    &gt;
      &lt;div
        class=&quot;flex items-center justify-between&quot;
      &gt;
        &lt;div&gt;
          &lt;h1
            class=&quot;text-2xl font-bold text-white&quot;
          &gt;
            Team Dashboard
          &lt;/h1&gt;
        &lt;/div&gt;
        &lt;div
          class=&quot;flex items-center space-x-4&quot;
        &gt;
          &lt;button
            class=&quot;inline-flex items-center justify-center font-medium transition-colors focus-visible:outline-none focus-visible:ring-1 focus-visible:ring-ring disabled:pointer-events-none disabled:opacity-50 hover:bg-accent h-8 rounded-md px-3 text-xs text-neutral-400 hover:text-white&quot;
          &gt;
            &lt;svg
              class=&quot;h-5 w-5&quot;
              data-testid=&quot;Bell-icon&quot;
            /&gt;
          &lt;/button&gt;
          &lt;button
            class=&quot;inline-flex items-center justify-center font-medium transition-colors focus-visible:outline-none focus-visible:ring-1 focus-visible:ring-ring disabled:pointer-events-none disabled:opacity-50 hover:bg-accent h-8 rounded-md px-3 text-xs text-neutral-400 hover:text-white&quot;
          &gt;
            &lt;svg
              class=&quot;h-5 w-5&quot;
              data-testid=&quot;Settings-icon&quot;
            /&gt;
          &lt;/button&gt;
          &lt;div
            class=&quot;flex items-center space-x-3&quot;
          &gt;
            &lt;span
              class=&quot;relative flex shrink-0 overflow-hidden rounded-full h-8 w-8&quot;
            &gt;
              &lt;span
                class=&quot;flex h-full w-full items-center justify-center rounded-full bg-[#8D5AFF] text-white&quot;
              &gt;
                T
              &lt;/span&gt;
            &lt;/span&gt;
            &lt;div
              class=&quot;hidden md:block&quot;
            &gt;
              &lt;p
                class=&quot;text-sm font-medium text-white&quot;
              &gt;
                test
              &lt;/p&gt;
              &lt;p
                class=&quot;text-xs text-neutral-400&quot;
              &gt;
                Team Admin
              &lt;/p&gt;
            &lt;/div&gt;
            &lt;button
              class=&quot;inline-flex items-center justify-center font-medium transition-colors focus-visible:outline-none focus-visible:ring-1 focus-visible:ring-ring disabled:pointer-events-none disabled:opacity-50 hover:bg-accent h-8 rounded-md px-3 text-xs text-neutral-400 hover:text-white&quot;
            &gt;
              &lt;svg
                class=&quot;h-4 w-4&quot;
                data-testid=&quot;LogOut-icon&quot;
              /&gt;
            &lt;/button&gt;
          &lt;/div&gt;
        &lt;/div&gt;
      &lt;/div&gt;
    &lt;/header&gt;
    &lt;div
      class=&quot;flex flex-col w-64 bg-neutral-900 border-r border-neutral-800&quot;
    &gt;
      &lt;div
        class=&quot;p-6&quot;
      &gt;
        &lt;h2
          class=&quot;text-xl font-bold text-white&quot;
        &gt;
          Team Dashboard
        &lt;/h2&gt;
        &lt;p
          class=&quot;text-sm text-neutral-400 mt-1&quot;
        &gt;
          Manage your team operations
        &lt;/p&gt;
      &lt;/div&gt;
      &lt;nav
        class=&quot;flex-1 px-4 pb-4&quot;
      &gt;
        &lt;ul
          class=&quot;space-y-2&quot;
        &gt;
          &lt;li&gt;
            &lt;button
              class=&quot;w-full flex items-center px-3 py-2 text-sm font-medium rounded-lg transition-colors text-neutral-300 hover:text-white hover:bg-neutral-800&quot;
            &gt;
              &lt;svg
                class=&quot;h-5 w-5 mr-3&quot;
                data-testid=&quot;Home-icon&quot;
              /&gt;
              Overview
            &lt;/button&gt;
          &lt;/li&gt;
          &lt;li&gt;
            &lt;button
              class=&quot;w-full flex items-center px-3 py-2 text-sm font-medium rounded-lg transition-colors bg-[#8D5AFF]/20 text-[#8D5AFF] border border-[#8D5AFF]/30&quot;
            &gt;
              &lt;svg
                class=&quot;h-5 w-5 mr-3&quot;
                data-testid=&quot;Users-icon&quot;
              /&gt;
              Operations
              &lt;svg
                class=&quot;h-4 w-4 ml-auto&quot;
                data-testid=&quot;ChevronRight-icon&quot;
              /&gt;
            &lt;/button&gt;
          &lt;/li&gt;
          &lt;li&gt;
            &lt;button
              class=&quot;w-full flex items-center px-3 py-2 text-sm font-medium rounded-lg transition-colors text-neutral-300 hover:text-white hover:bg-neutral-800&quot;
            &gt;
              &lt;svg
                class=&quot;h-5 w-5 mr-3&quot;
                data-testid=&quot;Zap-icon&quot;
              /&gt;
              Workflows
            &lt;/button&gt;
          &lt;/li&gt;
          &lt;li&gt;
            &lt;button
              class=&quot;w-full flex items-center px-3 py-2 text-sm font-medium rounded-lg transition-colors text-neutral-300 hover:text-white hover:bg-neutral-800&quot;
            &gt;
              &lt;svg
                class=&quot;h-5 w-5 mr-3&quot;
                data-testid=&quot;BarChart3-icon&quot;
              /&gt;
              Analytics
            &lt;/button&gt;
          &lt;/li&gt;
          &lt;li&gt;
            &lt;button
              class=&quot;w-full flex items-center px-3 py-2 text-sm font-medium rounded-lg transition-colors text-neutral-300 hover:text-white hover:bg-neutral-800&quot;
            &gt;
              &lt;svg
                class=&quot;h-5 w-5 mr-3&quot;
                data-testid=&quot;Settings-icon&quot;
              /&gt;
              Settings
            &lt;/button&gt;
          &lt;/li&gt;
        &lt;/ul&gt;
      &lt;/nav&gt;
    &lt;/div&gt;
    &lt;div
      aria-atomic=&quot;true&quot;
      aria-live=&quot;polite&quot;
      class=&quot;sr-only&quot;
    /&gt;
  &lt;/div&gt;
&lt;/body&gt;
    at Object.getElementError (C:\Users\Cheem\OneDrive\Coding\clipsCommerce\node_modules\@testing-library\dom\dist\config.js:37:19)
    at C:\Users\Cheem\OneDrive\Coding\clipsCommerce\node_modules\@testing-library\dom\dist\query-helpers.js:76:38
    at C:\Users\Cheem\OneDrive\Coding\clipsCommerce\node_modules\@testing-library\dom\dist\query-helpers.js:52:17
    at C:\Users\Cheem\OneDrive\Coding\clipsCommerce\node_modules\@testing-library\dom\dist\query-helpers.js:95:19
    at Object.&lt;anonymous&gt; (C:\Users\Cheem\OneDrive\Coding\clipsCommerce\src\__tests__\team-dashboard\TeamModeIntegration.test.tsx:179:34)
    at Promise.then.completed (C:\Users\Cheem\OneDrive\Coding\clipsCommerce\node_modules\jest-circus\build\utils.js:298:28)
    at new Promise (&lt;anonymous&gt;)
    at callAsyncCircusFn (C:\Users\Cheem\OneDrive\Coding\clipsCommerce\node_modules\jest-circus\build\utils.js:231:10)
    at _callCircusTest (C:\Users\Cheem\OneDrive\Coding\clipsCommerce\node_modules\jest-circus\build\run.js:316:40)
    at _runTest (C:\Users\Cheem\OneDrive\Coding\clipsCommerce\node_modules\jest-circus\build\run.js:252:3)
    at _runTestsForDescribeBlock (C:\Users\Cheem\OneDrive\Coding\clipsCommerce\node_modules\jest-circus\build\run.js:126:9)
    at _runTestsForDescribeBlock (C:\Users\Cheem\OneDrive\Coding\clipsCommerce\node_modules\jest-circus\build\run.js:121:9)
    at _runTestsForDescribeBlock (C:\Users\Cheem\OneDrive\Coding\clipsCommerce\node_modules\jest-circus\build\run.js:121:9)
    at run (C:\Users\Cheem\OneDrive\Coding\clipsCommerce\node_modules\jest-circus\build\run.js:71:3)
    at runAndTransformResultsToJestFormat (C:\Users\Cheem\OneDrive\Coding\clipsCommerce\node_modules\jest-circus\build\legacy-code-todo-rewrite\jestAdapterInit.js:122:21)
    at jestAdapter (C:\Users\Cheem\OneDrive\Coding\clipsCommerce\node_modules\jest-circus\build\legacy-code-todo-rewrite\jestAdapter.js:79:19)
    at runTestInternal (C:\Users\Cheem\OneDrive\Coding\clipsCommerce\node_modules\jest-runner\build\runTest.js:367:16)
    at runTest (C:\Users\Cheem\OneDrive\Coding\clipsCommerce\node_modules\jest-runner\build\runTest.js:444:34)
    at Object.worker (C:\Users\Cheem\OneDrive\Coding\clipsCommerce\node_modules\jest-runner\build\testWorker.js:106:12)</failure>
    </testcase>
    <testcase classname="Team Mode Dashboard Integration Accessibility should support keyboard navigation" name="Team Mode Dashboard Integration Accessibility should support keyboard navigation" time="0.036">
    </testcase>
    <testcase classname="Team Mode Dashboard Integration Accessibility should announce important changes to screen readers" name="Team Mode Dashboard Integration Accessibility should announce important changes to screen readers" time="0.015">
    </testcase>
    <testcase classname="Team Mode Dashboard Integration Mobile Responsiveness should adapt header for mobile devices" name="Team Mode Dashboard Integration Mobile Responsiveness should adapt header for mobile devices" time="0.019">
      <failure>TestingLibraryElementError: Unable to find a label with the text of: /toggle mobile menu/i

Ignored nodes: comments, script, style
&lt;body&gt;
  &lt;div&gt;
    &lt;header
      class=&quot;bg-neutral-900 border-b border-neutral-800 px-6 py-4&quot;
    &gt;
      &lt;div
        class=&quot;flex items-center justify-between&quot;
      &gt;
        &lt;div&gt;
          &lt;h1
            class=&quot;text-2xl font-bold text-white&quot;
          &gt;
            Team Dashboard
          &lt;/h1&gt;
        &lt;/div&gt;
        &lt;div
          class=&quot;flex items-center space-x-4&quot;
        &gt;
          &lt;button
            class=&quot;inline-flex items-center justify-center font-medium transition-colors focus-visible:outline-none focus-visible:ring-1 focus-visible:ring-ring disabled:pointer-events-none disabled:opacity-50 hover:bg-accent h-8 rounded-md px-3 text-xs text-neutral-400 hover:text-white&quot;
          &gt;
            &lt;svg
              class=&quot;h-5 w-5&quot;
              data-testid=&quot;Bell-icon&quot;
            /&gt;
          &lt;/button&gt;
          &lt;button
            class=&quot;inline-flex items-center justify-center font-medium transition-colors focus-visible:outline-none focus-visible:ring-1 focus-visible:ring-ring disabled:pointer-events-none disabled:opacity-50 hover:bg-accent h-8 rounded-md px-3 text-xs text-neutral-400 hover:text-white&quot;
          &gt;
            &lt;svg
              class=&quot;h-5 w-5&quot;
              data-testid=&quot;Settings-icon&quot;
            /&gt;
          &lt;/button&gt;
          &lt;div
            class=&quot;flex items-center space-x-3&quot;
          &gt;
            &lt;span
              class=&quot;relative flex shrink-0 overflow-hidden rounded-full h-8 w-8&quot;
            &gt;
              &lt;span
                class=&quot;flex h-full w-full items-center justify-center rounded-full bg-[#8D5AFF] text-white&quot;
              &gt;
                T
              &lt;/span&gt;
            &lt;/span&gt;
            &lt;div
              class=&quot;hidden md:block&quot;
            &gt;
              &lt;p
                class=&quot;text-sm font-medium text-white&quot;
              &gt;
                test
              &lt;/p&gt;
              &lt;p
                class=&quot;text-xs text-neutral-400&quot;
              &gt;
                Team Admin
              &lt;/p&gt;
            &lt;/div&gt;
            &lt;button
              class=&quot;inline-flex items-center justify-center font-medium transition-colors focus-visible:outline-none focus-visible:ring-1 focus-visible:ring-ring disabled:pointer-events-none disabled:opacity-50 hover:bg-accent h-8 rounded-md px-3 text-xs text-neutral-400 hover:text-white&quot;
            &gt;
              &lt;svg
                class=&quot;h-4 w-4&quot;
                data-testid=&quot;LogOut-icon&quot;
              /&gt;
            &lt;/button&gt;
          &lt;/div&gt;
        &lt;/div&gt;
      &lt;/div&gt;
    &lt;/header&gt;
    &lt;div
      aria-atomic=&quot;true&quot;
      aria-live=&quot;polite&quot;
      class=&quot;sr-only&quot;
    /&gt;
  &lt;/div&gt;
&lt;/body&gt;
    at Object.getElementError (C:\Users\Cheem\OneDrive\Coding\clipsCommerce\node_modules\@testing-library\dom\dist\config.js:37:19)
    at getAllByLabelText (C:\Users\Cheem\OneDrive\Coding\clipsCommerce\node_modules\@testing-library\dom\dist\queries\label-text.js:111:38)
    at C:\Users\Cheem\OneDrive\Coding\clipsCommerce\node_modules\@testing-library\dom\dist\query-helpers.js:52:17
    at C:\Users\Cheem\OneDrive\Coding\clipsCommerce\node_modules\@testing-library\dom\dist\query-helpers.js:95:19
    at Object.&lt;anonymous&gt; (C:\Users\Cheem\OneDrive\Coding\clipsCommerce\src\__tests__\team-dashboard\TeamModeIntegration.test.tsx:235:39)
    at Promise.then.completed (C:\Users\Cheem\OneDrive\Coding\clipsCommerce\node_modules\jest-circus\build\utils.js:298:28)
    at new Promise (&lt;anonymous&gt;)
    at callAsyncCircusFn (C:\Users\Cheem\OneDrive\Coding\clipsCommerce\node_modules\jest-circus\build\utils.js:231:10)
    at _callCircusTest (C:\Users\Cheem\OneDrive\Coding\clipsCommerce\node_modules\jest-circus\build\run.js:316:40)
    at _runTest (C:\Users\Cheem\OneDrive\Coding\clipsCommerce\node_modules\jest-circus\build\run.js:252:3)
    at _runTestsForDescribeBlock (C:\Users\Cheem\OneDrive\Coding\clipsCommerce\node_modules\jest-circus\build\run.js:126:9)
    at _runTestsForDescribeBlock (C:\Users\Cheem\OneDrive\Coding\clipsCommerce\node_modules\jest-circus\build\run.js:121:9)
    at _runTestsForDescribeBlock (C:\Users\Cheem\OneDrive\Coding\clipsCommerce\node_modules\jest-circus\build\run.js:121:9)
    at run (C:\Users\Cheem\OneDrive\Coding\clipsCommerce\node_modules\jest-circus\build\run.js:71:3)
    at runAndTransformResultsToJestFormat (C:\Users\Cheem\OneDrive\Coding\clipsCommerce\node_modules\jest-circus\build\legacy-code-todo-rewrite\jestAdapterInit.js:122:21)
    at jestAdapter (C:\Users\Cheem\OneDrive\Coding\clipsCommerce\node_modules\jest-circus\build\legacy-code-todo-rewrite\jestAdapter.js:79:19)
    at runTestInternal (C:\Users\Cheem\OneDrive\Coding\clipsCommerce\node_modules\jest-runner\build\runTest.js:367:16)
    at runTest (C:\Users\Cheem\OneDrive\Coding\clipsCommerce\node_modules\jest-runner\build\runTest.js:444:34)
    at Object.worker (C:\Users\Cheem\OneDrive\Coding\clipsCommerce\node_modules\jest-runner\build\testWorker.js:106:12)</failure>
    </testcase>
    <testcase classname="Team Mode Dashboard Integration Mobile Responsiveness should show mobile menu when toggled" name="Team Mode Dashboard Integration Mobile Responsiveness should show mobile menu when toggled" time="0.017">
      <failure>TestingLibraryElementError: Unable to find a label with the text of: /toggle mobile menu/i

Ignored nodes: comments, script, style
&lt;body&gt;
  &lt;div&gt;
    &lt;header
      class=&quot;bg-neutral-900 border-b border-neutral-800 px-6 py-4&quot;
    &gt;
      &lt;div
        class=&quot;flex items-center justify-between&quot;
      &gt;
        &lt;div&gt;
          &lt;h1
            class=&quot;text-2xl font-bold text-white&quot;
          &gt;
            Team Dashboard
          &lt;/h1&gt;
        &lt;/div&gt;
        &lt;div
          class=&quot;flex items-center space-x-4&quot;
        &gt;
          &lt;button
            class=&quot;inline-flex items-center justify-center font-medium transition-colors focus-visible:outline-none focus-visible:ring-1 focus-visible:ring-ring disabled:pointer-events-none disabled:opacity-50 hover:bg-accent h-8 rounded-md px-3 text-xs text-neutral-400 hover:text-white&quot;
          &gt;
            &lt;svg
              class=&quot;h-5 w-5&quot;
              data-testid=&quot;Bell-icon&quot;
            /&gt;
          &lt;/button&gt;
          &lt;button
            class=&quot;inline-flex items-center justify-center font-medium transition-colors focus-visible:outline-none focus-visible:ring-1 focus-visible:ring-ring disabled:pointer-events-none disabled:opacity-50 hover:bg-accent h-8 rounded-md px-3 text-xs text-neutral-400 hover:text-white&quot;
          &gt;
            &lt;svg
              class=&quot;h-5 w-5&quot;
              data-testid=&quot;Settings-icon&quot;
            /&gt;
          &lt;/button&gt;
          &lt;div
            class=&quot;flex items-center space-x-3&quot;
          &gt;
            &lt;span
              class=&quot;relative flex shrink-0 overflow-hidden rounded-full h-8 w-8&quot;
            &gt;
              &lt;span
                class=&quot;flex h-full w-full items-center justify-center rounded-full bg-[#8D5AFF] text-white&quot;
              &gt;
                T
              &lt;/span&gt;
            &lt;/span&gt;
            &lt;div
              class=&quot;hidden md:block&quot;
            &gt;
              &lt;p
                class=&quot;text-sm font-medium text-white&quot;
              &gt;
                test
              &lt;/p&gt;
              &lt;p
                class=&quot;text-xs text-neutral-400&quot;
              &gt;
                Team Admin
              &lt;/p&gt;
            &lt;/div&gt;
            &lt;button
              class=&quot;inline-flex items-center justify-center font-medium transition-colors focus-visible:outline-none focus-visible:ring-1 focus-visible:ring-ring disabled:pointer-events-none disabled:opacity-50 hover:bg-accent h-8 rounded-md px-3 text-xs text-neutral-400 hover:text-white&quot;
            &gt;
              &lt;svg
                class=&quot;h-4 w-4&quot;
                data-testid=&quot;LogOut-icon&quot;
              /&gt;
            &lt;/button&gt;
          &lt;/div&gt;
        &lt;/div&gt;
      &lt;/div&gt;
    &lt;/header&gt;
    &lt;div
      aria-atomic=&quot;true&quot;
      aria-live=&quot;polite&quot;
      class=&quot;sr-only&quot;
    /&gt;
  &lt;/div&gt;
&lt;/body&gt;
    at Object.getElementError (C:\Users\Cheem\OneDrive\Coding\clipsCommerce\node_modules\@testing-library\dom\dist\config.js:37:19)
    at getAllByLabelText (C:\Users\Cheem\OneDrive\Coding\clipsCommerce\node_modules\@testing-library\dom\dist\queries\label-text.js:111:38)
    at C:\Users\Cheem\OneDrive\Coding\clipsCommerce\node_modules\@testing-library\dom\dist\query-helpers.js:52:17
    at C:\Users\Cheem\OneDrive\Coding\clipsCommerce\node_modules\@testing-library\dom\dist\query-helpers.js:95:19
    at Object.&lt;anonymous&gt; (C:\Users\Cheem\OneDrive\Coding\clipsCommerce\src\__tests__\team-dashboard\TeamModeIntegration.test.tsx:246:39)
    at Promise.then.completed (C:\Users\Cheem\OneDrive\Coding\clipsCommerce\node_modules\jest-circus\build\utils.js:298:28)
    at new Promise (&lt;anonymous&gt;)
    at callAsyncCircusFn (C:\Users\Cheem\OneDrive\Coding\clipsCommerce\node_modules\jest-circus\build\utils.js:231:10)
    at _callCircusTest (C:\Users\Cheem\OneDrive\Coding\clipsCommerce\node_modules\jest-circus\build\run.js:316:40)
    at _runTest (C:\Users\Cheem\OneDrive\Coding\clipsCommerce\node_modules\jest-circus\build\run.js:252:3)
    at _runTestsForDescribeBlock (C:\Users\Cheem\OneDrive\Coding\clipsCommerce\node_modules\jest-circus\build\run.js:126:9)
    at _runTestsForDescribeBlock (C:\Users\Cheem\OneDrive\Coding\clipsCommerce\node_modules\jest-circus\build\run.js:121:9)
    at _runTestsForDescribeBlock (C:\Users\Cheem\OneDrive\Coding\clipsCommerce\node_modules\jest-circus\build\run.js:121:9)
    at run (C:\Users\Cheem\OneDrive\Coding\clipsCommerce\node_modules\jest-circus\build\run.js:71:3)
    at runAndTransformResultsToJestFormat (C:\Users\Cheem\OneDrive\Coding\clipsCommerce\node_modules\jest-circus\build\legacy-code-todo-rewrite\jestAdapterInit.js:122:21)
    at jestAdapter (C:\Users\Cheem\OneDrive\Coding\clipsCommerce\node_modules\jest-circus\build\legacy-code-todo-rewrite\jestAdapter.js:79:19)
    at runTestInternal (C:\Users\Cheem\OneDrive\Coding\clipsCommerce\node_modules\jest-runner\build\runTest.js:367:16)
    at runTest (C:\Users\Cheem\OneDrive\Coding\clipsCommerce\node_modules\jest-runner\build\runTest.js:444:34)
    at Object.worker (C:\Users\Cheem\OneDrive\Coding\clipsCommerce\node_modules\jest-runner\build\testWorker.js:106:12)</failure>
    </testcase>
    <testcase classname="Team Mode Dashboard Integration Performance should handle large client lists efficiently" name="Team Mode Dashboard Integration Performance should handle large client lists efficiently" time="1.015">
      <failure>Error: Unable to find an element with the text: /clients/i. This could be because the text is broken up by multiple elements. In this case, you can provide a function for your text matcher to make your matcher more flexible.

Ignored nodes: comments, script, style
&lt;body&gt;
  &lt;div&gt;
    &lt;header
      class=&quot;bg-neutral-900 border-b border-neutral-800 px-6 py-4&quot;
    &gt;
      &lt;div
        class=&quot;flex items-center justify-between&quot;
      &gt;
        &lt;div&gt;
          &lt;h1
            class=&quot;text-2xl font-bold text-white&quot;
          &gt;
            Team Dashboard
          &lt;/h1&gt;
        &lt;/div&gt;
        &lt;div
          class=&quot;flex items-center space-x-4&quot;
        &gt;
          &lt;button
            class=&quot;inline-flex items-center justify-center font-medium transition-colors focus-visible:outline-none focus-visible:ring-1 focus-visible:ring-ring disabled:pointer-events-none disabled:opacity-50 hover:bg-accent h-8 rounded-md px-3 text-xs text-neutral-400 hover:text-white&quot;
          &gt;
            &lt;svg
              class=&quot;h-5 w-5&quot;
              data-testid=&quot;Bell-icon&quot;
            /&gt;
          &lt;/button&gt;
          &lt;button
            class=&quot;inline-flex items-center justify-center font-medium transition-colors focus-visible:outline-none focus-visible:ring-1 focus-visible:ring-ring disabled:pointer-events-none disabled:opacity-50 hover:bg-accent h-8 rounded-md px-3 text-xs text-neutral-400 hover:text-white&quot;
          &gt;
            &lt;svg
              class=&quot;h-5 w-5&quot;
              data-testid=&quot;Settings-icon&quot;
            /&gt;
          &lt;/button&gt;
          &lt;div
            class=&quot;flex items-center space-x-3&quot;
          &gt;
            &lt;span
              class=&quot;relative flex shrink-0 overflow-hidden rounded-full h-8 w-8&quot;
            &gt;
              &lt;span
                class=&quot;flex h-full w-full items-center justify-center rounded-full bg-[#8D5AFF] text-white&quot;
              &gt;
                T
              &lt;/span&gt;
            &lt;/span&gt;
            &lt;div
              class=&quot;hidden md:block&quot;
            &gt;
              &lt;p
                class=&quot;text-sm font-medium text-white&quot;
              &gt;
                test
              &lt;/p&gt;
              &lt;p
                class=&quot;text-xs text-neutral-400&quot;
              &gt;
                Team Admin
              &lt;/p&gt;
            &lt;/div&gt;
            &lt;button
              class=&quot;inline-flex items-center justify-center font-medium transition-colors focus-visible:outline-none focus-visible:ring-1 focus-visible:ring-ring disabled:pointer-events-none disabled:opacity-50 hover:bg-accent h-8 rounded-md px-3 text-xs text-neutral-400 hover:text-white&quot;
            &gt;
              &lt;svg
                class=&quot;h-4 w-4&quot;
                data-testid=&quot;LogOut-icon&quot;
              /&gt;
            &lt;/button&gt;
          &lt;/div&gt;
        &lt;/div&gt;
      &lt;/div&gt;
    &lt;/header&gt;
    &lt;div
      aria-atomic=&quot;true&quot;
      aria-live=&quot;polite&quot;
      class=&quot;sr-only&quot;
    /&gt;
  &lt;/div&gt;
&lt;/body&gt;
    at waitForWrapper (C:\Users\Cheem\OneDrive\Coding\clipsCommerce\node_modules\@testing-library\dom\dist\wait-for.js:163:27)
    at Object.&lt;anonymous&gt; (C:\Users\Cheem\OneDrive\Coding\clipsCommerce\src\__tests__\team-dashboard\TeamModeIntegration.test.tsx:259:20)
    at Promise.then.completed (C:\Users\Cheem\OneDrive\Coding\clipsCommerce\node_modules\jest-circus\build\utils.js:298:28)
    at new Promise (&lt;anonymous&gt;)
    at callAsyncCircusFn (C:\Users\Cheem\OneDrive\Coding\clipsCommerce\node_modules\jest-circus\build\utils.js:231:10)
    at _callCircusTest (C:\Users\Cheem\OneDrive\Coding\clipsCommerce\node_modules\jest-circus\build\run.js:316:40)
    at _runTest (C:\Users\Cheem\OneDrive\Coding\clipsCommerce\node_modules\jest-circus\build\run.js:252:3)
    at _runTestsForDescribeBlock (C:\Users\Cheem\OneDrive\Coding\clipsCommerce\node_modules\jest-circus\build\run.js:126:9)
    at _runTestsForDescribeBlock (C:\Users\Cheem\OneDrive\Coding\clipsCommerce\node_modules\jest-circus\build\run.js:121:9)
    at _runTestsForDescribeBlock (C:\Users\Cheem\OneDrive\Coding\clipsCommerce\node_modules\jest-circus\build\run.js:121:9)
    at run (C:\Users\Cheem\OneDrive\Coding\clipsCommerce\node_modules\jest-circus\build\run.js:71:3)
    at runAndTransformResultsToJestFormat (C:\Users\Cheem\OneDrive\Coding\clipsCommerce\node_modules\jest-circus\build\legacy-code-todo-rewrite\jestAdapterInit.js:122:21)
    at jestAdapter (C:\Users\Cheem\OneDrive\Coding\clipsCommerce\node_modules\jest-circus\build\legacy-code-todo-rewrite\jestAdapter.js:79:19)
    at runTestInternal (C:\Users\Cheem\OneDrive\Coding\clipsCommerce\node_modules\jest-runner\build\runTest.js:367:16)
    at runTest (C:\Users\Cheem\OneDrive\Coding\clipsCommerce\node_modules\jest-runner\build\runTest.js:444:34)
    at Object.worker (C:\Users\Cheem\OneDrive\Coding\clipsCommerce\node_modules\jest-runner\build\testWorker.js:106:12)</failure>
    </testcase>
    <testcase classname="Team Mode Dashboard Integration Performance should debounce search input" name="Team Mode Dashboard Integration Performance should debounce search input" time="0.019">
      <failure>TestingLibraryElementError: Unable to find an element with the placeholder text of: /search clients/i

Ignored nodes: comments, script, style
&lt;body&gt;
  &lt;div&gt;
    &lt;header
      class=&quot;bg-neutral-900 border-b border-neutral-800 px-6 py-4&quot;
    &gt;
      &lt;div
        class=&quot;flex items-center justify-between&quot;
      &gt;
        &lt;div&gt;
          &lt;h1
            class=&quot;text-2xl font-bold text-white&quot;
          &gt;
            Team Dashboard
          &lt;/h1&gt;
        &lt;/div&gt;
        &lt;div
          class=&quot;flex items-center space-x-4&quot;
        &gt;
          &lt;button
            class=&quot;inline-flex items-center justify-center font-medium transition-colors focus-visible:outline-none focus-visible:ring-1 focus-visible:ring-ring disabled:pointer-events-none disabled:opacity-50 hover:bg-accent h-8 rounded-md px-3 text-xs text-neutral-400 hover:text-white&quot;
          &gt;
            &lt;svg
              class=&quot;h-5 w-5&quot;
              data-testid=&quot;Bell-icon&quot;
            /&gt;
          &lt;/button&gt;
          &lt;button
            class=&quot;inline-flex items-center justify-center font-medium transition-colors focus-visible:outline-none focus-visible:ring-1 focus-visible:ring-ring disabled:pointer-events-none disabled:opacity-50 hover:bg-accent h-8 rounded-md px-3 text-xs text-neutral-400 hover:text-white&quot;
          &gt;
            &lt;svg
              class=&quot;h-5 w-5&quot;
              data-testid=&quot;Settings-icon&quot;
            /&gt;
          &lt;/button&gt;
          &lt;div
            class=&quot;flex items-center space-x-3&quot;
          &gt;
            &lt;span
              class=&quot;relative flex shrink-0 overflow-hidden rounded-full h-8 w-8&quot;
            &gt;
              &lt;span
                class=&quot;flex h-full w-full items-center justify-center rounded-full bg-[#8D5AFF] text-white&quot;
              &gt;
                T
              &lt;/span&gt;
            &lt;/span&gt;
            &lt;div
              class=&quot;hidden md:block&quot;
            &gt;
              &lt;p
                class=&quot;text-sm font-medium text-white&quot;
              &gt;
                test
              &lt;/p&gt;
              &lt;p
                class=&quot;text-xs text-neutral-400&quot;
              &gt;
                Team Admin
              &lt;/p&gt;
            &lt;/div&gt;
            &lt;button
              class=&quot;inline-flex items-center justify-center font-medium transition-colors focus-visible:outline-none focus-visible:ring-1 focus-visible:ring-ring disabled:pointer-events-none disabled:opacity-50 hover:bg-accent h-8 rounded-md px-3 text-xs text-neutral-400 hover:text-white&quot;
            &gt;
              &lt;svg
                class=&quot;h-4 w-4&quot;
                data-testid=&quot;LogOut-icon&quot;
              /&gt;
            &lt;/button&gt;
          &lt;/div&gt;
        &lt;/div&gt;
      &lt;/div&gt;
    &lt;/header&gt;
    &lt;div
      aria-atomic=&quot;true&quot;
      aria-live=&quot;polite&quot;
      class=&quot;sr-only&quot;
    /&gt;
  &lt;/div&gt;
&lt;/body&gt;
    at Object.getElementError (C:\Users\Cheem\OneDrive\Coding\clipsCommerce\node_modules\@testing-library\dom\dist\config.js:37:19)
    at C:\Users\Cheem\OneDrive\Coding\clipsCommerce\node_modules\@testing-library\dom\dist\query-helpers.js:76:38
    at C:\Users\Cheem\OneDrive\Coding\clipsCommerce\node_modules\@testing-library\dom\dist\query-helpers.js:52:17
    at C:\Users\Cheem\OneDrive\Coding\clipsCommerce\node_modules\@testing-library\dom\dist\query-helpers.js:95:19
    at Object.&lt;anonymous&gt; (C:\Users\Cheem\OneDrive\Coding\clipsCommerce\src\__tests__\team-dashboard\TeamModeIntegration.test.tsx:275:34)
    at Promise.then.completed (C:\Users\Cheem\OneDrive\Coding\clipsCommerce\node_modules\jest-circus\build\utils.js:298:28)
    at new Promise (&lt;anonymous&gt;)
    at callAsyncCircusFn (C:\Users\Cheem\OneDrive\Coding\clipsCommerce\node_modules\jest-circus\build\utils.js:231:10)
    at _callCircusTest (C:\Users\Cheem\OneDrive\Coding\clipsCommerce\node_modules\jest-circus\build\run.js:316:40)
    at _runTest (C:\Users\Cheem\OneDrive\Coding\clipsCommerce\node_modules\jest-circus\build\run.js:252:3)
    at _runTestsForDescribeBlock (C:\Users\Cheem\OneDrive\Coding\clipsCommerce\node_modules\jest-circus\build\run.js:126:9)
    at _runTestsForDescribeBlock (C:\Users\Cheem\OneDrive\Coding\clipsCommerce\node_modules\jest-circus\build\run.js:121:9)
    at _runTestsForDescribeBlock (C:\Users\Cheem\OneDrive\Coding\clipsCommerce\node_modules\jest-circus\build\run.js:121:9)
    at run (C:\Users\Cheem\OneDrive\Coding\clipsCommerce\node_modules\jest-circus\build\run.js:71:3)
    at runAndTransformResultsToJestFormat (C:\Users\Cheem\OneDrive\Coding\clipsCommerce\node_modules\jest-circus\build\legacy-code-todo-rewrite\jestAdapterInit.js:122:21)
    at jestAdapter (C:\Users\Cheem\OneDrive\Coding\clipsCommerce\node_modules\jest-circus\build\legacy-code-todo-rewrite\jestAdapter.js:79:19)
    at runTestInternal (C:\Users\Cheem\OneDrive\Coding\clipsCommerce\node_modules\jest-runner\build\runTest.js:367:16)
    at runTest (C:\Users\Cheem\OneDrive\Coding\clipsCommerce\node_modules\jest-runner\build\runTest.js:444:34)
    at Object.worker (C:\Users\Cheem\OneDrive\Coding\clipsCommerce\node_modules\jest-runner\build\testWorker.js:106:12)</failure>
    </testcase>
    <testcase classname="Team Mode Dashboard Integration Data Management should handle client selection properly" name="Team Mode Dashboard Integration Data Management should handle client selection properly" time="1.041">
      <failure>Error: Unable to find an element with the text: /clients/i. This could be because the text is broken up by multiple elements. In this case, you can provide a function for your text matcher to make your matcher more flexible.

Ignored nodes: comments, script, style
&lt;body&gt;
  &lt;div&gt;
    &lt;header
      class=&quot;bg-neutral-900 border-b border-neutral-800 px-6 py-4&quot;
    &gt;
      &lt;div
        class=&quot;flex items-center justify-between&quot;
      &gt;
        &lt;div&gt;
          &lt;h1
            class=&quot;text-2xl font-bold text-white&quot;
          &gt;
            Team Dashboard
          &lt;/h1&gt;
        &lt;/div&gt;
        &lt;div
          class=&quot;flex items-center space-x-4&quot;
        &gt;
          &lt;button
            class=&quot;inline-flex items-center justify-center font-medium transition-colors focus-visible:outline-none focus-visible:ring-1 focus-visible:ring-ring disabled:pointer-events-none disabled:opacity-50 hover:bg-accent h-8 rounded-md px-3 text-xs text-neutral-400 hover:text-white&quot;
          &gt;
            &lt;svg
              class=&quot;h-5 w-5&quot;
              data-testid=&quot;Bell-icon&quot;
            /&gt;
          &lt;/button&gt;
          &lt;button
            class=&quot;inline-flex items-center justify-center font-medium transition-colors focus-visible:outline-none focus-visible:ring-1 focus-visible:ring-ring disabled:pointer-events-none disabled:opacity-50 hover:bg-accent h-8 rounded-md px-3 text-xs text-neutral-400 hover:text-white&quot;
          &gt;
            &lt;svg
              class=&quot;h-5 w-5&quot;
              data-testid=&quot;Settings-icon&quot;
            /&gt;
          &lt;/button&gt;
          &lt;div
            class=&quot;flex items-center space-x-3&quot;
          &gt;
            &lt;span
              class=&quot;relative flex shrink-0 overflow-hidden rounded-full h-8 w-8&quot;
            &gt;
              &lt;span
                class=&quot;flex h-full w-full items-center justify-center rounded-full bg-[#8D5AFF] text-white&quot;
              &gt;
                T
              &lt;/span&gt;
            &lt;/span&gt;
            &lt;div
              class=&quot;hidden md:block&quot;
            &gt;
              &lt;p
                class=&quot;text-sm font-medium text-white&quot;
              &gt;
                test
              &lt;/p&gt;
              &lt;p
                class=&quot;text-xs text-neutral-400&quot;
              &gt;
                Team Admin
              &lt;/p&gt;
            &lt;/div&gt;
            &lt;button
              class=&quot;inline-flex items-center justify-center font-medium transition-colors focus-visible:outline-none focus-visible:ring-1 focus-visible:ring-ring disabled:pointer-events-none disabled:opacity-50 hover:bg-accent h-8 rounded-md px-3 text-xs text-neutral-400 hover:text-white&quot;
            &gt;
              &lt;svg
                class=&quot;h-4 w-4&quot;
                data-testid=&quot;LogOut-icon&quot;
              /&gt;
            &lt;/button&gt;
          &lt;/div&gt;
        &lt;/div&gt;
      &lt;/div&gt;
    &lt;/header&gt;
    &lt;div
      aria-atomic=&quot;true&quot;
      aria-live=&quot;polite&quot;
      class=&quot;sr-only&quot;
    /&gt;
  &lt;/div&gt;
&lt;/body&gt;
    at waitForWrapper (C:\Users\Cheem\OneDrive\Coding\clipsCommerce\node_modules\@testing-library\dom\dist\wait-for.js:163:27)
    at Object.&lt;anonymous&gt; (C:\Users\Cheem\OneDrive\Coding\clipsCommerce\src\__tests__\team-dashboard\TeamModeIntegration.test.tsx:290:20)
    at Promise.then.completed (C:\Users\Cheem\OneDrive\Coding\clipsCommerce\node_modules\jest-circus\build\utils.js:298:28)
    at new Promise (&lt;anonymous&gt;)
    at callAsyncCircusFn (C:\Users\Cheem\OneDrive\Coding\clipsCommerce\node_modules\jest-circus\build\utils.js:231:10)
    at _callCircusTest (C:\Users\Cheem\OneDrive\Coding\clipsCommerce\node_modules\jest-circus\build\run.js:316:40)
    at _runTest (C:\Users\Cheem\OneDrive\Coding\clipsCommerce\node_modules\jest-circus\build\run.js:252:3)
    at _runTestsForDescribeBlock (C:\Users\Cheem\OneDrive\Coding\clipsCommerce\node_modules\jest-circus\build\run.js:126:9)
    at _runTestsForDescribeBlock (C:\Users\Cheem\OneDrive\Coding\clipsCommerce\node_modules\jest-circus\build\run.js:121:9)
    at _runTestsForDescribeBlock (C:\Users\Cheem\OneDrive\Coding\clipsCommerce\node_modules\jest-circus\build\run.js:121:9)
    at run (C:\Users\Cheem\OneDrive\Coding\clipsCommerce\node_modules\jest-circus\build\run.js:71:3)
    at runAndTransformResultsToJestFormat (C:\Users\Cheem\OneDrive\Coding\clipsCommerce\node_modules\jest-circus\build\legacy-code-todo-rewrite\jestAdapterInit.js:122:21)
    at jestAdapter (C:\Users\Cheem\OneDrive\Coding\clipsCommerce\node_modules\jest-circus\build\legacy-code-todo-rewrite\jestAdapter.js:79:19)
    at runTestInternal (C:\Users\Cheem\OneDrive\Coding\clipsCommerce\node_modules\jest-runner\build\runTest.js:367:16)
    at runTest (C:\Users\Cheem\OneDrive\Coding\clipsCommerce\node_modules\jest-runner\build\runTest.js:444:34)
    at Object.worker (C:\Users\Cheem\OneDrive\Coding\clipsCommerce\node_modules\jest-runner\build\testWorker.js:106:12)</failure>
    </testcase>
    <testcase classname="Team Mode Dashboard Integration Data Management should refresh data when requested" name="Team Mode Dashboard Integration Data Management should refresh data when requested" time="0.029">
      <failure>TestingLibraryElementError: Unable to find an accessible element with the role &quot;button&quot; and name `/refresh/i`

Here are the accessible roles:

  banner:

  Name &quot;&quot;:
  &lt;header
    class=&quot;bg-neutral-900 border-b border-neutral-800 px-6 py-4&quot;
  /&gt;

  --------------------------------------------------
  heading:

  Name &quot;Team Dashboard&quot;:
  &lt;h1
    class=&quot;text-2xl font-bold text-white&quot;
  /&gt;

  --------------------------------------------------
  button:

  Name &quot;&quot;:
  &lt;button
    class=&quot;inline-flex items-center justify-center font-medium transition-colors focus-visible:outline-none focus-visible:ring-1 focus-visible:ring-ring disabled:pointer-events-none disabled:opacity-50 hover:bg-accent h-8 rounded-md px-3 text-xs text-neutral-400 hover:text-white&quot;
  /&gt;

  Name &quot;&quot;:
  &lt;button
    class=&quot;inline-flex items-center justify-center font-medium transition-colors focus-visible:outline-none focus-visible:ring-1 focus-visible:ring-ring disabled:pointer-events-none disabled:opacity-50 hover:bg-accent h-8 rounded-md px-3 text-xs text-neutral-400 hover:text-white&quot;
  /&gt;

  Name &quot;&quot;:
  &lt;button
    class=&quot;inline-flex items-center justify-center font-medium transition-colors focus-visible:outline-none focus-visible:ring-1 focus-visible:ring-ring disabled:pointer-events-none disabled:opacity-50 hover:bg-accent h-8 rounded-md px-3 text-xs text-neutral-400 hover:text-white&quot;
  /&gt;

  --------------------------------------------------
  paragraph:

  Name &quot;&quot;:
  &lt;p
    class=&quot;text-sm font-medium text-white&quot;
  /&gt;

  Name &quot;&quot;:
  &lt;p
    class=&quot;text-xs text-neutral-400&quot;
  /&gt;

  --------------------------------------------------

Ignored nodes: comments, script, style
&lt;body&gt;
  &lt;div&gt;
    &lt;header
      class=&quot;bg-neutral-900 border-b border-neutral-800 px-6 py-4&quot;
    &gt;
      &lt;div
        class=&quot;flex items-center justify-between&quot;
      &gt;
        &lt;div&gt;
          &lt;h1
            class=&quot;text-2xl font-bold text-white&quot;
          &gt;
            Team Dashboard
          &lt;/h1&gt;
        &lt;/div&gt;
        &lt;div
          class=&quot;flex items-center space-x-4&quot;
        &gt;
          &lt;button
            class=&quot;inline-flex items-center justify-center font-medium transition-colors focus-visible:outline-none focus-visible:ring-1 focus-visible:ring-ring disabled:pointer-events-none disabled:opacity-50 hover:bg-accent h-8 rounded-md px-3 text-xs text-neutral-400 hover:text-white&quot;
          &gt;
            &lt;svg
              class=&quot;h-5 w-5&quot;
              data-testid=&quot;Bell-icon&quot;
            /&gt;
          &lt;/button&gt;
          &lt;button
            class=&quot;inline-flex items-center justify-center font-medium transition-colors focus-visible:outline-none focus-visible:ring-1 focus-visible:ring-ring disabled:pointer-events-none disabled:opacity-50 hover:bg-accent h-8 rounded-md px-3 text-xs text-neutral-400 hover:text-white&quot;
          &gt;
            &lt;svg
              class=&quot;h-5 w-5&quot;
              data-testid=&quot;Settings-icon&quot;
            /&gt;
          &lt;/button&gt;
          &lt;div
            class=&quot;flex items-center space-x-3&quot;
          &gt;
            &lt;span
              class=&quot;relative flex shrink-0 overflow-hidden rounded-full h-8 w-8&quot;
            &gt;
              &lt;span
                class=&quot;flex h-full w-full items-center justify-center rounded-full bg-[#8D5AFF] text-white&quot;
              &gt;
                T
              &lt;/span&gt;
            &lt;/span&gt;
            &lt;div
              class=&quot;hidden md:block&quot;
            &gt;
              &lt;p
                class=&quot;text-sm font-medium text-white&quot;
              &gt;
                test
              &lt;/p&gt;
              &lt;p
                class=&quot;text-xs text-neutral-400&quot;
              &gt;
                Team Admin
              &lt;/p&gt;
            &lt;/div&gt;
            &lt;button
              class=&quot;inline-flex items-center justify-center font-medium transition-colors focus-visible:outline-none focus-visible:ring-1 focus-visible:ring-ring disabled:pointer-events-none disabled:opacity-50 hover:bg-accent h-8 rounded-md px-3 text-xs text-neutral-400 hover:text-white&quot;
            &gt;
              &lt;svg
                class=&quot;h-4 w-4&quot;
                data-testid=&quot;LogOut-icon&quot;
              /&gt;
            &lt;/button&gt;
          &lt;/div&gt;
        &lt;/div&gt;
      &lt;/div&gt;
    &lt;/header&gt;
    &lt;div
      aria-atomic=&quot;true&quot;
      aria-live=&quot;polite&quot;
      class=&quot;sr-only&quot;
    /&gt;
  &lt;/div&gt;
&lt;/body&gt;
    at Object.getElementError (C:\Users\Cheem\OneDrive\Coding\clipsCommerce\node_modules\@testing-library\dom\dist\config.js:37:19)
    at C:\Users\Cheem\OneDrive\Coding\clipsCommerce\node_modules\@testing-library\dom\dist\query-helpers.js:76:38
    at C:\Users\Cheem\OneDrive\Coding\clipsCommerce\node_modules\@testing-library\dom\dist\query-helpers.js:52:17
    at C:\Users\Cheem\OneDrive\Coding\clipsCommerce\node_modules\@testing-library\dom\dist\query-helpers.js:95:19
    at Object.&lt;anonymous&gt; (C:\Users\Cheem\OneDrive\Coding\clipsCommerce\src\__tests__\team-dashboard\TeamModeIntegration.test.tsx:305:36)
    at Promise.then.completed (C:\Users\Cheem\OneDrive\Coding\clipsCommerce\node_modules\jest-circus\build\utils.js:298:28)
    at new Promise (&lt;anonymous&gt;)
    at callAsyncCircusFn (C:\Users\Cheem\OneDrive\Coding\clipsCommerce\node_modules\jest-circus\build\utils.js:231:10)
    at _callCircusTest (C:\Users\Cheem\OneDrive\Coding\clipsCommerce\node_modules\jest-circus\build\run.js:316:40)
    at runNextTicks (node:internal/process/task_queues:65:5)
    at processTimers (node:internal/timers:520:9)
    at _runTest (C:\Users\Cheem\OneDrive\Coding\clipsCommerce\node_modules\jest-circus\build\run.js:252:3)
    at _runTestsForDescribeBlock (C:\Users\Cheem\OneDrive\Coding\clipsCommerce\node_modules\jest-circus\build\run.js:126:9)
    at _runTestsForDescribeBlock (C:\Users\Cheem\OneDrive\Coding\clipsCommerce\node_modules\jest-circus\build\run.js:121:9)
    at _runTestsForDescribeBlock (C:\Users\Cheem\OneDrive\Coding\clipsCommerce\node_modules\jest-circus\build\run.js:121:9)
    at run (C:\Users\Cheem\OneDrive\Coding\clipsCommerce\node_modules\jest-circus\build\run.js:71:3)
    at runAndTransformResultsToJestFormat (C:\Users\Cheem\OneDrive\Coding\clipsCommerce\node_modules\jest-circus\build\legacy-code-todo-rewrite\jestAdapterInit.js:122:21)
    at jestAdapter (C:\Users\Cheem\OneDrive\Coding\clipsCommerce\node_modules\jest-circus\build\legacy-code-todo-rewrite\jestAdapter.js:79:19)
    at runTestInternal (C:\Users\Cheem\OneDrive\Coding\clipsCommerce\node_modules\jest-runner\build\runTest.js:367:16)
    at runTest (C:\Users\Cheem\OneDrive\Coding\clipsCommerce\node_modules\jest-runner\build\runTest.js:444:34)
    at Object.worker (C:\Users\Cheem\OneDrive\Coding\clipsCommerce\node_modules\jest-runner\build\testWorker.js:106:12)</failure>
    </testcase>
    <testcase classname="Team Mode Dashboard Integration Integration with Real Components should work with actual team dashboard layout" name="Team Mode Dashboard Integration Integration with Real Components should work with actual team dashboard layout" time="0.026">
    </testcase>
    <testcase classname="Team Mode Provider should provide context to child components" name="Team Mode Provider should provide context to child components" time="0.007">
    </testcase>
    <testcase classname="Team Mode Provider should throw error when used outside provider" name="Team Mode Provider should throw error when used outside provider" time="0.022">
    </testcase>
    <testcase classname="Error Boundary Edge Cases should handle async errors" name="Error Boundary Edge Cases should handle async errors" time="0.01">
    </testcase>
    <testcase classname="Error Boundary Edge Cases should provide error details in development" name="Error Boundary Edge Cases should provide error details in development" time="0.056">
      <failure>TestingLibraryElementError: Found multiple elements with the text: /Test error with stack/i

Here are the matching elements:

Ignored nodes: comments, script, style
&lt;p
  class=&quot;text-sm text-red-800 font-mono&quot;
&gt;
  Test error with stack
&lt;/p&gt;

Ignored nodes: comments, script, style
&lt;pre
  class=&quot;mt-2 p-2 bg-muted rounded text-xs overflow-auto max-h-40&quot;
&gt;
  Error: Test error with stack
    at ErrorComponent (C:\Users\Cheem\OneDrive\Coding\clipsCommerce\src\__tests__\team-dashboard\TeamModeIntegration.test.tsx:403:13)
    at Object.react-stack-bottom-frame (C:\Users\Cheem\OneDrive\Coding\clipsCommerce\node_modules\react-dom\cjs\react-dom-client.development.js:23863:20)
    at renderWithHooks (C:\Users\Cheem\OneDrive\Coding\clipsCommerce\node_modules\react-dom\cjs\react-dom-client.development.js:5529:22)
    at updateFunctionComponent (C:\Users\Cheem\OneDrive\Coding\clipsCommerce\node_modules\react-dom\cjs\react-dom-client.development.js:8897:19)
    at beginWork (C:\Users\Cheem\OneDrive\Coding\clipsCommerce\node_modules\react-dom\cjs\react-dom-client.development.js:10522:18)
    at runWithFiberInDEV (C:\Users\Cheem\OneDrive\Coding\clipsCommerce\node_modules\react-dom\cjs\react-dom-client.development.js:1522:13)
    at performUnitOfWork (C:\Users\Cheem\OneDrive\Coding\clipsCommerce\node_modules\react-dom\cjs\react-dom-client.development.js:15140:22)
    at workLoopSync (C:\Users\Cheem\OneDrive\Coding\clipsCommerce\node_modules\react-dom\cjs\react-dom-client.development.js:14956:41)
    at renderRootSync (C:\Users\Cheem\OneDrive\Coding\clipsCommerce\node_modules\react-dom\cjs\react-dom-client.development.js:14936:11)
    at performWorkOnRoot (C:\Users\Cheem\OneDrive\Coding\clipsCommerce\node_modules\react-dom\cjs\react-dom-client.development.js:14462:44)
    at performWorkOnRootViaSchedulerTask (C:\Users\Cheem\OneDrive\Coding\clipsCommerce\node_modules\react-dom\cjs\react-dom-client.development.js:16216:7)
    at flushActQueue (C:\Users\Cheem\OneDrive\Coding\clipsCommerce\node_modules\react\cjs\react.development.js:566:34)
    at Object.&amp;lt;anonymous&amp;gt;.process.env.NODE_ENV.exports.act (C:\Users\Cheem\OneDrive\Coding\clipsCommerce\node_modules\react\cjs\react.development.js:859:10)
    at C:\Users\Cheem\OneDrive\Coding\clipsCommerce\node_modules\@testing-library\react\dist\act-compat.js:47:25
    at renderRoot (C:\Users\Cheem\OneDrive\Coding\clipsCommerce\node_modules\@testing-library\react\dist\pure.js:190:26)
    at render (C:\Users\Cheem\OneDrive\Coding\clipsCommerce\node_modules\@testing-library\react\dist\pure.js:292:10)
    at Object.&amp;lt;anonymous&amp;gt; (C:\Users\Cheem\OneDrive\Coding\clipsCommerce\src\__tests__\team-dashboard\TeamModeIntegration.test.tsx:406:11)
    at Promise.then.completed (C:\Users\Cheem\OneDrive\Coding\clipsCommerce\node_modules\jest-circus\build\utils.js:298:28)
    at new Promise (&amp;lt;anonymous&amp;gt;)
    at callAsyncCircusFn (C:\Users\Cheem\OneDrive\Coding\clipsCommerce\node_modules\jest-circus\build\utils.js:231:10)
    at _callCircusTest (C:\Users\Cheem\OneDrive\Coding\clipsCommerce\node_modules\jest-circus\build\run.js:316:40)
    at runNextTicks (node:internal/process/task_queues:65:5)
    at processTimers (node:internal/timers:520:9)
    at _runTest (C:\Users\Cheem\OneDrive\Coding\clipsCommerce\node_modules\jest-circus\build\run.js:252:3)
    at _runTestsForDescribeBlock (C:\Users\Cheem\OneDrive\Coding\clipsCommerce\node_modules\jest-circus\build\run.js:126:9)
    at _runTestsForDescribeBlock (C:\Users\Cheem\OneDrive\Coding\clipsCommerce\node_modules\jest-circus\build\run.js:121:9)
    at run (C:\Users\Cheem\OneDrive\Coding\clipsCommerce\node_modules\jest-circus\build\run.js:71:3)
    at runAndTransformResultsToJestFormat (C:\Users\Cheem\OneDrive\Coding\clipsCommerce\node_modules\jest-circus\build\legacy-code-todo-rewrite\jestAdapterInit.js:122:21)
    at jestAdapter (C:\Users\Cheem\OneDrive\Coding\clipsCommerce\node_modules\jest-circus\build\legacy-code-todo-rewrite\jestAdapter.js:79:19)
    at runTestInternal (C:\Users\Cheem\OneDrive\Coding\clipsCommerce\node_modules\jest-runner\build\runTest.js:367:16)
    at runTest (C:\Users\Cheem\OneDrive\Coding\clipsCommerce\node_modules\jest-runner\build\runTest.js:444:34)
    at Object.worker (C:\Users\Cheem\OneDrive\Coding\clipsCommerce\node_modules\jest-runner\build\testWorker.js:106:12)
&lt;/pre&gt;

(If this is intentional, then use the `*AllBy*` variant of the query (like `queryAllByText`, `getAllByText`, or `findAllByText`)).

Ignored nodes: comments, script, style
&lt;body&gt;
  &lt;div&gt;
    &lt;div
      class=&quot;min-h-screen bg-background flex items-center justify-center p-6&quot;
    &gt;
      &lt;div
        class=&quot;rounded-xl border bg-card text-card-foreground shadow w-full max-w-2xl&quot;
      &gt;
        &lt;div
          class=&quot;flex flex-col space-y-1.5 p-6 text-center&quot;
        &gt;
          &lt;div
            class=&quot;mx-auto mb-4 p-3 bg-red-100 rounded-full w-16 h-16 flex items-center justify-center&quot;
          &gt;
            &lt;svg
              class=&quot;h-8 w-8 text-red-600&quot;
              data-testid=&quot;AlertTriangle-icon&quot;
            /&gt;
          &lt;/div&gt;
          &lt;h3
            class=&quot;tracking-tight text-2xl font-bold text-foreground&quot;
          &gt;
            Team Mode Error
          &lt;/h3&gt;
          &lt;p
            class=&quot;text-muted-foreground text-lg&quot;
          &gt;
            Something went wrong in the Team Mode dashboard. Don&apos;t worry, your data is safe.
          &lt;/p&gt;
        &lt;/div&gt;
        &lt;div
          class=&quot;p-6 pt-0 space-y-6&quot;
        &gt;
          &lt;div
            class=&quot;space-y-3&quot;
          &gt;
            &lt;h3
              class=&quot;text-sm font-semibold text-foreground&quot;
            &gt;
              Error Details:
            &lt;/h3&gt;
            &lt;div
              class=&quot;p-3 bg-red-50 border border-red-200 rounded-lg&quot;
            &gt;
              &lt;p
                class=&quot;text-sm text-red-800 font-mono&quot;
              &gt;
                Test error with stack
              &lt;/p&gt;
            &lt;/div&gt;
            &lt;details
              class=&quot;text-xs text-muted-foreground&quot;
            &gt;
              &lt;summary
                class=&quot;cursor-pointer hover:text-foreground&quot;
              &gt;
                Stack Trace
              &lt;/summary&gt;
              &lt;pre
                class=&quot;mt-2 p-2 bg-muted rounded text-xs overflow-auto max-h-40&quot;
              &gt;
                Error: Test error with stack
    at ErrorComponent (C:\Users\Cheem\OneDrive\Coding\clipsCommerce\src\__tests__\team-dashboard\TeamModeIntegration.test.tsx:403:13)
    at Object.react-stack-bottom-frame (C:\Users\Cheem\OneDrive\Coding\clipsCommerce\node_modules\react-dom\cjs\react-dom-client.development.js:23863:20)
    at renderWithHooks (C:\Users\Cheem\OneDrive\Coding\clipsCommerce\node_modules\react-dom\cjs\react-dom-client.development.js:5529:22)
    at updateFunctionComponent (C:\Users\Cheem\OneDrive\Coding\clipsCommerce\node_modules\react-dom\cjs\react-dom-client.development.js:8897:19)
    at beginWork (C:\Users\Cheem\OneDrive\Coding\clipsCommerce\node_modules\react-dom\cjs\react-dom-client.development.js:10522:18)
    at runWithFiberInDEV (C:\Users\Cheem\OneDrive\Coding\clipsCommerce\node_modules\react-dom\cjs\react-dom-client.development.js:1522:13)
    at performUnitOfWork (C:\Users\Cheem\OneDrive\Coding\clipsCommerce\node_modules\react-dom\cjs\react-dom-client.development.js:15140:22)
    at workLoopSync (C:\Users\Cheem\OneDrive\Coding\clipsCommerce\node_modules\react-dom\cjs\react-dom-client.development.js:14956:41)
    at renderRootSync (C:\Users\Cheem\OneDrive\Coding\clipsCommerce\node_modules\react-dom\cjs\react-dom-client.development.js:14936:11)
    at performWorkOnRoot (C:\Users\Cheem\OneDrive\Coding\clipsCommerce\node_modules\react-dom\cjs\react-dom-client.development.js:14462:44)
    at performWorkOnRootViaSchedulerTask (C:\Users\Cheem\OneDrive\Coding\clipsCommerce\node_modules\react-dom\cjs\react-dom-client.development.js:16216:7)
    at flushActQueue (C:\Users\Cheem\OneDrive\Coding\clipsCommerce\node_modules\react\cjs\react.development.js:566:34)
    at Object.&amp;lt;anonymous&amp;gt;.process.env.NODE_ENV.exports.act (C:\Users\Cheem\OneDrive\Coding\clipsCommerce\node_modules\react\cjs\react.development.js:859:10)
    at C:\Users\Cheem\OneDrive\Coding\clipsCommerce\node_modules\@testing-library\react\dist\act-compat.js:47:25
    at renderRoot (C:\Users\Cheem\OneDrive\Coding\clipsCommerce\node_modules\@testing-library\react\dist\pure.js:190:26)
    at render (C:\Users\Cheem\OneDrive\Coding\clipsCommerce\node_modules\@testing-library\react\dist\pure.js:292:10)
    at Object.&amp;lt;anonymous&amp;gt; (C:\Users\Cheem\OneDrive\Coding\clipsCommerce\src\__tests__\team-dashboard\TeamModeIntegration.test.tsx:406:11)
    at Promise.then.completed (C:\Users\Cheem\OneDrive\Coding\clipsCommerce\node_modules\jest-circus\build\utils.js:298:28)
    at new Promise (&amp;lt;anonymous&amp;gt;)
    at callAsyncCircusFn (C:\Users\Cheem\OneDrive\Coding\clipsCommerce\node_modules\jest-circus\build\utils.js:231:10)
    at _callCircusTest (C:\Users\Cheem\OneDrive\Coding\clipsCommerce\node_modules\jest-circus\build\run.js:316:40)
    at runNextTicks (node:internal/process/task_queues:65:5)
    at processTimers (node:internal/timers:520:9)
    at _runTest (C:\Users\Cheem\OneDrive\Coding\clipsCommerce\node_modules\jest-circus\build\run.js:252:3)
    at _runTestsForDescribeBlock (C:\Users\Cheem\OneDrive\Coding\clipsCommerce\node_modules\jest-circus\build\run.js:126:9)
    at _runTestsForDescribeBlock (C:\Users\Cheem\OneDrive\Coding\clipsCommerce\node_modules\jest-circus\build\run.js:121:9)
    at run (C:\Users\Cheem\OneDrive\Coding\clipsCommerce\node_modules\jest-circus\build\run.js:71:3)
    at runAndTransformResultsToJestFormat (C:\Users\Cheem\OneDrive\Coding\clipsCommerce\node_modules\jest-circus\build\legacy-code-todo-rewrite\jestAdapterInit.js:122:21)
    at jestAdapter (C:\Users\Cheem\OneDrive\Coding\clipsCommerce\node_modules\jest-circus\build\legacy-code-todo-rewrite\jestAdapter.js:79:19)
    at runTestInternal (C:\Users\Cheem\OneDrive\Coding\clipsCommerce\node_modules\jest-runner\build\runTest.js:367:16)
    at runTest (C:\Users\Cheem\OneDrive\Coding\clipsCommerce\node_modules\jest-runner\build\runTest.js:444:34)
    at Object.worker (C:\Users\Cheem\OneDrive\Coding\clipsCommerce\node_modules\jest-runner\build\testWorker.js:106:12)
              &lt;/pre&gt;
            &lt;/details&gt;
          &lt;/div&gt;
          &lt;div
            class=&quot;text-center&quot;
          &gt;
            &lt;p
              class=&quot;text-sm text-muted-foreground&quot;
            &gt;
              Error ID: 
              &lt;code
                class=&quot;font-mono text-xs bg-muted px-2 py-1 rounded&quot;
              &gt;
                mbw6o5og
              &lt;/code&gt;
            &lt;/p&gt;
            &lt;p
              class=&quot;text-xs text-muted-foreground mt-1&quot;
            &gt;
              Please include this ID when contacting support
            &lt;/p&gt;
          &lt;/div&gt;
          &lt;div
            class=&quot;flex flex-col sm:flex-row gap-3 justify-center&quot;
          &gt;
            &lt;button
              class=&quot;inline-flex items-center justify-center rounded-md text-sm font-medium transition-colors focus-visible:outline-none focus-visible:ring-1 focus-visible:ring-ring disabled:pointer-events-none disabled:opacity-50 shadow h-9 px-4 py-2 bg-mint text-background hover:bg-mint/90&quot;
            &gt;
              &lt;svg
                class=&quot;h-4 w-4 mr-2&quot;
                data-testid=&quot;RotateCcw-icon&quot;
              /&gt;
              Try Again
            &lt;/button&gt;
            &lt;button
              class=&quot;inline-flex items-center justify-center rounded-md text-sm font-medium transition-colors focus-visible:outline-none focus-visible:ring-1 focus-visible:ring-ring disabled:pointer-events-none disabled:opacity-50 border border-input bg-background shadow-sm hover:bg-accent hover:text-accent-foreground h-9 px-4 py-2&quot;
            &gt;
              &lt;svg
                class=&quot;h-4 w-4 mr-2&quot;
                data-testid=&quot;Home-icon&quot;
              /&gt;
              Go to Dashboard
            &lt;/button&gt;
            &lt;button
              class=&quot;inline-flex items-center justify-center rounded-md text-sm font-medium transition-colors focus-visible:outline-none focus-visible:ring-1 focus-visible:ring-ring disabled:pointer-events-none disabled:opacity-50 border border-input bg-background shadow-sm hover:bg-accent hover:text-accent-foreground h-9 px-4 py-2&quot;
            &gt;
              Reload Page
            &lt;/button&gt;
          &lt;/div&gt;
          &lt;div
            class=&quot;text-center space-y-2&quot;
          &gt;
            &lt;p
              class=&quot;text-sm text-muted-foreground&quot;
            &gt;
              If this problem persists, try:
            &lt;/p&gt;
            &lt;ul
              class=&quot;text-xs text-muted-foreground space-y-1&quot;
            &gt;
              &lt;li&gt;
                • Refreshing the page
              &lt;/li&gt;
              &lt;li&gt;
                • Clearing your browser cache
              &lt;/li&gt;
              &lt;li&gt;
                • Switching to individual dashboard mode
              &lt;/li&gt;
              &lt;li&gt;
                • Contacting support with the error ID above
              &lt;/li&gt;
            &lt;/ul&gt;
          &lt;/div&gt;
        &lt;/div&gt;
      &lt;/div&gt;
    &lt;/div&gt;
  &lt;/div&gt;
&lt;/body&gt;
    at Object.getElementError (C:\Users\Cheem\OneDrive\Coding\clipsCommerce\node_modules\@testing-library\dom\dist\config.js:37:19)
    at getElementError (C:\Users\Cheem\OneDrive\Coding\clipsCommerce\node_modules\@testing-library\dom\dist\query-helpers.js:20:35)
    at getMultipleElementsFoundError (C:\Users\Cheem\OneDrive\Coding\clipsCommerce\node_modules\@testing-library\dom\dist\query-helpers.js:23:10)
    at C:\Users\Cheem\OneDrive\Coding\clipsCommerce\node_modules\@testing-library\dom\dist\query-helpers.js:55:13
    at C:\Users\Cheem\OneDrive\Coding\clipsCommerce\node_modules\@testing-library\dom\dist\query-helpers.js:95:19
    at Object.&lt;anonymous&gt; (C:\Users\Cheem\OneDrive\Coding\clipsCommerce\src\__tests__\team-dashboard\TeamModeIntegration.test.tsx:414:19)
    at Promise.then.completed (C:\Users\Cheem\OneDrive\Coding\clipsCommerce\node_modules\jest-circus\build\utils.js:298:28)
    at new Promise (&lt;anonymous&gt;)
    at callAsyncCircusFn (C:\Users\Cheem\OneDrive\Coding\clipsCommerce\node_modules\jest-circus\build\utils.js:231:10)
    at _callCircusTest (C:\Users\Cheem\OneDrive\Coding\clipsCommerce\node_modules\jest-circus\build\run.js:316:40)
    at runNextTicks (node:internal/process/task_queues:65:5)
    at processTimers (node:internal/timers:520:9)
    at _runTest (C:\Users\Cheem\OneDrive\Coding\clipsCommerce\node_modules\jest-circus\build\run.js:252:3)
    at _runTestsForDescribeBlock (C:\Users\Cheem\OneDrive\Coding\clipsCommerce\node_modules\jest-circus\build\run.js:126:9)
    at _runTestsForDescribeBlock (C:\Users\Cheem\OneDrive\Coding\clipsCommerce\node_modules\jest-circus\build\run.js:121:9)
    at run (C:\Users\Cheem\OneDrive\Coding\clipsCommerce\node_modules\jest-circus\build\run.js:71:3)
    at runAndTransformResultsToJestFormat (C:\Users\Cheem\OneDrive\Coding\clipsCommerce\node_modules\jest-circus\build\legacy-code-todo-rewrite\jestAdapterInit.js:122:21)
    at jestAdapter (C:\Users\Cheem\OneDrive\Coding\clipsCommerce\node_modules\jest-circus\build\legacy-code-todo-rewrite\jestAdapter.js:79:19)
    at runTestInternal (C:\Users\Cheem\OneDrive\Coding\clipsCommerce\node_modules\jest-runner\build\runTest.js:367:16)
    at runTest (C:\Users\Cheem\OneDrive\Coding\clipsCommerce\node_modules\jest-runner\build\runTest.js:444:34)
    at Object.worker (C:\Users\Cheem\OneDrive\Coding\clipsCommerce\node_modules\jest-runner\build\testWorker.js:106:12)</failure>
    </testcase>
  </testsuite>
  <testsuite name="TeamWorkflowsPage" errors="0" failures="2" skipped="0" timestamp="2025-06-14T11:58:55" time="2.585" tests="18">
    <testcase classname="TeamWorkflowsPage renders workflows page with all components" name="TeamWorkflowsPage renders workflows page with all components" time="0.252">
    </testcase>
    <testcase classname="TeamWorkflowsPage sets current tab to workflows on mount" name="TeamWorkflowsPage sets current tab to workflows on mount" time="0.081">
      <failure>Error: expect(jest.fn()).toHaveBeenCalledWith(...expected)

Expected: &quot;workflows&quot;
Received: &quot;operations&quot;

Number of calls: 1
    at Object.&lt;anonymous&gt; (C:\Users\Cheem\OneDrive\Coding\clipsCommerce\src\__tests__\team-dashboard-workflows.test.tsx:55:31)
    at Promise.then.completed (C:\Users\Cheem\OneDrive\Coding\clipsCommerce\node_modules\jest-circus\build\utils.js:298:28)
    at new Promise (&lt;anonymous&gt;)
    at callAsyncCircusFn (C:\Users\Cheem\OneDrive\Coding\clipsCommerce\node_modules\jest-circus\build\utils.js:231:10)
    at _callCircusTest (C:\Users\Cheem\OneDrive\Coding\clipsCommerce\node_modules\jest-circus\build\run.js:316:40)
    at processTicksAndRejections (node:internal/process/task_queues:105:5)
    at _runTest (C:\Users\Cheem\OneDrive\Coding\clipsCommerce\node_modules\jest-circus\build\run.js:252:3)
    at _runTestsForDescribeBlock (C:\Users\Cheem\OneDrive\Coding\clipsCommerce\node_modules\jest-circus\build\run.js:126:9)
    at _runTestsForDescribeBlock (C:\Users\Cheem\OneDrive\Coding\clipsCommerce\node_modules\jest-circus\build\run.js:121:9)
    at run (C:\Users\Cheem\OneDrive\Coding\clipsCommerce\node_modules\jest-circus\build\run.js:71:3)
    at runAndTransformResultsToJestFormat (C:\Users\Cheem\OneDrive\Coding\clipsCommerce\node_modules\jest-circus\build\legacy-code-todo-rewrite\jestAdapterInit.js:122:21)
    at jestAdapter (C:\Users\Cheem\OneDrive\Coding\clipsCommerce\node_modules\jest-circus\build\legacy-code-todo-rewrite\jestAdapter.js:79:19)
    at runTestInternal (C:\Users\Cheem\OneDrive\Coding\clipsCommerce\node_modules\jest-runner\build\runTest.js:367:16)
    at runTest (C:\Users\Cheem\OneDrive\Coding\clipsCommerce\node_modules\jest-runner\build\runTest.js:444:34)
    at Object.worker (C:\Users\Cheem\OneDrive\Coding\clipsCommerce\node_modules\jest-runner\build\testWorker.js:106:12)</failure>
    </testcase>
    <testcase classname="TeamWorkflowsPage displays workflow statistics correctly" name="TeamWorkflowsPage displays workflow statistics correctly" time="0.158">
    </testcase>
    <testcase classname="TeamWorkflowsPage displays workflow list with mock data" name="TeamWorkflowsPage displays workflow list with mock data" time="0.081">
    </testcase>
    <testcase classname="TeamWorkflowsPage displays workflow descriptions" name="TeamWorkflowsPage displays workflow descriptions" time="0.098">
    </testcase>
    <testcase classname="TeamWorkflowsPage displays workflow status badges" name="TeamWorkflowsPage displays workflow status badges" time="0.093">
    </testcase>
    <testcase classname="TeamWorkflowsPage displays priority badges" name="TeamWorkflowsPage displays priority badges" time="0.083">
    </testcase>
    <testcase classname="TeamWorkflowsPage handles search functionality" name="TeamWorkflowsPage handles search functionality" time="0.09">
    </testcase>
    <testcase classname="TeamWorkflowsPage handles status filter" name="TeamWorkflowsPage handles status filter" time="0.091">
    </testcase>
    <testcase classname="TeamWorkflowsPage handles type filter" name="TeamWorkflowsPage handles type filter" time="0.08">
    </testcase>
    <testcase classname="TeamWorkflowsPage displays workflow action buttons" name="TeamWorkflowsPage displays workflow action buttons" time="0.113">
      <failure>Error: expect(received).toBeInTheDocument()

received value must be an HTMLElement or an SVGElement.
Received has value: undefined
    at __EXTERNAL_MATCHER_TRAP__ (C:\Users\Cheem\OneDrive\Coding\clipsCommerce\node_modules\expect\build\index.js:325:30)
    at Object.throwingMatcher [as toBeInTheDocument] (C:\Users\Cheem\OneDrive\Coding\clipsCommerce\node_modules\expect\build\index.js:326:15)
    at Object.&lt;anonymous&gt; (C:\Users\Cheem\OneDrive\Coding\clipsCommerce\src\__tests__\team-dashboard-workflows.test.tsx:150:25)
    at Promise.then.completed (C:\Users\Cheem\OneDrive\Coding\clipsCommerce\node_modules\jest-circus\build\utils.js:298:28)
    at new Promise (&lt;anonymous&gt;)
    at callAsyncCircusFn (C:\Users\Cheem\OneDrive\Coding\clipsCommerce\node_modules\jest-circus\build\utils.js:231:10)
    at _callCircusTest (C:\Users\Cheem\OneDrive\Coding\clipsCommerce\node_modules\jest-circus\build\run.js:316:40)
    at processTicksAndRejections (node:internal/process/task_queues:105:5)
    at _runTest (C:\Users\Cheem\OneDrive\Coding\clipsCommerce\node_modules\jest-circus\build\run.js:252:3)
    at _runTestsForDescribeBlock (C:\Users\Cheem\OneDrive\Coding\clipsCommerce\node_modules\jest-circus\build\run.js:126:9)
    at _runTestsForDescribeBlock (C:\Users\Cheem\OneDrive\Coding\clipsCommerce\node_modules\jest-circus\build\run.js:121:9)
    at run (C:\Users\Cheem\OneDrive\Coding\clipsCommerce\node_modules\jest-circus\build\run.js:71:3)
    at runAndTransformResultsToJestFormat (C:\Users\Cheem\OneDrive\Coding\clipsCommerce\node_modules\jest-circus\build\legacy-code-todo-rewrite\jestAdapterInit.js:122:21)
    at jestAdapter (C:\Users\Cheem\OneDrive\Coding\clipsCommerce\node_modules\jest-circus\build\legacy-code-todo-rewrite\jestAdapter.js:79:19)
    at runTestInternal (C:\Users\Cheem\OneDrive\Coding\clipsCommerce\node_modules\jest-runner\build\runTest.js:367:16)
    at runTest (C:\Users\Cheem\OneDrive\Coding\clipsCommerce\node_modules\jest-runner\build\runTest.js:444:34)
    at Object.worker (C:\Users\Cheem\OneDrive\Coding\clipsCommerce\node_modules\jest-runner\build\testWorker.js:106:12)</failure>
    </testcase>
    <testcase classname="TeamWorkflowsPage handles workflow action clicks" name="TeamWorkflowsPage handles workflow action clicks" time="0.081">
    </testcase>
    <testcase classname="TeamWorkflowsPage displays new workflow and templates buttons" name="TeamWorkflowsPage displays new workflow and templates buttons" time="0.097">
    </testcase>
    <testcase classname="TeamWorkflowsPage displays workflow progress bars" name="TeamWorkflowsPage displays workflow progress bars" time="0.088">
    </testcase>
    <testcase classname="TeamWorkflowsPage displays clients affected numbers" name="TeamWorkflowsPage displays clients affected numbers" time="0.109">
    </testcase>
    <testcase classname="TeamWorkflowsPage displays workflow templates" name="TeamWorkflowsPage displays workflow templates" time="0.094">
    </testcase>
    <testcase classname="TeamWorkflowsPage renders workflow template manager and scheduler components" name="TeamWorkflowsPage renders workflow template manager and scheduler components" time="0.062">
    </testcase>
    <testcase classname="TeamWorkflowsPage displays time information correctly" name="TeamWorkflowsPage displays time information correctly" time="0.065">
    </testcase>
  </testsuite>
  <testsuite name="Analysis Pipeline Integration" errors="0" failures="1" skipped="0" timestamp="2025-06-14T11:58:56" time="1.906" tests="3">
    <testcase classname="Analysis Pipeline Integration performs end-to-end analysis" name="Analysis Pipeline Integration performs end-to-end analysis" time="0.45">
      <failure>Error: expect(received).toBeGreaterThan(expected)

Expected: &gt; 0.5
Received:   0.09523809523809523
    at Object.&lt;anonymous&gt; (C:\Users\Cheem\OneDrive\Coding\clipsCommerce\src\lib\ai\__tests__\integration\analysisPipeline.test.ts:40:49)
    at processTicksAndRejections (node:internal/process/task_queues:105:5)</failure>
    </testcase>
    <testcase classname="Analysis Pipeline Integration tracks costs across analyzers" name="Analysis Pipeline Integration tracks costs across analyzers" time="0.765">
    </testcase>
    <testcase classname="Analysis Pipeline Integration handles errors gracefully" name="Analysis Pipeline Integration handles errors gracefully" time="0.032">
    </testcase>
  </testsuite>
  <testsuite name="TeamSettingsPage" errors="0" failures="15" skipped="0" timestamp="2025-06-14T11:58:57" time="1.758" tests="15">
    <testcase classname="TeamSettingsPage renders settings page with all components" name="TeamSettingsPage renders settings page with all components" time="0.105">
      <failure>Error: Element type is invalid: expected a string (for built-in components) or a class/function (for composite components) but got: object.

Check the render method of `TeamSettingsPage`.
    at createFiberFromTypeAndProps (C:\Users\Cheem\OneDrive\Coding\clipsCommerce\node_modules\react-dom\cjs\react-dom-client.development.js:4259:28)
    at createFiberFromElement (C:\Users\Cheem\OneDrive\Coding\clipsCommerce\node_modules\react-dom\cjs\react-dom-client.development.js:4273:14)
    at createChild (C:\Users\Cheem\OneDrive\Coding\clipsCommerce\node_modules\react-dom\cjs\react-dom-client.development.js:7297:26)
    at reconcileChildrenArray (C:\Users\Cheem\OneDrive\Coding\clipsCommerce\node_modules\react-dom\cjs\react-dom-client.development.js:7629:25)
    at reconcileChildFibersImpl (C:\Users\Cheem\OneDrive\Coding\clipsCommerce\node_modules\react-dom\cjs\react-dom-client.development.js:7952:30)
    at C:\Users\Cheem\OneDrive\Coding\clipsCommerce\node_modules\react-dom\cjs\react-dom-client.development.js:8057:33
    at reconcileChildren (C:\Users\Cheem\OneDrive\Coding\clipsCommerce\node_modules\react-dom\cjs\react-dom-client.development.js:8621:13)
    at beginWork (C:\Users\Cheem\OneDrive\Coding\clipsCommerce\node_modules\react-dom\cjs\react-dom-client.development.js:10793:13)
    at runWithFiberInDEV (C:\Users\Cheem\OneDrive\Coding\clipsCommerce\node_modules\react-dom\cjs\react-dom-client.development.js:1522:13)
    at performUnitOfWork (C:\Users\Cheem\OneDrive\Coding\clipsCommerce\node_modules\react-dom\cjs\react-dom-client.development.js:15140:22)
    at workLoopSync (C:\Users\Cheem\OneDrive\Coding\clipsCommerce\node_modules\react-dom\cjs\react-dom-client.development.js:14956:41)
    at renderRootSync (C:\Users\Cheem\OneDrive\Coding\clipsCommerce\node_modules\react-dom\cjs\react-dom-client.development.js:14936:11)
    at performWorkOnRoot (C:\Users\Cheem\OneDrive\Coding\clipsCommerce\node_modules\react-dom\cjs\react-dom-client.development.js:14462:44)
    at performWorkOnRootViaSchedulerTask (C:\Users\Cheem\OneDrive\Coding\clipsCommerce\node_modules\react-dom\cjs\react-dom-client.development.js:16216:7)
    at flushActQueue (C:\Users\Cheem\OneDrive\Coding\clipsCommerce\node_modules\react\cjs\react.development.js:566:34)
    at Object.&lt;anonymous&gt;.process.env.NODE_ENV.exports.act (C:\Users\Cheem\OneDrive\Coding\clipsCommerce\node_modules\react\cjs\react.development.js:859:10)
    at C:\Users\Cheem\OneDrive\Coding\clipsCommerce\node_modules\@testing-library\react\dist\act-compat.js:47:25
    at renderRoot (C:\Users\Cheem\OneDrive\Coding\clipsCommerce\node_modules\@testing-library\react\dist\pure.js:190:26)
    at render (C:\Users\Cheem\OneDrive\Coding\clipsCommerce\node_modules\@testing-library\react\dist\pure.js:292:10)
    at Object.&lt;anonymous&gt; (C:\Users\Cheem\OneDrive\Coding\clipsCommerce\src\__tests__\team-dashboard-settings.test.tsx:41:11)
    at Promise.then.completed (C:\Users\Cheem\OneDrive\Coding\clipsCommerce\node_modules\jest-circus\build\utils.js:298:28)
    at new Promise (&lt;anonymous&gt;)
    at callAsyncCircusFn (C:\Users\Cheem\OneDrive\Coding\clipsCommerce\node_modules\jest-circus\build\utils.js:231:10)
    at _callCircusTest (C:\Users\Cheem\OneDrive\Coding\clipsCommerce\node_modules\jest-circus\build\run.js:316:40)
    at processTicksAndRejections (node:internal/process/task_queues:105:5)
    at _runTest (C:\Users\Cheem\OneDrive\Coding\clipsCommerce\node_modules\jest-circus\build\run.js:252:3)
    at _runTestsForDescribeBlock (C:\Users\Cheem\OneDrive\Coding\clipsCommerce\node_modules\jest-circus\build\run.js:126:9)
    at _runTestsForDescribeBlock (C:\Users\Cheem\OneDrive\Coding\clipsCommerce\node_modules\jest-circus\build\run.js:121:9)
    at run (C:\Users\Cheem\OneDrive\Coding\clipsCommerce\node_modules\jest-circus\build\run.js:71:3)
    at runAndTransformResultsToJestFormat (C:\Users\Cheem\OneDrive\Coding\clipsCommerce\node_modules\jest-circus\build\legacy-code-todo-rewrite\jestAdapterInit.js:122:21)
    at jestAdapter (C:\Users\Cheem\OneDrive\Coding\clipsCommerce\node_modules\jest-circus\build\legacy-code-todo-rewrite\jestAdapter.js:79:19)
    at runTestInternal (C:\Users\Cheem\OneDrive\Coding\clipsCommerce\node_modules\jest-runner\build\runTest.js:367:16)
    at runTest (C:\Users\Cheem\OneDrive\Coding\clipsCommerce\node_modules\jest-runner\build\runTest.js:444:34)
    at Object.worker (C:\Users\Cheem\OneDrive\Coding\clipsCommerce\node_modules\jest-runner\build\testWorker.js:106:12)</failure>
    </testcase>
    <testcase classname="TeamSettingsPage sets current tab to settings on mount" name="TeamSettingsPage sets current tab to settings on mount" time="0.013">
      <failure>Error: Element type is invalid: expected a string (for built-in components) or a class/function (for composite components) but got: object.

Check the render method of `TeamSettingsPage`.
    at createFiberFromTypeAndProps (C:\Users\Cheem\OneDrive\Coding\clipsCommerce\node_modules\react-dom\cjs\react-dom-client.development.js:4259:28)
    at createFiberFromElement (C:\Users\Cheem\OneDrive\Coding\clipsCommerce\node_modules\react-dom\cjs\react-dom-client.development.js:4273:14)
    at createChild (C:\Users\Cheem\OneDrive\Coding\clipsCommerce\node_modules\react-dom\cjs\react-dom-client.development.js:7297:26)
    at reconcileChildrenArray (C:\Users\Cheem\OneDrive\Coding\clipsCommerce\node_modules\react-dom\cjs\react-dom-client.development.js:7629:25)
    at reconcileChildFibersImpl (C:\Users\Cheem\OneDrive\Coding\clipsCommerce\node_modules\react-dom\cjs\react-dom-client.development.js:7952:30)
    at C:\Users\Cheem\OneDrive\Coding\clipsCommerce\node_modules\react-dom\cjs\react-dom-client.development.js:8057:33
    at reconcileChildren (C:\Users\Cheem\OneDrive\Coding\clipsCommerce\node_modules\react-dom\cjs\react-dom-client.development.js:8621:13)
    at beginWork (C:\Users\Cheem\OneDrive\Coding\clipsCommerce\node_modules\react-dom\cjs\react-dom-client.development.js:10793:13)
    at runWithFiberInDEV (C:\Users\Cheem\OneDrive\Coding\clipsCommerce\node_modules\react-dom\cjs\react-dom-client.development.js:1522:13)
    at performUnitOfWork (C:\Users\Cheem\OneDrive\Coding\clipsCommerce\node_modules\react-dom\cjs\react-dom-client.development.js:15140:22)
    at workLoopSync (C:\Users\Cheem\OneDrive\Coding\clipsCommerce\node_modules\react-dom\cjs\react-dom-client.development.js:14956:41)
    at renderRootSync (C:\Users\Cheem\OneDrive\Coding\clipsCommerce\node_modules\react-dom\cjs\react-dom-client.development.js:14936:11)
    at performWorkOnRoot (C:\Users\Cheem\OneDrive\Coding\clipsCommerce\node_modules\react-dom\cjs\react-dom-client.development.js:14462:44)
    at performWorkOnRootViaSchedulerTask (C:\Users\Cheem\OneDrive\Coding\clipsCommerce\node_modules\react-dom\cjs\react-dom-client.development.js:16216:7)
    at flushActQueue (C:\Users\Cheem\OneDrive\Coding\clipsCommerce\node_modules\react\cjs\react.development.js:566:34)
    at Object.&lt;anonymous&gt;.process.env.NODE_ENV.exports.act (C:\Users\Cheem\OneDrive\Coding\clipsCommerce\node_modules\react\cjs\react.development.js:859:10)
    at C:\Users\Cheem\OneDrive\Coding\clipsCommerce\node_modules\@testing-library\react\dist\act-compat.js:47:25
    at renderRoot (C:\Users\Cheem\OneDrive\Coding\clipsCommerce\node_modules\@testing-library\react\dist\pure.js:190:26)
    at render (C:\Users\Cheem\OneDrive\Coding\clipsCommerce\node_modules\@testing-library\react\dist\pure.js:292:10)
    at Object.&lt;anonymous&gt; (C:\Users\Cheem\OneDrive\Coding\clipsCommerce\src\__tests__\team-dashboard-settings.test.tsx:50:11)
    at Promise.then.completed (C:\Users\Cheem\OneDrive\Coding\clipsCommerce\node_modules\jest-circus\build\utils.js:298:28)
    at new Promise (&lt;anonymous&gt;)
    at callAsyncCircusFn (C:\Users\Cheem\OneDrive\Coding\clipsCommerce\node_modules\jest-circus\build\utils.js:231:10)
    at _callCircusTest (C:\Users\Cheem\OneDrive\Coding\clipsCommerce\node_modules\jest-circus\build\run.js:316:40)
    at processTicksAndRejections (node:internal/process/task_queues:105:5)
    at _runTest (C:\Users\Cheem\OneDrive\Coding\clipsCommerce\node_modules\jest-circus\build\run.js:252:3)
    at _runTestsForDescribeBlock (C:\Users\Cheem\OneDrive\Coding\clipsCommerce\node_modules\jest-circus\build\run.js:126:9)
    at _runTestsForDescribeBlock (C:\Users\Cheem\OneDrive\Coding\clipsCommerce\node_modules\jest-circus\build\run.js:121:9)
    at run (C:\Users\Cheem\OneDrive\Coding\clipsCommerce\node_modules\jest-circus\build\run.js:71:3)
    at runAndTransformResultsToJestFormat (C:\Users\Cheem\OneDrive\Coding\clipsCommerce\node_modules\jest-circus\build\legacy-code-todo-rewrite\jestAdapterInit.js:122:21)
    at jestAdapter (C:\Users\Cheem\OneDrive\Coding\clipsCommerce\node_modules\jest-circus\build\legacy-code-todo-rewrite\jestAdapter.js:79:19)
    at runTestInternal (C:\Users\Cheem\OneDrive\Coding\clipsCommerce\node_modules\jest-runner\build\runTest.js:367:16)
    at runTest (C:\Users\Cheem\OneDrive\Coding\clipsCommerce\node_modules\jest-runner\build\runTest.js:444:34)
    at Object.worker (C:\Users\Cheem\OneDrive\Coding\clipsCommerce\node_modules\jest-runner\build\testWorker.js:106:12)</failure>
    </testcase>
    <testcase classname="TeamSettingsPage displays settings navigation tabs" name="TeamSettingsPage displays settings navigation tabs" time="0.012">
      <failure>Error: Element type is invalid: expected a string (for built-in components) or a class/function (for composite components) but got: object.

Check the render method of `TeamSettingsPage`.
    at createFiberFromTypeAndProps (C:\Users\Cheem\OneDrive\Coding\clipsCommerce\node_modules\react-dom\cjs\react-dom-client.development.js:4259:28)
    at createFiberFromElement (C:\Users\Cheem\OneDrive\Coding\clipsCommerce\node_modules\react-dom\cjs\react-dom-client.development.js:4273:14)
    at createChild (C:\Users\Cheem\OneDrive\Coding\clipsCommerce\node_modules\react-dom\cjs\react-dom-client.development.js:7297:26)
    at reconcileChildrenArray (C:\Users\Cheem\OneDrive\Coding\clipsCommerce\node_modules\react-dom\cjs\react-dom-client.development.js:7629:25)
    at reconcileChildFibersImpl (C:\Users\Cheem\OneDrive\Coding\clipsCommerce\node_modules\react-dom\cjs\react-dom-client.development.js:7952:30)
    at C:\Users\Cheem\OneDrive\Coding\clipsCommerce\node_modules\react-dom\cjs\react-dom-client.development.js:8057:33
    at reconcileChildren (C:\Users\Cheem\OneDrive\Coding\clipsCommerce\node_modules\react-dom\cjs\react-dom-client.development.js:8621:13)
    at beginWork (C:\Users\Cheem\OneDrive\Coding\clipsCommerce\node_modules\react-dom\cjs\react-dom-client.development.js:10793:13)
    at runWithFiberInDEV (C:\Users\Cheem\OneDrive\Coding\clipsCommerce\node_modules\react-dom\cjs\react-dom-client.development.js:1522:13)
    at performUnitOfWork (C:\Users\Cheem\OneDrive\Coding\clipsCommerce\node_modules\react-dom\cjs\react-dom-client.development.js:15140:22)
    at workLoopSync (C:\Users\Cheem\OneDrive\Coding\clipsCommerce\node_modules\react-dom\cjs\react-dom-client.development.js:14956:41)
    at renderRootSync (C:\Users\Cheem\OneDrive\Coding\clipsCommerce\node_modules\react-dom\cjs\react-dom-client.development.js:14936:11)
    at performWorkOnRoot (C:\Users\Cheem\OneDrive\Coding\clipsCommerce\node_modules\react-dom\cjs\react-dom-client.development.js:14462:44)
    at performWorkOnRootViaSchedulerTask (C:\Users\Cheem\OneDrive\Coding\clipsCommerce\node_modules\react-dom\cjs\react-dom-client.development.js:16216:7)
    at flushActQueue (C:\Users\Cheem\OneDrive\Coding\clipsCommerce\node_modules\react\cjs\react.development.js:566:34)
    at Object.&lt;anonymous&gt;.process.env.NODE_ENV.exports.act (C:\Users\Cheem\OneDrive\Coding\clipsCommerce\node_modules\react\cjs\react.development.js:859:10)
    at C:\Users\Cheem\OneDrive\Coding\clipsCommerce\node_modules\@testing-library\react\dist\act-compat.js:47:25
    at renderRoot (C:\Users\Cheem\OneDrive\Coding\clipsCommerce\node_modules\@testing-library\react\dist\pure.js:190:26)
    at render (C:\Users\Cheem\OneDrive\Coding\clipsCommerce\node_modules\@testing-library\react\dist\pure.js:292:10)
    at Object.&lt;anonymous&gt; (C:\Users\Cheem\OneDrive\Coding\clipsCommerce\src\__tests__\team-dashboard-settings.test.tsx:55:11)
    at Promise.then.completed (C:\Users\Cheem\OneDrive\Coding\clipsCommerce\node_modules\jest-circus\build\utils.js:298:28)
    at new Promise (&lt;anonymous&gt;)
    at callAsyncCircusFn (C:\Users\Cheem\OneDrive\Coding\clipsCommerce\node_modules\jest-circus\build\utils.js:231:10)
    at _callCircusTest (C:\Users\Cheem\OneDrive\Coding\clipsCommerce\node_modules\jest-circus\build\run.js:316:40)
    at processTicksAndRejections (node:internal/process/task_queues:105:5)
    at _runTest (C:\Users\Cheem\OneDrive\Coding\clipsCommerce\node_modules\jest-circus\build\run.js:252:3)
    at _runTestsForDescribeBlock (C:\Users\Cheem\OneDrive\Coding\clipsCommerce\node_modules\jest-circus\build\run.js:126:9)
    at _runTestsForDescribeBlock (C:\Users\Cheem\OneDrive\Coding\clipsCommerce\node_modules\jest-circus\build\run.js:121:9)
    at run (C:\Users\Cheem\OneDrive\Coding\clipsCommerce\node_modules\jest-circus\build\run.js:71:3)
    at runAndTransformResultsToJestFormat (C:\Users\Cheem\OneDrive\Coding\clipsCommerce\node_modules\jest-circus\build\legacy-code-todo-rewrite\jestAdapterInit.js:122:21)
    at jestAdapter (C:\Users\Cheem\OneDrive\Coding\clipsCommerce\node_modules\jest-circus\build\legacy-code-todo-rewrite\jestAdapter.js:79:19)
    at runTestInternal (C:\Users\Cheem\OneDrive\Coding\clipsCommerce\node_modules\jest-runner\build\runTest.js:367:16)
    at runTest (C:\Users\Cheem\OneDrive\Coding\clipsCommerce\node_modules\jest-runner\build\runTest.js:444:34)
    at Object.worker (C:\Users\Cheem\OneDrive\Coding\clipsCommerce\node_modules\jest-runner\build\testWorker.js:106:12)</failure>
    </testcase>
    <testcase classname="TeamSettingsPage displays general settings by default" name="TeamSettingsPage displays general settings by default" time="0.012">
      <failure>Error: Element type is invalid: expected a string (for built-in components) or a class/function (for composite components) but got: object.

Check the render method of `TeamSettingsPage`.
    at createFiberFromTypeAndProps (C:\Users\Cheem\OneDrive\Coding\clipsCommerce\node_modules\react-dom\cjs\react-dom-client.development.js:4259:28)
    at createFiberFromElement (C:\Users\Cheem\OneDrive\Coding\clipsCommerce\node_modules\react-dom\cjs\react-dom-client.development.js:4273:14)
    at createChild (C:\Users\Cheem\OneDrive\Coding\clipsCommerce\node_modules\react-dom\cjs\react-dom-client.development.js:7297:26)
    at reconcileChildrenArray (C:\Users\Cheem\OneDrive\Coding\clipsCommerce\node_modules\react-dom\cjs\react-dom-client.development.js:7629:25)
    at reconcileChildFibersImpl (C:\Users\Cheem\OneDrive\Coding\clipsCommerce\node_modules\react-dom\cjs\react-dom-client.development.js:7952:30)
    at C:\Users\Cheem\OneDrive\Coding\clipsCommerce\node_modules\react-dom\cjs\react-dom-client.development.js:8057:33
    at reconcileChildren (C:\Users\Cheem\OneDrive\Coding\clipsCommerce\node_modules\react-dom\cjs\react-dom-client.development.js:8621:13)
    at beginWork (C:\Users\Cheem\OneDrive\Coding\clipsCommerce\node_modules\react-dom\cjs\react-dom-client.development.js:10793:13)
    at runWithFiberInDEV (C:\Users\Cheem\OneDrive\Coding\clipsCommerce\node_modules\react-dom\cjs\react-dom-client.development.js:1522:13)
    at performUnitOfWork (C:\Users\Cheem\OneDrive\Coding\clipsCommerce\node_modules\react-dom\cjs\react-dom-client.development.js:15140:22)
    at workLoopSync (C:\Users\Cheem\OneDrive\Coding\clipsCommerce\node_modules\react-dom\cjs\react-dom-client.development.js:14956:41)
    at renderRootSync (C:\Users\Cheem\OneDrive\Coding\clipsCommerce\node_modules\react-dom\cjs\react-dom-client.development.js:14936:11)
    at performWorkOnRoot (C:\Users\Cheem\OneDrive\Coding\clipsCommerce\node_modules\react-dom\cjs\react-dom-client.development.js:14462:44)
    at performWorkOnRootViaSchedulerTask (C:\Users\Cheem\OneDrive\Coding\clipsCommerce\node_modules\react-dom\cjs\react-dom-client.development.js:16216:7)
    at flushActQueue (C:\Users\Cheem\OneDrive\Coding\clipsCommerce\node_modules\react\cjs\react.development.js:566:34)
    at Object.&lt;anonymous&gt;.process.env.NODE_ENV.exports.act (C:\Users\Cheem\OneDrive\Coding\clipsCommerce\node_modules\react\cjs\react.development.js:859:10)
    at C:\Users\Cheem\OneDrive\Coding\clipsCommerce\node_modules\@testing-library\react\dist\act-compat.js:47:25
    at renderRoot (C:\Users\Cheem\OneDrive\Coding\clipsCommerce\node_modules\@testing-library\react\dist\pure.js:190:26)
    at render (C:\Users\Cheem\OneDrive\Coding\clipsCommerce\node_modules\@testing-library\react\dist\pure.js:292:10)
    at Object.&lt;anonymous&gt; (C:\Users\Cheem\OneDrive\Coding\clipsCommerce\src\__tests__\team-dashboard-settings.test.tsx:66:11)
    at Promise.then.completed (C:\Users\Cheem\OneDrive\Coding\clipsCommerce\node_modules\jest-circus\build\utils.js:298:28)
    at new Promise (&lt;anonymous&gt;)
    at callAsyncCircusFn (C:\Users\Cheem\OneDrive\Coding\clipsCommerce\node_modules\jest-circus\build\utils.js:231:10)
    at _callCircusTest (C:\Users\Cheem\OneDrive\Coding\clipsCommerce\node_modules\jest-circus\build\run.js:316:40)
    at processTicksAndRejections (node:internal/process/task_queues:105:5)
    at _runTest (C:\Users\Cheem\OneDrive\Coding\clipsCommerce\node_modules\jest-circus\build\run.js:252:3)
    at _runTestsForDescribeBlock (C:\Users\Cheem\OneDrive\Coding\clipsCommerce\node_modules\jest-circus\build\run.js:126:9)
    at _runTestsForDescribeBlock (C:\Users\Cheem\OneDrive\Coding\clipsCommerce\node_modules\jest-circus\build\run.js:121:9)
    at run (C:\Users\Cheem\OneDrive\Coding\clipsCommerce\node_modules\jest-circus\build\run.js:71:3)
    at runAndTransformResultsToJestFormat (C:\Users\Cheem\OneDrive\Coding\clipsCommerce\node_modules\jest-circus\build\legacy-code-todo-rewrite\jestAdapterInit.js:122:21)
    at jestAdapter (C:\Users\Cheem\OneDrive\Coding\clipsCommerce\node_modules\jest-circus\build\legacy-code-todo-rewrite\jestAdapter.js:79:19)
    at runTestInternal (C:\Users\Cheem\OneDrive\Coding\clipsCommerce\node_modules\jest-runner\build\runTest.js:367:16)
    at runTest (C:\Users\Cheem\OneDrive\Coding\clipsCommerce\node_modules\jest-runner\build\runTest.js:444:34)
    at Object.worker (C:\Users\Cheem\OneDrive\Coding\clipsCommerce\node_modules\jest-runner\build\testWorker.js:106:12)</failure>
    </testcase>
    <testcase classname="TeamSettingsPage switches between settings tabs" name="TeamSettingsPage switches between settings tabs" time="0.016">
      <failure>Error: Element type is invalid: expected a string (for built-in components) or a class/function (for composite components) but got: object.

Check the render method of `TeamSettingsPage`.
    at createFiberFromTypeAndProps (C:\Users\Cheem\OneDrive\Coding\clipsCommerce\node_modules\react-dom\cjs\react-dom-client.development.js:4259:28)
    at createFiberFromElement (C:\Users\Cheem\OneDrive\Coding\clipsCommerce\node_modules\react-dom\cjs\react-dom-client.development.js:4273:14)
    at createChild (C:\Users\Cheem\OneDrive\Coding\clipsCommerce\node_modules\react-dom\cjs\react-dom-client.development.js:7297:26)
    at reconcileChildrenArray (C:\Users\Cheem\OneDrive\Coding\clipsCommerce\node_modules\react-dom\cjs\react-dom-client.development.js:7629:25)
    at reconcileChildFibersImpl (C:\Users\Cheem\OneDrive\Coding\clipsCommerce\node_modules\react-dom\cjs\react-dom-client.development.js:7952:30)
    at C:\Users\Cheem\OneDrive\Coding\clipsCommerce\node_modules\react-dom\cjs\react-dom-client.development.js:8057:33
    at reconcileChildren (C:\Users\Cheem\OneDrive\Coding\clipsCommerce\node_modules\react-dom\cjs\react-dom-client.development.js:8621:13)
    at beginWork (C:\Users\Cheem\OneDrive\Coding\clipsCommerce\node_modules\react-dom\cjs\react-dom-client.development.js:10793:13)
    at runWithFiberInDEV (C:\Users\Cheem\OneDrive\Coding\clipsCommerce\node_modules\react-dom\cjs\react-dom-client.development.js:1522:13)
    at performUnitOfWork (C:\Users\Cheem\OneDrive\Coding\clipsCommerce\node_modules\react-dom\cjs\react-dom-client.development.js:15140:22)
    at workLoopSync (C:\Users\Cheem\OneDrive\Coding\clipsCommerce\node_modules\react-dom\cjs\react-dom-client.development.js:14956:41)
    at renderRootSync (C:\Users\Cheem\OneDrive\Coding\clipsCommerce\node_modules\react-dom\cjs\react-dom-client.development.js:14936:11)
    at performWorkOnRoot (C:\Users\Cheem\OneDrive\Coding\clipsCommerce\node_modules\react-dom\cjs\react-dom-client.development.js:14462:44)
    at performWorkOnRootViaSchedulerTask (C:\Users\Cheem\OneDrive\Coding\clipsCommerce\node_modules\react-dom\cjs\react-dom-client.development.js:16216:7)
    at flushActQueue (C:\Users\Cheem\OneDrive\Coding\clipsCommerce\node_modules\react\cjs\react.development.js:566:34)
    at Object.&lt;anonymous&gt;.process.env.NODE_ENV.exports.act (C:\Users\Cheem\OneDrive\Coding\clipsCommerce\node_modules\react\cjs\react.development.js:859:10)
    at C:\Users\Cheem\OneDrive\Coding\clipsCommerce\node_modules\@testing-library\react\dist\act-compat.js:47:25
    at renderRoot (C:\Users\Cheem\OneDrive\Coding\clipsCommerce\node_modules\@testing-library\react\dist\pure.js:190:26)
    at render (C:\Users\Cheem\OneDrive\Coding\clipsCommerce\node_modules\@testing-library\react\dist\pure.js:292:10)
    at Object.&lt;anonymous&gt; (C:\Users\Cheem\OneDrive\Coding\clipsCommerce\src\__tests__\team-dashboard-settings.test.tsx:74:11)
    at Promise.then.completed (C:\Users\Cheem\OneDrive\Coding\clipsCommerce\node_modules\jest-circus\build\utils.js:298:28)
    at new Promise (&lt;anonymous&gt;)
    at callAsyncCircusFn (C:\Users\Cheem\OneDrive\Coding\clipsCommerce\node_modules\jest-circus\build\utils.js:231:10)
    at _callCircusTest (C:\Users\Cheem\OneDrive\Coding\clipsCommerce\node_modules\jest-circus\build\run.js:316:40)
    at processTicksAndRejections (node:internal/process/task_queues:105:5)
    at _runTest (C:\Users\Cheem\OneDrive\Coding\clipsCommerce\node_modules\jest-circus\build\run.js:252:3)
    at _runTestsForDescribeBlock (C:\Users\Cheem\OneDrive\Coding\clipsCommerce\node_modules\jest-circus\build\run.js:126:9)
    at _runTestsForDescribeBlock (C:\Users\Cheem\OneDrive\Coding\clipsCommerce\node_modules\jest-circus\build\run.js:121:9)
    at run (C:\Users\Cheem\OneDrive\Coding\clipsCommerce\node_modules\jest-circus\build\run.js:71:3)
    at runAndTransformResultsToJestFormat (C:\Users\Cheem\OneDrive\Coding\clipsCommerce\node_modules\jest-circus\build\legacy-code-todo-rewrite\jestAdapterInit.js:122:21)
    at jestAdapter (C:\Users\Cheem\OneDrive\Coding\clipsCommerce\node_modules\jest-circus\build\legacy-code-todo-rewrite\jestAdapter.js:79:19)
    at runTestInternal (C:\Users\Cheem\OneDrive\Coding\clipsCommerce\node_modules\jest-runner\build\runTest.js:367:16)
    at runTest (C:\Users\Cheem\OneDrive\Coding\clipsCommerce\node_modules\jest-runner\build\runTest.js:444:34)
    at Object.worker (C:\Users\Cheem\OneDrive\Coding\clipsCommerce\node_modules\jest-runner\build\testWorker.js:106:12)</failure>
    </testcase>
    <testcase classname="TeamSettingsPage displays team members in team tab" name="TeamSettingsPage displays team members in team tab" time="0.014">
      <failure>Error: Element type is invalid: expected a string (for built-in components) or a class/function (for composite components) but got: object.

Check the render method of `TeamSettingsPage`.
    at createFiberFromTypeAndProps (C:\Users\Cheem\OneDrive\Coding\clipsCommerce\node_modules\react-dom\cjs\react-dom-client.development.js:4259:28)
    at createFiberFromElement (C:\Users\Cheem\OneDrive\Coding\clipsCommerce\node_modules\react-dom\cjs\react-dom-client.development.js:4273:14)
    at createChild (C:\Users\Cheem\OneDrive\Coding\clipsCommerce\node_modules\react-dom\cjs\react-dom-client.development.js:7297:26)
    at reconcileChildrenArray (C:\Users\Cheem\OneDrive\Coding\clipsCommerce\node_modules\react-dom\cjs\react-dom-client.development.js:7629:25)
    at reconcileChildFibersImpl (C:\Users\Cheem\OneDrive\Coding\clipsCommerce\node_modules\react-dom\cjs\react-dom-client.development.js:7952:30)
    at C:\Users\Cheem\OneDrive\Coding\clipsCommerce\node_modules\react-dom\cjs\react-dom-client.development.js:8057:33
    at reconcileChildren (C:\Users\Cheem\OneDrive\Coding\clipsCommerce\node_modules\react-dom\cjs\react-dom-client.development.js:8621:13)
    at beginWork (C:\Users\Cheem\OneDrive\Coding\clipsCommerce\node_modules\react-dom\cjs\react-dom-client.development.js:10793:13)
    at runWithFiberInDEV (C:\Users\Cheem\OneDrive\Coding\clipsCommerce\node_modules\react-dom\cjs\react-dom-client.development.js:1522:13)
    at performUnitOfWork (C:\Users\Cheem\OneDrive\Coding\clipsCommerce\node_modules\react-dom\cjs\react-dom-client.development.js:15140:22)
    at workLoopSync (C:\Users\Cheem\OneDrive\Coding\clipsCommerce\node_modules\react-dom\cjs\react-dom-client.development.js:14956:41)
    at renderRootSync (C:\Users\Cheem\OneDrive\Coding\clipsCommerce\node_modules\react-dom\cjs\react-dom-client.development.js:14936:11)
    at performWorkOnRoot (C:\Users\Cheem\OneDrive\Coding\clipsCommerce\node_modules\react-dom\cjs\react-dom-client.development.js:14462:44)
    at performWorkOnRootViaSchedulerTask (C:\Users\Cheem\OneDrive\Coding\clipsCommerce\node_modules\react-dom\cjs\react-dom-client.development.js:16216:7)
    at flushActQueue (C:\Users\Cheem\OneDrive\Coding\clipsCommerce\node_modules\react\cjs\react.development.js:566:34)
    at Object.&lt;anonymous&gt;.process.env.NODE_ENV.exports.act (C:\Users\Cheem\OneDrive\Coding\clipsCommerce\node_modules\react\cjs\react.development.js:859:10)
    at C:\Users\Cheem\OneDrive\Coding\clipsCommerce\node_modules\@testing-library\react\dist\act-compat.js:47:25
    at renderRoot (C:\Users\Cheem\OneDrive\Coding\clipsCommerce\node_modules\@testing-library\react\dist\pure.js:190:26)
    at render (C:\Users\Cheem\OneDrive\Coding\clipsCommerce\node_modules\@testing-library\react\dist\pure.js:292:10)
    at Object.&lt;anonymous&gt; (C:\Users\Cheem\OneDrive\Coding\clipsCommerce\src\__tests__\team-dashboard-settings.test.tsx:88:11)
    at Promise.then.completed (C:\Users\Cheem\OneDrive\Coding\clipsCommerce\node_modules\jest-circus\build\utils.js:298:28)
    at new Promise (&lt;anonymous&gt;)
    at callAsyncCircusFn (C:\Users\Cheem\OneDrive\Coding\clipsCommerce\node_modules\jest-circus\build\utils.js:231:10)
    at _callCircusTest (C:\Users\Cheem\OneDrive\Coding\clipsCommerce\node_modules\jest-circus\build\run.js:316:40)
    at processTicksAndRejections (node:internal/process/task_queues:105:5)
    at _runTest (C:\Users\Cheem\OneDrive\Coding\clipsCommerce\node_modules\jest-circus\build\run.js:252:3)
    at _runTestsForDescribeBlock (C:\Users\Cheem\OneDrive\Coding\clipsCommerce\node_modules\jest-circus\build\run.js:126:9)
    at _runTestsForDescribeBlock (C:\Users\Cheem\OneDrive\Coding\clipsCommerce\node_modules\jest-circus\build\run.js:121:9)
    at run (C:\Users\Cheem\OneDrive\Coding\clipsCommerce\node_modules\jest-circus\build\run.js:71:3)
    at runAndTransformResultsToJestFormat (C:\Users\Cheem\OneDrive\Coding\clipsCommerce\node_modules\jest-circus\build\legacy-code-todo-rewrite\jestAdapterInit.js:122:21)
    at jestAdapter (C:\Users\Cheem\OneDrive\Coding\clipsCommerce\node_modules\jest-circus\build\legacy-code-todo-rewrite\jestAdapter.js:79:19)
    at runTestInternal (C:\Users\Cheem\OneDrive\Coding\clipsCommerce\node_modules\jest-runner\build\runTest.js:367:16)
    at runTest (C:\Users\Cheem\OneDrive\Coding\clipsCommerce\node_modules\jest-runner\build\runTest.js:444:34)
    at Object.worker (C:\Users\Cheem\OneDrive\Coding\clipsCommerce\node_modules\jest-runner\build\testWorker.js:106:12)</failure>
    </testcase>
    <testcase classname="TeamSettingsPage displays notification settings" name="TeamSettingsPage displays notification settings" time="0.021">
      <failure>Error: Element type is invalid: expected a string (for built-in components) or a class/function (for composite components) but got: object.

Check the render method of `TeamSettingsPage`.
    at createFiberFromTypeAndProps (C:\Users\Cheem\OneDrive\Coding\clipsCommerce\node_modules\react-dom\cjs\react-dom-client.development.js:4259:28)
    at createFiberFromElement (C:\Users\Cheem\OneDrive\Coding\clipsCommerce\node_modules\react-dom\cjs\react-dom-client.development.js:4273:14)
    at createChild (C:\Users\Cheem\OneDrive\Coding\clipsCommerce\node_modules\react-dom\cjs\react-dom-client.development.js:7297:26)
    at reconcileChildrenArray (C:\Users\Cheem\OneDrive\Coding\clipsCommerce\node_modules\react-dom\cjs\react-dom-client.development.js:7629:25)
    at reconcileChildFibersImpl (C:\Users\Cheem\OneDrive\Coding\clipsCommerce\node_modules\react-dom\cjs\react-dom-client.development.js:7952:30)
    at C:\Users\Cheem\OneDrive\Coding\clipsCommerce\node_modules\react-dom\cjs\react-dom-client.development.js:8057:33
    at reconcileChildren (C:\Users\Cheem\OneDrive\Coding\clipsCommerce\node_modules\react-dom\cjs\react-dom-client.development.js:8621:13)
    at beginWork (C:\Users\Cheem\OneDrive\Coding\clipsCommerce\node_modules\react-dom\cjs\react-dom-client.development.js:10793:13)
    at runWithFiberInDEV (C:\Users\Cheem\OneDrive\Coding\clipsCommerce\node_modules\react-dom\cjs\react-dom-client.development.js:1522:13)
    at performUnitOfWork (C:\Users\Cheem\OneDrive\Coding\clipsCommerce\node_modules\react-dom\cjs\react-dom-client.development.js:15140:22)
    at workLoopSync (C:\Users\Cheem\OneDrive\Coding\clipsCommerce\node_modules\react-dom\cjs\react-dom-client.development.js:14956:41)
    at renderRootSync (C:\Users\Cheem\OneDrive\Coding\clipsCommerce\node_modules\react-dom\cjs\react-dom-client.development.js:14936:11)
    at performWorkOnRoot (C:\Users\Cheem\OneDrive\Coding\clipsCommerce\node_modules\react-dom\cjs\react-dom-client.development.js:14462:44)
    at performWorkOnRootViaSchedulerTask (C:\Users\Cheem\OneDrive\Coding\clipsCommerce\node_modules\react-dom\cjs\react-dom-client.development.js:16216:7)
    at flushActQueue (C:\Users\Cheem\OneDrive\Coding\clipsCommerce\node_modules\react\cjs\react.development.js:566:34)
    at Object.&lt;anonymous&gt;.process.env.NODE_ENV.exports.act (C:\Users\Cheem\OneDrive\Coding\clipsCommerce\node_modules\react\cjs\react.development.js:859:10)
    at C:\Users\Cheem\OneDrive\Coding\clipsCommerce\node_modules\@testing-library\react\dist\act-compat.js:47:25
    at renderRoot (C:\Users\Cheem\OneDrive\Coding\clipsCommerce\node_modules\@testing-library\react\dist\pure.js:190:26)
    at render (C:\Users\Cheem\OneDrive\Coding\clipsCommerce\node_modules\@testing-library\react\dist\pure.js:292:10)
    at Object.&lt;anonymous&gt; (C:\Users\Cheem\OneDrive\Coding\clipsCommerce\src\__tests__\team-dashboard-settings.test.tsx:101:11)
    at Promise.then.completed (C:\Users\Cheem\OneDrive\Coding\clipsCommerce\node_modules\jest-circus\build\utils.js:298:28)
    at new Promise (&lt;anonymous&gt;)
    at callAsyncCircusFn (C:\Users\Cheem\OneDrive\Coding\clipsCommerce\node_modules\jest-circus\build\utils.js:231:10)
    at _callCircusTest (C:\Users\Cheem\OneDrive\Coding\clipsCommerce\node_modules\jest-circus\build\run.js:316:40)
    at processTicksAndRejections (node:internal/process/task_queues:105:5)
    at _runTest (C:\Users\Cheem\OneDrive\Coding\clipsCommerce\node_modules\jest-circus\build\run.js:252:3)
    at _runTestsForDescribeBlock (C:\Users\Cheem\OneDrive\Coding\clipsCommerce\node_modules\jest-circus\build\run.js:126:9)
    at _runTestsForDescribeBlock (C:\Users\Cheem\OneDrive\Coding\clipsCommerce\node_modules\jest-circus\build\run.js:121:9)
    at run (C:\Users\Cheem\OneDrive\Coding\clipsCommerce\node_modules\jest-circus\build\run.js:71:3)
    at runAndTransformResultsToJestFormat (C:\Users\Cheem\OneDrive\Coding\clipsCommerce\node_modules\jest-circus\build\legacy-code-todo-rewrite\jestAdapterInit.js:122:21)
    at jestAdapter (C:\Users\Cheem\OneDrive\Coding\clipsCommerce\node_modules\jest-circus\build\legacy-code-todo-rewrite\jestAdapter.js:79:19)
    at runTestInternal (C:\Users\Cheem\OneDrive\Coding\clipsCommerce\node_modules\jest-runner\build\runTest.js:367:16)
    at runTest (C:\Users\Cheem\OneDrive\Coding\clipsCommerce\node_modules\jest-runner\build\runTest.js:444:34)
    at Object.worker (C:\Users\Cheem\OneDrive\Coding\clipsCommerce\node_modules\jest-runner\build\testWorker.js:106:12)</failure>
    </testcase>
    <testcase classname="TeamSettingsPage displays security settings" name="TeamSettingsPage displays security settings" time="0.015">
      <failure>Error: Element type is invalid: expected a string (for built-in components) or a class/function (for composite components) but got: object.

Check the render method of `TeamSettingsPage`.
    at createFiberFromTypeAndProps (C:\Users\Cheem\OneDrive\Coding\clipsCommerce\node_modules\react-dom\cjs\react-dom-client.development.js:4259:28)
    at createFiberFromElement (C:\Users\Cheem\OneDrive\Coding\clipsCommerce\node_modules\react-dom\cjs\react-dom-client.development.js:4273:14)
    at createChild (C:\Users\Cheem\OneDrive\Coding\clipsCommerce\node_modules\react-dom\cjs\react-dom-client.development.js:7297:26)
    at reconcileChildrenArray (C:\Users\Cheem\OneDrive\Coding\clipsCommerce\node_modules\react-dom\cjs\react-dom-client.development.js:7629:25)
    at reconcileChildFibersImpl (C:\Users\Cheem\OneDrive\Coding\clipsCommerce\node_modules\react-dom\cjs\react-dom-client.development.js:7952:30)
    at C:\Users\Cheem\OneDrive\Coding\clipsCommerce\node_modules\react-dom\cjs\react-dom-client.development.js:8057:33
    at reconcileChildren (C:\Users\Cheem\OneDrive\Coding\clipsCommerce\node_modules\react-dom\cjs\react-dom-client.development.js:8621:13)
    at beginWork (C:\Users\Cheem\OneDrive\Coding\clipsCommerce\node_modules\react-dom\cjs\react-dom-client.development.js:10793:13)
    at runWithFiberInDEV (C:\Users\Cheem\OneDrive\Coding\clipsCommerce\node_modules\react-dom\cjs\react-dom-client.development.js:1522:13)
    at performUnitOfWork (C:\Users\Cheem\OneDrive\Coding\clipsCommerce\node_modules\react-dom\cjs\react-dom-client.development.js:15140:22)
    at workLoopSync (C:\Users\Cheem\OneDrive\Coding\clipsCommerce\node_modules\react-dom\cjs\react-dom-client.development.js:14956:41)
    at renderRootSync (C:\Users\Cheem\OneDrive\Coding\clipsCommerce\node_modules\react-dom\cjs\react-dom-client.development.js:14936:11)
    at performWorkOnRoot (C:\Users\Cheem\OneDrive\Coding\clipsCommerce\node_modules\react-dom\cjs\react-dom-client.development.js:14462:44)
    at performWorkOnRootViaSchedulerTask (C:\Users\Cheem\OneDrive\Coding\clipsCommerce\node_modules\react-dom\cjs\react-dom-client.development.js:16216:7)
    at flushActQueue (C:\Users\Cheem\OneDrive\Coding\clipsCommerce\node_modules\react\cjs\react.development.js:566:34)
    at Object.&lt;anonymous&gt;.process.env.NODE_ENV.exports.act (C:\Users\Cheem\OneDrive\Coding\clipsCommerce\node_modules\react\cjs\react.development.js:859:10)
    at C:\Users\Cheem\OneDrive\Coding\clipsCommerce\node_modules\@testing-library\react\dist\act-compat.js:47:25
    at renderRoot (C:\Users\Cheem\OneDrive\Coding\clipsCommerce\node_modules\@testing-library\react\dist\pure.js:190:26)
    at render (C:\Users\Cheem\OneDrive\Coding\clipsCommerce\node_modules\@testing-library\react\dist\pure.js:292:10)
    at Object.&lt;anonymous&gt; (C:\Users\Cheem\OneDrive\Coding\clipsCommerce\src\__tests__\team-dashboard-settings.test.tsx:113:11)
    at Promise.then.completed (C:\Users\Cheem\OneDrive\Coding\clipsCommerce\node_modules\jest-circus\build\utils.js:298:28)
    at new Promise (&lt;anonymous&gt;)
    at callAsyncCircusFn (C:\Users\Cheem\OneDrive\Coding\clipsCommerce\node_modules\jest-circus\build\utils.js:231:10)
    at _callCircusTest (C:\Users\Cheem\OneDrive\Coding\clipsCommerce\node_modules\jest-circus\build\run.js:316:40)
    at processTicksAndRejections (node:internal/process/task_queues:105:5)
    at _runTest (C:\Users\Cheem\OneDrive\Coding\clipsCommerce\node_modules\jest-circus\build\run.js:252:3)
    at _runTestsForDescribeBlock (C:\Users\Cheem\OneDrive\Coding\clipsCommerce\node_modules\jest-circus\build\run.js:126:9)
    at _runTestsForDescribeBlock (C:\Users\Cheem\OneDrive\Coding\clipsCommerce\node_modules\jest-circus\build\run.js:121:9)
    at run (C:\Users\Cheem\OneDrive\Coding\clipsCommerce\node_modules\jest-circus\build\run.js:71:3)
    at runAndTransformResultsToJestFormat (C:\Users\Cheem\OneDrive\Coding\clipsCommerce\node_modules\jest-circus\build\legacy-code-todo-rewrite\jestAdapterInit.js:122:21)
    at jestAdapter (C:\Users\Cheem\OneDrive\Coding\clipsCommerce\node_modules\jest-circus\build\legacy-code-todo-rewrite\jestAdapter.js:79:19)
    at runTestInternal (C:\Users\Cheem\OneDrive\Coding\clipsCommerce\node_modules\jest-runner\build\runTest.js:367:16)
    at runTest (C:\Users\Cheem\OneDrive\Coding\clipsCommerce\node_modules\jest-runner\build\runTest.js:444:34)
    at Object.worker (C:\Users\Cheem\OneDrive\Coding\clipsCommerce\node_modules\jest-runner\build\testWorker.js:106:12)</failure>
    </testcase>
    <testcase classname="TeamSettingsPage displays platform integrations" name="TeamSettingsPage displays platform integrations" time="0.016">
      <failure>Error: Element type is invalid: expected a string (for built-in components) or a class/function (for composite components) but got: object.

Check the render method of `TeamSettingsPage`.
    at createFiberFromTypeAndProps (C:\Users\Cheem\OneDrive\Coding\clipsCommerce\node_modules\react-dom\cjs\react-dom-client.development.js:4259:28)
    at createFiberFromElement (C:\Users\Cheem\OneDrive\Coding\clipsCommerce\node_modules\react-dom\cjs\react-dom-client.development.js:4273:14)
    at createChild (C:\Users\Cheem\OneDrive\Coding\clipsCommerce\node_modules\react-dom\cjs\react-dom-client.development.js:7297:26)
    at reconcileChildrenArray (C:\Users\Cheem\OneDrive\Coding\clipsCommerce\node_modules\react-dom\cjs\react-dom-client.development.js:7629:25)
    at reconcileChildFibersImpl (C:\Users\Cheem\OneDrive\Coding\clipsCommerce\node_modules\react-dom\cjs\react-dom-client.development.js:7952:30)
    at C:\Users\Cheem\OneDrive\Coding\clipsCommerce\node_modules\react-dom\cjs\react-dom-client.development.js:8057:33
    at reconcileChildren (C:\Users\Cheem\OneDrive\Coding\clipsCommerce\node_modules\react-dom\cjs\react-dom-client.development.js:8621:13)
    at beginWork (C:\Users\Cheem\OneDrive\Coding\clipsCommerce\node_modules\react-dom\cjs\react-dom-client.development.js:10793:13)
    at runWithFiberInDEV (C:\Users\Cheem\OneDrive\Coding\clipsCommerce\node_modules\react-dom\cjs\react-dom-client.development.js:1522:13)
    at performUnitOfWork (C:\Users\Cheem\OneDrive\Coding\clipsCommerce\node_modules\react-dom\cjs\react-dom-client.development.js:15140:22)
    at workLoopSync (C:\Users\Cheem\OneDrive\Coding\clipsCommerce\node_modules\react-dom\cjs\react-dom-client.development.js:14956:41)
    at renderRootSync (C:\Users\Cheem\OneDrive\Coding\clipsCommerce\node_modules\react-dom\cjs\react-dom-client.development.js:14936:11)
    at performWorkOnRoot (C:\Users\Cheem\OneDrive\Coding\clipsCommerce\node_modules\react-dom\cjs\react-dom-client.development.js:14462:44)
    at performWorkOnRootViaSchedulerTask (C:\Users\Cheem\OneDrive\Coding\clipsCommerce\node_modules\react-dom\cjs\react-dom-client.development.js:16216:7)
    at flushActQueue (C:\Users\Cheem\OneDrive\Coding\clipsCommerce\node_modules\react\cjs\react.development.js:566:34)
    at Object.&lt;anonymous&gt;.process.env.NODE_ENV.exports.act (C:\Users\Cheem\OneDrive\Coding\clipsCommerce\node_modules\react\cjs\react.development.js:859:10)
    at C:\Users\Cheem\OneDrive\Coding\clipsCommerce\node_modules\@testing-library\react\dist\act-compat.js:47:25
    at renderRoot (C:\Users\Cheem\OneDrive\Coding\clipsCommerce\node_modules\@testing-library\react\dist\pure.js:190:26)
    at render (C:\Users\Cheem\OneDrive\Coding\clipsCommerce\node_modules\@testing-library\react\dist\pure.js:292:10)
    at Object.&lt;anonymous&gt; (C:\Users\Cheem\OneDrive\Coding\clipsCommerce\src\__tests__\team-dashboard-settings.test.tsx:125:11)
    at Promise.then.completed (C:\Users\Cheem\OneDrive\Coding\clipsCommerce\node_modules\jest-circus\build\utils.js:298:28)
    at new Promise (&lt;anonymous&gt;)
    at callAsyncCircusFn (C:\Users\Cheem\OneDrive\Coding\clipsCommerce\node_modules\jest-circus\build\utils.js:231:10)
    at _callCircusTest (C:\Users\Cheem\OneDrive\Coding\clipsCommerce\node_modules\jest-circus\build\run.js:316:40)
    at processTicksAndRejections (node:internal/process/task_queues:105:5)
    at _runTest (C:\Users\Cheem\OneDrive\Coding\clipsCommerce\node_modules\jest-circus\build\run.js:252:3)
    at _runTestsForDescribeBlock (C:\Users\Cheem\OneDrive\Coding\clipsCommerce\node_modules\jest-circus\build\run.js:126:9)
    at _runTestsForDescribeBlock (C:\Users\Cheem\OneDrive\Coding\clipsCommerce\node_modules\jest-circus\build\run.js:121:9)
    at run (C:\Users\Cheem\OneDrive\Coding\clipsCommerce\node_modules\jest-circus\build\run.js:71:3)
    at runAndTransformResultsToJestFormat (C:\Users\Cheem\OneDrive\Coding\clipsCommerce\node_modules\jest-circus\build\legacy-code-todo-rewrite\jestAdapterInit.js:122:21)
    at jestAdapter (C:\Users\Cheem\OneDrive\Coding\clipsCommerce\node_modules\jest-circus\build\legacy-code-todo-rewrite\jestAdapter.js:79:19)
    at runTestInternal (C:\Users\Cheem\OneDrive\Coding\clipsCommerce\node_modules\jest-runner\build\runTest.js:367:16)
    at runTest (C:\Users\Cheem\OneDrive\Coding\clipsCommerce\node_modules\jest-runner\build\runTest.js:444:34)
    at Object.worker (C:\Users\Cheem\OneDrive\Coding\clipsCommerce\node_modules\jest-runner\build\testWorker.js:106:12)</failure>
    </testcase>
    <testcase classname="TeamSettingsPage displays billing information" name="TeamSettingsPage displays billing information" time="0.013">
      <failure>Error: Element type is invalid: expected a string (for built-in components) or a class/function (for composite components) but got: object.

Check the render method of `TeamSettingsPage`.
    at createFiberFromTypeAndProps (C:\Users\Cheem\OneDrive\Coding\clipsCommerce\node_modules\react-dom\cjs\react-dom-client.development.js:4259:28)
    at createFiberFromElement (C:\Users\Cheem\OneDrive\Coding\clipsCommerce\node_modules\react-dom\cjs\react-dom-client.development.js:4273:14)
    at createChild (C:\Users\Cheem\OneDrive\Coding\clipsCommerce\node_modules\react-dom\cjs\react-dom-client.development.js:7297:26)
    at reconcileChildrenArray (C:\Users\Cheem\OneDrive\Coding\clipsCommerce\node_modules\react-dom\cjs\react-dom-client.development.js:7629:25)
    at reconcileChildFibersImpl (C:\Users\Cheem\OneDrive\Coding\clipsCommerce\node_modules\react-dom\cjs\react-dom-client.development.js:7952:30)
    at C:\Users\Cheem\OneDrive\Coding\clipsCommerce\node_modules\react-dom\cjs\react-dom-client.development.js:8057:33
    at reconcileChildren (C:\Users\Cheem\OneDrive\Coding\clipsCommerce\node_modules\react-dom\cjs\react-dom-client.development.js:8621:13)
    at beginWork (C:\Users\Cheem\OneDrive\Coding\clipsCommerce\node_modules\react-dom\cjs\react-dom-client.development.js:10793:13)
    at runWithFiberInDEV (C:\Users\Cheem\OneDrive\Coding\clipsCommerce\node_modules\react-dom\cjs\react-dom-client.development.js:1522:13)
    at performUnitOfWork (C:\Users\Cheem\OneDrive\Coding\clipsCommerce\node_modules\react-dom\cjs\react-dom-client.development.js:15140:22)
    at workLoopSync (C:\Users\Cheem\OneDrive\Coding\clipsCommerce\node_modules\react-dom\cjs\react-dom-client.development.js:14956:41)
    at renderRootSync (C:\Users\Cheem\OneDrive\Coding\clipsCommerce\node_modules\react-dom\cjs\react-dom-client.development.js:14936:11)
    at performWorkOnRoot (C:\Users\Cheem\OneDrive\Coding\clipsCommerce\node_modules\react-dom\cjs\react-dom-client.development.js:14462:44)
    at performWorkOnRootViaSchedulerTask (C:\Users\Cheem\OneDrive\Coding\clipsCommerce\node_modules\react-dom\cjs\react-dom-client.development.js:16216:7)
    at flushActQueue (C:\Users\Cheem\OneDrive\Coding\clipsCommerce\node_modules\react\cjs\react.development.js:566:34)
    at Object.&lt;anonymous&gt;.process.env.NODE_ENV.exports.act (C:\Users\Cheem\OneDrive\Coding\clipsCommerce\node_modules\react\cjs\react.development.js:859:10)
    at C:\Users\Cheem\OneDrive\Coding\clipsCommerce\node_modules\@testing-library\react\dist\act-compat.js:47:25
    at renderRoot (C:\Users\Cheem\OneDrive\Coding\clipsCommerce\node_modules\@testing-library\react\dist\pure.js:190:26)
    at render (C:\Users\Cheem\OneDrive\Coding\clipsCommerce\node_modules\@testing-library\react\dist\pure.js:292:10)
    at Object.&lt;anonymous&gt; (C:\Users\Cheem\OneDrive\Coding\clipsCommerce\src\__tests__\team-dashboard-settings.test.tsx:137:11)
    at Promise.then.completed (C:\Users\Cheem\OneDrive\Coding\clipsCommerce\node_modules\jest-circus\build\utils.js:298:28)
    at new Promise (&lt;anonymous&gt;)
    at callAsyncCircusFn (C:\Users\Cheem\OneDrive\Coding\clipsCommerce\node_modules\jest-circus\build\utils.js:231:10)
    at _callCircusTest (C:\Users\Cheem\OneDrive\Coding\clipsCommerce\node_modules\jest-circus\build\run.js:316:40)
    at processTicksAndRejections (node:internal/process/task_queues:105:5)
    at _runTest (C:\Users\Cheem\OneDrive\Coding\clipsCommerce\node_modules\jest-circus\build\run.js:252:3)
    at _runTestsForDescribeBlock (C:\Users\Cheem\OneDrive\Coding\clipsCommerce\node_modules\jest-circus\build\run.js:126:9)
    at _runTestsForDescribeBlock (C:\Users\Cheem\OneDrive\Coding\clipsCommerce\node_modules\jest-circus\build\run.js:121:9)
    at run (C:\Users\Cheem\OneDrive\Coding\clipsCommerce\node_modules\jest-circus\build\run.js:71:3)
    at runAndTransformResultsToJestFormat (C:\Users\Cheem\OneDrive\Coding\clipsCommerce\node_modules\jest-circus\build\legacy-code-todo-rewrite\jestAdapterInit.js:122:21)
    at jestAdapter (C:\Users\Cheem\OneDrive\Coding\clipsCommerce\node_modules\jest-circus\build\legacy-code-todo-rewrite\jestAdapter.js:79:19)
    at runTestInternal (C:\Users\Cheem\OneDrive\Coding\clipsCommerce\node_modules\jest-runner\build\runTest.js:367:16)
    at runTest (C:\Users\Cheem\OneDrive\Coding\clipsCommerce\node_modules\jest-runner\build\runTest.js:444:34)
    at Object.worker (C:\Users\Cheem\OneDrive\Coding\clipsCommerce\node_modules\jest-runner\build\testWorker.js:106:12)</failure>
    </testcase>
    <testcase classname="TeamSettingsPage handles save button click" name="TeamSettingsPage handles save button click" time="0.013">
      <failure>Error: Element type is invalid: expected a string (for built-in components) or a class/function (for composite components) but got: object.

Check the render method of `TeamSettingsPage`.
    at createFiberFromTypeAndProps (C:\Users\Cheem\OneDrive\Coding\clipsCommerce\node_modules\react-dom\cjs\react-dom-client.development.js:4259:28)
    at createFiberFromElement (C:\Users\Cheem\OneDrive\Coding\clipsCommerce\node_modules\react-dom\cjs\react-dom-client.development.js:4273:14)
    at createChild (C:\Users\Cheem\OneDrive\Coding\clipsCommerce\node_modules\react-dom\cjs\react-dom-client.development.js:7297:26)
    at reconcileChildrenArray (C:\Users\Cheem\OneDrive\Coding\clipsCommerce\node_modules\react-dom\cjs\react-dom-client.development.js:7629:25)
    at reconcileChildFibersImpl (C:\Users\Cheem\OneDrive\Coding\clipsCommerce\node_modules\react-dom\cjs\react-dom-client.development.js:7952:30)
    at C:\Users\Cheem\OneDrive\Coding\clipsCommerce\node_modules\react-dom\cjs\react-dom-client.development.js:8057:33
    at reconcileChildren (C:\Users\Cheem\OneDrive\Coding\clipsCommerce\node_modules\react-dom\cjs\react-dom-client.development.js:8621:13)
    at beginWork (C:\Users\Cheem\OneDrive\Coding\clipsCommerce\node_modules\react-dom\cjs\react-dom-client.development.js:10793:13)
    at runWithFiberInDEV (C:\Users\Cheem\OneDrive\Coding\clipsCommerce\node_modules\react-dom\cjs\react-dom-client.development.js:1522:13)
    at performUnitOfWork (C:\Users\Cheem\OneDrive\Coding\clipsCommerce\node_modules\react-dom\cjs\react-dom-client.development.js:15140:22)
    at workLoopSync (C:\Users\Cheem\OneDrive\Coding\clipsCommerce\node_modules\react-dom\cjs\react-dom-client.development.js:14956:41)
    at renderRootSync (C:\Users\Cheem\OneDrive\Coding\clipsCommerce\node_modules\react-dom\cjs\react-dom-client.development.js:14936:11)
    at performWorkOnRoot (C:\Users\Cheem\OneDrive\Coding\clipsCommerce\node_modules\react-dom\cjs\react-dom-client.development.js:14462:44)
    at performWorkOnRootViaSchedulerTask (C:\Users\Cheem\OneDrive\Coding\clipsCommerce\node_modules\react-dom\cjs\react-dom-client.development.js:16216:7)
    at flushActQueue (C:\Users\Cheem\OneDrive\Coding\clipsCommerce\node_modules\react\cjs\react.development.js:566:34)
    at Object.&lt;anonymous&gt;.process.env.NODE_ENV.exports.act (C:\Users\Cheem\OneDrive\Coding\clipsCommerce\node_modules\react\cjs\react.development.js:859:10)
    at C:\Users\Cheem\OneDrive\Coding\clipsCommerce\node_modules\@testing-library\react\dist\act-compat.js:47:25
    at renderRoot (C:\Users\Cheem\OneDrive\Coding\clipsCommerce\node_modules\@testing-library\react\dist\pure.js:190:26)
    at render (C:\Users\Cheem\OneDrive\Coding\clipsCommerce\node_modules\@testing-library\react\dist\pure.js:292:10)
    at Object.&lt;anonymous&gt; (C:\Users\Cheem\OneDrive\Coding\clipsCommerce\src\__tests__\team-dashboard-settings.test.tsx:149:11)
    at Promise.then.completed (C:\Users\Cheem\OneDrive\Coding\clipsCommerce\node_modules\jest-circus\build\utils.js:298:28)
    at new Promise (&lt;anonymous&gt;)
    at callAsyncCircusFn (C:\Users\Cheem\OneDrive\Coding\clipsCommerce\node_modules\jest-circus\build\utils.js:231:10)
    at _callCircusTest (C:\Users\Cheem\OneDrive\Coding\clipsCommerce\node_modules\jest-circus\build\run.js:316:40)
    at processTicksAndRejections (node:internal/process/task_queues:105:5)
    at _runTest (C:\Users\Cheem\OneDrive\Coding\clipsCommerce\node_modules\jest-circus\build\run.js:252:3)
    at _runTestsForDescribeBlock (C:\Users\Cheem\OneDrive\Coding\clipsCommerce\node_modules\jest-circus\build\run.js:126:9)
    at _runTestsForDescribeBlock (C:\Users\Cheem\OneDrive\Coding\clipsCommerce\node_modules\jest-circus\build\run.js:121:9)
    at run (C:\Users\Cheem\OneDrive\Coding\clipsCommerce\node_modules\jest-circus\build\run.js:71:3)
    at runAndTransformResultsToJestFormat (C:\Users\Cheem\OneDrive\Coding\clipsCommerce\node_modules\jest-circus\build\legacy-code-todo-rewrite\jestAdapterInit.js:122:21)
    at jestAdapter (C:\Users\Cheem\OneDrive\Coding\clipsCommerce\node_modules\jest-circus\build\legacy-code-todo-rewrite\jestAdapter.js:79:19)
    at runTestInternal (C:\Users\Cheem\OneDrive\Coding\clipsCommerce\node_modules\jest-runner\build\runTest.js:367:16)
    at runTest (C:\Users\Cheem\OneDrive\Coding\clipsCommerce\node_modules\jest-runner\build\runTest.js:444:34)
    at Object.worker (C:\Users\Cheem\OneDrive\Coding\clipsCommerce\node_modules\jest-runner\build\testWorker.js:106:12)</failure>
    </testcase>
    <testcase classname="TeamSettingsPage handles input changes in general settings" name="TeamSettingsPage handles input changes in general settings" time="0.012">
      <failure>Error: Element type is invalid: expected a string (for built-in components) or a class/function (for composite components) but got: object.

Check the render method of `TeamSettingsPage`.
    at createFiberFromTypeAndProps (C:\Users\Cheem\OneDrive\Coding\clipsCommerce\node_modules\react-dom\cjs\react-dom-client.development.js:4259:28)
    at createFiberFromElement (C:\Users\Cheem\OneDrive\Coding\clipsCommerce\node_modules\react-dom\cjs\react-dom-client.development.js:4273:14)
    at createChild (C:\Users\Cheem\OneDrive\Coding\clipsCommerce\node_modules\react-dom\cjs\react-dom-client.development.js:7297:26)
    at reconcileChildrenArray (C:\Users\Cheem\OneDrive\Coding\clipsCommerce\node_modules\react-dom\cjs\react-dom-client.development.js:7629:25)
    at reconcileChildFibersImpl (C:\Users\Cheem\OneDrive\Coding\clipsCommerce\node_modules\react-dom\cjs\react-dom-client.development.js:7952:30)
    at C:\Users\Cheem\OneDrive\Coding\clipsCommerce\node_modules\react-dom\cjs\react-dom-client.development.js:8057:33
    at reconcileChildren (C:\Users\Cheem\OneDrive\Coding\clipsCommerce\node_modules\react-dom\cjs\react-dom-client.development.js:8621:13)
    at beginWork (C:\Users\Cheem\OneDrive\Coding\clipsCommerce\node_modules\react-dom\cjs\react-dom-client.development.js:10793:13)
    at runWithFiberInDEV (C:\Users\Cheem\OneDrive\Coding\clipsCommerce\node_modules\react-dom\cjs\react-dom-client.development.js:1522:13)
    at performUnitOfWork (C:\Users\Cheem\OneDrive\Coding\clipsCommerce\node_modules\react-dom\cjs\react-dom-client.development.js:15140:22)
    at workLoopSync (C:\Users\Cheem\OneDrive\Coding\clipsCommerce\node_modules\react-dom\cjs\react-dom-client.development.js:14956:41)
    at renderRootSync (C:\Users\Cheem\OneDrive\Coding\clipsCommerce\node_modules\react-dom\cjs\react-dom-client.development.js:14936:11)
    at performWorkOnRoot (C:\Users\Cheem\OneDrive\Coding\clipsCommerce\node_modules\react-dom\cjs\react-dom-client.development.js:14462:44)
    at performWorkOnRootViaSchedulerTask (C:\Users\Cheem\OneDrive\Coding\clipsCommerce\node_modules\react-dom\cjs\react-dom-client.development.js:16216:7)
    at flushActQueue (C:\Users\Cheem\OneDrive\Coding\clipsCommerce\node_modules\react\cjs\react.development.js:566:34)
    at Object.&lt;anonymous&gt;.process.env.NODE_ENV.exports.act (C:\Users\Cheem\OneDrive\Coding\clipsCommerce\node_modules\react\cjs\react.development.js:859:10)
    at C:\Users\Cheem\OneDrive\Coding\clipsCommerce\node_modules\@testing-library\react\dist\act-compat.js:47:25
    at renderRoot (C:\Users\Cheem\OneDrive\Coding\clipsCommerce\node_modules\@testing-library\react\dist\pure.js:190:26)
    at render (C:\Users\Cheem\OneDrive\Coding\clipsCommerce\node_modules\@testing-library\react\dist\pure.js:292:10)
    at Object.&lt;anonymous&gt; (C:\Users\Cheem\OneDrive\Coding\clipsCommerce\src\__tests__\team-dashboard-settings.test.tsx:159:11)
    at Promise.then.completed (C:\Users\Cheem\OneDrive\Coding\clipsCommerce\node_modules\jest-circus\build\utils.js:298:28)
    at new Promise (&lt;anonymous&gt;)
    at callAsyncCircusFn (C:\Users\Cheem\OneDrive\Coding\clipsCommerce\node_modules\jest-circus\build\utils.js:231:10)
    at _callCircusTest (C:\Users\Cheem\OneDrive\Coding\clipsCommerce\node_modules\jest-circus\build\run.js:316:40)
    at processTicksAndRejections (node:internal/process/task_queues:105:5)
    at _runTest (C:\Users\Cheem\OneDrive\Coding\clipsCommerce\node_modules\jest-circus\build\run.js:252:3)
    at _runTestsForDescribeBlock (C:\Users\Cheem\OneDrive\Coding\clipsCommerce\node_modules\jest-circus\build\run.js:126:9)
    at _runTestsForDescribeBlock (C:\Users\Cheem\OneDrive\Coding\clipsCommerce\node_modules\jest-circus\build\run.js:121:9)
    at run (C:\Users\Cheem\OneDrive\Coding\clipsCommerce\node_modules\jest-circus\build\run.js:71:3)
    at runAndTransformResultsToJestFormat (C:\Users\Cheem\OneDrive\Coding\clipsCommerce\node_modules\jest-circus\build\legacy-code-todo-rewrite\jestAdapterInit.js:122:21)
    at jestAdapter (C:\Users\Cheem\OneDrive\Coding\clipsCommerce\node_modules\jest-circus\build\legacy-code-todo-rewrite\jestAdapter.js:79:19)
    at runTestInternal (C:\Users\Cheem\OneDrive\Coding\clipsCommerce\node_modules\jest-runner\build\runTest.js:367:16)
    at runTest (C:\Users\Cheem\OneDrive\Coding\clipsCommerce\node_modules\jest-runner\build\runTest.js:444:34)
    at Object.worker (C:\Users\Cheem\OneDrive\Coding\clipsCommerce\node_modules\jest-runner\build\testWorker.js:106:12)</failure>
    </testcase>
    <testcase classname="TeamSettingsPage renders role management panel in team tab" name="TeamSettingsPage renders role management panel in team tab" time="0.014">
      <failure>Error: Element type is invalid: expected a string (for built-in components) or a class/function (for composite components) but got: object.

Check the render method of `TeamSettingsPage`.
    at createFiberFromTypeAndProps (C:\Users\Cheem\OneDrive\Coding\clipsCommerce\node_modules\react-dom\cjs\react-dom-client.development.js:4259:28)
    at createFiberFromElement (C:\Users\Cheem\OneDrive\Coding\clipsCommerce\node_modules\react-dom\cjs\react-dom-client.development.js:4273:14)
    at createChild (C:\Users\Cheem\OneDrive\Coding\clipsCommerce\node_modules\react-dom\cjs\react-dom-client.development.js:7297:26)
    at reconcileChildrenArray (C:\Users\Cheem\OneDrive\Coding\clipsCommerce\node_modules\react-dom\cjs\react-dom-client.development.js:7629:25)
    at reconcileChildFibersImpl (C:\Users\Cheem\OneDrive\Coding\clipsCommerce\node_modules\react-dom\cjs\react-dom-client.development.js:7952:30)
    at C:\Users\Cheem\OneDrive\Coding\clipsCommerce\node_modules\react-dom\cjs\react-dom-client.development.js:8057:33
    at reconcileChildren (C:\Users\Cheem\OneDrive\Coding\clipsCommerce\node_modules\react-dom\cjs\react-dom-client.development.js:8621:13)
    at beginWork (C:\Users\Cheem\OneDrive\Coding\clipsCommerce\node_modules\react-dom\cjs\react-dom-client.development.js:10793:13)
    at runWithFiberInDEV (C:\Users\Cheem\OneDrive\Coding\clipsCommerce\node_modules\react-dom\cjs\react-dom-client.development.js:1522:13)
    at performUnitOfWork (C:\Users\Cheem\OneDrive\Coding\clipsCommerce\node_modules\react-dom\cjs\react-dom-client.development.js:15140:22)
    at workLoopSync (C:\Users\Cheem\OneDrive\Coding\clipsCommerce\node_modules\react-dom\cjs\react-dom-client.development.js:14956:41)
    at renderRootSync (C:\Users\Cheem\OneDrive\Coding\clipsCommerce\node_modules\react-dom\cjs\react-dom-client.development.js:14936:11)
    at performWorkOnRoot (C:\Users\Cheem\OneDrive\Coding\clipsCommerce\node_modules\react-dom\cjs\react-dom-client.development.js:14462:44)
    at performWorkOnRootViaSchedulerTask (C:\Users\Cheem\OneDrive\Coding\clipsCommerce\node_modules\react-dom\cjs\react-dom-client.development.js:16216:7)
    at flushActQueue (C:\Users\Cheem\OneDrive\Coding\clipsCommerce\node_modules\react\cjs\react.development.js:566:34)
    at Object.&lt;anonymous&gt;.process.env.NODE_ENV.exports.act (C:\Users\Cheem\OneDrive\Coding\clipsCommerce\node_modules\react\cjs\react.development.js:859:10)
    at C:\Users\Cheem\OneDrive\Coding\clipsCommerce\node_modules\@testing-library\react\dist\act-compat.js:47:25
    at renderRoot (C:\Users\Cheem\OneDrive\Coding\clipsCommerce\node_modules\@testing-library\react\dist\pure.js:190:26)
    at render (C:\Users\Cheem\OneDrive\Coding\clipsCommerce\node_modules\@testing-library\react\dist\pure.js:292:10)
    at Object.&lt;anonymous&gt; (C:\Users\Cheem\OneDrive\Coding\clipsCommerce\src\__tests__\team-dashboard-settings.test.tsx:168:11)
    at Promise.then.completed (C:\Users\Cheem\OneDrive\Coding\clipsCommerce\node_modules\jest-circus\build\utils.js:298:28)
    at new Promise (&lt;anonymous&gt;)
    at callAsyncCircusFn (C:\Users\Cheem\OneDrive\Coding\clipsCommerce\node_modules\jest-circus\build\utils.js:231:10)
    at _callCircusTest (C:\Users\Cheem\OneDrive\Coding\clipsCommerce\node_modules\jest-circus\build\run.js:316:40)
    at processTicksAndRejections (node:internal/process/task_queues:105:5)
    at _runTest (C:\Users\Cheem\OneDrive\Coding\clipsCommerce\node_modules\jest-circus\build\run.js:252:3)
    at _runTestsForDescribeBlock (C:\Users\Cheem\OneDrive\Coding\clipsCommerce\node_modules\jest-circus\build\run.js:126:9)
    at _runTestsForDescribeBlock (C:\Users\Cheem\OneDrive\Coding\clipsCommerce\node_modules\jest-circus\build\run.js:121:9)
    at run (C:\Users\Cheem\OneDrive\Coding\clipsCommerce\node_modules\jest-circus\build\run.js:71:3)
    at runAndTransformResultsToJestFormat (C:\Users\Cheem\OneDrive\Coding\clipsCommerce\node_modules\jest-circus\build\legacy-code-todo-rewrite\jestAdapterInit.js:122:21)
    at jestAdapter (C:\Users\Cheem\OneDrive\Coding\clipsCommerce\node_modules\jest-circus\build\legacy-code-todo-rewrite\jestAdapter.js:79:19)
    at runTestInternal (C:\Users\Cheem\OneDrive\Coding\clipsCommerce\node_modules\jest-runner\build\runTest.js:367:16)
    at runTest (C:\Users\Cheem\OneDrive\Coding\clipsCommerce\node_modules\jest-runner\build\runTest.js:444:34)
    at Object.worker (C:\Users\Cheem\OneDrive\Coding\clipsCommerce\node_modules\jest-runner\build\testWorker.js:106:12)</failure>
    </testcase>
    <testcase classname="TeamSettingsPage displays invite member button" name="TeamSettingsPage displays invite member button" time="0.013">
      <failure>Error: Element type is invalid: expected a string (for built-in components) or a class/function (for composite components) but got: object.

Check the render method of `TeamSettingsPage`.
    at createFiberFromTypeAndProps (C:\Users\Cheem\OneDrive\Coding\clipsCommerce\node_modules\react-dom\cjs\react-dom-client.development.js:4259:28)
    at createFiberFromElement (C:\Users\Cheem\OneDrive\Coding\clipsCommerce\node_modules\react-dom\cjs\react-dom-client.development.js:4273:14)
    at createChild (C:\Users\Cheem\OneDrive\Coding\clipsCommerce\node_modules\react-dom\cjs\react-dom-client.development.js:7297:26)
    at reconcileChildrenArray (C:\Users\Cheem\OneDrive\Coding\clipsCommerce\node_modules\react-dom\cjs\react-dom-client.development.js:7629:25)
    at reconcileChildFibersImpl (C:\Users\Cheem\OneDrive\Coding\clipsCommerce\node_modules\react-dom\cjs\react-dom-client.development.js:7952:30)
    at C:\Users\Cheem\OneDrive\Coding\clipsCommerce\node_modules\react-dom\cjs\react-dom-client.development.js:8057:33
    at reconcileChildren (C:\Users\Cheem\OneDrive\Coding\clipsCommerce\node_modules\react-dom\cjs\react-dom-client.development.js:8621:13)
    at beginWork (C:\Users\Cheem\OneDrive\Coding\clipsCommerce\node_modules\react-dom\cjs\react-dom-client.development.js:10793:13)
    at runWithFiberInDEV (C:\Users\Cheem\OneDrive\Coding\clipsCommerce\node_modules\react-dom\cjs\react-dom-client.development.js:1522:13)
    at performUnitOfWork (C:\Users\Cheem\OneDrive\Coding\clipsCommerce\node_modules\react-dom\cjs\react-dom-client.development.js:15140:22)
    at workLoopSync (C:\Users\Cheem\OneDrive\Coding\clipsCommerce\node_modules\react-dom\cjs\react-dom-client.development.js:14956:41)
    at renderRootSync (C:\Users\Cheem\OneDrive\Coding\clipsCommerce\node_modules\react-dom\cjs\react-dom-client.development.js:14936:11)
    at performWorkOnRoot (C:\Users\Cheem\OneDrive\Coding\clipsCommerce\node_modules\react-dom\cjs\react-dom-client.development.js:14462:44)
    at performWorkOnRootViaSchedulerTask (C:\Users\Cheem\OneDrive\Coding\clipsCommerce\node_modules\react-dom\cjs\react-dom-client.development.js:16216:7)
    at flushActQueue (C:\Users\Cheem\OneDrive\Coding\clipsCommerce\node_modules\react\cjs\react.development.js:566:34)
    at Object.&lt;anonymous&gt;.process.env.NODE_ENV.exports.act (C:\Users\Cheem\OneDrive\Coding\clipsCommerce\node_modules\react\cjs\react.development.js:859:10)
    at C:\Users\Cheem\OneDrive\Coding\clipsCommerce\node_modules\@testing-library\react\dist\act-compat.js:47:25
    at renderRoot (C:\Users\Cheem\OneDrive\Coding\clipsCommerce\node_modules\@testing-library\react\dist\pure.js:190:26)
    at render (C:\Users\Cheem\OneDrive\Coding\clipsCommerce\node_modules\@testing-library\react\dist\pure.js:292:10)
    at Object.&lt;anonymous&gt; (C:\Users\Cheem\OneDrive\Coding\clipsCommerce\src\__tests__\team-dashboard-settings.test.tsx:176:11)
    at Promise.then.completed (C:\Users\Cheem\OneDrive\Coding\clipsCommerce\node_modules\jest-circus\build\utils.js:298:28)
    at new Promise (&lt;anonymous&gt;)
    at callAsyncCircusFn (C:\Users\Cheem\OneDrive\Coding\clipsCommerce\node_modules\jest-circus\build\utils.js:231:10)
    at _callCircusTest (C:\Users\Cheem\OneDrive\Coding\clipsCommerce\node_modules\jest-circus\build\run.js:316:40)
    at processTicksAndRejections (node:internal/process/task_queues:105:5)
    at _runTest (C:\Users\Cheem\OneDrive\Coding\clipsCommerce\node_modules\jest-circus\build\run.js:252:3)
    at _runTestsForDescribeBlock (C:\Users\Cheem\OneDrive\Coding\clipsCommerce\node_modules\jest-circus\build\run.js:126:9)
    at _runTestsForDescribeBlock (C:\Users\Cheem\OneDrive\Coding\clipsCommerce\node_modules\jest-circus\build\run.js:121:9)
    at run (C:\Users\Cheem\OneDrive\Coding\clipsCommerce\node_modules\jest-circus\build\run.js:71:3)
    at runAndTransformResultsToJestFormat (C:\Users\Cheem\OneDrive\Coding\clipsCommerce\node_modules\jest-circus\build\legacy-code-todo-rewrite\jestAdapterInit.js:122:21)
    at jestAdapter (C:\Users\Cheem\OneDrive\Coding\clipsCommerce\node_modules\jest-circus\build\legacy-code-todo-rewrite\jestAdapter.js:79:19)
    at runTestInternal (C:\Users\Cheem\OneDrive\Coding\clipsCommerce\node_modules\jest-runner\build\runTest.js:367:16)
    at runTest (C:\Users\Cheem\OneDrive\Coding\clipsCommerce\node_modules\jest-runner\build\runTest.js:444:34)
    at Object.worker (C:\Users\Cheem\OneDrive\Coding\clipsCommerce\node_modules\jest-runner\build\testWorker.js:106:12)</failure>
    </testcase>
    <testcase classname="TeamSettingsPage displays billing action buttons" name="TeamSettingsPage displays billing action buttons" time="0.012">
      <failure>Error: Element type is invalid: expected a string (for built-in components) or a class/function (for composite components) but got: object.

Check the render method of `TeamSettingsPage`.
    at createFiberFromTypeAndProps (C:\Users\Cheem\OneDrive\Coding\clipsCommerce\node_modules\react-dom\cjs\react-dom-client.development.js:4259:28)
    at createFiberFromElement (C:\Users\Cheem\OneDrive\Coding\clipsCommerce\node_modules\react-dom\cjs\react-dom-client.development.js:4273:14)
    at createChild (C:\Users\Cheem\OneDrive\Coding\clipsCommerce\node_modules\react-dom\cjs\react-dom-client.development.js:7297:26)
    at reconcileChildrenArray (C:\Users\Cheem\OneDrive\Coding\clipsCommerce\node_modules\react-dom\cjs\react-dom-client.development.js:7629:25)
    at reconcileChildFibersImpl (C:\Users\Cheem\OneDrive\Coding\clipsCommerce\node_modules\react-dom\cjs\react-dom-client.development.js:7952:30)
    at C:\Users\Cheem\OneDrive\Coding\clipsCommerce\node_modules\react-dom\cjs\react-dom-client.development.js:8057:33
    at reconcileChildren (C:\Users\Cheem\OneDrive\Coding\clipsCommerce\node_modules\react-dom\cjs\react-dom-client.development.js:8621:13)
    at beginWork (C:\Users\Cheem\OneDrive\Coding\clipsCommerce\node_modules\react-dom\cjs\react-dom-client.development.js:10793:13)
    at runWithFiberInDEV (C:\Users\Cheem\OneDrive\Coding\clipsCommerce\node_modules\react-dom\cjs\react-dom-client.development.js:1522:13)
    at performUnitOfWork (C:\Users\Cheem\OneDrive\Coding\clipsCommerce\node_modules\react-dom\cjs\react-dom-client.development.js:15140:22)
    at workLoopSync (C:\Users\Cheem\OneDrive\Coding\clipsCommerce\node_modules\react-dom\cjs\react-dom-client.development.js:14956:41)
    at renderRootSync (C:\Users\Cheem\OneDrive\Coding\clipsCommerce\node_modules\react-dom\cjs\react-dom-client.development.js:14936:11)
    at performWorkOnRoot (C:\Users\Cheem\OneDrive\Coding\clipsCommerce\node_modules\react-dom\cjs\react-dom-client.development.js:14462:44)
    at performWorkOnRootViaSchedulerTask (C:\Users\Cheem\OneDrive\Coding\clipsCommerce\node_modules\react-dom\cjs\react-dom-client.development.js:16216:7)
    at flushActQueue (C:\Users\Cheem\OneDrive\Coding\clipsCommerce\node_modules\react\cjs\react.development.js:566:34)
    at Object.&lt;anonymous&gt;.process.env.NODE_ENV.exports.act (C:\Users\Cheem\OneDrive\Coding\clipsCommerce\node_modules\react\cjs\react.development.js:859:10)
    at C:\Users\Cheem\OneDrive\Coding\clipsCommerce\node_modules\@testing-library\react\dist\act-compat.js:47:25
    at renderRoot (C:\Users\Cheem\OneDrive\Coding\clipsCommerce\node_modules\@testing-library\react\dist\pure.js:190:26)
    at render (C:\Users\Cheem\OneDrive\Coding\clipsCommerce\node_modules\@testing-library\react\dist\pure.js:292:10)
    at Object.&lt;anonymous&gt; (C:\Users\Cheem\OneDrive\Coding\clipsCommerce\src\__tests__\team-dashboard-settings.test.tsx:184:11)
    at Promise.then.completed (C:\Users\Cheem\OneDrive\Coding\clipsCommerce\node_modules\jest-circus\build\utils.js:298:28)
    at new Promise (&lt;anonymous&gt;)
    at callAsyncCircusFn (C:\Users\Cheem\OneDrive\Coding\clipsCommerce\node_modules\jest-circus\build\utils.js:231:10)
    at _callCircusTest (C:\Users\Cheem\OneDrive\Coding\clipsCommerce\node_modules\jest-circus\build\run.js:316:40)
    at processTicksAndRejections (node:internal/process/task_queues:105:5)
    at _runTest (C:\Users\Cheem\OneDrive\Coding\clipsCommerce\node_modules\jest-circus\build\run.js:252:3)
    at _runTestsForDescribeBlock (C:\Users\Cheem\OneDrive\Coding\clipsCommerce\node_modules\jest-circus\build\run.js:126:9)
    at _runTestsForDescribeBlock (C:\Users\Cheem\OneDrive\Coding\clipsCommerce\node_modules\jest-circus\build\run.js:121:9)
    at run (C:\Users\Cheem\OneDrive\Coding\clipsCommerce\node_modules\jest-circus\build\run.js:71:3)
    at runAndTransformResultsToJestFormat (C:\Users\Cheem\OneDrive\Coding\clipsCommerce\node_modules\jest-circus\build\legacy-code-todo-rewrite\jestAdapterInit.js:122:21)
    at jestAdapter (C:\Users\Cheem\OneDrive\Coding\clipsCommerce\node_modules\jest-circus\build\legacy-code-todo-rewrite\jestAdapter.js:79:19)
    at runTestInternal (C:\Users\Cheem\OneDrive\Coding\clipsCommerce\node_modules\jest-runner\build\runTest.js:367:16)
    at runTest (C:\Users\Cheem\OneDrive\Coding\clipsCommerce\node_modules\jest-runner\build\runTest.js:444:34)
    at Object.worker (C:\Users\Cheem\OneDrive\Coding\clipsCommerce\node_modules\jest-runner\build\testWorker.js:106:12)</failure>
    </testcase>
  </testsuite>
  <testsuite name="Team Dashboard - Optimized Tests" errors="0" failures="7" skipped="0" timestamp="2025-06-14T11:58:58" time="0.816" tests="7">
    <testcase classname="Team Dashboard - Optimized Tests TeamDashboardPage Core Functionality renders welcome header with client count" name="Team Dashboard - Optimized Tests TeamDashboardPage Core Functionality renders welcome header with client count" time="0.031">
      <failure>TestingLibraryElementError: Unable to find an element with the text: Welcome to Team Mode. This could be because the text is broken up by multiple elements. In this case, you can provide a function for your text matcher to make your matcher more flexible.

Ignored nodes: comments, script, style
&lt;body&gt;
  &lt;div&gt;
    &lt;div
      class=&quot;min-h-screen bg-black text-white flex items-center justify-center p-4&quot;
    &gt;
      &lt;div
        class=&quot;max-w-md w-full bg-gradient-to-br from-neutral-900 to-neutral-800 border-neutral-700&quot;
      &gt;
        &lt;div
          class=&quot;text-center&quot;
        &gt;
          &lt;div
            class=&quot;flex justify-center mb-4&quot;
          &gt;
            &lt;div
              class=&quot;p-4 rounded-full bg-gradient-to-r from-[#8D5AFF]/20 to-[#5afcc0]/20 border border-[#8D5AFF]/30&quot;
            &gt;
              &lt;svg
                class=&quot;h-8 w-8 text-[#8D5AFF]&quot;
                data-testid=&quot;Lock-icon&quot;
              /&gt;
            &lt;/div&gt;
          &lt;/div&gt;
          &lt;h3
            class=&quot;text-xl text-white&quot;
          &gt;
            Team Dashboard Access Required
          &lt;/h3&gt;
          &lt;p
            class=&quot;text-neutral-400&quot;
          &gt;
            The Team Dashboard is available for Team plan subscribers only
          &lt;/p&gt;
        &lt;/div&gt;
        &lt;div
          class=&quot;space-y-4&quot;
        &gt;
          &lt;div
            class=&quot;bg-neutral-800/50 rounded-lg p-4&quot;
          &gt;
            &lt;h4
              class=&quot;font-semibold text-white mb-2&quot;
            &gt;
              Current Plan: 
              Lite
            &lt;/h4&gt;
            &lt;p
              class=&quot;text-sm text-neutral-400 mb-3&quot;
            &gt;
              Upgrade to Team plan to unlock:
            &lt;/p&gt;
            &lt;ul
              class=&quot;text-sm text-neutral-300 space-y-1&quot;
            &gt;
              &lt;li
                class=&quot;flex items-center&quot;
              &gt;
                &lt;svg
                  class=&quot;h-4 w-4 text-[#5afcc0] mr-2&quot;
                  data-testid=&quot;Shield-icon&quot;
                /&gt;
                Advanced team management
              &lt;/li&gt;
              &lt;li
                class=&quot;flex items-center&quot;
              &gt;
                &lt;svg
                  class=&quot;h-4 w-4 text-[#5afcc0] mr-2&quot;
                  data-testid=&quot;BarChart3-icon&quot;
                /&gt;
                Advanced analytics &amp; reporting
              &lt;/li&gt;
              &lt;li
                class=&quot;flex items-center&quot;
              &gt;
                &lt;svg
                  class=&quot;h-4 w-4 text-[#5afcc0] mr-2&quot;
                  data-testid=&quot;Users-icon&quot;
                /&gt;
                Multi-account management
              &lt;/li&gt;
            &lt;/ul&gt;
          &lt;/div&gt;
          &lt;div
            class=&quot;flex flex-col space-y-2&quot;
          &gt;
            &lt;button
              class=&quot;bg-gradient-to-r from-[#8D5AFF] to-[#5afcc0] text-white font-bold hover:opacity-90 transition-all&quot;
            &gt;
              Upgrade to Team Plan
            &lt;/button&gt;
            &lt;button
              class=&quot;border-neutral-600 text-neutral-300 hover:bg-neutral-800&quot;
              variant=&quot;outline&quot;
            &gt;
              Back to Dashboard
            &lt;/button&gt;
          &lt;/div&gt;
        &lt;/div&gt;
      &lt;/div&gt;
    &lt;/div&gt;
  &lt;/div&gt;
&lt;/body&gt;
    at Object.getElementError (C:\Users\Cheem\OneDrive\Coding\clipsCommerce\node_modules\@testing-library\dom\dist\config.js:37:19)
    at C:\Users\Cheem\OneDrive\Coding\clipsCommerce\node_modules\@testing-library\dom\dist\query-helpers.js:76:38
    at C:\Users\Cheem\OneDrive\Coding\clipsCommerce\node_modules\@testing-library\dom\dist\query-helpers.js:52:17
    at C:\Users\Cheem\OneDrive\Coding\clipsCommerce\node_modules\@testing-library\dom\dist\query-helpers.js:95:19
    at Object.&lt;anonymous&gt; (C:\Users\Cheem\OneDrive\Coding\clipsCommerce\src\__tests__\team-dashboard-optimized.test.tsx:96:21)
    at Promise.then.completed (C:\Users\Cheem\OneDrive\Coding\clipsCommerce\node_modules\jest-circus\build\utils.js:298:28)
    at new Promise (&lt;anonymous&gt;)
    at callAsyncCircusFn (C:\Users\Cheem\OneDrive\Coding\clipsCommerce\node_modules\jest-circus\build\utils.js:231:10)
    at _callCircusTest (C:\Users\Cheem\OneDrive\Coding\clipsCommerce\node_modules\jest-circus\build\run.js:316:40)
    at processTicksAndRejections (node:internal/process/task_queues:105:5)
    at _runTest (C:\Users\Cheem\OneDrive\Coding\clipsCommerce\node_modules\jest-circus\build\run.js:252:3)
    at _runTestsForDescribeBlock (C:\Users\Cheem\OneDrive\Coding\clipsCommerce\node_modules\jest-circus\build\run.js:126:9)
    at _runTestsForDescribeBlock (C:\Users\Cheem\OneDrive\Coding\clipsCommerce\node_modules\jest-circus\build\run.js:121:9)
    at _runTestsForDescribeBlock (C:\Users\Cheem\OneDrive\Coding\clipsCommerce\node_modules\jest-circus\build\run.js:121:9)
    at run (C:\Users\Cheem\OneDrive\Coding\clipsCommerce\node_modules\jest-circus\build\run.js:71:3)
    at runAndTransformResultsToJestFormat (C:\Users\Cheem\OneDrive\Coding\clipsCommerce\node_modules\jest-circus\build\legacy-code-todo-rewrite\jestAdapterInit.js:122:21)
    at jestAdapter (C:\Users\Cheem\OneDrive\Coding\clipsCommerce\node_modules\jest-circus\build\legacy-code-todo-rewrite\jestAdapter.js:79:19)
    at runTestInternal (C:\Users\Cheem\OneDrive\Coding\clipsCommerce\node_modules\jest-runner\build\runTest.js:367:16)
    at runTest (C:\Users\Cheem\OneDrive\Coding\clipsCommerce\node_modules\jest-runner\build\runTest.js:444:34)
    at Object.worker (C:\Users\Cheem\OneDrive\Coding\clipsCommerce\node_modules\jest-runner\build\testWorker.js:106:12)</failure>
    </testcase>
    <testcase classname="Team Dashboard - Optimized Tests TeamDashboardPage Core Functionality redirects to operations page on mount" name="Team Dashboard - Optimized Tests TeamDashboardPage Core Functionality redirects to operations page on mount" time="0.014">
      <failure>Error: expect(jest.fn()).toHaveBeenCalledWith(...expected)

Expected: &quot;/team-dashboard/operations&quot;

Number of calls: 0
    at Object.&lt;anonymous&gt; (C:\Users\Cheem\OneDrive\Coding\clipsCommerce\src\__tests__\team-dashboard-optimized.test.tsx:103:31)
    at Promise.then.completed (C:\Users\Cheem\OneDrive\Coding\clipsCommerce\node_modules\jest-circus\build\utils.js:298:28)
    at new Promise (&lt;anonymous&gt;)
    at callAsyncCircusFn (C:\Users\Cheem\OneDrive\Coding\clipsCommerce\node_modules\jest-circus\build\utils.js:231:10)
    at _callCircusTest (C:\Users\Cheem\OneDrive\Coding\clipsCommerce\node_modules\jest-circus\build\run.js:316:40)
    at processTicksAndRejections (node:internal/process/task_queues:105:5)
    at _runTest (C:\Users\Cheem\OneDrive\Coding\clipsCommerce\node_modules\jest-circus\build\run.js:252:3)
    at _runTestsForDescribeBlock (C:\Users\Cheem\OneDrive\Coding\clipsCommerce\node_modules\jest-circus\build\run.js:126:9)
    at _runTestsForDescribeBlock (C:\Users\Cheem\OneDrive\Coding\clipsCommerce\node_modules\jest-circus\build\run.js:121:9)
    at _runTestsForDescribeBlock (C:\Users\Cheem\OneDrive\Coding\clipsCommerce\node_modules\jest-circus\build\run.js:121:9)
    at run (C:\Users\Cheem\OneDrive\Coding\clipsCommerce\node_modules\jest-circus\build\run.js:71:3)
    at runAndTransformResultsToJestFormat (C:\Users\Cheem\OneDrive\Coding\clipsCommerce\node_modules\jest-circus\build\legacy-code-todo-rewrite\jestAdapterInit.js:122:21)
    at jestAdapter (C:\Users\Cheem\OneDrive\Coding\clipsCommerce\node_modules\jest-circus\build\legacy-code-todo-rewrite\jestAdapter.js:79:19)
    at runTestInternal (C:\Users\Cheem\OneDrive\Coding\clipsCommerce\node_modules\jest-runner\build\runTest.js:367:16)
    at runTest (C:\Users\Cheem\OneDrive\Coding\clipsCommerce\node_modules\jest-runner\build\runTest.js:444:34)
    at Object.worker (C:\Users\Cheem\OneDrive\Coding\clipsCommerce\node_modules\jest-runner\build\testWorker.js:106:12)</failure>
    </testcase>
    <testcase classname="Team Dashboard - Optimized Tests TeamDashboardPage Core Functionality displays key metrics overview" name="Team Dashboard - Optimized Tests TeamDashboardPage Core Functionality displays key metrics overview" time="0.014">
      <failure>TestingLibraryElementError: Unable to find an element with the text: Total Clients. This could be because the text is broken up by multiple elements. In this case, you can provide a function for your text matcher to make your matcher more flexible.

Ignored nodes: comments, script, style
&lt;body&gt;
  &lt;div&gt;
    &lt;div
      class=&quot;min-h-screen bg-black text-white flex items-center justify-center p-4&quot;
    &gt;
      &lt;div
        class=&quot;max-w-md w-full bg-gradient-to-br from-neutral-900 to-neutral-800 border-neutral-700&quot;
      &gt;
        &lt;div
          class=&quot;text-center&quot;
        &gt;
          &lt;div
            class=&quot;flex justify-center mb-4&quot;
          &gt;
            &lt;div
              class=&quot;p-4 rounded-full bg-gradient-to-r from-[#8D5AFF]/20 to-[#5afcc0]/20 border border-[#8D5AFF]/30&quot;
            &gt;
              &lt;svg
                class=&quot;h-8 w-8 text-[#8D5AFF]&quot;
                data-testid=&quot;Lock-icon&quot;
              /&gt;
            &lt;/div&gt;
          &lt;/div&gt;
          &lt;h3
            class=&quot;text-xl text-white&quot;
          &gt;
            Team Dashboard Access Required
          &lt;/h3&gt;
          &lt;p
            class=&quot;text-neutral-400&quot;
          &gt;
            The Team Dashboard is available for Team plan subscribers only
          &lt;/p&gt;
        &lt;/div&gt;
        &lt;div
          class=&quot;space-y-4&quot;
        &gt;
          &lt;div
            class=&quot;bg-neutral-800/50 rounded-lg p-4&quot;
          &gt;
            &lt;h4
              class=&quot;font-semibold text-white mb-2&quot;
            &gt;
              Current Plan: 
              Lite
            &lt;/h4&gt;
            &lt;p
              class=&quot;text-sm text-neutral-400 mb-3&quot;
            &gt;
              Upgrade to Team plan to unlock:
            &lt;/p&gt;
            &lt;ul
              class=&quot;text-sm text-neutral-300 space-y-1&quot;
            &gt;
              &lt;li
                class=&quot;flex items-center&quot;
              &gt;
                &lt;svg
                  class=&quot;h-4 w-4 text-[#5afcc0] mr-2&quot;
                  data-testid=&quot;Shield-icon&quot;
                /&gt;
                Advanced team management
              &lt;/li&gt;
              &lt;li
                class=&quot;flex items-center&quot;
              &gt;
                &lt;svg
                  class=&quot;h-4 w-4 text-[#5afcc0] mr-2&quot;
                  data-testid=&quot;BarChart3-icon&quot;
                /&gt;
                Advanced analytics &amp; reporting
              &lt;/li&gt;
              &lt;li
                class=&quot;flex items-center&quot;
              &gt;
                &lt;svg
                  class=&quot;h-4 w-4 text-[#5afcc0] mr-2&quot;
                  data-testid=&quot;Users-icon&quot;
                /&gt;
                Multi-account management
              &lt;/li&gt;
            &lt;/ul&gt;
          &lt;/div&gt;
          &lt;div
            class=&quot;flex flex-col space-y-2&quot;
          &gt;
            &lt;button
              class=&quot;bg-gradient-to-r from-[#8D5AFF] to-[#5afcc0] text-white font-bold hover:opacity-90 transition-all&quot;
            &gt;
              Upgrade to Team Plan
            &lt;/button&gt;
            &lt;button
              class=&quot;border-neutral-600 text-neutral-300 hover:bg-neutral-800&quot;
              variant=&quot;outline&quot;
            &gt;
              Back to Dashboard
            &lt;/button&gt;
          &lt;/div&gt;
        &lt;/div&gt;
      &lt;/div&gt;
    &lt;/div&gt;
  &lt;/div&gt;
&lt;/body&gt;
    at Object.getElementError (C:\Users\Cheem\OneDrive\Coding\clipsCommerce\node_modules\@testing-library\dom\dist\config.js:37:19)
    at C:\Users\Cheem\OneDrive\Coding\clipsCommerce\node_modules\@testing-library\dom\dist\query-helpers.js:76:38
    at C:\Users\Cheem\OneDrive\Coding\clipsCommerce\node_modules\@testing-library\dom\dist\query-helpers.js:52:17
    at C:\Users\Cheem\OneDrive\Coding\clipsCommerce\node_modules\@testing-library\dom\dist\query-helpers.js:95:19
    at Object.&lt;anonymous&gt; (C:\Users\Cheem\OneDrive\Coding\clipsCommerce\src\__tests__\team-dashboard-optimized.test.tsx:109:21)
    at Promise.then.completed (C:\Users\Cheem\OneDrive\Coding\clipsCommerce\node_modules\jest-circus\build\utils.js:298:28)
    at new Promise (&lt;anonymous&gt;)
    at callAsyncCircusFn (C:\Users\Cheem\OneDrive\Coding\clipsCommerce\node_modules\jest-circus\build\utils.js:231:10)
    at _callCircusTest (C:\Users\Cheem\OneDrive\Coding\clipsCommerce\node_modules\jest-circus\build\run.js:316:40)
    at processTicksAndRejections (node:internal/process/task_queues:105:5)
    at _runTest (C:\Users\Cheem\OneDrive\Coding\clipsCommerce\node_modules\jest-circus\build\run.js:252:3)
    at _runTestsForDescribeBlock (C:\Users\Cheem\OneDrive\Coding\clipsCommerce\node_modules\jest-circus\build\run.js:126:9)
    at _runTestsForDescribeBlock (C:\Users\Cheem\OneDrive\Coding\clipsCommerce\node_modules\jest-circus\build\run.js:121:9)
    at _runTestsForDescribeBlock (C:\Users\Cheem\OneDrive\Coding\clipsCommerce\node_modules\jest-circus\build\run.js:121:9)
    at run (C:\Users\Cheem\OneDrive\Coding\clipsCommerce\node_modules\jest-circus\build\run.js:71:3)
    at runAndTransformResultsToJestFormat (C:\Users\Cheem\OneDrive\Coding\clipsCommerce\node_modules\jest-circus\build\legacy-code-todo-rewrite\jestAdapterInit.js:122:21)
    at jestAdapter (C:\Users\Cheem\OneDrive\Coding\clipsCommerce\node_modules\jest-circus\build\legacy-code-todo-rewrite\jestAdapter.js:79:19)
    at runTestInternal (C:\Users\Cheem\OneDrive\Coding\clipsCommerce\node_modules\jest-runner\build\runTest.js:367:16)
    at runTest (C:\Users\Cheem\OneDrive\Coding\clipsCommerce\node_modules\jest-runner\build\runTest.js:444:34)
    at Object.worker (C:\Users\Cheem\OneDrive\Coding\clipsCommerce\node_modules\jest-runner\build\testWorker.js:106:12)</failure>
    </testcase>
    <testcase classname="Team Dashboard - Optimized Tests TeamDashboardPage Core Functionality shows quick action cards" name="Team Dashboard - Optimized Tests TeamDashboardPage Core Functionality shows quick action cards" time="0.017">
      <failure>TestingLibraryElementError: Unable to find an element with the text: Client Operations. This could be because the text is broken up by multiple elements. In this case, you can provide a function for your text matcher to make your matcher more flexible.

Ignored nodes: comments, script, style
&lt;body&gt;
  &lt;div&gt;
    &lt;div
      class=&quot;min-h-screen bg-black text-white flex items-center justify-center p-4&quot;
    &gt;
      &lt;div
        class=&quot;max-w-md w-full bg-gradient-to-br from-neutral-900 to-neutral-800 border-neutral-700&quot;
      &gt;
        &lt;div
          class=&quot;text-center&quot;
        &gt;
          &lt;div
            class=&quot;flex justify-center mb-4&quot;
          &gt;
            &lt;div
              class=&quot;p-4 rounded-full bg-gradient-to-r from-[#8D5AFF]/20 to-[#5afcc0]/20 border border-[#8D5AFF]/30&quot;
            &gt;
              &lt;svg
                class=&quot;h-8 w-8 text-[#8D5AFF]&quot;
                data-testid=&quot;Lock-icon&quot;
              /&gt;
            &lt;/div&gt;
          &lt;/div&gt;
          &lt;h3
            class=&quot;text-xl text-white&quot;
          &gt;
            Team Dashboard Access Required
          &lt;/h3&gt;
          &lt;p
            class=&quot;text-neutral-400&quot;
          &gt;
            The Team Dashboard is available for Team plan subscribers only
          &lt;/p&gt;
        &lt;/div&gt;
        &lt;div
          class=&quot;space-y-4&quot;
        &gt;
          &lt;div
            class=&quot;bg-neutral-800/50 rounded-lg p-4&quot;
          &gt;
            &lt;h4
              class=&quot;font-semibold text-white mb-2&quot;
            &gt;
              Current Plan: 
              Lite
            &lt;/h4&gt;
            &lt;p
              class=&quot;text-sm text-neutral-400 mb-3&quot;
            &gt;
              Upgrade to Team plan to unlock:
            &lt;/p&gt;
            &lt;ul
              class=&quot;text-sm text-neutral-300 space-y-1&quot;
            &gt;
              &lt;li
                class=&quot;flex items-center&quot;
              &gt;
                &lt;svg
                  class=&quot;h-4 w-4 text-[#5afcc0] mr-2&quot;
                  data-testid=&quot;Shield-icon&quot;
                /&gt;
                Advanced team management
              &lt;/li&gt;
              &lt;li
                class=&quot;flex items-center&quot;
              &gt;
                &lt;svg
                  class=&quot;h-4 w-4 text-[#5afcc0] mr-2&quot;
                  data-testid=&quot;BarChart3-icon&quot;
                /&gt;
                Advanced analytics &amp; reporting
              &lt;/li&gt;
              &lt;li
                class=&quot;flex items-center&quot;
              &gt;
                &lt;svg
                  class=&quot;h-4 w-4 text-[#5afcc0] mr-2&quot;
                  data-testid=&quot;Users-icon&quot;
                /&gt;
                Multi-account management
              &lt;/li&gt;
            &lt;/ul&gt;
          &lt;/div&gt;
          &lt;div
            class=&quot;flex flex-col space-y-2&quot;
          &gt;
            &lt;button
              class=&quot;bg-gradient-to-r from-[#8D5AFF] to-[#5afcc0] text-white font-bold hover:opacity-90 transition-all&quot;
            &gt;
              Upgrade to Team Plan
            &lt;/button&gt;
            &lt;button
              class=&quot;border-neutral-600 text-neutral-300 hover:bg-neutral-800&quot;
              variant=&quot;outline&quot;
            &gt;
              Back to Dashboard
            &lt;/button&gt;
          &lt;/div&gt;
        &lt;/div&gt;
      &lt;/div&gt;
    &lt;/div&gt;
  &lt;/div&gt;
&lt;/body&gt;
    at Object.getElementError (C:\Users\Cheem\OneDrive\Coding\clipsCommerce\node_modules\@testing-library\dom\dist\config.js:37:19)
    at C:\Users\Cheem\OneDrive\Coding\clipsCommerce\node_modules\@testing-library\dom\dist\query-helpers.js:76:38
    at C:\Users\Cheem\OneDrive\Coding\clipsCommerce\node_modules\@testing-library\dom\dist\query-helpers.js:52:17
    at C:\Users\Cheem\OneDrive\Coding\clipsCommerce\node_modules\@testing-library\dom\dist\query-helpers.js:95:19
    at Object.&lt;anonymous&gt; (C:\Users\Cheem\OneDrive\Coding\clipsCommerce\src\__tests__\team-dashboard-optimized.test.tsx:118:21)
    at Promise.then.completed (C:\Users\Cheem\OneDrive\Coding\clipsCommerce\node_modules\jest-circus\build\utils.js:298:28)
    at new Promise (&lt;anonymous&gt;)
    at callAsyncCircusFn (C:\Users\Cheem\OneDrive\Coding\clipsCommerce\node_modules\jest-circus\build\utils.js:231:10)
    at _callCircusTest (C:\Users\Cheem\OneDrive\Coding\clipsCommerce\node_modules\jest-circus\build\run.js:316:40)
    at processTicksAndRejections (node:internal/process/task_queues:105:5)
    at _runTest (C:\Users\Cheem\OneDrive\Coding\clipsCommerce\node_modules\jest-circus\build\run.js:252:3)
    at _runTestsForDescribeBlock (C:\Users\Cheem\OneDrive\Coding\clipsCommerce\node_modules\jest-circus\build\run.js:126:9)
    at _runTestsForDescribeBlock (C:\Users\Cheem\OneDrive\Coding\clipsCommerce\node_modules\jest-circus\build\run.js:121:9)
    at _runTestsForDescribeBlock (C:\Users\Cheem\OneDrive\Coding\clipsCommerce\node_modules\jest-circus\build\run.js:121:9)
    at run (C:\Users\Cheem\OneDrive\Coding\clipsCommerce\node_modules\jest-circus\build\run.js:71:3)
    at runAndTransformResultsToJestFormat (C:\Users\Cheem\OneDrive\Coding\clipsCommerce\node_modules\jest-circus\build\legacy-code-todo-rewrite\jestAdapterInit.js:122:21)
    at jestAdapter (C:\Users\Cheem\OneDrive\Coding\clipsCommerce\node_modules\jest-circus\build\legacy-code-todo-rewrite\jestAdapter.js:79:19)
    at runTestInternal (C:\Users\Cheem\OneDrive\Coding\clipsCommerce\node_modules\jest-runner\build\runTest.js:367:16)
    at runTest (C:\Users\Cheem\OneDrive\Coding\clipsCommerce\node_modules\jest-runner\build\runTest.js:444:34)
    at Object.worker (C:\Users\Cheem\OneDrive\Coding\clipsCommerce\node_modules\jest-runner\build\testWorker.js:106:12)</failure>
    </testcase>
    <testcase classname="Team Dashboard - Optimized Tests TeamDashboardPage Core Functionality navigates to correct pages when quick actions are clicked" name="Team Dashboard - Optimized Tests TeamDashboardPage Core Functionality navigates to correct pages when quick actions are clicked" time="0.014">
      <failure>TestingLibraryElementError: Unable to find an element with the text: Client Operations. This could be because the text is broken up by multiple elements. In this case, you can provide a function for your text matcher to make your matcher more flexible.

Ignored nodes: comments, script, style
&lt;body&gt;
  &lt;div&gt;
    &lt;div
      class=&quot;min-h-screen bg-black text-white flex items-center justify-center p-4&quot;
    &gt;
      &lt;div
        class=&quot;max-w-md w-full bg-gradient-to-br from-neutral-900 to-neutral-800 border-neutral-700&quot;
      &gt;
        &lt;div
          class=&quot;text-center&quot;
        &gt;
          &lt;div
            class=&quot;flex justify-center mb-4&quot;
          &gt;
            &lt;div
              class=&quot;p-4 rounded-full bg-gradient-to-r from-[#8D5AFF]/20 to-[#5afcc0]/20 border border-[#8D5AFF]/30&quot;
            &gt;
              &lt;svg
                class=&quot;h-8 w-8 text-[#8D5AFF]&quot;
                data-testid=&quot;Lock-icon&quot;
              /&gt;
            &lt;/div&gt;
          &lt;/div&gt;
          &lt;h3
            class=&quot;text-xl text-white&quot;
          &gt;
            Team Dashboard Access Required
          &lt;/h3&gt;
          &lt;p
            class=&quot;text-neutral-400&quot;
          &gt;
            The Team Dashboard is available for Team plan subscribers only
          &lt;/p&gt;
        &lt;/div&gt;
        &lt;div
          class=&quot;space-y-4&quot;
        &gt;
          &lt;div
            class=&quot;bg-neutral-800/50 rounded-lg p-4&quot;
          &gt;
            &lt;h4
              class=&quot;font-semibold text-white mb-2&quot;
            &gt;
              Current Plan: 
              Lite
            &lt;/h4&gt;
            &lt;p
              class=&quot;text-sm text-neutral-400 mb-3&quot;
            &gt;
              Upgrade to Team plan to unlock:
            &lt;/p&gt;
            &lt;ul
              class=&quot;text-sm text-neutral-300 space-y-1&quot;
            &gt;
              &lt;li
                class=&quot;flex items-center&quot;
              &gt;
                &lt;svg
                  class=&quot;h-4 w-4 text-[#5afcc0] mr-2&quot;
                  data-testid=&quot;Shield-icon&quot;
                /&gt;
                Advanced team management
              &lt;/li&gt;
              &lt;li
                class=&quot;flex items-center&quot;
              &gt;
                &lt;svg
                  class=&quot;h-4 w-4 text-[#5afcc0] mr-2&quot;
                  data-testid=&quot;BarChart3-icon&quot;
                /&gt;
                Advanced analytics &amp; reporting
              &lt;/li&gt;
              &lt;li
                class=&quot;flex items-center&quot;
              &gt;
                &lt;svg
                  class=&quot;h-4 w-4 text-[#5afcc0] mr-2&quot;
                  data-testid=&quot;Users-icon&quot;
                /&gt;
                Multi-account management
              &lt;/li&gt;
            &lt;/ul&gt;
          &lt;/div&gt;
          &lt;div
            class=&quot;flex flex-col space-y-2&quot;
          &gt;
            &lt;button
              class=&quot;bg-gradient-to-r from-[#8D5AFF] to-[#5afcc0] text-white font-bold hover:opacity-90 transition-all&quot;
            &gt;
              Upgrade to Team Plan
            &lt;/button&gt;
            &lt;button
              class=&quot;border-neutral-600 text-neutral-300 hover:bg-neutral-800&quot;
              variant=&quot;outline&quot;
            &gt;
              Back to Dashboard
            &lt;/button&gt;
          &lt;/div&gt;
        &lt;/div&gt;
      &lt;/div&gt;
    &lt;/div&gt;
  &lt;/div&gt;
&lt;/body&gt;
    at Object.getElementError (C:\Users\Cheem\OneDrive\Coding\clipsCommerce\node_modules\@testing-library\dom\dist\config.js:37:19)
    at C:\Users\Cheem\OneDrive\Coding\clipsCommerce\node_modules\@testing-library\dom\dist\query-helpers.js:76:38
    at C:\Users\Cheem\OneDrive\Coding\clipsCommerce\node_modules\@testing-library\dom\dist\query-helpers.js:52:17
    at C:\Users\Cheem\OneDrive\Coding\clipsCommerce\node_modules\@testing-library\dom\dist\query-helpers.js:95:19
    at Object.&lt;anonymous&gt; (C:\Users\Cheem\OneDrive\Coding\clipsCommerce\src\__tests__\team-dashboard-optimized.test.tsx:126:37)
    at Promise.then.completed (C:\Users\Cheem\OneDrive\Coding\clipsCommerce\node_modules\jest-circus\build\utils.js:298:28)
    at new Promise (&lt;anonymous&gt;)
    at callAsyncCircusFn (C:\Users\Cheem\OneDrive\Coding\clipsCommerce\node_modules\jest-circus\build\utils.js:231:10)
    at _callCircusTest (C:\Users\Cheem\OneDrive\Coding\clipsCommerce\node_modules\jest-circus\build\run.js:316:40)
    at processTicksAndRejections (node:internal/process/task_queues:105:5)
    at _runTest (C:\Users\Cheem\OneDrive\Coding\clipsCommerce\node_modules\jest-circus\build\run.js:252:3)
    at _runTestsForDescribeBlock (C:\Users\Cheem\OneDrive\Coding\clipsCommerce\node_modules\jest-circus\build\run.js:126:9)
    at _runTestsForDescribeBlock (C:\Users\Cheem\OneDrive\Coding\clipsCommerce\node_modules\jest-circus\build\run.js:121:9)
    at _runTestsForDescribeBlock (C:\Users\Cheem\OneDrive\Coding\clipsCommerce\node_modules\jest-circus\build\run.js:121:9)
    at run (C:\Users\Cheem\OneDrive\Coding\clipsCommerce\node_modules\jest-circus\build\run.js:71:3)
    at runAndTransformResultsToJestFormat (C:\Users\Cheem\OneDrive\Coding\clipsCommerce\node_modules\jest-circus\build\legacy-code-todo-rewrite\jestAdapterInit.js:122:21)
    at jestAdapter (C:\Users\Cheem\OneDrive\Coding\clipsCommerce\node_modules\jest-circus\build\legacy-code-todo-rewrite\jestAdapter.js:79:19)
    at runTestInternal (C:\Users\Cheem\OneDrive\Coding\clipsCommerce\node_modules\jest-runner\build\runTest.js:367:16)
    at runTest (C:\Users\Cheem\OneDrive\Coding\clipsCommerce\node_modules\jest-runner\build\runTest.js:444:34)
    at Object.worker (C:\Users\Cheem\OneDrive\Coding\clipsCommerce\node_modules\jest-runner\build\testWorker.js:106:12)</failure>
    </testcase>
    <testcase classname="Team Dashboard - Optimized Tests System Status displays system health metrics" name="Team Dashboard - Optimized Tests System Status displays system health metrics" time="0.014">
      <failure>TestingLibraryElementError: Unable to find an element with the text: System Status. This could be because the text is broken up by multiple elements. In this case, you can provide a function for your text matcher to make your matcher more flexible.

Ignored nodes: comments, script, style
&lt;body&gt;
  &lt;div&gt;
    &lt;div
      class=&quot;min-h-screen bg-black text-white flex items-center justify-center p-4&quot;
    &gt;
      &lt;div
        class=&quot;max-w-md w-full bg-gradient-to-br from-neutral-900 to-neutral-800 border-neutral-700&quot;
      &gt;
        &lt;div
          class=&quot;text-center&quot;
        &gt;
          &lt;div
            class=&quot;flex justify-center mb-4&quot;
          &gt;
            &lt;div
              class=&quot;p-4 rounded-full bg-gradient-to-r from-[#8D5AFF]/20 to-[#5afcc0]/20 border border-[#8D5AFF]/30&quot;
            &gt;
              &lt;svg
                class=&quot;h-8 w-8 text-[#8D5AFF]&quot;
                data-testid=&quot;Lock-icon&quot;
              /&gt;
            &lt;/div&gt;
          &lt;/div&gt;
          &lt;h3
            class=&quot;text-xl text-white&quot;
          &gt;
            Team Dashboard Access Required
          &lt;/h3&gt;
          &lt;p
            class=&quot;text-neutral-400&quot;
          &gt;
            The Team Dashboard is available for Team plan subscribers only
          &lt;/p&gt;
        &lt;/div&gt;
        &lt;div
          class=&quot;space-y-4&quot;
        &gt;
          &lt;div
            class=&quot;bg-neutral-800/50 rounded-lg p-4&quot;
          &gt;
            &lt;h4
              class=&quot;font-semibold text-white mb-2&quot;
            &gt;
              Current Plan: 
              Lite
            &lt;/h4&gt;
            &lt;p
              class=&quot;text-sm text-neutral-400 mb-3&quot;
            &gt;
              Upgrade to Team plan to unlock:
            &lt;/p&gt;
            &lt;ul
              class=&quot;text-sm text-neutral-300 space-y-1&quot;
            &gt;
              &lt;li
                class=&quot;flex items-center&quot;
              &gt;
                &lt;svg
                  class=&quot;h-4 w-4 text-[#5afcc0] mr-2&quot;
                  data-testid=&quot;Shield-icon&quot;
                /&gt;
                Advanced team management
              &lt;/li&gt;
              &lt;li
                class=&quot;flex items-center&quot;
              &gt;
                &lt;svg
                  class=&quot;h-4 w-4 text-[#5afcc0] mr-2&quot;
                  data-testid=&quot;BarChart3-icon&quot;
                /&gt;
                Advanced analytics &amp; reporting
              &lt;/li&gt;
              &lt;li
                class=&quot;flex items-center&quot;
              &gt;
                &lt;svg
                  class=&quot;h-4 w-4 text-[#5afcc0] mr-2&quot;
                  data-testid=&quot;Users-icon&quot;
                /&gt;
                Multi-account management
              &lt;/li&gt;
            &lt;/ul&gt;
          &lt;/div&gt;
          &lt;div
            class=&quot;flex flex-col space-y-2&quot;
          &gt;
            &lt;button
              class=&quot;bg-gradient-to-r from-[#8D5AFF] to-[#5afcc0] text-white font-bold hover:opacity-90 transition-all&quot;
            &gt;
              Upgrade to Team Plan
            &lt;/button&gt;
            &lt;button
              class=&quot;border-neutral-600 text-neutral-300 hover:bg-neutral-800&quot;
              variant=&quot;outline&quot;
            &gt;
              Back to Dashboard
            &lt;/button&gt;
          &lt;/div&gt;
        &lt;/div&gt;
      &lt;/div&gt;
    &lt;/div&gt;
  &lt;/div&gt;
&lt;/body&gt;
    at Object.getElementError (C:\Users\Cheem\OneDrive\Coding\clipsCommerce\node_modules\@testing-library\dom\dist\config.js:37:19)
    at C:\Users\Cheem\OneDrive\Coding\clipsCommerce\node_modules\@testing-library\dom\dist\query-helpers.js:76:38
    at C:\Users\Cheem\OneDrive\Coding\clipsCommerce\node_modules\@testing-library\dom\dist\query-helpers.js:52:17
    at C:\Users\Cheem\OneDrive\Coding\clipsCommerce\node_modules\@testing-library\dom\dist\query-helpers.js:95:19
    at Object.&lt;anonymous&gt; (C:\Users\Cheem\OneDrive\Coding\clipsCommerce\src\__tests__\team-dashboard-optimized.test.tsx:138:21)
    at Promise.then.completed (C:\Users\Cheem\OneDrive\Coding\clipsCommerce\node_modules\jest-circus\build\utils.js:298:28)
    at new Promise (&lt;anonymous&gt;)
    at callAsyncCircusFn (C:\Users\Cheem\OneDrive\Coding\clipsCommerce\node_modules\jest-circus\build\utils.js:231:10)
    at _callCircusTest (C:\Users\Cheem\OneDrive\Coding\clipsCommerce\node_modules\jest-circus\build\run.js:316:40)
    at processTicksAndRejections (node:internal/process/task_queues:105:5)
    at _runTest (C:\Users\Cheem\OneDrive\Coding\clipsCommerce\node_modules\jest-circus\build\run.js:252:3)
    at _runTestsForDescribeBlock (C:\Users\Cheem\OneDrive\Coding\clipsCommerce\node_modules\jest-circus\build\run.js:126:9)
    at _runTestsForDescribeBlock (C:\Users\Cheem\OneDrive\Coding\clipsCommerce\node_modules\jest-circus\build\run.js:121:9)
    at _runTestsForDescribeBlock (C:\Users\Cheem\OneDrive\Coding\clipsCommerce\node_modules\jest-circus\build\run.js:121:9)
    at run (C:\Users\Cheem\OneDrive\Coding\clipsCommerce\node_modules\jest-circus\build\run.js:71:3)
    at runAndTransformResultsToJestFormat (C:\Users\Cheem\OneDrive\Coding\clipsCommerce\node_modules\jest-circus\build\legacy-code-todo-rewrite\jestAdapterInit.js:122:21)
    at jestAdapter (C:\Users\Cheem\OneDrive\Coding\clipsCommerce\node_modules\jest-circus\build\legacy-code-todo-rewrite\jestAdapter.js:79:19)
    at runTestInternal (C:\Users\Cheem\OneDrive\Coding\clipsCommerce\node_modules\jest-runner\build\runTest.js:367:16)
    at runTest (C:\Users\Cheem\OneDrive\Coding\clipsCommerce\node_modules\jest-runner\build\runTest.js:444:34)
    at Object.worker (C:\Users\Cheem\OneDrive\Coding\clipsCommerce\node_modules\jest-runner\build\testWorker.js:106:12)</failure>
    </testcase>
    <testcase classname="Team Dashboard - Optimized Tests Recent Activity shows recent activity section" name="Team Dashboard - Optimized Tests Recent Activity shows recent activity section" time="0.017">
      <failure>TestingLibraryElementError: Unable to find an element with the text: Recent Activity. This could be because the text is broken up by multiple elements. In this case, you can provide a function for your text matcher to make your matcher more flexible.

Ignored nodes: comments, script, style
&lt;body&gt;
  &lt;div&gt;
    &lt;div
      class=&quot;min-h-screen bg-black text-white flex items-center justify-center p-4&quot;
    &gt;
      &lt;div
        class=&quot;max-w-md w-full bg-gradient-to-br from-neutral-900 to-neutral-800 border-neutral-700&quot;
      &gt;
        &lt;div
          class=&quot;text-center&quot;
        &gt;
          &lt;div
            class=&quot;flex justify-center mb-4&quot;
          &gt;
            &lt;div
              class=&quot;p-4 rounded-full bg-gradient-to-r from-[#8D5AFF]/20 to-[#5afcc0]/20 border border-[#8D5AFF]/30&quot;
            &gt;
              &lt;svg
                class=&quot;h-8 w-8 text-[#8D5AFF]&quot;
                data-testid=&quot;Lock-icon&quot;
              /&gt;
            &lt;/div&gt;
          &lt;/div&gt;
          &lt;h3
            class=&quot;text-xl text-white&quot;
          &gt;
            Team Dashboard Access Required
          &lt;/h3&gt;
          &lt;p
            class=&quot;text-neutral-400&quot;
          &gt;
            The Team Dashboard is available for Team plan subscribers only
          &lt;/p&gt;
        &lt;/div&gt;
        &lt;div
          class=&quot;space-y-4&quot;
        &gt;
          &lt;div
            class=&quot;bg-neutral-800/50 rounded-lg p-4&quot;
          &gt;
            &lt;h4
              class=&quot;font-semibold text-white mb-2&quot;
            &gt;
              Current Plan: 
              Lite
            &lt;/h4&gt;
            &lt;p
              class=&quot;text-sm text-neutral-400 mb-3&quot;
            &gt;
              Upgrade to Team plan to unlock:
            &lt;/p&gt;
            &lt;ul
              class=&quot;text-sm text-neutral-300 space-y-1&quot;
            &gt;
              &lt;li
                class=&quot;flex items-center&quot;
              &gt;
                &lt;svg
                  class=&quot;h-4 w-4 text-[#5afcc0] mr-2&quot;
                  data-testid=&quot;Shield-icon&quot;
                /&gt;
                Advanced team management
              &lt;/li&gt;
              &lt;li
                class=&quot;flex items-center&quot;
              &gt;
                &lt;svg
                  class=&quot;h-4 w-4 text-[#5afcc0] mr-2&quot;
                  data-testid=&quot;BarChart3-icon&quot;
                /&gt;
                Advanced analytics &amp; reporting
              &lt;/li&gt;
              &lt;li
                class=&quot;flex items-center&quot;
              &gt;
                &lt;svg
                  class=&quot;h-4 w-4 text-[#5afcc0] mr-2&quot;
                  data-testid=&quot;Users-icon&quot;
                /&gt;
                Multi-account management
              &lt;/li&gt;
            &lt;/ul&gt;
          &lt;/div&gt;
          &lt;div
            class=&quot;flex flex-col space-y-2&quot;
          &gt;
            &lt;button
              class=&quot;bg-gradient-to-r from-[#8D5AFF] to-[#5afcc0] text-white font-bold hover:opacity-90 transition-all&quot;
            &gt;
              Upgrade to Team Plan
            &lt;/button&gt;
            &lt;button
              class=&quot;border-neutral-600 text-neutral-300 hover:bg-neutral-800&quot;
              variant=&quot;outline&quot;
            &gt;
              Back to Dashboard
            &lt;/button&gt;
          &lt;/div&gt;
        &lt;/div&gt;
      &lt;/div&gt;
    &lt;/div&gt;
  &lt;/div&gt;
&lt;/body&gt;
    at Object.getElementError (C:\Users\Cheem\OneDrive\Coding\clipsCommerce\node_modules\@testing-library\dom\dist\config.js:37:19)
    at C:\Users\Cheem\OneDrive\Coding\clipsCommerce\node_modules\@testing-library\dom\dist\query-helpers.js:76:38
    at C:\Users\Cheem\OneDrive\Coding\clipsCommerce\node_modules\@testing-library\dom\dist\query-helpers.js:52:17
    at C:\Users\Cheem\OneDrive\Coding\clipsCommerce\node_modules\@testing-library\dom\dist\query-helpers.js:95:19
    at Object.&lt;anonymous&gt; (C:\Users\Cheem\OneDrive\Coding\clipsCommerce\src\__tests__\team-dashboard-optimized.test.tsx:149:21)
    at Promise.then.completed (C:\Users\Cheem\OneDrive\Coding\clipsCommerce\node_modules\jest-circus\build\utils.js:298:28)
    at new Promise (&lt;anonymous&gt;)
    at callAsyncCircusFn (C:\Users\Cheem\OneDrive\Coding\clipsCommerce\node_modules\jest-circus\build\utils.js:231:10)
    at _callCircusTest (C:\Users\Cheem\OneDrive\Coding\clipsCommerce\node_modules\jest-circus\build\run.js:316:40)
    at processTicksAndRejections (node:internal/process/task_queues:105:5)
    at _runTest (C:\Users\Cheem\OneDrive\Coding\clipsCommerce\node_modules\jest-circus\build\run.js:252:3)
    at _runTestsForDescribeBlock (C:\Users\Cheem\OneDrive\Coding\clipsCommerce\node_modules\jest-circus\build\run.js:126:9)
    at _runTestsForDescribeBlock (C:\Users\Cheem\OneDrive\Coding\clipsCommerce\node_modules\jest-circus\build\run.js:121:9)
    at _runTestsForDescribeBlock (C:\Users\Cheem\OneDrive\Coding\clipsCommerce\node_modules\jest-circus\build\run.js:121:9)
    at run (C:\Users\Cheem\OneDrive\Coding\clipsCommerce\node_modules\jest-circus\build\run.js:71:3)
    at runAndTransformResultsToJestFormat (C:\Users\Cheem\OneDrive\Coding\clipsCommerce\node_modules\jest-circus\build\legacy-code-todo-rewrite\jestAdapterInit.js:122:21)
    at jestAdapter (C:\Users\Cheem\OneDrive\Coding\clipsCommerce\node_modules\jest-circus\build\legacy-code-todo-rewrite\jestAdapter.js:79:19)
    at runTestInternal (C:\Users\Cheem\OneDrive\Coding\clipsCommerce\node_modules\jest-runner\build\runTest.js:367:16)
    at runTest (C:\Users\Cheem\OneDrive\Coding\clipsCommerce\node_modules\jest-runner\build\runTest.js:444:34)
    at Object.worker (C:\Users\Cheem\OneDrive\Coding\clipsCommerce\node_modules\jest-runner\build\testWorker.js:106:12)</failure>
    </testcase>
  </testsuite>
  <testsuite name="OptimizedVideoGenerator" errors="0" failures="6" skipped="0" timestamp="2025-06-14T11:58:58" time="0.87" tests="28">
    <testcase classname="OptimizedVideoGenerator constructor should throw an error if API key is not provided" name="OptimizedVideoGenerator constructor should throw an error if API key is not provided" time="0.037">
    </testcase>
    <testcase classname="OptimizedVideoGenerator constructor should initialize OpenAI client with the provided API key" name="OptimizedVideoGenerator constructor should initialize OpenAI client with the provided API key" time="0.003">
    </testcase>
    <testcase classname="OptimizedVideoGenerator generateOptimizedContent - Prompt Generation should generate a comprehensive prompt including all provided data" name="OptimizedVideoGenerator generateOptimizedContent - Prompt Generation should generate a comprehensive prompt including all provided data" time="0.009">
      <failure>Error: expect(received).toContain(expected) // indexOf

Expected substring: &quot;Platform: TikTok&quot;
Received string:    &quot;You are an expert social media content strategist. Generate engaging and optimized video content in JSON format based on the provided data and user preferences.&quot;
    at Object.&lt;anonymous&gt; (C:\Users\Cheem\OneDrive\Coding\clipsCommerce\src\app\workflows\video_optimization\OptimizedVideoGenerator.spec.ts:115:22)
    at processTicksAndRejections (node:internal/process/task_queues:105:5)</failure>
    </testcase>
    <testcase classname="OptimizedVideoGenerator generateOptimizedContent - Prompt Generation should include product links in the prompt if provided" name="OptimizedVideoGenerator generateOptimizedContent - Prompt Generation should include product links in the prompt if provided" time="0.003">
      <failure>Error: expect(received).toContain(expected) // indexOf

Expected substring: &quot;--- Product Links to Incorporate ---&quot;
Received string:    &quot;You are an expert social media content strategist. Generate engaging and optimized video content in JSON format based on the provided data and user preferences.&quot;
    at Object.&lt;anonymous&gt; (C:\Users\Cheem\OneDrive\Coding\clipsCommerce\src\app\workflows\video_optimization\OptimizedVideoGenerator.spec.ts:136:22)
    at processTicksAndRejections (node:internal/process/task_queues:105:5)</failure>
    </testcase>
    <testcase classname="OptimizedVideoGenerator generateOptimizedContent - Prompt Generation should handle missing optional analysis data gracefully in prompt" name="OptimizedVideoGenerator generateOptimizedContent - Prompt Generation should handle missing optional analysis data gracefully in prompt" time="0.004">
    </testcase>
    <testcase classname="OptimizedVideoGenerator generateOptimizedContent - OpenAI API Interaction should call OpenAI API with the correct model and parse the JSON response" name="OptimizedVideoGenerator generateOptimizedContent - OpenAI API Interaction should call OpenAI API with the correct model and parse the JSON response" time="0.005">
    </testcase>
    <testcase classname="OptimizedVideoGenerator generateOptimizedContent - OpenAI API Interaction should use a custom OpenAI model if provided in config" name="OptimizedVideoGenerator generateOptimizedContent - OpenAI API Interaction should use a custom OpenAI model if provided in config" time="0.003">
    </testcase>
    <testcase classname="OptimizedVideoGenerator generateOptimizedContent - OpenAI API Interaction should throw an error if OpenAI API returns non-JSON content" name="OptimizedVideoGenerator generateOptimizedContent - OpenAI API Interaction should throw an error if OpenAI API returns non-JSON content" time="0.003">
    </testcase>
    <testcase classname="OptimizedVideoGenerator generateOptimizedContent - OpenAI API Interaction should throw an error if OpenAI API returns malformed JSON" name="OptimizedVideoGenerator generateOptimizedContent - OpenAI API Interaction should throw an error if OpenAI API returns malformed JSON" time="0.003">
    </testcase>
    <testcase classname="OptimizedVideoGenerator generateOptimizedContent - OpenAI API Interaction should throw an error if OpenAI API returns no choices" name="OptimizedVideoGenerator generateOptimizedContent - OpenAI API Interaction should throw an error if OpenAI API returns no choices" time="0.002">
    </testcase>
    <testcase classname="OptimizedVideoGenerator generateOptimizedContent - OpenAI API Interaction should throw an error if OpenAI API response content is null" name="OptimizedVideoGenerator generateOptimizedContent - OpenAI API Interaction should throw an error if OpenAI API response content is null" time="0.003">
    </testcase>
    <testcase classname="OptimizedVideoGenerator generateOptimizedContent - OpenAI API Interaction should throw an error if OpenAI API call fails" name="OptimizedVideoGenerator generateOptimizedContent - OpenAI API Interaction should throw an error if OpenAI API call fails" time="0.004">
    </testcase>
    <testcase classname="OptimizedVideoGenerator generateOptimizedContent - OpenAI API Interaction should throw an error if OpenAI API returns JSON that fails Zod validation" name="OptimizedVideoGenerator generateOptimizedContent - OpenAI API Interaction should throw an error if OpenAI API returns JSON that fails Zod validation" time="0.01">
      <failure>Error: expect(received).rejects.toThrow(expected)

Expected pattern: /^OpenAI response validation failed: captions.alternatives - Required/
Received message: &quot;OpenAI response validation failed: captions.alternatives: Required&quot;

      247 |         .map((e: any) =&gt; `${e.path?.join?.(&apos;.&apos;) || &apos;unknown&apos;}: ${e.message || &apos;Unknown error&apos;}`)
      248 |         .join(&apos; - &apos;);
    &gt; 249 |       throw new Error(`OpenAI response validation failed: ${errorDetails}`);
          |             ^
      250 |     }
      251 |     throw new Error(&apos;Failed to validate OpenAI response JSON due to an unknown Zod error.&apos;);
      252 |   }

      at OptimizedVideoGenerator.handleZodValidationError (src/app/workflows/video_optimization/OptimizedVideoGenerator.ts:249:13)
      at OptimizedVideoGenerator.generateOptimizedContent (src/app/workflows/video_optimization/OptimizedVideoGenerator.ts:228:16)
      at Object.&lt;anonymous&gt; (src/app/workflows/video_optimization/OptimizedVideoGenerator.spec.ts:215:7)
    at Object.toThrow (C:\Users\Cheem\OneDrive\Coding\clipsCommerce\node_modules\expect\build\index.js:218:22)
    at Object.&lt;anonymous&gt; (C:\Users\Cheem\OneDrive\Coding\clipsCommerce\src\app\workflows\video_optimization\OptimizedVideoGenerator.spec.ts:216:18)
    at Promise.then.completed (C:\Users\Cheem\OneDrive\Coding\clipsCommerce\node_modules\jest-circus\build\utils.js:298:28)
    at new Promise (&lt;anonymous&gt;)
    at callAsyncCircusFn (C:\Users\Cheem\OneDrive\Coding\clipsCommerce\node_modules\jest-circus\build\utils.js:231:10)
    at _callCircusTest (C:\Users\Cheem\OneDrive\Coding\clipsCommerce\node_modules\jest-circus\build\run.js:316:40)
    at processTicksAndRejections (node:internal/process/task_queues:105:5)
    at _runTest (C:\Users\Cheem\OneDrive\Coding\clipsCommerce\node_modules\jest-circus\build\run.js:252:3)
    at _runTestsForDescribeBlock (C:\Users\Cheem\OneDrive\Coding\clipsCommerce\node_modules\jest-circus\build\run.js:126:9)
    at _runTestsForDescribeBlock (C:\Users\Cheem\OneDrive\Coding\clipsCommerce\node_modules\jest-circus\build\run.js:121:9)
    at _runTestsForDescribeBlock (C:\Users\Cheem\OneDrive\Coding\clipsCommerce\node_modules\jest-circus\build\run.js:121:9)
    at run (C:\Users\Cheem\OneDrive\Coding\clipsCommerce\node_modules\jest-circus\build\run.js:71:3)
    at runAndTransformResultsToJestFormat (C:\Users\Cheem\OneDrive\Coding\clipsCommerce\node_modules\jest-circus\build\legacy-code-todo-rewrite\jestAdapterInit.js:122:21)
    at jestAdapter (C:\Users\Cheem\OneDrive\Coding\clipsCommerce\node_modules\jest-circus\build\legacy-code-todo-rewrite\jestAdapter.js:79:19)
    at runTestInternal (C:\Users\Cheem\OneDrive\Coding\clipsCommerce\node_modules\jest-runner\build\runTest.js:367:16)
    at runTest (C:\Users\Cheem\OneDrive\Coding\clipsCommerce\node_modules\jest-runner\build\runTest.js:444:34)
    at Object.worker (C:\Users\Cheem\OneDrive\Coding\clipsCommerce\node_modules\jest-runner\build\testWorker.js:106:12)</failure>
    </testcase>
    <testcase classname="OptimizedVideoGenerator generateOptimizedContent - OpenAI API Interaction should successfully generate content after a few transient API errors (e.g., 500)" name="OptimizedVideoGenerator generateOptimizedContent - OpenAI API Interaction should successfully generate content after a few transient API errors (e.g., 500)" time="0.002">
      <failure>TypeError: openai_1.APIError is not a constructor
    at Object.&lt;anonymous&gt; (C:\Users\Cheem\OneDrive\Coding\clipsCommerce\src\app\workflows\video_optimization\OptimizedVideoGenerator.spec.ts:220:30)
    at Promise.then.completed (C:\Users\Cheem\OneDrive\Coding\clipsCommerce\node_modules\jest-circus\build\utils.js:298:28)
    at new Promise (&lt;anonymous&gt;)
    at callAsyncCircusFn (C:\Users\Cheem\OneDrive\Coding\clipsCommerce\node_modules\jest-circus\build\utils.js:231:10)
    at _callCircusTest (C:\Users\Cheem\OneDrive\Coding\clipsCommerce\node_modules\jest-circus\build\run.js:316:40)
    at processTicksAndRejections (node:internal/process/task_queues:105:5)
    at _runTest (C:\Users\Cheem\OneDrive\Coding\clipsCommerce\node_modules\jest-circus\build\run.js:252:3)
    at _runTestsForDescribeBlock (C:\Users\Cheem\OneDrive\Coding\clipsCommerce\node_modules\jest-circus\build\run.js:126:9)
    at _runTestsForDescribeBlock (C:\Users\Cheem\OneDrive\Coding\clipsCommerce\node_modules\jest-circus\build\run.js:121:9)
    at _runTestsForDescribeBlock (C:\Users\Cheem\OneDrive\Coding\clipsCommerce\node_modules\jest-circus\build\run.js:121:9)
    at run (C:\Users\Cheem\OneDrive\Coding\clipsCommerce\node_modules\jest-circus\build\run.js:71:3)
    at runAndTransformResultsToJestFormat (C:\Users\Cheem\OneDrive\Coding\clipsCommerce\node_modules\jest-circus\build\legacy-code-todo-rewrite\jestAdapterInit.js:122:21)
    at jestAdapter (C:\Users\Cheem\OneDrive\Coding\clipsCommerce\node_modules\jest-circus\build\legacy-code-todo-rewrite\jestAdapter.js:79:19)
    at runTestInternal (C:\Users\Cheem\OneDrive\Coding\clipsCommerce\node_modules\jest-runner\build\runTest.js:367:16)
    at runTest (C:\Users\Cheem\OneDrive\Coding\clipsCommerce\node_modules\jest-runner\build\runTest.js:444:34)
    at Object.worker (C:\Users\Cheem\OneDrive\Coding\clipsCommerce\node_modules\jest-runner\build\testWorker.js:106:12)</failure>
    </testcase>
    <testcase classname="OptimizedVideoGenerator generateOptimizedContent - OpenAI API Interaction should throw an error after exhausting retries on persistent transient API errors" name="OptimizedVideoGenerator generateOptimizedContent - OpenAI API Interaction should throw an error after exhausting retries on persistent transient API errors" time="0.002">
      <failure>TypeError: openai_1.APIError is not a constructor
    at Object.&lt;anonymous&gt; (C:\Users\Cheem\OneDrive\Coding\clipsCommerce\src\app\workflows\video_optimization\OptimizedVideoGenerator.spec.ts:232:40)
    at Promise.then.completed (C:\Users\Cheem\OneDrive\Coding\clipsCommerce\node_modules\jest-circus\build\utils.js:298:28)
    at new Promise (&lt;anonymous&gt;)
    at callAsyncCircusFn (C:\Users\Cheem\OneDrive\Coding\clipsCommerce\node_modules\jest-circus\build\utils.js:231:10)
    at _callCircusTest (C:\Users\Cheem\OneDrive\Coding\clipsCommerce\node_modules\jest-circus\build\run.js:316:40)
    at processTicksAndRejections (node:internal/process/task_queues:105:5)
    at _runTest (C:\Users\Cheem\OneDrive\Coding\clipsCommerce\node_modules\jest-circus\build\run.js:252:3)
    at _runTestsForDescribeBlock (C:\Users\Cheem\OneDrive\Coding\clipsCommerce\node_modules\jest-circus\build\run.js:126:9)
    at _runTestsForDescribeBlock (C:\Users\Cheem\OneDrive\Coding\clipsCommerce\node_modules\jest-circus\build\run.js:121:9)
    at _runTestsForDescribeBlock (C:\Users\Cheem\OneDrive\Coding\clipsCommerce\node_modules\jest-circus\build\run.js:121:9)
    at run (C:\Users\Cheem\OneDrive\Coding\clipsCommerce\node_modules\jest-circus\build\run.js:71:3)
    at runAndTransformResultsToJestFormat (C:\Users\Cheem\OneDrive\Coding\clipsCommerce\node_modules\jest-circus\build\legacy-code-todo-rewrite\jestAdapterInit.js:122:21)
    at jestAdapter (C:\Users\Cheem\OneDrive\Coding\clipsCommerce\node_modules\jest-circus\build\legacy-code-todo-rewrite\jestAdapter.js:79:19)
    at runTestInternal (C:\Users\Cheem\OneDrive\Coding\clipsCommerce\node_modules\jest-runner\build\runTest.js:367:16)
    at runTest (C:\Users\Cheem\OneDrive\Coding\clipsCommerce\node_modules\jest-runner\build\runTest.js:444:34)
    at Object.worker (C:\Users\Cheem\OneDrive\Coding\clipsCommerce\node_modules\jest-runner\build\testWorker.js:106:12)</failure>
    </testcase>
    <testcase classname="OptimizedVideoGenerator generateOptimizedContent - OpenAI API Interaction should throw an error immediately for non-retryable API errors (e.g., 401)" name="OptimizedVideoGenerator generateOptimizedContent - OpenAI API Interaction should throw an error immediately for non-retryable API errors (e.g., 401)" time="0.002">
      <failure>TypeError: openai_1.APIError is not a constructor
    at Object.&lt;anonymous&gt; (C:\Users\Cheem\OneDrive\Coding\clipsCommerce\src\app\workflows\video_optimization\OptimizedVideoGenerator.spec.ts:241:33)
    at Promise.then.completed (C:\Users\Cheem\OneDrive\Coding\clipsCommerce\node_modules\jest-circus\build\utils.js:298:28)
    at new Promise (&lt;anonymous&gt;)
    at callAsyncCircusFn (C:\Users\Cheem\OneDrive\Coding\clipsCommerce\node_modules\jest-circus\build\utils.js:231:10)
    at _callCircusTest (C:\Users\Cheem\OneDrive\Coding\clipsCommerce\node_modules\jest-circus\build\run.js:316:40)
    at processTicksAndRejections (node:internal/process/task_queues:105:5)
    at _runTest (C:\Users\Cheem\OneDrive\Coding\clipsCommerce\node_modules\jest-circus\build\run.js:252:3)
    at _runTestsForDescribeBlock (C:\Users\Cheem\OneDrive\Coding\clipsCommerce\node_modules\jest-circus\build\run.js:126:9)
    at _runTestsForDescribeBlock (C:\Users\Cheem\OneDrive\Coding\clipsCommerce\node_modules\jest-circus\build\run.js:121:9)
    at _runTestsForDescribeBlock (C:\Users\Cheem\OneDrive\Coding\clipsCommerce\node_modules\jest-circus\build\run.js:121:9)
    at run (C:\Users\Cheem\OneDrive\Coding\clipsCommerce\node_modules\jest-circus\build\run.js:71:3)
    at runAndTransformResultsToJestFormat (C:\Users\Cheem\OneDrive\Coding\clipsCommerce\node_modules\jest-circus\build\legacy-code-todo-rewrite\jestAdapterInit.js:122:21)
    at jestAdapter (C:\Users\Cheem\OneDrive\Coding\clipsCommerce\node_modules\jest-circus\build\legacy-code-todo-rewrite\jestAdapter.js:79:19)
    at runTestInternal (C:\Users\Cheem\OneDrive\Coding\clipsCommerce\node_modules\jest-runner\build\runTest.js:367:16)
    at runTest (C:\Users\Cheem\OneDrive\Coding\clipsCommerce\node_modules\jest-runner\build\runTest.js:444:34)
    at Object.worker (C:\Users\Cheem\OneDrive\Coding\clipsCommerce\node_modules\jest-runner\build\testWorker.js:106:12)</failure>
    </testcase>
    <testcase classname="OptimizedVideoGenerator Input Validation should throw an error if analysisData is null" name="OptimizedVideoGenerator Input Validation should throw an error if analysisData is null" time="0.003">
    </testcase>
    <testcase classname="OptimizedVideoGenerator Input Validation should throw an error if userPreferences is null" name="OptimizedVideoGenerator Input Validation should throw an error if userPreferences is null" time="0.003">
    </testcase>
    <testcase classname="OptimizedVideoGenerator Input Validation should throw an error if userPreferences.userId is null" name="OptimizedVideoGenerator Input Validation should throw an error if userPreferences.userId is null" time="0.01">
    </testcase>
    <testcase classname="OptimizedVideoGenerator Input Validation should throw an error if userPreferences.userId is undefined" name="OptimizedVideoGenerator Input Validation should throw an error if userPreferences.userId is undefined" time="0.003">
    </testcase>
    <testcase classname="OptimizedVideoGenerator Input Validation should throw an error if userPreferences.userId is an empty string" name="OptimizedVideoGenerator Input Validation should throw an error if userPreferences.userId is an empty string" time="0.002">
    </testcase>
    <testcase classname="OptimizedVideoGenerator generateOptimizedContent - Caching should cache a successful response and return it on subsequent identical calls" name="OptimizedVideoGenerator generateOptimizedContent - Caching should cache a successful response and return it on subsequent identical calls" time="0.002">
    </testcase>
    <testcase classname="OptimizedVideoGenerator generateOptimizedContent - Caching should not use cache for different parameters" name="OptimizedVideoGenerator generateOptimizedContent - Caching should not use cache for different parameters" time="0.002">
    </testcase>
    <testcase classname="OptimizedVideoGenerator generateOptimizedContent - Caching should invalidate and fetch new data if cache expires" name="OptimizedVideoGenerator generateOptimizedContent - Caching should invalidate and fetch new data if cache expires" time="0.003">
    </testcase>
    <testcase classname="OptimizedVideoGenerator generateOptimizedContent - Rate Limiting should allow up to MAX_REQUESTS_PER_MINUTE requests within the window" name="OptimizedVideoGenerator generateOptimizedContent - Rate Limiting should allow up to MAX_REQUESTS_PER_MINUTE requests within the window" time="0.006">
    </testcase>
    <testcase classname="OptimizedVideoGenerator generateOptimizedContent - Rate Limiting should throw error when rate limit is exceeded (21st request)" name="OptimizedVideoGenerator generateOptimizedContent - Rate Limiting should throw error when rate limit is exceeded (21st request)" time="0.006">
    </testcase>
    <testcase classname="OptimizedVideoGenerator generateOptimizedContent - Rate Limiting should reset rate limit after the window expires" name="OptimizedVideoGenerator generateOptimizedContent - Rate Limiting should reset rate limit after the window expires" time="0.01">
    </testcase>
    <testcase classname="OptimizedVideoGenerator generateOptimizedContent - Rate Limiting should apply rate limits independently for different users" name="OptimizedVideoGenerator generateOptimizedContent - Rate Limiting should apply rate limits independently for different users" time="0.006">
    </testcase>
  </testsuite>
  <testsuite name="Payment Flow - Core Functionality" errors="0" failures="1" skipped="0" timestamp="2025-06-14T11:58:58" time="0.781" tests="8">
    <testcase classname="Payment Flow - Core Functionality should render all pricing plans" name="Payment Flow - Core Functionality should render all pricing plans" time="0.082">
    </testcase>
    <testcase classname="Payment Flow - Core Functionality should toggle between monthly and yearly billing" name="Payment Flow - Core Functionality should toggle between monthly and yearly billing" time="0.05">
    </testcase>
    <testcase classname="Payment Flow - Core Functionality should use correct Stripe link for Pro yearly plan" name="Payment Flow - Core Functionality should use correct Stripe link for Pro yearly plan" time="0.019">
    </testcase>
    <testcase classname="Payment Flow - Core Functionality should use correct Stripe link for Pro monthly plan" name="Payment Flow - Core Functionality should use correct Stripe link for Pro monthly plan" time="0.021">
    </testcase>
    <testcase classname="Payment Flow - Core Functionality should use correct Stripe link for Team yearly plan and set redirect" name="Payment Flow - Core Functionality should use correct Stripe link for Team yearly plan and set redirect" time="0.019">
    </testcase>
    <testcase classname="Payment Flow - Core Functionality should use correct Stripe link for Team monthly plan and set redirect" name="Payment Flow - Core Functionality should use correct Stripe link for Team monthly plan and set redirect" time="0.018">
    </testcase>
    <testcase classname="Payment Flow - Core Functionality should handle free plan correctly" name="Payment Flow - Core Functionality should handle free plan correctly" time="0.019">
      <failure>TypeError: Cannot redefine property: location
    at Function.defineProperty (&lt;anonymous&gt;)
    at Object.&lt;anonymous&gt; (C:\Users\Cheem\OneDrive\Coding\clipsCommerce\src\__tests__\payment-flow-simple.test.tsx:183:12)
    at Promise.then.completed (C:\Users\Cheem\OneDrive\Coding\clipsCommerce\node_modules\jest-circus\build\utils.js:298:28)
    at new Promise (&lt;anonymous&gt;)
    at callAsyncCircusFn (C:\Users\Cheem\OneDrive\Coding\clipsCommerce\node_modules\jest-circus\build\utils.js:231:10)
    at _callCircusTest (C:\Users\Cheem\OneDrive\Coding\clipsCommerce\node_modules\jest-circus\build\run.js:316:40)
    at processTicksAndRejections (node:internal/process/task_queues:105:5)
    at _runTest (C:\Users\Cheem\OneDrive\Coding\clipsCommerce\node_modules\jest-circus\build\run.js:252:3)
    at _runTestsForDescribeBlock (C:\Users\Cheem\OneDrive\Coding\clipsCommerce\node_modules\jest-circus\build\run.js:126:9)
    at _runTestsForDescribeBlock (C:\Users\Cheem\OneDrive\Coding\clipsCommerce\node_modules\jest-circus\build\run.js:121:9)
    at run (C:\Users\Cheem\OneDrive\Coding\clipsCommerce\node_modules\jest-circus\build\run.js:71:3)
    at runAndTransformResultsToJestFormat (C:\Users\Cheem\OneDrive\Coding\clipsCommerce\node_modules\jest-circus\build\legacy-code-todo-rewrite\jestAdapterInit.js:122:21)
    at jestAdapter (C:\Users\Cheem\OneDrive\Coding\clipsCommerce\node_modules\jest-circus\build\legacy-code-todo-rewrite\jestAdapter.js:79:19)
    at runTestInternal (C:\Users\Cheem\OneDrive\Coding\clipsCommerce\node_modules\jest-runner\build\runTest.js:367:16)
    at runTest (C:\Users\Cheem\OneDrive\Coding\clipsCommerce\node_modules\jest-runner\build\runTest.js:444:34)
    at Object.worker (C:\Users\Cheem\OneDrive\Coding\clipsCommerce\node_modules\jest-runner\build\testWorker.js:106:12)</failure>
    </testcase>
    <testcase classname="Environment Variable Validation should have all required Stripe environment variables defined" name="Environment Variable Validation should have all required Stripe environment variables defined" time="0.003">
    </testcase>
  </testsuite>
  <testsuite name="PricingSection" errors="0" failures="1" skipped="0" timestamp="2025-06-14T11:58:58" time="1.111" tests="1">
    <testcase classname="PricingSection matches snapshot" name="PricingSection matches snapshot" time="0.221">
      <failure>Error: expect(received).toMatchSnapshot()

Snapshot name: `PricingSection matches snapshot 1`

- Snapshot  - 3
+ Received  + 3

@@ -101,11 +101,11 @@
                class=&quot;p-8 relative&quot;
              &gt;
                &lt;h3
                  class=&quot;text-2xl font-bold text-white mb-2&quot;
                &gt;
-                 Lite Plan
+                 Lite
                &lt;/h3&gt;
                &lt;p
                  class=&quot;text-white/60 mb-6 min-h-[40px]&quot;
                &gt;
                  $20/month
@@ -291,11 +291,11 @@
                  class=&quot;absolute -top-20 -right-20 w-64 h-64 bg-[#8D5AFF]/20 rounded-full filter blur-3xl -z-10&quot;
                /&gt;
                &lt;h3
                  class=&quot;text-2xl font-bold text-white mb-2&quot;
                &gt;
-                 Pro Plan
+                 Pro
                &lt;/h3&gt;
                &lt;p
                  class=&quot;text-white/60 mb-6 min-h-[40px]&quot;
                &gt;
                  $70/month
@@ -518,11 +518,11 @@
                class=&quot;p-8 relative&quot;
              &gt;
                &lt;h3
                  class=&quot;text-2xl font-bold text-white mb-2&quot;
                &gt;
-                 Team Plan
+                 Team
                &lt;/h3&gt;
                &lt;p
                  class=&quot;text-white/60 mb-6 min-h-[40px]&quot;
                &gt;
                  $500/month
    at Object.&lt;anonymous&gt; (C:\Users\Cheem\OneDrive\Coding\clipsCommerce\src\__tests__\PricingSection.snapshot.test.tsx:7:23)
    at Promise.then.completed (C:\Users\Cheem\OneDrive\Coding\clipsCommerce\node_modules\jest-circus\build\utils.js:298:28)
    at new Promise (&lt;anonymous&gt;)
    at callAsyncCircusFn (C:\Users\Cheem\OneDrive\Coding\clipsCommerce\node_modules\jest-circus\build\utils.js:231:10)
    at _callCircusTest (C:\Users\Cheem\OneDrive\Coding\clipsCommerce\node_modules\jest-circus\build\run.js:316:40)
    at processTicksAndRejections (node:internal/process/task_queues:105:5)
    at _runTest (C:\Users\Cheem\OneDrive\Coding\clipsCommerce\node_modules\jest-circus\build\run.js:252:3)
    at _runTestsForDescribeBlock (C:\Users\Cheem\OneDrive\Coding\clipsCommerce\node_modules\jest-circus\build\run.js:126:9)
    at _runTestsForDescribeBlock (C:\Users\Cheem\OneDrive\Coding\clipsCommerce\node_modules\jest-circus\build\run.js:121:9)
    at run (C:\Users\Cheem\OneDrive\Coding\clipsCommerce\node_modules\jest-circus\build\run.js:71:3)
    at runAndTransformResultsToJestFormat (C:\Users\Cheem\OneDrive\Coding\clipsCommerce\node_modules\jest-circus\build\legacy-code-todo-rewrite\jestAdapterInit.js:122:21)
    at jestAdapter (C:\Users\Cheem\OneDrive\Coding\clipsCommerce\node_modules\jest-circus\build\legacy-code-todo-rewrite\jestAdapter.js:79:19)
    at runTestInternal (C:\Users\Cheem\OneDrive\Coding\clipsCommerce\node_modules\jest-runner\build\runTest.js:367:16)
    at runTest (C:\Users\Cheem\OneDrive\Coding\clipsCommerce\node_modules\jest-runner\build\runTest.js:444:34)
    at Object.worker (C:\Users\Cheem\OneDrive\Coding\clipsCommerce\node_modules\jest-runner\build\testWorker.js:106:12)</failure>
    </testcase>
  </testsuite>
  <testsuite name="SubscriptionComponent" errors="0" failures="2" skipped="0" timestamp="2025-06-14T11:58:58" time="1.889" tests="7">
    <testcase classname="SubscriptionComponent renders subscription management without navigation" name="SubscriptionComponent renders subscription management without navigation" time="0.255">
    </testcase>
    <testcase classname="SubscriptionComponent renders the three pricing tiers" name="SubscriptionComponent renders the three pricing tiers" time="0.101">
      <failure>TestingLibraryElementError: Unable to find an element with the text: Pro. This could be because the text is broken up by multiple elements. In this case, you can provide a function for your text matcher to make your matcher more flexible.

Ignored nodes: comments, script, style
&lt;body&gt;
  &lt;div&gt;
    &lt;div
      class=&quot;min-h-screen bg-background text-foreground p-4 md:p-6 space-y-6&quot;
    &gt;
      &lt;div&gt;
        &lt;h1
          class=&quot;text-2xl md:text-3xl font-bold tracking-tight gradient-text&quot;
        &gt;
          Subscription
        &lt;/h1&gt;
        &lt;p
          class=&quot;text-muted-foreground mt-1&quot;
        &gt;
          Manage your subscription plan and billing
        &lt;/p&gt;
      &lt;/div&gt;
      &lt;div
        data-orientation=&quot;horizontal&quot;
        dir=&quot;ltr&quot;
      &gt;
        &lt;div
          aria-orientation=&quot;horizontal&quot;
          class=&quot;h-9 items-center justify-center rounded-lg bg-muted p-1 text-muted-foreground grid w-full grid-cols-3&quot;
          data-orientation=&quot;horizontal&quot;
          role=&quot;tablist&quot;
          style=&quot;outline: none;&quot;
          tabindex=&quot;0&quot;
        &gt;
          &lt;button
            aria-controls=&quot;radix-«r4»-content-plans&quot;
            aria-selected=&quot;true&quot;
            class=&quot;inline-flex items-center justify-center whitespace-nowrap rounded-md px-3 py-1 text-sm font-medium ring-offset-background transition-all focus-visible:outline-none focus-visible:ring-2 focus-visible:ring-ring focus-visible:ring-offset-2 disabled:pointer-events-none disabled:opacity-50 data-[state=active]:bg-background data-[state=active]:text-foreground data-[state=active]:shadow&quot;
            data-orientation=&quot;horizontal&quot;
            data-radix-collection-item=&quot;&quot;
            data-state=&quot;active&quot;
            id=&quot;radix-«r4»-trigger-plans&quot;
            role=&quot;tab&quot;
            tabindex=&quot;-1&quot;
            type=&quot;button&quot;
          &gt;
            &lt;svg
              class=&quot;h-4 w-4 mr-2&quot;
              data-testid=&quot;Shield-icon&quot;
            /&gt;
            Plans
          &lt;/button&gt;
          &lt;button
            aria-controls=&quot;radix-«r4»-content-billing&quot;
            aria-selected=&quot;false&quot;
            class=&quot;inline-flex items-center justify-center whitespace-nowrap rounded-md px-3 py-1 text-sm font-medium ring-offset-background transition-all focus-visible:outline-none focus-visible:ring-2 focus-visible:ring-ring focus-visible:ring-offset-2 disabled:pointer-events-none disabled:opacity-50 data-[state=active]:bg-background data-[state=active]:text-foreground data-[state=active]:shadow&quot;
            data-orientation=&quot;horizontal&quot;
            data-radix-collection-item=&quot;&quot;
            data-state=&quot;inactive&quot;
            id=&quot;radix-«r4»-trigger-billing&quot;
            role=&quot;tab&quot;
            tabindex=&quot;-1&quot;
            type=&quot;button&quot;
          &gt;
            &lt;svg
              class=&quot;h-4 w-4 mr-2&quot;
              data-testid=&quot;CreditCard-icon&quot;
            /&gt;
            Billing
          &lt;/button&gt;
          &lt;button
            aria-controls=&quot;radix-«r4»-content-invoices&quot;
            aria-selected=&quot;false&quot;
            class=&quot;inline-flex items-center justify-center whitespace-nowrap rounded-md px-3 py-1 text-sm font-medium ring-offset-background transition-all focus-visible:outline-none focus-visible:ring-2 focus-visible:ring-ring focus-visible:ring-offset-2 disabled:pointer-events-none disabled:opacity-50 data-[state=active]:bg-background data-[state=active]:text-foreground data-[state=active]:shadow&quot;
            data-orientation=&quot;horizontal&quot;
            data-radix-collection-item=&quot;&quot;
            data-state=&quot;inactive&quot;
            id=&quot;radix-«r4»-trigger-invoices&quot;
            role=&quot;tab&quot;
            tabindex=&quot;-1&quot;
            type=&quot;button&quot;
          &gt;
            &lt;svg
              class=&quot;h-4 w-4 mr-2&quot;
              data-testid=&quot;FileText-icon&quot;
            /&gt;
            Invoices
          &lt;/button&gt;
        &lt;/div&gt;
        &lt;div
          aria-labelledby=&quot;radix-«r4»-trigger-plans&quot;
          class=&quot;ring-offset-background focus-visible:outline-none focus-visible:ring-2 focus-visible:ring-ring focus-visible:ring-offset-2 mt-4&quot;
          data-orientation=&quot;horizontal&quot;
          data-state=&quot;active&quot;
          id=&quot;radix-«r4»-content-plans&quot;
          role=&quot;tabpanel&quot;
          style=&quot;animation-duration: 0s;&quot;
          tabindex=&quot;0&quot;
        &gt;
          &lt;div
            class=&quot;flex justify-center mb-6&quot;
          &gt;
            &lt;div
              class=&quot;bg-gray-100 p-1 rounded-full inline-flex items-center&quot;
            &gt;
              &lt;button
                class=&quot;inline-flex items-center justify-center font-medium transition-colors focus-visible:outline-none focus-visible:ring-1 focus-visible:ring-ring disabled:pointer-events-none disabled:opacity-50 bg-primary text-primary-foreground shadow hover:bg-primary/90 h-8 px-3 text-xs rounded-full&quot;
              &gt;
                Monthly
              &lt;/button&gt;
              &lt;button
                class=&quot;inline-flex items-center justify-center font-medium transition-colors focus-visible:outline-none focus-visible:ring-1 focus-visible:ring-ring disabled:pointer-events-none disabled:opacity-50 hover:bg-accent hover:text-accent-foreground h-8 px-3 text-xs rounded-full&quot;
              &gt;
                Yearly
                &lt;div
                  class=&quot;inline-flex items-center rounded-md px-2.5 py-0.5 text-xs font-semibold transition-colors focus:outline-none focus:ring-2 focus:ring-ring focus:ring-offset-2 ml-2 bg-green-100 text-green-800 border-0&quot;
                &gt;
                  Save 20%
                &lt;/div&gt;
              &lt;/button&gt;
            &lt;/div&gt;
          &lt;/div&gt;
          [...
    at Object.getElementError (C:\Users\Cheem\OneDrive\Coding\clipsCommerce\node_modules\@testing-library\dom\dist\config.js:37:19)
    at C:\Users\Cheem\OneDrive\Coding\clipsCommerce\node_modules\@testing-library\dom\dist\query-helpers.js:76:38
    at C:\Users\Cheem\OneDrive\Coding\clipsCommerce\node_modules\@testing-library\dom\dist\query-helpers.js:52:17
    at C:\Users\Cheem\OneDrive\Coding\clipsCommerce\node_modules\@testing-library\dom\dist\query-helpers.js:95:19
    at Object.&lt;anonymous&gt; (C:\Users\Cheem\OneDrive\Coding\clipsCommerce\src\__tests__\subscription-component.test.tsx:47:19)
    at Promise.then.completed (C:\Users\Cheem\OneDrive\Coding\clipsCommerce\node_modules\jest-circus\build\utils.js:298:28)
    at new Promise (&lt;anonymous&gt;)
    at callAsyncCircusFn (C:\Users\Cheem\OneDrive\Coding\clipsCommerce\node_modules\jest-circus\build\utils.js:231:10)
    at _callCircusTest (C:\Users\Cheem\OneDrive\Coding\clipsCommerce\node_modules\jest-circus\build\run.js:316:40)
    at processTicksAndRejections (node:internal/process/task_queues:105:5)
    at _runTest (C:\Users\Cheem\OneDrive\Coding\clipsCommerce\node_modules\jest-circus\build\run.js:252:3)
    at _runTestsForDescribeBlock (C:\Users\Cheem\OneDrive\Coding\clipsCommerce\node_modules\jest-circus\build\run.js:126:9)
    at _runTestsForDescribeBlock (C:\Users\Cheem\OneDrive\Coding\clipsCommerce\node_modules\jest-circus\build\run.js:121:9)
    at run (C:\Users\Cheem\OneDrive\Coding\clipsCommerce\node_modules\jest-circus\build\run.js:71:3)
    at runAndTransformResultsToJestFormat (C:\Users\Cheem\OneDrive\Coding\clipsCommerce\node_modules\jest-circus\build\legacy-code-todo-rewrite\jestAdapterInit.js:122:21)
    at jestAdapter (C:\Users\Cheem\OneDrive\Coding\clipsCommerce\node_modules\jest-circus\build\legacy-code-todo-rewrite\jestAdapter.js:79:19)
    at runTestInternal (C:\Users\Cheem\OneDrive\Coding\clipsCommerce\node_modules\jest-runner\build\runTest.js:367:16)
    at runTest (C:\Users\Cheem\OneDrive\Coding\clipsCommerce\node_modules\jest-runner\build\runTest.js:444:34)
    at Object.worker (C:\Users\Cheem\OneDrive\Coding\clipsCommerce\node_modules\jest-runner\build\testWorker.js:106:12)</failure>
    </testcase>
    <testcase classname="SubscriptionComponent shows the correct pricing for Pro tier" name="SubscriptionComponent shows the correct pricing for Pro tier" time="0.086">
      <failure>TestingLibraryElementError: Found multiple elements with the text: $70/month

Here are the matching elements:

Ignored nodes: comments, script, style
&lt;p
  class=&quot;text-sm text-muted-foreground&quot;
&gt;
  $70/month
&lt;/p&gt;

Ignored nodes: comments, script, style
&lt;span
  class=&quot;text-3xl font-bold&quot;
&gt;
  $70/month
&lt;/span&gt;

(If this is intentional, then use the `*AllBy*` variant of the query (like `queryAllByText`, `getAllByText`, or `findAllByText`)).

Ignored nodes: comments, script, style
&lt;body&gt;
  &lt;div&gt;
    &lt;div
      class=&quot;min-h-screen bg-background text-foreground p-4 md:p-6 space-y-6&quot;
    &gt;
      &lt;div&gt;
        &lt;h1
          class=&quot;text-2xl md:text-3xl font-bold tracking-tight gradient-text&quot;
        &gt;
          Subscription
        &lt;/h1&gt;
        &lt;p
          class=&quot;text-muted-foreground mt-1&quot;
        &gt;
          Manage your subscription plan and billing
        &lt;/p&gt;
      &lt;/div&gt;
      &lt;div
        data-orientation=&quot;horizontal&quot;
        dir=&quot;ltr&quot;
      &gt;
        &lt;div
          aria-orientation=&quot;horizontal&quot;
          class=&quot;h-9 items-center justify-center rounded-lg bg-muted p-1 text-muted-foreground grid w-full grid-cols-3&quot;
          data-orientation=&quot;horizontal&quot;
          role=&quot;tablist&quot;
          style=&quot;outline: none;&quot;
          tabindex=&quot;0&quot;
        &gt;
          &lt;button
            aria-controls=&quot;radix-«r8»-content-plans&quot;
            aria-selected=&quot;true&quot;
            class=&quot;inline-flex items-center justify-center whitespace-nowrap rounded-md px-3 py-1 text-sm font-medium ring-offset-background transition-all focus-visible:outline-none focus-visible:ring-2 focus-visible:ring-ring focus-visible:ring-offset-2 disabled:pointer-events-none disabled:opacity-50 data-[state=active]:bg-background data-[state=active]:text-foreground data-[state=active]:shadow&quot;
            data-orientation=&quot;horizontal&quot;
            data-radix-collection-item=&quot;&quot;
            data-state=&quot;active&quot;
            id=&quot;radix-«r8»-trigger-plans&quot;
            role=&quot;tab&quot;
            tabindex=&quot;-1&quot;
            type=&quot;button&quot;
          &gt;
            &lt;svg
              class=&quot;h-4 w-4 mr-2&quot;
              data-testid=&quot;Shield-icon&quot;
            /&gt;
            Plans
          &lt;/button&gt;
          &lt;button
            aria-controls=&quot;radix-«r8»-content-billing&quot;
            aria-selected=&quot;false&quot;
            class=&quot;inline-flex items-center justify-center whitespace-nowrap rounded-md px-3 py-1 text-sm font-medium ring-offset-background transition-all focus-visible:outline-none focus-visible:ring-2 focus-visible:ring-ring focus-visible:ring-offset-2 disabled:pointer-events-none disabled:opacity-50 data-[state=active]:bg-background data-[state=active]:text-foreground data-[state=active]:shadow&quot;
            data-orientation=&quot;horizontal&quot;
            data-radix-collection-item=&quot;&quot;
            data-state=&quot;inactive&quot;
            id=&quot;radix-«r8»-trigger-billing&quot;
            role=&quot;tab&quot;
            tabindex=&quot;-1&quot;
            type=&quot;button&quot;
          &gt;
            &lt;svg
              class=&quot;h-4 w-4 mr-2&quot;
              data-testid=&quot;CreditCard-icon&quot;
            /&gt;
            Billing
          &lt;/button&gt;
          &lt;button
            aria-controls=&quot;radix-«r8»-content-invoices&quot;
            aria-selected=&quot;false&quot;
            class=&quot;inline-flex items-center justify-center whitespace-nowrap rounded-md px-3 py-1 text-sm font-medium ring-offset-background transition-all focus-visible:outline-none focus-visible:ring-2 focus-visible:ring-ring focus-visible:ring-offset-2 disabled:pointer-events-none disabled:opacity-50 data-[state=active]:bg-background data-[state=active]:text-foreground data-[state=active]:shadow&quot;
            data-orientation=&quot;horizontal&quot;
            data-radix-collection-item=&quot;&quot;
            data-state=&quot;inactive&quot;
            id=&quot;radix-«r8»-trigger-invoices&quot;
            role=&quot;tab&quot;
            tabindex=&quot;-1&quot;
            type=&quot;button&quot;
          &gt;
            &lt;svg
              class=&quot;h-4 w-4 mr-2&quot;
              data-testid=&quot;FileText-icon&quot;
            /&gt;
            Invoices
          &lt;/button&gt;
        &lt;/div&gt;
        &lt;div
          aria-labelledby=&quot;radix-«r8»-trigger-plans&quot;
          class=&quot;ring-offset-background focus-visible:outline-none focus-visible:ring-2 focus-visible:ring-ring focus-visible:ring-offset-2 mt-4&quot;
          data-orientation=&quot;horizontal&quot;
          data-state=&quot;active&quot;
          id=&quot;radix-«r8»-content-plans&quot;
          role=&quot;tabpanel&quot;
          style=&quot;animation-duration: 0s;&quot;
          tabindex=&quot;0&quot;
        &gt;
          &lt;div
            class=&quot;flex justify-center mb-6&quot;
          &gt;
            &lt;div
              class=&quot;bg-gray-100 p-1 rounded-full inline-flex items-center&quot;
            &gt;
              &lt;button
                class=&quot;inline-flex items-center justify-center font-medium transition-colors focus-visible:outline-none focus-visible:ring-1 focus-visible:ring-ring disabled:pointer-events-none disabled:opacity-50 bg-primary text-primary-foreground shadow hover:bg-primary/90 h-8 px-3 text-xs rounded-full&quot;
              &gt;
                Monthly
              &lt;/button&gt;
              &lt;button
                class=&quot;inline-flex items-center justify-center font-medium transition-colors focus-visible:outline-none focus-visible:ring-1 focus-visible:ring-ring disabled:pointer-events-none disabled:opacity-50 hover:bg-accent hover:text-accent-foreground h-8 px-3 text-xs rounded-full&quot;
              &gt;
                Yearly
                &lt;div
                  class=&quot;inline-flex items-center rounded-md px-2.5 py-0.5 text-xs font-semibold transition-colors focus:outline-none focus:ring-2 focus:ring-ring focus:ring-offset-2 ml-2 bg-green-100 text-green-800 border-0&quot;
                &gt;
                  Save 20%
                &lt;/div&gt;
              &lt;/button&gt;
            &lt;/div&gt;
          &lt;/div&gt;
          [...
    at Object.getElementError (C:\Users\Cheem\OneDrive\Coding\clipsCommerce\node_modules\@testing-library\dom\dist\config.js:37:19)
    at getElementError (C:\Users\Cheem\OneDrive\Coding\clipsCommerce\node_modules\@testing-library\dom\dist\query-helpers.js:20:35)
    at getMultipleElementsFoundError (C:\Users\Cheem\OneDrive\Coding\clipsCommerce\node_modules\@testing-library\dom\dist\query-helpers.js:23:10)
    at C:\Users\Cheem\OneDrive\Coding\clipsCommerce\node_modules\@testing-library\dom\dist\query-helpers.js:55:13
    at C:\Users\Cheem\OneDrive\Coding\clipsCommerce\node_modules\@testing-library\dom\dist\query-helpers.js:95:19
    at Object.&lt;anonymous&gt; (C:\Users\Cheem\OneDrive\Coding\clipsCommerce\src\__tests__\subscription-component.test.tsx:56:19)
    at Promise.then.completed (C:\Users\Cheem\OneDrive\Coding\clipsCommerce\node_modules\jest-circus\build\utils.js:298:28)
    at new Promise (&lt;anonymous&gt;)
    at callAsyncCircusFn (C:\Users\Cheem\OneDrive\Coding\clipsCommerce\node_modules\jest-circus\build\utils.js:231:10)
    at _callCircusTest (C:\Users\Cheem\OneDrive\Coding\clipsCommerce\node_modules\jest-circus\build\run.js:316:40)
    at processTicksAndRejections (node:internal/process/task_queues:105:5)
    at _runTest (C:\Users\Cheem\OneDrive\Coding\clipsCommerce\node_modules\jest-circus\build\run.js:252:3)
    at _runTestsForDescribeBlock (C:\Users\Cheem\OneDrive\Coding\clipsCommerce\node_modules\jest-circus\build\run.js:126:9)
    at _runTestsForDescribeBlock (C:\Users\Cheem\OneDrive\Coding\clipsCommerce\node_modules\jest-circus\build\run.js:121:9)
    at run (C:\Users\Cheem\OneDrive\Coding\clipsCommerce\node_modules\jest-circus\build\run.js:71:3)
    at runAndTransformResultsToJestFormat (C:\Users\Cheem\OneDrive\Coding\clipsCommerce\node_modules\jest-circus\build\legacy-code-todo-rewrite\jestAdapterInit.js:122:21)
    at jestAdapter (C:\Users\Cheem\OneDrive\Coding\clipsCommerce\node_modules\jest-circus\build\legacy-code-todo-rewrite\jestAdapter.js:79:19)
    at runTestInternal (C:\Users\Cheem\OneDrive\Coding\clipsCommerce\node_modules\jest-runner\build\runTest.js:367:16)
    at runTest (C:\Users\Cheem\OneDrive\Coding\clipsCommerce\node_modules\jest-runner\build\runTest.js:444:34)
    at Object.worker (C:\Users\Cheem\OneDrive\Coding\clipsCommerce\node_modules\jest-runner\build\testWorker.js:106:12)</failure>
    </testcase>
    <testcase classname="SubscriptionComponent renders the tab navigation for Plans, Billing, and Invoices" name="SubscriptionComponent renders the tab navigation for Plans, Billing, and Invoices" time="0.071">
    </testcase>
    <testcase classname="SubscriptionComponent shows the yearly/monthly toggle" name="SubscriptionComponent shows the yearly/monthly toggle" time="0.072">
    </testcase>
    <testcase classname="SubscriptionComponent shows the Team plan as popular" name="SubscriptionComponent shows the Team plan as popular" time="0.063">
    </testcase>
    <testcase classname="SubscriptionComponent displays Pro as current plan by default" name="SubscriptionComponent displays Pro as current plan by default" time="0.064">
    </testcase>
  </testsuite>
  <testsuite name="TikTokClient" errors="0" failures="1" skipped="0" timestamp="2025-06-14T11:58:59" time="0.489" tests="2">
    <testcase classname="TikTokClient getUserInfo should return user info on successful API call" name="TikTokClient getUserInfo should return user info on successful API call" time="0.005">
      <failure>Error: TikTokClient: No user data returned
    at TikTokClient.getUserInfo (C:\Users\Cheem\OneDrive\Coding\clipsCommerce\src\app\workflows\data_collection\lib\platforms\TikTokClient.ts:167:15)
    at processTicksAndRejections (node:internal/process/task_queues:105:5)
    at Object.&lt;anonymous&gt; (C:\Users\Cheem\OneDrive\Coding\clipsCommerce\src\app\workflows\data_collection\__tests__\TikTokClient.spec.ts:41:22)</failure>
    </testcase>
    <testcase classname="TikTokClient getUserInfo should throw ApiError when API call fails" name="TikTokClient getUserInfo should throw ApiError when API call fails" time="0.006">
    </testcase>
  </testsuite>
  <testsuite name="SentimentAnalyzer - Extended Tests" errors="0" failures="7" skipped="0" timestamp="2025-06-14T11:58:59" time="0.691" tests="13">
    <testcase classname="SentimentAnalyzer - Extended Tests API Integration should analyze sentiment using OpenAI API" name="SentimentAnalyzer - Extended Tests API Integration should analyze sentiment using OpenAI API" time="0.004">
      <failure>TypeError: Cannot read properties of undefined (reading &apos;completions&apos;)
    at Object.&lt;anonymous&gt; (C:\Users\Cheem\OneDrive\Coding\clipsCommerce\src\lib\ai\__tests__\unit\sentimentAnalyzer.extended.test.ts:80:23)
    at Promise.then.completed (C:\Users\Cheem\OneDrive\Coding\clipsCommerce\node_modules\jest-circus\build\utils.js:298:28)
    at new Promise (&lt;anonymous&gt;)
    at callAsyncCircusFn (C:\Users\Cheem\OneDrive\Coding\clipsCommerce\node_modules\jest-circus\build\utils.js:231:10)
    at _callCircusTest (C:\Users\Cheem\OneDrive\Coding\clipsCommerce\node_modules\jest-circus\build\run.js:316:40)
    at processTicksAndRejections (node:internal/process/task_queues:105:5)
    at _runTest (C:\Users\Cheem\OneDrive\Coding\clipsCommerce\node_modules\jest-circus\build\run.js:252:3)
    at _runTestsForDescribeBlock (C:\Users\Cheem\OneDrive\Coding\clipsCommerce\node_modules\jest-circus\build\run.js:126:9)
    at _runTestsForDescribeBlock (C:\Users\Cheem\OneDrive\Coding\clipsCommerce\node_modules\jest-circus\build\run.js:121:9)
    at _runTestsForDescribeBlock (C:\Users\Cheem\OneDrive\Coding\clipsCommerce\node_modules\jest-circus\build\run.js:121:9)
    at run (C:\Users\Cheem\OneDrive\Coding\clipsCommerce\node_modules\jest-circus\build\run.js:71:3)
    at runAndTransformResultsToJestFormat (C:\Users\Cheem\OneDrive\Coding\clipsCommerce\node_modules\jest-circus\build\legacy-code-todo-rewrite\jestAdapterInit.js:122:21)
    at jestAdapter (C:\Users\Cheem\OneDrive\Coding\clipsCommerce\node_modules\jest-circus\build\legacy-code-todo-rewrite\jestAdapter.js:79:19)
    at runTestInternal (C:\Users\Cheem\OneDrive\Coding\clipsCommerce\node_modules\jest-runner\build\runTest.js:367:16)
    at runTest (C:\Users\Cheem\OneDrive\Coding\clipsCommerce\node_modules\jest-runner\build\runTest.js:444:34)
    at Object.worker (C:\Users\Cheem\OneDrive\Coding\clipsCommerce\node_modules\jest-runner\build\testWorker.js:106:12)</failure>
    </testcase>
    <testcase classname="SentimentAnalyzer - Extended Tests API Integration should handle API errors gracefully" name="SentimentAnalyzer - Extended Tests API Integration should handle API errors gracefully" time="0.002">
      <failure>TypeError: Cannot read properties of undefined (reading &apos;completions&apos;)
    at Object.&lt;anonymous&gt; (C:\Users\Cheem\OneDrive\Coding\clipsCommerce\src\lib\ai\__tests__\unit\sentimentAnalyzer.extended.test.ts:92:23)
    at Promise.then.completed (C:\Users\Cheem\OneDrive\Coding\clipsCommerce\node_modules\jest-circus\build\utils.js:298:28)
    at new Promise (&lt;anonymous&gt;)
    at callAsyncCircusFn (C:\Users\Cheem\OneDrive\Coding\clipsCommerce\node_modules\jest-circus\build\utils.js:231:10)
    at _callCircusTest (C:\Users\Cheem\OneDrive\Coding\clipsCommerce\node_modules\jest-circus\build\run.js:316:40)
    at processTicksAndRejections (node:internal/process/task_queues:105:5)
    at _runTest (C:\Users\Cheem\OneDrive\Coding\clipsCommerce\node_modules\jest-circus\build\run.js:252:3)
    at _runTestsForDescribeBlock (C:\Users\Cheem\OneDrive\Coding\clipsCommerce\node_modules\jest-circus\build\run.js:126:9)
    at _runTestsForDescribeBlock (C:\Users\Cheem\OneDrive\Coding\clipsCommerce\node_modules\jest-circus\build\run.js:121:9)
    at _runTestsForDescribeBlock (C:\Users\Cheem\OneDrive\Coding\clipsCommerce\node_modules\jest-circus\build\run.js:121:9)
    at run (C:\Users\Cheem\OneDrive\Coding\clipsCommerce\node_modules\jest-circus\build\run.js:71:3)
    at runAndTransformResultsToJestFormat (C:\Users\Cheem\OneDrive\Coding\clipsCommerce\node_modules\jest-circus\build\legacy-code-todo-rewrite\jestAdapterInit.js:122:21)
    at jestAdapter (C:\Users\Cheem\OneDrive\Coding\clipsCommerce\node_modules\jest-circus\build\legacy-code-todo-rewrite\jestAdapter.js:79:19)
    at runTestInternal (C:\Users\Cheem\OneDrive\Coding\clipsCommerce\node_modules\jest-runner\build\runTest.js:367:16)
    at runTest (C:\Users\Cheem\OneDrive\Coding\clipsCommerce\node_modules\jest-runner\build\runTest.js:444:34)
    at Object.worker (C:\Users\Cheem\OneDrive\Coding\clipsCommerce\node_modules\jest-runner\build\testWorker.js:106:12)</failure>
    </testcase>
    <testcase classname="SentimentAnalyzer - Extended Tests Local Model Integration should use local model if configured" name="SentimentAnalyzer - Extended Tests Local Model Integration should use local model if configured" time="0.005">
    </testcase>
    <testcase classname="SentimentAnalyzer - Extended Tests Local Model Integration should return neutral for ambiguous text" name="SentimentAnalyzer - Extended Tests Local Model Integration should return neutral for ambiguous text" time="0.002">
    </testcase>
    <testcase classname="SentimentAnalyzer - Extended Tests Local Model Integration should detect negative sentiment" name="SentimentAnalyzer - Extended Tests Local Model Integration should detect negative sentiment" time="0.003">
    </testcase>
    <testcase classname="SentimentAnalyzer - Extended Tests Caching should return cached result if available" name="SentimentAnalyzer - Extended Tests Caching should return cached result if available" time="0.002">
      <failure>TypeError: Cannot read properties of undefined (reading &apos;usage&apos;)
    at SentimentAnalyzer.analyzeWithOpenAI (C:\Users\Cheem\OneDrive\Coding\clipsCommerce\src\lib\ai\sentimentAnalyzer.ts:264:55)
    at processTicksAndRejections (node:internal/process/task_queues:105:5)
    at SentimentAnalyzer.analyzeSentiment (C:\Users\Cheem\OneDrive\Coding\clipsCommerce\src\lib\ai\sentimentAnalyzer.ts:129:18)
    at Object.&lt;anonymous&gt; (C:\Users\Cheem\OneDrive\Coding\clipsCommerce\src\lib\ai\__tests__\unit\sentimentAnalyzer.extended.test.ts:139:23)</failure>
    </testcase>
    <testcase classname="SentimentAnalyzer - Extended Tests Edge Cases should return neutral for empty or very short text" name="SentimentAnalyzer - Extended Tests Edge Cases should return neutral for empty or very short text" time="0.003">
      <failure>TypeError: Cannot read properties of undefined (reading &apos;usage&apos;)
    at SentimentAnalyzer.analyzeWithOpenAI (C:\Users\Cheem\OneDrive\Coding\clipsCommerce\src\lib\ai\sentimentAnalyzer.ts:264:55)
    at processTicksAndRejections (node:internal/process/task_queues:105:5)
    at SentimentAnalyzer.analyzeSentiment (C:\Users\Cheem\OneDrive\Coding\clipsCommerce\src\lib\ai\sentimentAnalyzer.ts:129:18)
    at Object.&lt;anonymous&gt; (C:\Users\Cheem\OneDrive\Coding\clipsCommerce\src\lib\ai\__tests__\unit\sentimentAnalyzer.extended.test.ts:151:23)</failure>
    </testcase>
    <testcase classname="SentimentAnalyzer - Extended Tests Edge Cases should handle non-string inputs gracefully" name="SentimentAnalyzer - Extended Tests Edge Cases should handle non-string inputs gracefully" time="0.002">
      <failure>TypeError: Cannot read properties of null (reading &apos;trim&apos;)
    at SentimentAnalyzer.normalizeText (C:\Users\Cheem\OneDrive\Coding\clipsCommerce\src\lib\ai\sentimentAnalyzer.ts:322:8)
    at SentimentAnalyzer.analyzeSentiment (C:\Users\Cheem\OneDrive\Coding\clipsCommerce\src\lib\ai\sentimentAnalyzer.ts:91:33)
    at Object.&lt;anonymous&gt; (C:\Users\Cheem\OneDrive\Coding\clipsCommerce\src\lib\ai\__tests__\unit\sentimentAnalyzer.extended.test.ts:159:46)
    at Promise.then.completed (C:\Users\Cheem\OneDrive\Coding\clipsCommerce\node_modules\jest-circus\build\utils.js:298:28)
    at new Promise (&lt;anonymous&gt;)
    at callAsyncCircusFn (C:\Users\Cheem\OneDrive\Coding\clipsCommerce\node_modules\jest-circus\build\utils.js:231:10)
    at _callCircusTest (C:\Users\Cheem\OneDrive\Coding\clipsCommerce\node_modules\jest-circus\build\run.js:316:40)
    at processTicksAndRejections (node:internal/process/task_queues:105:5)
    at _runTest (C:\Users\Cheem\OneDrive\Coding\clipsCommerce\node_modules\jest-circus\build\run.js:252:3)
    at _runTestsForDescribeBlock (C:\Users\Cheem\OneDrive\Coding\clipsCommerce\node_modules\jest-circus\build\run.js:126:9)
    at _runTestsForDescribeBlock (C:\Users\Cheem\OneDrive\Coding\clipsCommerce\node_modules\jest-circus\build\run.js:121:9)
    at _runTestsForDescribeBlock (C:\Users\Cheem\OneDrive\Coding\clipsCommerce\node_modules\jest-circus\build\run.js:121:9)
    at run (C:\Users\Cheem\OneDrive\Coding\clipsCommerce\node_modules\jest-circus\build\run.js:71:3)
    at runAndTransformResultsToJestFormat (C:\Users\Cheem\OneDrive\Coding\clipsCommerce\node_modules\jest-circus\build\legacy-code-todo-rewrite\jestAdapterInit.js:122:21)
    at jestAdapter (C:\Users\Cheem\OneDrive\Coding\clipsCommerce\node_modules\jest-circus\build\legacy-code-todo-rewrite\jestAdapter.js:79:19)
    at runTestInternal (C:\Users\Cheem\OneDrive\Coding\clipsCommerce\node_modules\jest-runner\build\runTest.js:367:16)
    at runTest (C:\Users\Cheem\OneDrive\Coding\clipsCommerce\node_modules\jest-runner\build\runTest.js:444:34)
    at Object.worker (C:\Users\Cheem\OneDrive\Coding\clipsCommerce\node_modules\jest-runner\build\testWorker.js:106:12)</failure>
    </testcase>
    <testcase classname="SentimentAnalyzer - Extended Tests Edge Cases should handle very long text" name="SentimentAnalyzer - Extended Tests Edge Cases should handle very long text" time="0.003">
      <failure>TypeError: Cannot read properties of undefined (reading &apos;usage&apos;)
    at SentimentAnalyzer.analyzeWithOpenAI (C:\Users\Cheem\OneDrive\Coding\clipsCommerce\src\lib\ai\sentimentAnalyzer.ts:264:55)
    at processTicksAndRejections (node:internal/process/task_queues:105:5)
    at SentimentAnalyzer.analyzeSentiment (C:\Users\Cheem\OneDrive\Coding\clipsCommerce\src\lib\ai\sentimentAnalyzer.ts:129:18)
    at Object.&lt;anonymous&gt; (C:\Users\Cheem\OneDrive\Coding\clipsCommerce\src\lib\ai\__tests__\unit\sentimentAnalyzer.extended.test.ts:166:22)</failure>
    </testcase>
    <testcase classname="SentimentAnalyzer - Extended Tests Cost Tracking should track cost statistics" name="SentimentAnalyzer - Extended Tests Cost Tracking should track cost statistics" time="0.003">
      <failure>TypeError: Cannot read properties of undefined (reading &apos;usage&apos;)
    at SentimentAnalyzer.analyzeWithOpenAI (C:\Users\Cheem\OneDrive\Coding\clipsCommerce\src\lib\ai\sentimentAnalyzer.ts:264:55)
    at processTicksAndRejections (node:internal/process/task_queues:105:5)
    at SentimentAnalyzer.analyzeSentiment (C:\Users\Cheem\OneDrive\Coding\clipsCommerce\src\lib\ai\sentimentAnalyzer.ts:129:18)
    at Object.&lt;anonymous&gt; (C:\Users\Cheem\OneDrive\Coding\clipsCommerce\src\lib\ai\__tests__\unit\sentimentAnalyzer.extended.test.ts:174:7)</failure>
    </testcase>
    <testcase classname="SentimentAnalyzer - Extended Tests Cost Tracking should reset cost tracking" name="SentimentAnalyzer - Extended Tests Cost Tracking should reset cost tracking" time="0.003">
    </testcase>
    <testcase classname="SentimentAnalyzer - Extended Tests Configuration should work with minimal configuration" name="SentimentAnalyzer - Extended Tests Configuration should work with minimal configuration" time="0.002">
    </testcase>
    <testcase classname="SentimentAnalyzer - Extended Tests Configuration should respect confidence threshold" name="SentimentAnalyzer - Extended Tests Configuration should respect confidence threshold" time="0.003">
    </testcase>
  </testsuite>
  <testsuite name="Team Dashboard Performance Tests" errors="0" failures="0" skipped="0" timestamp="2025-06-14T11:58:59" time="1.337" tests="9">
    <testcase classname="Team Dashboard Performance Tests should render team dashboard with 1K clients quickly" name="Team Dashboard Performance Tests should render team dashboard with 1K clients quickly" time="0.072">
    </testcase>
    <testcase classname="Team Dashboard Performance Tests should render team dashboard with 10K clients efficiently" name="Team Dashboard Performance Tests should render team dashboard with 10K clients efficiently" time="0.046">
    </testcase>
    <testcase classname="Team Dashboard Performance Tests should render team dashboard with 100K clients within threshold" name="Team Dashboard Performance Tests should render team dashboard with 100K clients within threshold" time="0.049">
    </testcase>
    <testcase classname="Team Dashboard Performance Tests should render team dashboard with 1M clients within acceptable time" name="Team Dashboard Performance Tests should render team dashboard with 1M clients within acceptable time" time="0.153">
    </testcase>
    <testcase classname="Team Dashboard Performance Tests should handle virtual scrolling efficiently" name="Team Dashboard Performance Tests should handle virtual scrolling efficiently" time="0.212">
    </testcase>
    <testcase classname="Team Dashboard Performance Tests should simulate multiple concurrent users efficiently" name="Team Dashboard Performance Tests should simulate multiple concurrent users efficiently" time="0.256">
    </testcase>
    <testcase classname="Team Dashboard Performance Tests should handle data processing efficiently" name="Team Dashboard Performance Tests should handle data processing efficiently" time="0.001">
    </testcase>
    <testcase classname="Team Dashboard Performance Tests should maintain performance under memory constraints" name="Team Dashboard Performance Tests should maintain performance under memory constraints" time="0.007">
    </testcase>
    <testcase classname="Team Dashboard Performance Tests should handle error states gracefully" name="Team Dashboard Performance Tests should handle error states gracefully" time="0.002">
    </testcase>
  </testsuite>
  <testsuite name="AudioRecommendationEngine" errors="0" failures="0" skipped="0" timestamp="2025-06-14T11:59:00" time="1.438" tests="7">
    <testcase classname="AudioRecommendationEngine constructor should throw an error if API key is not provided" name="AudioRecommendationEngine constructor should throw an error if API key is not provided" time="0.04">
    </testcase>
    <testcase classname="AudioRecommendationEngine constructor should initialize OpenAI client with the provided API key" name="AudioRecommendationEngine constructor should initialize OpenAI client with the provided API key" time="0.004">
    </testcase>
    <testcase classname="AudioRecommendationEngine recommendAudio should return successful audio recommendations on valid API response" name="AudioRecommendationEngine recommendAudio should return successful audio recommendations on valid API response" time="0.01">
    </testcase>
    <testcase classname="AudioRecommendationEngine recommendAudio should return failure on API error" name="AudioRecommendationEngine recommendAudio should return failure on API error" time="0.004">
    </testcase>
    <testcase classname="AudioRecommendationEngine recommendAudio should return failure on invalid JSON response" name="AudioRecommendationEngine recommendAudio should return failure on invalid JSON response" time="0.004">
    </testcase>
    <testcase classname="AudioRecommendationEngine recommendAudio should return failure if API response content is null" name="AudioRecommendationEngine recommendAudio should return failure if API response content is null" time="0.003">
    </testcase>
    <testcase classname="AudioRecommendationEngine recommendAudio should return failure if API response choices are empty" name="AudioRecommendationEngine recommendAudio should return failure if API response choices are empty" time="0.003">
    </testcase>
  </testsuite>
  <testsuite name="Team Dashboard Components" errors="0" failures="14" skipped="0" timestamp="2025-06-14T11:58:47" time="14.303" tests="34">
    <testcase classname="Team Dashboard Components TeamDashboardPage renders welcome header with client count" name="Team Dashboard Components TeamDashboardPage renders welcome header with client count" time="0.119">
      <failure>TestingLibraryElementError: Unable to find an element with the text: Welcome to Team Mode. This could be because the text is broken up by multiple elements. In this case, you can provide a function for your text matcher to make your matcher more flexible.

Ignored nodes: comments, script, style
&lt;body&gt;
  &lt;div&gt;
    &lt;div
      class=&quot;min-h-screen bg-black text-white flex items-center justify-center p-4&quot;
    &gt;
      &lt;div
        class=&quot;max-w-md w-full bg-gradient-to-br from-neutral-900 to-neutral-800 border-neutral-700&quot;
      &gt;
        &lt;div
          class=&quot;text-center&quot;
        &gt;
          &lt;div
            class=&quot;flex justify-center mb-4&quot;
          &gt;
            &lt;div
              class=&quot;p-4 rounded-full bg-gradient-to-r from-[#8D5AFF]/20 to-[#5afcc0]/20 border border-[#8D5AFF]/30&quot;
            &gt;
              &lt;svg
                class=&quot;h-8 w-8 text-[#8D5AFF]&quot;
                data-testid=&quot;Lock-icon&quot;
              /&gt;
            &lt;/div&gt;
          &lt;/div&gt;
          &lt;h3
            class=&quot;text-xl text-white&quot;
          &gt;
            Team Dashboard Access Required
          &lt;/h3&gt;
          &lt;p
            class=&quot;text-neutral-400&quot;
          &gt;
            The Team Dashboard is available for Team plan subscribers only
          &lt;/p&gt;
        &lt;/div&gt;
        &lt;div
          class=&quot;space-y-4&quot;
        &gt;
          &lt;div
            class=&quot;bg-neutral-800/50 rounded-lg p-4&quot;
          &gt;
            &lt;h4
              class=&quot;font-semibold text-white mb-2&quot;
            &gt;
              Current Plan: 
              Lite
            &lt;/h4&gt;
            &lt;p
              class=&quot;text-sm text-neutral-400 mb-3&quot;
            &gt;
              Upgrade to Team plan to unlock:
            &lt;/p&gt;
            &lt;ul
              class=&quot;text-sm text-neutral-300 space-y-1&quot;
            &gt;
              &lt;li
                class=&quot;flex items-center&quot;
              &gt;
                &lt;svg
                  class=&quot;h-4 w-4 text-[#5afcc0] mr-2&quot;
                  data-testid=&quot;Shield-icon&quot;
                /&gt;
                Advanced team management
              &lt;/li&gt;
              &lt;li
                class=&quot;flex items-center&quot;
              &gt;
                &lt;svg
                  class=&quot;h-4 w-4 text-[#5afcc0] mr-2&quot;
                  data-testid=&quot;BarChart3-icon&quot;
                /&gt;
                Advanced analytics &amp; reporting
              &lt;/li&gt;
              &lt;li
                class=&quot;flex items-center&quot;
              &gt;
                &lt;svg
                  class=&quot;h-4 w-4 text-[#5afcc0] mr-2&quot;
                  data-testid=&quot;Users-icon&quot;
                /&gt;
                Multi-account management
              &lt;/li&gt;
            &lt;/ul&gt;
          &lt;/div&gt;
          &lt;div
            class=&quot;flex flex-col space-y-2&quot;
          &gt;
            &lt;button
              class=&quot;bg-gradient-to-r from-[#8D5AFF] to-[#5afcc0] text-white font-bold hover:opacity-90 transition-all&quot;
            &gt;
              Upgrade to Team Plan
            &lt;/button&gt;
            &lt;button
              class=&quot;border-neutral-600 text-neutral-300 hover:bg-neutral-800&quot;
              variant=&quot;outline&quot;
            &gt;
              Back to Dashboard
            &lt;/button&gt;
          &lt;/div&gt;
        &lt;/div&gt;
      &lt;/div&gt;
    &lt;/div&gt;
  &lt;/div&gt;
&lt;/body&gt;
    at Object.getElementError (C:\Users\Cheem\OneDrive\Coding\clipsCommerce\node_modules\@testing-library\dom\dist\config.js:37:19)
    at C:\Users\Cheem\OneDrive\Coding\clipsCommerce\node_modules\@testing-library\dom\dist\query-helpers.js:76:38
    at C:\Users\Cheem\OneDrive\Coding\clipsCommerce\node_modules\@testing-library\dom\dist\query-helpers.js:52:17
    at C:\Users\Cheem\OneDrive\Coding\clipsCommerce\node_modules\@testing-library\dom\dist\query-helpers.js:95:19
    at Object.&lt;anonymous&gt; (C:\Users\Cheem\OneDrive\Coding\clipsCommerce\src\__tests__\team-dashboard-comprehensive.test.tsx:115:21)
    at Promise.then.completed (C:\Users\Cheem\OneDrive\Coding\clipsCommerce\node_modules\jest-circus\build\utils.js:298:28)
    at new Promise (&lt;anonymous&gt;)
    at callAsyncCircusFn (C:\Users\Cheem\OneDrive\Coding\clipsCommerce\node_modules\jest-circus\build\utils.js:231:10)
    at _callCircusTest (C:\Users\Cheem\OneDrive\Coding\clipsCommerce\node_modules\jest-circus\build\run.js:316:40)
    at processTicksAndRejections (node:internal/process/task_queues:105:5)
    at _runTest (C:\Users\Cheem\OneDrive\Coding\clipsCommerce\node_modules\jest-circus\build\run.js:252:3)
    at _runTestsForDescribeBlock (C:\Users\Cheem\OneDrive\Coding\clipsCommerce\node_modules\jest-circus\build\run.js:126:9)
    at _runTestsForDescribeBlock (C:\Users\Cheem\OneDrive\Coding\clipsCommerce\node_modules\jest-circus\build\run.js:121:9)
    at _runTestsForDescribeBlock (C:\Users\Cheem\OneDrive\Coding\clipsCommerce\node_modules\jest-circus\build\run.js:121:9)
    at run (C:\Users\Cheem\OneDrive\Coding\clipsCommerce\node_modules\jest-circus\build\run.js:71:3)
    at runAndTransformResultsToJestFormat (C:\Users\Cheem\OneDrive\Coding\clipsCommerce\node_modules\jest-circus\build\legacy-code-todo-rewrite\jestAdapterInit.js:122:21)
    at jestAdapter (C:\Users\Cheem\OneDrive\Coding\clipsCommerce\node_modules\jest-circus\build\legacy-code-todo-rewrite\jestAdapter.js:79:19)
    at runTestInternal (C:\Users\Cheem\OneDrive\Coding\clipsCommerce\node_modules\jest-runner\build\runTest.js:367:16)
    at runTest (C:\Users\Cheem\OneDrive\Coding\clipsCommerce\node_modules\jest-runner\build\runTest.js:444:34)
    at Object.worker (C:\Users\Cheem\OneDrive\Coding\clipsCommerce\node_modules\jest-runner\build\testWorker.js:106:12)</failure>
    </testcase>
    <testcase classname="Team Dashboard Components TeamDashboardPage redirects to operations page on mount" name="Team Dashboard Components TeamDashboardPage redirects to operations page on mount" time="0.023">
      <failure>Error: expect(jest.fn()).toHaveBeenCalledWith(...expected)

Expected: &quot;/team-dashboard/operations&quot;

Number of calls: 0
    at Object.&lt;anonymous&gt; (C:\Users\Cheem\OneDrive\Coding\clipsCommerce\src\__tests__\team-dashboard-comprehensive.test.tsx:122:31)
    at Promise.then.completed (C:\Users\Cheem\OneDrive\Coding\clipsCommerce\node_modules\jest-circus\build\utils.js:298:28)
    at new Promise (&lt;anonymous&gt;)
    at callAsyncCircusFn (C:\Users\Cheem\OneDrive\Coding\clipsCommerce\node_modules\jest-circus\build\utils.js:231:10)
    at _callCircusTest (C:\Users\Cheem\OneDrive\Coding\clipsCommerce\node_modules\jest-circus\build\run.js:316:40)
    at processTicksAndRejections (node:internal/process/task_queues:105:5)
    at _runTest (C:\Users\Cheem\OneDrive\Coding\clipsCommerce\node_modules\jest-circus\build\run.js:252:3)
    at _runTestsForDescribeBlock (C:\Users\Cheem\OneDrive\Coding\clipsCommerce\node_modules\jest-circus\build\run.js:126:9)
    at _runTestsForDescribeBlock (C:\Users\Cheem\OneDrive\Coding\clipsCommerce\node_modules\jest-circus\build\run.js:121:9)
    at _runTestsForDescribeBlock (C:\Users\Cheem\OneDrive\Coding\clipsCommerce\node_modules\jest-circus\build\run.js:121:9)
    at run (C:\Users\Cheem\OneDrive\Coding\clipsCommerce\node_modules\jest-circus\build\run.js:71:3)
    at runAndTransformResultsToJestFormat (C:\Users\Cheem\OneDrive\Coding\clipsCommerce\node_modules\jest-circus\build\legacy-code-todo-rewrite\jestAdapterInit.js:122:21)
    at jestAdapter (C:\Users\Cheem\OneDrive\Coding\clipsCommerce\node_modules\jest-circus\build\legacy-code-todo-rewrite\jestAdapter.js:79:19)
    at runTestInternal (C:\Users\Cheem\OneDrive\Coding\clipsCommerce\node_modules\jest-runner\build\runTest.js:367:16)
    at runTest (C:\Users\Cheem\OneDrive\Coding\clipsCommerce\node_modules\jest-runner\build\runTest.js:444:34)
    at Object.worker (C:\Users\Cheem\OneDrive\Coding\clipsCommerce\node_modules\jest-runner\build\testWorker.js:106:12)</failure>
    </testcase>
    <testcase classname="Team Dashboard Components TeamDashboardPage displays key metrics overview" name="Team Dashboard Components TeamDashboardPage displays key metrics overview" time="0.019">
      <failure>TestingLibraryElementError: Unable to find an element with the text: Total Clients. This could be because the text is broken up by multiple elements. In this case, you can provide a function for your text matcher to make your matcher more flexible.

Ignored nodes: comments, script, style
&lt;body&gt;
  &lt;div&gt;
    &lt;div
      class=&quot;min-h-screen bg-black text-white flex items-center justify-center p-4&quot;
    &gt;
      &lt;div
        class=&quot;max-w-md w-full bg-gradient-to-br from-neutral-900 to-neutral-800 border-neutral-700&quot;
      &gt;
        &lt;div
          class=&quot;text-center&quot;
        &gt;
          &lt;div
            class=&quot;flex justify-center mb-4&quot;
          &gt;
            &lt;div
              class=&quot;p-4 rounded-full bg-gradient-to-r from-[#8D5AFF]/20 to-[#5afcc0]/20 border border-[#8D5AFF]/30&quot;
            &gt;
              &lt;svg
                class=&quot;h-8 w-8 text-[#8D5AFF]&quot;
                data-testid=&quot;Lock-icon&quot;
              /&gt;
            &lt;/div&gt;
          &lt;/div&gt;
          &lt;h3
            class=&quot;text-xl text-white&quot;
          &gt;
            Team Dashboard Access Required
          &lt;/h3&gt;
          &lt;p
            class=&quot;text-neutral-400&quot;
          &gt;
            The Team Dashboard is available for Team plan subscribers only
          &lt;/p&gt;
        &lt;/div&gt;
        &lt;div
          class=&quot;space-y-4&quot;
        &gt;
          &lt;div
            class=&quot;bg-neutral-800/50 rounded-lg p-4&quot;
          &gt;
            &lt;h4
              class=&quot;font-semibold text-white mb-2&quot;
            &gt;
              Current Plan: 
              Lite
            &lt;/h4&gt;
            &lt;p
              class=&quot;text-sm text-neutral-400 mb-3&quot;
            &gt;
              Upgrade to Team plan to unlock:
            &lt;/p&gt;
            &lt;ul
              class=&quot;text-sm text-neutral-300 space-y-1&quot;
            &gt;
              &lt;li
                class=&quot;flex items-center&quot;
              &gt;
                &lt;svg
                  class=&quot;h-4 w-4 text-[#5afcc0] mr-2&quot;
                  data-testid=&quot;Shield-icon&quot;
                /&gt;
                Advanced team management
              &lt;/li&gt;
              &lt;li
                class=&quot;flex items-center&quot;
              &gt;
                &lt;svg
                  class=&quot;h-4 w-4 text-[#5afcc0] mr-2&quot;
                  data-testid=&quot;BarChart3-icon&quot;
                /&gt;
                Advanced analytics &amp; reporting
              &lt;/li&gt;
              &lt;li
                class=&quot;flex items-center&quot;
              &gt;
                &lt;svg
                  class=&quot;h-4 w-4 text-[#5afcc0] mr-2&quot;
                  data-testid=&quot;Users-icon&quot;
                /&gt;
                Multi-account management
              &lt;/li&gt;
            &lt;/ul&gt;
          &lt;/div&gt;
          &lt;div
            class=&quot;flex flex-col space-y-2&quot;
          &gt;
            &lt;button
              class=&quot;bg-gradient-to-r from-[#8D5AFF] to-[#5afcc0] text-white font-bold hover:opacity-90 transition-all&quot;
            &gt;
              Upgrade to Team Plan
            &lt;/button&gt;
            &lt;button
              class=&quot;border-neutral-600 text-neutral-300 hover:bg-neutral-800&quot;
              variant=&quot;outline&quot;
            &gt;
              Back to Dashboard
            &lt;/button&gt;
          &lt;/div&gt;
        &lt;/div&gt;
      &lt;/div&gt;
    &lt;/div&gt;
  &lt;/div&gt;
&lt;/body&gt;
    at Object.getElementError (C:\Users\Cheem\OneDrive\Coding\clipsCommerce\node_modules\@testing-library\dom\dist\config.js:37:19)
    at C:\Users\Cheem\OneDrive\Coding\clipsCommerce\node_modules\@testing-library\dom\dist\query-helpers.js:76:38
    at C:\Users\Cheem\OneDrive\Coding\clipsCommerce\node_modules\@testing-library\dom\dist\query-helpers.js:52:17
    at C:\Users\Cheem\OneDrive\Coding\clipsCommerce\node_modules\@testing-library\dom\dist\query-helpers.js:95:19
    at Object.&lt;anonymous&gt; (C:\Users\Cheem\OneDrive\Coding\clipsCommerce\src\__tests__\team-dashboard-comprehensive.test.tsx:128:21)
    at Promise.then.completed (C:\Users\Cheem\OneDrive\Coding\clipsCommerce\node_modules\jest-circus\build\utils.js:298:28)
    at new Promise (&lt;anonymous&gt;)
    at callAsyncCircusFn (C:\Users\Cheem\OneDrive\Coding\clipsCommerce\node_modules\jest-circus\build\utils.js:231:10)
    at _callCircusTest (C:\Users\Cheem\OneDrive\Coding\clipsCommerce\node_modules\jest-circus\build\run.js:316:40)
    at processTicksAndRejections (node:internal/process/task_queues:105:5)
    at _runTest (C:\Users\Cheem\OneDrive\Coding\clipsCommerce\node_modules\jest-circus\build\run.js:252:3)
    at _runTestsForDescribeBlock (C:\Users\Cheem\OneDrive\Coding\clipsCommerce\node_modules\jest-circus\build\run.js:126:9)
    at _runTestsForDescribeBlock (C:\Users\Cheem\OneDrive\Coding\clipsCommerce\node_modules\jest-circus\build\run.js:121:9)
    at _runTestsForDescribeBlock (C:\Users\Cheem\OneDrive\Coding\clipsCommerce\node_modules\jest-circus\build\run.js:121:9)
    at run (C:\Users\Cheem\OneDrive\Coding\clipsCommerce\node_modules\jest-circus\build\run.js:71:3)
    at runAndTransformResultsToJestFormat (C:\Users\Cheem\OneDrive\Coding\clipsCommerce\node_modules\jest-circus\build\legacy-code-todo-rewrite\jestAdapterInit.js:122:21)
    at jestAdapter (C:\Users\Cheem\OneDrive\Coding\clipsCommerce\node_modules\jest-circus\build\legacy-code-todo-rewrite\jestAdapter.js:79:19)
    at runTestInternal (C:\Users\Cheem\OneDrive\Coding\clipsCommerce\node_modules\jest-runner\build\runTest.js:367:16)
    at runTest (C:\Users\Cheem\OneDrive\Coding\clipsCommerce\node_modules\jest-runner\build\runTest.js:444:34)
    at Object.worker (C:\Users\Cheem\OneDrive\Coding\clipsCommerce\node_modules\jest-runner\build\testWorker.js:106:12)</failure>
    </testcase>
    <testcase classname="Team Dashboard Components TeamDashboardPage shows quick action cards" name="Team Dashboard Components TeamDashboardPage shows quick action cards" time="0.013">
      <failure>TestingLibraryElementError: Unable to find an element with the text: Client Operations. This could be because the text is broken up by multiple elements. In this case, you can provide a function for your text matcher to make your matcher more flexible.

Ignored nodes: comments, script, style
&lt;body&gt;
  &lt;div&gt;
    &lt;div
      class=&quot;min-h-screen bg-black text-white flex items-center justify-center p-4&quot;
    &gt;
      &lt;div
        class=&quot;max-w-md w-full bg-gradient-to-br from-neutral-900 to-neutral-800 border-neutral-700&quot;
      &gt;
        &lt;div
          class=&quot;text-center&quot;
        &gt;
          &lt;div
            class=&quot;flex justify-center mb-4&quot;
          &gt;
            &lt;div
              class=&quot;p-4 rounded-full bg-gradient-to-r from-[#8D5AFF]/20 to-[#5afcc0]/20 border border-[#8D5AFF]/30&quot;
            &gt;
              &lt;svg
                class=&quot;h-8 w-8 text-[#8D5AFF]&quot;
                data-testid=&quot;Lock-icon&quot;
              /&gt;
            &lt;/div&gt;
          &lt;/div&gt;
          &lt;h3
            class=&quot;text-xl text-white&quot;
          &gt;
            Team Dashboard Access Required
          &lt;/h3&gt;
          &lt;p
            class=&quot;text-neutral-400&quot;
          &gt;
            The Team Dashboard is available for Team plan subscribers only
          &lt;/p&gt;
        &lt;/div&gt;
        &lt;div
          class=&quot;space-y-4&quot;
        &gt;
          &lt;div
            class=&quot;bg-neutral-800/50 rounded-lg p-4&quot;
          &gt;
            &lt;h4
              class=&quot;font-semibold text-white mb-2&quot;
            &gt;
              Current Plan: 
              Lite
            &lt;/h4&gt;
            &lt;p
              class=&quot;text-sm text-neutral-400 mb-3&quot;
            &gt;
              Upgrade to Team plan to unlock:
            &lt;/p&gt;
            &lt;ul
              class=&quot;text-sm text-neutral-300 space-y-1&quot;
            &gt;
              &lt;li
                class=&quot;flex items-center&quot;
              &gt;
                &lt;svg
                  class=&quot;h-4 w-4 text-[#5afcc0] mr-2&quot;
                  data-testid=&quot;Shield-icon&quot;
                /&gt;
                Advanced team management
              &lt;/li&gt;
              &lt;li
                class=&quot;flex items-center&quot;
              &gt;
                &lt;svg
                  class=&quot;h-4 w-4 text-[#5afcc0] mr-2&quot;
                  data-testid=&quot;BarChart3-icon&quot;
                /&gt;
                Advanced analytics &amp; reporting
              &lt;/li&gt;
              &lt;li
                class=&quot;flex items-center&quot;
              &gt;
                &lt;svg
                  class=&quot;h-4 w-4 text-[#5afcc0] mr-2&quot;
                  data-testid=&quot;Users-icon&quot;
                /&gt;
                Multi-account management
              &lt;/li&gt;
            &lt;/ul&gt;
          &lt;/div&gt;
          &lt;div
            class=&quot;flex flex-col space-y-2&quot;
          &gt;
            &lt;button
              class=&quot;bg-gradient-to-r from-[#8D5AFF] to-[#5afcc0] text-white font-bold hover:opacity-90 transition-all&quot;
            &gt;
              Upgrade to Team Plan
            &lt;/button&gt;
            &lt;button
              class=&quot;border-neutral-600 text-neutral-300 hover:bg-neutral-800&quot;
              variant=&quot;outline&quot;
            &gt;
              Back to Dashboard
            &lt;/button&gt;
          &lt;/div&gt;
        &lt;/div&gt;
      &lt;/div&gt;
    &lt;/div&gt;
  &lt;/div&gt;
&lt;/body&gt;
    at Object.getElementError (C:\Users\Cheem\OneDrive\Coding\clipsCommerce\node_modules\@testing-library\dom\dist\config.js:37:19)
    at C:\Users\Cheem\OneDrive\Coding\clipsCommerce\node_modules\@testing-library\dom\dist\query-helpers.js:76:38
    at C:\Users\Cheem\OneDrive\Coding\clipsCommerce\node_modules\@testing-library\dom\dist\query-helpers.js:52:17
    at C:\Users\Cheem\OneDrive\Coding\clipsCommerce\node_modules\@testing-library\dom\dist\query-helpers.js:95:19
    at Object.&lt;anonymous&gt; (C:\Users\Cheem\OneDrive\Coding\clipsCommerce\src\__tests__\team-dashboard-comprehensive.test.tsx:137:21)
    at Promise.then.completed (C:\Users\Cheem\OneDrive\Coding\clipsCommerce\node_modules\jest-circus\build\utils.js:298:28)
    at new Promise (&lt;anonymous&gt;)
    at callAsyncCircusFn (C:\Users\Cheem\OneDrive\Coding\clipsCommerce\node_modules\jest-circus\build\utils.js:231:10)
    at _callCircusTest (C:\Users\Cheem\OneDrive\Coding\clipsCommerce\node_modules\jest-circus\build\run.js:316:40)
    at processTicksAndRejections (node:internal/process/task_queues:105:5)
    at _runTest (C:\Users\Cheem\OneDrive\Coding\clipsCommerce\node_modules\jest-circus\build\run.js:252:3)
    at _runTestsForDescribeBlock (C:\Users\Cheem\OneDrive\Coding\clipsCommerce\node_modules\jest-circus\build\run.js:126:9)
    at _runTestsForDescribeBlock (C:\Users\Cheem\OneDrive\Coding\clipsCommerce\node_modules\jest-circus\build\run.js:121:9)
    at _runTestsForDescribeBlock (C:\Users\Cheem\OneDrive\Coding\clipsCommerce\node_modules\jest-circus\build\run.js:121:9)
    at run (C:\Users\Cheem\OneDrive\Coding\clipsCommerce\node_modules\jest-circus\build\run.js:71:3)
    at runAndTransformResultsToJestFormat (C:\Users\Cheem\OneDrive\Coding\clipsCommerce\node_modules\jest-circus\build\legacy-code-todo-rewrite\jestAdapterInit.js:122:21)
    at jestAdapter (C:\Users\Cheem\OneDrive\Coding\clipsCommerce\node_modules\jest-circus\build\legacy-code-todo-rewrite\jestAdapter.js:79:19)
    at runTestInternal (C:\Users\Cheem\OneDrive\Coding\clipsCommerce\node_modules\jest-runner\build\runTest.js:367:16)
    at runTest (C:\Users\Cheem\OneDrive\Coding\clipsCommerce\node_modules\jest-runner\build\runTest.js:444:34)
    at Object.worker (C:\Users\Cheem\OneDrive\Coding\clipsCommerce\node_modules\jest-runner\build\testWorker.js:106:12)</failure>
    </testcase>
    <testcase classname="Team Dashboard Components TeamDashboardPage navigates to correct pages when quick actions are clicked" name="Team Dashboard Components TeamDashboardPage navigates to correct pages when quick actions are clicked" time="0.022">
      <failure>TestingLibraryElementError: Unable to find an element with the text: Client Operations. This could be because the text is broken up by multiple elements. In this case, you can provide a function for your text matcher to make your matcher more flexible.

Ignored nodes: comments, script, style
&lt;body&gt;
  &lt;div&gt;
    &lt;div
      class=&quot;min-h-screen bg-black text-white flex items-center justify-center p-4&quot;
    &gt;
      &lt;div
        class=&quot;max-w-md w-full bg-gradient-to-br from-neutral-900 to-neutral-800 border-neutral-700&quot;
      &gt;
        &lt;div
          class=&quot;text-center&quot;
        &gt;
          &lt;div
            class=&quot;flex justify-center mb-4&quot;
          &gt;
            &lt;div
              class=&quot;p-4 rounded-full bg-gradient-to-r from-[#8D5AFF]/20 to-[#5afcc0]/20 border border-[#8D5AFF]/30&quot;
            &gt;
              &lt;svg
                class=&quot;h-8 w-8 text-[#8D5AFF]&quot;
                data-testid=&quot;Lock-icon&quot;
              /&gt;
            &lt;/div&gt;
          &lt;/div&gt;
          &lt;h3
            class=&quot;text-xl text-white&quot;
          &gt;
            Team Dashboard Access Required
          &lt;/h3&gt;
          &lt;p
            class=&quot;text-neutral-400&quot;
          &gt;
            The Team Dashboard is available for Team plan subscribers only
          &lt;/p&gt;
        &lt;/div&gt;
        &lt;div
          class=&quot;space-y-4&quot;
        &gt;
          &lt;div
            class=&quot;bg-neutral-800/50 rounded-lg p-4&quot;
          &gt;
            &lt;h4
              class=&quot;font-semibold text-white mb-2&quot;
            &gt;
              Current Plan: 
              Lite
            &lt;/h4&gt;
            &lt;p
              class=&quot;text-sm text-neutral-400 mb-3&quot;
            &gt;
              Upgrade to Team plan to unlock:
            &lt;/p&gt;
            &lt;ul
              class=&quot;text-sm text-neutral-300 space-y-1&quot;
            &gt;
              &lt;li
                class=&quot;flex items-center&quot;
              &gt;
                &lt;svg
                  class=&quot;h-4 w-4 text-[#5afcc0] mr-2&quot;
                  data-testid=&quot;Shield-icon&quot;
                /&gt;
                Advanced team management
              &lt;/li&gt;
              &lt;li
                class=&quot;flex items-center&quot;
              &gt;
                &lt;svg
                  class=&quot;h-4 w-4 text-[#5afcc0] mr-2&quot;
                  data-testid=&quot;BarChart3-icon&quot;
                /&gt;
                Advanced analytics &amp; reporting
              &lt;/li&gt;
              &lt;li
                class=&quot;flex items-center&quot;
              &gt;
                &lt;svg
                  class=&quot;h-4 w-4 text-[#5afcc0] mr-2&quot;
                  data-testid=&quot;Users-icon&quot;
                /&gt;
                Multi-account management
              &lt;/li&gt;
            &lt;/ul&gt;
          &lt;/div&gt;
          &lt;div
            class=&quot;flex flex-col space-y-2&quot;
          &gt;
            &lt;button
              class=&quot;bg-gradient-to-r from-[#8D5AFF] to-[#5afcc0] text-white font-bold hover:opacity-90 transition-all&quot;
            &gt;
              Upgrade to Team Plan
            &lt;/button&gt;
            &lt;button
              class=&quot;border-neutral-600 text-neutral-300 hover:bg-neutral-800&quot;
              variant=&quot;outline&quot;
            &gt;
              Back to Dashboard
            &lt;/button&gt;
          &lt;/div&gt;
        &lt;/div&gt;
      &lt;/div&gt;
    &lt;/div&gt;
  &lt;/div&gt;
&lt;/body&gt;
    at Object.getElementError (C:\Users\Cheem\OneDrive\Coding\clipsCommerce\node_modules\@testing-library\dom\dist\config.js:37:19)
    at C:\Users\Cheem\OneDrive\Coding\clipsCommerce\node_modules\@testing-library\dom\dist\query-helpers.js:76:38
    at C:\Users\Cheem\OneDrive\Coding\clipsCommerce\node_modules\@testing-library\dom\dist\query-helpers.js:52:17
    at C:\Users\Cheem\OneDrive\Coding\clipsCommerce\node_modules\@testing-library\dom\dist\query-helpers.js:95:19
    at Object.&lt;anonymous&gt; (C:\Users\Cheem\OneDrive\Coding\clipsCommerce\src\__tests__\team-dashboard-comprehensive.test.tsx:145:37)
    at Promise.then.completed (C:\Users\Cheem\OneDrive\Coding\clipsCommerce\node_modules\jest-circus\build\utils.js:298:28)
    at new Promise (&lt;anonymous&gt;)
    at callAsyncCircusFn (C:\Users\Cheem\OneDrive\Coding\clipsCommerce\node_modules\jest-circus\build\utils.js:231:10)
    at _callCircusTest (C:\Users\Cheem\OneDrive\Coding\clipsCommerce\node_modules\jest-circus\build\run.js:316:40)
    at processTicksAndRejections (node:internal/process/task_queues:105:5)
    at _runTest (C:\Users\Cheem\OneDrive\Coding\clipsCommerce\node_modules\jest-circus\build\run.js:252:3)
    at _runTestsForDescribeBlock (C:\Users\Cheem\OneDrive\Coding\clipsCommerce\node_modules\jest-circus\build\run.js:126:9)
    at _runTestsForDescribeBlock (C:\Users\Cheem\OneDrive\Coding\clipsCommerce\node_modules\jest-circus\build\run.js:121:9)
    at _runTestsForDescribeBlock (C:\Users\Cheem\OneDrive\Coding\clipsCommerce\node_modules\jest-circus\build\run.js:121:9)
    at run (C:\Users\Cheem\OneDrive\Coding\clipsCommerce\node_modules\jest-circus\build\run.js:71:3)
    at runAndTransformResultsToJestFormat (C:\Users\Cheem\OneDrive\Coding\clipsCommerce\node_modules\jest-circus\build\legacy-code-todo-rewrite\jestAdapterInit.js:122:21)
    at jestAdapter (C:\Users\Cheem\OneDrive\Coding\clipsCommerce\node_modules\jest-circus\build\legacy-code-todo-rewrite\jestAdapter.js:79:19)
    at runTestInternal (C:\Users\Cheem\OneDrive\Coding\clipsCommerce\node_modules\jest-runner\build\runTest.js:367:16)
    at runTest (C:\Users\Cheem\OneDrive\Coding\clipsCommerce\node_modules\jest-runner\build\runTest.js:444:34)
    at Object.worker (C:\Users\Cheem\OneDrive\Coding\clipsCommerce\node_modules\jest-runner\build\testWorker.js:106:12)</failure>
    </testcase>
    <testcase classname="Team Dashboard Components AdvancedClientFilters renders search input and filter controls" name="Team Dashboard Components AdvancedClientFilters renders search input and filter controls" time="0.06">
    </testcase>
    <testcase classname="Team Dashboard Components AdvancedClientFilters shows client count summary" name="Team Dashboard Components AdvancedClientFilters shows client count summary" time="0.01">
    </testcase>
    <testcase classname="Team Dashboard Components AdvancedClientFilters calls onFiltersChange when search query changes" name="Team Dashboard Components AdvancedClientFilters calls onFiltersChange when search query changes" time="0.03">
      <failure>Error: expect(jest.fn()).toHaveBeenCalled()

Expected number of calls: &gt;= 1
Received number of calls:    0
    at Object.&lt;anonymous&gt; (C:\Users\Cheem\OneDrive\Coding\clipsCommerce\src\__tests__\team-dashboard-comprehensive.test.tsx:192:35)
    at Promise.then.completed (C:\Users\Cheem\OneDrive\Coding\clipsCommerce\node_modules\jest-circus\build\utils.js:298:28)
    at new Promise (&lt;anonymous&gt;)
    at callAsyncCircusFn (C:\Users\Cheem\OneDrive\Coding\clipsCommerce\node_modules\jest-circus\build\utils.js:231:10)
    at _callCircusTest (C:\Users\Cheem\OneDrive\Coding\clipsCommerce\node_modules\jest-circus\build\run.js:316:40)
    at processTicksAndRejections (node:internal/process/task_queues:105:5)
    at _runTest (C:\Users\Cheem\OneDrive\Coding\clipsCommerce\node_modules\jest-circus\build\run.js:252:3)
    at _runTestsForDescribeBlock (C:\Users\Cheem\OneDrive\Coding\clipsCommerce\node_modules\jest-circus\build\run.js:126:9)
    at _runTestsForDescribeBlock (C:\Users\Cheem\OneDrive\Coding\clipsCommerce\node_modules\jest-circus\build\run.js:121:9)
    at _runTestsForDescribeBlock (C:\Users\Cheem\OneDrive\Coding\clipsCommerce\node_modules\jest-circus\build\run.js:121:9)
    at run (C:\Users\Cheem\OneDrive\Coding\clipsCommerce\node_modules\jest-circus\build\run.js:71:3)
    at runAndTransformResultsToJestFormat (C:\Users\Cheem\OneDrive\Coding\clipsCommerce\node_modules\jest-circus\build\legacy-code-todo-rewrite\jestAdapterInit.js:122:21)
    at jestAdapter (C:\Users\Cheem\OneDrive\Coding\clipsCommerce\node_modules\jest-circus\build\legacy-code-todo-rewrite\jestAdapter.js:79:19)
    at runTestInternal (C:\Users\Cheem\OneDrive\Coding\clipsCommerce\node_modules\jest-runner\build\runTest.js:367:16)
    at runTest (C:\Users\Cheem\OneDrive\Coding\clipsCommerce\node_modules\jest-runner\build\runTest.js:444:34)
    at Object.worker (C:\Users\Cheem\OneDrive\Coding\clipsCommerce\node_modules\jest-runner\build\testWorker.js:106:12)</failure>
    </testcase>
    <testcase classname="Team Dashboard Components BulkOperationsPanel renders when clients are selected" name="Team Dashboard Components BulkOperationsPanel renders when clients are selected" time="0.023">
    </testcase>
    <testcase classname="Team Dashboard Components BulkOperationsPanel shows bulk operation options" name="Team Dashboard Components BulkOperationsPanel shows bulk operation options" time="0.022">
    </testcase>
    <testcase classname="Team Dashboard Components BulkOperationsPanel does not render when no clients selected" name="Team Dashboard Components BulkOperationsPanel does not render when no clients selected" time="0.002">
    </testcase>
    <testcase classname="Team Dashboard Components ClientDetailView renders client details when client exists" name="Team Dashboard Components ClientDetailView renders client details when client exists" time="0.008">
      <failure>TestingLibraryElementError: Unable to find an element with the text: TechStart Pro. This could be because the text is broken up by multiple elements. In this case, you can provide a function for your text matcher to make your matcher more flexible.

Ignored nodes: comments, script, style
&lt;body&gt;
  &lt;div&gt;
    &lt;div
      class=&quot;flex items-center justify-center h-64&quot;
    &gt;
      &lt;div
        class=&quot;text-center&quot;
      &gt;
        &lt;p
          class=&quot;text-muted-foreground&quot;
        &gt;
          Client not found
        &lt;/p&gt;
        &lt;button
          class=&quot;mt-4&quot;
        &gt;
          &lt;svg
            class=&quot;h-4 w-4 mr-2&quot;
            data-testid=&quot;ArrowLeft-icon&quot;
          /&gt;
          Back to Clients
        &lt;/button&gt;
      &lt;/div&gt;
    &lt;/div&gt;
  &lt;/div&gt;
&lt;/body&gt;
    at Object.getElementError (C:\Users\Cheem\OneDrive\Coding\clipsCommerce\node_modules\@testing-library\dom\dist\config.js:37:19)
    at C:\Users\Cheem\OneDrive\Coding\clipsCommerce\node_modules\@testing-library\dom\dist\query-helpers.js:76:38
    at C:\Users\Cheem\OneDrive\Coding\clipsCommerce\node_modules\@testing-library\dom\dist\query-helpers.js:52:17
    at C:\Users\Cheem\OneDrive\Coding\clipsCommerce\node_modules\@testing-library\dom\dist\query-helpers.js:95:19
    at Object.&lt;anonymous&gt; (C:\Users\Cheem\OneDrive\Coding\clipsCommerce\src\__tests__\team-dashboard-comprehensive.test.tsx:258:21)
    at Promise.then.completed (C:\Users\Cheem\OneDrive\Coding\clipsCommerce\node_modules\jest-circus\build\utils.js:298:28)
    at new Promise (&lt;anonymous&gt;)
    at callAsyncCircusFn (C:\Users\Cheem\OneDrive\Coding\clipsCommerce\node_modules\jest-circus\build\utils.js:231:10)
    at _callCircusTest (C:\Users\Cheem\OneDrive\Coding\clipsCommerce\node_modules\jest-circus\build\run.js:316:40)
    at processTicksAndRejections (node:internal/process/task_queues:105:5)
    at _runTest (C:\Users\Cheem\OneDrive\Coding\clipsCommerce\node_modules\jest-circus\build\run.js:252:3)
    at _runTestsForDescribeBlock (C:\Users\Cheem\OneDrive\Coding\clipsCommerce\node_modules\jest-circus\build\run.js:126:9)
    at _runTestsForDescribeBlock (C:\Users\Cheem\OneDrive\Coding\clipsCommerce\node_modules\jest-circus\build\run.js:121:9)
    at _runTestsForDescribeBlock (C:\Users\Cheem\OneDrive\Coding\clipsCommerce\node_modules\jest-circus\build\run.js:121:9)
    at run (C:\Users\Cheem\OneDrive\Coding\clipsCommerce\node_modules\jest-circus\build\run.js:71:3)
    at runAndTransformResultsToJestFormat (C:\Users\Cheem\OneDrive\Coding\clipsCommerce\node_modules\jest-circus\build\legacy-code-todo-rewrite\jestAdapterInit.js:122:21)
    at jestAdapter (C:\Users\Cheem\OneDrive\Coding\clipsCommerce\node_modules\jest-circus\build\legacy-code-todo-rewrite\jestAdapter.js:79:19)
    at runTestInternal (C:\Users\Cheem\OneDrive\Coding\clipsCommerce\node_modules\jest-runner\build\runTest.js:367:16)
    at runTest (C:\Users\Cheem\OneDrive\Coding\clipsCommerce\node_modules\jest-runner\build\runTest.js:444:34)
    at Object.worker (C:\Users\Cheem\OneDrive\Coding\clipsCommerce\node_modules\jest-runner\build\testWorker.js:106:12)</failure>
    </testcase>
    <testcase classname="Team Dashboard Components ClientDetailView shows not found message for invalid client ID" name="Team Dashboard Components ClientDetailView shows not found message for invalid client ID" time="0.007">
    </testcase>
    <testcase classname="Team Dashboard Components ClientDetailView calls onBack when back button is clicked" name="Team Dashboard Components ClientDetailView calls onBack when back button is clicked" time="0.006">
    </testcase>
    <testcase classname="Team Dashboard Components TeamAnalyticsOverview renders analytics header and metrics" name="Team Dashboard Components TeamAnalyticsOverview renders analytics header and metrics" time="0.326">
    </testcase>
    <testcase classname="Team Dashboard Components TeamAnalyticsOverview shows key performance indicators" name="Team Dashboard Components TeamAnalyticsOverview shows key performance indicators" time="0.258">
    </testcase>
    <testcase classname="Team Dashboard Components TeamAnalyticsOverview displays platform analysis tabs" name="Team Dashboard Components TeamAnalyticsOverview displays platform analysis tabs" time="0.265">
    </testcase>
    <testcase classname="Team Dashboard Components PerformanceMonitoringDashboard renders performance monitoring header" name="Team Dashboard Components PerformanceMonitoringDashboard renders performance monitoring header" time="0.148">
    </testcase>
    <testcase classname="Team Dashboard Components PerformanceMonitoringDashboard shows performance metrics cards" name="Team Dashboard Components PerformanceMonitoringDashboard shows performance metrics cards" time="0.187">
    </testcase>
    <testcase classname="Team Dashboard Components ClientImportWizard renders import wizard steps" name="Team Dashboard Components ClientImportWizard renders import wizard steps" time="0.07">
      <failure>TestingLibraryElementError: Found multiple elements with the text: Source Selection

Here are the matching elements:

Ignored nodes: comments, script, style
&lt;p
  class=&quot;text-sm font-medium text-foreground&quot;
&gt;
  Source Selection
&lt;/p&gt;

Ignored nodes: comments, script, style
&lt;h3&gt;
  Source Selection
&lt;/h3&gt;

(If this is intentional, then use the `*AllBy*` variant of the query (like `queryAllByText`, `getAllByText`, or `findAllByText`)).

Ignored nodes: comments, script, style
&lt;body&gt;
  &lt;div&gt;
    &lt;div
      class=&quot;max-w-4xl mx-auto space-y-6&quot;
    &gt;
      &lt;div
        class=&quot;flex items-center justify-between mb-8&quot;
      &gt;
        &lt;div
          class=&quot;flex items-center&quot;
        &gt;
          &lt;div
            class=&quot;flex items-center justify-center w-8 h-8 rounded-full border-2 bg-primary border-primary text-primary-foreground&quot;
          &gt;
            &lt;span
              class=&quot;text-sm font-medium&quot;
            &gt;
              1
            &lt;/span&gt;
          &lt;/div&gt;
          &lt;div
            class=&quot;ml-3 hidden sm:block&quot;
          &gt;
            &lt;p
              class=&quot;text-sm font-medium text-foreground&quot;
            &gt;
              Source Selection
            &lt;/p&gt;
            &lt;p
              class=&quot;text-xs text-muted-foreground&quot;
            &gt;
              Choose your data source
            &lt;/p&gt;
          &lt;/div&gt;
          &lt;svg
            class=&quot;h-4 w-4 mx-4 text-muted-foreground&quot;
            data-testid=&quot;ArrowRight-icon&quot;
          /&gt;
        &lt;/div&gt;
        &lt;div
          class=&quot;flex items-center&quot;
        &gt;
          &lt;div
            class=&quot;flex items-center justify-center w-8 h-8 rounded-full border-2 border-muted text-muted-foreground&quot;
          &gt;
            &lt;span
              class=&quot;text-sm font-medium&quot;
            &gt;
              2
            &lt;/span&gt;
          &lt;/div&gt;
          &lt;div
            class=&quot;ml-3 hidden sm:block&quot;
          &gt;
            &lt;p
              class=&quot;text-sm font-medium text-muted-foreground&quot;
            &gt;
              Data Import
            &lt;/p&gt;
            &lt;p
              class=&quot;text-xs text-muted-foreground&quot;
            &gt;
              Upload or enter your data
            &lt;/p&gt;
          &lt;/div&gt;
          &lt;svg
            class=&quot;h-4 w-4 mx-4 text-muted-foreground&quot;
            data-testid=&quot;ArrowRight-icon&quot;
          /&gt;
        &lt;/div&gt;
        &lt;div
          class=&quot;flex items-center&quot;
        &gt;
          &lt;div
            class=&quot;flex items-center justify-center w-8 h-8 rounded-full border-2 border-muted text-muted-foreground&quot;
          &gt;
            &lt;span
              class=&quot;text-sm font-medium&quot;
            &gt;
              3
            &lt;/span&gt;
          &lt;/div&gt;
          &lt;div
            class=&quot;ml-3 hidden sm:block&quot;
          &gt;
            &lt;p
              class=&quot;text-sm font-medium text-muted-foreground&quot;
            &gt;
              Field Mapping
            &lt;/p&gt;
            &lt;p
              class=&quot;text-xs text-muted-foreground&quot;
            &gt;
              Map data to client fields
            &lt;/p&gt;
          &lt;/div&gt;
          &lt;svg
            class=&quot;h-4 w-4 mx-4 text-muted-foreground&quot;
            data-testid=&quot;ArrowRight-icon&quot;
          /&gt;
        &lt;/div&gt;
        &lt;div
          class=&quot;flex items-center&quot;
        &gt;
          &lt;div
            class=&quot;flex items-center justify-center w-8 h-8 rounded-full border-2 border-muted text-muted-foreground&quot;
          &gt;
            &lt;span
              class=&quot;text-sm font-medium&quot;
            &gt;
              4
            &lt;/span&gt;
          &lt;/div&gt;
          &lt;div
            class=&quot;ml-3 hidden sm:block&quot;
          &gt;
            &lt;p
              class=&quot;text-sm font-medium text-muted-foreground&quot;
            &gt;
              Validation
            &lt;/p&gt;
            &lt;p
              class=&quot;text-xs text-muted-foreground&quot;
            &gt;
              Review and validate data
            &lt;/p&gt;
          &lt;/div&gt;
          &lt;svg
            class=&quot;h-4 w-4 mx-4 text-muted-foreground&quot;
            data-testid=&quot;ArrowRight-icon&quot;
          /&gt;
        &lt;/div&gt;
        &lt;div
          class=&quot;flex items-center&quot;
        &gt;
          &lt;div
            class=&quot;flex items-center justify-center w-8 h-8 rounded-full border-2 border-muted text-muted-foreground&quot;
          &gt;
            &lt;span
              class=&quot;text-sm font-medium&quot;
            &gt;
              5
            &lt;/span&gt;
          &lt;/div&gt;
          &lt;div
            class=&quot;ml-3 hidden sm:block&quot;
          &gt;
            &lt;p
              class=&quot;text-sm font-medium text-muted-foreground&quot;
            &gt;
              Import
            &lt;/p&gt;
            &lt;p
              class=&quot;text-xs text-muted-foreground&quot;
            &gt;
              Complete the import process
            &lt;/p&gt;
          &lt;/div&gt;
        &lt;/div&gt;
      &lt;/div&gt;
      &lt;div
        class=&quot;border-border&quot;
      &gt;
        &lt;div&gt;
          &lt;h3&gt;
            Source Selection
          &lt;/h3&gt;
          &lt;p&gt;
            Choose your data source
          &lt;/p&gt;
        &lt;/div&gt;
        &lt;div
          class=&quot;space-y-6&quot;
        &gt;
          &lt;div
            class=&quot;grid grid-cols-1 md:grid-cols-2 gap-4&quot;
          &gt;
            &lt;div
              class=&quot;cursor-pointer transition-all duration-200 hover:shadow-md border-border&quot;
            &gt;
              &lt;div
                class=&quot;p-4&quot;
              &gt;
                &lt;div
                  class=&quot;flex items-start space-x-3&quot;
                &gt;
                  &lt;div
                    class=&quot;p-2 rounded-lg bg-primary/10&quot;
                  &gt;
                    &lt;svg
                      class=&quot;h-6 w-6 text-primary&quot;
                      data-testid=&quot;FileText-icon&quot;
                    /&gt;
                  &lt;/div&gt;
                  &lt;div
                    class=&quot;flex-1&quot;
                  &gt;
                    &lt;h3
                      class=&quot;font-medium&quot;
                    &gt;
                      Spreadsheet Upload
                    &lt;/h3&gt;
                    &lt;p
                      class=&quot;text-sm text-muted-foreground mb-2&quot;
                    &gt;
                      Import from Excel, CSV, or Google Sheets
                    &lt;/p&gt;
                    &lt;div
                      class=&quot;flex flex-wrap gap-1&quot;
                    &gt;
                      &lt;span
                        class=&quot;text-xs&quot;
                        variant=&quot;outline&quot;
                      &gt;
                        .xlsx
                      &lt;/span&gt;
                      &lt;span
                        class=&quot;text-xs&quot;
                        variant=&quot;outline&quot;
                      &gt;
                        .csv
                      &lt;/span&gt;
                      &lt;span
                        class=&quot;text-xs&quot;
                        variant=&quot;outline&quot;
                      &gt;
                        .xls
                      &lt;/span&gt;
                    &lt;/div&gt;
                  &lt;/div&gt;
                &lt;/div&gt;
              &lt;/div&gt;
            &lt;/div&gt;
            &lt;div
              class=&quot;cursor-pointer transition-all duration-200 hover:shadow-md border-border&quot;
            &gt;
              &lt;div
                class=&quot;p-4&quot;
              &gt;
                &lt;div
                  class=&quot;flex items-start space-x-3&quot;
                &gt;
                  &lt;div
                    class=&quot;p-2 rounded-lg bg-primary/10&quot;
                  &gt;
                    &lt;svg
                      class=&quot;h-6 w-6 text-primary&quot;
                      data-testid=&quot;FileText-icon&quot;
                    /&gt;
                  &lt;/div&gt;
                  &lt;div
                    class=&quot;flex-1&quot;
                  &gt;
                    &lt;h3
                      class=&quot;font-medium&quot;
                    &gt;
                      Text Document
                    &lt;/h3&gt;
                    &lt;p
                      class=&quot;text-sm text-muted-foreground mb-2&quot;
                    &gt;
                      Parse client data from text documents
                    &lt;/p&gt;
                    &lt;div
                      class=&quot;flex flex-wrap gap-1&quot;
                    &gt;
                      &lt;span
                        class=&quot;text-xs&quot;
                        variant=&quot;outline&quot;
                      &gt;
                        .txt
                      &lt;/span&gt;
                      &lt;span
                        class=&quot;text-xs&quot;
                        variant=&quot;outline&quot;
                      &gt;
                        .docx
                      &lt;/span&gt;
                      &lt;span
                        class=&quot;text-xs&quot;
                        variant=&quot;outline&quot;
                      &gt;
                        .pdf
                      &lt;/span&gt;
                    &lt;/div&gt;
                  &lt;/div&gt;
                &lt;/div&gt;
              &lt;/div&gt;
            &lt;/div&gt;
            &lt;div
              class=&quot;cursor-pointer transition-all duration-200 hover:shadow-md border-border&quot;
            &gt;
              &lt;div
                class=&quot;p-4&quot;
              &gt;
                &lt;div
                  class=&quot;flex items-start space-x-3&quot;
                &gt;
                  &lt;div
                    class=&quot;p-2 rounded-lg bg-primary/10&quot;
                  &gt;
                    &lt;svg
                      class=&quot;h-6 w-6 text-primary&quot;
                      data-testid=&quot;Database-icon&quot;
                    /&gt;
                  &lt;/div&gt;
                  &lt;div
                    class=&quot;flex-1&quot;
                  &gt;
                    &lt;h3
                      class=&quot;font-medium&quot;
                    &gt;
                      API Integration
                    &lt;/h3&gt;
                    &lt;p
                      class=&quot;text-sm text-muted-foreground mb-2&quot;
                    &gt;
                      Connect to CRM or e-commerce platforms
                    &lt;/p&gt;
                    &lt;div
                      class=&quot;flex flex-wrap gap-1&quot;
                    &gt;
                      &lt;span
                        class=&quot;text-xs&quot;
                        variant=&quot;outline&quot;
                      &gt;
                        Shopify
                      &lt;/span&gt;
                      &lt;span
                        class=&quot;text-xs&quot;
                        variant=&quot;outline&quot;
                      &gt;
                        WooCommerce
                      &lt;/span&gt;
                      &lt;span
                        class=&quot;text-xs&quot;
                        variant=&quot;outline&quot;
                      &gt;
                        Salesforce
                      &lt;/span&gt;
                    &lt;/div&gt;
                  &lt;/div&gt;
                &lt;/div&gt;
              &lt;/div&gt;
            &lt;/div&gt;
            &lt;div
              class=&quot;cursor-pointer transition-all duration-200 hover:shadow-md border-border&quot;
            &gt;
              &lt;div
                class=&quot;p-4&quot;
              &gt;
                &lt;div
                  class=&quot;flex items-start space-x-3&quot;
                &gt;
                  &lt;div
                    class=&quot;p-2 rounded-lg bg-primary/10&quot;
                  &gt;
                    &lt;svg
                      class=&quot;h-6 w-6 text-primary&quot;
                      data-testid=&quot;Globe-icon&quot;
                    /&gt;
                  &lt;/div&gt;
                  &lt;div
                    class=&quot;flex-1&quot;
                  &gt;
                    &lt;h3
                      class=&quot;font-medium&quot;
                    &gt;
                      Manual Entry
                    &lt;/h3&gt;
                    &lt;p
                      class=&quot;text-sm text-muted-foreground mb-2&quot;
                    &gt;
                      Paste or type client information directly
                    &lt;/p&gt;
                    &lt;div
                      class=&quot;flex flex-wrap gap-1&quot;
                    &gt;
                      &lt;span
                        class=&quot;text-xs&quot;
                        variant=&quot;outline&quot;
                      &gt;
                        Text
                      &lt;/span&gt;
                      &lt;span
                        class=&quot;text-xs&quot;
                        variant=&quot;outline&quot;
                      &gt;
                        JSON
                      &lt;/span&gt;
                      &lt;span
                        class=&quot;text-xs&quot;
                        variant=&quot;outline&quot;
                      &gt;
                        CSV
                      &lt;/span&gt;
                    &lt;/div&gt;
                  &lt;/div&gt;
                &lt;/div&gt;
              &lt;/div&gt;
            &lt;/div&gt;
          &lt;/div&gt;
        &lt;/div&gt;
        &lt;div
          class=&quot;flex items-center justify-between p-6 border-t border-border&quot;
        &gt;
          &lt;button
            disabled=&quot;&quot;
            variant=&quot;outline&quot;
          &gt;
            &lt;svg
              class=&quot;h-4 w-4 mr-2&quot;
              data-testid=&quot;ArrowLeft-icon&quot;
            /&gt;
            Previous
          &lt;/button&gt;
          &lt;div
            class=&quot;flex space-x-2&quot;
          &gt;
            &lt;button
              disabled=&quot;&quot;
            &gt;
              Next
              &lt;svg
                class=&quot;h-4 w-4 ml-2&quot;
                data-testid=&quot;ArrowRight-icon&quot;
              /&gt;
            &lt;/button&gt;
          &lt;/div&gt;
        &lt;/div&gt;
      &lt;/div&gt;
    &lt;/div&gt;
  &lt;/div&gt;
&lt;/body&gt;
    at Object.getElementError (C:\Users\Cheem\OneDrive\Coding\clipsCommerce\node_modules\@testing-library\dom\dist\config.js:37:19)
    at getElementError (C:\Users\Cheem\OneDrive\Coding\clipsCommerce\node_modules\@testing-library\dom\dist\query-helpers.js:20:35)
    at getMultipleElementsFoundError (C:\Users\Cheem\OneDrive\Coding\clipsCommerce\node_modules\@testing-library\dom\dist\query-helpers.js:23:10)
    at C:\Users\Cheem\OneDrive\Coding\clipsCommerce\node_modules\@testing-library\dom\dist\query-helpers.js:55:13
    at C:\Users\Cheem\OneDrive\Coding\clipsCommerce\node_modules\@testing-library\dom\dist\query-helpers.js:95:19
    at Object.&lt;anonymous&gt; (C:\Users\Cheem\OneDrive\Coding\clipsCommerce\src\__tests__\team-dashboard-comprehensive.test.tsx:334:21)
    at Promise.then.completed (C:\Users\Cheem\OneDrive\Coding\clipsCommerce\node_modules\jest-circus\build\utils.js:298:28)
    at new Promise (&lt;anonymous&gt;)
    at callAsyncCircusFn (C:\Users\Cheem\OneDrive\Coding\clipsCommerce\node_modules\jest-circus\build\utils.js:231:10)
    at _callCircusTest (C:\Users\Cheem\OneDrive\Coding\clipsCommerce\node_modules\jest-circus\build\run.js:316:40)
    at processTicksAndRejections (node:internal/process/task_queues:105:5)
    at _runTest (C:\Users\Cheem\OneDrive\Coding\clipsCommerce\node_modules\jest-circus\build\run.js:252:3)
    at _runTestsForDescribeBlock (C:\Users\Cheem\OneDrive\Coding\clipsCommerce\node_modules\jest-circus\build\run.js:126:9)
    at _runTestsForDescribeBlock (C:\Users\Cheem\OneDrive\Coding\clipsCommerce\node_modules\jest-circus\build\run.js:121:9)
    at _runTestsForDescribeBlock (C:\Users\Cheem\OneDrive\Coding\clipsCommerce\node_modules\jest-circus\build\run.js:121:9)
    at run (C:\Users\Cheem\OneDrive\Coding\clipsCommerce\node_modules\jest-circus\build\run.js:71:3)
    at runAndTransformResultsToJestFormat (C:\Users\Cheem\OneDrive\Coding\clipsCommerce\node_modules\jest-circus\build\legacy-code-todo-rewrite\jestAdapterInit.js:122:21)
    at jestAdapter (C:\Users\Cheem\OneDrive\Coding\clipsCommerce\node_modules\jest-circus\build\legacy-code-todo-rewrite\jestAdapter.js:79:19)
    at runTestInternal (C:\Users\Cheem\OneDrive\Coding\clipsCommerce\node_modules\jest-runner\build\runTest.js:367:16)
    at runTest (C:\Users\Cheem\OneDrive\Coding\clipsCommerce\node_modules\jest-runner\build\runTest.js:444:34)
    at Object.worker (C:\Users\Cheem\OneDrive\Coding\clipsCommerce\node_modules\jest-runner\build\testWorker.js:106:12)</failure>
    </testcase>
    <testcase classname="Team Dashboard Components ClientImportWizard shows import source options" name="Team Dashboard Components ClientImportWizard shows import source options" time="0.055">
    </testcase>
    <testcase classname="Team Dashboard Components WorkflowTemplateManager renders template manager header" name="Team Dashboard Components WorkflowTemplateManager renders template manager header" time="0.096">
    </testcase>
    <testcase classname="Team Dashboard Components WorkflowTemplateManager shows drag and drop area for importing" name="Team Dashboard Components WorkflowTemplateManager shows drag and drop area for importing" time="0.062">
    </testcase>
    <testcase classname="Team Dashboard Components WorkflowTemplateManager displays existing templates" name="Team Dashboard Components WorkflowTemplateManager displays existing templates" time="0.055">
    </testcase>
    <testcase classname="Team Dashboard Components TeamModeErrorBoundary renders children when no error occurs" name="Team Dashboard Components TeamModeErrorBoundary renders children when no error occurs" time="0.007">
    </testcase>
    <testcase classname="Team Dashboard Components TeamModeErrorBoundary renders error UI when error occurs" name="Team Dashboard Components TeamModeErrorBoundary renders error UI when error occurs" time="0.054">
    </testcase>
    <testcase classname="Team Dashboard Components TeamModeErrorBoundary shows custom fallback when provided" name="Team Dashboard Components TeamModeErrorBoundary shows custom fallback when provided" time="0.008">
    </testcase>
    <testcase classname="Team Dashboard Components Integration Tests handles team mode provider state changes" name="Team Dashboard Components Integration Tests handles team mode provider state changes" time="1.034">
      <failure>Error: Unable to find an element with the text: /Manage 2,000 clients/. This could be because the text is broken up by multiple elements. In this case, you can provide a function for your text matcher to make your matcher more flexible.

Ignored nodes: comments, script, style
&lt;body&gt;
  &lt;div&gt;
    &lt;div
      class=&quot;min-h-screen bg-black text-white flex items-center justify-center p-4&quot;
    &gt;
      &lt;div
        class=&quot;max-w-md w-full bg-gradient-to-br from-neutral-900 to-neutral-800 border-neutral-700&quot;
      &gt;
        &lt;div
          class=&quot;text-center&quot;
        &gt;
          &lt;div
            class=&quot;flex justify-center mb-4&quot;
          &gt;
            &lt;div
              class=&quot;p-4 rounded-full bg-gradient-to-r from-[#8D5AFF]/20 to-[#5afcc0]/20 border border-[#8D5AFF]/30&quot;
            &gt;
              &lt;svg
                class=&quot;h-8 w-8 text-[#8D5AFF]&quot;
                data-testid=&quot;Lock-icon&quot;
              /&gt;
            &lt;/div&gt;
          &lt;/div&gt;
          &lt;h3
            class=&quot;text-xl text-white&quot;
          &gt;
            Team Dashboard Access Required
          &lt;/h3&gt;
          &lt;p
            class=&quot;text-neutral-400&quot;
          &gt;
            The Team Dashboard is available for Team plan subscribers only
          &lt;/p&gt;
        &lt;/div&gt;
        &lt;div
          class=&quot;space-y-4&quot;
        &gt;
          &lt;div
            class=&quot;bg-neutral-800/50 rounded-lg p-4&quot;
          &gt;
            &lt;h4
              class=&quot;font-semibold text-white mb-2&quot;
            &gt;
              Current Plan: 
              Lite
            &lt;/h4&gt;
            &lt;p
              class=&quot;text-sm text-neutral-400 mb-3&quot;
            &gt;
              Upgrade to Team plan to unlock:
            &lt;/p&gt;
            &lt;ul
              class=&quot;text-sm text-neutral-300 space-y-1&quot;
            &gt;
              &lt;li
                class=&quot;flex items-center&quot;
              &gt;
                &lt;svg
                  class=&quot;h-4 w-4 text-[#5afcc0] mr-2&quot;
                  data-testid=&quot;Shield-icon&quot;
                /&gt;
                Advanced team management
              &lt;/li&gt;
              &lt;li
                class=&quot;flex items-center&quot;
              &gt;
                &lt;svg
                  class=&quot;h-4 w-4 text-[#5afcc0] mr-2&quot;
                  data-testid=&quot;BarChart3-icon&quot;
                /&gt;
                Advanced analytics &amp; reporting
              &lt;/li&gt;
              &lt;li
                class=&quot;flex items-center&quot;
              &gt;
                &lt;svg
                  class=&quot;h-4 w-4 text-[#5afcc0] mr-2&quot;
                  data-testid=&quot;Users-icon&quot;
                /&gt;
                Multi-account management
              &lt;/li&gt;
            &lt;/ul&gt;
          &lt;/div&gt;
          &lt;div
            class=&quot;flex flex-col space-y-2&quot;
          &gt;
            &lt;button
              class=&quot;bg-gradient-to-r from-[#8D5AFF] to-[#5afcc0] text-white font-bold hover:opacity-90 transition-all&quot;
            &gt;
              Upgrade to Team Plan
            &lt;/button&gt;
            &lt;button
              class=&quot;border-neutral-600 text-neutral-300 hover:bg-neutral-800&quot;
              variant=&quot;outline&quot;
            &gt;
              Back to Dashboard
            &lt;/button&gt;
          &lt;/div&gt;
        &lt;/div&gt;
      &lt;/div&gt;
    &lt;/div&gt;
  &lt;/div&gt;
&lt;/body&gt;
    at waitForWrapper (C:\Users\Cheem\OneDrive\Coding\clipsCommerce\node_modules\@testing-library\dom\dist\wait-for.js:163:27)
    at Object.&lt;anonymous&gt; (C:\Users\Cheem\OneDrive\Coding\clipsCommerce\src\__tests__\team-dashboard-comprehensive.test.tsx:435:20)
    at Promise.then.completed (C:\Users\Cheem\OneDrive\Coding\clipsCommerce\node_modules\jest-circus\build\utils.js:298:28)
    at new Promise (&lt;anonymous&gt;)
    at callAsyncCircusFn (C:\Users\Cheem\OneDrive\Coding\clipsCommerce\node_modules\jest-circus\build\utils.js:231:10)
    at _callCircusTest (C:\Users\Cheem\OneDrive\Coding\clipsCommerce\node_modules\jest-circus\build\run.js:316:40)
    at processTicksAndRejections (node:internal/process/task_queues:105:5)
    at _runTest (C:\Users\Cheem\OneDrive\Coding\clipsCommerce\node_modules\jest-circus\build\run.js:252:3)
    at _runTestsForDescribeBlock (C:\Users\Cheem\OneDrive\Coding\clipsCommerce\node_modules\jest-circus\build\run.js:126:9)
    at _runTestsForDescribeBlock (C:\Users\Cheem\OneDrive\Coding\clipsCommerce\node_modules\jest-circus\build\run.js:121:9)
    at _runTestsForDescribeBlock (C:\Users\Cheem\OneDrive\Coding\clipsCommerce\node_modules\jest-circus\build\run.js:121:9)
    at run (C:\Users\Cheem\OneDrive\Coding\clipsCommerce\node_modules\jest-circus\build\run.js:71:3)
    at runAndTransformResultsToJestFormat (C:\Users\Cheem\OneDrive\Coding\clipsCommerce\node_modules\jest-circus\build\legacy-code-todo-rewrite\jestAdapterInit.js:122:21)
    at jestAdapter (C:\Users\Cheem\OneDrive\Coding\clipsCommerce\node_modules\jest-circus\build\legacy-code-todo-rewrite\jestAdapter.js:79:19)
    at runTestInternal (C:\Users\Cheem\OneDrive\Coding\clipsCommerce\node_modules\jest-runner\build\runTest.js:367:16)
    at runTest (C:\Users\Cheem\OneDrive\Coding\clipsCommerce\node_modules\jest-runner\build\runTest.js:444:34)
    at Object.worker (C:\Users\Cheem\OneDrive\Coding\clipsCommerce\node_modules\jest-runner\build\testWorker.js:106:12)</failure>
    </testcase>
    <testcase classname="Team Dashboard Components Integration Tests handles authentication state changes" name="Team Dashboard Components Integration Tests handles authentication state changes" time="0.03">
      <failure>TestingLibraryElementError: Unable to find an element with the text: Welcome to Team Mode. This could be because the text is broken up by multiple elements. In this case, you can provide a function for your text matcher to make your matcher more flexible.

Ignored nodes: comments, script, style
&lt;body&gt;
  &lt;div&gt;
    &lt;div
      class=&quot;min-h-screen bg-black text-white flex items-center justify-center p-4&quot;
    &gt;
      &lt;div
        class=&quot;max-w-md w-full bg-gradient-to-br from-neutral-900 to-neutral-800 border-neutral-700&quot;
      &gt;
        &lt;div
          class=&quot;text-center&quot;
        &gt;
          &lt;div
            class=&quot;flex justify-center mb-4&quot;
          &gt;
            &lt;div
              class=&quot;p-4 rounded-full bg-gradient-to-r from-[#8D5AFF]/20 to-[#5afcc0]/20 border border-[#8D5AFF]/30&quot;
            &gt;
              &lt;svg
                class=&quot;h-8 w-8 text-[#8D5AFF]&quot;
                data-testid=&quot;Lock-icon&quot;
              /&gt;
            &lt;/div&gt;
          &lt;/div&gt;
          &lt;h3
            class=&quot;text-xl text-white&quot;
          &gt;
            Team Dashboard Access Required
          &lt;/h3&gt;
          &lt;p
            class=&quot;text-neutral-400&quot;
          &gt;
            The Team Dashboard is available for Team plan subscribers only
          &lt;/p&gt;
        &lt;/div&gt;
        &lt;div
          class=&quot;space-y-4&quot;
        &gt;
          &lt;div
            class=&quot;bg-neutral-800/50 rounded-lg p-4&quot;
          &gt;
            &lt;h4
              class=&quot;font-semibold text-white mb-2&quot;
            &gt;
              Current Plan: 
              Lite
            &lt;/h4&gt;
            &lt;p
              class=&quot;text-sm text-neutral-400 mb-3&quot;
            &gt;
              Upgrade to Team plan to unlock:
            &lt;/p&gt;
            &lt;ul
              class=&quot;text-sm text-neutral-300 space-y-1&quot;
            &gt;
              &lt;li
                class=&quot;flex items-center&quot;
              &gt;
                &lt;svg
                  class=&quot;h-4 w-4 text-[#5afcc0] mr-2&quot;
                  data-testid=&quot;Shield-icon&quot;
                /&gt;
                Advanced team management
              &lt;/li&gt;
              &lt;li
                class=&quot;flex items-center&quot;
              &gt;
                &lt;svg
                  class=&quot;h-4 w-4 text-[#5afcc0] mr-2&quot;
                  data-testid=&quot;BarChart3-icon&quot;
                /&gt;
                Advanced analytics &amp; reporting
              &lt;/li&gt;
              &lt;li
                class=&quot;flex items-center&quot;
              &gt;
                &lt;svg
                  class=&quot;h-4 w-4 text-[#5afcc0] mr-2&quot;
                  data-testid=&quot;Users-icon&quot;
                /&gt;
                Multi-account management
              &lt;/li&gt;
            &lt;/ul&gt;
          &lt;/div&gt;
          &lt;div
            class=&quot;flex flex-col space-y-2&quot;
          &gt;
            &lt;button
              class=&quot;bg-gradient-to-r from-[#8D5AFF] to-[#5afcc0] text-white font-bold hover:opacity-90 transition-all&quot;
            &gt;
              Upgrade to Team Plan
            &lt;/button&gt;
            &lt;button
              class=&quot;border-neutral-600 text-neutral-300 hover:bg-neutral-800&quot;
              variant=&quot;outline&quot;
            &gt;
              Back to Dashboard
            &lt;/button&gt;
          &lt;/div&gt;
        &lt;/div&gt;
      &lt;/div&gt;
    &lt;/div&gt;
  &lt;/div&gt;
&lt;/body&gt;
    at Object.getElementError (C:\Users\Cheem\OneDrive\Coding\clipsCommerce\node_modules\@testing-library\dom\dist\config.js:37:19)
    at C:\Users\Cheem\OneDrive\Coding\clipsCommerce\node_modules\@testing-library\dom\dist\query-helpers.js:76:38
    at C:\Users\Cheem\OneDrive\Coding\clipsCommerce\node_modules\@testing-library\dom\dist\query-helpers.js:52:17
    at C:\Users\Cheem\OneDrive\Coding\clipsCommerce\node_modules\@testing-library\dom\dist\query-helpers.js:95:19
    at Object.&lt;anonymous&gt; (C:\Users\Cheem\OneDrive\Coding\clipsCommerce\src\__tests__\team-dashboard-comprehensive.test.tsx:455:21)
    at Promise.then.completed (C:\Users\Cheem\OneDrive\Coding\clipsCommerce\node_modules\jest-circus\build\utils.js:298:28)
    at new Promise (&lt;anonymous&gt;)
    at callAsyncCircusFn (C:\Users\Cheem\OneDrive\Coding\clipsCommerce\node_modules\jest-circus\build\utils.js:231:10)
    at _callCircusTest (C:\Users\Cheem\OneDrive\Coding\clipsCommerce\node_modules\jest-circus\build\run.js:316:40)
    at _runTest (C:\Users\Cheem\OneDrive\Coding\clipsCommerce\node_modules\jest-circus\build\run.js:252:3)
    at _runTestsForDescribeBlock (C:\Users\Cheem\OneDrive\Coding\clipsCommerce\node_modules\jest-circus\build\run.js:126:9)
    at _runTestsForDescribeBlock (C:\Users\Cheem\OneDrive\Coding\clipsCommerce\node_modules\jest-circus\build\run.js:121:9)
    at _runTestsForDescribeBlock (C:\Users\Cheem\OneDrive\Coding\clipsCommerce\node_modules\jest-circus\build\run.js:121:9)
    at run (C:\Users\Cheem\OneDrive\Coding\clipsCommerce\node_modules\jest-circus\build\run.js:71:3)
    at runAndTransformResultsToJestFormat (C:\Users\Cheem\OneDrive\Coding\clipsCommerce\node_modules\jest-circus\build\legacy-code-todo-rewrite\jestAdapterInit.js:122:21)
    at jestAdapter (C:\Users\Cheem\OneDrive\Coding\clipsCommerce\node_modules\jest-circus\build\legacy-code-todo-rewrite\jestAdapter.js:79:19)
    at runTestInternal (C:\Users\Cheem\OneDrive\Coding\clipsCommerce\node_modules\jest-runner\build\runTest.js:367:16)
    at runTest (C:\Users\Cheem\OneDrive\Coding\clipsCommerce\node_modules\jest-runner\build\runTest.js:444:34)
    at Object.worker (C:\Users\Cheem\OneDrive\Coding\clipsCommerce\node_modules\jest-runner\build\testWorker.js:106:12)</failure>
    </testcase>
    <testcase classname="Team Dashboard Components Integration Tests handles router navigation correctly" name="Team Dashboard Components Integration Tests handles router navigation correctly" time="0.013">
      <failure>Error: expect(jest.fn()).toHaveBeenCalledWith(...expected)

Expected: &quot;/team-dashboard/operations&quot;

Number of calls: 0
    at Object.&lt;anonymous&gt; (C:\Users\Cheem\OneDrive\Coding\clipsCommerce\src\__tests__\team-dashboard-comprehensive.test.tsx:462:31)
    at Promise.then.completed (C:\Users\Cheem\OneDrive\Coding\clipsCommerce\node_modules\jest-circus\build\utils.js:298:28)
    at new Promise (&lt;anonymous&gt;)
    at callAsyncCircusFn (C:\Users\Cheem\OneDrive\Coding\clipsCommerce\node_modules\jest-circus\build\utils.js:231:10)
    at _callCircusTest (C:\Users\Cheem\OneDrive\Coding\clipsCommerce\node_modules\jest-circus\build\run.js:316:40)
    at _runTest (C:\Users\Cheem\OneDrive\Coding\clipsCommerce\node_modules\jest-circus\build\run.js:252:3)
    at _runTestsForDescribeBlock (C:\Users\Cheem\OneDrive\Coding\clipsCommerce\node_modules\jest-circus\build\run.js:126:9)
    at _runTestsForDescribeBlock (C:\Users\Cheem\OneDrive\Coding\clipsCommerce\node_modules\jest-circus\build\run.js:121:9)
    at _runTestsForDescribeBlock (C:\Users\Cheem\OneDrive\Coding\clipsCommerce\node_modules\jest-circus\build\run.js:121:9)
    at run (C:\Users\Cheem\OneDrive\Coding\clipsCommerce\node_modules\jest-circus\build\run.js:71:3)
    at runAndTransformResultsToJestFormat (C:\Users\Cheem\OneDrive\Coding\clipsCommerce\node_modules\jest-circus\build\legacy-code-todo-rewrite\jestAdapterInit.js:122:21)
    at jestAdapter (C:\Users\Cheem\OneDrive\Coding\clipsCommerce\node_modules\jest-circus\build\legacy-code-todo-rewrite\jestAdapter.js:79:19)
    at runTestInternal (C:\Users\Cheem\OneDrive\Coding\clipsCommerce\node_modules\jest-runner\build\runTest.js:367:16)
    at runTest (C:\Users\Cheem\OneDrive\Coding\clipsCommerce\node_modules\jest-runner\build\runTest.js:444:34)
    at Object.worker (C:\Users\Cheem\OneDrive\Coding\clipsCommerce\node_modules\jest-runner\build\testWorker.js:106:12)</failure>
    </testcase>
    <testcase classname="Team Dashboard Components Performance Tests renders efficiently with large client counts" name="Team Dashboard Components Performance Tests renders efficiently with large client counts" time="0.03">
      <failure>TestingLibraryElementError: Unable to find an element with the text: /Manage 1,000,000 clients/. This could be because the text is broken up by multiple elements. In this case, you can provide a function for your text matcher to make your matcher more flexible.

Ignored nodes: comments, script, style
&lt;body&gt;
  &lt;div&gt;
    &lt;div
      class=&quot;min-h-screen bg-black text-white flex items-center justify-center p-4&quot;
    &gt;
      &lt;div
        class=&quot;max-w-md w-full bg-gradient-to-br from-neutral-900 to-neutral-800 border-neutral-700&quot;
      &gt;
        &lt;div
          class=&quot;text-center&quot;
        &gt;
          &lt;div
            class=&quot;flex justify-center mb-4&quot;
          &gt;
            &lt;div
              class=&quot;p-4 rounded-full bg-gradient-to-r from-[#8D5AFF]/20 to-[#5afcc0]/20 border border-[#8D5AFF]/30&quot;
            &gt;
              &lt;svg
                class=&quot;h-8 w-8 text-[#8D5AFF]&quot;
                data-testid=&quot;Lock-icon&quot;
              /&gt;
            &lt;/div&gt;
          &lt;/div&gt;
          &lt;h3
            class=&quot;text-xl text-white&quot;
          &gt;
            Team Dashboard Access Required
          &lt;/h3&gt;
          &lt;p
            class=&quot;text-neutral-400&quot;
          &gt;
            The Team Dashboard is available for Team plan subscribers only
          &lt;/p&gt;
        &lt;/div&gt;
        &lt;div
          class=&quot;space-y-4&quot;
        &gt;
          &lt;div
            class=&quot;bg-neutral-800/50 rounded-lg p-4&quot;
          &gt;
            &lt;h4
              class=&quot;font-semibold text-white mb-2&quot;
            &gt;
              Current Plan: 
              Lite
            &lt;/h4&gt;
            &lt;p
              class=&quot;text-sm text-neutral-400 mb-3&quot;
            &gt;
              Upgrade to Team plan to unlock:
            &lt;/p&gt;
            &lt;ul
              class=&quot;text-sm text-neutral-300 space-y-1&quot;
            &gt;
              &lt;li
                class=&quot;flex items-center&quot;
              &gt;
                &lt;svg
                  class=&quot;h-4 w-4 text-[#5afcc0] mr-2&quot;
                  data-testid=&quot;Shield-icon&quot;
                /&gt;
                Advanced team management
              &lt;/li&gt;
              &lt;li
                class=&quot;flex items-center&quot;
              &gt;
                &lt;svg
                  class=&quot;h-4 w-4 text-[#5afcc0] mr-2&quot;
                  data-testid=&quot;BarChart3-icon&quot;
                /&gt;
                Advanced analytics &amp; reporting
              &lt;/li&gt;
              &lt;li
                class=&quot;flex items-center&quot;
              &gt;
                &lt;svg
                  class=&quot;h-4 w-4 text-[#5afcc0] mr-2&quot;
                  data-testid=&quot;Users-icon&quot;
                /&gt;
                Multi-account management
              &lt;/li&gt;
            &lt;/ul&gt;
          &lt;/div&gt;
          &lt;div
            class=&quot;flex flex-col space-y-2&quot;
          &gt;
            &lt;button
              class=&quot;bg-gradient-to-r from-[#8D5AFF] to-[#5afcc0] text-white font-bold hover:opacity-90 transition-all&quot;
            &gt;
              Upgrade to Team Plan
            &lt;/button&gt;
            &lt;button
              class=&quot;border-neutral-600 text-neutral-300 hover:bg-neutral-800&quot;
              variant=&quot;outline&quot;
            &gt;
              Back to Dashboard
            &lt;/button&gt;
          &lt;/div&gt;
        &lt;/div&gt;
      &lt;/div&gt;
    &lt;/div&gt;
  &lt;/div&gt;
&lt;/body&gt;
    at Object.getElementError (C:\Users\Cheem\OneDrive\Coding\clipsCommerce\node_modules\@testing-library\dom\dist\config.js:37:19)
    at C:\Users\Cheem\OneDrive\Coding\clipsCommerce\node_modules\@testing-library\dom\dist\query-helpers.js:76:38
    at C:\Users\Cheem\OneDrive\Coding\clipsCommerce\node_modules\@testing-library\dom\dist\query-helpers.js:52:17
    at C:\Users\Cheem\OneDrive\Coding\clipsCommerce\node_modules\@testing-library\dom\dist\query-helpers.js:95:19
    at Object.&lt;anonymous&gt; (C:\Users\Cheem\OneDrive\Coding\clipsCommerce\src\__tests__\team-dashboard-comprehensive.test.tsx:481:21)
    at Promise.then.completed (C:\Users\Cheem\OneDrive\Coding\clipsCommerce\node_modules\jest-circus\build\utils.js:298:28)
    at new Promise (&lt;anonymous&gt;)
    at callAsyncCircusFn (C:\Users\Cheem\OneDrive\Coding\clipsCommerce\node_modules\jest-circus\build\utils.js:231:10)
    at _callCircusTest (C:\Users\Cheem\OneDrive\Coding\clipsCommerce\node_modules\jest-circus\build\run.js:316:40)
    at _runTest (C:\Users\Cheem\OneDrive\Coding\clipsCommerce\node_modules\jest-circus\build\run.js:252:3)
    at _runTestsForDescribeBlock (C:\Users\Cheem\OneDrive\Coding\clipsCommerce\node_modules\jest-circus\build\run.js:126:9)
    at _runTestsForDescribeBlock (C:\Users\Cheem\OneDrive\Coding\clipsCommerce\node_modules\jest-circus\build\run.js:121:9)
    at _runTestsForDescribeBlock (C:\Users\Cheem\OneDrive\Coding\clipsCommerce\node_modules\jest-circus\build\run.js:121:9)
    at run (C:\Users\Cheem\OneDrive\Coding\clipsCommerce\node_modules\jest-circus\build\run.js:71:3)
    at runAndTransformResultsToJestFormat (C:\Users\Cheem\OneDrive\Coding\clipsCommerce\node_modules\jest-circus\build\legacy-code-todo-rewrite\jestAdapterInit.js:122:21)
    at jestAdapter (C:\Users\Cheem\OneDrive\Coding\clipsCommerce\node_modules\jest-circus\build\legacy-code-todo-rewrite\jestAdapter.js:79:19)
    at runTestInternal (C:\Users\Cheem\OneDrive\Coding\clipsCommerce\node_modules\jest-runner\build\runTest.js:367:16)
    at runTest (C:\Users\Cheem\OneDrive\Coding\clipsCommerce\node_modules\jest-runner\build\runTest.js:444:34)
    at Object.worker (C:\Users\Cheem\OneDrive\Coding\clipsCommerce\node_modules\jest-runner\build\testWorker.js:106:12)</failure>
    </testcase>
    <testcase classname="Team Dashboard Components Performance Tests handles rapid state updates without performance issues" name="Team Dashboard Components Performance Tests handles rapid state updates without performance issues" time="1.135">
      <failure>Error: Unable to find an element with the text: /Manage 1,009 clients/. This could be because the text is broken up by multiple elements. In this case, you can provide a function for your text matcher to make your matcher more flexible.

Ignored nodes: comments, script, style
&lt;body&gt;
  &lt;div&gt;
    &lt;div
      class=&quot;min-h-screen bg-black text-white flex items-center justify-center p-4&quot;
    &gt;
      &lt;div
        class=&quot;max-w-md w-full bg-gradient-to-br from-neutral-900 to-neutral-800 border-neutral-700&quot;
      &gt;
        &lt;div
          class=&quot;text-center&quot;
        &gt;
          &lt;div
            class=&quot;flex justify-center mb-4&quot;
          &gt;
            &lt;div
              class=&quot;p-4 rounded-full bg-gradient-to-r from-[#8D5AFF]/20 to-[#5afcc0]/20 border border-[#8D5AFF]/30&quot;
            &gt;
              &lt;svg
                class=&quot;h-8 w-8 text-[#8D5AFF]&quot;
                data-testid=&quot;Lock-icon&quot;
              /&gt;
            &lt;/div&gt;
          &lt;/div&gt;
          &lt;h3
            class=&quot;text-xl text-white&quot;
          &gt;
            Team Dashboard Access Required
          &lt;/h3&gt;
          &lt;p
            class=&quot;text-neutral-400&quot;
          &gt;
            The Team Dashboard is available for Team plan subscribers only
          &lt;/p&gt;
        &lt;/div&gt;
        &lt;div
          class=&quot;space-y-4&quot;
        &gt;
          &lt;div
            class=&quot;bg-neutral-800/50 rounded-lg p-4&quot;
          &gt;
            &lt;h4
              class=&quot;font-semibold text-white mb-2&quot;
            &gt;
              Current Plan: 
              Lite
            &lt;/h4&gt;
            &lt;p
              class=&quot;text-sm text-neutral-400 mb-3&quot;
            &gt;
              Upgrade to Team plan to unlock:
            &lt;/p&gt;
            &lt;ul
              class=&quot;text-sm text-neutral-300 space-y-1&quot;
            &gt;
              &lt;li
                class=&quot;flex items-center&quot;
              &gt;
                &lt;svg
                  class=&quot;h-4 w-4 text-[#5afcc0] mr-2&quot;
                  data-testid=&quot;Shield-icon&quot;
                /&gt;
                Advanced team management
              &lt;/li&gt;
              &lt;li
                class=&quot;flex items-center&quot;
              &gt;
                &lt;svg
                  class=&quot;h-4 w-4 text-[#5afcc0] mr-2&quot;
                  data-testid=&quot;BarChart3-icon&quot;
                /&gt;
                Advanced analytics &amp; reporting
              &lt;/li&gt;
              &lt;li
                class=&quot;flex items-center&quot;
              &gt;
                &lt;svg
                  class=&quot;h-4 w-4 text-[#5afcc0] mr-2&quot;
                  data-testid=&quot;Users-icon&quot;
                /&gt;
                Multi-account management
              &lt;/li&gt;
            &lt;/ul&gt;
          &lt;/div&gt;
          &lt;div
            class=&quot;flex flex-col space-y-2&quot;
          &gt;
            &lt;button
              class=&quot;bg-gradient-to-r from-[#8D5AFF] to-[#5afcc0] text-white font-bold hover:opacity-90 transition-all&quot;
            &gt;
              Upgrade to Team Plan
            &lt;/button&gt;
            &lt;button
              class=&quot;border-neutral-600 text-neutral-300 hover:bg-neutral-800&quot;
              variant=&quot;outline&quot;
            &gt;
              Back to Dashboard
            &lt;/button&gt;
          &lt;/div&gt;
        &lt;/div&gt;
      &lt;/div&gt;
    &lt;/div&gt;
  &lt;/div&gt;
&lt;/body&gt;
    at waitForWrapper (C:\Users\Cheem\OneDrive\Coding\clipsCommerce\node_modules\@testing-library\dom\dist\wait-for.js:163:27)
    at Object.&lt;anonymous&gt; (C:\Users\Cheem\OneDrive\Coding\clipsCommerce\src\__tests__\team-dashboard-comprehensive.test.tsx:497:20)
    at Promise.then.completed (C:\Users\Cheem\OneDrive\Coding\clipsCommerce\node_modules\jest-circus\build\utils.js:298:28)
    at new Promise (&lt;anonymous&gt;)
    at callAsyncCircusFn (C:\Users\Cheem\OneDrive\Coding\clipsCommerce\node_modules\jest-circus\build\utils.js:231:10)
    at _callCircusTest (C:\Users\Cheem\OneDrive\Coding\clipsCommerce\node_modules\jest-circus\build\run.js:316:40)
    at _runTest (C:\Users\Cheem\OneDrive\Coding\clipsCommerce\node_modules\jest-circus\build\run.js:252:3)
    at _runTestsForDescribeBlock (C:\Users\Cheem\OneDrive\Coding\clipsCommerce\node_modules\jest-circus\build\run.js:126:9)
    at _runTestsForDescribeBlock (C:\Users\Cheem\OneDrive\Coding\clipsCommerce\node_modules\jest-circus\build\run.js:121:9)
    at _runTestsForDescribeBlock (C:\Users\Cheem\OneDrive\Coding\clipsCommerce\node_modules\jest-circus\build\run.js:121:9)
    at run (C:\Users\Cheem\OneDrive\Coding\clipsCommerce\node_modules\jest-circus\build\run.js:71:3)
    at runAndTransformResultsToJestFormat (C:\Users\Cheem\OneDrive\Coding\clipsCommerce\node_modules\jest-circus\build\legacy-code-todo-rewrite\jestAdapterInit.js:122:21)
    at jestAdapter (C:\Users\Cheem\OneDrive\Coding\clipsCommerce\node_modules\jest-circus\build\legacy-code-todo-rewrite\jestAdapter.js:79:19)
    at runTestInternal (C:\Users\Cheem\OneDrive\Coding\clipsCommerce\node_modules\jest-runner\build\runTest.js:367:16)
    at runTest (C:\Users\Cheem\OneDrive\Coding\clipsCommerce\node_modules\jest-runner\build\runTest.js:444:34)
    at Object.worker (C:\Users\Cheem\OneDrive\Coding\clipsCommerce\node_modules\jest-runner\build\testWorker.js:106:12)</failure>
    </testcase>
    <testcase classname="Team Dashboard Components Accessibility Tests has proper ARIA labels and roles" name="Team Dashboard Components Accessibility Tests has proper ARIA labels and roles" time="0.06">
      <failure>TestingLibraryElementError: Unable to find an accessible element with the role &quot;heading&quot;

Here are the accessible roles:

  heading:

  Name &quot;Team Dashboard Access Required&quot;:
  &lt;h3
    class=&quot;text-xl text-white&quot;
  /&gt;

  Name &quot;Current Plan: Lite&quot;:
  &lt;h4
    class=&quot;font-semibold text-white mb-2&quot;
  /&gt;

  --------------------------------------------------
  paragraph:

  Name &quot;&quot;:
  &lt;p
    class=&quot;text-neutral-400&quot;
  /&gt;

  Name &quot;&quot;:
  &lt;p
    class=&quot;text-sm text-neutral-400 mb-3&quot;
  /&gt;

  --------------------------------------------------
  list:

  Name &quot;&quot;:
  &lt;ul
    class=&quot;text-sm text-neutral-300 space-y-1&quot;
  /&gt;

  --------------------------------------------------
  listitem:

  Name &quot;&quot;:
  &lt;li
    class=&quot;flex items-center&quot;
  /&gt;

  Name &quot;&quot;:
  &lt;li
    class=&quot;flex items-center&quot;
  /&gt;

  Name &quot;&quot;:
  &lt;li
    class=&quot;flex items-center&quot;
  /&gt;

  --------------------------------------------------
  button:

  Name &quot;Upgrade to Team Plan&quot;:
  &lt;button
    class=&quot;bg-gradient-to-r from-[#8D5AFF] to-[#5afcc0] text-white font-bold hover:opacity-90 transition-all&quot;
  /&gt;

  Name &quot;Back to Dashboard&quot;:
  &lt;button
    class=&quot;border-neutral-600 text-neutral-300 hover:bg-neutral-800&quot;
    variant=&quot;outline&quot;
  /&gt;

  --------------------------------------------------

Ignored nodes: comments, script, style
&lt;body&gt;
  &lt;div&gt;
    &lt;div
      class=&quot;min-h-screen bg-black text-white flex items-center justify-center p-4&quot;
    &gt;
      &lt;div
        class=&quot;max-w-md w-full bg-gradient-to-br from-neutral-900 to-neutral-800 border-neutral-700&quot;
      &gt;
        &lt;div
          class=&quot;text-center&quot;
        &gt;
          &lt;div
            class=&quot;flex justify-center mb-4&quot;
          &gt;
            &lt;div
              class=&quot;p-4 rounded-full bg-gradient-to-r from-[#8D5AFF]/20 to-[#5afcc0]/20 border border-[#8D5AFF]/30&quot;
            &gt;
              &lt;svg
                class=&quot;h-8 w-8 text-[#8D5AFF]&quot;
                data-testid=&quot;Lock-icon&quot;
              /&gt;
            &lt;/div&gt;
          &lt;/div&gt;
          &lt;h3
            class=&quot;text-xl text-white&quot;
          &gt;
            Team Dashboard Access Required
          &lt;/h3&gt;
          &lt;p
            class=&quot;text-neutral-400&quot;
          &gt;
            The Team Dashboard is available for Team plan subscribers only
          &lt;/p&gt;
        &lt;/div&gt;
        &lt;div
          class=&quot;space-y-4&quot;
        &gt;
          &lt;div
            class=&quot;bg-neutral-800/50 rounded-lg p-4&quot;
          &gt;
            &lt;h4
              class=&quot;font-semibold text-white mb-2&quot;
            &gt;
              Current Plan: 
              Lite
            &lt;/h4&gt;
            &lt;p
              class=&quot;text-sm text-neutral-400 mb-3&quot;
            &gt;
              Upgrade to Team plan to unlock:
            &lt;/p&gt;
            &lt;ul
              class=&quot;text-sm text-neutral-300 space-y-1&quot;
            &gt;
              &lt;li
                class=&quot;flex items-center&quot;
              &gt;
                &lt;svg
                  class=&quot;h-4 w-4 text-[#5afcc0] mr-2&quot;
                  data-testid=&quot;Shield-icon&quot;
                /&gt;
                Advanced team management
              &lt;/li&gt;
              &lt;li
                class=&quot;flex items-center&quot;
              &gt;
                &lt;svg
                  class=&quot;h-4 w-4 text-[#5afcc0] mr-2&quot;
                  data-testid=&quot;BarChart3-icon&quot;
                /&gt;
                Advanced analytics &amp; reporting
              &lt;/li&gt;
              &lt;li
                class=&quot;flex items-center&quot;
              &gt;
                &lt;svg
                  class=&quot;h-4 w-4 text-[#5afcc0] mr-2&quot;
                  data-testid=&quot;Users-icon&quot;
                /&gt;
                Multi-account management
              &lt;/li&gt;
            &lt;/ul&gt;
          &lt;/div&gt;
          &lt;div
            class=&quot;flex flex-col space-y-2&quot;
          &gt;
            &lt;button
              class=&quot;bg-gradient-to-r from-[#8D5AFF] to-[#5afcc0] text-white font-bold hover:opacity-90 transition-all&quot;
            &gt;
              Upgrade to Team Plan
            &lt;/button&gt;
            &lt;button
              class=&quot;border-neutral-600 text-neutral-300 hover:bg-neutral-800&quot;
              variant=&quot;outline&quot;
            &gt;
              Back to Dashboard
            &lt;/button&gt;
          &lt;/div&gt;
        &lt;/div&gt;
      &lt;/div&gt;
    &lt;/div&gt;
  &lt;/div&gt;
&lt;/body&gt;
    at Object.getElementError (C:\Users\Cheem\OneDrive\Coding\clipsCommerce\node_modules\@testing-library\dom\dist\config.js:37:19)
    at C:\Users\Cheem\OneDrive\Coding\clipsCommerce\node_modules\@testing-library\dom\dist\query-helpers.js:76:38
    at C:\Users\Cheem\OneDrive\Coding\clipsCommerce\node_modules\@testing-library\dom\dist\query-helpers.js:52:17
    at C:\Users\Cheem\OneDrive\Coding\clipsCommerce\node_modules\@testing-library\dom\dist\query-helpers.js:95:19
    at Object.&lt;anonymous&gt; (C:\Users\Cheem\OneDrive\Coding\clipsCommerce\src\__tests__\team-dashboard-comprehensive.test.tsx:508:34)
    at Promise.then.completed (C:\Users\Cheem\OneDrive\Coding\clipsCommerce\node_modules\jest-circus\build\utils.js:298:28)
    at new Promise (&lt;anonymous&gt;)
    at callAsyncCircusFn (C:\Users\Cheem\OneDrive\Coding\clipsCommerce\node_modules\jest-circus\build\utils.js:231:10)
    at _callCircusTest (C:\Users\Cheem\OneDrive\Coding\clipsCommerce\node_modules\jest-circus\build\run.js:316:40)
    at _runTest (C:\Users\Cheem\OneDrive\Coding\clipsCommerce\node_modules\jest-circus\build\run.js:252:3)
    at _runTestsForDescribeBlock (C:\Users\Cheem\OneDrive\Coding\clipsCommerce\node_modules\jest-circus\build\run.js:126:9)
    at _runTestsForDescribeBlock (C:\Users\Cheem\OneDrive\Coding\clipsCommerce\node_modules\jest-circus\build\run.js:121:9)
    at _runTestsForDescribeBlock (C:\Users\Cheem\OneDrive\Coding\clipsCommerce\node_modules\jest-circus\build\run.js:121:9)
    at run (C:\Users\Cheem\OneDrive\Coding\clipsCommerce\node_modules\jest-circus\build\run.js:71:3)
    at runAndTransformResultsToJestFormat (C:\Users\Cheem\OneDrive\Coding\clipsCommerce\node_modules\jest-circus\build\legacy-code-todo-rewrite\jestAdapterInit.js:122:21)
    at jestAdapter (C:\Users\Cheem\OneDrive\Coding\clipsCommerce\node_modules\jest-circus\build\legacy-code-todo-rewrite\jestAdapter.js:79:19)
    at runTestInternal (C:\Users\Cheem\OneDrive\Coding\clipsCommerce\node_modules\jest-runner\build\runTest.js:367:16)
    at runTest (C:\Users\Cheem\OneDrive\Coding\clipsCommerce\node_modules\jest-runner\build\runTest.js:444:34)
    at Object.worker (C:\Users\Cheem\OneDrive\Coding\clipsCommerce\node_modules\jest-runner\build\testWorker.js:106:12)</failure>
    </testcase>
    <testcase classname="Team Dashboard Components Accessibility Tests supports keyboard navigation" name="Team Dashboard Components Accessibility Tests supports keyboard navigation" time="0.02">
    </testcase>
  </testsuite>
  <testsuite name="LlmWrapper" errors="0" failures="0" skipped="0" timestamp="2025-06-14T11:58:59" time="2.099" tests="2">
    <testcase classname="LlmWrapper streams the correct number of templates" name="LlmWrapper streams the correct number of templates" time="0.629">
    </testcase>
    <testcase classname="LlmWrapper defaults to 5 templates if count not specified" name="LlmWrapper defaults to 5 templates if count not specified" time="1.03">
    </testcase>
  </testsuite>
  <testsuite name="EngagementPredictor" errors="0" failures="0" skipped="0" timestamp="2025-06-14T11:58:59" time="2.457" tests="3">
    <testcase classname="EngagementPredictor predictEngagement returns engagement metrics for content" name="EngagementPredictor predictEngagement returns engagement metrics for content" time="1.474">
    </testcase>
    <testcase classname="EngagementPredictor predictOptimalPostingTimes returns optimal posting times for a platform" name="EngagementPredictor predictOptimalPostingTimes returns optimal posting times for a platform" time="0.01">
    </testcase>
    <testcase classname="EngagementPredictor simulateContentPerformance ranks content drafts by predicted engagement" name="EngagementPredictor simulateContentPerformance ranks content drafts by predicted engagement" time="0.004">
    </testcase>
  </testsuite>
  <testsuite name="SentimentAnalysisEngine" errors="0" failures="0" skipped="0" timestamp="2025-06-14T11:59:01" time="1.556" tests="7">
    <testcase classname="SentimentAnalysisEngine constructor should throw an error if API key is not provided" name="SentimentAnalysisEngine constructor should throw an error if API key is not provided" time="0.034">
    </testcase>
    <testcase classname="SentimentAnalysisEngine constructor should initialize OpenAI client with the provided API key" name="SentimentAnalysisEngine constructor should initialize OpenAI client with the provided API key" time="0.004">
    </testcase>
    <testcase classname="SentimentAnalysisEngine analyzeTextSentiment should return successful sentiment analysis result on valid API response" name="SentimentAnalysisEngine analyzeTextSentiment should return successful sentiment analysis result on valid API response" time="0.014">
    </testcase>
    <testcase classname="SentimentAnalysisEngine analyzeTextSentiment should return failure on API error" name="SentimentAnalysisEngine analyzeTextSentiment should return failure on API error" time="0.005">
    </testcase>
    <testcase classname="SentimentAnalysisEngine analyzeTextSentiment should return failure on invalid JSON response" name="SentimentAnalysisEngine analyzeTextSentiment should return failure on invalid JSON response" time="0.006">
    </testcase>
    <testcase classname="SentimentAnalysisEngine analyzeTextSentiment should return failure if API response content is null" name="SentimentAnalysisEngine analyzeTextSentiment should return failure if API response content is null" time="0.003">
    </testcase>
    <testcase classname="SentimentAnalysisEngine analyzeTextSentiment should return failure if API response choices are empty" name="SentimentAnalysisEngine analyzeTextSentiment should return failure if API response choices are empty" time="0.003">
    </testcase>
  </testsuite>
  <testsuite name="Team Dashboard Operations Page" errors="0" failures="0" skipped="0" timestamp="2025-06-14T11:59:01" time="1.553" tests="8">
    <testcase classname="Team Dashboard Operations Page Page Layout renders the main layout components" name="Team Dashboard Operations Page Page Layout renders the main layout components" time="0.124">
    </testcase>
    <testcase classname="Team Dashboard Operations Page Page Layout displays the correct page title and description" name="Team Dashboard Operations Page Page Layout displays the correct page title and description" time="0.098">
    </testcase>
    <testcase classname="Team Dashboard Operations Page Page Layout sets the current tab to operations on mount" name="Team Dashboard Operations Page Page Layout sets the current tab to operations on mount" time="0.111">
    </testcase>
    <testcase classname="Team Dashboard Operations Page Action Buttons renders action buttons in the header" name="Team Dashboard Operations Page Action Buttons renders action buttons in the header" time="0.179">
    </testcase>
    <testcase classname="Team Dashboard Operations Page Action Buttons calls refreshClients when refresh button is clicked" name="Team Dashboard Operations Page Action Buttons calls refreshClients when refresh button is clicked" time="0.188">
    </testcase>
    <testcase classname="Team Dashboard Operations Page Client List renders the client list with mock data" name="Team Dashboard Operations Page Client List renders the client list with mock data" time="0.09">
    </testcase>
    <testcase classname="Team Dashboard Operations Page Client List displays client information correctly" name="Team Dashboard Operations Page Client List displays client information correctly" time="0.102">
    </testcase>
    <testcase classname="Team Dashboard Operations Page Client Filters renders the advanced client filters component" name="Team Dashboard Operations Page Client Filters renders the advanced client filters component" time="0.058">
    </testcase>
  </testsuite>
  <testsuite name="TeamAnalyticsPage" errors="0" failures="0" skipped="0" timestamp="2025-06-14T11:58:59" time="3.369" tests="13">
    <testcase classname="TeamAnalyticsPage renders analytics page with all components" name="TeamAnalyticsPage renders analytics page with all components" time="0.177">
    </testcase>
    <testcase classname="TeamAnalyticsPage sets current tab to analytics on mount" name="TeamAnalyticsPage sets current tab to analytics on mount" time="0.057">
    </testcase>
    <testcase classname="TeamAnalyticsPage displays overview metrics correctly" name="TeamAnalyticsPage displays overview metrics correctly" time="0.114">
    </testcase>
    <testcase classname="TeamAnalyticsPage displays platform performance metrics" name="TeamAnalyticsPage displays platform performance metrics" time="0.105">
    </testcase>
    <testcase classname="TeamAnalyticsPage displays top performers section" name="TeamAnalyticsPage displays top performers section" time="0.11">
    </testcase>
    <testcase classname="TeamAnalyticsPage displays recent insights section" name="TeamAnalyticsPage displays recent insights section" time="0.072">
    </testcase>
    <testcase classname="TeamAnalyticsPage handles time range selection" name="TeamAnalyticsPage handles time range selection" time="0.121">
    </testcase>
    <testcase classname="TeamAnalyticsPage handles refresh button click" name="TeamAnalyticsPage handles refresh button click" time="1.159">
    </testcase>
    <testcase classname="TeamAnalyticsPage displays export button" name="TeamAnalyticsPage displays export button" time="0.258">
    </testcase>
    <testcase classname="TeamAnalyticsPage renders analytics overview and performance dashboard components" name="TeamAnalyticsPage renders analytics overview and performance dashboard components" time="0.161">
    </testcase>
    <testcase classname="TeamAnalyticsPage displays growth indicators correctly" name="TeamAnalyticsPage displays growth indicators correctly" time="0.167">
    </testcase>
    <testcase classname="TeamAnalyticsPage formats currency and numbers correctly" name="TeamAnalyticsPage formats currency and numbers correctly" time="0.143">
    </testcase>
    <testcase classname="TeamAnalyticsPage displays insight impact badges" name="TeamAnalyticsPage displays insight impact badges" time="0.081">
    </testcase>
  </testsuite>
  <testsuite name="Button Routing Confirmation" errors="0" failures="0" skipped="0" timestamp="2025-06-14T11:59:01" time="1.406" tests="7">
    <testcase classname="Button Routing Confirmation Get Started Button Redirects should have correct href attribute in ValueStatementSection" name="Button Routing Confirmation Get Started Button Redirects should have correct href attribute in ValueStatementSection" time="0.424">
    </testcase>
    <testcase classname="Button Routing Confirmation Get Started Button Redirects should verify button exists in GuaranteeSection" name="Button Routing Confirmation Get Started Button Redirects should verify button exists in GuaranteeSection" time="0.038">
    </testcase>
    <testcase classname="Button Routing Confirmation Get Started Button Redirects should verify button exists in FinalCTASection" name="Button Routing Confirmation Get Started Button Redirects should verify button exists in FinalCTASection" time="0.025">
    </testcase>
    <testcase classname="Button Routing Confirmation Button Accessibility should have proper button roles and labels" name="Button Routing Confirmation Button Accessibility should have proper button roles and labels" time="0.053">
    </testcase>
    <testcase classname="Button Routing Confirmation Button Accessibility should be keyboard accessible" name="Button Routing Confirmation Button Accessibility should be keyboard accessible" time="0.061">
    </testcase>
    <testcase classname="Button Routing Confirmation Button States should handle button click events properly" name="Button Routing Confirmation Button States should handle button click events properly" time="0.006">
    </testcase>
    <testcase classname="Button Routing Confirmation Button States should handle click events properly" name="Button Routing Confirmation Button States should handle click events properly" time="0.008">
    </testcase>
  </testsuite>
  <testsuite name="NavigationBar" errors="0" failures="0" skipped="0" timestamp="2025-06-14T11:59:02" time="1.285" tests="10">
    <testcase classname="NavigationBar Desktop Navigation should render all navigation items" name="NavigationBar Desktop Navigation should render all navigation items" time="0.113">
    </testcase>
    <testcase classname="NavigationBar Desktop Navigation should have correct href attributes for direct links" name="NavigationBar Desktop Navigation should have correct href attributes for direct links" time="0.051">
    </testcase>
    <testcase classname="NavigationBar Desktop Navigation should show dropdown when hovering over dropdown items" name="NavigationBar Desktop Navigation should show dropdown when hovering over dropdown items" time="0.081">
    </testcase>
    <testcase classname="NavigationBar Mobile Navigation should show mobile menu when hamburger is clicked" name="NavigationBar Mobile Navigation should show mobile menu when hamburger is clicked" time="0.026">
    </testcase>
    <testcase classname="NavigationBar Mobile Navigation should have mobile pricing link with correct attributes" name="NavigationBar Mobile Navigation should have mobile pricing link with correct attributes" time="0.022">
    </testcase>
    <testcase classname="NavigationBar Dropdown Functionality should toggle dropdowns correctly" name="NavigationBar Dropdown Functionality should toggle dropdowns correctly" time="0.048">
    </testcase>
    <testcase classname="NavigationBar Dropdown Functionality should have correct dropdown links" name="NavigationBar Dropdown Functionality should have correct dropdown links" time="0.038">
    </testcase>
    <testcase classname="NavigationBar Dropdown Functionality should have correct dropdown links for Solutions dropdown" name="NavigationBar Dropdown Functionality should have correct dropdown links for Solutions dropdown" time="0.045">
    </testcase>
    <testcase classname="NavigationBar Get Started Buttons should render Get Started buttons" name="NavigationBar Get Started Buttons should render Get Started buttons" time="0.022">
    </testcase>
    <testcase classname="NavigationBar Get Started Buttons should handle Get Started button clicks" name="NavigationBar Get Started Buttons should handle Get Started button clicks" time="0.016">
    </testcase>
  </testsuite>
  <testsuite name="ConnectPage Platform Icons" errors="0" failures="0" skipped="0" timestamp="2025-06-14T11:59:02" time="1.168" tests="6">
    <testcase classname="ConnectPage Platform Icons renders platform names with their respective icons" name="ConnectPage Platform Icons renders platform names with their respective icons" time="0.15">
    </testcase>
    <testcase classname="ConnectPage Platform Icons shows connect buttons for all platforms initially" name="ConnectPage Platform Icons shows connect buttons for all platforms initially" time="0.046">
    </testcase>
    <testcase classname="ConnectPage Platform Icons shows disconnect status icons initially" name="ConnectPage Platform Icons shows disconnect status icons initially" time="0.047">
    </testcase>
    <testcase classname="ConnectPage Platform Icons handles platform connection process" name="ConnectPage Platform Icons handles platform connection process" time="0.097">
    </testcase>
    <testcase classname="ConnectPage Platform Icons groups platforms correctly" name="ConnectPage Platform Icons groups platforms correctly" time="0.039">
    </testcase>
    <testcase classname="ConnectPage Platform Icons renders section headers with icons" name="ConnectPage Platform Icons renders section headers with icons" time="0.04">
    </testcase>
  </testsuite>
  <testsuite name="DashboardPage" errors="0" failures="0" skipped="0" timestamp="2025-06-14T11:59:03" time="0.792" tests="4">
    <testcase classname="DashboardPage renders the dashboard page with greeting" name="DashboardPage renders the dashboard page with greeting" time="0.075">
    </testcase>
    <testcase classname="DashboardPage renders workflow cards" name="DashboardPage renders workflow cards" time="0.019">
    </testcase>
    <testcase classname="DashboardPage renders performance charts" name="DashboardPage renders performance charts" time="0.029">
    </testcase>
    <testcase classname="DashboardPage renders onboarding progress" name="DashboardPage renders onboarding progress" time="0.031">
    </testcase>
  </testsuite>
  <testsuite name="Sidebar Tab Group Styling" errors="0" failures="0" skipped="0" timestamp="2025-06-14T11:59:03" time="0.777" tests="5">
    <testcase classname="Sidebar Tab Group Styling renders both &quot;Sell Faster&quot; and &quot;How to Sell&quot; tab groups with consistent styling" name="Sidebar Tab Group Styling renders both &quot;Sell Faster&quot; and &quot;How to Sell&quot; tab groups with consistent styling" time="0.049">
    </testcase>
    <testcase classname="Sidebar Tab Group Styling both tab groups have the same arrow icon styling" name="Sidebar Tab Group Styling both tab groups have the same arrow icon styling" time="0.031">
    </testcase>
    <testcase classname="Sidebar Tab Group Styling both tab groups have brand primary dots" name="Sidebar Tab Group Styling both tab groups have brand primary dots" time="0.029">
    </testcase>
    <testcase classname="Sidebar Tab Group Styling displays navigation items under both groups" name="Sidebar Tab Group Styling displays navigation items under both groups" time="0.039">
    </testcase>
    <testcase classname="Sidebar Tab Group Styling does not show red dots for incomplete items by default" name="Sidebar Tab Group Styling does not show red dots for incomplete items by default" time="0.029">
    </testcase>
  </testsuite>
  <testsuite name="IdeatorPage" errors="0" failures="0" skipped="0" timestamp="2025-06-14T11:59:03" time="0.673" tests="5">
    <testcase classname="IdeatorPage renders the ideator page with expanded input box" name="IdeatorPage renders the ideator page with expanded input box" time="0.038">
    </testcase>
    <testcase classname="IdeatorPage allows typing in the expanded textarea" name="IdeatorPage allows typing in the expanded textarea" time="0.02">
    </testcase>
    <testcase classname="IdeatorPage shows file upload option" name="IdeatorPage shows file upload option" time="0.008">
    </testcase>
    <testcase classname="IdeatorPage has generate button that is disabled when no description is provided" name="IdeatorPage has generate button that is disabled when no description is provided" time="0.043">
    </testcase>
    <testcase classname="IdeatorPage enables generate button when description is provided" name="IdeatorPage enables generate button when description is provided" time="0.023">
    </testcase>
  </testsuite>
  <testsuite name="Team Dashboard Load Tests" errors="0" failures="0" skipped="0" timestamp="2025-06-14T11:59:03" time="1.055" tests="7">
    <testcase classname="Team Dashboard Load Tests should render team dashboard with 1K clients quickly" name="Team Dashboard Load Tests should render team dashboard with 1K clients quickly" time="0.053">
    </testcase>
    <testcase classname="Team Dashboard Load Tests should render team dashboard with 10K clients efficiently" name="Team Dashboard Load Tests should render team dashboard with 10K clients efficiently" time="0.055">
    </testcase>
    <testcase classname="Team Dashboard Load Tests should render team dashboard with 100K clients within threshold" name="Team Dashboard Load Tests should render team dashboard with 100K clients within threshold" time="0.065">
    </testcase>
    <testcase classname="Team Dashboard Load Tests should render team dashboard with 1M clients within acceptable time" name="Team Dashboard Load Tests should render team dashboard with 1M clients within acceptable time" time="0.159">
    </testcase>
    <testcase classname="Team Dashboard Load Tests should handle virtual scrolling efficiently" name="Team Dashboard Load Tests should handle virtual scrolling efficiently" time="0.163">
    </testcase>
    <testcase classname="Team Dashboard Load Tests should validate performance metrics" name="Team Dashboard Load Tests should validate performance metrics" time="0.004">
    </testcase>
    <testcase classname="Team Dashboard Load Tests should handle memory optimization" name="Team Dashboard Load Tests should handle memory optimization" time="0.042">
    </testcase>
  </testsuite>
  <testsuite name="TextSummaryEngine" errors="0" failures="0" skipped="0" timestamp="2025-06-14T11:59:03" time="0.825" tests="1">
    <testcase classname="TextSummaryEngine returns a summary for sample input" name="TextSummaryEngine returns a summary for sample input" time="0.006">
    </testcase>
  </testsuite>
  <testsuite name="DashboardAPI" errors="0" failures="0" skipped="0" timestamp="2025-06-14T11:59:03" time="0.789" tests="5">
    <testcase classname="DashboardAPI returns queue status for authorized user" name="DashboardAPI returns queue status for authorized user" time="0.009">
    </testcase>
    <testcase classname="DashboardAPI throws for unauthorized access" name="DashboardAPI throws for unauthorized access" time="0.015">
    </testcase>
    <testcase classname="DashboardAPI returns logs for authorized user" name="DashboardAPI returns logs for authorized user" time="0.001">
    </testcase>
    <testcase classname="DashboardAPI allows manual override actions" name="DashboardAPI allows manual override actions" time="0.003">
    </testcase>
    <testcase classname="DashboardAPI returns real-time monitoring data" name="DashboardAPI returns real-time monitoring data" time="0.007">
    </testcase>
  </testsuite>
  <testsuite name="ContentQueue" errors="0" failures="0" skipped="0" timestamp="2025-06-14T11:59:04" time="0.58" tests="2">
    <testcase classname="ContentQueue adds content to the queue and assigns an id" name="ContentQueue adds content to the queue and assigns an id" time="0.004">
    </testcase>
    <testcase classname="ContentQueue updates status of a queued item" name="ContentQueue updates status of a queued item" time="0.001">
    </testcase>
  </testsuite>
  <testsuite name="ContentInsightsEngine" errors="0" failures="0" skipped="0" timestamp="2025-06-14T11:59:04" time="0.645" tests="3">
    <testcase classname="ContentInsightsEngine getDetailedPlatformAnalytics should return success:true and mock detailed platform analytics data" name="ContentInsightsEngine getDetailedPlatformAnalytics should return success:true and mock detailed platform analytics data" time="0.021">
    </testcase>
    <testcase classname="ContentInsightsEngine getDetailedPlatformAnalytics should include correlationId in metadata if provided in request" name="ContentInsightsEngine getDetailedPlatformAnalytics should include correlationId in metadata if provided in request" time="0.003">
    </testcase>
    <testcase classname="ContentInsightsEngine getDetailedPlatformAnalytics should handle request without correlationId" name="ContentInsightsEngine getDetailedPlatformAnalytics should handle request without correlationId" time="0.002">
    </testcase>
  </testsuite>
  <testsuite name="SecureCredentialsStore" errors="0" failures="0" skipped="0" timestamp="2025-06-14T11:59:04" time="0.72" tests="3">
    <testcase classname="SecureCredentialsStore stores and retrieves credentials" name="SecureCredentialsStore stores and retrieves credentials" time="0.004">
    </testcase>
    <testcase classname="SecureCredentialsStore removes credentials" name="SecureCredentialsStore removes credentials" time="0.001">
    </testcase>
    <testcase classname="SecureCredentialsStore logs audit entries" name="SecureCredentialsStore logs audit entries" time="0.001">
    </testcase>
  </testsuite>
  <testsuite name="MonitoringService" errors="0" failures="0" skipped="0" timestamp="2025-06-14T11:59:04" time="0.574" tests="3">
    <testcase classname="MonitoringService checks queue health" name="MonitoringService checks queue health" time="0.01">
    </testcase>
    <testcase classname="MonitoringService detects anomalies" name="MonitoringService detects anomalies" time="0.003">
    </testcase>
    <testcase classname="MonitoringService alerts admin (stub)" name="MonitoringService alerts admin (stub)" time="0.007">
    </testcase>
  </testsuite>
  <testsuite name="CompetitorApiIntegrator" errors="0" failures="0" skipped="0" timestamp="2025-06-14T11:59:04" time="0.769" tests="5">
    <testcase classname="CompetitorApiIntegrator fetches competitor posts for TikTok" name="CompetitorApiIntegrator fetches competitor posts for TikTok" time="0.005">
    </testcase>
    <testcase classname="CompetitorApiIntegrator fetches competitor posts for Instagram" name="CompetitorApiIntegrator fetches competitor posts for Instagram" time="0.002">
    </testcase>
    <testcase classname="CompetitorApiIntegrator fetches competitor posts for YouTube" name="CompetitorApiIntegrator fetches competitor posts for YouTube" time="0.002">
    </testcase>
    <testcase classname="CompetitorApiIntegrator runs dailyBatchSync for multiple competitors" name="CompetitorApiIntegrator runs dailyBatchSync for multiple competitors" time="0.012">
    </testcase>
    <testcase classname="CompetitorApiIntegrator throws on unsupported platform" name="CompetitorApiIntegrator throws on unsupported platform" time="0.019">
    </testcase>
  </testsuite>
  <testsuite name="AI Improvement Workflow" errors="0" failures="0" skipped="0" timestamp="2025-06-14T11:59:04" time="0.92" tests="3">
    <testcase classname="AI Improvement Workflow should ingest batch data and populate the feature store" name="AI Improvement Workflow should ingest batch data and populate the feature store" time="0.003">
    </testcase>
    <testcase classname="AI Improvement Workflow should train the model and update parameters" name="AI Improvement Workflow should train the model and update parameters" time="0.001">
    </testcase>
    <testcase classname="AI Improvement Workflow should evaluate the model and return a valid MSE" name="AI Improvement Workflow should evaluate the model and return a valid MSE" time="0.002">
    </testcase>
  </testsuite>
  <testsuite name="validateTemplates" errors="0" failures="0" skipped="0" timestamp="2025-06-14T11:59:04" time="0.477" tests="5">
    <testcase classname="validateTemplates returns error for missing required fields" name="validateTemplates returns error for missing required fields" time="0.003">
    </testcase>
    <testcase classname="validateTemplates returns error for TikTok script too long" name="validateTemplates returns error for TikTok script too long" time="0.002">
    </testcase>
    <testcase classname="validateTemplates returns error for Instagram script too long and missing visuals" name="validateTemplates returns error for Instagram script too long and missing visuals" time="0.001">
    </testcase>
    <testcase classname="validateTemplates returns error for YouTube script too long and missing audio" name="validateTemplates returns error for YouTube script too long and missing audio" time="0.001">
    </testcase>
    <testcase classname="validateTemplates returns no errors for valid templates" name="validateTemplates returns no errors for valid templates" time="0.001">
    </testcase>
  </testsuite>
  <testsuite name="EnhancedTextAnalyzer - Extended Tests" errors="0" failures="0" skipped="0" timestamp="2025-06-14T11:59:05" time="0.496" tests="6">
    <testcase classname="EnhancedTextAnalyzer - Extended Tests analyzeComplexity returns complexity metrics" name="EnhancedTextAnalyzer - Extended Tests analyzeComplexity returns complexity metrics" time="0.008">
    </testcase>
    <testcase classname="EnhancedTextAnalyzer - Extended Tests detectLanguage detects English language" name="EnhancedTextAnalyzer - Extended Tests detectLanguage detects English language" time="0.003">
    </testcase>
    <testcase classname="EnhancedTextAnalyzer - Extended Tests detectLanguage detects other languages" name="EnhancedTextAnalyzer - Extended Tests detectLanguage detects other languages" time="0.001">
    </testcase>
    <testcase classname="EnhancedTextAnalyzer - Extended Tests extractKeyPhrases extracts key phrases from text" name="EnhancedTextAnalyzer - Extended Tests extractKeyPhrases extracts key phrases from text" time="0.022">
    </testcase>
    <testcase classname="EnhancedTextAnalyzer - Extended Tests analyzeReadability calculates readability scores" name="EnhancedTextAnalyzer - Extended Tests analyzeReadability calculates readability scores" time="0.004">
    </testcase>
    <testcase classname="EnhancedTextAnalyzer - Extended Tests batchProcess processes multiple texts efficiently" name="EnhancedTextAnalyzer - Extended Tests batchProcess processes multiple texts efficiently" time="0.005">
    </testcase>
  </testsuite>
  <testsuite name="ProductToTemplateTransformer" errors="0" failures="0" skipped="0" timestamp="2025-06-14T11:59:05" time="0.497" tests="1">
    <testcase classname="ProductToTemplateTransformer transforms product description to ContentTemplateBatch" name="ProductToTemplateTransformer transforms product description to ContentTemplateBatch" time="0.004">
    </testcase>
  </testsuite>
  <testsuite name="TikTok Client Tests" errors="0" failures="0" skipped="0" timestamp="2025-06-14T11:59:05" time="0.439" tests="1">
    <testcase classname="TikTok Client Tests should pass a basic test" name="TikTok Client Tests should pass a basic test" time="0.004">
    </testcase>
  </testsuite>
  <testsuite name="ContentOptimizer" errors="0" failures="0" skipped="0" timestamp="2025-06-14T11:59:05" time="0.486" tests="5">
    <testcase classname="ContentOptimizer optimizeContent returns optimized content for Instagram" name="ContentOptimizer optimizeContent returns optimized content for Instagram" time="0.004">
    </testcase>
    <testcase classname="ContentOptimizer optimizeContent returns optimized content for Twitter" name="ContentOptimizer optimizeContent returns optimized content for Twitter" time="0.002">
    </testcase>
    <testcase classname="ContentOptimizer optimizeContent respects max length" name="ContentOptimizer optimizeContent respects max length" time="0.002">
    </testcase>
    <testcase classname="ContentOptimizer getImageDimensions returns correct dimensions for 1:1 aspect ratio" name="ContentOptimizer getImageDimensions returns correct dimensions for 1:1 aspect ratio" time="0.001">
    </testcase>
    <testcase classname="ContentOptimizer getImageDimensions returns correct dimensions for 16:9 aspect ratio" name="ContentOptimizer getImageDimensions returns correct dimensions for 16:9 aspect ratio" time="0.001">
    </testcase>
  </testsuite>
  <testsuite name="Scroll Behavior" errors="0" failures="0" skipped="0" timestamp="2025-06-14T11:59:05" time="0.49" tests="4">
    <testcase classname="Scroll Behavior Smooth Scroll Implementation should have smooth scroll behavior in CSS" name="Scroll Behavior Smooth Scroll Implementation should have smooth scroll behavior in CSS" time="0.003">
    </testcase>
    <testcase classname="Scroll Behavior Smooth Scroll Implementation should scroll to features section when features link is clicked" name="Scroll Behavior Smooth Scroll Implementation should scroll to features section when features link is clicked" time="0.013">
    </testcase>
    <testcase classname="Scroll Behavior Anchor Link Navigation should handle hash navigation correctly" name="Scroll Behavior Anchor Link Navigation should handle hash navigation correctly" time="0.002">
    </testcase>
    <testcase classname="Scroll Behavior Anchor Link Navigation should scroll to correct position when hash changes" name="Scroll Behavior Anchor Link Navigation should scroll to correct position when hash changes" time="0.001">
    </testcase>
  </testsuite>
  <testsuite name="ApiCostEstimator" errors="0" failures="0" skipped="0" timestamp="2025-06-14T11:59:05" time="0.412" tests="5">
    <testcase classname="ApiCostEstimator returns zero cost for no analyzers" name="ApiCostEstimator returns zero cost for no analyzers" time="0.003">
    </testcase>
    <testcase classname="ApiCostEstimator calculates cost for a single analyzer" name="ApiCostEstimator calculates cost for a single analyzer" time="0.004">
    </testcase>
    <testcase classname="ApiCostEstimator aggregates costs from multiple analyzers" name="ApiCostEstimator aggregates costs from multiple analyzers" time="0.004">
    </testcase>
    <testcase classname="ApiCostEstimator handles unknown models with fallback pricing" name="ApiCostEstimator handles unknown models with fallback pricing" time="0.001">
    </testcase>
    <testcase classname="ApiCostEstimator skips analyzers with tracking disabled" name="ApiCostEstimator skips analyzers with tracking disabled" time="0.002">
    </testcase>
  </testsuite>
  <testsuite name="PostScheduler" errors="0" failures="0" skipped="0" timestamp="2025-06-14T11:59:05" time="0.416" tests="3">
    <testcase classname="PostScheduler schedulePost schedules a post for the future" name="PostScheduler schedulePost schedules a post for the future" time="0.003">
    </testcase>
    <testcase classname="PostScheduler schedulePost rejects scheduling in the past" name="PostScheduler schedulePost rejects scheduling in the past" time="0.015">
    </testcase>
    <testcase classname="PostScheduler getOptimalSchedule returns optimal schedule for posts" name="PostScheduler getOptimalSchedule returns optimal schedule for posts" time="0.003">
    </testcase>
  </testsuite>
  <testsuite name="AutoPostingScheduler" errors="0" failures="0" skipped="0" timestamp="2025-06-14T11:59:05" time="0.408" tests="1">
    <testcase classname="AutoPostingScheduler processes queue and schedules posts" name="AutoPostingScheduler processes queue and schedules posts" time="0.006">
    </testcase>
  </testsuite>
  <testsuite name="generateOptimalSchedule" errors="0" failures="0" skipped="0" timestamp="2025-06-14T11:59:05" time="0.42" tests="2">
    <testcase classname="generateOptimalSchedule returns empty array for empty activity" name="generateOptimalSchedule returns empty array for empty activity" time="0.003">
    </testcase>
    <testcase classname="generateOptimalSchedule generates slots for active hours and peak days" name="generateOptimalSchedule generates slots for active hours and peak days" time="0.007">
    </testcase>
  </testsuite>
  <testsuite name="TacticExtractor" errors="0" failures="0" skipped="0" timestamp="2025-06-14T11:59:05" time="0.405" tests="2">
    <testcase classname="TacticExtractor extracts hooks, ctas, and formats from posts" name="TacticExtractor extracts hooks, ctas, and formats from posts" time="0.004">
    </testcase>
    <testcase classname="TacticExtractor handles empty input" name="TacticExtractor handles empty input" time="0.002">
    </testcase>
  </testsuite>
  <testsuite name="TaxonomyMapper" errors="0" failures="0" skipped="0" timestamp="2025-06-14T11:59:05" time="0.399" tests="2">
    <testcase classname="TaxonomyMapper maps hooks, ctas, and formats to taxonomy" name="TaxonomyMapper maps hooks, ctas, and formats to taxonomy" time="0.006">
    </testcase>
    <testcase classname="TaxonomyMapper handles empty input" name="TaxonomyMapper handles empty input" time="0.002">
    </testcase>
  </testsuite>
  <testsuite name="Production Readiness Verification" errors="0" failures="0" skipped="0" timestamp="2025-06-14T11:59:05" time="0.412" tests="28">
    <testcase classname="Production Readiness Verification Core Implementation Status should verify pricing structure is updated" name="Production Readiness Verification Core Implementation Status should verify pricing structure is updated" time="0.002">
    </testcase>
    <testcase classname="Production Readiness Verification Core Implementation Status should verify usage limits are implemented" name="Production Readiness Verification Core Implementation Status should verify usage limits are implemented" time="0.001">
    </testcase>
    <testcase classname="Production Readiness Verification Core Implementation Status should verify team dashboard protection is active" name="Production Readiness Verification Core Implementation Status should verify team dashboard protection is active" time="0.001">
    </testcase>
    <testcase classname="Production Readiness Verification Core Implementation Status should verify brand colors are consistently applied" name="Production Readiness Verification Core Implementation Status should verify brand colors are consistently applied" time="0.001">
    </testcase>
    <testcase classname="Production Readiness Verification Core Implementation Status should verify CTA links point to dashboard" name="Production Readiness Verification Core Implementation Status should verify CTA links point to dashboard" time="0.001">
    </testcase>
    <testcase classname="Production Readiness Verification Core Implementation Status should verify resources page has comprehensive templates" name="Production Readiness Verification Core Implementation Status should verify resources page has comprehensive templates" time="0.001">
    </testcase>
    <testcase classname="Production Readiness Verification Core Implementation Status should verify API docs shows coming soon" name="Production Readiness Verification Core Implementation Status should verify API docs shows coming soon" time="0.001">
    </testcase>
    <testcase classname="Production Readiness Verification Core Implementation Status should verify solutions page is redesigned" name="Production Readiness Verification Core Implementation Status should verify solutions page is redesigned" time="0.001">
    </testcase>
    <testcase classname="Production Readiness Verification Core Implementation Status should verify scroll bar issues are fixed" name="Production Readiness Verification Core Implementation Status should verify scroll bar issues are fixed" time="0">
    </testcase>
    <testcase classname="Production Readiness Verification Core Implementation Status should verify terms of service styling is updated" name="Production Readiness Verification Core Implementation Status should verify terms of service styling is updated" time="0.001">
    </testcase>
    <testcase classname="Production Readiness Verification Feature Completeness should have all required pricing tiers" name="Production Readiness Verification Feature Completeness should have all required pricing tiers" time="0.001">
    </testcase>
    <testcase classname="Production Readiness Verification Feature Completeness should have proper usage tracking across all features" name="Production Readiness Verification Feature Completeness should have proper usage tracking across all features" time="0.001">
    </testcase>
    <testcase classname="Production Readiness Verification Feature Completeness should have team dashboard with proper access controls" name="Production Readiness Verification Feature Completeness should have team dashboard with proper access controls" time="0.001">
    </testcase>
    <testcase classname="Production Readiness Verification Feature Completeness should have comprehensive content templates" name="Production Readiness Verification Feature Completeness should have comprehensive content templates" time="0.001">
    </testcase>
    <testcase classname="Production Readiness Verification User Experience Validation should have consistent brand experience" name="Production Readiness Verification User Experience Validation should have consistent brand experience" time="0.001">
    </testcase>
    <testcase classname="Production Readiness Verification User Experience Validation should have clear upgrade paths" name="Production Readiness Verification User Experience Validation should have clear upgrade paths" time="0.001">
    </testcase>
    <testcase classname="Production Readiness Verification User Experience Validation should have proper error handling" name="Production Readiness Verification User Experience Validation should have proper error handling" time="0.001">
    </testcase>
    <testcase classname="Production Readiness Verification User Experience Validation should have responsive design" name="Production Readiness Verification User Experience Validation should have responsive design" time="0">
    </testcase>
    <testcase classname="Production Readiness Verification Performance and Reliability should load quickly without memory leaks" name="Production Readiness Verification Performance and Reliability should load quickly without memory leaks" time="0.007">
    </testcase>
    <testcase classname="Production Readiness Verification Performance and Reliability should handle concurrent users" name="Production Readiness Verification Performance and Reliability should handle concurrent users" time="0.001">
    </testcase>
    <testcase classname="Production Readiness Verification Performance and Reliability should have proper caching" name="Production Readiness Verification Performance and Reliability should have proper caching" time="0">
    </testcase>
    <testcase classname="Production Readiness Verification Security and Access Control should properly restrict team dashboard access" name="Production Readiness Verification Security and Access Control should properly restrict team dashboard access" time="0">
    </testcase>
    <testcase classname="Production Readiness Verification Security and Access Control should enforce usage limits correctly" name="Production Readiness Verification Security and Access Control should enforce usage limits correctly" time="0.001">
    </testcase>
    <testcase classname="Production Readiness Verification Security and Access Control should handle authentication states" name="Production Readiness Verification Security and Access Control should handle authentication states" time="0.001">
    </testcase>
    <testcase classname="End-to-End Production Readiness should complete full user journey from landing to dashboard" name="End-to-End Production Readiness should complete full user journey from landing to dashboard" time="0">
    </testcase>
    <testcase classname="End-to-End Production Readiness should handle subscription upgrades correctly" name="End-to-End Production Readiness should handle subscription upgrades correctly" time="0.001">
    </testcase>
    <testcase classname="End-to-End Production Readiness should track usage across all features" name="End-to-End Production Readiness should track usage across all features" time="0.001">
    </testcase>
    <testcase classname="End-to-End Production Readiness should provide consistent experience across all pages" name="End-to-End Production Readiness should provide consistent experience across all pages" time="0">
    </testcase>
  </testsuite>
  <testsuite name="NotificationService" errors="0" failures="0" skipped="0" timestamp="2025-06-14T11:59:05" time="0.371" tests="2">
    <testcase classname="NotificationService delivers notifications immediately if not throttled" name="NotificationService delivers notifications immediately if not throttled" time="0.003">
    </testcase>
    <testcase classname="NotificationService batches notifications if throttled" name="NotificationService batches notifications if throttled" time="0.001">
    </testcase>
  </testsuite>
  <testsuite name="NLP Utilities" errors="0" failures="0" skipped="0" timestamp="2025-06-14T11:59:06" time="0.36" tests="7">
    <testcase classname="NLP Utilities should detect positive sentiment" name="NLP Utilities should detect positive sentiment" time="0.003">
    </testcase>
    <testcase classname="NLP Utilities should detect negative sentiment" name="NLP Utilities should detect negative sentiment" time="0.001">
    </testcase>
    <testcase classname="NLP Utilities should detect neutral sentiment" name="NLP Utilities should detect neutral sentiment" time="0.001">
    </testcase>
    <testcase classname="NLP Utilities should detect excited tone" name="NLP Utilities should detect excited tone" time="0.001">
    </testcase>
    <testcase classname="NLP Utilities should detect formal tone" name="NLP Utilities should detect formal tone" time="0.002">
    </testcase>
    <testcase classname="NLP Utilities should detect casual tone" name="NLP Utilities should detect casual tone" time="0.001">
    </testcase>
    <testcase classname="NLP Utilities should generate caption variations and hashtags" name="NLP Utilities should generate caption variations and hashtags" time="0.002">
    </testcase>
  </testsuite>
  <testsuite name="ApiCostEstimator" errors="0" failures="0" skipped="0" timestamp="2025-06-14T11:59:06" time="0.404" tests="5">
    <testcase classname="ApiCostEstimator returns zero cost for no analyzers" name="ApiCostEstimator returns zero cost for no analyzers" time="0.005">
    </testcase>
    <testcase classname="ApiCostEstimator calculates cost for single analyzer" name="ApiCostEstimator calculates cost for single analyzer" time="0.007">
    </testcase>
    <testcase classname="ApiCostEstimator aggregates multiple analyzers and models" name="ApiCostEstimator aggregates multiple analyzers and models" time="0.004">
    </testcase>
    <testcase classname="ApiCostEstimator skips analyzers with disabled tracking" name="ApiCostEstimator skips analyzers with disabled tracking" time="0.004">
    </testcase>
    <testcase classname="ApiCostEstimator handles unknown model with fallback" name="ApiCostEstimator handles unknown model with fallback" time="0.004">
    </testcase>
  </testsuite>
  <testsuite name="PerformanceOptimizer" errors="0" failures="0" skipped="0" timestamp="2025-06-14T11:59:06" time="0.417" tests="2">
    <testcase classname="PerformanceOptimizer processes items in batches" name="PerformanceOptimizer processes items in batches" time="0.003">
    </testcase>
    <testcase classname="PerformanceOptimizer tracks resource usage and adapts throttling" name="PerformanceOptimizer tracks resource usage and adapts throttling" time="0.001">
    </testcase>
  </testsuite>
  <testsuite name="CrossModuleSync" errors="0" failures="0" skipped="0" timestamp="2025-06-14T11:59:06" time="0.418" tests="3">
    <testcase classname="CrossModuleSync generates prompt context from hooks" name="CrossModuleSync generates prompt context from hooks" time="0.012">
    </testcase>
    <testcase classname="CrossModuleSync returns empty string for no hooks" name="CrossModuleSync returns empty string for no hooks" time="0.001">
    </testcase>
    <testcase classname="CrossModuleSync compares templates with competitor hooks" name="CrossModuleSync compares templates with competitor hooks" time="0.001">
    </testcase>
  </testsuite>
  <testsuite name="ReportGenerator" errors="0" failures="0" skipped="0" timestamp="2025-06-14T11:59:06" time="0.366" tests="3">
    <testcase classname="ReportGenerator generates HTML report" name="ReportGenerator generates HTML report" time="0.002">
    </testcase>
    <testcase classname="ReportGenerator generates JSON report" name="ReportGenerator generates JSON report" time="0.001">
    </testcase>
    <testcase classname="ReportGenerator schedules recurring report" name="ReportGenerator schedules recurring report" time="0.001">
    </testcase>
  </testsuite>
  <testsuite name="A/B Testing Infrastructure" errors="0" failures="0" skipped="0" timestamp="2025-06-14T11:59:06" time="0.359" tests="2">
    <testcase classname="A/B Testing Infrastructure should assign users to A or B group" name="A/B Testing Infrastructure should assign users to A or B group" time="0.002">
    </testcase>
    <testcase classname="A/B Testing Infrastructure should record suggestion outcomes and compute acceptance rates" name="A/B Testing Infrastructure should record suggestion outcomes and compute acceptance rates" time="0.001">
    </testcase>
  </testsuite>
  <testsuite name="collectReportData" errors="0" failures="0" skipped="0" timestamp="2025-06-14T11:59:06" time="0.362" tests="1">
    <testcase classname="collectReportData returns expected structure" name="collectReportData returns expected structure" time="0.005">
    </testcase>
  </testsuite>
  <testsuite name="TacticMap" errors="0" failures="0" skipped="0" timestamp="2025-06-14T11:59:06" time="0.392" tests="1">
    <testcase classname="TacticMap generates nodes and edges from taxonomy" name="TacticMap generates nodes and edges from taxonomy" time="0.007">
    </testcase>
  </testsuite>
  <testsuite name="AutoPostAnalytics" errors="0" failures="0" skipped="0" timestamp="2025-06-14T11:59:06" time="0.381" tests="2">
    <testcase classname="AutoPostAnalytics records and retrieves outcomes" name="AutoPostAnalytics records and retrieves outcomes" time="0.002">
    </testcase>
    <testcase classname="AutoPostAnalytics generates accurate report" name="AutoPostAnalytics generates accurate report" time="0.003">
    </testcase>
  </testsuite>
  <testsuite name="AuditLogger" errors="0" failures="0" skipped="0" timestamp="2025-06-14T11:59:06" time="0.376" tests="2">
    <testcase classname="AuditLogger logs actions and retrieves them" name="AuditLogger logs actions and retrieves them" time="0.003">
    </testcase>
    <testcase classname="AuditLogger verifies log integrity" name="AuditLogger verifies log integrity" time="0.004">
    </testcase>
  </testsuite>
  <testsuite name="Payment Flow Verification" errors="0" failures="0" skipped="0" timestamp="2025-06-14T11:59:06" time="0.386" tests="4">
    <testcase classname="Payment Flow Verification should have correct environment variable names" name="Payment Flow Verification should have correct environment variable names" time="0.015">
    </testcase>
    <testcase classname="Payment Flow Verification should handle plan selection logic correctly" name="Payment Flow Verification should handle plan selection logic correctly" time="0.002">
    </testcase>
    <testcase classname="Payment Flow Verification should handle team plan redirect logic" name="Payment Flow Verification should handle team plan redirect logic" time="0.001">
    </testcase>
    <testcase classname="Payment Flow Verification should validate pricing structure" name="Payment Flow Verification should validate pricing structure" time="0.002">
    </testcase>
  </testsuite>
  <testsuite name="Example Test Suite" errors="0" failures="0" skipped="0" timestamp="2025-06-14T11:59:06" time="0.365" tests="1">
    <testcase classname="Example Test Suite should pass a simple test" name="Example Test Suite should pass a simple test" time="0.004">
    </testcase>
  </testsuite>
  <testsuite name="ChartGenerator" errors="0" failures="0" skipped="0" timestamp="2025-06-14T11:59:06" time="0.366" tests="3">
    <testcase classname="ChartGenerator creates SVG chart" name="ChartGenerator creates SVG chart" time="0.002">
    </testcase>
    <testcase classname="ChartGenerator creates JSON chart" name="ChartGenerator creates JSON chart" time="0.001">
    </testcase>
    <testcase classname="ChartGenerator creates dashboard" name="ChartGenerator creates dashboard" time="0.001">
    </testcase>
  </testsuite>
  <testsuite name="generateInsights" errors="0" failures="0" skipped="0" timestamp="2025-06-14T11:59:06" time="0.363" tests="1">
    <testcase classname="generateInsights returns expected structure" name="generateInsights returns expected structure" time="0.005">
    </testcase>
  </testsuite>
  <testsuite name="BatchProcessor" errors="0" failures="0" skipped="0" timestamp="2025-06-14T11:59:06" time="0.392" tests="1">
    <testcase classname="BatchProcessor processes a batch of product descriptions" name="BatchProcessor processes a batch of product descriptions" time="0.004">
    </testcase>
  </testsuite>
  <testsuite name="Vision Utilities" errors="0" failures="0" skipped="0" timestamp="2025-06-14T11:59:06" time="0.356" tests="2">
    <testcase classname="Vision Utilities should analyze thumbnail and return valid features" name="Vision Utilities should analyze thumbnail and return valid features" time="0.013">
    </testcase>
    <testcase classname="Vision Utilities should analyze video content and return pacing and drop-off points" name="Vision Utilities should analyze video content and return pacing and drop-off points" time="0.003">
    </testcase>
  </testsuite>
  <testsuite name="undefined" errors="0" failures="0" skipped="0" timestamp="2025-06-14T11:59:07" time="0.327" tests="1">
    <testcase classname=" 1 + 1 equals 2" name=" 1 + 1 equals 2" time="0.004">
    </testcase>
  </testsuite>
  <testsuite name="PlatformPoster classes" errors="0" failures="0" skipped="0" timestamp="2025-06-14T11:59:07" time="0.361" tests="3">
    <testcase classname="PlatformPoster classes TikTokPoster validates and schedules content" name="PlatformPoster classes TikTokPoster validates and schedules content" time="0.003">
    </testcase>
    <testcase classname="PlatformPoster classes InstagramPoster validates and schedules content" name="PlatformPoster classes InstagramPoster validates and schedules content" time="0.001">
    </testcase>
    <testcase classname="PlatformPoster classes YouTubePoster validates and schedules content" name="PlatformPoster classes YouTubePoster validates and schedules content" time="0.002">
    </testcase>
  </testsuite>
  <testsuite name="Simple Test" errors="0" failures="0" skipped="0" timestamp="2025-06-14T11:59:07" time="0.318" tests="1">
    <testcase classname="Simple Test should pass" name="Simple Test should pass" time="0.002">
    </testcase>
  </testsuite>
  <testsuite name="TikTokClient" errors="0" failures="0" skipped="0" timestamp="2025-06-14T11:59:07" time="0.326" tests="1">
    <testcase classname="TikTokClient should pass a simple test" name="TikTokClient should pass a simple test" time="0.003">
    </testcase>
  </testsuite>
  <testsuite name="EnhancedScannerService" errors="0" failures="3" skipped="0" timestamp="2025-06-14T11:58:47" time="27.977" tests="12">
    <testcase classname="EnhancedScannerService Platform initialization should initialize platform clients successfully" name="EnhancedScannerService Platform initialization should initialize platform clients successfully" time="0.073">
    </testcase>
    <testcase classname="EnhancedScannerService Platform initialization should handle initialization with no platforms" name="EnhancedScannerService Platform initialization should handle initialization with no platforms" time="0.01">
    </testcase>
    <testcase classname="EnhancedScannerService Scan lifecycle should start a scan with valid options" name="EnhancedScannerService Scan lifecycle should start a scan with valid options" time="0.02">
    </testcase>
    <testcase classname="EnhancedScannerService Scan lifecycle should retrieve scan results from cache" name="EnhancedScannerService Scan lifecycle should retrieve scan results from cache" time="0.007">
    </testcase>
    <testcase classname="EnhancedScannerService Scan lifecycle should return scan result from memory if not in cache" name="EnhancedScannerService Scan lifecycle should return scan result from memory if not in cache" time="0.015">
    </testcase>
    <testcase classname="EnhancedScannerService Resilience features should handle circuit breaker on platform failure" name="EnhancedScannerService Resilience features should handle circuit breaker on platform failure" time="14.259">
      <failure>Error: expect(received).rejects.toThrow(expected)

Expected pattern: /Service unavailable: instagram API is currently unavailable/
Received message: &quot;Cannot read properties of undefined (reading &apos;data&apos;)&quot;

      487 |         }
      488 |         const result = await client.getUserPosts(userId, lookbackDays);
    &gt; 489 |         return Array.isArray(result) ? result : result.data;
          |                                                        ^
      490 |       }, 3);
      491 |       await this.cacheSystem.set(&apos;posts&apos;, cacheKey, posts, {
      492 |         tags: [&apos;posts&apos;, `platform:${platform}`, `user:${userId}`],

      at src/app/workflows/data_collection/functions/EnhancedScannerService.ts:489:56
      at EnhancedScannerService.withRetry (src/app/workflows/data_collection/functions/EnhancedScannerService.ts:247:16)
      at EnhancedScannerService.getUserPosts (src/app/workflows/data_collection/functions/EnhancedScannerService.ts:483:21)
      at Object.&lt;anonymous&gt; (src/app/workflows/data_collection/functions/__tests__/EnhancedScannerService.test.ts:187:7)
    at Object.toThrow (C:\Users\Cheem\OneDrive\Coding\clipsCommerce\node_modules\expect\build\index.js:218:22)
    at Object.&lt;anonymous&gt; (C:\Users\Cheem\OneDrive\Coding\clipsCommerce\src\app\workflows\data_collection\functions\__tests__\EnhancedScannerService.test.ts:187:101)</failure>
    </testcase>
    <testcase classname="EnhancedScannerService Resilience features should use cache when available" name="EnhancedScannerService Resilience features should use cache when available" time="6.913">
      <failure>TypeError: Cannot read properties of undefined (reading &apos;data&apos;)
    at C:\Users\Cheem\OneDrive\Coding\clipsCommerce\src\app\workflows\data_collection\functions\EnhancedScannerService.ts:489:56
    at EnhancedScannerService.withRetry (C:\Users\Cheem\OneDrive\Coding\clipsCommerce\src\app\workflows\data_collection\functions\EnhancedScannerService.ts:247:16)
    at EnhancedScannerService.getUserPosts (C:\Users\Cheem\OneDrive\Coding\clipsCommerce\src\app\workflows\data_collection\functions\EnhancedScannerService.ts:483:21)
    at Object.&lt;anonymous&gt; (C:\Users\Cheem\OneDrive\Coding\clipsCommerce\src\app\workflows\data_collection\functions\__tests__\EnhancedScannerService.test.ts:200:22)</failure>
    </testcase>
    <testcase classname="EnhancedScannerService Resilience features should invalidate cache by tags" name="EnhancedScannerService Resilience features should invalidate cache by tags" time="0.004">
    </testcase>
    <testcase classname="EnhancedScannerService Monitoring and metrics should wrap operations with monitoring" name="EnhancedScannerService Monitoring and metrics should wrap operations with monitoring" time="0.009">
    </testcase>
    <testcase classname="EnhancedScannerService Monitoring and metrics should emit events on scan state changes" name="EnhancedScannerService Monitoring and metrics should emit events on scan state changes" time="0.007">
    </testcase>
    <testcase classname="EnhancedScannerService Performance analysis should handle empty post lists gracefully" name="EnhancedScannerService Performance analysis should handle empty post lists gracefully" time="0.113">
    </testcase>
    <testcase classname="EnhancedScannerService Integration Tests should initiate a scan across specified platforms" name="EnhancedScannerService Integration Tests should initiate a scan across specified platforms" time="0.002">
      <failure>Error: Property `initiateScan` does not exist in the provided object
    at ModuleMocker.spyOn (C:\Users\Cheem\OneDrive\Coding\clipsCommerce\node_modules\@jest\environment-jsdom-abstract\node_modules\jest-mock\build\index.js:593:13)
    at Object.&lt;anonymous&gt; (C:\Users\Cheem\OneDrive\Coding\clipsCommerce\src\app\workflows\data_collection\functions\__tests__\EnhancedScannerService.test.ts:304:12)
    at Promise.then.completed (C:\Users\Cheem\OneDrive\Coding\clipsCommerce\node_modules\jest-circus\build\utils.js:298:28)
    at new Promise (&lt;anonymous&gt;)
    at callAsyncCircusFn (C:\Users\Cheem\OneDrive\Coding\clipsCommerce\node_modules\jest-circus\build\utils.js:231:10)
    at _callCircusTest (C:\Users\Cheem\OneDrive\Coding\clipsCommerce\node_modules\jest-circus\build\run.js:316:40)
    at _runTest (C:\Users\Cheem\OneDrive\Coding\clipsCommerce\node_modules\jest-circus\build\run.js:252:3)
    at _runTestsForDescribeBlock (C:\Users\Cheem\OneDrive\Coding\clipsCommerce\node_modules\jest-circus\build\run.js:126:9)
    at _runTestsForDescribeBlock (C:\Users\Cheem\OneDrive\Coding\clipsCommerce\node_modules\jest-circus\build\run.js:121:9)
    at _runTestsForDescribeBlock (C:\Users\Cheem\OneDrive\Coding\clipsCommerce\node_modules\jest-circus\build\run.js:121:9)
    at run (C:\Users\Cheem\OneDrive\Coding\clipsCommerce\node_modules\jest-circus\build\run.js:71:3)
    at runAndTransformResultsToJestFormat (C:\Users\Cheem\OneDrive\Coding\clipsCommerce\node_modules\jest-circus\build\legacy-code-todo-rewrite\jestAdapterInit.js:122:21)
    at jestAdapter (C:\Users\Cheem\OneDrive\Coding\clipsCommerce\node_modules\jest-circus\build\legacy-code-todo-rewrite\jestAdapter.js:79:19)
    at runTestInternal (C:\Users\Cheem\OneDrive\Coding\clipsCommerce\node_modules\jest-runner\build\runTest.js:367:16)
    at runTest (C:\Users\Cheem\OneDrive\Coding\clipsCommerce\node_modules\jest-runner\build\runTest.js:444:34)
    at Object.worker (C:\Users\Cheem\OneDrive\Coding\clipsCommerce\node_modules\jest-runner\build\testWorker.js:106:12)</failure>
    </testcase>
  </testsuite>
</testsuites>